Job 210475  tache 0  eps=0.05  noeud=node4-26
cpus-per-task=4  debut=Mon Jun 29 13:12:44 CEST 2026
numpy 1.21.5 scipy 1.9.1
======================================================================
 PD detaillee  eps=0.05  -> /Work/Users/tlenoir/genial/Robustesse/Vieillissement8/DP/figures_pareto_meso/eps_0p05
======================================================================
   [DP rebuild #1] an 0  pas 0  SoH_bat=1.000  Pfc=1753W  Pely=18430W  (210s)
   [DP rebuild #2] an 1  pas 8760  SoH_bat=0.941  Pfc=1553W  Pely=18313W  (210s)
   [DP rebuild #3] an 2  pas 17520  SoH_bat=0.877  Pfc=1540W  Pely=18202W  (210s)
   [DP rebuild #4] an 3  pas 26280  SoH_bat=0.815  Pfc=1435W  Pely=18101W  (210s)
   [DP rebuild #5] an 3  pas 32313  SoH_bat=0.772  Pfc=1753W  Pely=18052W  (210s)
   [DP rebuild #6] an 4  pas 35040  SoH_bat=0.753  Pfc=1701W  Pely=18037W  (208s)
   [DP rebuild #7] an 4  pas 43007  SoH_bat=1.000  Pfc=1602W  Pely=17990W  (210s)
   [DP rebuild #8] an 5  pas 43800  SoH_bat=0.995  Pfc=1587W  Pely=17982W  (212s)
   [DP rebuild #9] an 6  pas 52560  SoH_bat=0.931  Pfc=1448W  Pely=17866W  (212s)
   [DP rebuild #10] an 6  pas 57801  SoH_bat=0.893  Pfc=1753W  Pely=17796W  (212s)
   [DP rebuild #11] an 7  pas 61320  SoH_bat=0.868  Pfc=1679W  Pely=17768W  (212s)
   [DP rebuild #12] an 8  pas 70080  SoH_bat=0.808  Pfc=1527W  Pely=17684W  (212s)
   [DP rebuild #13] an 9  pas 78840  SoH_bat=0.746  Pfc=1456W  Pely=17620W  (212s)
   [DP rebuild #14] an 9  pas 85470  SoH_bat=1.000  Pfc=1418W  Pely=17586W  (213s)
   [DP rebuild #15] an 10  pas 87600  SoH_bat=0.983  Pfc=1396W  Pely=17565W  (214s)
   [DP rebuild #16] an 10  pas 87733  SoH_bat=0.983  Pfc=1753W  Pely=17561W  (213s)
   [DP rebuild #17] an 11  pas 96360  SoH_bat=0.924  Pfc=1561W  Pely=17454W  (212s)
   [DP rebuild #18] an 12  pas 105120  SoH_bat=0.860  Pfc=1441W  Pely=17354W  (212s)
   [DP rebuild #19] an 12  pas 111872  SoH_bat=0.810  Pfc=1753W  Pely=17296W  (211s)
   [DP rebuild #20] an 13  pas 113880  SoH_bat=0.796  Pfc=1709W  Pely=17283W  (211s)
   [DP rebuild #21] an 14  pas 122640  SoH_bat=0.737  Pfc=1563W  Pely=17227W  (211s)
   [DP rebuild #22] an 14  pas 128041  SoH_bat=1.000  Pfc=1512W  Pely=17201W  (211s)
   [DP rebuild #23] an 15  pas 131400  SoH_bat=0.973  Pfc=1467W  Pely=17168W  (211s)
   [DP rebuild #24] an 15  pas 138163  SoH_bat=0.922  Pfc=1753W  Pely=17087W  (211s)
   [DP rebuild #25] an 16  pas 140160  SoH_bat=0.908  Pfc=1711W  Pely=17073W  (215s)
   [DP rebuild #26] an 17  pas 148920  SoH_bat=0.846  Pfc=1540W  Pely=16992W  (225s)
   [DP rebuild #27] an 18  pas 157680  SoH_bat=0.783  Pfc=1452W  Pely=16924W  (223s)
   [DP rebuild #28] an 19  pas 166440  SoH_bat=0.720  Pfc=1408W  Pely=16880W  (209s)
   [DP rebuild #29] an 19  pas 167973  SoH_bat=0.711  Pfc=1753W  Pely=16874W  (207s)
   [DP rebuild #30] an 19  pas 169623  SoH_bat=1.000  Pfc=1722W  Pely=16865W  (207s)
   [DP rebuild #31] an 20  pas 175200  SoH_bat=0.957  Pfc=1604W  Pely=16801W  (207s)
   [DP rebuild #32] an 21  pas 183960  SoH_bat=0.893  Pfc=1467W  Pely=16713W  (207s)
   [DP rebuild #33] an 21  pas 192526  SoH_bat=0.828  Pfc=1753W  Pely=16641W  (209s)
   [DP rebuild #34] an 22  pas 192720  SoH_bat=0.827  Pfc=1750W  Pely=16641W  (219s)
   [DP rebuild #35] an 23  pas 201480  SoH_bat=0.766  Pfc=1584W  Pely=16584W  (231s)
   [DP rebuild #36] an 24  pas 210240  SoH_bat=0.705  Pfc=1512W  Pely=16545W  (223s)
   [DP rebuild #37] an 24  pas 211138  SoH_bat=1.000  Pfc=1501W  Pely=16542W  (212s)

[reproduction eps=0.05]  LPSP 16.8490%  deg 49.283 kE  (7937s, 37 rebuilds)
   stocke (npz)       LPSP 16.8490%  deg 49.283 kE  -> dLPSP +0.0000  ddeg +0.000
LPSP : 16.848979377714553 (%)
Dégradations :  49282.63182480314 (EUR)
  BoP (installation) : 40714 EUR  |  dégradation actualisée (r=5%, N=25 ans, AF=0.564) : 27784 EUR
  NPC (coût total de possession) : 68497 EUR  =  68.5 k€
  Énergie non fournie : 46062 kWh  |  coût d'indisponibilité (VOLL=5.0 €/kWh, actualisé) : 129839 EUR
  COÛT TOTAL (NPC + indisponibilité) : 198336 EUR  =  198.3 k€
 figures eps=0.05 -> /Work/Users/tlenoir/genial/Robustesse/Vieillissement8/DP/figures_pareto_meso/eps_0p05\Figures\218999h\

real	132m59.183s
user	132m23.871s
sys	0m2.012s
fin=Mon Jun 29 15:25:44 CEST 2026
