Job 214530  noeud=node4-11  args=
cpus-per-task=32  debut=jeu. juil.  9 13:31:02 CEST 2026
numpy 1.21.5 scipy 1.9.1
=== VALEUR DE L'INFORMATION SoH -- boucle fermee vs boucle ouverte ===
    horizon=25 ans | N_MC=200 | multiplicateurs U_log[0.50, 2.00] | seed=2026 | VoLL=3.0

--- Programme nominal absent -> run RB2(SoH) monde nominal (25 ans)...
    programme enregistre : /Work/Users/tlenoir/genial/Robustesse/Vieillissement9/valeur_info_sched_25y.npz (30s)

--- 603 runs (32 workers) ---
  [  1/603] RB2        draw=-1  LPSP  3.2499%  deg   57.548  unifie   84.201 kEUR
  [  2/603] RB2(Sched) draw=-1  LPSP  2.9099%  deg   58.024  unifie   81.889 kEUR
  [  3/603] RB2(SoH)   draw=-1  LPSP  2.9099%  deg   58.024  unifie   81.889 kEUR
  [  4/603] RB2        draw=0   LPSP  3.2617%  deg   93.658  unifie  120.408 kEUR
  [  5/603] RB2(Sched) draw=0   LPSP  2.9404%  deg   95.156  unifie  119.271 kEUR
  [  6/603] RB2(SoH)   draw=0   LPSP  2.9521%  deg   94.154  unifie  118.365 kEUR
  [  7/603] RB2        draw=1   LPSP  3.2815%  deg   76.172  unifie  103.085 kEUR
  [  8/603] RB2(Sched) draw=1   LPSP  2.9809%  deg   77.962  unifie  102.409 kEUR
  [  9/603] RB2(SoH)   draw=1   LPSP  3.0084%  deg   76.774  unifie  101.447 kEUR
  [ 10/603] RB2        draw=2   LPSP  3.2469%  deg   56.926  unifie   83.556 kEUR
  [ 11/603] RB2(Sched) draw=2   LPSP  2.9191%  deg   57.358  unifie   81.299 kEUR
  [ 12/603] RB2(SoH)   draw=2   LPSP  2.8267%  deg   57.482  unifie   80.665 kEUR
  [ 13/603] RB2        draw=3   LPSP  3.2475%  deg   59.965  unifie   86.599 kEUR
  [ 14/603] RB2(Sched) draw=3   LPSP  2.9351%  deg   60.425  unifie   84.497 kEUR
  [ 15/603] RB2(SoH)   draw=3   LPSP  2.8093%  deg   60.548  unifie   83.589 kEUR
  [ 16/603] RB2        draw=4   LPSP  3.2580%  deg   48.825  unifie   75.545 kEUR
  [ 17/603] RB2(Sched) draw=4   LPSP  2.9315%  deg   50.419  unifie   74.462 kEUR
  [ 18/603] RB2(SoH)   draw=4   LPSP  2.9652%  deg   49.382  unifie   73.701 kEUR
  [ 19/603] RB2        draw=5   LPSP  3.2716%  deg   51.497  unifie   78.328 kEUR
  [ 20/603] RB2(Sched) draw=5   LPSP  2.9508%  deg   53.302  unifie   77.502 kEUR
  [ 21/603] RB2(SoH)   draw=5   LPSP  3.0073%  deg   51.956  unifie   76.620 kEUR
  [ 22/603] RB2        draw=6   LPSP  3.2602%  deg   70.474  unifie   97.212 kEUR
  [ 23/603] RB2(Sched) draw=6   LPSP  2.9523%  deg   70.919  unifie   95.132 kEUR
  [ 24/603] RB2(SoH)   draw=6   LPSP  2.8130%  deg   71.054  unifie   94.124 kEUR
  [ 25/603] RB2        draw=7   LPSP  3.2583%  deg   69.273  unifie   95.996 kEUR
  [ 26/603] RB2(Sched) draw=7   LPSP  2.9263%  deg   69.764  unifie   93.763 kEUR
  [ 27/603] RB2(SoH)   draw=7   LPSP  2.9064%  deg   69.809  unifie   93.645 kEUR
  [ 28/603] RB2        draw=8   LPSP  3.2371%  deg   55.042  unifie   81.591 kEUR
  [ 29/603] RB2(Sched) draw=8   LPSP  2.9276%  deg   55.519  unifie   79.530 kEUR
  [ 30/603] RB2(SoH)   draw=8   LPSP  2.8355%  deg   55.592  unifie   78.847 kEUR
  [ 31/603] RB2        draw=9   LPSP  3.2744%  deg   51.342  unifie   78.197 kEUR
  [ 32/603] RB2(Sched) draw=9   LPSP  2.9559%  deg   52.258  unifie   76.500 kEUR
  [ 33/603] RB2(SoH)   draw=9   LPSP  3.0136%  deg   51.619  unifie   76.335 kEUR
  [ 34/603] RB2        draw=10  LPSP  3.2832%  deg   43.326  unifie   70.253 kEUR
  [ 35/603] RB2(Sched) draw=10  LPSP  2.9571%  deg   45.001  unifie   69.254 kEUR
  [ 36/603] RB2(SoH)   draw=10  LPSP  3.0115%  deg   43.905  unifie   68.603 kEUR
  [ 37/603] RB2        draw=11  LPSP  3.2364%  deg   39.607  unifie   66.150 kEUR
  [ 38/603] RB2(Sched) draw=11  LPSP  2.9135%  deg   40.112  unifie   64.007 kEUR
  [ 39/603] RB2(SoH)   draw=11  LPSP  2.8921%  deg   40.134  unifie   63.853 kEUR
  [ 40/603] RB2        draw=12  LPSP  3.2728%  deg   96.473  unifie  123.314 kEUR
  [ 41/603] RB2(Sched) draw=12  LPSP  2.9442%  deg   98.290  unifie  122.436 kEUR
  [ 42/603] RB2(SoH)   draw=12  LPSP  2.9592%  deg   96.978  unifie  121.247 kEUR
  [ 43/603] RB2        draw=13  LPSP  3.2645%  deg   93.476  unifie  120.250 kEUR
  [ 44/603] RB2(Sched) draw=13  LPSP  2.9378%  deg   94.380  unifie  118.475 kEUR
  [ 45/603] RB2(SoH)   draw=13  LPSP  2.9399%  deg   94.081  unifie  118.192 kEUR
  [ 46/603] RB2        draw=14  LPSP  3.2574%  deg   77.301  unifie  104.017 kEUR
  [ 47/603] RB2(Sched) draw=14  LPSP  2.9559%  deg   77.803  unifie  102.046 kEUR
  [ 48/603] RB2(SoH)   draw=14  LPSP  2.8815%  deg   77.875  unifie  101.507 kEUR
  [ 49/603] RB2        draw=15  LPSP  3.2821%  deg   50.790  unifie   77.708 kEUR
  [ 50/603] RB2(Sched) draw=15  LPSP  2.9414%  deg   52.113  unifie   76.237 kEUR
  [ 51/603] RB2(SoH)   draw=15  LPSP  3.0288%  deg   51.163  unifie   76.004 kEUR
  [ 52/603] RB2        draw=16  LPSP  3.2500%  deg   44.137  unifie   70.791 kEUR
  [ 53/603] RB2(Sched) draw=16  LPSP  2.9108%  deg   44.699  unifie   68.571 kEUR
  [ 54/603] RB2(SoH)   draw=16  LPSP  2.9355%  deg   44.559  unifie   68.635 kEUR
  [ 55/603] RB2        draw=17  LPSP  3.2394%  deg   39.502  unifie   66.070 kEUR
  [ 56/603] RB2(Sched) draw=17  LPSP  2.9050%  deg   39.866  unifie   63.691 kEUR
  [ 57/603] RB2(SoH)   draw=17  LPSP  2.8427%  deg   39.929  unifie   63.243 kEUR
  [ 58/603] RB2        draw=18  LPSP  3.2761%  deg   78.287  unifie  105.155 kEUR
  [ 59/603] RB2(Sched) draw=18  LPSP  2.9640%  deg   79.789  unifie  104.098 kEUR
  [ 60/603] RB2(SoH)   draw=18  LPSP  3.0201%  deg   78.796  unifie  103.565 kEUR
  [ 61/603] RB2        draw=19  LPSP  3.2719%  deg   71.968  unifie   98.802 kEUR
  [ 62/603] RB2(Sched) draw=19  LPSP  2.9563%  deg   72.531  unifie   96.777 kEUR
  [ 63/603] RB2(SoH)   draw=19  LPSP  2.8901%  deg   72.621  unifie   96.325 kEUR
  [ 64/603] RB2        draw=20  LPSP  3.2392%  deg   36.022  unifie   62.589 kEUR
  [ 65/603] RB2(Sched) draw=20  LPSP  2.9153%  deg   36.424  unifie   60.334 kEUR
  [ 66/603] RB2(SoH)   draw=20  LPSP  2.8179%  deg   36.520  unifie   59.631 kEUR
  [ 67/603] RB2        draw=21  LPSP  3.2334%  deg   43.676  unifie   70.195 kEUR
  [ 68/603] RB2(Sched) draw=21  LPSP  2.9175%  deg   45.214  unifie   69.142 kEUR
  [ 69/603] RB2(SoH)   draw=21  LPSP  2.9427%  deg   44.220  unifie   68.354 kEUR
  [ 70/603] RB2        draw=22  LPSP  3.2777%  deg   65.929  unifie   92.811 kEUR
  [ 71/603] RB2(Sched) draw=22  LPSP  2.9416%  deg   67.354  unifie   91.480 kEUR
  [ 72/603] RB2(SoH)   draw=22  LPSP  3.0062%  deg   66.354  unifie   91.009 kEUR
  [ 73/603] RB2        draw=23  LPSP  3.2316%  deg   43.422  unifie   69.926 kEUR
  [ 74/603] RB2(Sched) draw=23  LPSP  2.9047%  deg   44.832  unifie   68.654 kEUR
  [ 75/603] RB2(SoH)   draw=23  LPSP  2.9164%  deg   43.737  unifie   67.655 kEUR
  [ 76/603] RB2        draw=24  LPSP  3.2664%  deg   98.871  unifie  125.660 kEUR
  [ 77/603] RB2(Sched) draw=24  LPSP  2.9421%  deg  100.396  unifie  124.526 kEUR
  [ 78/603] RB2(SoH)   draw=24  LPSP  2.9277%  deg   99.339  unifie  123.350 kEUR
  [ 79/603] RB2        draw=25  LPSP  3.2628%  deg   73.901  unifie  100.661 kEUR
  [ 80/603] RB2(Sched) draw=25  LPSP  2.9293%  deg   75.590  unifie   99.615 kEUR
  [ 81/603] RB2(SoH)   draw=25  LPSP  2.9987%  deg   74.320  unifie   98.913 kEUR
  [ 82/603] RB2        draw=26  LPSP  3.2677%  deg   66.563  unifie   93.362 kEUR
  [ 83/603] RB2(Sched) draw=26  LPSP  2.9400%  deg   67.161  unifie   91.273 kEUR
  [ 84/603] RB2(SoH)   draw=26  LPSP  2.8012%  deg   67.369  unifie   90.343 kEUR
  [ 85/603] RB2        draw=27  LPSP  3.2667%  deg   58.663  unifie   85.454 kEUR
  [ 86/603] RB2(Sched) draw=27  LPSP  2.9387%  deg   59.884  unifie   83.985 kEUR
  [ 87/603] RB2(SoH)   draw=27  LPSP  3.0069%  deg   59.076  unifie   83.737 kEUR
  [ 88/603] RB2        draw=28  LPSP  3.2594%  deg   45.413  unifie   72.145 kEUR
  [ 89/603] RB2(Sched) draw=28  LPSP  2.9208%  deg   46.617  unifie   70.572 kEUR
  [ 90/603] RB2(SoH)   draw=28  LPSP  2.9948%  deg   45.874  unifie   70.436 kEUR
  [ 91/603] RB2        draw=29  LPSP  3.2728%  deg   95.648  unifie  122.489 kEUR
  [ 92/603] RB2(Sched) draw=29  LPSP  2.9414%  deg   96.975  unifie  121.099 kEUR
  [ 93/603] RB2(SoH)   draw=29  LPSP  2.9646%  deg   96.191  unifie  120.506 kEUR
  [ 94/603] RB2        draw=30  LPSP  3.2414%  deg   42.030  unifie   68.615 kEUR
  [ 95/603] RB2(Sched) draw=30  LPSP  2.9367%  deg   42.374  unifie   66.459 kEUR
  [ 96/603] RB2(SoH)   draw=30  LPSP  2.8290%  deg   42.450  unifie   65.652 kEUR
  [ 97/603] RB2        draw=31  LPSP  3.2682%  deg   62.073  unifie   88.877 kEUR
  [ 98/603] RB2(Sched) draw=31  LPSP  2.9361%  deg   63.379  unifie   87.459 kEUR
  [ 99/603] RB2(SoH)   draw=31  LPSP  2.9966%  deg   62.602  unifie   87.179 kEUR
  [100/603] RB2        draw=32  LPSP  3.2392%  deg   40.680  unifie   67.246 kEUR
  [101/603] RB2(Sched) draw=32  LPSP  2.8943%  deg   42.802  unifie   66.540 kEUR
  [102/603] RB2(SoH)   draw=32  LPSP  2.8985%  deg   41.047  unifie   64.819 kEUR
  [103/603] RB2        draw=33  LPSP  3.2544%  deg   67.858  unifie   94.549 kEUR
  [104/603] RB2(Sched) draw=33  LPSP  2.9454%  deg   68.311  unifie   92.468 kEUR
  [105/603] RB2(SoH)   draw=33  LPSP  2.8525%  deg   68.432  unifie   91.827 kEUR
  [106/603] RB2        draw=34  LPSP  3.2610%  deg   40.469  unifie   67.214 kEUR
  [107/603] RB2(Sched) draw=34  LPSP  2.9329%  deg   40.805  unifie   64.858 kEUR
  [108/603] RB2(SoH)   draw=34  LPSP  2.9202%  deg   40.875  unifie   64.825 kEUR
  [109/603] RB2        draw=35  LPSP  3.2772%  deg   44.847  unifie   71.724 kEUR
  [110/603] RB2(Sched) draw=35  LPSP  2.9366%  deg   45.964  unifie   70.048 kEUR
  [111/603] RB2(SoH)   draw=35  LPSP  2.9508%  deg   45.108  unifie   69.310 kEUR
  [112/603] RB2        draw=36  LPSP  3.2687%  deg  104.564  unifie  131.372 kEUR
  [113/603] RB2(Sched) draw=36  LPSP  2.9703%  deg  106.534  unifie  130.894 kEUR
  [114/603] RB2(SoH)   draw=36  LPSP  2.9641%  deg  105.074  unifie  129.384 kEUR
  [115/603] RB2        draw=37  LPSP  3.2609%  deg   44.102  unifie   70.846 kEUR
  [116/603] RB2(Sched) draw=37  LPSP  2.9328%  deg   45.273  unifie   69.327 kEUR
  [117/603] RB2(SoH)   draw=37  LPSP  3.0017%  deg   44.514  unifie   69.132 kEUR
  [118/603] RB2        draw=38  LPSP  3.2861%  deg  109.773  unifie  136.724 kEUR
  [119/603] RB2(Sched) draw=38  LPSP  2.9426%  deg  111.652  unifie  135.786 kEUR
  [120/603] RB2(SoH)   draw=38  LPSP  2.9671%  deg  110.356  unifie  134.690 kEUR
  [121/603] RB2        draw=39  LPSP  3.2544%  deg   52.296  unifie   78.987 kEUR
  [122/603] RB2(Sched) draw=39  LPSP  2.9286%  deg   52.754  unifie   76.773 kEUR
  [123/603] RB2(SoH)   draw=39  LPSP  2.8576%  deg   52.827  unifie   76.264 kEUR
  [124/603] RB2        draw=40  LPSP  3.2714%  deg   79.980  unifie  106.811 kEUR
  [125/603] RB2(Sched) draw=40  LPSP  2.9429%  deg   81.917  unifie  106.053 kEUR
  [126/603] RB2(SoH)   draw=40  LPSP  2.9608%  deg   80.505  unifie  104.787 kEUR
  [127/603] RB2        draw=41  LPSP  3.2551%  deg   62.278  unifie   88.974 kEUR
  [128/603] RB2(Sched) draw=41  LPSP  2.9271%  deg   63.939  unifie   87.946 kEUR
  [129/603] RB2(SoH)   draw=41  LPSP  2.9337%  deg   62.802  unifie   86.862 kEUR
  [130/603] RB2        draw=42  LPSP  3.2764%  deg   77.473  unifie  104.344 kEUR
  [131/603] RB2(Sched) draw=42  LPSP  2.9436%  deg   78.602  unifie  102.744 kEUR
  [132/603] RB2(SoH)   draw=42  LPSP  3.0326%  deg   77.909  unifie  102.780 kEUR
  [133/603] RB2        draw=43  LPSP  3.2504%  deg   51.608  unifie   78.265 kEUR
  [134/603] RB2(Sched) draw=43  LPSP  2.9295%  deg   52.241  unifie   76.268 kEUR
  [135/603] RB2(SoH)   draw=43  LPSP  2.9477%  deg   52.013  unifie   76.189 kEUR
  [136/603] RB2        draw=44  LPSP  3.2664%  deg   90.115  unifie  116.904 kEUR
  [137/603] RB2(Sched) draw=44  LPSP  2.9240%  deg   92.262  unifie  116.243 kEUR
  [138/603] RB2(SoH)   draw=44  LPSP  2.9452%  deg   90.664  unifie  114.819 kEUR
  [139/603] RB2        draw=45  LPSP  3.2911%  deg   86.360  unifie  113.352 kEUR
  [140/603] RB2(Sched) draw=45  LPSP  2.9402%  deg   87.676  unifie  111.789 kEUR
  [141/603] RB2(SoH)   draw=45  LPSP  2.9589%  deg   86.901  unifie  111.168 kEUR
  [142/603] RB2        draw=46  LPSP  3.2793%  deg   89.179  unifie  116.074 kEUR
  [143/603] RB2(Sched) draw=46  LPSP  2.9466%  deg   89.771  unifie  113.937 kEUR
  [144/603] RB2(SoH)   draw=46  LPSP  2.9176%  deg   89.830  unifie  113.758 kEUR
  [145/603] RB2        draw=47  LPSP  3.2600%  deg   57.547  unifie   84.284 kEUR
  [146/603] RB2(Sched) draw=47  LPSP  2.9211%  deg   58.885  unifie   82.842 kEUR
  [147/603] RB2(SoH)   draw=47  LPSP  2.9673%  deg   57.984  unifie   82.320 kEUR
  [148/603] RB2        draw=48  LPSP  3.2675%  deg   49.245  unifie   76.044 kEUR
  [149/603] RB2(Sched) draw=48  LPSP  2.9448%  deg   51.438  unifie   75.590 kEUR
  [150/603] RB2(SoH)   draw=48  LPSP  2.9457%  deg   49.711  unifie   73.871 kEUR
  [151/603] RB2        draw=49  LPSP  3.2455%  deg   77.252  unifie  103.870 kEUR
  [152/603] RB2(Sched) draw=49  LPSP  2.9415%  deg   77.802  unifie  101.926 kEUR
  [153/603] RB2(SoH)   draw=49  LPSP  2.8071%  deg   77.971  unifie  100.993 kEUR
  [154/603] RB2        draw=50  LPSP  3.2484%  deg   45.968  unifie   72.610 kEUR
  [155/603] RB2(Sched) draw=50  LPSP  2.9253%  deg   47.043  unifie   71.035 kEUR
  [156/603] RB2(SoH)   draw=50  LPSP  3.0086%  deg   46.272  unifie   70.946 kEUR
  [157/603] RB2        draw=51  LPSP  3.2510%  deg   82.309  unifie  108.972 kEUR
  [158/603] RB2(Sched) draw=51  LPSP  2.9312%  deg   84.037  unifie  108.076 kEUR
  [159/603] RB2(SoH)   draw=51  LPSP  2.9631%  deg   82.801  unifie  107.103 kEUR
  [160/603] RB2        draw=52  LPSP  3.2382%  deg   52.097  unifie   78.655 kEUR
  [161/603] RB2(Sched) draw=52  LPSP  2.9280%  deg   52.664  unifie   76.677 kEUR
  [162/603] RB2(SoH)   draw=52  LPSP  2.8097%  deg   52.787  unifie   75.831 kEUR
  [163/603] RB2        draw=53  LPSP  3.2596%  deg   53.564  unifie   80.297 kEUR
  [164/603] RB2(Sched) draw=53  LPSP  2.9325%  deg   55.707  unifie   79.757 kEUR
  [165/603] RB2(SoH)   draw=53  LPSP  2.9441%  deg   53.944  unifie   78.090 kEUR
  [166/603] RB2        draw=54  LPSP  3.2435%  deg   48.384  unifie   74.986 kEUR
  [167/603] RB2(Sched) draw=54  LPSP  2.9263%  deg   48.738  unifie   72.738 kEUR
  [168/603] RB2(SoH)   draw=54  LPSP  2.7903%  deg   48.897  unifie   71.782 kEUR
  [169/603] RB2        draw=55  LPSP  3.2600%  deg   54.793  unifie   81.530 kEUR
  [170/603] RB2(Sched) draw=55  LPSP  2.9196%  deg   56.312  unifie   80.257 kEUR
  [171/603] RB2(SoH)   draw=55  LPSP  2.9654%  deg   55.177  unifie   79.497 kEUR
  [172/603] RB2        draw=56  LPSP  3.2539%  deg   70.567  unifie   97.254 kEUR
  [173/603] RB2(Sched) draw=56  LPSP  2.9244%  deg   72.396  unifie   96.380 kEUR
  [174/603] RB2(SoH)   draw=56  LPSP  2.9472%  deg   71.053  unifie   95.225 kEUR
  [175/603] RB2        draw=57  LPSP  3.2643%  deg   65.179  unifie   91.951 kEUR
  [176/603] RB2(Sched) draw=57  LPSP  2.9379%  deg   65.737  unifie   89.832 kEUR
  [177/603] RB2(SoH)   draw=57  LPSP  2.7897%  deg   65.930  unifie   88.810 kEUR
  [178/603] RB2        draw=58  LPSP  3.2623%  deg   94.327  unifie  121.082 kEUR
  [179/603] RB2(Sched) draw=58  LPSP  2.9550%  deg   96.346  unifie  120.582 kEUR
  [180/603] RB2(SoH)   draw=58  LPSP  2.9489%  deg   94.929  unifie  119.114 kEUR
  [181/603] RB2        draw=59  LPSP  3.2653%  deg   58.503  unifie   85.283 kEUR
  [182/603] RB2(Sched) draw=59  LPSP  2.9356%  deg   59.016  unifie   83.092 kEUR
  [183/603] RB2(SoH)   draw=59  LPSP  2.8075%  deg   59.198  unifie   82.223 kEUR
  [184/603] RB2        draw=60  LPSP  3.2814%  deg   45.146  unifie   72.059 kEUR
  [185/603] RB2(Sched) draw=60  LPSP  2.9584%  deg   45.521  unifie   69.784 kEUR
  [186/603] RB2(SoH)   draw=60  LPSP  2.8460%  deg   45.618  unifie   68.959 kEUR
  [187/603] RB2        draw=61  LPSP  3.2518%  deg   92.034  unifie  118.704 kEUR
  [188/603] RB2(Sched) draw=61  LPSP  2.9493%  deg   92.554  unifie  116.743 kEUR
  [189/603] RB2(SoH)   draw=61  LPSP  2.7929%  deg   92.771  unifie  115.677 kEUR
  [190/603] RB2        draw=62  LPSP  3.2763%  deg   71.318  unifie   98.188 kEUR
  [191/603] RB2(Sched) draw=62  LPSP  2.9420%  deg   71.761  unifie   95.889 kEUR
  [192/603] RB2(SoH)   draw=62  LPSP  2.9014%  deg   71.833  unifie   95.629 kEUR
  [193/603] RB2        draw=63  LPSP  3.2470%  deg   45.999  unifie   72.629 kEUR
  [194/603] RB2(Sched) draw=63  LPSP  2.9074%  deg   47.183  unifie   71.028 kEUR
  [195/603] RB2(SoH)   draw=63  LPSP  2.9665%  deg   46.329  unifie   70.658 kEUR
  [196/603] RB2        draw=64  LPSP  3.2941%  deg   52.585  unifie   79.600 kEUR
  [197/603] RB2(Sched) draw=64  LPSP  2.9643%  deg   53.578  unifie   77.889 kEUR
  [198/603] RB2(SoH)   draw=64  LPSP  3.0305%  deg   52.984  unifie   77.838 kEUR
  [199/603] RB2        draw=65  LPSP  3.2722%  deg   66.116  unifie   92.953 kEUR
  [200/603] RB2(Sched) draw=65  LPSP  2.9406%  deg   67.383  unifie   91.500 kEUR
  [201/603] RB2(SoH)   draw=65  LPSP  2.9722%  deg   66.529  unifie   90.906 kEUR
  [202/603] RB2        draw=66  LPSP  3.2418%  deg   38.498  unifie   65.086 kEUR
  [203/603] RB2(Sched) draw=66  LPSP  2.9116%  deg   39.548  unifie   63.428 kEUR
  [204/603] RB2(SoH)   draw=66  LPSP  2.9835%  deg   38.900  unifie   63.369 kEUR
  [205/603] RB2        draw=67  LPSP  3.2824%  deg   81.909  unifie  108.829 kEUR
  [206/603] RB2(Sched) draw=67  LPSP  2.9410%  deg   82.507  unifie  106.627 kEUR
  [207/603] RB2(SoH)   draw=67  LPSP  2.8592%  deg   82.640  unifie  106.090 kEUR
  [208/603] RB2        draw=68  LPSP  3.2532%  deg   41.098  unifie   67.779 kEUR
  [209/603] RB2(Sched) draw=68  LPSP  2.9308%  deg   41.545  unifie   65.581 kEUR
  [210/603] RB2(SoH)   draw=68  LPSP  2.8761%  deg   41.603  unifie   65.191 kEUR
  [211/603] RB2        draw=69  LPSP  3.2601%  deg   45.996  unifie   72.733 kEUR
  [212/603] RB2(Sched) draw=69  LPSP  2.9242%  deg   47.031  unifie   71.013 kEUR
  [213/603] RB2(SoH)   draw=69  LPSP  2.9525%  deg   46.325  unifie   70.540 kEUR
  [214/603] RB2        draw=70  LPSP  3.2750%  deg   67.964  unifie   94.824 kEUR
  [215/603] RB2(Sched) draw=70  LPSP  2.9266%  deg   69.808  unifie   93.810 kEUR
  [216/603] RB2(SoH)   draw=70  LPSP  2.9684%  deg   68.500  unifie   92.845 kEUR
  [217/603] RB2        draw=71  LPSP  3.2544%  deg   50.517  unifie   77.207 kEUR
  [218/603] RB2(Sched) draw=71  LPSP  2.9429%  deg   52.535  unifie   76.672 kEUR
  [219/603] RB2(SoH)   draw=71  LPSP  2.9421%  deg   50.886  unifie   75.015 kEUR
  [220/603] RB2        draw=72  LPSP  3.2466%  deg   54.483  unifie   81.110 kEUR
  [221/603] RB2(Sched) draw=72  LPSP  2.9487%  deg   55.552  unifie   79.735 kEUR
  [222/603] RB2(SoH)   draw=72  LPSP  2.9763%  deg   54.809  unifie   79.219 kEUR
  [223/603] RB2        draw=73  LPSP  3.2659%  deg   62.620  unifie   89.405 kEUR
  [224/603] RB2(Sched) draw=73  LPSP  2.9322%  deg   63.128  unifie   87.176 kEUR
  [225/603] RB2(SoH)   draw=73  LPSP  2.9172%  deg   63.122  unifie   87.047 kEUR
  [226/603] RB2        draw=74  LPSP  3.2702%  deg   51.185  unifie   78.005 kEUR
  [227/603] RB2(Sched) draw=74  LPSP  2.9412%  deg   52.759  unifie   76.881 kEUR
  [228/603] RB2(SoH)   draw=74  LPSP  2.9653%  deg   51.762  unifie   76.081 kEUR
  [229/603] RB2        draw=75  LPSP  3.2650%  deg   93.554  unifie  120.331 kEUR
  [230/603] RB2(Sched) draw=75  LPSP  2.9414%  deg   94.908  unifie  119.032 kEUR
  [231/603] RB2(SoH)   draw=75  LPSP  3.0005%  deg   94.067  unifie  118.676 kEUR
  [232/603] RB2        draw=76  LPSP  3.2558%  deg   71.250  unifie   97.952 kEUR
  [233/603] RB2(Sched) draw=76  LPSP  2.9314%  deg   71.680  unifie   95.722 kEUR
  [234/603] RB2(SoH)   draw=76  LPSP  2.8102%  deg   71.867  unifie   94.915 kEUR
  [235/603] RB2        draw=77  LPSP  3.2676%  deg   65.316  unifie   92.114 kEUR
  [236/603] RB2(Sched) draw=77  LPSP  2.9324%  deg   67.102  unifie   91.152 kEUR
  [237/603] RB2(SoH)   draw=77  LPSP  2.9965%  deg   65.760  unifie   90.336 kEUR
  [238/603] RB2        draw=78  LPSP  3.2666%  deg   50.264  unifie   77.054 kEUR
  [239/603] RB2(Sched) draw=78  LPSP  2.9390%  deg   50.635  unifie   74.740 kEUR
  [240/603] RB2(SoH)   draw=78  LPSP  2.8048%  deg   50.779  unifie   73.783 kEUR
  [241/603] RB2        draw=79  LPSP  3.2595%  deg   61.772  unifie   88.505 kEUR
  [242/603] RB2(Sched) draw=79  LPSP  2.9378%  deg   62.341  unifie   86.435 kEUR
  [243/603] RB2(SoH)   draw=79  LPSP  2.9187%  deg   62.341  unifie   86.278 kEUR
  [244/603] RB2        draw=80  LPSP  3.2669%  deg  100.268  unifie  127.062 kEUR
  [245/603] RB2(Sched) draw=80  LPSP  2.9738%  deg  100.863  unifie  125.253 kEUR
  [246/603] RB2(SoH)   draw=80  LPSP  2.9505%  deg  100.935  unifie  125.134 kEUR
  [247/603] RB2        draw=81  LPSP  3.2695%  deg   67.622  unifie   94.437 kEUR
  [248/603] RB2(Sched) draw=81  LPSP  2.9429%  deg   69.202  unifie   93.338 kEUR
  [249/603] RB2(SoH)   draw=81  LPSP  3.0009%  deg   68.223  unifie   92.835 kEUR
  [250/603] RB2        draw=82  LPSP  3.2626%  deg   71.929  unifie   98.687 kEUR
  [251/603] RB2(Sched) draw=82  LPSP  2.9490%  deg   72.950  unifie   97.137 kEUR
  [252/603] RB2(SoH)   draw=82  LPSP  3.0139%  deg   72.322  unifie   97.040 kEUR
  [253/603] RB2        draw=83  LPSP  3.2491%  deg   83.356  unifie  110.003 kEUR
  [254/603] RB2(Sched) draw=83  LPSP  2.9354%  deg   83.852  unifie  107.926 kEUR
  [255/603] RB2(SoH)   draw=83  LPSP  2.8077%  deg   84.045  unifie  107.072 kEUR
  [256/603] RB2        draw=84  LPSP  3.2809%  deg   37.474  unifie   64.382 kEUR
  [257/603] RB2(Sched) draw=84  LPSP  2.9468%  deg   37.834  unifie   62.002 kEUR
  [258/603] RB2(SoH)   draw=84  LPSP  2.8346%  deg   37.949  unifie   61.196 kEUR
  [259/603] RB2        draw=85  LPSP  3.2772%  deg   75.518  unifie  102.396 kEUR
  [260/603] RB2(Sched) draw=85  LPSP  2.9550%  deg   76.424  unifie  100.659 kEUR
  [261/603] RB2(SoH)   draw=85  LPSP  2.9435%  deg   76.121  unifie  100.263 kEUR
  [262/603] RB2        draw=86  LPSP  3.2488%  deg   63.502  unifie   90.147 kEUR
  [263/603] RB2(Sched) draw=86  LPSP  2.9258%  deg   63.991  unifie   87.986 kEUR
  [264/603] RB2(SoH)   draw=86  LPSP  2.8248%  deg   64.130  unifie   87.297 kEUR
  [265/603] RB2        draw=87  LPSP  3.2535%  deg   68.802  unifie   95.485 kEUR
  [266/603] RB2(Sched) draw=87  LPSP  2.9251%  deg   70.834  unifie   94.824 kEUR
  [267/603] RB2(SoH)   draw=87  LPSP  2.9430%  deg   69.330  unifie   93.466 kEUR
  [268/603] RB2        draw=88  LPSP  3.2766%  deg   86.093  unifie  112.966 kEUR
  [269/603] RB2(Sched) draw=88  LPSP  2.9362%  deg   87.368  unifie  111.450 kEUR
  [270/603] RB2(SoH)   draw=88  LPSP  2.9790%  deg   86.628  unifie  111.061 kEUR
  [271/603] RB2        draw=89  LPSP  3.2677%  deg   56.131  unifie   82.931 kEUR
  [272/603] RB2(Sched) draw=89  LPSP  2.9377%  deg   57.515  unifie   81.608 kEUR
  [273/603] RB2(SoH)   draw=89  LPSP  2.9325%  deg   56.493  unifie   80.543 kEUR
  [274/603] RB2        draw=90  LPSP  3.2583%  deg   79.426  unifie  106.149 kEUR
  [275/603] RB2(Sched) draw=90  LPSP  2.9243%  deg   81.203  unifie  105.186 kEUR
  [276/603] RB2(SoH)   draw=90  LPSP  2.9297%  deg   79.878  unifie  103.906 kEUR
  [277/603] RB2        draw=91  LPSP  3.2159%  deg   35.436  unifie   61.811 kEUR
  [278/603] RB2(Sched) draw=91  LPSP  2.8976%  deg   35.853  unifie   59.618 kEUR
  [279/603] RB2(SoH)   draw=91  LPSP  2.7898%  deg   35.959  unifie   58.839 kEUR
  [280/603] RB2        draw=92  LPSP  3.2756%  deg   81.160  unifie  108.024 kEUR
  [281/603] RB2(Sched) draw=92  LPSP  2.9592%  deg   81.702  unifie  105.972 kEUR
  [282/603] RB2(SoH)   draw=92  LPSP  2.8341%  deg   81.916  unifie  105.160 kEUR
  [283/603] RB2        draw=93  LPSP  3.2669%  deg  100.068  unifie  126.862 kEUR
  [284/603] RB2(Sched) draw=93  LPSP  2.9239%  deg  102.458  unifie  126.437 kEUR
  [285/603] RB2(SoH)   draw=93  LPSP  2.9575%  deg  100.733  unifie  124.988 kEUR
  [286/603] RB2        draw=94  LPSP  3.2887%  deg  101.702  unifie  128.674 kEUR
  [287/603] RB2(Sched) draw=94  LPSP  2.9697%  deg  102.446  unifie  126.802 kEUR
  [288/603] RB2(SoH)   draw=94  LPSP  2.8883%  deg  102.572  unifie  126.260 kEUR
  [289/603] RB2        draw=95  LPSP  3.2774%  deg   89.605  unifie  116.484 kEUR
  [290/603] RB2(Sched) draw=95  LPSP  2.9536%  deg   91.848  unifie  116.072 kEUR
  [291/603] RB2(SoH)   draw=95  LPSP  2.9527%  deg   90.046  unifie  114.262 kEUR
  [292/603] RB2        draw=96  LPSP  3.2402%  deg   37.611  unifie   64.185 kEUR
  [293/603] RB2(Sched) draw=96  LPSP  2.9221%  deg   38.007  unifie   61.973 kEUR
  [294/603] RB2(SoH)   draw=96  LPSP  2.8601%  deg   38.071  unifie   61.528 kEUR
  [295/603] RB2        draw=97  LPSP  3.2566%  deg   79.578  unifie  106.286 kEUR
  [296/603] RB2(Sched) draw=97  LPSP  2.9369%  deg   80.450  unifie  104.537 kEUR
  [297/603] RB2(SoH)   draw=97  LPSP  2.9391%  deg   80.113  unifie  104.218 kEUR
  [298/603] RB2        draw=98  LPSP  3.2689%  deg   81.584  unifie  108.394 kEUR
  [299/603] RB2(Sched) draw=98  LPSP  2.9406%  deg   83.442  unifie  107.559 kEUR
  [300/603] RB2(SoH)   draw=98  LPSP  2.9921%  deg   82.338  unifie  106.878 kEUR
  [301/603] RB2        draw=99  LPSP  3.2673%  deg   76.674  unifie  103.470 kEUR
  [302/603] RB2(Sched) draw=99  LPSP  2.9169%  deg   78.403  unifie  102.325 kEUR
  [303/603] RB2(SoH)   draw=99  LPSP  2.9826%  deg   77.154  unifie  101.616 kEUR
  [304/603] RB2        draw=100 LPSP  3.2447%  deg   51.730  unifie   78.341 kEUR
  [305/603] RB2(Sched) draw=100 LPSP  2.9208%  deg   52.132  unifie   76.087 kEUR
  [306/603] RB2(SoH)   draw=100 LPSP  2.8269%  deg   52.236  unifie   75.421 kEUR
  [307/603] RB2        draw=101 LPSP  3.2489%  deg   89.484  unifie  116.130 kEUR
  [308/603] RB2(Sched) draw=101 LPSP  2.9193%  deg   90.078  unifie  114.020 kEUR
  [309/603] RB2(SoH)   draw=101 LPSP  2.7713%  deg   90.343  unifie  113.071 kEUR
  [310/603] RB2        draw=102 LPSP  3.2502%  deg   84.168  unifie  110.824 kEUR
  [311/603] RB2(Sched) draw=102 LPSP  2.9225%  deg   84.647  unifie  108.616 kEUR
  [312/603] RB2(SoH)   draw=102 LPSP  2.8090%  deg   84.850  unifie  107.888 kEUR
  [313/603] RB2        draw=103 LPSP  3.2695%  deg   82.865  unifie  109.679 kEUR
  [314/603] RB2(Sched) draw=103 LPSP  2.9354%  deg   84.906  unifie  108.980 kEUR
  [315/603] RB2(SoH)   draw=103 LPSP  2.9392%  deg   83.364  unifie  107.470 kEUR
  [316/603] RB2        draw=104 LPSP  3.2549%  deg   37.314  unifie   64.009 kEUR
  [317/603] RB2(Sched) draw=104 LPSP  2.9354%  deg   37.711  unifie   61.785 kEUR
  [318/603] RB2(SoH)   draw=104 LPSP  2.7902%  deg   37.867  unifie   60.751 kEUR
  [319/603] RB2        draw=105 LPSP  3.2537%  deg   54.598  unifie   81.282 kEUR
  [320/603] RB2(Sched) draw=105 LPSP  2.9187%  deg   56.676  unifie   80.613 kEUR
  [321/603] RB2(SoH)   draw=105 LPSP  2.9356%  deg   55.049  unifie   79.125 kEUR
  [322/603] RB2        draw=106 LPSP  3.2491%  deg   57.571  unifie   84.219 kEUR
  [323/603] RB2(Sched) draw=106 LPSP  2.9279%  deg   58.072  unifie   82.085 kEUR
  [324/603] RB2(SoH)   draw=106 LPSP  2.7924%  deg   58.240  unifie   81.142 kEUR
  [325/603] RB2        draw=107 LPSP  3.2237%  deg   35.622  unifie   62.061 kEUR
  [326/603] RB2(Sched) draw=107 LPSP  2.9093%  deg   36.083  unifie   59.943 kEUR
  [327/603] RB2(SoH)   draw=107 LPSP  2.7736%  deg   36.222  unifie   58.969 kEUR
  [328/603] RB2        draw=108 LPSP  3.2552%  deg   68.604  unifie   95.302 kEUR
  [329/603] RB2(Sched) draw=108 LPSP  2.9346%  deg   70.603  unifie   94.671 kEUR
  [330/603] RB2(SoH)   draw=108 LPSP  2.9465%  deg   69.075  unifie   93.240 kEUR
  [331/603] RB2        draw=109 LPSP  3.2626%  deg   60.382  unifie   87.140 kEUR
  [332/603] RB2(Sched) draw=109 LPSP  2.9270%  deg   60.932  unifie   84.937 kEUR
  [333/603] RB2(SoH)   draw=109 LPSP  2.7750%  deg   61.126  unifie   83.885 kEUR
  [334/603] RB2        draw=110 LPSP  3.2712%  deg   77.988  unifie  104.816 kEUR
  [335/603] RB2(Sched) draw=110 LPSP  2.9480%  deg   78.995  unifie  103.173 kEUR
  [336/603] RB2(SoH)   draw=110 LPSP  2.9580%  deg   78.662  unifie  102.922 kEUR
  [337/603] RB2        draw=111 LPSP  3.2791%  deg   67.862  unifie   94.755 kEUR
  [338/603] RB2(Sched) draw=111 LPSP  2.9454%  deg   69.610  unifie   93.767 kEUR
  [339/603] RB2(SoH)   draw=111 LPSP  2.9702%  deg   68.309  unifie   92.669 kEUR
  [340/603] RB2        draw=112 LPSP  3.2157%  deg   38.140  unifie   64.513 kEUR
  [341/603] RB2(Sched) draw=112 LPSP  2.9051%  deg   38.590  unifie   62.416 kEUR
  [342/603] RB2(SoH)   draw=112 LPSP  2.8952%  deg   38.572  unifie   62.317 kEUR
  [343/603] RB2        draw=113 LPSP  3.2593%  deg   78.285  unifie  105.015 kEUR
  [344/603] RB2(Sched) draw=113 LPSP  2.9376%  deg   78.814  unifie  102.906 kEUR
  [345/603] RB2(SoH)   draw=113 LPSP  2.8778%  deg   78.877  unifie  102.479 kEUR
  [346/603] RB2        draw=114 LPSP  3.2521%  deg   41.145  unifie   67.817 kEUR
  [347/603] RB2(Sched) draw=114 LPSP  2.9471%  deg   41.482  unifie   65.652 kEUR
  [348/603] RB2(SoH)   draw=114 LPSP  2.8894%  deg   41.548  unifie   65.246 kEUR
  [349/603] RB2        draw=115 LPSP  3.2593%  deg   84.133  unifie  110.864 kEUR
  [350/603] RB2(Sched) draw=115 LPSP  2.9379%  deg   84.688  unifie  108.782 kEUR
  [351/603] RB2(SoH)   draw=115 LPSP  2.8516%  deg   84.806  unifie  108.193 kEUR
  [352/603] RB2        draw=116 LPSP  3.2341%  deg   49.648  unifie   76.172 kEUR
  [353/603] RB2(Sched) draw=116 LPSP  2.9053%  deg   50.912  unifie   74.740 kEUR
  [354/603] RB2(SoH)   draw=116 LPSP  2.9501%  deg   50.138  unifie   74.333 kEUR
  [355/603] RB2        draw=117 LPSP  3.2585%  deg   63.482  unifie   90.206 kEUR
  [356/603] RB2(Sched) draw=117 LPSP  2.9270%  deg   64.059  unifie   88.064 kEUR
  [357/603] RB2(SoH)   draw=117 LPSP  2.7871%  deg   64.247  unifie   87.105 kEUR
  [358/603] RB2        draw=118 LPSP  3.2495%  deg   52.747  unifie   79.397 kEUR
  [359/603] RB2(Sched) draw=118 LPSP  2.9284%  deg   53.138  unifie   77.155 kEUR
  [360/603] RB2(SoH)   draw=118 LPSP  2.8916%  deg   53.167  unifie   76.882 kEUR
  [361/603] RB2        draw=119 LPSP  3.2549%  deg   64.601  unifie   91.295 kEUR
  [362/603] RB2(Sched) draw=119 LPSP  2.9242%  deg   66.162  unifie   90.144 kEUR
  [363/603] RB2(SoH)   draw=119 LPSP  3.0080%  deg   65.055  unifie   89.725 kEUR
  [364/603] RB2        draw=120 LPSP  3.2686%  deg   60.424  unifie   87.231 kEUR
  [365/603] RB2(Sched) draw=120 LPSP  2.9535%  deg   61.731  unifie   85.954 kEUR
  [366/603] RB2(SoH)   draw=120 LPSP  2.9783%  deg   60.836  unifie   85.263 kEUR
  [367/603] RB2        draw=121 LPSP  3.2525%  deg   44.470  unifie   71.145 kEUR
  [368/603] RB2(Sched) draw=121 LPSP  2.9420%  deg   44.829  unifie   68.958 kEUR
  [369/603] RB2(SoH)   draw=121 LPSP  2.8888%  deg   44.848  unifie   68.541 kEUR
  [370/603] RB2        draw=122 LPSP  3.2613%  deg   67.179  unifie   93.927 kEUR
  [371/603] RB2(Sched) draw=122 LPSP  2.9293%  deg   67.621  unifie   91.646 kEUR
  [372/603] RB2(SoH)   draw=122 LPSP  2.8723%  deg   67.702  unifie   91.259 kEUR
  [373/603] RB2        draw=123 LPSP  3.2754%  deg   44.273  unifie   71.136 kEUR
  [374/603] RB2(Sched) draw=123 LPSP  2.9399%  deg   45.976  unifie   70.087 kEUR
  [375/603] RB2(SoH)   draw=123 LPSP  2.9744%  deg   44.639  unifie   69.034 kEUR
  [376/603] RB2        draw=124 LPSP  3.2604%  deg   59.883  unifie   86.623 kEUR
  [377/603] RB2(Sched) draw=124 LPSP  2.9367%  deg   60.313  unifie   84.398 kEUR
  [378/603] RB2(SoH)   draw=124 LPSP  2.8070%  deg   60.495  unifie   83.517 kEUR
  [379/603] RB2        draw=125 LPSP  3.2524%  deg   71.051  unifie   97.725 kEUR
  [380/603] RB2(Sched) draw=125 LPSP  2.9482%  deg   71.529  unifie   95.708 kEUR
  [381/603] RB2(SoH)   draw=125 LPSP  2.9096%  deg   71.569  unifie   95.431 kEUR
  [382/603] RB2        draw=126 LPSP  3.2652%  deg   73.025  unifie   99.804 kEUR
  [383/603] RB2(Sched) draw=126 LPSP  2.9363%  deg   73.552  unifie   97.634 kEUR
  [384/603] RB2(SoH)   draw=126 LPSP  2.8667%  deg   73.653  unifie   97.164 kEUR
  [385/603] RB2        draw=127 LPSP  3.2586%  deg   83.740  unifie  110.465 kEUR
  [386/603] RB2(Sched) draw=127 LPSP  2.9420%  deg   85.179  unifie  109.307 kEUR
  [387/603] RB2(SoH)   draw=127 LPSP  2.9873%  deg   84.218  unifie  108.718 kEUR
  [388/603] RB2        draw=128 LPSP  3.2461%  deg   61.316  unifie   87.938 kEUR
  [389/603] RB2(Sched) draw=128 LPSP  2.9265%  deg   63.387  unifie   87.388 kEUR
  [390/603] RB2(SoH)   draw=128 LPSP  2.9263%  deg   61.829  unifie   85.828 kEUR
  [391/603] RB2        draw=129 LPSP  3.2923%  deg  101.722  unifie  128.724 kEUR
  [392/603] RB2(Sched) draw=129 LPSP  2.9771%  deg  102.349  unifie  126.765 kEUR
  [393/603] RB2(SoH)   draw=129 LPSP  2.8981%  deg  102.465  unifie  126.233 kEUR
  [394/603] RB2        draw=130 LPSP  3.2662%  deg   38.421  unifie   65.209 kEUR
  [395/603] RB2(Sched) draw=130 LPSP  2.9441%  deg   38.734  unifie   62.880 kEUR
  [396/603] RB2(SoH)   draw=130 LPSP  2.8422%  deg   38.847  unifie   62.157 kEUR
  [397/603] RB2        draw=131 LPSP  3.2654%  deg   99.522  unifie  126.303 kEUR
  [398/603] RB2(Sched) draw=131 LPSP  2.9424%  deg  101.243  unifie  125.375 kEUR
  [399/603] RB2(SoH)   draw=131 LPSP  2.9366%  deg  100.176  unifie  124.260 kEUR
  [400/603] RB2        draw=132 LPSP  3.2564%  deg   45.560  unifie   72.267 kEUR
  [401/603] RB2(Sched) draw=132 LPSP  2.9409%  deg   45.976  unifie   70.095 kEUR
  [402/603] RB2(SoH)   draw=132 LPSP  2.9029%  deg   46.001  unifie   69.809 kEUR
  [403/603] RB2        draw=133 LPSP  3.2659%  deg   77.302  unifie  104.088 kEUR
  [404/603] RB2(Sched) draw=133 LPSP  2.9559%  deg   77.848  unifie  102.091 kEUR
  [405/603] RB2(SoH)   draw=133 LPSP  2.9313%  deg   77.883  unifie  101.924 kEUR
  [406/603] RB2        draw=134 LPSP  3.2219%  deg   33.159  unifie   59.583 kEUR
  [407/603] RB2(Sched) draw=134 LPSP  2.8927%  deg   33.513  unifie   57.238 kEUR
  [408/603] RB2(SoH)   draw=134 LPSP  2.7467%  deg   33.671  unifie   56.198 kEUR
  [409/603] RB2        draw=135 LPSP  3.2527%  deg   37.660  unifie   64.337 kEUR
  [410/603] RB2(Sched) draw=135 LPSP  2.9484%  deg   37.974  unifie   62.155 kEUR
  [411/603] RB2(SoH)   draw=135 LPSP  2.8999%  deg   38.030  unifie   61.814 kEUR
  [412/603] RB2        draw=136 LPSP  3.2380%  deg   49.212  unifie   75.769 kEUR
  [413/603] RB2(Sched) draw=136 LPSP  2.9042%  deg   50.344  unifie   74.163 kEUR
  [414/603] RB2(SoH)   draw=136 LPSP  2.9287%  deg   49.517  unifie   73.537 kEUR
  [415/603] RB2        draw=137 LPSP  3.2624%  deg   79.245  unifie  106.001 kEUR
  [416/603] RB2(Sched) draw=137 LPSP  2.9459%  deg   80.417  unifie  104.578 kEUR
  [417/603] RB2(SoH)   draw=137 LPSP  2.9486%  deg   79.648  unifie  103.830 kEUR
  [418/603] RB2        draw=138 LPSP  3.2688%  deg   87.718  unifie  114.527 kEUR
  [419/603] RB2(Sched) draw=138 LPSP  2.9555%  deg   89.188  unifie  113.427 kEUR
  [420/603] RB2(SoH)   draw=138 LPSP  2.9886%  deg   88.177  unifie  112.688 kEUR
  [421/603] RB2        draw=139 LPSP  3.2778%  deg   64.997  unifie   91.880 kEUR
  [422/603] RB2(Sched) draw=139 LPSP  2.9582%  deg   65.399  unifie   89.661 kEUR
  [423/603] RB2(SoH)   draw=139 LPSP  2.8624%  deg   65.500  unifie   88.976 kEUR
  [424/603] RB2        draw=140 LPSP  3.2516%  deg   45.356  unifie   72.024 kEUR
  [425/603] RB2(Sched) draw=140 LPSP  2.9300%  deg   46.558  unifie   70.588 kEUR
  [426/603] RB2(SoH)   draw=140 LPSP  2.9594%  deg   45.778  unifie   70.049 kEUR
  [427/603] RB2        draw=141 LPSP  3.2761%  deg   81.037  unifie  107.906 kEUR
  [428/603] RB2(Sched) draw=141 LPSP  2.9467%  deg   82.527  unifie  106.693 kEUR
  [429/603] RB2(SoH)   draw=141 LPSP  2.9774%  deg   81.604  unifie  106.023 kEUR
  [430/603] RB2        draw=142 LPSP  3.2692%  deg   80.935  unifie  107.748 kEUR
  [431/603] RB2(Sched) draw=142 LPSP  2.9451%  deg   81.382  unifie  105.536 kEUR
  [432/603] RB2(SoH)   draw=142 LPSP  2.9207%  deg   81.425  unifie  105.379 kEUR
  [433/603] RB2        draw=143 LPSP  3.2784%  deg   45.849  unifie   72.737 kEUR
  [434/603] RB2(Sched) draw=143 LPSP  2.9550%  deg   47.654  unifie   71.890 kEUR
  [435/603] RB2(SoH)   draw=143 LPSP  2.9601%  deg   46.133  unifie   70.410 kEUR
  [436/603] RB2        draw=144 LPSP  3.2549%  deg   58.575  unifie   85.269 kEUR
  [437/603] RB2(Sched) draw=144 LPSP  2.9222%  deg   60.017  unifie   83.983 kEUR
  [438/603] RB2(SoH)   draw=144 LPSP  2.9370%  deg   59.038  unifie   83.125 kEUR
  [439/603] RB2        draw=145 LPSP  3.2575%  deg   82.636  unifie  109.352 kEUR
  [440/603] RB2(Sched) draw=145 LPSP  2.9352%  deg   83.204  unifie  107.276 kEUR
  [441/603] RB2(SoH)   draw=145 LPSP  2.8863%  deg   83.248  unifie  106.920 kEUR
  [442/603] RB2        draw=146 LPSP  3.2825%  deg   96.091  unifie  123.012 kEUR
  [443/603] RB2(Sched) draw=146 LPSP  2.9768%  deg   96.701  unifie  121.115 kEUR
  [444/603] RB2(SoH)   draw=146 LPSP  2.8199%  deg   96.948  unifie  120.075 kEUR
  [445/603] RB2        draw=147 LPSP  3.2700%  deg   86.685  unifie  113.504 kEUR
  [446/603] RB2(Sched) draw=147 LPSP  2.9355%  deg   87.933  unifie  112.008 kEUR
  [447/603] RB2(SoH)   draw=147 LPSP  2.9758%  deg   87.193  unifie  111.598 kEUR
  [448/603] RB2        draw=148 LPSP  3.2824%  deg   61.776  unifie   88.697 kEUR
  [449/603] RB2(Sched) draw=148 LPSP  2.9654%  deg   62.496  unifie   86.817 kEUR
  [450/603] RB2(SoH)   draw=148 LPSP  2.9881%  deg   62.209  unifie   86.716 kEUR
  [451/603] RB2        draw=149 LPSP  3.2671%  deg   96.405  unifie  123.199 kEUR
  [452/603] RB2(Sched) draw=149 LPSP  2.9505%  deg   98.324  unifie  122.522 kEUR
  [453/603] RB2(SoH)   draw=149 LPSP  2.9627%  deg   97.054  unifie  121.352 kEUR
  [454/603] RB2        draw=150 LPSP  3.2798%  deg   68.379  unifie   95.278 kEUR
  [455/603] RB2(Sched) draw=150 LPSP  2.9509%  deg   68.850  unifie   93.051 kEUR
  [456/603] RB2(SoH)   draw=150 LPSP  2.8661%  deg   68.942  unifie   92.448 kEUR
  [457/603] RB2        draw=151 LPSP  3.2715%  deg   84.285  unifie  111.116 kEUR
  [458/603] RB2(Sched) draw=151 LPSP  2.9473%  deg   86.109  unifie  110.281 kEUR
  [459/603] RB2(SoH)   draw=151 LPSP  2.9954%  deg   84.834  unifie  109.401 kEUR
  [460/603] RB2        draw=152 LPSP  3.2382%  deg   36.715  unifie   63.273 kEUR
  [461/603] RB2(Sched) draw=152 LPSP  2.9146%  deg   37.455  unifie   61.359 kEUR
  [462/603] RB2(SoH)   draw=152 LPSP  2.9403%  deg   37.129  unifie   61.243 kEUR
  [463/603] RB2        draw=153 LPSP  3.2359%  deg   37.307  unifie   63.846 kEUR
  [464/603] RB2(Sched) draw=153 LPSP  2.9225%  deg   37.750  unifie   61.719 kEUR
  [465/603] RB2(SoH)   draw=153 LPSP  2.8511%  deg   37.807  unifie   61.190 kEUR
  [466/603] RB2        draw=154 LPSP  3.2178%  deg   35.676  unifie   62.067 kEUR
  [467/603] RB2(Sched) draw=154 LPSP  2.8894%  deg   36.008  unifie   59.706 kEUR
  [468/603] RB2(SoH)   draw=154 LPSP  2.7527%  deg   36.158  unifie   58.735 kEUR
  [469/603] RB2        draw=155 LPSP  3.2559%  deg   55.606  unifie   82.309 kEUR
  [470/603] RB2(Sched) draw=155 LPSP  2.9127%  deg   56.876  unifie   80.764 kEUR
  [471/603] RB2(SoH)   draw=155 LPSP  2.9232%  deg   56.005  unifie   79.979 kEUR
  [472/603] RB2        draw=156 LPSP  3.2699%  deg   77.973  unifie  104.791 kEUR
  [473/603] RB2(Sched) draw=156 LPSP  2.9632%  deg   78.443  unifie  102.745 kEUR
  [474/603] RB2(SoH)   draw=156 LPSP  2.8178%  deg   78.639  unifie  101.749 kEUR
  [475/603] RB2        draw=157 LPSP  3.2540%  deg   70.286  unifie   96.973 kEUR
  [476/603] RB2(Sched) draw=157 LPSP  2.9188%  deg   71.549  unifie   95.488 kEUR
  [477/603] RB2(SoH)   draw=157 LPSP  2.9680%  deg   70.643  unifie   94.985 kEUR
  [478/603] RB2        draw=158 LPSP  3.2689%  deg   61.908  unifie   88.718 kEUR
  [479/603] RB2(Sched) draw=158 LPSP  2.9203%  deg   63.185  unifie   87.135 kEUR
  [480/603] RB2(SoH)   draw=158 LPSP  2.9453%  deg   62.300  unifie   86.455 kEUR
  [481/603] RB2        draw=159 LPSP  3.2829%  deg   71.464  unifie   98.388 kEUR
  [482/603] RB2(Sched) draw=159 LPSP  2.9653%  deg   72.036  unifie   96.355 kEUR
  [483/603] RB2(SoH)   draw=159 LPSP  2.9527%  deg   72.022  unifie   96.238 kEUR
  [484/603] RB2        draw=160 LPSP  3.2558%  deg   57.233  unifie   83.935 kEUR
  [485/603] RB2(Sched) draw=160 LPSP  2.9248%  deg   57.754  unifie   81.741 kEUR
  [486/603] RB2(SoH)   draw=160 LPSP  2.7776%  deg   57.928  unifie   80.708 kEUR
  [487/603] RB2        draw=161 LPSP  3.2552%  deg   82.553  unifie  109.251 kEUR
  [488/603] RB2(Sched) draw=161 LPSP  2.9382%  deg   83.985  unifie  108.083 kEUR
  [489/603] RB2(SoH)   draw=161 LPSP  2.9464%  deg   83.289  unifie  107.453 kEUR
  [490/603] RB2        draw=162 LPSP  3.2398%  deg   46.326  unifie   72.897 kEUR
  [491/603] RB2(Sched) draw=162 LPSP  2.9203%  deg   46.867  unifie   70.817 kEUR
  [492/603] RB2(SoH)   draw=162 LPSP  2.8355%  deg   46.955  unifie   70.211 kEUR
  [493/603] RB2        draw=163 LPSP  3.2512%  deg   52.016  unifie   78.680 kEUR
  [494/603] RB2(Sched) draw=163 LPSP  2.9299%  deg   52.487  unifie   76.516 kEUR
  [495/603] RB2(SoH)   draw=163 LPSP  2.9045%  deg   52.550  unifie   76.370 kEUR
  [496/603] RB2        draw=164 LPSP  3.2607%  deg   76.315  unifie  103.057 kEUR
  [497/603] RB2(Sched) draw=164 LPSP  2.9555%  deg   78.212  unifie  102.450 kEUR
  [498/603] RB2(SoH)   draw=164 LPSP  2.9552%  deg   76.750  unifie  100.987 kEUR
  [499/603] RB2        draw=165 LPSP  3.2591%  deg   38.998  unifie   65.727 kEUR
  [500/603] RB2(Sched) draw=165 LPSP  2.9362%  deg   39.332  unifie   63.413 kEUR
  [501/603] RB2(SoH)   draw=165 LPSP  2.8472%  deg   39.405  unifie   62.756 kEUR
  [502/603] RB2        draw=166 LPSP  3.2294%  deg   42.115  unifie   68.601 kEUR
  [503/603] RB2(Sched) draw=166 LPSP  2.8932%  deg   44.165  unifie   67.894 kEUR
  [504/603] RB2(SoH)   draw=166 LPSP  2.8942%  deg   42.403  unifie   66.140 kEUR
  [505/603] RB2        draw=167 LPSP  3.2454%  deg   45.702  unifie   72.319 kEUR
  [506/603] RB2(Sched) draw=167 LPSP  2.9221%  deg   47.251  unifie   71.217 kEUR
  [507/603] RB2(SoH)   draw=167 LPSP  2.9712%  deg   46.101  unifie   70.469 kEUR
  [508/603] RB2        draw=168 LPSP  3.2516%  deg   54.840  unifie   81.508 kEUR
  [509/603] RB2(Sched) draw=168 LPSP  2.9123%  deg   56.123  unifie   80.008 kEUR
  [510/603] RB2(SoH)   draw=168 LPSP  2.9748%  deg   55.275  unifie   79.673 kEUR
  [511/603] RB2        draw=169 LPSP  3.2686%  deg   41.676  unifie   68.484 kEUR
  [512/603] RB2(Sched) draw=169 LPSP  2.9513%  deg   43.321  unifie   67.526 kEUR
  [513/603] RB2(SoH)   draw=169 LPSP  3.0166%  deg   42.104  unifie   66.844 kEUR
  [514/603] RB2        draw=170 LPSP  3.2519%  deg   54.775  unifie   81.446 kEUR
  [515/603] RB2(Sched) draw=170 LPSP  2.9220%  deg   55.866  unifie   79.831 kEUR
  [516/603] RB2(SoH)   draw=170 LPSP  2.9616%  deg   55.134  unifie   79.424 kEUR
  [517/603] RB2        draw=171 LPSP  3.2765%  deg   73.331  unifie  100.203 kEUR
  [518/603] RB2(Sched) draw=171 LPSP  2.9570%  deg   74.955  unifie   99.207 kEUR
  [519/603] RB2(SoH)   draw=171 LPSP  2.9417%  deg   73.785  unifie   97.911 kEUR
  [520/603] RB2        draw=172 LPSP  3.2813%  deg   96.719  unifie  123.631 kEUR
  [521/603] RB2(Sched) draw=172 LPSP  2.9371%  deg   98.432  unifie  122.521 kEUR
  [522/603] RB2(SoH)   draw=172 LPSP  3.0116%  deg   97.297  unifie  121.996 kEUR
  [523/603] RB2        draw=173 LPSP  3.2439%  deg   44.410  unifie   71.015 kEUR
  [524/603] RB2(Sched) draw=173 LPSP  2.9253%  deg   44.934  unifie   68.925 kEUR
  [525/603] RB2(SoH)   draw=173 LPSP  2.7805%  deg   45.094  unifie   67.899 kEUR
  [526/603] RB2        draw=174 LPSP  3.2542%  deg   57.432  unifie   84.121 kEUR
  [527/603] RB2(Sched) draw=174 LPSP  2.9227%  deg   57.974  unifie   81.944 kEUR
  [528/603] RB2(SoH)   draw=174 LPSP  2.8454%  deg   58.074  unifie   81.411 kEUR
  [529/603] RB2        draw=175 LPSP  3.2694%  deg   95.641  unifie  122.455 kEUR
  [530/603] RB2(Sched) draw=175 LPSP  2.9574%  deg   97.224  unifie  121.478 kEUR
  [531/603] RB2(SoH)   draw=175 LPSP  2.9807%  deg   96.320  unifie  120.766 kEUR
  [532/603] RB2        draw=176 LPSP  3.2658%  deg   50.469  unifie   77.253 kEUR
  [533/603] RB2(Sched) draw=176 LPSP  2.9458%  deg   50.834  unifie   74.994 kEUR
  [534/603] RB2(SoH)   draw=176 LPSP  2.8256%  deg   50.942  unifie   74.116 kEUR
  [535/603] RB2        draw=177 LPSP  3.2659%  deg   97.367  unifie  124.151 kEUR
  [536/603] RB2(Sched) draw=177 LPSP  2.9470%  deg   99.684  unifie  123.854 kEUR
  [537/603] RB2(SoH)   draw=177 LPSP  2.9661%  deg   98.004  unifie  122.330 kEUR
  [538/603] RB2        draw=178 LPSP  3.2525%  deg   83.808  unifie  110.483 kEUR
  [539/603] RB2(Sched) draw=178 LPSP  2.9333%  deg   84.347  unifie  108.404 kEUR
  [540/603] RB2(SoH)   draw=178 LPSP  2.8148%  deg   84.527  unifie  107.612 kEUR
  [541/603] RB2        draw=179 LPSP  3.2665%  deg   62.336  unifie   89.126 kEUR
  [542/603] RB2(Sched) draw=179 LPSP  2.9467%  deg   62.948  unifie   87.115 kEUR
  [543/603] RB2(SoH)   draw=179 LPSP  2.9485%  deg   62.856  unifie   87.037 kEUR
  [544/603] RB2        draw=180 LPSP  3.2633%  deg   81.639  unifie  108.403 kEUR
  [545/603] RB2(Sched) draw=180 LPSP  2.9452%  deg   82.311  unifie  106.466 kEUR
  [546/603] RB2(SoH)   draw=180 LPSP  2.8680%  deg   82.402  unifie  105.924 kEUR
  [547/603] RB2        draw=181 LPSP  3.2414%  deg   48.650  unifie   75.234 kEUR
  [548/603] RB2(Sched) draw=181 LPSP  2.9307%  deg   49.050  unifie   73.086 kEUR
  [549/603] RB2(SoH)   draw=181 LPSP  2.7905%  deg   49.190  unifie   72.076 kEUR
  [550/603] RB2        draw=182 LPSP  3.2837%  deg   98.442  unifie  125.374 kEUR
  [551/603] RB2(Sched) draw=182 LPSP  2.9513%  deg   99.757  unifie  123.962 kEUR
  [552/603] RB2(SoH)   draw=182 LPSP  3.0055%  deg   99.047  unifie  123.696 kEUR
  [553/603] RB2        draw=183 LPSP  3.2482%  deg   47.473  unifie   74.113 kEUR
  [554/603] RB2(Sched) draw=183 LPSP  2.9058%  deg   49.116  unifie   72.948 kEUR
  [555/603] RB2(SoH)   draw=183 LPSP  2.9700%  deg   47.879  unifie   72.237 kEUR
  [556/603] RB2        draw=184 LPSP  3.2490%  deg   62.587  unifie   89.233 kEUR
  [557/603] RB2(Sched) draw=184 LPSP  2.9152%  deg   63.116  unifie   87.025 kEUR
  [558/603] RB2(SoH)   draw=184 LPSP  2.8075%  deg   63.260  unifie   86.286 kEUR
  [559/603] RB2        draw=185 LPSP  3.2765%  deg  102.183  unifie  129.055 kEUR
  [560/603] RB2(Sched) draw=185 LPSP  2.9464%  deg  104.125  unifie  128.290 kEUR
  [561/603] RB2(SoH)   draw=185 LPSP  2.9721%  deg  102.769  unifie  127.144 kEUR
  [562/603] RB2        draw=186 LPSP  3.2537%  deg   95.922  unifie  122.607 kEUR
  [563/603] RB2(Sched) draw=186 LPSP  2.9331%  deg   96.623  unifie  120.679 kEUR
  [564/603] RB2(SoH)   draw=186 LPSP  2.8052%  deg   96.833  unifie  119.840 kEUR
  [565/603] RB2        draw=187 LPSP  3.2660%  deg   88.947  unifie  115.733 kEUR
  [566/603] RB2(Sched) draw=187 LPSP  2.9365%  deg   90.433  unifie  114.517 kEUR
  [567/603] RB2(SoH)   draw=187 LPSP  3.0124%  deg   89.439  unifie  114.145 kEUR
  [568/603] RB2        draw=188 LPSP  3.2574%  deg   46.984  unifie   73.699 kEUR
  [569/603] RB2(Sched) draw=188 LPSP  2.9267%  deg   49.023  unifie   73.026 kEUR
  [570/603] RB2(SoH)   draw=188 LPSP  2.9378%  deg   47.323  unifie   71.417 kEUR
  [571/603] RB2        draw=189 LPSP  3.2395%  deg   47.543  unifie   74.111 kEUR
  [572/603] RB2(Sched) draw=189 LPSP  2.9319%  deg   48.318  unifie   72.364 kEUR
  [573/603] RB2(SoH)   draw=189 LPSP  2.9471%  deg   48.011  unifie   72.182 kEUR
  [574/603] RB2        draw=190 LPSP  3.2464%  deg   63.314  unifie   89.939 kEUR
  [575/603] RB2(Sched) draw=190 LPSP  2.9242%  deg   64.776  unifie   88.759 kEUR
  [576/603] RB2(SoH)   draw=190 LPSP  2.9716%  deg   63.947  unifie   88.318 kEUR
  [577/603] RB2        draw=191 LPSP  3.2731%  deg   52.495  unifie   79.339 kEUR
  [578/603] RB2(Sched) draw=191 LPSP  2.9502%  deg   52.926  unifie   77.122 kEUR
  [579/603] RB2(SoH)   draw=191 LPSP  2.8920%  deg   52.981  unifie   76.699 kEUR
  [580/603] RB2        draw=192 LPSP  3.2584%  deg   39.210  unifie   65.934 kEUR
  [581/603] RB2(Sched) draw=192 LPSP  2.9552%  deg   39.629  unifie   63.865 kEUR
  [582/603] RB2(SoH)   draw=192 LPSP  2.8600%  deg   39.701  unifie   63.157 kEUR
  [583/603] RB2        draw=193 LPSP  3.2397%  deg   48.126  unifie   74.696 kEUR
  [584/603] RB2(Sched) draw=193 LPSP  2.9376%  deg   48.506  unifie   72.599 kEUR
  [585/603] RB2(SoH)   draw=193 LPSP  2.8572%  deg   48.564  unifie   71.997 kEUR
  [586/603] RB2        draw=194 LPSP  3.2590%  deg   72.802  unifie   99.531 kEUR
  [587/603] RB2(Sched) draw=194 LPSP  2.9263%  deg   74.597  unifie   98.596 kEUR
  [588/603] RB2(SoH)   draw=194 LPSP  2.9373%  deg   73.329  unifie   97.419 kEUR
  [589/603] RB2        draw=195 LPSP  3.2832%  deg   83.708  unifie  110.635 kEUR
  [590/603] RB2(Sched) draw=195 LPSP  2.9355%  deg   86.073  unifie  110.148 kEUR
  [591/603] RB2(SoH)   draw=195 LPSP  2.9403%  deg   84.350  unifie  108.464 kEUR
  [592/603] RB2        draw=196 LPSP  3.2551%  deg   47.469  unifie   74.165 kEUR
  [593/603] RB2(Sched) draw=196 LPSP  2.9352%  deg   49.128  unifie   73.201 kEUR
  [594/603] RB2(SoH)   draw=196 LPSP  2.9729%  deg   47.815  unifie   72.197 kEUR
  [595/603] RB2        draw=197 LPSP  3.2711%  deg   87.973  unifie  114.801 kEUR
  [596/603] RB2(Sched) draw=197 LPSP  2.9492%  deg   88.426  unifie  112.614 kEUR
  [597/603] RB2(SoH)   draw=197 LPSP  2.9147%  deg   88.484  unifie  112.389 kEUR
  [598/603] RB2        draw=198 LPSP  3.2347%  deg   39.397  unifie   65.926 kEUR
  [599/603] RB2(Sched) draw=198 LPSP  2.9128%  deg   40.673  unifie   64.562 kEUR
  [600/603] RB2(SoH)   draw=198 LPSP  2.9809%  deg   39.739  unifie   64.186 kEUR
  [601/603] RB2        draw=199 LPSP  3.2601%  deg   82.382  unifie  109.119 kEUR
  [602/603] RB2(Sched) draw=199 LPSP  2.9427%  deg   83.163  unifie  107.297 kEUR
  [603/603] RB2(SoH)   draw=199 LPSP  2.9685%  deg   82.881  unifie  107.227 kEUR
  (722s)

TEST NUL (monde nominal) : |unifie RB2(SoH) - RB2(Sched)| = 0.000e+00 kEUR -> OK

==============================================================================
COUT UNIFIE [kEUR] sous incertitude du vieillissement (N=200)
strat       |     mean |      P95 |   CVaR90 |   regret
RB2         |   91.643 |  124.212 |  125.608 |    2.311
RB2(Sched)  |   90.043 |  123.859 |  124.482 |    0.711
RB2(SoH)    |   89.333 |  122.381 |  123.552 |    0.000
------------------------------------------------------------------------------
RB2(SoH) - RB2(Sched) : -0.711 +/- 0.423 kEUR ; gagne 99% des tirages
==============================================================================
Resultats : /Work/Users/tlenoir/genial/Robustesse/Vieillissement9/valeur_info_25y.txt
Figure    : /Work/Users/tlenoir/genial/Robustesse/Vieillissement9/valeur_info_25y.pdf

real	12m34,259s
user	375m58,314s
sys	0m42,119s
fin=jeu. juil.  9 13:43:37 CEST 2026
