Job 210442  noeud=node4-26  script=dp_aging.py full
cpus-per-task=4  debut=Sun Jun 28 13:42:13 CEST 2026
numpy 1.21.5 scipy 1.9.1
======================================================================
 PD VIEILLISSEMENT -- horizon 25 ans  grille 51x51  (FULL)
======================================================================

--- RB2 ---
  pas=218999  (~25.0 ans)
  SoH final : bat=0.875  fc=0.901  ely=0.905
  remplacements : bat=6  fc=1  ely=1
  SoH min   : bat=0.700  fc=0.900  ely=0.900
  LPSP 2.4509%   deg 65.415 kEUR   UNIFIE 85.516 kEUR
  (RB2 loop : 67s)
   [DP rebuild #1] an 0  pas 0  SoH_bat=1.000  Pfc=1753W  Pely=18430W  (216s)
   [DP rebuild #2] an 1  pas 8760  SoH_bat=1.000  Pfc=1753W  Pely=18430W  (216s)
   [DP rebuild #3] an 2  pas 17520  SoH_bat=1.000  Pfc=1753W  Pely=18430W  (216s)
   [DP rebuild #4] an 3  pas 26280  SoH_bat=1.000  Pfc=1753W  Pely=18430W  (216s)
   [DP rebuild #5] an 4  pas 35040  SoH_bat=1.000  Pfc=1753W  Pely=18430W  (216s)
   [DP rebuild #6] an 5  pas 43800  SoH_bat=1.000  Pfc=1753W  Pely=18430W  (216s)
   [DP rebuild #7] an 6  pas 52560  SoH_bat=1.000  Pfc=1753W  Pely=18430W  (216s)
   [DP rebuild #8] an 7  pas 61320  SoH_bat=1.000  Pfc=1753W  Pely=18430W  (216s)
   [DP rebuild #9] an 8  pas 70080  SoH_bat=1.000  Pfc=1753W  Pely=18430W  (216s)
   [DP rebuild #10] an 9  pas 78840  SoH_bat=1.000  Pfc=1753W  Pely=18430W  (215s)
   [DP rebuild #11] an 10  pas 87600  SoH_bat=1.000  Pfc=1753W  Pely=18430W  (216s)
   [DP rebuild #12] an 11  pas 96360  SoH_bat=1.000  Pfc=1753W  Pely=18430W  (216s)
   [DP rebuild #13] an 12  pas 105120  SoH_bat=1.000  Pfc=1753W  Pely=18430W  (216s)
   [DP rebuild #14] an 13  pas 113880  SoH_bat=1.000  Pfc=1753W  Pely=18430W  (216s)
   [DP rebuild #15] an 14  pas 122640  SoH_bat=1.000  Pfc=1753W  Pely=18430W  (214s)
   [DP rebuild #16] an 15  pas 131400  SoH_bat=1.000  Pfc=1753W  Pely=18430W  (213s)
   [DP rebuild #17] an 16  pas 140160  SoH_bat=1.000  Pfc=1753W  Pely=18430W  (213s)
   [DP rebuild #18] an 17  pas 148920  SoH_bat=1.000  Pfc=1753W  Pely=18430W  (213s)
   [DP rebuild #19] an 18  pas 157680  SoH_bat=1.000  Pfc=1753W  Pely=18430W  (213s)
   [DP rebuild #20] an 19  pas 166440  SoH_bat=1.000  Pfc=1753W  Pely=18430W  (213s)
   [DP rebuild #21] an 20  pas 175200  SoH_bat=1.000  Pfc=1753W  Pely=18430W  (213s)
   [DP rebuild #22] an 21  pas 183960  SoH_bat=1.000  Pfc=1753W  Pely=18430W  (214s)
   [DP rebuild #23] an 22  pas 192720  SoH_bat=1.000  Pfc=1753W  Pely=18430W  (213s)
   [DP rebuild #24] an 23  pas 201480  SoH_bat=1.000  Pfc=1753W  Pely=18430W  (214s)
   [DP rebuild #25] an 24  pas 210240  SoH_bat=1.000  Pfc=1753W  Pely=18430W  (214s)

--- PD BoL-figee ---
  pas=218999  (~25.0 ans)
  SoH final : bat=0.727  fc=0.982  ely=0.972
  remplacements : bat=4  fc=13  ely=2
  SoH min   : bat=0.700  fc=0.900  ely=0.900
  LPSP 0.4700%   deg 71.220 kEUR   UNIFIE 75.074 kEUR
  (PD-BoL : 5451s, 25 rebuild)
   [DP rebuild #1] an 0  pas 0  SoH_bat=1.000  Pfc=1753W  Pely=18430W  (214s)
   [DP rebuild #2] an 1  pas 8760  SoH_bat=0.939  Pfc=1521W  Pely=18221W  (215s)
   [DP rebuild #3] an 1  pas 17088  SoH_bat=0.877  Pfc=1753W  Pely=18031W  (214s)
   [DP rebuild #4] an 2  pas 17520  SoH_bat=0.874  Pfc=1739W  Pely=18025W  (214s)
   [DP rebuild #5] an 3  pas 26280  SoH_bat=0.813  Pfc=1529W  Pely=17819W  (214s)
   [DP rebuild #6] an 4  pas 35040  SoH_bat=0.748  Pfc=1427W  Pely=17667W  (214s)
   [DP rebuild #7] an 4  pas 38422  SoH_bat=0.725  Pfc=1753W  Pely=17618W  (214s)
   [DP rebuild #8] an 4  pas 41726  SoH_bat=1.000  Pfc=1712W  Pely=17564W  (215s)
   [DP rebuild #9] an 5  pas 43800  SoH_bat=0.984  Pfc=1652W  Pely=17520W  (207s)
   [DP rebuild #10] an 6  pas 52560  SoH_bat=0.920  Pfc=1460W  Pely=17311W  (201s)
   [DP rebuild #11] an 6  pas 58476  SoH_bat=0.874  Pfc=1753W  Pely=17208W  (198s)
   [DP rebuild #12] an 7  pas 61320  SoH_bat=0.852  Pfc=1673W  Pely=17147W  (198s)
   [DP rebuild #13] an 8  pas 70080  SoH_bat=0.788  Pfc=1509W  Pely=16979W  (198s)
   [DP rebuild #14] an 9  pas 78840  SoH_bat=0.724  Pfc=1417W  Pely=16831W  (198s)
   [DP rebuild #15] an 9  pas 81244  SoH_bat=0.707  Pfc=1753W  Pely=16796W  (198s)
   [DP rebuild #16] an 9  pas 82292  SoH_bat=1.000  Pfc=1736W  Pely=16779W  (198s)
   [DP rebuild #17] an 10  pas 87600  SoH_bat=0.957  Pfc=1597W  Pely=16662W  (198s)
   [DP rebuild #18] an 11  pas 96360  SoH_bat=0.890  Pfc=1433W  Pely=16478W  (198s)
   [DP rebuild #19] an 11  pas 99088  SoH_bat=0.872  Pfc=1753W  Pely=16430W  (198s)
   [DP rebuild #20] an 12  pas 105120  SoH_bat=0.824  Pfc=1617W  Pely=16307W  (198s)
   [DP rebuild #21] an 13  pas 113880  SoH_bat=0.759  Pfc=1492W  Pely=16163W  (198s)
   [DP rebuild #22] an 13  pas 121919  SoH_bat=1.000  Pfc=1413W  Pely=16033W  (198s)
   [DP rebuild #23] an 14  pas 122640  SoH_bat=0.994  Pfc=1405W  Pely=16028W  (198s)
   [DP rebuild #24] an 14  pas 123345  SoH_bat=0.989  Pfc=1753W  Pely=16015W  (198s)
   [DP rebuild #25] an 15  pas 131400  SoH_bat=0.928  Pfc=1561W  Pely=15856W  (198s)
   [DP rebuild #26] an 16  pas 140160  SoH_bat=0.858  Pfc=1436W  Pely=15722W  (198s)
   [DP rebuild #27] an 16  pas 143770  SoH_bat=0.831  Pfc=1753W  Pely=15670W  (198s)
   [DP rebuild #28] an 17  pas 148920  SoH_bat=0.791  Pfc=1657W  Pely=15583W  (198s)
   [DP rebuild #29] an 18  pas 157680  SoH_bat=0.727  Pfc=1527W  Pely=15442W  (198s)
   [DP rebuild #30] an 18  pas 161525  SoH_bat=1.000  Pfc=1479W  Pely=15391W  (198s)
   [DP rebuild #31] an 19  pas 166440  SoH_bat=0.954  Pfc=1431W  Pely=15346W  (198s)
   [DP rebuild #32] an 19  pas 169150  SoH_bat=0.934  Pfc=1753W  Pely=15311W  (198s)
   [DP rebuild #33] an 20  pas 175200  SoH_bat=0.885  Pfc=1614W  Pely=15207W  (198s)
   [DP rebuild #34] an 21  pas 183960  SoH_bat=0.816  Pfc=1479W  Pely=15086W  (198s)
   [DP rebuild #35] an 22  pas 192720  SoH_bat=0.749  Pfc=1398W  Pely=14975W  (198s)
   [DP rebuild #36] an 22  pas 193062  SoH_bat=0.746  Pfc=1753W  Pely=14972W  (198s)
   [DP rebuild #37] an 22  pas 199616  SoH_bat=1.000  Pfc=1650W  Pely=14884W  (198s)
   [DP rebuild #38] an 23  pas 201480  SoH_bat=0.984  Pfc=1608W  Pely=14864W  (198s)
   [DP rebuild #39] an 24  pas 210240  SoH_bat=0.913  Pfc=1453W  Pely=14757W  (198s)
   [DP rebuild #40] an 24  pas 216336  SoH_bat=0.862  Pfc=1753W  Pely=14702W  (198s)

--- PD sequentielle ---
  pas=218999  (~25.0 ans)
  SoH final : bat=0.841  fc=0.987  ely=0.923
  remplacements : bat=5  fc=10  ely=0
  SoH min   : bat=0.700  fc=0.900  ely=0.923
  LPSP 0.3057%   deg 57.836 kEUR   UNIFIE 60.343 kEUR
  (PD-seq : 8134s, 40 rebuild)

======================================================================
 COMPARATIF UNIFIE (25 ans, VoLL=3)  [borne sup de l'optimum global]
======================================================================
 strategie             LPSP%    deg_kE   UNIF_kE    gain%
 RB2                  2.4509    65.415    85.516    +0.00
 PD BoL-figee         0.4700    71.220    75.074   +12.21
 PD sequentielle      0.3057    57.836    60.343   +29.44
----------------------------------------------------------------------
 optimum_global <= PD_seq <= RB2  ; gain(PD_seq) = borne INF du gain atteignable
 grille 51x51  n_fc=10 n_ely=50  rebuilds PD-seq=40

 Resultats -> /Work/Users/tlenoir/genial/Robustesse/Vieillissement8/DP/results/dp_aging_25y_51x51.txt (+ .npz)

real	227m34.814s
user	226m42.481s
sys	0m2.081s
fin=Sun Jun 28 17:29:48 CEST 2026
