Job 210423  noeud=node4-26  script=dp_gridcheck.py
cpus-per-task=8  debut=Sat Jun 27 17:15:25 CEST 2026
numpy 1.21.5 scipy 1.9.1
==============================================================================
 CONTROLE DE ROBUSTESSE EN GRILLE -- PD vs RB2 (1 an, etat neuf)
==============================================================================
 RB2 : LPSP 0.0000%  deg 2.437  UNIFIE 2.437 kEUR
 Lancement de 6 configs sur 6 workers...


    SoCxH2   Nu    LPSP%    deg_kE   LPS_kE   UNIF_kE   gain%     sec
---------------------------------------------------------------------
       RB2    -   0.0000     2.437    0.000     2.437       -       -
     41x41   49   0.1660     1.896    0.054     1.950    20.0     129
     51x51   61   0.1499     1.828    0.049     1.877    23.0     247
     71x71   73   0.1506     1.874    0.049     1.924    21.1     588
     91x91   90   0.1216     1.840    0.040     1.880    22.9    1337
   111x111  107   0.1665     1.862    0.055     1.916    21.4    2314
   131x131  129   0.1346     1.841    0.044     1.886    22.6    3691

 Resultats -> /Work/Users/tlenoir/genial/Robustesse/Vieillissement8/DP/results/dp_gridcheck.txt

real	61m33.077s
user	128m28.356s
sys	9m33.462s
fin=Sat Jun 27 18:16:59 CEST 2026
