Job 214902  noeud=node4-11  args=--tvisit 3
cpus-per-task=32  debut=Fri Jul 10 13:59:36 CEST 2026
numpy 1.21.5 scipy 1.9.1
=== VALEUR DE LA RUL -- maintenance insulaire (fenetres + cout fixe) ===
    horizon=25 ans | N_MC=200 | Tvisite=3m | marge RUL=1 | prev=fc+ely | mult U_log[0.50, 2.00] | seed=2026

--- Run nominal 'instant' (ages calendaires + test nul vs boucle de base)...
    TEST NUL instant==base : |unifie 81.889 - 81.889| = 0.000e+00 kEUR -> OK  (59s)
    vies nominales (1er remplacement) : bat=3.890296803652968 fc=5.524429223744292 ely=None -> ages calendaires {'bat': 3.89, 'fc': 5.52, 'ely': None}

--- 803 runs a lancer (1 repris, 32 workers) ---
  [  1/803] corrective draw=-1  LPSP  3.1078%  uni0   82.948  nint 10  waste  0.000  outage  7467 h
  [  2/803] calendar   draw=-1  LPSP  2.9589%  uni0   82.029  nint 10  waste  0.039  outage     0 h
  [  3/803] rul        draw=-1  LPSP  2.9589%  uni0   82.029  nint 10  waste  0.039  outage     0 h
  [  4/803] instant    draw=0   LPSP  2.9521%  uni0  118.365  nint 15  waste  0.000  outage     0 h
  [  5/803] corrective draw=0   LPSP  3.0532%  uni0  118.839  nint 15  waste  0.000  outage  2321 h
  [  6/803] calendar   draw=0   LPSP  2.9885%  uni0  118.340  nint 16  waste  1.040  outage   115 h
  [  7/803] rul        draw=0   LPSP  2.9828%  uni0  118.355  nint 13  waste  0.068  outage   441 h
  [  8/803] instant    draw=1   LPSP  3.0084%  uni0  101.447  nint 12  waste  0.000  outage     0 h
  [  9/803] corrective draw=1   LPSP  3.0572%  uni0  101.554  nint 11  waste  0.000  outage  1593 h
  [ 10/803] calendar   draw=1   LPSP  3.0580%  uni0  101.434  nint 10  waste  1.535  outage     0 h
  [ 11/803] rul        draw=1   LPSP  3.0620%  uni0  101.610  nint 11  waste  0.097  outage     0 h
  [ 12/803] instant    draw=2   LPSP  2.8267%  uni0   80.665  nint 10  waste  0.000  outage     0 h
  [ 13/803] corrective draw=2   LPSP  2.9506%  uni0   81.348  nint  9  waste  0.000  outage  3530 h
  [ 14/803] calendar   draw=2   LPSP  2.8906%  uni0   80.825  nint 10  waste  0.148  outage     0 h
  [ 15/803] rul        draw=2   LPSP  2.8906%  uni0   80.825  nint 10  waste  0.148  outage     0 h
  [ 16/803] instant    draw=3   LPSP  2.8093%  uni0   83.589  nint 10  waste  0.000  outage     0 h
  [ 17/803] corrective draw=3   LPSP  2.9055%  uni0   83.962  nint 10  waste  0.000  outage  5217 h
  [ 18/803] calendar   draw=3   LPSP  2.8316%  uni0   83.329  nint 11  waste  1.509  outage     0 h
  [ 19/803] rul        draw=3   LPSP  2.8451%  uni0   83.589  nint 10  waste  0.034  outage     0 h
  [ 20/803] instant    draw=4   LPSP  2.9652%  uni0   73.701  nint  8  waste  0.000  outage     0 h
  [ 21/803] corrective draw=4   LPSP  3.0475%  uni0   73.920  nint  7  waste  0.000  outage  1938 h
  [ 22/803] calendar   draw=4   LPSP  3.0375%  uni0   73.825  nint  8  waste  1.105  outage     0 h
  [ 23/803] rul        draw=4   LPSP  3.0408%  uni0   73.959  nint  7  waste  0.009  outage   113 h
  [ 24/803] instant    draw=5   LPSP  3.0073%  uni0   76.620  nint 11  waste  0.000  outage     0 h
  [ 25/803] corrective draw=5   LPSP  3.1972%  uni0   77.771  nint 11  waste  0.000  outage  5884 h
  [ 26/803] calendar   draw=5   LPSP  3.1972%  uni0   77.771  nint 11  waste  0.000  outage  5884 h
  [ 27/803] rul        draw=5   LPSP  3.0084%  uni0   76.569  nint 11  waste  0.142  outage   105 h
  [ 28/803] instant    draw=6   LPSP  2.8130%  uni0   94.124  nint 11  waste  0.000  outage     0 h
  [ 29/803] corrective draw=6   LPSP  2.9355%  uni0   94.587  nint 10  waste  0.000  outage  3515 h
  [ 30/803] calendar   draw=6   LPSP  2.8670%  uni0   93.951  nint 12  waste  1.513  outage     0 h
  [ 31/803] rul        draw=6   LPSP  2.8796%  uni0   94.180  nint 11  waste  0.064  outage     0 h
  [ 32/803] instant    draw=7   LPSP  2.9064%  uni0   93.645  nint 12  waste  0.000  outage     0 h
  [ 33/803] corrective draw=7   LPSP  3.0543%  uni0   94.153  nint 11  waste  0.000  outage  6690 h
  [ 34/803] calendar   draw=7   LPSP  2.9654%  uni0   93.621  nint 11  waste  0.276  outage     0 h
  [ 35/803] rul        draw=7   LPSP  2.9711%  uni0   93.702  nint 11  waste  0.061  outage     0 h
  [ 36/803] instant    draw=8   LPSP  2.8355%  uni0   78.847  nint  9  waste  0.000  outage     0 h
  [ 37/803] corrective draw=8   LPSP  2.9147%  uni0   79.122  nint  9  waste  0.000  outage  3545 h
  [ 38/803] calendar   draw=8   LPSP  2.8774%  uni0   78.822  nint 10  waste  1.036  outage     0 h
  [ 39/803] rul        draw=8   LPSP  2.8874%  uni0   79.006  nint  9  waste  0.075  outage     0 h
  [ 40/803] instant    draw=9   LPSP  3.0136%  uni0   76.335  nint 10  waste  0.000  outage     0 h
  [ 41/803] corrective draw=9   LPSP  3.2716%  uni0   77.852  nint 10  waste  0.000  outage  8885 h
  [ 42/803] calendar   draw=9   LPSP  3.2716%  uni0   77.852  nint 10  waste  0.000  outage  8885 h
  [ 43/803] rul        draw=9   LPSP  3.0310%  uni0   76.434  nint 10  waste  0.183  outage     0 h
  [ 44/803] instant    draw=10  LPSP  3.0115%  uni0   68.603  nint  9  waste  0.000  outage     0 h
  [ 45/803] corrective draw=10  LPSP  3.1573%  uni0   69.299  nint  8  waste  0.000  outage  7429 h
  [ 46/803] calendar   draw=10  LPSP  3.1573%  uni0   69.299  nint  8  waste  0.000  outage  7429 h
  [ 47/803] rul        draw=10  LPSP  3.0208%  uni0   68.668  nint  8  waste  0.121  outage     0 h
  [ 48/803] instant    draw=11  LPSP  2.8921%  uni0   63.853  nint  8  waste  0.000  outage     0 h
  [ 49/803] corrective draw=11  LPSP  3.0323%  uni0   64.569  nint  8  waste  0.000  outage  6432 h
  [ 50/803] calendar   draw=11  LPSP  3.0323%  uni0   64.569  nint  8  waste  0.000  outage  6432 h
  [ 51/803] rul        draw=11  LPSP  2.9160%  uni0   63.987  nint  8  waste  0.017  outage   216 h
  [ 52/803] instant    draw=12  LPSP  2.9592%  uni0  121.247  nint 15  waste  0.000  outage     0 h
  [ 53/803] corrective draw=12  LPSP  3.1080%  uni0  121.720  nint 15  waste  0.000  outage  5070 h
  [ 54/803] calendar   draw=12  LPSP  3.0190%  uni0  121.077  nint 16  waste  1.291  outage  1190 h
  [ 55/803] rul        draw=12  LPSP  2.9971%  uni0  121.036  nint 15  waste  0.121  outage     0 h
  [ 56/803] instant    draw=13  LPSP  2.9399%  uni0  118.192  nint 15  waste  0.000  outage     0 h
  [ 57/803] corrective draw=13  LPSP  3.0812%  uni0  118.755  nint 14  waste  0.000  outage  3559 h
  [ 58/803] calendar   draw=13  LPSP  3.0812%  uni0  118.755  nint 14  waste  0.000  outage  3559 h
  [ 59/803] rul        draw=13  LPSP  2.9973%  uni0  118.165  nint 15  waste  0.166  outage     0 h
  [ 60/803] instant    draw=14  LPSP  2.8815%  uni0  101.507  nint 14  waste  0.000  outage     0 h
  [ 61/803] corrective draw=14  LPSP  2.9410%  uni0  101.569  nint 13  waste  0.000  outage  2610 h
  [ 62/803] calendar   draw=14  LPSP  2.9410%  uni0  101.569  nint 13  waste  0.000  outage  2610 h
  [ 63/803] rul        draw=14  LPSP  2.9267%  uni0  101.510  nint 14  waste  0.252  outage     0 h
  [ 64/803] instant    draw=15  LPSP  3.0288%  uni0   76.004  nint 10  waste  0.000  outage     0 h
  [ 65/803] corrective draw=15  LPSP  3.1033%  uni0   75.957  nint  8  waste  0.000  outage  7019 h
  [ 66/803] calendar   draw=15  LPSP  3.1033%  uni0   75.957  nint  8  waste  0.000  outage  7019 h
  [ 67/803] rul        draw=15  LPSP  3.0728%  uni0   76.090  nint  5  waste  0.134  outage     0 h
  [ 68/803] instant    draw=16  LPSP  2.9355%  uni0   68.635  nint  8  waste  0.000  outage     0 h
  [ 69/803] corrective draw=16  LPSP  3.2074%  uni0   70.470  nint  4  waste  0.000  outage  6799 h
  [ 70/803] calendar   draw=16  LPSP  2.9536%  uni0   68.692  nint  8  waste  0.053  outage     0 h
  [ 71/803] rul        draw=16  LPSP  2.9536%  uni0   68.692  nint  8  waste  0.053  outage     0 h
  [ 72/803] instant    draw=17  LPSP  2.8427%  uni0   63.243  nint  9  waste  0.000  outage     0 h
  [ 73/803] corrective draw=17  LPSP  2.9732%  uni0   63.899  nint  8  waste  0.000  outage  8328 h
  [ 74/803] calendar   draw=17  LPSP  2.9732%  uni0   63.899  nint  8  waste  0.000  outage  8328 h
  [ 75/803] rul        draw=17  LPSP  2.8530%  uni0   63.292  nint  9  waste  0.132  outage     0 h
  [ 76/803] instant    draw=18  LPSP  3.0201%  uni0  103.565  nint 14  waste  0.000  outage     0 h
  [ 77/803] corrective draw=18  LPSP  3.1164%  uni0  103.670  nint 11  waste  0.000  outage  2631 h
  [ 78/803] calendar   draw=18  LPSP  3.1164%  uni0  103.670  nint 11  waste  0.000  outage  2631 h
  [ 79/803] rul        draw=18  LPSP  3.0794%  uni0  103.485  nint 12  waste  0.104  outage   435 h
  [ 80/803] instant    draw=19  LPSP  2.8901%  uni0   96.325  nint 14  waste  0.000  outage     0 h
  [ 81/803] corrective draw=19  LPSP  3.0470%  uni0   96.955  nint 13  waste  0.000  outage 12661 h
  [ 82/803] calendar   draw=19  LPSP  3.0470%  uni0   96.955  nint 13  waste  0.000  outage 12661 h
  [ 83/803] rul        draw=19  LPSP  2.9183%  uni0   96.183  nint 14  waste  0.032  outage     0 h
  [ 84/803] instant    draw=20  LPSP  2.8179%  uni0   59.631  nint  6  waste  0.000  outage     0 h
  [ 85/803] corrective draw=20  LPSP  2.9471%  uni0   60.590  nint  6  waste  0.000  outage  2774 h
  [ 86/803] calendar   draw=20  LPSP  2.8066%  uni0   59.414  nint  7  waste  0.733  outage     0 h
  [ 87/803] rul        draw=20  LPSP  2.8152%  uni0   59.592  nint  6  waste  0.093  outage     0 h
  [ 88/803] instant    draw=21  LPSP  2.9427%  uni0   68.354  nint  7  waste  0.000  outage     0 h
  [ 89/803] corrective draw=21  LPSP  3.0327%  uni0   68.813  nint  7  waste  0.000  outage  3215 h
  [ 90/803] calendar   draw=21  LPSP  2.9701%  uni0   68.336  nint  8  waste  1.162  outage     0 h
  [ 91/803] rul        draw=21  LPSP  2.9770%  uni0   68.490  nint  7  waste  0.074  outage     0 h
  [ 92/803] instant    draw=22  LPSP  3.0062%  uni0   91.009  nint 13  waste  0.000  outage     0 h
  [ 93/803] corrective draw=22  LPSP  3.1341%  uni0   91.306  nint 12  waste  0.000  outage 10632 h
  [ 94/803] calendar   draw=22  LPSP  3.1341%  uni0   91.306  nint 12  waste  0.000  outage 10632 h
  [ 95/803] rul        draw=22  LPSP  3.0214%  uni0   91.036  nint 13  waste  0.118  outage     0 h
  [ 96/803] instant    draw=23  LPSP  2.9164%  uni0   67.655  nint  9  waste  0.000  outage     0 h
  [ 97/803] corrective draw=23  LPSP  3.0577%  uni0   68.215  nint  9  waste  0.000  outage  7659 h
  [ 98/803] calendar   draw=23  LPSP  3.0577%  uni0   68.215  nint  9  waste  0.000  outage  7659 h
  [ 99/803] rul        draw=23  LPSP  2.9123%  uni0   67.585  nint  8  waste  0.188  outage    70 h
  [100/803] instant    draw=24  LPSP  2.9277%  uni0  123.350  nint 14  waste  0.000  outage     0 h
  [101/803] corrective draw=24  LPSP  3.1636%  uni0  124.358  nint 12  waste  0.000  outage  3187 h
  [102/803] calendar   draw=24  LPSP  3.0024%  uni0  123.002  nint 16  waste  1.878  outage   554 h
  [103/803] rul        draw=24  LPSP  2.9973%  uni0  123.157  nint 14  waste  0.129  outage     0 h
  [104/803] instant    draw=25  LPSP  2.9987%  uni0   98.913  nint 11  waste  0.000  outage     0 h
  [105/803] corrective draw=25  LPSP  3.0877%  uni0   99.092  nint 11  waste  0.000  outage  3524 h
  [106/803] calendar   draw=25  LPSP  3.1436%  uni0   99.412  nint 13  waste  2.042  outage  2158 h
  [107/803] rul        draw=25  LPSP  3.0518%  uni0   98.937  nint 11  waste  0.113  outage     0 h
  [108/803] instant    draw=26  LPSP  2.8012%  uni0   90.343  nint 13  waste  0.000  outage     0 h
  [109/803] corrective draw=26  LPSP  2.9044%  uni0   90.906  nint 12  waste  0.000  outage  3216 h
  [110/803] calendar   draw=26  LPSP  2.9044%  uni0   90.906  nint 12  waste  0.000  outage  3216 h
  [111/803] rul        draw=26  LPSP  2.8322%  uni0   90.346  nint 12  waste  0.283  outage     0 h
  [112/803] instant    draw=27  LPSP  3.0069%  uni0   83.737  nint 10  waste  0.000  outage     0 h
  [113/803] corrective draw=27  LPSP  3.0567%  uni0   83.807  nint  9  waste  0.000  outage  2399 h
  [114/803] calendar   draw=27  LPSP  3.0342%  uni0   83.684  nint 10  waste  0.416  outage     0 h
  [115/803] rul        draw=27  LPSP  3.0473%  uni0   83.803  nint  8  waste  0.008  outage   527 h
  [116/803] instant    draw=28  LPSP  2.9948%  uni0   70.436  nint  9  waste  0.000  outage     0 h
  [117/803] corrective draw=28  LPSP  3.0715%  uni0   70.790  nint  8  waste  0.000  outage  2086 h
  [118/803] calendar   draw=28  LPSP  3.0715%  uni0   70.790  nint  8  waste  0.000  outage  2086 h
  [119/803] rul        draw=28  LPSP  3.0197%  uni0   70.449  nint  9  waste  0.231  outage   152 h
  [120/803] instant    draw=29  LPSP  2.9646%  uni0  120.506  nint 17  waste  0.000  outage     0 h
  [121/803] corrective draw=29  LPSP  3.1332%  uni0  120.392  nint 15  waste  0.000  outage  6678 h
  [122/803] calendar   draw=29  LPSP  3.1332%  uni0  120.392  nint 15  waste  0.000  outage  6678 h
  [123/803] rul        draw=29  LPSP  3.0437%  uni0  120.058  nint 13  waste  0.358  outage     0 h
  [124/803] instant    draw=30  LPSP  2.8290%  uni0   65.652  nint  7  waste  0.000  outage     0 h
  [125/803] corrective draw=30  LPSP  2.8662%  uni0   65.781  nint  7  waste  0.000  outage  2583 h
  [126/803] calendar   draw=30  LPSP  2.8328%  uni0   65.458  nint  4  waste  1.558  outage     0 h
  [127/803] rul        draw=30  LPSP  2.8528%  uni0   65.740  nint  7  waste  0.002  outage   422 h
  [128/803] instant    draw=31  LPSP  2.9966%  uni0   87.179  nint 11  waste  0.000  outage     0 h
  [129/803] corrective draw=31  LPSP  3.0903%  uni0   87.553  nint 11  waste  0.000  outage  7299 h
  [130/803] calendar   draw=31  LPSP  3.0903%  uni0   87.553  nint 11  waste  0.000  outage  7299 h
  [131/803] rul        draw=31  LPSP  3.0073%  uni0   87.221  nint 10  waste  0.135  outage     0 h
  [132/803] instant    draw=32  LPSP  2.8985%  uni0   64.819  nint  8  waste  0.000  outage     0 h
  [133/803] corrective draw=32  LPSP  3.0886%  uni0   65.769  nint  8  waste  0.000  outage  7974 h
  [134/803] calendar   draw=32  LPSP  2.9499%  uni0   65.120  nint  8  waste  0.052  outage   796 h
  [135/803] rul        draw=32  LPSP  2.9147%  uni0   64.874  nint  8  waste  0.121  outage     0 h
  [136/803] instant    draw=33  LPSP  2.8525%  uni0   91.827  nint 12  waste  0.000  outage     0 h
  [137/803] corrective draw=33  LPSP  2.9171%  uni0   91.841  nint 10  waste  0.000  outage   219 h
  [138/803] calendar   draw=33  LPSP  2.9016%  uni0   91.632  nint 11  waste  0.607  outage     0 h
  [139/803] rul        draw=33  LPSP  2.9171%  uni0   91.841  nint 10  waste  0.000  outage   219 h
  [140/803] instant    draw=34  LPSP  2.9202%  uni0   64.825  nint  8  waste  0.000  outage     0 h
  [141/803] corrective draw=34  LPSP  3.0044%  uni0   65.075  nint  7  waste  0.000  outage  7606 h
  [142/803] calendar   draw=34  LPSP  3.0044%  uni0   65.075  nint  7  waste  0.000  outage  7606 h
  [143/803] rul        draw=34  LPSP  2.9229%  uni0   64.826  nint  8  waste  0.098  outage     0 h
  [144/803] instant    draw=35  LPSP  2.9508%  uni0   69.310  nint  7  waste  0.000  outage     0 h
  [145/803] corrective draw=35  LPSP  3.0578%  uni0   69.967  nint  6  waste  0.000  outage  2984 h
  [146/803] calendar   draw=35  LPSP  3.0750%  uni0   70.032  nint  8  waste  2.341  outage  2123 h
  [147/803] rul        draw=35  LPSP  2.9520%  uni0   69.271  nint  6  waste  0.163  outage     0 h
  [148/803] instant    draw=36  LPSP  2.9641%  uni0  129.384  nint 17  waste  0.000  outage     0 h
  [149/803] corrective draw=36  LPSP  3.2590%  uni0  130.473  nint 14  waste  0.000  outage  4470 h
  [150/803] calendar   draw=36  LPSP  3.2234%  uni0  130.051  nint 15  waste  0.646  outage  1935 h
  [151/803] rul        draw=36  LPSP  3.0697%  uni0  128.721  nint 15  waste  0.015  outage   483 h
  [152/803] instant    draw=37  LPSP  3.0017%  uni0   69.132  nint  8  waste  0.000  outage     0 h
  [153/803] corrective draw=37  LPSP  3.2431%  uni0   70.556  nint  8  waste  0.000  outage  7578 h
  [154/803] calendar   draw=37  LPSP  3.2431%  uni0   70.556  nint  8  waste  0.000  outage  7578 h
  [155/803] rul        draw=37  LPSP  3.0175%  uni0   69.143  nint  8  waste  0.037  outage     0 h
  [156/803] instant    draw=38  LPSP  2.9671%  uni0  134.690  nint 19  waste  0.000  outage     0 h
  [157/803] corrective draw=38  LPSP  3.1990%  uni0  135.715  nint 18  waste  0.000  outage  8707 h
  [158/803] calendar   draw=38  LPSP  3.1990%  uni0  135.715  nint 18  waste  0.000  outage  8707 h
  [159/803] rul        draw=38  LPSP  3.0044%  uni0  134.563  nint 13  waste  0.217  outage     0 h
  [160/803] instant    draw=39  LPSP  2.8576%  uni0   76.264  nint 10  waste  0.000  outage     0 h
  [161/803] corrective draw=39  LPSP  3.1039%  uni0   77.995  nint  5  waste  0.000  outage  5103 h
  [162/803] calendar   draw=39  LPSP  3.1039%  uni0   77.995  nint  5  waste  0.000  outage  5103 h
  [163/803] rul        draw=39  LPSP  2.8676%  uni0   76.256  nint 10  waste  0.205  outage     0 h
  [164/803] instant    draw=40  LPSP  2.9608%  uni0  104.787  nint 13  waste  0.000  outage     0 h
  [165/803] corrective draw=40  LPSP  3.3317%  uni0  107.074  nint 12  waste  0.000  outage  7596 h
  [166/803] calendar   draw=40  LPSP  3.0786%  uni0  105.108  nint 13  waste  0.082  outage  1766 h
  [167/803] rul        draw=40  LPSP  3.0239%  uni0  104.783  nint 13  waste  0.069  outage     0 h
  [168/803] instant    draw=41  LPSP  2.9337%  uni0   86.862  nint 13  waste  0.000  outage     0 h
  [169/803] corrective draw=41  LPSP  3.1120%  uni0   87.665  nint 13  waste  0.000  outage  6730 h
  [170/803] calendar   draw=41  LPSP  3.1120%  uni0   87.665  nint 13  waste  0.000  outage  6730 h
  [171/803] rul        draw=41  LPSP  2.9866%  uni0   87.108  nint 12  waste  0.143  outage   567 h
  [172/803] instant    draw=42  LPSP  3.0326%  uni0  102.780  nint 13  waste  0.000  outage     0 h
  [173/803] corrective draw=42  LPSP  3.3212%  uni0  104.293  nint 13  waste  0.000  outage  7609 h
  [174/803] calendar   draw=42  LPSP  3.0939%  uni0  102.762  nint 13  waste  0.090  outage     7 h
  [175/803] rul        draw=42  LPSP  3.0763%  uni0  102.622  nint 13  waste  0.184  outage     0 h
  [176/803] instant    draw=43  LPSP  2.9477%  uni0   76.189  nint  9  waste  0.000  outage     0 h
  [177/803] corrective draw=43  LPSP  3.1495%  uni0   77.277  nint  7  waste  0.000  outage  8063 h
  [178/803] calendar   draw=43  LPSP  2.9992%  uni0   76.263  nint  9  waste  0.435  outage     0 h
  [179/803] rul        draw=43  LPSP  3.0048%  uni0   76.345  nint  9  waste  0.024  outage     0 h
  [180/803] instant    draw=44  LPSP  2.9452%  uni0  114.819  nint 14  waste  0.000  outage     0 h
  [181/803] corrective draw=44  LPSP  3.1144%  uni0  115.133  nint 13  waste  0.000  outage  4512 h
  [182/803] calendar   draw=44  LPSP  3.0538%  uni0  114.687  nint 14  waste  1.128  outage  1353 h
  [183/803] rul        draw=44  LPSP  3.0216%  uni0  114.571  nint 13  waste  0.063  outage   276 h
  [184/803] instant    draw=45  LPSP  2.9589%  uni0  111.168  nint 14  waste  0.000  outage     0 h
  [185/803] corrective draw=45  LPSP  3.1299%  uni0  112.037  nint 13  waste  0.000  outage  7068 h
  [186/803] calendar   draw=45  LPSP  3.0017%  uni0  111.120  nint 14  waste  0.850  outage  2017 h
  [187/803] rul        draw=45  LPSP  2.9909%  uni0  111.211  nint 12  waste  0.048  outage     0 h
  [188/803] instant    draw=46  LPSP  2.9176%  uni0  113.758  nint 15  waste  0.000  outage     0 h
  [189/803] corrective draw=46  LPSP  3.0478%  uni0  113.891  nint 13  waste  0.000  outage  3784 h
  [190/803] calendar   draw=46  LPSP  2.9934%  uni0  113.500  nint 13  waste  0.344  outage     0 h
  [191/803] rul        draw=46  LPSP  2.9970%  uni0  113.564  nint 14  waste  0.137  outage     0 h
  [192/803] instant    draw=47  LPSP  2.9673%  uni0   82.320  nint 13  waste  0.000  outage     0 h
  [193/803] corrective draw=47  LPSP  3.1431%  uni0   83.267  nint 13  waste  0.000  outage  7327 h
  [194/803] calendar   draw=47  LPSP  3.1431%  uni0   83.267  nint 13  waste  0.000  outage  7327 h
  [195/803] rul        draw=47  LPSP  2.9765%  uni0   82.319  nint 13  waste  0.537  outage     0 h
  [196/803] instant    draw=48  LPSP  2.9457%  uni0   73.871  nint 11  waste  0.000  outage     0 h
  [197/803] corrective draw=48  LPSP  3.0524%  uni0   74.255  nint  9  waste  0.000  outage  5646 h
  [198/803] calendar   draw=48  LPSP  3.0524%  uni0   74.255  nint  9  waste  0.000  outage  5646 h
  [199/803] rul        draw=48  LPSP  2.9543%  uni0   73.856  nint 12  waste  0.557  outage   315 h
  [200/803] instant    draw=49  LPSP  2.8071%  uni0  100.993  nint 14  waste  0.000  outage     0 h
  [201/803] corrective draw=49  LPSP  2.9138%  uni0  101.119  nint 13  waste  0.000  outage  5709 h
  [202/803] calendar   draw=49  LPSP  2.9138%  uni0  101.119  nint 13  waste  0.000  outage  5709 h
  [203/803] rul        draw=49  LPSP  2.8710%  uni0  100.884  nint 14  waste  0.170  outage     0 h
  [204/803] instant    draw=50  LPSP  3.0086%  uni0   70.946  nint  7  waste  0.000  outage     0 h
  [205/803] corrective draw=50  LPSP  3.0627%  uni0   71.332  nint  6  waste  0.000  outage  1052 h
  [206/803] calendar   draw=50  LPSP  3.0084%  uni0   70.756  nint  8  waste  2.088  outage     0 h
  [207/803] rul        draw=50  LPSP  3.0261%  uni0   71.052  nint  6  waste  0.028  outage   559 h
  [208/803] instant    draw=51  LPSP  2.9631%  uni0  107.103  nint 14  waste  0.000  outage     0 h
  [209/803] corrective draw=51  LPSP  3.1907%  uni0  108.025  nint 13  waste  0.000  outage  7082 h
  [210/803] calendar   draw=51  LPSP  3.1021%  uni0  107.595  nint 10  waste  0.125  outage   726 h
  [211/803] rul        draw=51  LPSP  3.0257%  uni0  107.000  nint 10  waste  0.184  outage     0 h
  [212/803] instant    draw=52  LPSP  2.8097%  uni0   75.831  nint 12  waste  0.000  outage     0 h
  [213/803] corrective draw=52  LPSP  2.9334%  uni0   76.341  nint 12  waste  0.000  outage  6760 h
  [214/803] calendar   draw=52  LPSP  2.9334%  uni0   76.341  nint 12  waste  0.000  outage  6760 h
  [215/803] rul        draw=52  LPSP  2.8460%  uni0   75.878  nint 13  waste  0.482  outage     0 h
  [216/803] instant    draw=53  LPSP  2.9441%  uni0   78.090  nint  9  waste  0.000  outage     0 h
  [217/803] corrective draw=53  LPSP  3.1971%  uni0   79.749  nint  8  waste  0.000  outage  5344 h
  [218/803] calendar   draw=53  LPSP  3.0765%  uni0   78.904  nint 10  waste  1.165  outage  1425 h
  [219/803] rul        draw=53  LPSP  2.9631%  uni0   78.048  nint  9  waste  0.114  outage     0 h
  [220/803] instant    draw=54  LPSP  2.7903%  uni0   71.782  nint  7  waste  0.000  outage     0 h
  [221/803] corrective draw=54  LPSP  2.8256%  uni0   71.986  nint  7  waste  0.000  outage  2786 h
  [222/803] calendar   draw=54  LPSP  2.7881%  uni0   71.441  nint  9  waste  1.984  outage     0 h
  [223/803] rul        draw=54  LPSP  2.8078%  uni0   71.844  nint  7  waste  0.036  outage     0 h
  [224/803] instant    draw=55  LPSP  2.9654%  uni0   79.497  nint 11  waste  0.000  outage     0 h
  [225/803] corrective draw=55  LPSP  3.3511%  uni0   81.902  nint 11  waste  0.000  outage  9532 h
  [226/803] calendar   draw=55  LPSP  3.3511%  uni0   81.902  nint 11  waste  0.000  outage  9532 h
  [227/803] rul        draw=55  LPSP  2.9922%  uni0   79.587  nint 11  waste  0.080  outage     0 h
  [228/803] instant    draw=56  LPSP  2.9472%  uni0   95.225  nint 13  waste  0.000  outage     0 h
  [229/803] corrective draw=56  LPSP  3.1311%  uni0   95.909  nint 13  waste  0.000  outage  4374 h
  [230/803] calendar   draw=56  LPSP  3.1311%  uni0   95.909  nint 13  waste  0.000  outage  4374 h
  [231/803] rul        draw=56  LPSP  3.0243%  uni0   95.268  nint 13  waste  0.235  outage   101 h
  [232/803] instant    draw=57  LPSP  2.7897%  uni0   88.810  nint 12  waste  0.000  outage     0 h
  [233/803] corrective draw=57  LPSP  2.8593%  uni0   89.113  nint 11  waste  0.000  outage  2509 h
  [234/803] calendar   draw=57  LPSP  2.8226%  uni0   88.810  nint 11  waste  0.379  outage     0 h
  [235/803] rul        draw=57  LPSP  2.8283%  uni0   88.892  nint 11  waste  0.164  outage     0 h
  [236/803] instant    draw=58  LPSP  2.9489%  uni0  119.114  nint 14  waste  0.000  outage     0 h
  [237/803] corrective draw=58  LPSP  3.2024%  uni0  120.696  nint 14  waste  0.000  outage  4856 h
  [238/803] calendar   draw=58  LPSP  2.9891%  uni0  118.842  nint 16  waste  1.749  outage  1679 h
  [239/803] rul        draw=58  LPSP  2.9910%  uni0  119.166  nint 14  waste  0.061  outage     0 h
  [240/803] instant    draw=59  LPSP  2.8075%  uni0   82.223  nint 11  waste  0.000  outage     0 h
  [241/803] corrective draw=59  LPSP  2.8944%  uni0   82.620  nint  9  waste  0.000  outage  5444 h
  [242/803] calendar   draw=59  LPSP  2.8365%  uni0   82.096  nint 10  waste  0.517  outage     0 h
  [243/803] rul        draw=59  LPSP  2.8466%  uni0   82.249  nint 10  waste  0.094  outage     0 h
  [244/803] instant    draw=60  LPSP  2.8460%  uni0   68.959  nint  8  waste  0.000  outage     0 h
  [245/803] corrective draw=60  LPSP  2.9582%  uni0   69.598  nint  7  waste  0.000  outage  4153 h
  [246/803] calendar   draw=60  LPSP  2.8632%  uni0   68.872  nint  8  waste  0.822  outage     0 h
  [247/803] rul        draw=60  LPSP  2.8730%  uni0   69.008  nint  7  waste  0.060  outage     0 h
  [248/803] instant    draw=61  LPSP  2.7929%  uni0  115.677  nint 16  waste  0.000  outage     0 h
  [249/803] corrective draw=61  LPSP  2.8909%  uni0  115.675  nint 15  waste  0.000  outage  3427 h
  [250/803] calendar   draw=61  LPSP  2.8909%  uni0  115.675  nint 15  waste  0.000  outage  3427 h
  [251/803] rul        draw=61  LPSP  2.8582%  uni0  115.468  nint 16  waste  0.232  outage     0 h
  [252/803] instant    draw=62  LPSP  2.9014%  uni0   95.629  nint 12  waste  0.000  outage     0 h
  [253/803] corrective draw=62  LPSP  3.0685%  uni0   96.588  nint 12  waste  0.000  outage  6238 h
  [254/803] calendar   draw=62  LPSP  3.0685%  uni0   96.588  nint 12  waste  0.000  outage  6238 h
  [255/803] rul        draw=62  LPSP  2.9218%  uni0   95.588  nint 11  waste  0.064  outage     0 h
  [256/803] instant    draw=63  LPSP  2.9665%  uni0   70.658  nint  9  waste  0.000  outage     0 h
  [257/803] corrective draw=63  LPSP  3.1240%  uni0   71.670  nint  7  waste  0.000  outage  3178 h
  [258/803] calendar   draw=63  LPSP  3.1979%  uni0   72.213  nint  9  waste  0.156  outage  2189 h
  [259/803] rul        draw=63  LPSP  3.0062%  uni0   70.772  nint  9  waste  0.157  outage     0 h
  [260/803] instant    draw=64  LPSP  3.0305%  uni0   77.838  nint 11  waste  0.000  outage     0 h
  [261/803] corrective draw=64  LPSP  3.2121%  uni0   78.740  nint  9  waste  0.000  outage  7133 h
  [262/803] calendar   draw=64  LPSP  3.2121%  uni0   78.740  nint  9  waste  0.000  outage  7133 h
  [263/803] rul        draw=64  LPSP  3.0517%  uni0   77.828  nint 11  waste  0.307  outage     0 h
  [264/803] instant    draw=65  LPSP  2.9722%  uni0   90.906  nint 12  waste  0.000  outage     0 h
  [265/803] corrective draw=65  LPSP  3.1445%  uni0   91.735  nint 11  waste  0.000  outage  5866 h
  [266/803] calendar   draw=65  LPSP  3.0154%  uni0   90.962  nint 11  waste  0.101  outage   476 h
  [267/803] rul        draw=65  LPSP  3.0061%  uni0   90.924  nint 11  waste  0.184  outage     0 h
  [268/803] instant    draw=66  LPSP  2.9835%  uni0   63.369  nint  9  waste  0.000  outage     0 h
  [269/803] corrective draw=66  LPSP  3.1200%  uni0   64.226  nint  9  waste  0.000  outage  3620 h
  [270/803] calendar   draw=66  LPSP  3.1200%  uni0   64.226  nint  9  waste  0.000  outage  3620 h
  [271/803] rul        draw=66  LPSP  3.0300%  uni0   63.603  nint  9  waste  0.236  outage   500 h
  [272/803] instant    draw=67  LPSP  2.8592%  uni0  106.090  nint 14  waste  0.000  outage     0 h
  [273/803] corrective draw=67  LPSP  2.9049%  uni0  106.165  nint 13  waste  0.000  outage  2414 h
  [274/803] calendar   draw=67  LPSP  2.9049%  uni0  106.165  nint 13  waste  0.000  outage  2414 h
  [275/803] rul        draw=67  LPSP  2.8921%  uni0  106.089  nint  9  waste  0.187  outage     0 h
  [276/803] instant    draw=68  LPSP  2.8761%  uni0   65.191  nint  9  waste  0.000  outage     0 h
  [277/803] corrective draw=68  LPSP  3.0233%  uni0   65.855  nint  7  waste  0.000  outage  7363 h
  [278/803] calendar   draw=68  LPSP  3.0233%  uni0   65.855  nint  7  waste  0.000  outage  7363 h
  [279/803] rul        draw=68  LPSP  2.9258%  uni0   65.357  nint  8  waste  0.129  outage     0 h
  [280/803] instant    draw=69  LPSP  2.9525%  uni0   70.540  nint 10  waste  0.000  outage     0 h
  [281/803] corrective draw=69  LPSP  3.0445%  uni0   70.780  nint 10  waste  0.000  outage  6298 h
  [282/803] calendar   draw=69  LPSP  3.0445%  uni0   70.780  nint 10  waste  0.000  outage  6298 h
  [283/803] rul        draw=69  LPSP  2.9714%  uni0   70.664  nint 10  waste  0.318  outage     0 h
  [284/803] instant    draw=70  LPSP  2.9684%  uni0   92.845  nint 13  waste  0.000  outage     0 h
  [285/803] corrective draw=70  LPSP  3.1597%  uni0   93.791  nint 13  waste  0.000  outage  8161 h
  [286/803] calendar   draw=70  LPSP  3.1597%  uni0   93.791  nint 13  waste  0.000  outage  8161 h
  [287/803] rul        draw=70  LPSP  2.9844%  uni0   92.865  nint 13  waste  0.203  outage     0 h
  [288/803] instant    draw=71  LPSP  2.9421%  uni0   75.015  nint  8  waste  0.000  outage     0 h
  [289/803] corrective draw=71  LPSP  3.0667%  uni0   75.844  nint  8  waste  0.000  outage  3153 h
  [290/803] calendar   draw=71  LPSP  3.0168%  uni0   75.368  nint  9  waste  1.479  outage  1209 h
  [291/803] rul        draw=71  LPSP  2.9655%  uni0   75.147  nint  8  waste  0.069  outage   197 h
  [292/803] instant    draw=72  LPSP  2.9763%  uni0   79.219  nint  9  waste  0.000  outage     0 h
  [293/803] corrective draw=72  LPSP  3.0036%  uni0   79.286  nint  9  waste  0.000  outage  1207 h
  [294/803] calendar   draw=72  LPSP  2.9804%  uni0   79.000  nint 10  waste  1.544  outage   788 h
  [295/803] rul        draw=72  LPSP  2.9883%  uni0   79.221  nint  9  waste  0.135  outage    78 h
  [296/803] instant    draw=73  LPSP  2.9172%  uni0   87.047  nint 10  waste  0.000  outage     0 h
  [297/803] corrective draw=73  LPSP  3.0658%  uni0   87.929  nint 10  waste  0.000  outage  3288 h
  [298/803] calendar   draw=73  LPSP  2.9396%  uni0   86.895  nint 11  waste  0.885  outage     0 h
  [299/803] rul        draw=73  LPSP  2.9505%  uni0   87.085  nint 10  waste  0.089  outage     0 h
  [300/803] instant    draw=74  LPSP  2.9653%  uni0   76.081  nint 10  waste  0.000  outage     0 h
  [301/803] corrective draw=74  LPSP  3.2589%  uni0   77.800  nint  9  waste  0.000  outage  6870 h
  [302/803] calendar   draw=74  LPSP  3.2589%  uni0   77.800  nint  9  waste  0.000  outage  6870 h
  [303/803] rul        draw=74  LPSP  3.0364%  uni0   76.239  nint  9  waste  0.134  outage     0 h
  [304/803] instant    draw=75  LPSP  3.0005%  uni0  118.676  nint 18  waste  0.000  outage     0 h
  [305/803] corrective draw=75  LPSP  3.1663%  uni0  118.831  nint 16  waste  0.000  outage  4104 h
  [306/803] calendar   draw=75  LPSP  3.1663%  uni0  118.831  nint 16  waste  0.000  outage  4104 h
  [307/803] rul        draw=75  LPSP  3.0811%  uni0  118.280  nint 16  waste  0.617  outage     0 h
  [308/803] instant    draw=76  LPSP  2.8102%  uni0   94.915  nint 12  waste  0.000  outage     0 h
  [309/803] corrective draw=76  LPSP  2.9866%  uni0   95.809  nint 12  waste  0.000  outage  4818 h
  [310/803] calendar   draw=76  LPSP  2.9866%  uni0   95.809  nint 12  waste  0.000  outage  4818 h
  [311/803] rul        draw=76  LPSP  2.8588%  uni0   94.863  nint 11  waste  0.111  outage     0 h
  [312/803] instant    draw=77  LPSP  2.9965%  uni0   90.336  nint 13  waste  0.000  outage     0 h
  [313/803] corrective draw=77  LPSP  3.1359%  uni0   90.703  nint 12  waste  0.000  outage 11536 h
  [314/803] calendar   draw=77  LPSP  3.1359%  uni0   90.703  nint 12  waste  0.000  outage 11536 h
  [315/803] rul        draw=77  LPSP  3.0096%  uni0   90.383  nint 13  waste  0.057  outage     0 h
  [316/803] instant    draw=78  LPSP  2.8048%  uni0   73.783  nint  8  waste  0.000  outage     0 h
  [317/803] corrective draw=78  LPSP  2.8511%  uni0   74.108  nint  8  waste  0.000  outage  2760 h
  [318/803] calendar   draw=78  LPSP  2.8022%  uni0   73.683  nint  9  waste  0.863  outage     0 h
  [319/803] rul        draw=78  LPSP  2.8110%  uni0   73.825  nint  8  waste  0.089  outage     0 h
  [320/803] instant    draw=79  LPSP  2.9187%  uni0   86.278  nint 13  waste  0.000  outage     0 h
  [321/803] corrective draw=79  LPSP  3.0708%  uni0   86.872  nint 13  waste  0.000  outage  5531 h
  [322/803] calendar   draw=79  LPSP  3.0708%  uni0   86.872  nint 13  waste  0.000  outage  5531 h
  [323/803] rul        draw=79  LPSP  2.9761%  uni0   86.308  nint 13  waste  0.441  outage     0 h
  [324/803] instant    draw=80  LPSP  2.9505%  uni0  125.134  nint 17  waste  0.000  outage     0 h
  [325/803] corrective draw=80  LPSP  3.1140%  uni0  125.362  nint 16  waste  0.000  outage  6848 h
  [326/803] calendar   draw=80  LPSP  3.1140%  uni0  125.362  nint 16  waste  0.000  outage  6848 h
  [327/803] rul        draw=80  LPSP  3.0492%  uni0  124.432  nint 11  waste  0.143  outage     0 h
  [328/803] instant    draw=81  LPSP  3.0009%  uni0   92.835  nint 13  waste  0.000  outage     0 h
  [329/803] corrective draw=81  LPSP  3.0843%  uni0   92.741  nint 13  waste  0.000  outage  9434 h
  [330/803] calendar   draw=81  LPSP  3.0843%  uni0   92.741  nint 13  waste  0.000  outage  9434 h
  [331/803] rul        draw=81  LPSP  3.0246%  uni0   92.812  nint  7  waste  0.208  outage     0 h
  [332/803] instant    draw=82  LPSP  3.0139%  uni0   97.040  nint 13  waste  0.000  outage     0 h
  [333/803] corrective draw=82  LPSP  3.1697%  uni0   97.669  nint 11  waste  0.000  outage  3113 h
  [334/803] calendar   draw=82  LPSP  3.1263%  uni0   97.253  nint 12  waste  0.580  outage  2025 h
  [335/803] rul        draw=82  LPSP  3.0613%  uni0   96.910  nint 12  waste  0.168  outage   180 h
  [336/803] instant    draw=83  LPSP  2.8077%  uni0  107.072  nint 13  waste  0.000  outage     0 h
  [337/803] corrective draw=83  LPSP  3.0002%  uni0  107.620  nint 12  waste  0.000  outage  6338 h
  [338/803] calendar   draw=83  LPSP  2.8704%  uni0  106.577  nint 13  waste  0.768  outage     0 h
  [339/803] rul        draw=83  LPSP  2.8806%  uni0  106.724  nint 12  waste  0.011  outage     0 h
  [340/803] instant    draw=84  LPSP  2.8346%  uni0   61.196  nint  7  waste  0.000  outage     0 h
  [341/803] corrective draw=84  LPSP  2.8702%  uni0   61.408  nint  6  waste  0.000  outage  1202 h
  [342/803] calendar   draw=84  LPSP  2.8380%  uni0   61.095  nint  7  waste  0.906  outage     0 h
  [343/803] rul        draw=84  LPSP  2.8550%  uni0   61.308  nint  6  waste  0.123  outage     0 h
  [344/803] instant    draw=85  LPSP  2.9435%  uni0  100.263  nint 12  waste  0.000  outage     0 h
  [345/803] corrective draw=85  LPSP  3.0944%  uni0  101.208  nint 12  waste  0.000  outage  5011 h
  [346/803] calendar   draw=85  LPSP  2.9696%  uni0  100.208  nint  9  waste  1.363  outage     0 h
  [347/803] rul        draw=85  LPSP  2.9717%  uni0  100.344  nint 12  waste  0.042  outage     0 h
  [348/803] instant    draw=86  LPSP  2.8248%  uni0   87.297  nint 12  waste  0.000  outage     0 h
  [349/803] corrective draw=86  LPSP  3.0204%  uni0   88.300  nint 12  waste  0.000  outage  7120 h
  [350/803] calendar   draw=86  LPSP  3.0204%  uni0   88.300  nint 12  waste  0.000  outage  7120 h
  [351/803] rul        draw=86  LPSP  2.8707%  uni0   87.317  nint 12  waste  0.129  outage     0 h
  [352/803] instant    draw=87  LPSP  2.9430%  uni0   93.466  nint 12  waste  0.000  outage     0 h
  [353/803] corrective draw=87  LPSP  3.0912%  uni0   94.034  nint 11  waste  0.000  outage  3275 h
  [354/803] calendar   draw=87  LPSP  2.9899%  uni0   93.222  nint 12  waste  0.647  outage   597 h
  [355/803] rul        draw=87  LPSP  2.9940%  uni0   93.394  nint 11  waste  0.115  outage   603 h
  [356/803] instant    draw=88  LPSP  2.9790%  uni0  111.061  nint 14  waste  0.000  outage     0 h
  [357/803] corrective draw=88  LPSP  3.1038%  uni0  111.614  nint 13  waste  0.000  outage  4797 h
  [358/803] calendar   draw=88  LPSP  3.0506%  uni0  111.170  nint 14  waste  0.897  outage  1764 h
  [359/803] rul        draw=88  LPSP  3.0058%  uni0  111.005  nint 13  waste  0.090  outage     0 h
  [360/803] instant    draw=89  LPSP  2.9325%  uni0   80.543  nint 11  waste  0.000  outage     0 h
  [361/803] corrective draw=89  LPSP  3.2146%  uni0   81.986  nint  5  waste  0.000  outage  5974 h
  [362/803] calendar   draw=89  LPSP  3.2146%  uni0   81.986  nint  5  waste  0.000  outage  5974 h
  [363/803] rul        draw=89  LPSP  3.0067%  uni0   80.685  nint 10  waste  0.185  outage     0 h
  [364/803] instant    draw=90  LPSP  2.9297%  uni0  103.906  nint 14  waste  0.000  outage     0 h
  [365/803] corrective draw=90  LPSP  3.1468%  uni0  104.685  nint 13  waste  0.000  outage 10058 h
  [366/803] calendar   draw=90  LPSP  3.1468%  uni0  104.685  nint 13  waste  0.000  outage 10058 h
  [367/803] rul        draw=90  LPSP  2.9852%  uni0  103.995  nint 12  waste  0.177  outage     0 h
  [368/803] instant    draw=91  LPSP  2.7898%  uni0   58.839  nint  7  waste  0.000  outage     0 h
  [369/803] corrective draw=91  LPSP  2.8436%  uni0   59.154  nint  7  waste  0.000  outage  2147 h
  [370/803] calendar   draw=91  LPSP  2.8436%  uni0   59.154  nint  7  waste  0.000  outage  2147 h
  [371/803] rul        draw=91  LPSP  2.8125%  uni0   58.961  nint  7  waste  0.199  outage     0 h
  [372/803] instant    draw=92  LPSP  2.8341%  uni0  105.160  nint 15  waste  0.000  outage     0 h
  [373/803] corrective draw=92  LPSP  2.9070%  uni0  105.604  nint 13  waste  0.000  outage  2485 h
  [374/803] calendar   draw=92  LPSP  2.9070%  uni0  105.604  nint 13  waste  0.000  outage  2485 h
  [375/803] rul        draw=92  LPSP  2.8365%  uni0  105.065  nint 14  waste  0.282  outage     0 h
  [376/803] instant    draw=93  LPSP  2.9575%  uni0  124.988  nint 18  waste  0.000  outage     0 h
  [377/803] corrective draw=93  LPSP  3.1580%  uni0  125.634  nint 17  waste  0.000  outage  8864 h
  [378/803] calendar   draw=93  LPSP  3.1580%  uni0  125.634  nint 17  waste  0.000  outage  8864 h
  [379/803] rul        draw=93  LPSP  2.9877%  uni0  124.708  nint 18  waste  0.230  outage     0 h
  [380/803] instant    draw=94  LPSP  2.8883%  uni0  126.260  nint 18  waste  0.000  outage     0 h
  [381/803] corrective draw=94  LPSP  3.2338%  uni0  128.522  nint 12  waste  0.000  outage 11576 h
  [382/803] calendar   draw=94  LPSP  3.2338%  uni0  128.522  nint 12  waste  0.000  outage 11576 h
  [383/803] rul        draw=94  LPSP  2.9048%  uni0  126.163  nint 18  waste  0.093  outage     0 h
  [384/803] instant    draw=95  LPSP  2.9527%  uni0  114.262  nint 15  waste  0.000  outage     0 h
  [385/803] corrective draw=95  LPSP  3.1393%  uni0  114.375  nint 14  waste  0.000  outage 10359 h
  [386/803] calendar   draw=95  LPSP  3.1393%  uni0  114.375  nint 14  waste  0.000  outage 10359 h
  [387/803] rul        draw=95  LPSP  3.0332%  uni0  114.054  nint 15  waste  0.016  outage   213 h
  [388/803] instant    draw=96  LPSP  2.8601%  uni0   61.528  nint  8  waste  0.000  outage     0 h
  [389/803] corrective draw=96  LPSP  2.8766%  uni0   61.548  nint  8  waste  0.000  outage  2218 h
  [390/803] calendar   draw=96  LPSP  2.8766%  uni0   61.548  nint  8  waste  0.000  outage  2218 h
  [391/803] rul        draw=96  LPSP  2.8632%  uni0   61.532  nint  8  waste  0.009  outage   230 h
  [392/803] instant    draw=97  LPSP  2.9391%  uni0  104.218  nint 12  waste  0.000  outage     0 h
  [393/803] corrective draw=97  LPSP  3.0820%  uni0  104.541  nint 12  waste  0.000  outage  3360 h
  [394/803] calendar   draw=97  LPSP  3.0238%  uni0  104.055  nint  9  waste  1.132  outage     0 h
  [395/803] rul        draw=97  LPSP  3.0319%  uni0  104.195  nint 12  waste  0.070  outage     0 h
  [396/803] instant    draw=98  LPSP  2.9921%  uni0  106.878  nint 15  waste  0.000  outage     0 h
  [397/803] corrective draw=98  LPSP  3.1332%  uni0  107.284  nint 15  waste  0.000  outage  4636 h
  [398/803] calendar   draw=98  LPSP  3.1332%  uni0  107.284  nint 15  waste  0.000  outage  4636 h
  [399/803] rul        draw=98  LPSP  3.0470%  uni0  106.805  nint 15  waste  0.015  outage   664 h
  [400/803] instant    draw=99  LPSP  2.9826%  uni0  101.616  nint 14  waste  0.000  outage     0 h
  [401/803] corrective draw=99  LPSP  3.1352%  uni0  102.297  nint 12  waste  0.000  outage  4992 h
  [402/803] calendar   draw=99  LPSP  3.1352%  uni0  102.297  nint 12  waste  0.000  outage  4992 h
  [403/803] rul        draw=99  LPSP  3.0386%  uni0  101.733  nint 14  waste  0.273  outage     0 h
  [404/803] instant    draw=100 LPSP  2.8269%  uni0   75.421  nint 11  waste  0.000  outage     0 h
  [405/803] corrective draw=100 LPSP  3.0219%  uni0   76.677  nint 10  waste  0.000  outage  7760 h
  [406/803] calendar   draw=100 LPSP  3.0219%  uni0   76.677  nint 10  waste  0.000  outage  7760 h
  [407/803] rul        draw=100 LPSP  2.8315%  uni0   75.416  nint 11  waste  0.140  outage     0 h
  [408/803] instant    draw=101 LPSP  2.7713%  uni0  113.071  nint 15  waste  0.000  outage     0 h
  [409/803] corrective draw=101 LPSP  2.8739%  uni0  113.300  nint 15  waste  0.000  outage  4224 h
  [410/803] calendar   draw=101 LPSP  2.8277%  uni0  112.953  nint 15  waste  0.127  outage     0 h
  [411/803] rul        draw=101 LPSP  2.8277%  uni0  112.953  nint 15  waste  0.127  outage     0 h
  [412/803] instant    draw=102 LPSP  2.8090%  uni0  107.888  nint 14  waste  0.000  outage     0 h
  [413/803] corrective draw=102 LPSP  2.8753%  uni0  107.481  nint 13  waste  0.000  outage   187 h
  [414/803] calendar   draw=102 LPSP  2.8753%  uni0  107.481  nint 13  waste  0.000  outage   187 h
  [415/803] rul        draw=102 LPSP  2.8753%  uni0  107.481  nint 13  waste  0.000  outage   187 h
  [416/803] instant    draw=103 LPSP  2.9392%  uni0  107.470  nint 16  waste  0.000  outage     0 h
  [417/803] corrective draw=103 LPSP  3.1365%  uni0  108.223  nint 16  waste  0.000  outage  6723 h
  [418/803] calendar   draw=103 LPSP  3.1365%  uni0  108.223  nint 16  waste  0.000  outage  6723 h
  [419/803] rul        draw=103 LPSP  2.9913%  uni0  107.445  nint 16  waste  0.608  outage     0 h
  [420/803] instant    draw=104 LPSP  2.7902%  uni0   60.751  nint  7  waste  0.000  outage     0 h
  [421/803] corrective draw=104 LPSP  2.9196%  uni0   61.517  nint  7  waste  0.000  outage  7880 h
  [422/803] calendar   draw=104 LPSP  2.9196%  uni0   61.517  nint  7  waste  0.000  outage  7880 h
  [423/803] rul        draw=104 LPSP  2.7974%  uni0   60.793  nint  7  waste  0.038  outage     0 h
  [424/803] instant    draw=105 LPSP  2.9356%  uni0   79.125  nint 10  waste  0.000  outage     0 h
  [425/803] corrective draw=105 LPSP  3.0549%  uni0   79.560  nint 10  waste  0.000  outage  6529 h
  [426/803] calendar   draw=105 LPSP  3.0549%  uni0   79.560  nint 10  waste  0.000  outage  6529 h
  [427/803] rul        draw=105 LPSP  2.9724%  uni0   79.269  nint 10  waste  0.142  outage     0 h
  [428/803] instant    draw=106 LPSP  2.7924%  uni0   81.142  nint 11  waste  0.000  outage     0 h
  [429/803] corrective draw=106 LPSP  2.9808%  uni0   82.001  nint 11  waste  0.000  outage  6834 h
  [430/803] calendar   draw=106 LPSP  2.9808%  uni0   82.001  nint 11  waste  0.000  outage  6834 h
  [431/803] rul        draw=106 LPSP  2.8641%  uni0   81.279  nint 11  waste  0.139  outage     0 h
  [432/803] instant    draw=107 LPSP  2.7736%  uni0   58.969  nint  8  waste  0.000  outage     0 h
  [433/803] corrective draw=107 LPSP  2.8476%  uni0   59.316  nint  7  waste  0.000  outage  6473 h
  [434/803] calendar   draw=107 LPSP  2.8476%  uni0   59.316  nint  7  waste  0.000  outage  6473 h
  [435/803] rul        draw=107 LPSP  2.7788%  uni0   58.951  nint  8  waste  0.156  outage     0 h
  [436/803] instant    draw=108 LPSP  2.9465%  uni0   93.240  nint 14  waste  0.000  outage     0 h
  [437/803] corrective draw=108 LPSP  3.1532%  uni0   94.488  nint 13  waste  0.000  outage  5953 h
  [438/803] calendar   draw=108 LPSP  3.1532%  uni0   94.488  nint 13  waste  0.000  outage  5953 h
  [439/803] rul        draw=108 LPSP  2.9451%  uni0   93.114  nint 14  waste  0.366  outage   586 h
  [440/803] instant    draw=109 LPSP  2.7750%  uni0   83.885  nint 12  waste  0.000  outage     0 h
  [441/803] corrective draw=109 LPSP  2.8144%  uni0   84.016  nint 11  waste  0.000  outage  1723 h
  [442/803] calendar   draw=109 LPSP  2.8144%  uni0   84.016  nint 11  waste  0.000  outage  1723 h
  [443/803] rul        draw=109 LPSP  2.8104%  uni0   84.005  nint 12  waste  0.055  outage  1442 h
  [444/803] instant    draw=110 LPSP  2.9580%  uni0  102.922  nint 14  waste  0.000  outage     0 h
  [445/803] corrective draw=110 LPSP  3.0572%  uni0  103.182  nint 13  waste  0.000  outage  1250 h
  [446/803] calendar   draw=110 LPSP  3.0572%  uni0  103.182  nint 13  waste  0.000  outage  1250 h
  [447/803] rul        draw=110 LPSP  3.0438%  uni0  103.090  nint 14  waste  0.081  outage   966 h
  [448/803] instant    draw=111 LPSP  2.9702%  uni0   92.669  nint 13  waste  0.000  outage     0 h
  [449/803] corrective draw=111 LPSP  3.1754%  uni0   93.875  nint  8  waste  0.000  outage  5598 h
  [450/803] calendar   draw=111 LPSP  3.1754%  uni0   93.875  nint  8  waste  0.000  outage  5598 h
  [451/803] rul        draw=111 LPSP  2.9803%  uni0   92.632  nint 14  waste  0.516  outage     0 h
  [452/803] instant    draw=112 LPSP  2.8952%  uni0   62.317  nint  8  waste  0.000  outage     0 h
  [453/803] corrective draw=112 LPSP  2.9882%  uni0   62.443  nint  7  waste  0.000  outage  9597 h
  [454/803] calendar   draw=112 LPSP  2.9882%  uni0   62.443  nint  7  waste  0.000  outage  9597 h
  [455/803] rul        draw=112 LPSP  2.9125%  uni0   62.408  nint  8  waste  0.047  outage     0 h
  [456/803] instant    draw=113 LPSP  2.8778%  uni0  102.479  nint 12  waste  0.000  outage     0 h
  [457/803] corrective draw=113 LPSP  3.0444%  uni0  103.014  nint 12  waste  0.000  outage  3529 h
  [458/803] calendar   draw=113 LPSP  2.9528%  uni0  102.227  nint  9  waste  0.872  outage     0 h
  [459/803] rul        draw=113 LPSP  2.9555%  uni0  102.356  nint 12  waste  0.075  outage     0 h
  [460/803] instant    draw=114 LPSP  2.8894%  uni0   65.246  nint  8  waste  0.000  outage     0 h
  [461/803] corrective draw=114 LPSP  3.0300%  uni0   65.905  nint  7  waste  0.000  outage  5508 h
  [462/803] calendar   draw=114 LPSP  3.0300%  uni0   65.905  nint  7  waste  0.000  outage  5508 h
  [463/803] rul        draw=114 LPSP  2.9322%  uni0   65.317  nint  7  waste  0.100  outage     0 h
  [464/803] instant    draw=115 LPSP  2.8516%  uni0  108.193  nint 15  waste  0.000  outage     0 h
  [465/803] corrective draw=115 LPSP  3.0738%  uni0  109.327  nint 13  waste  0.000  outage  6036 h
  [466/803] calendar   draw=115 LPSP  3.0738%  uni0  109.327  nint 13  waste  0.000  outage  6036 h
  [467/803] rul        draw=115 LPSP  2.9030%  uni0  108.107  nint 14  waste  0.172  outage     0 h
  [468/803] instant    draw=116 LPSP  2.9501%  uni0   74.333  nint 10  waste  0.000  outage     0 h
  [469/803] corrective draw=116 LPSP  3.0429%  uni0   74.805  nint 10  waste  0.000  outage  3929 h
  [470/803] calendar   draw=116 LPSP  3.0429%  uni0   74.805  nint 10  waste  0.000  outage  3929 h
  [471/803] rul        draw=116 LPSP  2.9658%  uni0   74.408  nint 10  waste  0.286  outage     6 h
  [472/803] instant    draw=117 LPSP  2.7871%  uni0   87.105  nint 14  waste  0.000  outage     0 h
  [473/803] corrective draw=117 LPSP  2.9825%  uni0   88.367  nint  7  waste  0.000  outage  3493 h
  [474/803] calendar   draw=117 LPSP  2.9825%  uni0   88.367  nint  7  waste  0.000  outage  3493 h
  [475/803] rul        draw=117 LPSP  2.8047%  uni0   86.968  nint 14  waste  0.522  outage     0 h
  [476/803] instant    draw=118 LPSP  2.8916%  uni0   76.882  nint 10  waste  0.000  outage     0 h
  [477/803] corrective draw=118 LPSP  3.1310%  uni0   78.577  nint  5  waste  0.000  outage  5314 h
  [478/803] calendar   draw=118 LPSP  3.1310%  uni0   78.577  nint  5  waste  0.000  outage  5314 h
  [479/803] rul        draw=118 LPSP  2.8966%  uni0   76.903  nint 10  waste  0.195  outage     0 h
  [480/803] instant    draw=119 LPSP  3.0080%  uni0   89.725  nint 10  waste  0.000  outage     0 h
  [481/803] corrective draw=119 LPSP  3.0659%  uni0   89.701  nint  9  waste  0.000  outage  1201 h
  [482/803] calendar   draw=119 LPSP  3.0422%  uni0   89.359  nint 11  waste  2.015  outage     0 h
  [483/803] rul        draw=119 LPSP  3.0621%  uni0   89.679  nint 10  waste  0.134  outage     0 h
  [484/803] instant    draw=120 LPSP  2.9783%  uni0   85.263  nint 10  waste  0.000  outage     0 h
  [485/803] corrective draw=120 LPSP  3.0169%  uni0   85.365  nint  9  waste  0.000  outage  2922 h
  [486/803] calendar   draw=120 LPSP  3.0396%  uni0   85.337  nint 10  waste  0.940  outage  2009 h
  [487/803] rul        draw=120 LPSP  2.9686%  uni0   84.995  nint 10  waste  0.216  outage     0 h
  [488/803] instant    draw=121 LPSP  2.8888%  uni0   68.541  nint  7  waste  0.000  outage     0 h
  [489/803] corrective draw=121 LPSP  2.9263%  uni0   68.700  nint  7  waste  0.000  outage  3015 h
  [490/803] calendar   draw=121 LPSP  2.8931%  uni0   68.370  nint  8  waste  1.579  outage     0 h
  [491/803] rul        draw=121 LPSP  2.9093%  uni0   68.644  nint  6  waste  0.034  outage   503 h
  [492/803] instant    draw=122 LPSP  2.8723%  uni0   91.259  nint 12  waste  0.000  outage     0 h
  [493/803] corrective draw=122 LPSP  3.0119%  uni0   92.146  nint 12  waste  0.000  outage  6280 h
  [494/803] calendar   draw=122 LPSP  3.0119%  uni0   92.146  nint 12  waste  0.000  outage  6280 h
  [495/803] rul        draw=122 LPSP  2.8916%  uni0   91.382  nint 12  waste  0.160  outage     0 h
  [496/803] instant    draw=123 LPSP  2.9744%  uni0   69.034  nint  9  waste  0.000  outage     0 h
  [497/803] corrective draw=123 LPSP  3.1362%  uni0   69.805  nint  8  waste  0.000  outage  7992 h
  [498/803] calendar   draw=123 LPSP  3.1362%  uni0   69.805  nint  8  waste  0.000  outage  7992 h
  [499/803] rul        draw=123 LPSP  2.9773%  uni0   69.026  nint  9  waste  0.165  outage     0 h
  [500/803] instant    draw=124 LPSP  2.8070%  uni0   83.517  nint 11  waste  0.000  outage     0 h
  [501/803] corrective draw=124 LPSP  2.8780%  uni0   83.969  nint 11  waste  0.000  outage  3259 h
  [502/803] calendar   draw=124 LPSP  2.8780%  uni0   83.969  nint 11  waste  0.000  outage  3259 h
  [503/803] rul        draw=124 LPSP  2.8079%  uni0   83.465  nint  9  waste  0.148  outage     0 h
  [504/803] instant    draw=125 LPSP  2.9096%  uni0   95.431  nint 13  waste  0.000  outage     0 h
  [505/803] corrective draw=125 LPSP  3.0662%  uni0   96.121  nint 11  waste  0.000  outage  2524 h
  [506/803] calendar   draw=125 LPSP  3.0662%  uni0   96.121  nint 11  waste  0.000  outage  2524 h
  [507/803] rul        draw=125 LPSP  2.9702%  uni0   95.400  nint 12  waste  0.006  outage   468 h
  [508/803] instant    draw=126 LPSP  2.8667%  uni0   97.164  nint 13  waste  0.000  outage     0 h
  [509/803] corrective draw=126 LPSP  3.0569%  uni0   97.950  nint 11  waste  0.000  outage 10389 h
  [510/803] calendar   draw=126 LPSP  3.0569%  uni0   97.950  nint 11  waste  0.000  outage 10389 h
  [511/803] rul        draw=126 LPSP  2.9257%  uni0   97.232  nint 13  waste  0.041  outage     0 h
  [512/803] instant    draw=127 LPSP  2.9873%  uni0  108.718  nint 15  waste  0.000  outage     0 h
  [513/803] corrective draw=127 LPSP  3.1682%  uni0  109.151  nint 14  waste  0.000  outage  4702 h
  [514/803] calendar   draw=127 LPSP  3.1682%  uni0  109.151  nint 14  waste  0.000  outage  4702 h
  [515/803] rul        draw=127 LPSP  3.0790%  uni0  108.679  nint 14  waste  0.011  outage   653 h
  [516/803] instant    draw=128 LPSP  2.9263%  uni0   85.828  nint 13  waste  0.000  outage     0 h
  [517/803] corrective draw=128 LPSP  3.0705%  uni0   86.575  nint 13  waste  0.000  outage  5309 h
  [518/803] calendar   draw=128 LPSP  3.0705%  uni0   86.575  nint 13  waste  0.000  outage  5309 h
  [519/803] rul        draw=128 LPSP  2.9401%  uni0   85.809  nint 13  waste  0.404  outage   294 h
  [520/803] instant    draw=129 LPSP  2.8981%  uni0  126.233  nint 18  waste  0.000  outage     0 h
  [521/803] corrective draw=129 LPSP  2.9678%  uni0  126.420  nint 17  waste  0.000  outage  5474 h
  [522/803] calendar   draw=129 LPSP  2.9678%  uni0  126.420  nint 17  waste  0.000  outage  5474 h
  [523/803] rul        draw=129 LPSP  2.9236%  uni0  126.137  nint 12  waste  0.234  outage     0 h
  [524/803] instant    draw=130 LPSP  2.8422%  uni0   62.157  nint  7  waste  0.000  outage     0 h
  [525/803] corrective draw=130 LPSP  3.0331%  uni0   63.410  nint  7  waste  0.000  outage  7844 h
  [526/803] calendar   draw=130 LPSP  3.0331%  uni0   63.410  nint  7  waste  0.000  outage  7844 h
  [527/803] rul        draw=130 LPSP  2.8512%  uni0   62.208  nint  7  waste  0.022  outage     0 h
  [528/803] instant    draw=131 LPSP  2.9366%  uni0  124.260  nint 19  waste  0.000  outage     0 h
  [529/803] corrective draw=131 LPSP  3.1599%  uni0  125.122  nint 16  waste  0.000  outage 11131 h
  [530/803] calendar   draw=131 LPSP  3.1599%  uni0  125.122  nint 16  waste  0.000  outage 11131 h
  [531/803] rul        draw=131 LPSP  2.9775%  uni0  124.326  nint 18  waste  0.184  outage     0 h
  [532/803] instant    draw=132 LPSP  2.9029%  uni0   69.809  nint  7  waste  0.000  outage     0 h
  [533/803] corrective draw=132 LPSP  3.0121%  uni0   70.442  nint  7  waste  0.000  outage  5858 h
  [534/803] calendar   draw=132 LPSP  2.9153%  uni0   69.739  nint  8  waste  0.825  outage     0 h
  [535/803] rul        draw=132 LPSP  2.9215%  uni0   69.915  nint  7  waste  0.025  outage     0 h
  [536/803] instant    draw=133 LPSP  2.9313%  uni0  101.924  nint 14  waste  0.000  outage     0 h
  [537/803] corrective draw=133 LPSP  3.1353%  uni0  102.718  nint 13  waste  0.000  outage  8670 h
  [538/803] calendar   draw=133 LPSP  3.1353%  uni0  102.718  nint 13  waste  0.000  outage  8670 h
  [539/803] rul        draw=133 LPSP  2.9866%  uni0  101.861  nint 14  waste  0.227  outage     0 h
  [540/803] instant    draw=134 LPSP  2.7467%  uni0   56.198  nint  7  waste  0.000  outage     0 h
  [541/803] corrective draw=134 LPSP  2.9299%  uni0   57.375  nint  7  waste  0.000  outage  8087 h
  [542/803] calendar   draw=134 LPSP  2.9299%  uni0   57.375  nint  7  waste  0.000  outage  8087 h
  [543/803] rul        draw=134 LPSP  2.7590%  uni0   56.270  nint  7  waste  0.017  outage     0 h
  [544/803] instant    draw=135 LPSP  2.8999%  uni0   61.814  nint  5  waste  0.000  outage     0 h
  [545/803] corrective draw=135 LPSP  2.9902%  uni0   62.410  nint  5  waste  0.000  outage  3736 h
  [546/803] calendar   draw=135 LPSP  2.8953%  uni0   61.589  nint  7  waste  1.788  outage     0 h
  [547/803] rul        draw=135 LPSP  2.9050%  uni0   61.841  nint  5  waste  0.014  outage     0 h
  [548/803] instant    draw=136 LPSP  2.9287%  uni0   73.537  nint  8  waste  0.000  outage     0 h
  [549/803] corrective draw=136 LPSP  3.0482%  uni0   74.159  nint  7  waste  0.000  outage  3944 h
  [550/803] calendar   draw=136 LPSP  2.9412%  uni0   73.435  nint  9  waste  0.901  outage    47 h
  [551/803] rul        draw=136 LPSP  2.9570%  uni0   73.629  nint  8  waste  0.202  outage   280 h
  [552/803] instant    draw=137 LPSP  2.9486%  uni0  103.830  nint 12  waste  0.000  outage     0 h
  [553/803] corrective draw=137 LPSP  3.0717%  uni0  103.976  nint 12  waste  0.000  outage  6480 h
  [554/803] calendar   draw=137 LPSP  3.0010%  uni0  103.725  nint 13  waste  0.985  outage    38 h
  [555/803] rul        draw=137 LPSP  2.9949%  uni0  103.763  nint 12  waste  0.182  outage     0 h
  [556/803] instant    draw=138 LPSP  2.9886%  uni0  112.688  nint 16  waste  0.000  outage     0 h
  [557/803] corrective draw=138 LPSP  3.1204%  uni0  113.071  nint 16  waste  0.000  outage  5417 h
  [558/803] calendar   draw=138 LPSP  3.1204%  uni0  113.071  nint 16  waste  0.000  outage  5417 h
  [559/803] rul        draw=138 LPSP  3.0564%  uni0  112.740  nint 16  waste  0.213  outage   154 h
  [560/803] instant    draw=139 LPSP  2.8624%  uni0   88.976  nint 11  waste  0.000  outage     0 h
  [561/803] corrective draw=139 LPSP  2.9655%  uni0   89.652  nint  9  waste  0.000  outage  3119 h
  [562/803] calendar   draw=139 LPSP  2.8675%  uni0   88.790  nint 11  waste  1.679  outage     0 h
  [563/803] rul        draw=139 LPSP  2.8879%  uni0   89.087  nint 10  waste  0.046  outage     0 h
  [564/803] instant    draw=140 LPSP  2.9594%  uni0   70.049  nint 10  waste  0.000  outage     0 h
  [565/803] corrective draw=140 LPSP  3.0710%  uni0   70.471  nint 10  waste  0.000  outage  6598 h
  [566/803] calendar   draw=140 LPSP  3.0710%  uni0   70.471  nint 10  waste  0.000  outage  6598 h
  [567/803] rul        draw=140 LPSP  2.9673%  uni0   70.073  nint 10  waste  0.423  outage     0 h
  [568/803] instant    draw=141 LPSP  2.9774%  uni0  106.023  nint 15  waste  0.000  outage     0 h
  [569/803] corrective draw=141 LPSP  3.1624%  uni0  106.653  nint 14  waste  0.000  outage  6364 h
  [570/803] calendar   draw=141 LPSP  3.1624%  uni0  106.653  nint 14  waste  0.000  outage  6364 h
  [571/803] rul        draw=141 LPSP  3.0411%  uni0  106.012  nint 14  waste  0.406  outage     0 h
  [572/803] instant    draw=142 LPSP  2.9207%  uni0  105.379  nint 13  waste  0.000  outage     0 h
  [573/803] corrective draw=142 LPSP  3.1195%  uni0  106.079  nint 13  waste  0.000  outage  4977 h
  [574/803] calendar   draw=142 LPSP  3.1195%  uni0  106.079  nint 13  waste  0.000  outage  4977 h
  [575/803] rul        draw=142 LPSP  2.9956%  uni0  105.190  nint 13  waste  0.119  outage     0 h
  [576/803] instant    draw=143 LPSP  2.9601%  uni0   70.410  nint  7  waste  0.000  outage     0 h
  [577/803] corrective draw=143 LPSP  3.0239%  uni0   70.565  nint  7  waste  0.000  outage  5017 h
  [578/803] calendar   draw=143 LPSP  2.9934%  uni0   70.517  nint  8  waste  0.832  outage  1051 h
  [579/803] rul        draw=143 LPSP  2.9767%  uni0   70.513  nint  4  waste  0.117  outage     0 h
  [580/803] instant    draw=144 LPSP  2.9370%  uni0   83.125  nint 12  waste  0.000  outage     0 h
  [581/803] corrective draw=144 LPSP  3.1468%  uni0   83.765  nint 12  waste  0.000  outage 12520 h
  [582/803] calendar   draw=144 LPSP  3.1468%  uni0   83.765  nint 12  waste  0.000  outage 12520 h
  [583/803] rul        draw=144 LPSP  2.9966%  uni0   83.268  nint 11  waste  0.119  outage   117 h
  [584/803] instant    draw=145 LPSP  2.8863%  uni0  106.920  nint 13  waste  0.000  outage     0 h
  [585/803] corrective draw=145 LPSP  3.0340%  uni0  107.508  nint 12  waste  0.000  outage  3549 h
  [586/803] calendar   draw=145 LPSP  2.9187%  uni0  106.472  nint 13  waste  1.177  outage     0 h
  [587/803] rul        draw=145 LPSP  2.9358%  uni0  106.733  nint 12  waste  0.075  outage     0 h
  [588/803] instant    draw=146 LPSP  2.8199%  uni0  120.075  nint 15  waste  0.000  outage     0 h
  [589/803] corrective draw=146 LPSP  2.8745%  uni0  120.295  nint 12  waste  0.000  outage  1377 h
  [590/803] calendar   draw=146 LPSP  2.8112%  uni0  119.620  nint 15  waste  1.547  outage     0 h
  [591/803] rul        draw=146 LPSP  2.8343%  uni0  119.956  nint 15  waste  0.104  outage     0 h
  [592/803] instant    draw=147 LPSP  2.9758%  uni0  111.598  nint 15  waste  0.000  outage     0 h
  [593/803] corrective draw=147 LPSP  3.1860%  uni0  112.161  nint 15  waste  0.000  outage  5269 h
  [594/803] calendar   draw=147 LPSP  3.1860%  uni0  112.161  nint 15  waste  0.000  outage  5269 h
  [595/803] rul        draw=147 LPSP  3.0553%  uni0  111.397  nint 15  waste  0.204  outage    68 h
  [596/803] instant    draw=148 LPSP  2.9881%  uni0   86.716  nint 11  waste  0.000  outage     0 h
  [597/803] corrective draw=148 LPSP  3.0614%  uni0   87.054  nint 10  waste  0.000  outage  3851 h
  [598/803] calendar   draw=148 LPSP  3.0016%  uni0   86.680  nint 10  waste  0.425  outage     0 h
  [599/803] rul        draw=148 LPSP  3.0065%  uni0   86.751  nint 10  waste  0.016  outage    23 h
  [600/803] instant    draw=149 LPSP  2.9627%  uni0  121.352  nint 17  waste  0.000  outage     0 h
  [601/803] corrective draw=149 LPSP  3.1550%  uni0  122.121  nint 13  waste  0.000  outage  6782 h
  [602/803] calendar   draw=149 LPSP  3.1550%  uni0  122.121  nint 13  waste  0.000  outage  6782 h
  [603/803] rul        draw=149 LPSP  3.0086%  uni0  121.007  nint 16  waste  0.291  outage     0 h
  [604/803] instant    draw=150 LPSP  2.8661%  uni0   92.448  nint 13  waste  0.000  outage     0 h
  [605/803] corrective draw=150 LPSP  2.9384%  uni0   92.620  nint 11  waste  0.000  outage  5038 h
  [606/803] calendar   draw=150 LPSP  2.9384%  uni0   92.620  nint 11  waste  0.000  outage  5038 h
  [607/803] rul        draw=150 LPSP  2.9100%  uni0   92.548  nint 12  waste  0.177  outage     0 h
  [608/803] instant    draw=151 LPSP  2.9954%  uni0  109.401  nint 15  waste  0.000  outage     0 h
  [609/803] corrective draw=151 LPSP  3.2147%  uni0  110.098  nint 14  waste  0.000  outage  4774 h
  [610/803] calendar   draw=151 LPSP  3.2147%  uni0  110.098  nint 14  waste  0.000  outage  4774 h
  [611/803] rul        draw=151 LPSP  3.0685%  uni0  109.134  nint 15  waste  0.200  outage   205 h
  [612/803] instant    draw=152 LPSP  2.9403%  uni0   61.243  nint  7  waste  0.000  outage     0 h
  [613/803] corrective draw=152 LPSP  2.9903%  uni0   61.473  nint  7  waste  0.000  outage  2772 h
  [614/803] calendar   draw=152 LPSP  2.9903%  uni0   61.473  nint  7  waste  0.000  outage  2772 h
  [615/803] rul        draw=152 LPSP  2.9732%  uni0   61.453  nint  7  waste  0.005  outage   753 h
  [616/803] instant    draw=153 LPSP  2.8511%  uni0   61.190  nint 10  waste  0.000  outage     0 h
  [617/803] corrective draw=153 LPSP  3.1868%  uni0   63.199  nint  9  waste  0.000  outage 12609 h
  [618/803] calendar   draw=153 LPSP  3.1868%  uni0   63.199  nint  9  waste  0.000  outage 12609 h
  [619/803] rul        draw=153 LPSP  2.8616%  uni0   61.236  nint 10  waste  0.043  outage     0 h
  [620/803] instant    draw=154 LPSP  2.7527%  uni0   58.735  nint  8  waste  0.000  outage     0 h
  [621/803] corrective draw=154 LPSP  2.9733%  uni0   60.052  nint  8  waste  0.000  outage 10364 h
  [622/803] calendar   draw=154 LPSP  2.9733%  uni0   60.052  nint  8  waste  0.000  outage 10364 h
  [623/803] rul        draw=154 LPSP  2.7699%  uni0   58.832  nint  8  waste  0.019  outage     0 h
  [624/803] instant    draw=155 LPSP  2.9232%  uni0   79.979  nint 10  waste  0.000  outage     0 h
  [625/803] corrective draw=155 LPSP  3.0613%  uni0   80.407  nint 10  waste  0.000  outage  8253 h
  [626/803] calendar   draw=155 LPSP  3.0534%  uni0   80.769  nint 10  waste  0.343  outage  1599 h
  [627/803] rul        draw=155 LPSP  2.9502%  uni0   80.057  nint 10  waste  0.117  outage     0 h
  [628/803] instant    draw=156 LPSP  2.8178%  uni0  101.749  nint 13  waste  0.000  outage     0 h
  [629/803] corrective draw=156 LPSP  2.8630%  uni0  102.019  nint 10  waste  0.000  outage   607 h
  [630/803] calendar   draw=156 LPSP  2.8067%  uni0  101.434  nint 13  waste  1.345  outage     0 h
  [631/803] rul        draw=156 LPSP  2.8548%  uni0  101.943  nint 11  waste  0.039  outage   333 h
  [632/803] instant    draw=157 LPSP  2.9680%  uni0   94.985  nint 12  waste  0.000  outage     0 h
  [633/803] corrective draw=157 LPSP  3.3249%  uni0   97.436  nint 11  waste  0.000  outage  8509 h
  [634/803] calendar   draw=157 LPSP  3.0329%  uni0   95.349  nint 12  waste  0.072  outage  1938 h
  [635/803] rul        draw=157 LPSP  2.9917%  uni0   95.121  nint 11  waste  0.088  outage     0 h
  [636/803] instant    draw=158 LPSP  2.9453%  uni0   86.455  nint 11  waste  0.000  outage     0 h
  [637/803] corrective draw=158 LPSP  3.2436%  uni0   88.371  nint 11  waste  0.000  outage  5869 h
  [638/803] calendar   draw=158 LPSP  3.0662%  uni0   87.102  nint 11  waste  0.181  outage  1940 h
  [639/803] rul        draw=158 LPSP  2.9704%  uni0   86.464  nint 11  waste  0.157  outage     0 h
  [640/803] instant    draw=159 LPSP  2.9527%  uni0   96.238  nint 12  waste  0.000  outage     0 h
  [641/803] corrective draw=159 LPSP  3.0596%  uni0   96.801  nint 12  waste  0.000  outage  6479 h
  [642/803] calendar   draw=159 LPSP  3.0596%  uni0   96.801  nint 12  waste  0.000  outage  6479 h
  [643/803] rul        draw=159 LPSP  2.9548%  uni0   96.190  nint 11  waste  0.011  outage   160 h
  [644/803] instant    draw=160 LPSP  2.7776%  uni0   80.708  nint 12  waste  0.000  outage     0 h
  [645/803] corrective draw=160 LPSP  3.0819%  uni0   82.651  nint 12  waste  0.000  outage  8578 h
  [646/803] calendar   draw=160 LPSP  3.0819%  uni0   82.651  nint 12  waste  0.000  outage  8578 h
  [647/803] rul        draw=160 LPSP  2.8198%  uni0   80.807  nint 13  waste  0.222  outage     0 h
  [648/803] instant    draw=161 LPSP  2.9464%  uni0  107.453  nint 15  waste  0.000  outage     0 h
  [649/803] corrective draw=161 LPSP  3.0592%  uni0  107.476  nint 15  waste  0.000  outage  3397 h
  [650/803] calendar   draw=161 LPSP  3.0592%  uni0  107.476  nint 15  waste  0.000  outage  3397 h
  [651/803] rul        draw=161 LPSP  3.0316%  uni0  107.407  nint 15  waste  0.145  outage   769 h
  [652/803] instant    draw=162 LPSP  2.8355%  uni0   70.211  nint 10  waste  0.000  outage     0 h
  [653/803] corrective draw=162 LPSP  2.9562%  uni0   70.756  nint 10  waste  0.000  outage  7639 h
  [654/803] calendar   draw=162 LPSP  2.9562%  uni0   70.756  nint 10  waste  0.000  outage  7639 h
  [655/803] rul        draw=162 LPSP  2.8545%  uni0   70.245  nint 11  waste  0.275  outage     0 h
  [656/803] instant    draw=163 LPSP  2.9045%  uni0   76.370  nint 10  waste  0.000  outage     0 h
  [657/803] corrective draw=163 LPSP  2.9541%  uni0   76.321  nint  9  waste  0.000  outage  9021 h
  [658/803] calendar   draw=163 LPSP  2.9541%  uni0   76.321  nint  9  waste  0.000  outage  9021 h
  [659/803] rul        draw=163 LPSP  2.9058%  uni0   76.354  nint 10  waste  0.083  outage     0 h
  [660/803] instant    draw=164 LPSP  2.9552%  uni0  100.987  nint 12  waste  0.000  outage     0 h
  [661/803] corrective draw=164 LPSP  3.1670%  uni0  101.907  nint  9  waste  0.000  outage  3825 h
  [662/803] calendar   draw=164 LPSP  3.0465%  uni0  100.997  nint 12  waste  0.783  outage  1959 h
  [663/803] rul        draw=164 LPSP  3.0111%  uni0  100.870  nint 11  waste  0.128  outage     0 h
  [664/803] instant    draw=165 LPSP  2.8472%  uni0   62.756  nint  7  waste  0.000  outage     0 h
  [665/803] corrective draw=165 LPSP  2.9433%  uni0   63.119  nint  6  waste  0.000  outage  5452 h
  [666/803] calendar   draw=165 LPSP  2.8853%  uni0   62.784  nint  7  waste  0.795  outage     0 h
  [667/803] rul        draw=165 LPSP  2.9012%  uni0   62.962  nint  6  waste  0.031  outage     0 h
  [668/803] instant    draw=166 LPSP  2.8942%  uni0   66.140  nint  6  waste  0.000  outage     0 h
  [669/803] corrective draw=166 LPSP  3.0054%  uni0   66.872  nint  6  waste  0.000  outage  1763 h
  [670/803] calendar   draw=166 LPSP  2.9890%  uni0   66.639  nint  8  waste  2.111  outage  1330 h
  [671/803] rul        draw=166 LPSP  2.9118%  uni0   66.202  nint  6  waste  0.051  outage    45 h
  [672/803] instant    draw=167 LPSP  2.9712%  uni0   70.469  nint 10  waste  0.000  outage     0 h
  [673/803] corrective draw=167 LPSP  3.1157%  uni0   71.257  nint 10  waste  0.000  outage  3440 h
  [674/803] calendar   draw=167 LPSP  3.1157%  uni0   71.257  nint 10  waste  0.000  outage  3440 h
  [675/803] rul        draw=167 LPSP  3.0212%  uni0   70.625  nint  9  waste  0.293  outage   110 h
  [676/803] instant    draw=168 LPSP  2.9748%  uni0   79.673  nint 10  waste  0.000  outage     0 h
  [677/803] corrective draw=168 LPSP  3.0211%  uni0   79.885  nint 10  waste  0.000  outage  2281 h
  [678/803] calendar   draw=168 LPSP  3.0211%  uni0   79.885  nint 10  waste  0.000  outage  2281 h
  [679/803] rul        draw=168 LPSP  2.9895%  uni0   79.725  nint  9  waste  0.159  outage     0 h
  [680/803] instant    draw=169 LPSP  3.0166%  uni0   66.844  nint  8  waste  0.000  outage     0 h
  [681/803] corrective draw=169 LPSP  3.0674%  uni0   67.107  nint  7  waste  0.000  outage  2441 h
  [682/803] calendar   draw=169 LPSP  3.1497%  uni0   67.770  nint  7  waste  0.377  outage  1886 h
  [683/803] rul        draw=169 LPSP  3.0274%  uni0   66.893  nint  8  waste  0.184  outage     0 h
  [684/803] instant    draw=170 LPSP  2.9616%  uni0   79.424  nint 10  waste  0.000  outage     0 h
  [685/803] corrective draw=170 LPSP  3.0648%  uni0   79.761  nint 10  waste  0.000  outage  4648 h
  [686/803] calendar   draw=170 LPSP  3.0648%  uni0   79.761  nint 10  waste  0.000  outage  4648 h
  [687/803] rul        draw=170 LPSP  3.0093%  uni0   79.570  nint 10  waste  0.143  outage     0 h
  [688/803] instant    draw=171 LPSP  2.9417%  uni0   97.911  nint 11  waste  0.000  outage     0 h
  [689/803] corrective draw=171 LPSP  3.0104%  uni0   98.188  nint  9  waste  0.000  outage  1454 h
  [690/803] calendar   draw=171 LPSP  2.9762%  uni0   97.735  nint 12  waste  1.761  outage   691 h
  [691/803] rul        draw=171 LPSP  2.9845%  uni0   98.035  nint  9  waste  0.107  outage   235 h
  [692/803] instant    draw=172 LPSP  3.0116%  uni0  121.996  nint 15  waste  0.000  outage     0 h
  [693/803] corrective draw=172 LPSP  3.2459%  uni0  122.780  nint 14  waste  0.000  outage  4245 h
  [694/803] calendar   draw=172 LPSP  3.0936%  uni0  121.443  nint 16  waste  2.059  outage   621 h
  [695/803] rul        draw=172 LPSP  3.1044%  uni0  121.759  nint 14  waste  0.065  outage     0 h
  [696/803] instant    draw=173 LPSP  2.7805%  uni0   67.899  nint  9  waste  0.000  outage     0 h
  [697/803] corrective draw=173 LPSP  2.8978%  uni0   68.697  nint  9  waste  0.000  outage  4546 h
  [698/803] calendar   draw=173 LPSP  2.8978%  uni0   68.697  nint  9  waste  0.000  outage  4546 h
  [699/803] rul        draw=173 LPSP  2.7965%  uni0   68.006  nint  9  waste  0.234  outage     0 h
  [700/803] instant    draw=174 LPSP  2.8454%  uni0   81.411  nint 11  waste  0.000  outage     0 h
  [701/803] corrective draw=174 LPSP  2.9217%  uni0   81.666  nint 11  waste  0.000  outage  2561 h
  [702/803] calendar   draw=174 LPSP  2.9217%  uni0   81.666  nint 11  waste  0.000  outage  2561 h
  [703/803] rul        draw=174 LPSP  2.8940%  uni0   81.505  nint 11  waste  0.293  outage     0 h
  [704/803] instant    draw=175 LPSP  2.9807%  uni0  120.766  nint 14  waste  0.000  outage     0 h
  [705/803] corrective draw=175 LPSP  3.2697%  uni0  122.174  nint 11  waste  0.000  outage  5065 h
  [706/803] calendar   draw=175 LPSP  3.0463%  uni0  120.398  nint 15  waste  0.845  outage     0 h
  [707/803] rul        draw=175 LPSP  3.0555%  uni0  120.567  nint 14  waste  0.043  outage     0 h
  [708/803] instant    draw=176 LPSP  2.8256%  uni0   74.116  nint  8  waste  0.000  outage     0 h
  [709/803] corrective draw=176 LPSP  2.9101%  uni0   74.736  nint  8  waste  0.000  outage  3271 h
  [710/803] calendar   draw=176 LPSP  2.8228%  uni0   73.996  nint  9  waste  1.275  outage     0 h
  [711/803] rul        draw=176 LPSP  2.8335%  uni0   74.169  nint  8  waste  0.077  outage     0 h
  [712/803] instant    draw=177 LPSP  2.9661%  uni0  122.330  nint 18  waste  0.000  outage     0 h
  [713/803] corrective draw=177 LPSP  3.1031%  uni0  122.437  nint 15  waste  0.000  outage  4891 h
  [714/803] calendar   draw=177 LPSP  3.1031%  uni0  122.437  nint 15  waste  0.000  outage  4891 h
  [715/803] rul        draw=177 LPSP  3.0248%  uni0  122.020  nint 16  waste  0.360  outage     0 h
  [716/803] instant    draw=178 LPSP  2.8148%  uni0  107.612  nint 14  waste  0.000  outage     0 h
  [717/803] corrective draw=178 LPSP  3.0263%  uni0  108.366  nint 11  waste  0.000  outage  4943 h
  [718/803] calendar   draw=178 LPSP  2.8833%  uni0  107.170  nint 13  waste  0.511  outage     0 h
  [719/803] rul        draw=178 LPSP  2.8930%  uni0  107.304  nint 13  waste  0.098  outage     0 h
  [720/803] instant    draw=179 LPSP  2.9485%  uni0   87.037  nint 12  waste  0.000  outage     0 h
  [721/803] corrective draw=179 LPSP  2.9715%  uni0   87.001  nint 12  waste  0.000  outage  3041 h
  [722/803] calendar   draw=179 LPSP  2.9715%  uni0   87.001  nint 12  waste  0.000  outage  3041 h
  [723/803] rul        draw=179 LPSP  2.9455%  uni0   86.917  nint 12  waste  0.147  outage   549 h
  [724/803] instant    draw=180 LPSP  2.8680%  uni0  105.924  nint 15  waste  0.000  outage     0 h
  [725/803] corrective draw=180 LPSP  3.0103%  uni0  106.101  nint 14  waste  0.000  outage  4484 h
  [726/803] calendar   draw=180 LPSP  3.0103%  uni0  106.101  nint 14  waste  0.000  outage  4484 h
  [727/803] rul        draw=180 LPSP  2.9590%  uni0  105.756  nint 15  waste  0.307  outage     0 h
  [728/803] instant    draw=181 LPSP  2.7905%  uni0   72.076  nint  8  waste  0.000  outage     0 h
  [729/803] corrective draw=181 LPSP  2.8545%  uni0   72.486  nint  7  waste  0.000  outage  1680 h
  [730/803] calendar   draw=181 LPSP  2.7976%  uni0   71.961  nint  9  waste  0.910  outage     0 h
  [731/803] rul        draw=181 LPSP  2.8030%  uni0   72.094  nint  8  waste  0.120  outage     0 h
  [732/803] instant    draw=182 LPSP  3.0055%  uni0  123.696  nint 16  waste  0.000  outage     0 h
  [733/803] corrective draw=182 LPSP  3.1149%  uni0  123.599  nint 13  waste  0.000  outage  3773 h
  [734/803] calendar   draw=182 LPSP  3.1149%  uni0  123.599  nint 13  waste  0.000  outage  3773 h
  [735/803] rul        draw=182 LPSP  3.0935%  uni0  123.597  nint 11  waste  0.033  outage   123 h
  [736/803] instant    draw=183 LPSP  2.9700%  uni0   72.237  nint  9  waste  0.000  outage     0 h
  [737/803] corrective draw=183 LPSP  3.2175%  uni0   73.920  nint  5  waste  0.000  outage  5448 h
  [738/803] calendar   draw=183 LPSP  3.2175%  uni0   73.920  nint  5  waste  0.000  outage  5448 h
  [739/803] rul        draw=183 LPSP  2.9763%  uni0   72.229  nint  9  waste  0.219  outage     0 h
  [740/803] instant    draw=184 LPSP  2.8075%  uni0   86.286  nint 11  waste  0.000  outage     0 h
  [741/803] corrective draw=184 LPSP  2.9080%  uni0   86.655  nint  9  waste  0.000  outage  1306 h
  [742/803] calendar   draw=184 LPSP  2.9080%  uni0   86.655  nint  9  waste  0.000  outage  1306 h
  [743/803] rul        draw=184 LPSP  2.8663%  uni0   86.330  nint 11  waste  0.222  outage     0 h
  [744/803] instant    draw=185 LPSP  2.9721%  uni0  127.144  nint 18  waste  0.000  outage     0 h
  [745/803] corrective draw=185 LPSP  3.3169%  uni0  128.841  nint 17  waste  0.000  outage  6834 h
  [746/803] calendar   draw=185 LPSP  3.3169%  uni0  128.841  nint 17  waste  0.000  outage  6834 h
  [747/803] rul        draw=185 LPSP  3.0325%  uni0  126.788  nint 18  waste  0.350  outage     0 h
  [748/803] instant    draw=186 LPSP  2.8052%  uni0  119.840  nint 19  waste  0.000  outage     0 h
  [749/803] corrective draw=186 LPSP  2.9175%  uni0  119.864  nint 17  waste  0.000  outage  4470 h
  [750/803] calendar   draw=186 LPSP  2.9175%  uni0  119.864  nint 17  waste  0.000  outage  4470 h
  [751/803] rul        draw=186 LPSP  2.8628%  uni0  119.551  nint 19  waste  0.774  outage     0 h
  [752/803] instant    draw=187 LPSP  3.0124%  uni0  114.145  nint 17  waste  0.000  outage     0 h
  [753/803] corrective draw=187 LPSP  3.1596%  uni0  114.416  nint 15  waste  0.000  outage  6403 h
  [754/803] calendar   draw=187 LPSP  3.1596%  uni0  114.416  nint 15  waste  0.000  outage  6403 h
  [755/803] rul        draw=187 LPSP  3.0569%  uni0  113.875  nint 15  waste  0.088  outage   204 h
  [756/803] instant    draw=188 LPSP  2.9378%  uni0   71.417  nint  9  waste  0.000  outage     0 h
  [757/803] corrective draw=188 LPSP  3.2262%  uni0   73.064  nint  8  waste  0.000  outage  6870 h
  [758/803] calendar   draw=188 LPSP  3.0012%  uni0   71.623  nint  8  waste  0.070  outage   471 h
  [759/803] rul        draw=188 LPSP  2.9841%  uni0   71.510  nint  8  waste  0.172  outage     0 h
  [760/803] instant    draw=189 LPSP  2.9471%  uni0   72.182  nint  9  waste  0.000  outage     0 h
  [761/803] corrective draw=189 LPSP  3.1666%  uni0   73.345  nint  9  waste  0.000  outage  9867 h
  [762/803] calendar   draw=189 LPSP  3.1666%  uni0   73.345  nint  9  waste  0.000  outage  9867 h
  [763/803] rul        draw=189 LPSP  2.9761%  uni0   72.307  nint  9  waste  0.066  outage     0 h
  [764/803] instant    draw=190 LPSP  2.9716%  uni0   88.318  nint 14  waste  0.000  outage     0 h
  [765/803] corrective draw=190 LPSP  3.2313%  uni0   89.303  nint 13  waste  0.000  outage 12372 h
  [766/803] calendar   draw=190 LPSP  3.2313%  uni0   89.303  nint 13  waste  0.000  outage 12372 h
  [767/803] rul        draw=190 LPSP  3.0213%  uni0   88.355  nint 12  waste  0.218  outage     0 h
  [768/803] instant    draw=191 LPSP  2.8920%  uni0   76.699  nint  8  waste  0.000  outage     0 h
  [769/803] corrective draw=191 LPSP  2.9426%  uni0   77.047  nint  8  waste  0.000  outage  1986 h
  [770/803] calendar   draw=191 LPSP  2.8936%  uni0   76.603  nint  9  waste  0.744  outage     0 h
  [771/803] rul        draw=191 LPSP  2.8946%  uni0   76.703  nint  8  waste  0.107  outage     0 h
  [772/803] instant    draw=192 LPSP  2.8600%  uni0   63.157  nint  8  waste  0.000  outage     0 h
  [773/803] corrective draw=192 LPSP  2.8806%  uni0   63.233  nint  7  waste  0.000  outage  1798 h
  [774/803] calendar   draw=192 LPSP  2.8806%  uni0   63.233  nint  7  waste  0.000  outage  1798 h
  [775/803] rul        draw=192 LPSP  2.8705%  uni0   63.184  nint  8  waste  0.222  outage   188 h
  [776/803] instant    draw=193 LPSP  2.8572%  uni0   71.997  nint  8  waste  0.000  outage     0 h
  [777/803] corrective draw=193 LPSP  2.9205%  uni0   72.180  nint  8  waste  0.000  outage  2889 h
  [778/803] calendar   draw=193 LPSP  2.8867%  uni0   71.861  nint  9  waste  1.524  outage     0 h
  [779/803] rul        draw=193 LPSP  2.9016%  uni0   72.103  nint  8  waste  0.075  outage     0 h
  [780/803] instant    draw=194 LPSP  2.9373%  uni0   97.419  nint 14  waste  0.000  outage     0 h
  [781/803] corrective draw=194 LPSP  3.0705%  uni0   97.685  nint 14  waste  0.000  outage  6512 h
  [782/803] calendar   draw=194 LPSP  3.0705%  uni0   97.685  nint 14  waste  0.000  outage  6512 h
  [783/803] rul        draw=194 LPSP  3.0116%  uni0   97.355  nint 14  waste  0.392  outage     0 h
  [784/803] instant    draw=195 LPSP  2.9403%  uni0  108.464  nint 15  waste  0.000  outage     0 h
  [785/803] corrective draw=195 LPSP  3.1625%  uni0  109.593  nint 14  waste  0.000  outage  9387 h
  [786/803] calendar   draw=195 LPSP  3.1625%  uni0  109.593  nint 14  waste  0.000  outage  9387 h
  [787/803] rul        draw=195 LPSP  2.9654%  uni0  108.530  nint 15  waste  0.215  outage     0 h
  [788/803] instant    draw=196 LPSP  2.9729%  uni0   72.197  nint  8  waste  0.000  outage     0 h
  [789/803] corrective draw=196 LPSP  3.0413%  uni0   72.536  nint  8  waste  0.000  outage  4300 h
  [790/803] calendar   draw=196 LPSP  3.0034%  uni0   72.271  nint  9  waste  1.321  outage   946 h
  [791/803] rul        draw=196 LPSP  2.9729%  uni0   72.160  nint  8  waste  0.110  outage     0 h
  [792/803] instant    draw=197 LPSP  2.9147%  uni0  112.389  nint 14  waste  0.000  outage     0 h
  [793/803] corrective draw=197 LPSP  3.0306%  uni0  112.170  nint 13  waste  0.000  outage  2609 h
  [794/803] calendar   draw=197 LPSP  3.0018%  uni0  111.984  nint 13  waste  0.356  outage     0 h
  [795/803] rul        draw=197 LPSP  3.0082%  uni0  112.056  nint 13  waste  0.154  outage     0 h
  [796/803] instant    draw=198 LPSP  2.9809%  uni0   64.186  nint  8  waste  0.000  outage     0 h
  [797/803] corrective draw=198 LPSP  3.0774%  uni0   64.482  nint  8  waste  0.000  outage  7010 h
  [798/803] calendar   draw=198 LPSP  3.0774%  uni0   64.482  nint  8  waste  0.000  outage  7010 h
  [799/803] rul        draw=198 LPSP  3.0003%  uni0   64.255  nint  7  waste  0.142  outage     0 h
  [800/803] instant    draw=199 LPSP  2.9685%  uni0  107.227  nint 13  waste  0.000  outage     0 h
  [801/803] corrective draw=199 LPSP  3.3792%  uni0  109.433  nint  9  waste  0.000  outage  7171 h
  [802/803] calendar   draw=199 LPSP  3.3792%  uni0  109.433  nint  9  waste  0.000  outage  7171 h
  [803/803] rul        draw=199 LPSP  3.0573%  uni0  107.093  nint 13  waste  0.046  outage     0 h
  (942s)

==============================================================================
COUT TOTAL [kEUR] a C_visite=1.5 (N=200, Tvisite=3m)
policy      |     mean |      P95 |   CVaR90 |   nint |   waste | outage h
instant     |  106.763 |  147.729 |  148.790 |  11.62 |   0.000 |        0
corrective  |  105.914 |  144.255 |  146.524 |  10.62 |   0.000 |     5327
calendar    |  106.644 |  146.376 |  147.778 |  11.02 |   0.385 |     3945
rul         |  105.965 |  144.290 |  146.066 |  10.99 |   0.154 |       85
------------------------------------------------------------------------------
  rul - corrective       : +0.051 +/- 2.333 kEUR ; gagne 57%
  rul - calendar         : -0.679 +/- 2.706 kEUR ; gagne 65%
  calendar - corrective  : +0.730 +/- 1.722 kEUR ; gagne 8%
==============================================================================
Resultats : /Work/Users/tlenoir/genial/Robustesse/Vieillissement9_4/maintenance_25y_T3m.txt
Figure    : /Work/Users/tlenoir/genial/Robustesse/Vieillissement9_4/maintenance_25y_T3m.pdf

real	16m44.108s
user	486m11.609s
sys	0m52.888s
fin=Fri Jul 10 14:16:21 CEST 2026
