Job 214903  noeud=node4-11  args=--tvisit 12
cpus-per-task=32  debut=Fri Jul 10 14:16:36 CEST 2026
numpy 1.21.5 scipy 1.9.1
=== VALEUR DE LA RUL -- maintenance insulaire (fenetres + cout fixe) ===
    horizon=25 ans | N_MC=200 | Tvisite=12m | marge RUL=1 | prev=fc+ely | mult U_log[0.50, 2.00] | seed=2026

--- Run nominal 'instant' (ages calendaires + test nul vs boucle de base)...
    TEST NUL instant==base : |unifie 81.889 - 81.889| = 0.000e+00 kEUR -> OK  (59s)
    vies nominales (1er remplacement) : bat=3.890296803652968 fc=5.524429223744292 ely=None -> ages calendaires {'bat': 3.89, 'fc': 5.52, 'ely': None}

--- 803 runs a lancer (1 repris, 32 workers) ---
  [  1/803] corrective draw=-1  LPSP  3.3164%  uni0   84.319  nint  8  waste  0.000  outage 16358 h
  [  2/803] calendar   draw=-1  LPSP  2.9512%  uni0   81.944  nint  9  waste  0.499  outage     0 h
  [  3/803] rul        draw=-1  LPSP  2.9512%  uni0   81.944  nint  9  waste  0.499  outage     0 h
  [  4/803] instant    draw=0   LPSP  2.9521%  uni0  118.365  nint 15  waste  0.000  outage     0 h
  [  5/803] corrective draw=0   LPSP  3.5225%  uni0  119.112  nint 11  waste  0.000  outage  6701 h
  [  6/803] calendar   draw=0   LPSP  3.5322%  uni0  119.087  nint 12  waste  1.397  outage  6372 h
  [  7/803] rul        draw=0   LPSP  3.3833%  uni0  118.209  nint 10  waste  0.197  outage  1550 h
  [  8/803] instant    draw=1   LPSP  3.0084%  uni0  101.447  nint 12  waste  0.000  outage     0 h
  [  9/803] corrective draw=1   LPSP  3.0960%  uni0  101.358  nint 10  waste  0.000  outage  1593 h
  [ 10/803] calendar   draw=1   LPSP  3.0814%  uni0  101.157  nint 11  waste  1.844  outage     0 h
  [ 11/803] rul        draw=1   LPSP  3.0960%  uni0  101.358  nint 10  waste  0.000  outage  1593 h
  [ 12/803] instant    draw=2   LPSP  2.8267%  uni0   80.665  nint 10  waste  0.000  outage     0 h
  [ 13/803] corrective draw=2   LPSP  3.1668%  uni0   82.604  nint  8  waste  0.000  outage 12416 h
  [ 14/803] calendar   draw=2   LPSP  2.8890%  uni0   80.661  nint  9  waste  0.602  outage     0 h
  [ 15/803] rul        draw=2   LPSP  2.8890%  uni0   80.661  nint  9  waste  0.602  outage     0 h
  [ 16/803] instant    draw=3   LPSP  2.8093%  uni0   83.589  nint 10  waste  0.000  outage     0 h
  [ 17/803] corrective draw=3   LPSP  3.1807%  uni0   85.262  nint  6  waste  0.000  outage  5217 h
  [ 18/803] calendar   draw=3   LPSP  2.9591%  uni0   83.406  nint  9  waste  1.829  outage     0 h
  [ 19/803] rul        draw=3   LPSP  2.9685%  uni0   83.590  nint  9  waste  0.409  outage     0 h
  [ 20/803] instant    draw=4   LPSP  2.9652%  uni0   73.701  nint  8  waste  0.000  outage     0 h
  [ 21/803] corrective draw=4   LPSP  3.0938%  uni0   73.955  nint  7  waste  0.000  outage  8508 h
  [ 22/803] calendar   draw=4   LPSP  3.0371%  uni0   73.793  nint  4  waste  1.460  outage     0 h
  [ 23/803] rul        draw=4   LPSP  3.0408%  uni0   73.959  nint  7  waste  0.009  outage   113 h
  [ 24/803] instant    draw=5   LPSP  3.0073%  uni0   76.620  nint 11  waste  0.000  outage     0 h
  [ 25/803] corrective draw=5   LPSP  3.6280%  uni0   80.342  nint  6  waste  0.000  outage 17072 h
  [ 26/803] calendar   draw=5   LPSP  3.6280%  uni0   80.342  nint  6  waste  0.000  outage 17072 h
  [ 27/803] rul        draw=5   LPSP  3.1596%  uni0   77.069  nint  9  waste  0.264  outage   105 h
  [ 28/803] instant    draw=6   LPSP  2.8130%  uni0   94.124  nint 11  waste  0.000  outage     0 h
  [ 29/803] corrective draw=6   LPSP  2.9355%  uni0   94.587  nint 10  waste  0.000  outage  3515 h
  [ 30/803] calendar   draw=6   LPSP  2.8692%  uni0   93.954  nint 11  waste  1.828  outage     0 h
  [ 31/803] rul        draw=6   LPSP  2.8780%  uni0   94.119  nint 10  waste  0.429  outage     0 h
  [ 32/803] instant    draw=7   LPSP  2.9064%  uni0   93.645  nint 12  waste  0.000  outage     0 h
  [ 33/803] corrective draw=7   LPSP  3.4154%  uni0   95.242  nint  8  waste  0.000  outage  6690 h
  [ 34/803] calendar   draw=7   LPSP  3.2320%  uni0   93.939  nint  9  waste  0.717  outage     0 h
  [ 35/803] rul        draw=7   LPSP  3.2320%  uni0   93.939  nint  9  waste  0.717  outage     0 h
  [ 36/803] instant    draw=8   LPSP  2.8355%  uni0   78.847  nint  9  waste  0.000  outage     0 h
  [ 37/803] corrective draw=8   LPSP  2.9147%  uni0   79.122  nint  9  waste  0.000  outage  3545 h
  [ 38/803] calendar   draw=8   LPSP  2.8736%  uni0   78.762  nint  9  waste  1.406  outage     0 h
  [ 39/803] rul        draw=8   LPSP  2.8891%  uni0   78.972  nint  8  waste  0.501  outage   906 h
  [ 40/803] instant    draw=9   LPSP  3.0136%  uni0   76.335  nint 10  waste  0.000  outage     0 h
  [ 41/803] corrective draw=9   LPSP  4.2103%  uni0   84.312  nint  4  waste  0.000  outage 28839 h
  [ 42/803] calendar   draw=9   LPSP  4.2103%  uni0   84.312  nint  4  waste  0.000  outage 28839 h
  [ 43/803] rul        draw=9   LPSP  3.1733%  uni0   76.832  nint  9  waste  0.658  outage     0 h
  [ 44/803] instant    draw=10  LPSP  3.0115%  uni0   68.603  nint  9  waste  0.000  outage     0 h
  [ 45/803] corrective draw=10  LPSP  3.6603%  uni0   71.799  nint  7  waste  0.000  outage 29393 h
  [ 46/803] calendar   draw=10  LPSP  3.6603%  uni0   71.799  nint  7  waste  0.000  outage 29393 h
  [ 47/803] rul        draw=10  LPSP  3.0694%  uni0   68.836  nint  9  waste  0.592  outage     0 h
  [ 48/803] instant    draw=11  LPSP  2.8921%  uni0   63.853  nint  8  waste  0.000  outage     0 h
  [ 49/803] corrective draw=11  LPSP  3.4975%  uni0   67.015  nint  7  waste  0.000  outage 32490 h
  [ 50/803] calendar   draw=11  LPSP  3.4975%  uni0   67.015  nint  7  waste  0.000  outage 32490 h
  [ 51/803] rul        draw=11  LPSP  2.9138%  uni0   63.910  nint  9  waste  0.483  outage     0 h
  [ 52/803] instant    draw=12  LPSP  2.9592%  uni0  121.247  nint 15  waste  0.000  outage     0 h
  [ 53/803] corrective draw=12  LPSP  3.9251%  uni0  124.446  nint 11  waste  0.000  outage 15937 h
  [ 54/803] calendar   draw=12  LPSP  3.4643%  uni0  121.123  nint 12  waste  1.666  outage  3357 h
  [ 55/803] rul        draw=12  LPSP  3.3793%  uni0  120.670  nint 10  waste  0.525  outage     0 h
  [ 56/803] instant    draw=13  LPSP  2.9399%  uni0  118.192  nint 15  waste  0.000  outage     0 h
  [ 57/803] corrective draw=13  LPSP  4.8454%  uni0  128.599  nint  8  waste  0.000  outage 29604 h
  [ 58/803] calendar   draw=13  LPSP  3.3792%  uni0  117.836  nint 11  waste  0.166  outage     0 h
  [ 59/803] rul        draw=13  LPSP  3.3792%  uni0  117.836  nint 11  waste  0.166  outage     0 h
  [ 60/803] instant    draw=14  LPSP  2.8815%  uni0  101.507  nint 14  waste  0.000  outage     0 h
  [ 61/803] corrective draw=14  LPSP  3.0227%  uni0  101.520  nint 11  waste  0.000  outage  2610 h
  [ 62/803] calendar   draw=14  LPSP  3.0227%  uni0  101.520  nint 11  waste  0.000  outage  2610 h
  [ 63/803] rul        draw=14  LPSP  3.0292%  uni0  101.554  nint 11  waste  0.236  outage  2101 h
  [ 64/803] instant    draw=15  LPSP  3.0288%  uni0   76.004  nint 10  waste  0.000  outage     0 h
  [ 65/803] corrective draw=15  LPSP  3.4406%  uni0   77.139  nint  8  waste  0.000  outage 33307 h
  [ 66/803] calendar   draw=15  LPSP  3.0962%  uni0   76.249  nint  4  waste  0.062  outage   637 h
  [ 67/803] rul        draw=15  LPSP  3.0962%  uni0   76.249  nint  4  waste  0.062  outage   637 h
  [ 68/803] instant    draw=16  LPSP  2.9355%  uni0   68.635  nint  8  waste  0.000  outage     0 h
  [ 69/803] corrective draw=16  LPSP  3.6185%  uni0   73.114  nint  4  waste  0.000  outage 15761 h
  [ 70/803] calendar   draw=16  LPSP  2.9998%  uni0   68.749  nint  8  waste  0.519  outage     0 h
  [ 71/803] rul        draw=16  LPSP  2.9998%  uni0   68.749  nint  8  waste  0.519  outage     0 h
  [ 72/803] instant    draw=17  LPSP  2.8427%  uni0   63.243  nint  9  waste  0.000  outage     0 h
  [ 73/803] corrective draw=17  LPSP  3.5522%  uni0   66.893  nint  7  waste  0.000  outage 41184 h
  [ 74/803] calendar   draw=17  LPSP  3.5522%  uni0   66.893  nint  7  waste  0.000  outage 41184 h
  [ 75/803] rul        draw=17  LPSP  2.8799%  uni0   63.416  nint  9  waste  0.132  outage     0 h
  [ 76/803] instant    draw=18  LPSP  3.0201%  uni0  103.565  nint 14  waste  0.000  outage     0 h
  [ 77/803] corrective draw=18  LPSP  3.4506%  uni0  105.924  nint 10  waste  0.000  outage 11604 h
  [ 78/803] calendar   draw=18  LPSP  3.2739%  uni0  104.956  nint 11  waste  0.007  outage  2679 h
  [ 79/803] rul        draw=18  LPSP  3.0650%  uni0  103.365  nint 12  waste  0.322  outage   435 h
  [ 80/803] instant    draw=19  LPSP  2.8901%  uni0   96.325  nint 14  waste  0.000  outage     0 h
  [ 81/803] corrective draw=19  LPSP  3.4541%  uni0   99.086  nint  9  waste  0.000  outage 12661 h
  [ 82/803] calendar   draw=19  LPSP  3.4541%  uni0   99.086  nint  9  waste  0.000  outage 12661 h
  [ 83/803] rul        draw=19  LPSP  3.1255%  uni0   96.163  nint 10  waste  2.083  outage     0 h
  [ 84/803] instant    draw=20  LPSP  2.8179%  uni0   59.631  nint  6  waste  0.000  outage     0 h
  [ 85/803] corrective draw=20  LPSP  3.5654%  uni0   65.076  nint  3  waste  0.000  outage 15898 h
  [ 86/803] calendar   draw=20  LPSP  2.8352%  uni0   59.529  nint  7  waste  1.134  outage     0 h
  [ 87/803] rul        draw=20  LPSP  2.8377%  uni0   59.630  nint  7  waste  0.338  outage     0 h
  [ 88/803] instant    draw=21  LPSP  2.9427%  uni0   68.354  nint  7  waste  0.000  outage     0 h
  [ 89/803] corrective draw=21  LPSP  3.5151%  uni0   71.451  nint  6  waste  0.000  outage 22809 h
  [ 90/803] calendar   draw=21  LPSP  3.0214%  uni0   68.440  nint  8  waste  1.509  outage     0 h
  [ 91/803] rul        draw=21  LPSP  3.0351%  uni0   68.671  nint  7  waste  0.074  outage     0 h
  [ 92/803] instant    draw=22  LPSP  3.0062%  uni0   91.009  nint 13  waste  0.000  outage     0 h
  [ 93/803] corrective draw=22  LPSP  3.8028%  uni0   94.148  nint  9  waste  0.000  outage 42553 h
  [ 94/803] calendar   draw=22  LPSP  3.8028%  uni0   94.148  nint  9  waste  0.000  outage 42553 h
  [ 95/803] rul        draw=22  LPSP  3.0909%  uni0   91.073  nint  7  waste  0.118  outage     0 h
  [ 96/803] instant    draw=23  LPSP  2.9164%  uni0   67.655  nint  9  waste  0.000  outage     0 h
  [ 97/803] corrective draw=23  LPSP  3.4329%  uni0   69.792  nint  8  waste  0.000  outage 21545 h
  [ 98/803] calendar   draw=23  LPSP  3.3959%  uni0   69.498  nint  8  waste  0.159  outage 21300 h
  [ 99/803] rul        draw=23  LPSP  3.0077%  uni0   67.971  nint  7  waste  1.036  outage     0 h
  [100/803] instant    draw=24  LPSP  2.9277%  uni0  123.350  nint 14  waste  0.000  outage     0 h
  [101/803] corrective draw=24  LPSP  4.2276%  uni0  128.993  nint  9  waste  0.000  outage 11933 h
  [102/803] calendar   draw=24  LPSP  4.2236%  uni0  129.032  nint 11  waste  2.259  outage  7169 h
  [103/803] rul        draw=24  LPSP  3.4292%  uni0  123.082  nint 11  waste  0.461  outage     0 h
  [104/803] instant    draw=25  LPSP  2.9987%  uni0   98.913  nint 11  waste  0.000  outage     0 h
  [105/803] corrective draw=25  LPSP  3.3776%  uni0  100.882  nint 10  waste  0.000  outage 19002 h
  [106/803] calendar   draw=25  LPSP  3.6500%  uni0  103.326  nint 11  waste  2.302  outage  8608 h
  [107/803] rul        draw=25  LPSP  3.0637%  uni0   98.997  nint  9  waste  0.101  outage   497 h
  [108/803] instant    draw=26  LPSP  2.8012%  uni0   90.343  nint 13  waste  0.000  outage     0 h
  [109/803] corrective draw=26  LPSP  3.3711%  uni0   92.549  nint  9  waste  0.000  outage 14298 h
  [110/803] calendar   draw=26  LPSP  3.3711%  uni0   92.549  nint  9  waste  0.000  outage 14298 h
  [111/803] rul        draw=26  LPSP  3.0930%  uni0   90.578  nint  6  waste  1.163  outage     0 h
  [112/803] instant    draw=27  LPSP  3.0069%  uni0   83.737  nint 10  waste  0.000  outage     0 h
  [113/803] corrective draw=27  LPSP  3.0789%  uni0   83.666  nint  8  waste  0.000  outage  8968 h
  [114/803] calendar   draw=27  LPSP  3.0346%  uni0   83.678  nint  9  waste  0.832  outage     0 h
  [115/803] rul        draw=27  LPSP  3.0473%  uni0   83.803  nint  8  waste  0.008  outage   527 h
  [116/803] instant    draw=28  LPSP  2.9948%  uni0   70.436  nint  9  waste  0.000  outage     0 h
  [117/803] corrective draw=28  LPSP  3.3549%  uni0   71.816  nint  8  waste  0.000  outage 23970 h
  [118/803] calendar   draw=28  LPSP  3.3549%  uni0   71.816  nint  8  waste  0.000  outage 23970 h
  [119/803] rul        draw=28  LPSP  3.0365%  uni0   70.539  nint  8  waste  0.820  outage     0 h
  [120/803] instant    draw=29  LPSP  2.9646%  uni0  120.506  nint 17  waste  0.000  outage     0 h
  [121/803] corrective draw=29  LPSP  3.9275%  uni0  124.443  nint 12  waste  0.000  outage 15404 h
  [122/803] calendar   draw=29  LPSP  3.9275%  uni0  124.443  nint 12  waste  0.000  outage 15404 h
  [123/803] rul        draw=29  LPSP  3.2596%  uni0  119.753  nint 10  waste  2.085  outage   888 h
  [124/803] instant    draw=30  LPSP  2.8290%  uni0   65.652  nint  7  waste  0.000  outage     0 h
  [125/803] corrective draw=30  LPSP  3.0029%  uni0   66.185  nint  6  waste  0.000  outage  9152 h
  [126/803] calendar   draw=30  LPSP  2.9277%  uni0   65.697  nint  8  waste  1.866  outage     0 h
  [127/803] rul        draw=30  LPSP  2.9539%  uni0   66.031  nint  6  waste  0.002  outage   422 h
  [128/803] instant    draw=31  LPSP  2.9966%  uni0   87.179  nint 11  waste  0.000  outage     0 h
  [129/803] corrective draw=31  LPSP  3.3424%  uni0   88.547  nint  9  waste  0.000  outage 18472 h
  [130/803] calendar   draw=31  LPSP  3.3424%  uni0   88.547  nint  9  waste  0.000  outage 18472 h
  [131/803] rul        draw=31  LPSP  3.0772%  uni0   87.219  nint  6  waste  1.024  outage     0 h
  [132/803] instant    draw=32  LPSP  2.8985%  uni0   64.819  nint  8  waste  0.000  outage     0 h
  [133/803] corrective draw=32  LPSP  3.3172%  uni0   66.841  nint  7  waste  0.000  outage 16495 h
  [134/803] calendar   draw=32  LPSP  3.1218%  uni0   66.017  nint  8  waste  0.624  outage  5080 h
  [135/803] rul        draw=32  LPSP  2.9672%  uni0   65.088  nint  8  waste  0.743  outage     0 h
  [136/803] instant    draw=33  LPSP  2.8525%  uni0   91.827  nint 12  waste  0.000  outage     0 h
  [137/803] corrective draw=33  LPSP  3.8272%  uni0   97.507  nint  6  waste  0.000  outage 19812 h
  [138/803] calendar   draw=33  LPSP  3.1754%  uni0   91.986  nint  9  waste  1.007  outage     0 h
  [139/803] rul        draw=33  LPSP  3.1914%  uni0   92.174  nint  8  waste  0.222  outage     0 h
  [140/803] instant    draw=34  LPSP  2.9202%  uni0   64.825  nint  8  waste  0.000  outage     0 h
  [141/803] corrective draw=34  LPSP  3.0530%  uni0   65.331  nint  7  waste  0.000  outage  7606 h
  [142/803] calendar   draw=34  LPSP  3.0530%  uni0   65.331  nint  7  waste  0.000  outage  7606 h
  [143/803] rul        draw=34  LPSP  2.9576%  uni0   64.888  nint  9  waste  1.276  outage     0 h
  [144/803] instant    draw=35  LPSP  2.9508%  uni0   69.310  nint  7  waste  0.000  outage     0 h
  [145/803] corrective draw=35  LPSP  3.5329%  uni0   72.530  nint  6  waste  0.000  outage 20591 h
  [146/803] calendar   draw=35  LPSP  3.1316%  uni0   70.143  nint  8  waste  2.604  outage  4291 h
  [147/803] rul        draw=35  LPSP  3.0028%  uni0   69.500  nint  6  waste  0.378  outage     0 h
  [148/803] instant    draw=36  LPSP  2.9641%  uni0  129.384  nint 17  waste  0.000  outage     0 h
  [149/803] corrective draw=36  LPSP  4.0618%  uni0  132.334  nint 11  waste  0.000  outage 19730 h
  [150/803] calendar   draw=36  LPSP  4.1052%  uni0  132.993  nint 11  waste  1.098  outage  4101 h
  [151/803] rul        draw=36  LPSP  3.6063%  uni0  129.225  nint  9  waste  0.523  outage     0 h
  [152/803] instant    draw=37  LPSP  3.0017%  uni0   69.132  nint  8  waste  0.000  outage     0 h
  [153/803] corrective draw=37  LPSP  4.0530%  uni0   76.195  nint  4  waste  0.000  outage 25044 h
  [154/803] calendar   draw=37  LPSP  3.0219%  uni0   69.167  nint  8  waste  0.292  outage     0 h
  [155/803] rul        draw=37  LPSP  3.0219%  uni0   69.167  nint  8  waste  0.292  outage     0 h
  [156/803] instant    draw=38  LPSP  2.9671%  uni0  134.690  nint 19  waste  0.000  outage     0 h
  [157/803] corrective draw=38  LPSP  4.2022%  uni0  142.034  nint 14  waste  0.000  outage 39476 h
  [158/803] calendar   draw=38  LPSP  4.2022%  uni0  142.034  nint 14  waste  0.000  outage 39476 h
  [159/803] rul        draw=38  LPSP  2.9931%  uni0  134.457  nint 13  waste  0.503  outage     0 h
  [160/803] instant    draw=39  LPSP  2.8576%  uni0   76.264  nint 10  waste  0.000  outage     0 h
  [161/803] corrective draw=39  LPSP  4.3069%  uni0   85.999  nint  4  waste  0.000  outage 26834 h
  [162/803] calendar   draw=39  LPSP  4.3069%  uni0   85.999  nint  4  waste  0.000  outage 26834 h
  [163/803] rul        draw=39  LPSP  3.0037%  uni0   76.398  nint  9  waste  0.691  outage     0 h
  [164/803] instant    draw=40  LPSP  2.9608%  uni0  104.787  nint 13  waste  0.000  outage     0 h
  [165/803] corrective draw=40  LPSP  4.1920%  uni0  113.010  nint  8  waste  0.000  outage 25324 h
  [166/803] calendar   draw=40  LPSP  3.0789%  uni0  105.096  nint 12  waste  0.557  outage  1673 h
  [167/803] rul        draw=40  LPSP  3.0042%  uni0  104.570  nint 11  waste  0.948  outage     0 h
  [168/803] instant    draw=41  LPSP  2.9337%  uni0   86.862  nint 13  waste  0.000  outage     0 h
  [169/803] corrective draw=41  LPSP  4.2035%  uni0   92.819  nint 10  waste  0.000  outage 39191 h
  [170/803] calendar   draw=41  LPSP  4.2035%  uni0   92.819  nint 10  waste  0.000  outage 39191 h
  [171/803] rul        draw=41  LPSP  3.1110%  uni0   87.105  nint 11  waste  0.928  outage     0 h
  [172/803] instant    draw=42  LPSP  3.0326%  uni0  102.780  nint 13  waste  0.000  outage     0 h
  [173/803] corrective draw=42  LPSP  3.6414%  uni0  106.615  nint  8  waste  0.000  outage 14605 h
  [174/803] calendar   draw=42  LPSP  3.2673%  uni0  104.038  nint 11  waste  0.557  outage  2220 h
  [175/803] rul        draw=42  LPSP  3.0608%  uni0  102.475  nint 12  waste  0.858  outage     0 h
  [176/803] instant    draw=43  LPSP  2.9477%  uni0   76.189  nint  9  waste  0.000  outage     0 h
  [177/803] corrective draw=43  LPSP  3.4157%  uni0   77.930  nint  7  waste  0.000  outage 26033 h
  [178/803] calendar   draw=43  LPSP  3.0802%  uni0   76.344  nint  4  waste  0.849  outage     0 h
  [179/803] rul        draw=43  LPSP  3.0804%  uni0   76.426  nint  8  waste  0.024  outage     0 h
  [180/803] instant    draw=44  LPSP  2.9452%  uni0  114.819  nint 14  waste  0.000  outage     0 h
  [181/803] corrective draw=44  LPSP  3.9324%  uni0  119.389  nint 11  waste  0.000  outage 17361 h
  [182/803] calendar   draw=44  LPSP  3.4094%  uni0  115.593  nint 12  waste  1.531  outage  3496 h
  [183/803] rul        draw=44  LPSP  3.2095%  uni0  114.261  nint 10  waste  0.346  outage   276 h
  [184/803] instant    draw=45  LPSP  2.9589%  uni0  111.168  nint 14  waste  0.000  outage     0 h
  [185/803] corrective draw=45  LPSP  3.6107%  uni0  113.662  nint 11  waste  0.000  outage 18147 h
  [186/803] calendar   draw=45  LPSP  3.8955%  uni0  116.381  nint 11  waste  1.192  outage  8486 h
  [187/803] rul        draw=45  LPSP  3.1672%  uni0  110.908  nint  9  waste  0.449  outage     0 h
  [188/803] instant    draw=46  LPSP  2.9176%  uni0  113.758  nint 15  waste  0.000  outage     0 h
  [189/803] corrective draw=46  LPSP  3.4446%  uni0  114.735  nint  8  waste  0.000  outage  3784 h
  [190/803] calendar   draw=46  LPSP  3.2604%  uni0  113.284  nint 11  waste  0.772  outage     0 h
  [191/803] rul        draw=46  LPSP  3.2604%  uni0  113.284  nint 11  waste  0.772  outage     0 h
  [192/803] instant    draw=47  LPSP  2.9673%  uni0   82.320  nint 13  waste  0.000  outage     0 h
  [193/803] corrective draw=47  LPSP  3.8669%  uni0   86.633  nint  9  waste  0.000  outage 30608 h
  [194/803] calendar   draw=47  LPSP  3.8669%  uni0   86.633  nint  9  waste  0.000  outage 30608 h
  [195/803] rul        draw=47  LPSP  3.1115%  uni0   82.470  nint 12  waste  1.453  outage     0 h
  [196/803] instant    draw=48  LPSP  2.9457%  uni0   73.871  nint 11  waste  0.000  outage     0 h
  [197/803] corrective draw=48  LPSP  3.8210%  uni0   77.126  nint 10  waste  0.000  outage 41947 h
  [198/803] calendar   draw=48  LPSP  3.8210%  uni0   77.126  nint 10  waste  0.000  outage 41947 h
  [199/803] rul        draw=48  LPSP  2.9968%  uni0   74.056  nint 10  waste  0.648  outage   142 h
  [200/803] instant    draw=49  LPSP  2.8071%  uni0  100.993  nint 14  waste  0.000  outage     0 h
  [201/803] corrective draw=49  LPSP  3.0102%  uni0  101.168  nint 11  waste  0.000  outage  5709 h
  [202/803] calendar   draw=49  LPSP  3.0102%  uni0  101.168  nint 11  waste  0.000  outage  5709 h
  [203/803] rul        draw=49  LPSP  2.9315%  uni0  100.521  nint 12  waste  1.380  outage     0 h
  [204/803] instant    draw=50  LPSP  3.0086%  uni0   70.946  nint  7  waste  0.000  outage     0 h
  [205/803] corrective draw=50  LPSP  3.3139%  uni0   72.300  nint  6  waste  0.000  outage  9870 h
  [206/803] calendar   draw=50  LPSP  3.1380%  uni0   71.120  nint  8  waste  2.344  outage     0 h
  [207/803] rul        draw=50  LPSP  3.1644%  uni0   71.484  nint  5  waste  0.129  outage   158 h
  [208/803] instant    draw=51  LPSP  2.9631%  uni0  107.103  nint 14  waste  0.000  outage     0 h
  [209/803] corrective draw=51  LPSP  3.7873%  uni0  111.481  nint  9  waste  0.000  outage 22339 h
  [210/803] calendar   draw=51  LPSP  3.2248%  uni0  107.597  nint 12  waste  0.560  outage  4790 h
  [211/803] rul        draw=51  LPSP  3.0920%  uni0  106.774  nint 11  waste  0.782  outage     0 h
  [212/803] instant    draw=52  LPSP  2.8097%  uni0   75.831  nint 12  waste  0.000  outage     0 h
  [213/803] corrective draw=52  LPSP  3.9125%  uni0   81.770  nint  9  waste  0.000  outage 44912 h
  [214/803] calendar   draw=52  LPSP  3.9125%  uni0   81.770  nint  9  waste  0.000  outage 44912 h
  [215/803] rul        draw=52  LPSP  2.9203%  uni0   75.967  nint 11  waste  0.482  outage     0 h
  [216/803] instant    draw=53  LPSP  2.9441%  uni0   78.090  nint  9  waste  0.000  outage     0 h
  [217/803] corrective draw=53  LPSP  3.7131%  uni0   81.883  nint  7  waste  0.000  outage 31726 h
  [218/803] calendar   draw=53  LPSP  3.4148%  uni0   80.979  nint  5  waste  1.600  outage  5781 h
  [219/803] rul        draw=53  LPSP  3.0174%  uni0   78.135  nint  8  waste  0.269  outage     0 h
  [220/803] instant    draw=54  LPSP  2.7903%  uni0   71.782  nint  7  waste  0.000  outage     0 h
  [221/803] corrective draw=54  LPSP  3.6642%  uni0   77.456  nint  4  waste  0.000  outage 15871 h
  [222/803] calendar   draw=54  LPSP  2.9402%  uni0   71.695  nint  4  waste  2.254  outage     0 h
  [223/803] rul        draw=54  LPSP  2.9659%  uni0   72.074  nint  6  waste  0.036  outage     0 h
  [224/803] instant    draw=55  LPSP  2.9654%  uni0   79.497  nint 11  waste  0.000  outage     0 h
  [225/803] corrective draw=55  LPSP  4.4968%  uni0   89.396  nint  4  waste  0.000  outage 30596 h
  [226/803] calendar   draw=55  LPSP  4.4968%  uni0   89.396  nint  4  waste  0.000  outage 30596 h
  [227/803] rul        draw=55  LPSP  3.0682%  uni0   79.657  nint 10  waste  0.541  outage     0 h
  [228/803] instant    draw=56  LPSP  2.9472%  uni0   95.225  nint 13  waste  0.000  outage     0 h
  [229/803] corrective draw=56  LPSP  3.6572%  uni0   98.376  nint 10  waste  0.000  outage 17560 h
  [230/803] calendar   draw=56  LPSP  3.6572%  uni0   98.376  nint 10  waste  0.000  outage 17560 h
  [231/803] rul        draw=56  LPSP  3.1704%  uni0   95.401  nint  6  waste  1.152  outage    40 h
  [232/803] instant    draw=57  LPSP  2.7897%  uni0   88.810  nint 12  waste  0.000  outage     0 h
  [233/803] corrective draw=57  LPSP  3.1543%  uni0   89.707  nint  8  waste  0.000  outage  2509 h
  [234/803] calendar   draw=57  LPSP  3.0690%  uni0   88.988  nint  9  waste  0.814  outage     0 h
  [235/803] rul        draw=57  LPSP  3.1543%  uni0   89.707  nint  8  waste  0.000  outage  2509 h
  [236/803] instant    draw=58  LPSP  2.9489%  uni0  119.114  nint 14  waste  0.000  outage     0 h
  [237/803] corrective draw=58  LPSP  4.7530%  uni0  129.263  nint  8  waste  0.000  outage 18052 h
  [238/803] calendar   draw=58  LPSP  3.8385%  uni0  122.117  nint 11  waste  2.161  outage  8251 h
  [239/803] rul        draw=58  LPSP  3.3557%  uni0  118.732  nint 11  waste  0.179  outage     0 h
  [240/803] instant    draw=59  LPSP  2.8075%  uni0   82.223  nint 11  waste  0.000  outage     0 h
  [241/803] corrective draw=59  LPSP  3.2721%  uni0   84.588  nint  9  waste  0.000  outage 23701 h
  [242/803] calendar   draw=59  LPSP  2.8989%  uni0   82.040  nint  9  waste  0.943  outage     0 h
  [243/803] rul        draw=59  LPSP  2.9159%  uni0   82.277  nint  8  waste  0.094  outage     0 h
  [244/803] instant    draw=60  LPSP  2.8460%  uni0   68.959  nint  8  waste  0.000  outage     0 h
  [245/803] corrective draw=60  LPSP  2.9961%  uni0   69.671  nint  7  waste  0.000  outage 10572 h
  [246/803] calendar   draw=60  LPSP  2.8698%  uni0   68.900  nint  4  waste  1.195  outage     0 h
  [247/803] rul        draw=60  LPSP  2.8688%  uni0   68.946  nint  8  waste  0.459  outage     0 h
  [248/803] instant    draw=61  LPSP  2.7929%  uni0  115.677  nint 16  waste  0.000  outage     0 h
  [249/803] corrective draw=61  LPSP  3.3464%  uni0  115.844  nint 11  waste  0.000  outage  3427 h
  [250/803] calendar   draw=61  LPSP  3.3464%  uni0  115.844  nint 11  waste  0.000  outage  3427 h
  [251/803] rul        draw=61  LPSP  3.2589%  uni0  115.119  nint 12  waste  1.392  outage     0 h
  [252/803] instant    draw=62  LPSP  2.9014%  uni0   95.629  nint 12  waste  0.000  outage     0 h
  [253/803] corrective draw=62  LPSP  3.8773%  uni0  102.672  nint  8  waste  0.000  outage 23779 h
  [254/803] calendar   draw=62  LPSP  2.9216%  uni0   95.579  nint 11  waste  0.302  outage     0 h
  [255/803] rul        draw=62  LPSP  2.9216%  uni0   95.579  nint 11  waste  0.302  outage     0 h
  [256/803] instant    draw=63  LPSP  2.9665%  uni0   70.658  nint  9  waste  0.000  outage     0 h
  [257/803] corrective draw=63  LPSP  4.0061%  uni0   77.670  nint  4  waste  0.000  outage 20835 h
  [258/803] calendar   draw=63  LPSP  3.5004%  uni0   74.328  nint  9  waste  0.604  outage  6329 h
  [259/803] rul        draw=63  LPSP  3.0186%  uni0   70.768  nint  9  waste  0.736  outage     0 h
  [260/803] instant    draw=64  LPSP  3.0305%  uni0   77.838  nint 11  waste  0.000  outage     0 h
  [261/803] corrective draw=64  LPSP  3.3568%  uni0   79.025  nint  9  waste  0.000  outage 20021 h
  [262/803] calendar   draw=64  LPSP  3.3568%  uni0   79.025  nint  9  waste  0.000  outage 20021 h
  [263/803] rul        draw=64  LPSP  3.0543%  uni0   77.754  nint 11  waste  1.724  outage     0 h
  [264/803] instant    draw=65  LPSP  2.9722%  uni0   90.906  nint 12  waste  0.000  outage     0 h
  [265/803] corrective draw=65  LPSP  3.6175%  uni0   94.064  nint  9  waste  0.000  outage 23210 h
  [266/803] calendar   draw=65  LPSP  3.0903%  uni0   91.039  nint  9  waste  0.549  outage   284 h
  [267/803] rul        draw=65  LPSP  3.0500%  uni0   90.730  nint 10  waste  1.002  outage     0 h
  [268/803] instant    draw=66  LPSP  2.9835%  uni0   63.369  nint  9  waste  0.000  outage     0 h
  [269/803] corrective draw=66  LPSP  3.3948%  uni0   65.053  nint  7  waste  0.000  outage 24328 h
  [270/803] calendar   draw=66  LPSP  3.3948%  uni0   65.053  nint  7  waste  0.000  outage 24328 h
  [271/803] rul        draw=66  LPSP  3.0292%  uni0   63.479  nint  6  waste  0.997  outage     0 h
  [272/803] instant    draw=67  LPSP  2.8592%  uni0  106.090  nint 14  waste  0.000  outage     0 h
  [273/803] corrective draw=67  LPSP  4.3614%  uni0  115.574  nint  8  waste  0.000  outage 28451 h
  [274/803] calendar   draw=67  LPSP  3.0554%  uni0  105.733  nint 11  waste  0.187  outage     0 h
  [275/803] rul        draw=67  LPSP  3.0554%  uni0  105.733  nint 11  waste  0.187  outage     0 h
  [276/803] instant    draw=68  LPSP  2.8761%  uni0   65.191  nint  9  waste  0.000  outage     0 h
  [277/803] corrective draw=68  LPSP  3.0800%  uni0   66.140  nint  7  waste  0.000  outage  7363 h
  [278/803] calendar   draw=68  LPSP  3.0800%  uni0   66.140  nint  7  waste  0.000  outage  7363 h
  [279/803] rul        draw=68  LPSP  2.9743%  uni0   65.452  nint  9  waste  1.365  outage     0 h
  [280/803] instant    draw=69  LPSP  2.9525%  uni0   70.540  nint 10  waste  0.000  outage     0 h
  [281/803] corrective draw=69  LPSP  3.4297%  uni0   73.157  nint  8  waste  0.000  outage 15010 h
  [282/803] calendar   draw=69  LPSP  3.4297%  uni0   73.157  nint  8  waste  0.000  outage 15010 h
  [283/803] rul        draw=69  LPSP  2.9973%  uni0   70.644  nint 11  waste  2.314  outage     0 h
  [284/803] instant    draw=70  LPSP  2.9684%  uni0   92.845  nint 13  waste  0.000  outage     0 h
  [285/803] corrective draw=70  LPSP  4.1107%  uni0   99.265  nint  9  waste  0.000  outage 30057 h
  [286/803] calendar   draw=70  LPSP  4.1107%  uni0   99.265  nint  9  waste  0.000  outage 30057 h
  [287/803] rul        draw=70  LPSP  3.1215%  uni0   92.990  nint  7  waste  0.558  outage   158 h
  [288/803] instant    draw=71  LPSP  2.9421%  uni0   75.015  nint  8  waste  0.000  outage     0 h
  [289/803] corrective draw=71  LPSP  3.2641%  uni0   76.429  nint  7  waste  0.000  outage  7462 h
  [290/803] calendar   draw=71  LPSP  3.2091%  uni0   75.926  nint  9  waste  1.879  outage  5560 h
  [291/803] rul        draw=71  LPSP  3.1052%  uni0   75.511  nint  7  waste  0.566  outage     0 h
  [292/803] instant    draw=72  LPSP  2.9763%  uni0   79.219  nint  9  waste  0.000  outage     0 h
  [293/803] corrective draw=72  LPSP  3.4368%  uni0   81.447  nint  7  waste  0.000  outage  9935 h
  [294/803] calendar   draw=72  LPSP  3.3414%  uni0   80.665  nint  5  waste  1.840  outage  7025 h
  [295/803] rul        draw=72  LPSP  3.1388%  uni0   79.482  nint  8  waste  0.115  outage  1043 h
  [296/803] instant    draw=73  LPSP  2.9172%  uni0   87.047  nint 10  waste  0.000  outage     0 h
  [297/803] corrective draw=73  LPSP  3.2115%  uni0   87.912  nint  9  waste  0.000  outage  9924 h
  [298/803] calendar   draw=73  LPSP  3.0587%  uni0   86.907  nint  9  waste  1.268  outage     0 h
  [299/803] rul        draw=73  LPSP  3.0742%  uni0   87.113  nint  8  waste  0.519  outage     0 h
  [300/803] instant    draw=74  LPSP  2.9653%  uni0   76.081  nint 10  waste  0.000  outage     0 h
  [301/803] corrective draw=74  LPSP  3.6739%  uni0   80.433  nint  4  waste  0.000  outage 17755 h
  [302/803] calendar   draw=74  LPSP  3.6739%  uni0   80.433  nint  4  waste  0.000  outage 17755 h
  [303/803] rul        draw=74  LPSP  3.0402%  uni0   76.202  nint  9  waste  0.987  outage     0 h
  [304/803] instant    draw=75  LPSP  3.0005%  uni0  118.676  nint 18  waste  0.000  outage     0 h
  [305/803] corrective draw=75  LPSP  4.1599%  uni0  123.548  nint 12  waste  0.000  outage 29665 h
  [306/803] calendar   draw=75  LPSP  4.1599%  uni0  123.548  nint 12  waste  0.000  outage 29665 h
  [307/803] rul        draw=75  LPSP  3.3109%  uni0  118.227  nint  9  waste  1.317  outage   206 h
  [308/803] instant    draw=76  LPSP  2.8102%  uni0   94.915  nint 12  waste  0.000  outage     0 h
  [309/803] corrective draw=76  LPSP  3.8116%  uni0  102.164  nint  8  waste  0.000  outage 22332 h
  [310/803] calendar   draw=76  LPSP  2.8552%  uni0   94.825  nint 11  waste  0.356  outage     0 h
  [311/803] rul        draw=76  LPSP  2.8552%  uni0   94.825  nint 11  waste  0.356  outage     0 h
  [312/803] instant    draw=77  LPSP  2.9965%  uni0   90.336  nint 13  waste  0.000  outage     0 h
  [313/803] corrective draw=77  LPSP  3.7743%  uni0   93.256  nint  9  waste  0.000  outage 43175 h
  [314/803] calendar   draw=77  LPSP  3.7743%  uni0   93.256  nint  9  waste  0.000  outage 43175 h
  [315/803] rul        draw=77  LPSP  3.0466%  uni0   90.144  nint  7  waste  0.406  outage     0 h
  [316/803] instant    draw=78  LPSP  2.8048%  uni0   73.783  nint  8  waste  0.000  outage     0 h
  [317/803] corrective draw=78  LPSP  3.1337%  uni0   75.027  nint  7  waste  0.000  outage  9228 h
  [318/803] calendar   draw=78  LPSP  2.9864%  uni0   74.002  nint  4  waste  1.237  outage     0 h
  [319/803] rul        draw=78  LPSP  2.9861%  uni0   74.063  nint  8  waste  0.497  outage     0 h
  [320/803] instant    draw=79  LPSP  2.9187%  uni0   86.278  nint 13  waste  0.000  outage     0 h
  [321/803] corrective draw=79  LPSP  4.2751%  uni0   95.272  nint  6  waste  0.000  outage 31059 h
  [322/803] calendar   draw=79  LPSP  4.2751%  uni0   95.272  nint  6  waste  0.000  outage 31059 h
  [323/803] rul        draw=79  LPSP  2.9759%  uni0   86.239  nint 12  waste  1.253  outage     0 h
  [324/803] instant    draw=80  LPSP  2.9505%  uni0  125.134  nint 17  waste  0.000  outage     0 h
  [325/803] corrective draw=80  LPSP  3.9024%  uni0  128.921  nint  9  waste  0.000  outage 18065 h
  [326/803] calendar   draw=80  LPSP  3.9024%  uni0  128.921  nint  9  waste  0.000  outage 18065 h
  [327/803] rul        draw=80  LPSP  3.5759%  uni0  124.797  nint 12  waste  1.028  outage     0 h
  [328/803] instant    draw=81  LPSP  3.0009%  uni0   92.835  nint 13  waste  0.000  outage     0 h
  [329/803] corrective draw=81  LPSP  4.0850%  uni0   99.137  nint  6  waste  0.000  outage 22442 h
  [330/803] calendar   draw=81  LPSP  4.0850%  uni0   99.137  nint  6  waste  0.000  outage 22442 h
  [331/803] rul        draw=81  LPSP  3.1471%  uni0   92.778  nint 12  waste  1.637  outage     0 h
  [332/803] instant    draw=82  LPSP  3.0139%  uni0   97.040  nint 13  waste  0.000  outage     0 h
  [333/803] corrective draw=82  LPSP  3.9942%  uni0  102.339  nint  6  waste  0.000  outage 20797 h
  [334/803] calendar   draw=82  LPSP  3.5569%  uni0   98.894  nint  9  waste  0.980  outage  2006 h
  [335/803] rul        draw=82  LPSP  3.3229%  uni0   97.170  nint  9  waste  0.478  outage     0 h
  [336/803] instant    draw=83  LPSP  2.8077%  uni0  107.072  nint 13  waste  0.000  outage     0 h
  [337/803] corrective draw=83  LPSP  3.4411%  uni0  109.241  nint 10  waste  0.000  outage 12780 h
  [338/803] calendar   draw=83  LPSP  3.0577%  uni0  106.245  nint 11  waste  1.147  outage     0 h
  [339/803] rul        draw=83  LPSP  3.0831%  uni0  106.507  nint  8  waste  0.396  outage     0 h
  [340/803] instant    draw=84  LPSP  2.8346%  uni0   61.196  nint  7  waste  0.000  outage     0 h
  [341/803] corrective draw=84  LPSP  3.2152%  uni0   63.799  nint  3  waste  0.000  outage  7720 h
  [342/803] calendar   draw=84  LPSP  2.8894%  uni0   61.320  nint  7  waste  1.277  outage     0 h
  [343/803] rul        draw=84  LPSP  2.8919%  uni0   61.395  nint  7  waste  0.543  outage     0 h
  [344/803] instant    draw=85  LPSP  2.9435%  uni0  100.263  nint 12  waste  0.000  outage     0 h
  [345/803] corrective draw=85  LPSP  3.2549%  uni0  101.589  nint 10  waste  0.000  outage 11550 h
  [346/803] calendar   draw=85  LPSP  3.0256%  uni0   99.942  nint 11  waste  1.688  outage     0 h
  [347/803] rul        draw=85  LPSP  3.0382%  uni0  100.138  nint 10  waste  0.291  outage     0 h
  [348/803] instant    draw=86  LPSP  2.8248%  uni0   87.297  nint 12  waste  0.000  outage     0 h
  [349/803] corrective draw=86  LPSP  3.6596%  uni0   91.790  nint  9  waste  0.000  outage 29107 h
  [350/803] calendar   draw=86  LPSP  3.6596%  uni0   91.790  nint  9  waste  0.000  outage 29107 h
  [351/803] rul        draw=86  LPSP  3.0094%  uni0   87.439  nint  6  waste  0.593  outage     0 h
  [352/803] instant    draw=87  LPSP  2.9430%  uni0   93.466  nint 12  waste  0.000  outage     0 h
  [353/803] corrective draw=87  LPSP  3.8639%  uni0   98.025  nint 10  waste  0.000  outage 25516 h
  [354/803] calendar   draw=87  LPSP  3.8405%  uni0   98.804  nint  9  waste  1.221  outage  7095 h
  [355/803] rul        draw=87  LPSP  3.1257%  uni0   93.446  nint  9  waste  0.340  outage     0 h
  [356/803] instant    draw=88  LPSP  2.9790%  uni0  111.061  nint 14  waste  0.000  outage     0 h
  [357/803] corrective draw=88  LPSP  3.4339%  uni0  112.277  nint 11  waste  0.000  outage 11041 h
  [358/803] calendar   draw=88  LPSP  3.2997%  uni0  111.503  nint 11  waste  1.246  outage  1504 h
  [359/803] rul        draw=88  LPSP  3.1514%  uni0  110.448  nint  9  waste  0.848  outage     0 h
  [360/803] instant    draw=89  LPSP  2.9325%  uni0   80.543  nint 11  waste  0.000  outage     0 h
  [361/803] corrective draw=89  LPSP  3.3809%  uni0   82.767  nint  6  waste  0.000  outage 13432 h
  [362/803] calendar   draw=89  LPSP  3.3875%  uni0   83.085  nint  5  waste  0.123  outage 10139 h
  [363/803] rul        draw=89  LPSP  3.0004%  uni0   80.546  nint 10  waste  1.391  outage     0 h
  [364/803] instant    draw=90  LPSP  2.9297%  uni0  103.906  nint 14  waste  0.000  outage     0 h
  [365/803] corrective draw=90  LPSP  3.7143%  uni0  108.467  nint 11  waste  0.000  outage 23610 h
  [366/803] calendar   draw=90  LPSP  3.5602%  uni0  107.236  nint 11  waste  0.136  outage 22957 h
  [367/803] rul        draw=90  LPSP  2.9663%  uni0  103.750  nint 13  waste  1.431  outage     0 h
  [368/803] instant    draw=91  LPSP  2.7898%  uni0   58.839  nint  7  waste  0.000  outage     0 h
  [369/803] corrective draw=91  LPSP  3.6401%  uni0   64.090  nint  6  waste  0.000  outage 28120 h
  [370/803] calendar   draw=91  LPSP  2.9306%  uni0   59.430  nint  7  waste  0.199  outage     0 h
  [371/803] rul        draw=91  LPSP  2.9306%  uni0   59.430  nint  7  waste  0.199  outage     0 h
  [372/803] instant    draw=92  LPSP  2.8341%  uni0  105.160  nint 15  waste  0.000  outage     0 h
  [373/803] corrective draw=92  LPSP  3.5496%  uni0  108.644  nint 11  waste  0.000  outage 24183 h
  [374/803] calendar   draw=92  LPSP  3.5496%  uni0  108.644  nint 11  waste  0.000  outage 24183 h
  [375/803] rul        draw=92  LPSP  2.9917%  uni0  104.609  nint 12  waste  0.758  outage     0 h
  [376/803] instant    draw=93  LPSP  2.9575%  uni0  124.988  nint 18  waste  0.000  outage     0 h
  [377/803] corrective draw=93  LPSP  4.4597%  uni0  130.610  nint 12  waste  0.000  outage 41700 h
  [378/803] calendar   draw=93  LPSP  4.4597%  uni0  130.610  nint 12  waste  0.000  outage 41700 h
  [379/803] rul        draw=93  LPSP  3.3583%  uni0  124.261  nint 13  waste  0.526  outage     0 h
  [380/803] instant    draw=94  LPSP  2.8883%  uni0  126.260  nint 18  waste  0.000  outage     0 h
  [381/803] corrective draw=94  LPSP  3.2338%  uni0  128.522  nint 12  waste  0.000  outage 11576 h
  [382/803] calendar   draw=94  LPSP  3.2338%  uni0  128.522  nint 12  waste  0.000  outage 11576 h
  [383/803] rul        draw=94  LPSP  2.8998%  uni0  125.910  nint 16  waste  2.162  outage     0 h
  [384/803] instant    draw=95  LPSP  2.9527%  uni0  114.262  nint 15  waste  0.000  outage     0 h
  [385/803] corrective draw=95  LPSP  3.6837%  uni0  117.384  nint 11  waste  0.000  outage 16994 h
  [386/803] calendar   draw=95  LPSP  3.3567%  uni0  115.134  nint 12  waste  0.012  outage 10774 h
  [387/803] rul        draw=95  LPSP  3.1021%  uni0  113.759  nint 12  waste  1.179  outage     0 h
  [388/803] instant    draw=96  LPSP  2.8601%  uni0   61.528  nint  8  waste  0.000  outage     0 h
  [389/803] corrective draw=96  LPSP  2.9715%  uni0   61.895  nint  7  waste  0.000  outage 11084 h
  [390/803] calendar   draw=96  LPSP  2.9715%  uni0   61.895  nint  7  waste  0.000  outage 11084 h
  [391/803] rul        draw=96  LPSP  2.8550%  uni0   61.347  nint  9  waste  1.242  outage     0 h
  [392/803] instant    draw=97  LPSP  2.9391%  uni0  104.218  nint 12  waste  0.000  outage     0 h
  [393/803] corrective draw=97  LPSP  3.5856%  uni0  107.207  nint 10  waste  0.000  outage 23050 h
  [394/803] calendar   draw=97  LPSP  3.0826%  uni0  103.749  nint 11  waste  1.475  outage     0 h
  [395/803] rul        draw=97  LPSP  3.0991%  uni0  103.980  nint 10  waste  0.070  outage     0 h
  [396/803] instant    draw=98  LPSP  2.9921%  uni0  106.878  nint 15  waste  0.000  outage     0 h
  [397/803] corrective draw=98  LPSP  3.4129%  uni0  108.605  nint 11  waste  0.000  outage  9304 h
  [398/803] calendar   draw=98  LPSP  3.4129%  uni0  108.605  nint 11  waste  0.000  outage  9304 h
  [399/803] rul        draw=98  LPSP  3.1194%  uni0  106.663  nint 12  waste  0.015  outage   664 h
  [400/803] instant    draw=99  LPSP  2.9826%  uni0  101.616  nint 14  waste  0.000  outage     0 h
  [401/803] corrective draw=99  LPSP  3.4978%  uni0  104.169  nint 11  waste  0.000  outage 25786 h
  [402/803] calendar   draw=99  LPSP  3.4978%  uni0  104.169  nint 11  waste  0.000  outage 25786 h
  [403/803] rul        draw=99  LPSP  3.0048%  uni0  101.376  nint 13  waste  1.103  outage     0 h
  [404/803] instant    draw=100 LPSP  2.8269%  uni0   75.421  nint 11  waste  0.000  outage     0 h
  [405/803] corrective draw=100 LPSP  4.5994%  uni0   87.230  nint  4  waste  0.000  outage 40640 h
  [406/803] calendar   draw=100 LPSP  4.5994%  uni0   87.230  nint  4  waste  0.000  outage 40640 h
  [407/803] rul        draw=100 LPSP  2.9691%  uni0   75.646  nint  9  waste  0.140  outage     0 h
  [408/803] instant    draw=101 LPSP  2.7713%  uni0  113.071  nint 15  waste  0.000  outage     0 h
  [409/803] corrective draw=101 LPSP  3.8944%  uni0  117.937  nint  8  waste  0.000  outage 13021 h
  [410/803] calendar   draw=101 LPSP  3.2046%  uni0  112.529  nint 11  waste  0.584  outage     0 h
  [411/803] rul        draw=101 LPSP  3.2046%  uni0  112.529  nint 11  waste  0.584  outage     0 h
  [412/803] instant    draw=102 LPSP  2.8090%  uni0  107.888  nint 14  waste  0.000  outage     0 h
  [413/803] corrective draw=102 LPSP  3.9673%  uni0  114.183  nint  8  waste  0.000  outage 17533 h
  [414/803] calendar   draw=102 LPSP  3.0649%  uni0  107.165  nint 11  waste  0.455  outage     0 h
  [415/803] rul        draw=102 LPSP  3.0649%  uni0  107.165  nint 11  waste  0.455  outage     0 h
  [416/803] instant    draw=103 LPSP  2.9392%  uni0  107.470  nint 16  waste  0.000  outage     0 h
  [417/803] corrective draw=103 LPSP  3.9938%  uni0  112.764  nint 12  waste  0.000  outage 38632 h
  [418/803] calendar   draw=103 LPSP  3.9938%  uni0  112.764  nint 12  waste  0.000  outage 38632 h
  [419/803] rul        draw=103 LPSP  3.0004%  uni0  107.404  nint  9  waste  1.306  outage   384 h
  [420/803] instant    draw=104 LPSP  2.7902%  uni0   60.751  nint  7  waste  0.000  outage     0 h
  [421/803] corrective draw=104 LPSP  3.5584%  uni0   65.666  nint  7  waste  0.000  outage 34049 h
  [422/803] calendar   draw=104 LPSP  2.8410%  uni0   61.000  nint  7  waste  0.038  outage     0 h
  [423/803] rul        draw=104 LPSP  2.8410%  uni0   61.000  nint  7  waste  0.038  outage     0 h
  [424/803] instant    draw=105 LPSP  2.9356%  uni0   79.125  nint 10  waste  0.000  outage     0 h
  [425/803] corrective draw=105 LPSP  3.5652%  uni0   81.635  nint  9  waste  0.000  outage 30515 h
  [426/803] calendar   draw=105 LPSP  3.2106%  uni0   80.243  nint  5  waste  0.134  outage  6425 h
  [427/803] rul        draw=105 LPSP  3.0513%  uni0   79.377  nint  4  waste  0.283  outage     0 h
  [428/803] instant    draw=106 LPSP  2.7924%  uni0   81.142  nint 11  waste  0.000  outage     0 h
  [429/803] corrective draw=106 LPSP  3.4423%  uni0   85.037  nint  9  waste  0.000  outage 28752 h
  [430/803] calendar   draw=106 LPSP  3.4423%  uni0   85.037  nint  9  waste  0.000  outage 28752 h
  [431/803] rul        draw=106 LPSP  2.8593%  uni0   81.169  nint  6  waste  0.610  outage     0 h
  [432/803] instant    draw=107 LPSP  2.7736%  uni0   58.969  nint  8  waste  0.000  outage     0 h
  [433/803] corrective draw=107 LPSP  2.8476%  uni0   59.316  nint  7  waste  0.000  outage  6473 h
  [434/803] calendar   draw=107 LPSP  2.8476%  uni0   59.316  nint  7  waste  0.000  outage  6473 h
  [435/803] rul        draw=107 LPSP  2.7708%  uni0   58.758  nint  9  waste  1.396  outage     0 h
  [436/803] instant    draw=108 LPSP  2.9465%  uni0   93.240  nint 14  waste  0.000  outage     0 h
  [437/803] corrective draw=108 LPSP  4.3291%  uni0  101.138  nint  7  waste  0.000  outage 36161 h
  [438/803] calendar   draw=108 LPSP  4.3291%  uni0  101.138  nint  7  waste  0.000  outage 36161 h
  [439/803] rul        draw=108 LPSP  2.9922%  uni0   92.919  nint 13  waste  1.822  outage     0 h
  [440/803] instant    draw=109 LPSP  2.7750%  uni0   83.885  nint 12  waste  0.000  outage     0 h
  [441/803] corrective draw=109 LPSP  2.9497%  uni0   84.198  nint  9  waste  0.000  outage  1723 h
  [442/803] calendar   draw=109 LPSP  2.9497%  uni0   84.198  nint  9  waste  0.000  outage  1723 h
  [443/803] rul        draw=109 LPSP  2.9497%  uni0   84.198  nint  9  waste  0.000  outage  1723 h
  [444/803] instant    draw=110 LPSP  2.9580%  uni0  102.922  nint 14  waste  0.000  outage     0 h
  [445/803] corrective draw=110 LPSP  3.2494%  uni0  104.013  nint 12  waste  0.000  outage 14501 h
  [446/803] calendar   draw=110 LPSP  3.2494%  uni0  104.013  nint 12  waste  0.000  outage 14501 h
  [447/803] rul        draw=110 LPSP  3.0305%  uni0  102.794  nint  8  waste  2.039  outage     0 h
  [448/803] instant    draw=111 LPSP  2.9702%  uni0   92.669  nint 13  waste  0.000  outage     0 h
  [449/803] corrective draw=111 LPSP  3.8704%  uni0   97.589  nint  7  waste  0.000  outage 25262 h
  [450/803] calendar   draw=111 LPSP  3.8704%  uni0   97.589  nint  7  waste  0.000  outage 25262 h
  [451/803] rul        draw=111 LPSP  3.0270%  uni0   92.401  nint 13  waste  2.179  outage     0 h
  [452/803] instant    draw=112 LPSP  2.8952%  uni0   62.317  nint  8  waste  0.000  outage     0 h
  [453/803] corrective draw=112 LPSP  3.1415%  uni0   63.204  nint  7  waste  0.000  outage  9597 h
  [454/803] calendar   draw=112 LPSP  3.1415%  uni0   63.204  nint  7  waste  0.000  outage  9597 h
  [455/803] rul        draw=112 LPSP  3.0313%  uni0   62.810  nint  6  waste  1.220  outage     0 h
  [456/803] instant    draw=113 LPSP  2.8778%  uni0  102.479  nint 12  waste  0.000  outage     0 h
  [457/803] corrective draw=113 LPSP  3.2330%  uni0  103.611  nint 10  waste  0.000  outage 10236 h
  [458/803] calendar   draw=113 LPSP  3.0113%  uni0  101.936  nint 11  waste  1.254  outage     0 h
  [459/803] rul        draw=113 LPSP  3.0231%  uni0  102.085  nint  8  waste  0.496  outage     0 h
  [460/803] instant    draw=114 LPSP  2.8894%  uni0   65.246  nint  8  waste  0.000  outage     0 h
  [461/803] corrective draw=114 LPSP  3.9949%  uni0   72.915  nint  4  waste  0.000  outage 31672 h
  [462/803] calendar   draw=114 LPSP  2.9893%  uni0   65.600  nint  7  waste  0.100  outage     0 h
  [463/803] rul        draw=114 LPSP  2.9893%  uni0   65.600  nint  7  waste  0.100  outage     0 h
  [464/803] instant    draw=115 LPSP  2.8516%  uni0  108.193  nint 15  waste  0.000  outage     0 h
  [465/803] corrective draw=115 LPSP  3.7539%  uni0  112.519  nint 11  waste  0.000  outage 27928 h
  [466/803] calendar   draw=115 LPSP  3.7539%  uni0  112.519  nint 11  waste  0.000  outage 27928 h
  [467/803] rul        draw=115 LPSP  3.0738%  uni0  107.713  nint 12  waste  0.641  outage     0 h
  [468/803] instant    draw=116 LPSP  2.9501%  uni0   74.333  nint 10  waste  0.000  outage     0 h
  [469/803] corrective draw=116 LPSP  4.2149%  uni0   82.298  nint  8  waste  0.000  outage 27353 h
  [470/803] calendar   draw=116 LPSP  4.2149%  uni0   82.298  nint  8  waste  0.000  outage 27353 h
  [471/803] rul        draw=116 LPSP  3.0619%  uni0   74.587  nint  9  waste  0.846  outage    15 h
  [472/803] instant    draw=117 LPSP  2.7871%  uni0   87.105  nint 14  waste  0.000  outage     0 h
  [473/803] corrective draw=117 LPSP  4.3680%  uni0   97.669  nint  6  waste  0.000  outage 29074 h
  [474/803] calendar   draw=117 LPSP  4.3680%  uni0   97.669  nint  6  waste  0.000  outage 29074 h
  [475/803] rul        draw=117 LPSP  2.9301%  uni0   86.976  nint 12  waste  1.343  outage     0 h
  [476/803] instant    draw=118 LPSP  2.8916%  uni0   76.882  nint 10  waste  0.000  outage     0 h
  [477/803] corrective draw=118 LPSP  4.3133%  uni0   86.341  nint  4  waste  0.000  outage 27111 h
  [478/803] calendar   draw=118 LPSP  4.3133%  uni0   86.341  nint  4  waste  0.000  outage 27111 h
  [479/803] rul        draw=118 LPSP  3.0381%  uni0   77.128  nint  9  waste  0.667  outage     0 h
  [480/803] instant    draw=119 LPSP  3.0080%  uni0   89.725  nint 10  waste  0.000  outage     0 h
  [481/803] corrective draw=119 LPSP  3.6053%  uni0   92.545  nint  7  waste  0.000  outage 14215 h
  [482/803] calendar   draw=119 LPSP  3.1811%  uni0   89.505  nint  9  waste  2.276  outage     0 h
  [483/803] rul        draw=119 LPSP  3.2075%  uni0   89.873  nint  8  waste  0.055  outage   513 h
  [484/803] instant    draw=120 LPSP  2.9783%  uni0   85.263  nint 10  waste  0.000  outage     0 h
  [485/803] corrective draw=120 LPSP  3.4359%  uni0   87.406  nint  9  waste  0.000  outage 18126 h
  [486/803] calendar   draw=120 LPSP  3.1179%  uni0   85.531  nint 10  waste  1.326  outage  1990 h
  [487/803] rul        draw=120 LPSP  3.0435%  uni0   85.129  nint  8  waste  0.902  outage     0 h
  [488/803] instant    draw=121 LPSP  2.8888%  uni0   68.541  nint  7  waste  0.000  outage     0 h
  [489/803] corrective draw=121 LPSP  3.0981%  uni0   69.191  nint  6  waste  0.000  outage  9584 h
  [490/803] calendar   draw=121 LPSP  3.0289%  uni0   68.770  nint  8  waste  1.891  outage     0 h
  [491/803] rul        draw=121 LPSP  3.0541%  uni0   69.110  nint  6  waste  0.003  outage   854 h
  [492/803] instant    draw=122 LPSP  2.8723%  uni0   91.259  nint 12  waste  0.000  outage     0 h
  [493/803] corrective draw=122 LPSP  3.7866%  uni0   95.893  nint  9  waste  0.000  outage 28192 h
  [494/803] calendar   draw=122 LPSP  3.7866%  uni0   95.893  nint  9  waste  0.000  outage 28192 h
  [495/803] rul        draw=122 LPSP  3.1205%  uni0   91.496  nint  6  waste  0.627  outage     0 h
  [496/803] instant    draw=123 LPSP  2.9744%  uni0   69.034  nint  9  waste  0.000  outage     0 h
  [497/803] corrective draw=123 LPSP  3.6391%  uni0   73.327  nint  8  waste  0.000  outage 14041 h
  [498/803] calendar   draw=123 LPSP  3.6391%  uni0   73.327  nint  8  waste  0.000  outage 14041 h
  [499/803] rul        draw=123 LPSP  3.0229%  uni0   69.149  nint  9  waste  1.504  outage     0 h
  [500/803] instant    draw=124 LPSP  2.8070%  uni0   83.517  nint 11  waste  0.000  outage     0 h
  [501/803] corrective draw=124 LPSP  3.5736%  uni0   88.292  nint  8  waste  0.000  outage 20677 h
  [502/803] calendar   draw=124 LPSP  2.9218%  uni0   83.476  nint  9  waste  0.385  outage     0 h
  [503/803] rul        draw=124 LPSP  2.9218%  uni0   83.476  nint  9  waste  0.385  outage     0 h
  [504/803] instant    draw=125 LPSP  2.9096%  uni0   95.431  nint 13  waste  0.000  outage     0 h
  [505/803] corrective draw=125 LPSP  3.4727%  uni0   98.041  nint  9  waste  0.000  outage 22171 h
  [506/803] calendar   draw=125 LPSP  3.4727%  uni0   98.041  nint  9  waste  0.000  outage 22171 h
  [507/803] rul        draw=125 LPSP  3.2672%  uni0   95.905  nint  6  waste  0.836  outage     0 h
  [508/803] instant    draw=126 LPSP  2.8667%  uni0   97.164  nint 13  waste  0.000  outage     0 h
  [509/803] corrective draw=126 LPSP  3.0569%  uni0   97.950  nint 11  waste  0.000  outage 10389 h
  [510/803] calendar   draw=126 LPSP  3.0569%  uni0   97.950  nint 11  waste  0.000  outage 10389 h
  [511/803] rul        draw=126 LPSP  2.9195%  uni0   97.041  nint 12  waste  1.282  outage     0 h
  [512/803] instant    draw=127 LPSP  2.9873%  uni0  108.718  nint 15  waste  0.000  outage     0 h
  [513/803] corrective draw=127 LPSP  3.9407%  uni0  114.258  nint 10  waste  0.000  outage 13817 h
  [514/803] calendar   draw=127 LPSP  3.3720%  uni0  110.105  nint 12  waste  0.005  outage  4893 h
  [515/803] rul        draw=127 LPSP  3.1365%  uni0  108.388  nint 12  waste  0.237  outage   653 h
  [516/803] instant    draw=128 LPSP  2.9263%  uni0   85.828  nint 13  waste  0.000  outage     0 h
  [517/803] corrective draw=128 LPSP  4.4333%  uni0   94.064  nint  9  waste  0.000  outage 37457 h
  [518/803] calendar   draw=128 LPSP  4.4333%  uni0   94.064  nint  9  waste  0.000  outage 37457 h
  [519/803] rul        draw=128 LPSP  3.0723%  uni0   85.894  nint 12  waste  1.435  outage     0 h
  [520/803] instant    draw=129 LPSP  2.8981%  uni0  126.233  nint 18  waste  0.000  outage     0 h
  [521/803] corrective draw=129 LPSP  3.5790%  uni0  130.523  nint 14  waste  0.000  outage 38282 h
  [522/803] calendar   draw=129 LPSP  3.5790%  uni0  130.523  nint 14  waste  0.000  outage 38282 h
  [523/803] rul        draw=129 LPSP  2.9236%  uni0  126.137  nint 12  waste  0.234  outage     0 h
  [524/803] instant    draw=130 LPSP  2.8422%  uni0   62.157  nint  7  waste  0.000  outage     0 h
  [525/803] corrective draw=130 LPSP  3.5347%  uni0   66.723  nint  7  waste  0.000  outage 25287 h
  [526/803] calendar   draw=130 LPSP  2.8915%  uni0   62.378  nint  7  waste  0.263  outage     0 h
  [527/803] rul        draw=130 LPSP  2.8915%  uni0   62.378  nint  7  waste  0.263  outage     0 h
  [528/803] instant    draw=131 LPSP  2.9366%  uni0  124.260  nint 19  waste  0.000  outage     0 h
  [529/803] corrective draw=131 LPSP  4.6742%  uni0  132.621  nint 12  waste  0.000  outage 32900 h
  [530/803] calendar   draw=131 LPSP  4.6742%  uni0  132.621  nint 12  waste  0.000  outage 32900 h
  [531/803] rul        draw=131 LPSP  3.3500%  uni0  123.856  nint  8  waste  1.653  outage     0 h
  [532/803] instant    draw=132 LPSP  2.9029%  uni0   69.809  nint  7  waste  0.000  outage     0 h
  [533/803] corrective draw=132 LPSP  3.1656%  uni0   70.684  nint  7  waste  0.000  outage 12612 h
  [534/803] calendar   draw=132 LPSP  3.0505%  uni0   70.124  nint  8  waste  1.216  outage     0 h
  [535/803] rul        draw=132 LPSP  3.0735%  uni0   70.380  nint  4  waste  0.443  outage     0 h
  [536/803] instant    draw=133 LPSP  2.9313%  uni0  101.924  nint 14  waste  0.000  outage     0 h
  [537/803] corrective draw=133 LPSP  3.3868%  uni0  104.126  nint 12  waste  0.000  outage 21680 h
  [538/803] calendar   draw=133 LPSP  3.3868%  uni0  104.126  nint 12  waste  0.000  outage 21680 h
  [539/803] rul        draw=133 LPSP  2.9882%  uni0  101.740  nint  8  waste  1.659  outage     0 h
  [540/803] instant    draw=134 LPSP  2.7467%  uni0   56.198  nint  7  waste  0.000  outage     0 h
  [541/803] corrective draw=134 LPSP  3.5005%  uni0   61.100  nint  6  waste  0.000  outage 25504 h
  [542/803] calendar   draw=134 LPSP  2.8374%  uni0   56.567  nint  7  waste  0.264  outage     0 h
  [543/803] rul        draw=134 LPSP  2.8374%  uni0   56.567  nint  7  waste  0.264  outage     0 h
  [544/803] instant    draw=135 LPSP  2.8999%  uni0   61.814  nint  5  waste  0.000  outage     0 h
  [545/803] corrective draw=135 LPSP  3.0257%  uni0   62.350  nint  5  waste  0.000  outage  8194 h
  [546/803] calendar   draw=135 LPSP  2.9369%  uni0   61.776  nint  7  waste  2.073  outage     0 h
  [547/803] rul        draw=135 LPSP  2.9529%  uni0   62.051  nint  6  waste  0.255  outage     0 h
  [548/803] instant    draw=136 LPSP  2.9287%  uni0   73.537  nint  8  waste  0.000  outage     0 h
  [549/803] corrective draw=136 LPSP  3.5485%  uni0   77.023  nint  7  waste  0.000  outage 16663 h
  [550/803] calendar   draw=136 LPSP  2.9885%  uni0   73.516  nint  9  waste  1.278  outage    23 h
  [551/803] rul        draw=136 LPSP  3.0124%  uni0   73.753  nint  5  waste  0.534  outage   116 h
  [552/803] instant    draw=137 LPSP  2.9486%  uni0  103.830  nint 12  waste  0.000  outage     0 h
  [553/803] corrective draw=137 LPSP  3.6607%  uni0  108.408  nint 11  waste  0.000  outage 12924 h
  [554/803] calendar   draw=137 LPSP  3.0746%  uni0  104.167  nint 12  waste  1.395  outage  2157 h
  [555/803] rul        draw=137 LPSP  2.9885%  uni0  103.647  nint  9  waste  1.047  outage     0 h
  [556/803] instant    draw=138 LPSP  2.9886%  uni0  112.688  nint 16  waste  0.000  outage     0 h
  [557/803] corrective draw=138 LPSP  3.8448%  uni0  117.124  nint 12  waste  0.000  outage 15268 h
  [558/803] calendar   draw=138 LPSP  3.8448%  uni0  117.124  nint 12  waste  0.000  outage 15268 h
  [559/803] rul        draw=138 LPSP  3.1843%  uni0  112.544  nint 12  waste  0.183  outage  1166 h
  [560/803] instant    draw=139 LPSP  2.8624%  uni0   88.976  nint 11  waste  0.000  outage     0 h
  [561/803] corrective draw=139 LPSP  3.2920%  uni0   90.328  nint  8  waste  0.000  outage 11937 h
  [562/803] calendar   draw=139 LPSP  3.1080%  uni0   88.945  nint  9  waste  1.971  outage     0 h
  [563/803] rul        draw=139 LPSP  3.1467%  uni0   89.382  nint  6  waste  0.158  outage     0 h
  [564/803] instant    draw=140 LPSP  2.9594%  uni0   70.049  nint 10  waste  0.000  outage     0 h
  [565/803] corrective draw=140 LPSP  3.2786%  uni0   71.555  nint  9  waste  0.000  outage 13173 h
  [566/803] calendar   draw=140 LPSP  3.2786%  uni0   71.555  nint  9  waste  0.000  outage 13173 h
  [567/803] rul        draw=140 LPSP  3.0574%  uni0   70.356  nint  9  waste  0.262  outage  4566 h
  [568/803] instant    draw=141 LPSP  2.9774%  uni0  106.023  nint 15  waste  0.000  outage     0 h
  [569/803] corrective draw=141 LPSP  3.4372%  uni0  107.998  nint 13  waste  0.000  outage 19810 h
  [570/803] calendar   draw=141 LPSP  3.4372%  uni0  107.998  nint 13  waste  0.000  outage 19810 h
  [571/803] rul        draw=141 LPSP  3.0431%  uni0  105.871  nint  8  waste  1.869  outage     0 h
  [572/803] instant    draw=142 LPSP  2.9207%  uni0  105.379  nint 13  waste  0.000  outage     0 h
  [573/803] corrective draw=142 LPSP  4.3244%  uni0  114.231  nint  8  waste  0.000  outage 31143 h
  [574/803] calendar   draw=142 LPSP  3.0667%  uni0  104.995  nint 11  waste  0.119  outage     0 h
  [575/803] rul        draw=142 LPSP  3.0667%  uni0  104.995  nint 11  waste  0.119  outage     0 h
  [576/803] instant    draw=143 LPSP  2.9601%  uni0   70.410  nint  7  waste  0.000  outage     0 h
  [577/803] corrective draw=143 LPSP  3.4784%  uni0   73.682  nint  4  waste  0.000  outage 11171 h
  [578/803] calendar   draw=143 LPSP  3.0287%  uni0   70.638  nint  8  waste  1.212  outage  1008 h
  [579/803] rul        draw=143 LPSP  2.9918%  uni0   70.430  nint  8  waste  0.954  outage     0 h
  [580/803] instant    draw=144 LPSP  2.9370%  uni0   83.125  nint 12  waste  0.000  outage     0 h
  [581/803] corrective draw=144 LPSP  3.4562%  uni0   85.026  nint  9  waste  0.000  outage 19036 h
  [582/803] calendar   draw=144 LPSP  3.4562%  uni0   85.026  nint  9  waste  0.000  outage 19036 h
  [583/803] rul        draw=144 LPSP  3.0644%  uni0   83.131  nint 12  waste  2.157  outage     0 h
  [584/803] instant    draw=145 LPSP  2.8863%  uni0  106.920  nint 13  waste  0.000  outage     0 h
  [585/803] corrective draw=145 LPSP  3.6733%  uni0  110.489  nint 10  waste  0.000  outage 23095 h
  [586/803] calendar   draw=145 LPSP  3.0946%  uni0  106.132  nint 11  waste  1.532  outage     0 h
  [587/803] rul        draw=145 LPSP  3.1143%  uni0  106.432  nint 10  waste  0.075  outage     0 h
  [588/803] instant    draw=146 LPSP  2.8199%  uni0  120.075  nint 15  waste  0.000  outage     0 h
  [589/803] corrective draw=146 LPSP  2.8745%  uni0  120.295  nint 12  waste  0.000  outage  1377 h
  [590/803] calendar   draw=146 LPSP  2.8104%  uni0  119.591  nint 14  waste  1.858  outage     0 h
  [591/803] rul        draw=146 LPSP  2.8745%  uni0  120.295  nint 12  waste  0.000  outage  1377 h
  [592/803] instant    draw=147 LPSP  2.9758%  uni0  111.598  nint 15  waste  0.000  outage     0 h
  [593/803] corrective draw=147 LPSP  3.6379%  uni0  114.134  nint 12  waste  0.000  outage 22739 h
  [594/803] calendar   draw=147 LPSP  3.6379%  uni0  114.134  nint 12  waste  0.000  outage 22739 h
  [595/803] rul        draw=147 LPSP  3.1264%  uni0  111.128  nint 12  waste  0.842  outage   162 h
  [596/803] instant    draw=148 LPSP  2.9881%  uni0   86.716  nint 11  waste  0.000  outage     0 h
  [597/803] corrective draw=148 LPSP  3.2677%  uni0   88.008  nint  8  waste  0.000  outage  8616 h
  [598/803] calendar   draw=148 LPSP  3.0672%  uni0   86.664  nint  9  waste  0.834  outage     0 h
  [599/803] rul        draw=148 LPSP  3.0772%  uni0   86.802  nint  8  waste  0.016  outage    23 h
  [600/803] instant    draw=149 LPSP  2.9627%  uni0  121.352  nint 17  waste  0.000  outage     0 h
  [601/803] corrective draw=149 LPSP  3.6578%  uni0  122.871  nint 12  waste  0.000  outage 15423 h
  [602/803] calendar   draw=149 LPSP  3.6578%  uni0  122.871  nint 12  waste  0.000  outage 15423 h
  [603/803] rul        draw=149 LPSP  3.2742%  uni0  120.479  nint 13  waste  1.579  outage     0 h
  [604/803] instant    draw=150 LPSP  2.8661%  uni0   92.448  nint 13  waste  0.000  outage     0 h
  [605/803] corrective draw=150 LPSP  3.2493%  uni0   93.345  nint  9  waste  0.000  outage  5038 h
  [606/803] calendar   draw=150 LPSP  3.2493%  uni0   93.345  nint  9  waste  0.000  outage  5038 h
  [607/803] rul        draw=150 LPSP  3.1709%  uni0   92.796  nint  6  waste  1.338  outage     0 h
  [608/803] instant    draw=151 LPSP  2.9954%  uni0  109.401  nint 15  waste  0.000  outage     0 h
  [609/803] corrective draw=151 LPSP  3.6162%  uni0  112.156  nint 10  waste  0.000  outage 13863 h
  [610/803] calendar   draw=151 LPSP  3.6037%  uni0  112.505  nint 11  waste  0.005  outage  4961 h
  [611/803] rul        draw=151 LPSP  3.1601%  uni0  109.076  nint 12  waste  0.241  outage   724 h
  [612/803] instant    draw=152 LPSP  2.9403%  uni0   61.243  nint  7  waste  0.000  outage     0 h
  [613/803] corrective draw=152 LPSP  3.6010%  uni0   64.961  nint  6  waste  0.000  outage 26557 h
  [614/803] calendar   draw=152 LPSP  3.0085%  uni0   61.559  nint  7  waste  0.250  outage     0 h
  [615/803] rul        draw=152 LPSP  3.0085%  uni0   61.559  nint  7  waste  0.250  outage     0 h
  [616/803] instant    draw=153 LPSP  2.8511%  uni0   61.190  nint 10  waste  0.000  outage     0 h
  [617/803] corrective draw=153 LPSP  3.5767%  uni0   65.434  nint  6  waste  0.000  outage 25755 h
  [618/803] calendar   draw=153 LPSP  3.5767%  uni0   65.434  nint  6  waste  0.000  outage 25755 h
  [619/803] rul        draw=153 LPSP  2.9024%  uni0   61.261  nint 10  waste  1.497  outage     0 h
  [620/803] instant    draw=154 LPSP  2.7527%  uni0   58.735  nint  8  waste  0.000  outage     0 h
  [621/803] corrective draw=154 LPSP  3.5196%  uni0   63.130  nint  7  waste  0.000  outage 32258 h
  [622/803] calendar   draw=154 LPSP  3.5196%  uni0   63.130  nint  7  waste  0.000  outage 32258 h
  [623/803] rul        draw=154 LPSP  2.8928%  uni0   59.311  nint  6  waste  0.456  outage     0 h
  [624/803] instant    draw=155 LPSP  2.9232%  uni0   79.979  nint 10  waste  0.000  outage     0 h
  [625/803] corrective draw=155 LPSP  3.6498%  uni0   84.275  nint  8  waste  0.000  outage 14792 h
  [626/803] calendar   draw=155 LPSP  3.1795%  uni0   81.102  nint  5  waste  0.840  outage  3736 h
  [627/803] rul        draw=155 LPSP  3.0128%  uni0   79.984  nint  5  waste  1.064  outage     0 h
  [628/803] instant    draw=156 LPSP  2.8178%  uni0  101.749  nint 13  waste  0.000  outage     0 h
  [629/803] corrective draw=156 LPSP  3.3458%  uni0  104.226  nint 10  waste  0.000  outage 13754 h
  [630/803] calendar   draw=156 LPSP  2.9512%  uni0  100.996  nint 11  waste  1.678  outage     0 h
  [631/803] rul        draw=156 LPSP  2.9752%  uni0  101.312  nint 10  waste  0.254  outage     0 h
  [632/803] instant    draw=157 LPSP  2.9680%  uni0   94.985  nint 12  waste  0.000  outage     0 h
  [633/803] corrective draw=157 LPSP  4.2872%  uni0  102.764  nint  8  waste  0.000  outage 23829 h
  [634/803] calendar   draw=157 LPSP  3.8421%  uni0   99.863  nint 10  waste  0.514  outage  8169 h
  [635/803] rul        draw=157 LPSP  3.2342%  uni0   95.354  nint 10  waste  0.546  outage     0 h
  [636/803] instant    draw=158 LPSP  2.9453%  uni0   86.455  nint 11  waste  0.000  outage     0 h
  [637/803] corrective draw=158 LPSP  3.3730%  uni0   88.429  nint  9  waste  0.000  outage 21076 h
  [638/803] calendar   draw=158 LPSP  3.5993%  uni0   91.059  nint  9  waste  0.794  outage  8365 h
  [639/803] rul        draw=158 LPSP  2.9741%  uni0   86.482  nint 10  waste  0.608  outage     0 h
  [640/803] instant    draw=159 LPSP  2.9527%  uni0   96.238  nint 12  waste  0.000  outage     0 h
  [641/803] corrective draw=159 LPSP  3.9266%  uni0  103.214  nint  8  waste  0.000  outage 25862 h
  [642/803] calendar   draw=159 LPSP  2.9506%  uni0   96.152  nint 11  waste  0.267  outage     0 h
  [643/803] rul        draw=159 LPSP  2.9506%  uni0   96.152  nint 11  waste  0.267  outage     0 h
  [644/803] instant    draw=160 LPSP  2.7776%  uni0   80.708  nint 12  waste  0.000  outage     0 h
  [645/803] corrective draw=160 LPSP  3.6108%  uni0   86.397  nint  6  waste  0.000  outage 21697 h
  [646/803] calendar   draw=160 LPSP  3.6108%  uni0   86.397  nint  6  waste  0.000  outage 21697 h
  [647/803] rul        draw=160 LPSP  2.8154%  uni0   80.655  nint 12  waste  1.650  outage     0 h
  [648/803] instant    draw=161 LPSP  2.9464%  uni0  107.453  nint 15  waste  0.000  outage     0 h
  [649/803] corrective draw=161 LPSP  3.1621%  uni0  107.263  nint 12  waste  0.000  outage  9966 h
  [650/803] calendar   draw=161 LPSP  3.1621%  uni0  107.263  nint 12  waste  0.000  outage  9966 h
  [651/803] rul        draw=161 LPSP  3.1175%  uni0  107.286  nint 12  waste  0.006  outage  1333 h
  [652/803] instant    draw=162 LPSP  2.8355%  uni0   70.211  nint 10  waste  0.000  outage     0 h
  [653/803] corrective draw=162 LPSP  3.4120%  uni0   73.229  nint  8  waste  0.000  outage 21007 h
  [654/803] calendar   draw=162 LPSP  3.4120%  uni0   73.229  nint  8  waste  0.000  outage 21007 h
  [655/803] rul        draw=162 LPSP  2.9539%  uni0   70.376  nint  8  waste  1.744  outage     0 h
  [656/803] instant    draw=163 LPSP  2.9045%  uni0   76.370  nint 10  waste  0.000  outage     0 h
  [657/803] corrective draw=163 LPSP  3.3609%  uni0   78.788  nint  4  waste  0.000  outage  9021 h
  [658/803] calendar   draw=163 LPSP  3.3609%  uni0   78.788  nint  4  waste  0.000  outage  9021 h
  [659/803] rul        draw=163 LPSP  3.0321%  uni0   76.359  nint  9  waste  1.327  outage     0 h
  [660/803] instant    draw=164 LPSP  2.9552%  uni0  100.987  nint 12  waste  0.000  outage     0 h
  [661/803] corrective draw=164 LPSP  4.0167%  uni0  106.909  nint  7  waste  0.000  outage 14648 h
  [662/803] calendar   draw=164 LPSP  3.3259%  uni0  101.582  nint 11  waste  1.223  outage  4100 h
  [663/803] rul        draw=164 LPSP  3.2911%  uni0  101.216  nint  8  waste  0.679  outage     0 h
  [664/803] instant    draw=165 LPSP  2.8472%  uni0   62.756  nint  7  waste  0.000  outage     0 h
  [665/803] corrective draw=165 LPSP  3.4986%  uni0   67.229  nint  3  waste  0.000  outage 11892 h
  [666/803] calendar   draw=165 LPSP  2.9397%  uni0   63.034  nint  7  waste  1.170  outage     0 h
  [667/803] rul        draw=165 LPSP  2.9472%  uni0   63.141  nint  7  waste  0.425  outage     0 h
  [668/803] instant    draw=166 LPSP  2.8942%  uni0   66.140  nint  6  waste  0.000  outage     0 h
  [669/803] corrective draw=166 LPSP  3.1152%  uni0   67.348  nint  6  waste  0.000  outage  8311 h
  [670/803] calendar   draw=166 LPSP  3.1949%  uni0   68.034  nint  8  waste  2.427  outage  5683 h
  [671/803] rul        draw=166 LPSP  2.9127%  uni0   66.188  nint  6  waste  0.352  outage     0 h
  [672/803] instant    draw=167 LPSP  2.9712%  uni0   70.469  nint 10  waste  0.000  outage     0 h
  [673/803] corrective draw=167 LPSP  3.1668%  uni0   71.022  nint  8  waste  0.000  outage 13169 h
  [674/803] calendar   draw=167 LPSP  3.1668%  uni0   71.022  nint  8  waste  0.000  outage 13169 h
  [675/803] rul        draw=167 LPSP  3.0194%  uni0   70.545  nint  8  waste  1.336  outage     0 h
  [676/803] instant    draw=168 LPSP  2.9748%  uni0   79.673  nint 10  waste  0.000  outage     0 h
  [677/803] corrective draw=168 LPSP  3.7422%  uni0   83.760  nint  8  waste  0.000  outage 22585 h
  [678/803] calendar   draw=168 LPSP  3.3084%  uni0   81.180  nint  5  waste  0.437  outage  3827 h
  [679/803] rul        draw=168 LPSP  3.1230%  uni0   79.889  nint  5  waste  0.685  outage     0 h
  [680/803] instant    draw=169 LPSP  3.0166%  uni0   66.844  nint  8  waste  0.000  outage     0 h
  [681/803] corrective draw=169 LPSP  3.1031%  uni0   67.249  nint  7  waste  0.000  outage  2441 h
  [682/803] calendar   draw=169 LPSP  3.1359%  uni0   67.489  nint  7  waste  0.806  outage  2004 h
  [683/803] rul        draw=169 LPSP  3.1031%  uni0   67.249  nint  7  waste  0.000  outage  2441 h
  [684/803] instant    draw=170 LPSP  2.9616%  uni0   79.424  nint 10  waste  0.000  outage     0 h
  [685/803] corrective draw=170 LPSP  3.8396%  uni0   83.739  nint  8  waste  0.000  outage 33220 h
  [686/803] calendar   draw=170 LPSP  3.4687%  uni0   82.345  nint  5  waste  0.135  outage  6398 h
  [687/803] rul        draw=170 LPSP  3.0866%  uni0   79.668  nint  5  waste  0.266  outage     0 h
  [688/803] instant    draw=171 LPSP  2.9417%  uni0   97.911  nint 11  waste  0.000  outage     0 h
  [689/803] corrective draw=171 LPSP  3.6911%  uni0  101.333  nint  8  waste  0.000  outage 18702 h
  [690/803] calendar   draw=171 LPSP  3.2233%  uni0   97.919  nint 10  waste  2.054  outage   693 h
  [691/803] rul        draw=171 LPSP  3.2295%  uni0   98.170  nint  6  waste  0.710  outage     0 h
  [692/803] instant    draw=172 LPSP  3.0116%  uni0  121.996  nint 15  waste  0.000  outage     0 h
  [693/803] corrective draw=172 LPSP  3.8540%  uni0  123.826  nint 10  waste  0.000  outage 12054 h
  [694/803] calendar   draw=172 LPSP  3.7413%  uni0  122.839  nint 11  waste  2.319  outage  7262 h
  [695/803] rul        draw=172 LPSP  3.5928%  uni0  122.041  nint  8  waste  0.140  outage     0 h
  [696/803] instant    draw=173 LPSP  2.7805%  uni0   67.899  nint  9  waste  0.000  outage     0 h
  [697/803] corrective draw=173 LPSP  3.4339%  uni0   71.594  nint  8  waste  0.000  outage 26412 h
  [698/803] calendar   draw=173 LPSP  3.4339%  uni0   71.594  nint  8  waste  0.000  outage 26412 h
  [699/803] rul        draw=173 LPSP  2.9229%  uni0   68.275  nint  8  waste  0.736  outage     0 h
  [700/803] instant    draw=174 LPSP  2.8454%  uni0   81.411  nint 11  waste  0.000  outage     0 h
  [701/803] corrective draw=174 LPSP  3.3247%  uni0   84.130  nint  9  waste  0.000  outage 24401 h
  [702/803] calendar   draw=174 LPSP  3.3247%  uni0   84.130  nint  9  waste  0.000  outage 24401 h
  [703/803] rul        draw=174 LPSP  2.8927%  uni0   81.407  nint  6  waste  0.797  outage     0 h
  [704/803] instant    draw=175 LPSP  2.9807%  uni0  120.766  nint 14  waste  0.000  outage     0 h
  [705/803] corrective draw=175 LPSP  3.8389%  uni0  122.911  nint 10  waste  0.000  outage 11820 h
  [706/803] calendar   draw=175 LPSP  3.4874%  uni0  120.324  nint 11  waste  1.232  outage     0 h
  [707/803] rul        draw=175 LPSP  3.5186%  uni0  120.665  nint  8  waste  0.468  outage     0 h
  [708/803] instant    draw=176 LPSP  2.8256%  uni0   74.116  nint  8  waste  0.000  outage     0 h
  [709/803] corrective draw=176 LPSP  3.3932%  uni0   77.179  nint  7  waste  0.000  outage 16350 h
  [710/803] calendar   draw=176 LPSP  3.0107%  uni0   74.349  nint  4  waste  1.611  outage     0 h
  [711/803] rul        draw=176 LPSP  3.0186%  uni0   74.510  nint  7  waste  0.206  outage     0 h
  [712/803] instant    draw=177 LPSP  2.9661%  uni0  122.330  nint 18  waste  0.000  outage     0 h
  [713/803] corrective draw=177 LPSP  4.3573%  uni0  127.918  nint 12  waste  0.000  outage 37644 h
  [714/803] calendar   draw=177 LPSP  4.3573%  uni0  127.918  nint 12  waste  0.000  outage 37644 h
  [715/803] rul        draw=177 LPSP  3.2863%  uni0  121.520  nint 13  waste  0.787  outage     0 h
  [716/803] instant    draw=178 LPSP  2.8148%  uni0  107.612  nint 14  waste  0.000  outage     0 h
  [717/803] corrective draw=178 LPSP  3.6883%  uni0  111.494  nint 10  waste  0.000  outage 23416 h
  [718/803] calendar   draw=178 LPSP  3.0751%  uni0  106.876  nint 11  waste  0.927  outage     0 h
  [719/803] rul        draw=178 LPSP  3.0989%  uni0  107.149  nint  8  waste  0.098  outage     0 h
  [720/803] instant    draw=179 LPSP  2.9485%  uni0   87.037  nint 12  waste  0.000  outage     0 h
  [721/803] corrective draw=179 LPSP  3.0963%  uni0   87.198  nint  6  waste  0.000  outage  9610 h
  [722/803] calendar   draw=179 LPSP  3.0963%  uni0   87.198  nint  6  waste  0.000  outage  9610 h
  [723/803] rul        draw=179 LPSP  3.0551%  uni0   87.293  nint  6  waste  0.004  outage   952 h
  [724/803] instant    draw=180 LPSP  2.8680%  uni0  105.924  nint 15  waste  0.000  outage     0 h
  [725/803] corrective draw=180 LPSP  3.7675%  uni0  110.358  nint 11  waste  0.000  outage 37120 h
  [726/803] calendar   draw=180 LPSP  3.7675%  uni0  110.358  nint 11  waste  0.000  outage 37120 h
  [727/803] rul        draw=180 LPSP  3.0321%  uni0  105.565  nint 12  waste  0.307  outage     0 h
  [728/803] instant    draw=181 LPSP  2.7905%  uni0   72.076  nint  8  waste  0.000  outage     0 h
  [729/803] corrective draw=181 LPSP  3.0437%  uni0   72.887  nint  7  waste  0.000  outage  8340 h
  [730/803] calendar   draw=181 LPSP  2.9362%  uni0   72.153  nint  4  waste  1.288  outage     0 h
  [731/803] rul        draw=181 LPSP  2.9385%  uni0   72.247  nint  8  waste  0.545  outage     0 h
  [732/803] instant    draw=182 LPSP  3.0055%  uni0  123.696  nint 16  waste  0.000  outage     0 h
  [733/803] corrective draw=182 LPSP  4.0829%  uni0  127.223  nint 11  waste  0.000  outage 21446 h
  [734/803] calendar   draw=182 LPSP  4.0829%  uni0  127.223  nint 11  waste  0.000  outage 21446 h
  [735/803] rul        draw=182 LPSP  3.5445%  uni0  123.555  nint 12  waste  0.927  outage     0 h
  [736/803] instant    draw=183 LPSP  2.9700%  uni0   72.237  nint  9  waste  0.000  outage     0 h
  [737/803] corrective draw=183 LPSP  4.1310%  uni0   79.887  nint  4  waste  0.000  outage 22020 h
  [738/803] calendar   draw=183 LPSP  3.7598%  uni0   77.706  nint  8  waste  0.371  outage  7168 h
  [739/803] rul        draw=183 LPSP  3.0751%  uni0   72.531  nint  9  waste  0.460  outage     0 h
  [740/803] instant    draw=184 LPSP  2.8075%  uni0   86.286  nint 11  waste  0.000  outage     0 h
  [741/803] corrective draw=184 LPSP  3.8520%  uni0   92.589  nint  8  waste  0.000  outage 27280 h
  [742/803] calendar   draw=184 LPSP  3.0002%  uni0   86.458  nint  9  waste  0.222  outage     0 h
  [743/803] rul        draw=184 LPSP  3.0002%  uni0   86.458  nint  9  waste  0.222  outage     0 h
  [744/803] instant    draw=185 LPSP  2.9721%  uni0  127.144  nint 18  waste  0.000  outage     0 h
  [745/803] corrective draw=185 LPSP  4.7799%  uni0  135.231  nint 12  waste  0.000  outage 37398 h
  [746/803] calendar   draw=185 LPSP  4.7799%  uni0  135.231  nint 12  waste  0.000  outage 37398 h
  [747/803] rul        draw=185 LPSP  3.4941%  uni0  126.923  nint 13  waste  0.350  outage     0 h
  [748/803] instant    draw=186 LPSP  2.8052%  uni0  119.840  nint 19  waste  0.000  outage     0 h
  [749/803] corrective draw=186 LPSP  3.5480%  uni0  121.468  nint  8  waste  0.000  outage  4470 h
  [750/803] calendar   draw=186 LPSP  3.5480%  uni0  121.468  nint  8  waste  0.000  outage  4470 h
  [751/803] rul        draw=186 LPSP  3.5480%  uni0  121.468  nint  8  waste  0.000  outage  4470 h
  [752/803] instant    draw=187 LPSP  3.0124%  uni0  114.145  nint 17  waste  0.000  outage     0 h
  [753/803] corrective draw=187 LPSP  3.4808%  uni0  114.626  nint 12  waste  0.000  outage 17507 h
  [754/803] calendar   draw=187 LPSP  3.4808%  uni0  114.626  nint 12  waste  0.000  outage 17507 h
  [755/803] rul        draw=187 LPSP  3.2334%  uni0  113.547  nint 12  waste  0.298  outage   204 h
  [756/803] instant    draw=188 LPSP  2.9378%  uni0   71.417  nint  9  waste  0.000  outage     0 h
  [757/803] corrective draw=188 LPSP  4.3318%  uni0   80.823  nint  5  waste  0.000  outage 24462 h
  [758/803] calendar   draw=188 LPSP  3.0581%  uni0   71.903  nint  8  waste  0.523  outage   407 h
  [759/803] rul        draw=188 LPSP  3.0581%  uni0   71.903  nint  8  waste  0.523  outage   407 h
  [760/803] instant    draw=189 LPSP  2.9471%  uni0   72.182  nint  9  waste  0.000  outage     0 h
  [761/803] corrective draw=189 LPSP  3.3956%  uni0   74.095  nint  8  waste  0.000  outage 20943 h
  [762/803] calendar   draw=189 LPSP  3.3956%  uni0   74.095  nint  8  waste  0.000  outage 20943 h
  [763/803] rul        draw=189 LPSP  3.0889%  uni0   72.610  nint  8  waste  0.926  outage     0 h
  [764/803] instant    draw=190 LPSP  2.9716%  uni0   88.318  nint 14  waste  0.000  outage     0 h
  [765/803] corrective draw=190 LPSP  4.6740%  uni0   98.534  nint  6  waste  0.000  outage 50114 h
  [766/803] calendar   draw=190 LPSP  4.6740%  uni0   98.534  nint  6  waste  0.000  outage 50114 h
  [767/803] rul        draw=190 LPSP  3.0213%  uni0   88.355  nint 12  waste  0.218  outage     0 h
  [768/803] instant    draw=191 LPSP  2.8920%  uni0   76.699  nint  8  waste  0.000  outage     0 h
  [769/803] corrective draw=191 LPSP  3.3526%  uni0   78.747  nint  7  waste  0.000  outage 15089 h
  [770/803] calendar   draw=191 LPSP  3.0841%  uni0   76.962  nint  4  waste  1.138  outage     0 h
  [771/803] rul        draw=191 LPSP  3.0827%  uni0   77.017  nint  8  waste  0.353  outage     0 h
  [772/803] instant    draw=192 LPSP  2.8600%  uni0   63.157  nint  8  waste  0.000  outage     0 h
  [773/803] corrective draw=192 LPSP  2.9297%  uni0   63.486  nint  7  waste  0.000  outage  1798 h
  [774/803] calendar   draw=192 LPSP  2.9297%  uni0   63.486  nint  7  waste  0.000  outage  1798 h
  [775/803] rul        draw=192 LPSP  2.9297%  uni0   63.486  nint  7  waste  0.000  outage  1798 h
  [776/803] instant    draw=193 LPSP  2.8572%  uni0   71.997  nint  8  waste  0.000  outage     0 h
  [777/803] corrective draw=193 LPSP  3.0030%  uni0   72.328  nint  7  waste  0.000  outage  2889 h
  [778/803] calendar   draw=193 LPSP  2.9620%  uni0   71.929  nint  4  waste  1.836  outage     0 h
  [779/803] rul        draw=193 LPSP  2.9679%  uni0   72.068  nint  7  waste  0.437  outage     0 h
  [780/803] instant    draw=194 LPSP  2.9373%  uni0   97.419  nint 14  waste  0.000  outage     0 h
  [781/803] corrective draw=194 LPSP  3.6410%  uni0  100.598  nint  7  waste  0.000  outage 13032 h
  [782/803] calendar   draw=194 LPSP  3.6410%  uni0  100.598  nint  7  waste  0.000  outage 13032 h
  [783/803] rul        draw=194 LPSP  3.1988%  uni0   97.646  nint 12  waste  0.932  outage  2712 h
  [784/803] instant    draw=195 LPSP  2.9403%  uni0  108.464  nint 15  waste  0.000  outage     0 h
  [785/803] corrective draw=195 LPSP  3.6314%  uni0  111.764  nint 11  waste  0.000  outage 23275 h
  [786/803] calendar   draw=195 LPSP  3.4813%  uni0  110.557  nint 12  waste  0.155  outage 23029 h
  [787/803] rul        draw=195 LPSP  3.0077%  uni0  108.010  nint 12  waste  1.562  outage     0 h
  [788/803] instant    draw=196 LPSP  2.9729%  uni0   72.197  nint  8  waste  0.000  outage     0 h
  [789/803] corrective draw=196 LPSP  3.6750%  uni0   76.139  nint  6  waste  0.000  outage 21932 h
  [790/803] calendar   draw=196 LPSP  3.3248%  uni0   74.101  nint  9  waste  1.651  outage  2940 h
  [791/803] rul        draw=196 LPSP  3.0859%  uni0   72.380  nint  8  waste  0.522  outage     0 h
  [792/803] instant    draw=197 LPSP  2.9147%  uni0  112.389  nint 14  waste  0.000  outage     0 h
  [793/803] corrective draw=197 LPSP  3.3569%  uni0  112.931  nint  8  waste  0.000  outage  2609 h
  [794/803] calendar   draw=197 LPSP  3.2235%  uni0  111.890  nint 11  waste  0.771  outage     0 h
  [795/803] rul        draw=197 LPSP  3.2235%  uni0  111.890  nint 11  waste  0.771  outage     0 h
  [796/803] instant    draw=198 LPSP  2.9809%  uni0   64.186  nint  8  waste  0.000  outage     0 h
  [797/803] corrective draw=198 LPSP  3.3118%  uni0   65.325  nint  7  waste  0.000  outage 17774 h
  [798/803] calendar   draw=198 LPSP  3.3118%  uni0   65.325  nint  7  waste  0.000  outage 17774 h
  [799/803] rul        draw=198 LPSP  3.0903%  uni0   64.620  nint  6  waste  0.971  outage     0 h
  [800/803] instant    draw=199 LPSP  2.9685%  uni0  107.227  nint 13  waste  0.000  outage     0 h
  [801/803] corrective draw=199 LPSP  4.3032%  uni0  115.530  nint  8  waste  0.000  outage 24614 h
  [802/803] calendar   draw=199 LPSP  3.1305%  uni0  106.897  nint 11  waste  0.294  outage     0 h
  [803/803] rul        draw=199 LPSP  3.1305%  uni0  106.897  nint 11  waste  0.294  outage     0 h
  (939s)

==============================================================================
COUT TOTAL [kEUR] a C_visite=1.5 (N=200, Tvisite=12m)
policy      |     mean |      P95 |   CVaR90 |   nint |   waste | outage h
instant     |  106.763 |  147.729 |  148.790 |  11.62 |   0.000 |        0
corrective  |  105.331 |  142.445 |  144.982 |   8.27 |   0.000 |    19523
calendar    |  105.292 |  142.513 |  145.553 |   8.86 |   0.568 |    11685
rul         |  103.600 |  140.119 |  140.792 |   9.06 |   0.665 |      208
------------------------------------------------------------------------------
  rul - corrective       : -1.731 +/- 3.522 kEUR ; gagne 66%
  rul - calendar         : -1.692 +/- 3.647 kEUR ; gagne 62%
  calendar - corrective  : -0.039 +/- 2.419 kEUR ; gagne 26%
==============================================================================
Resultats : /Work/Users/tlenoir/genial/Robustesse/Vieillissement9_4/maintenance_25y_T12m.txt
Figure    : /Work/Users/tlenoir/genial/Robustesse/Vieillissement9_4/maintenance_25y_T12m.pdf

real	16m40.390s
user	483m2.862s
sys	0m58.646s
fin=Fri Jul 10 14:33:17 CEST 2026
