Job 214867  noeud=node4-11  args=
cpus-per-task=32  debut=ven. juil. 10 00:11:02 CEST 2026
numpy 1.21.5 scipy 1.9.1
=== VALEUR DE LA RUL -- maintenance insulaire (fenetres + cout fixe) ===
    horizon=25 ans | N_MC=200 | Tvisite=6m | marge RUL=1 | mult U_log[0.50, 2.00] | seed=2026

--- Run nominal 'instant' (ages calendaires + test nul vs boucle de base)...
    TEST NUL instant==base : |unifie 81.889 - 81.889| = 0.000e+00 kEUR -> OK  (61s)
    vies nominales (1er remplacement) : bat=3.890296803652968 fc=5.524429223744292 ely=None -> ages calendaires {'bat': 3.89, 'fc': 5.52, 'ely': None}

--- 803 runs a lancer (1 repris, 32 workers) ---
  [  1/803] corrective draw=-1  LPSP  3.3164%  uni0   84.319  nint  8  waste  0.000  outage 16358 h
  [  2/803] calendar   draw=-1  LPSP  2.8577%  uni0   81.962  nint 11  waste  4.374  outage     0 h
  [  3/803] rul        draw=-1  LPSP  2.8577%  uni0   81.962  nint 11  waste  4.374  outage     0 h
  [  4/803] instant    draw=0   LPSP  2.9521%  uni0  118.365  nint 15  waste  0.000  outage     0 h
  [  5/803] corrective draw=0   LPSP  3.1762%  uni0  118.479  nint 13  waste  0.000  outage  2321 h
  [  6/803] calendar   draw=0   LPSP  3.2257%  uni0  118.802  nint 14  waste  1.082  outage  2305 h
  [  7/803] rul        draw=0   LPSP  2.9274%  uni0  119.145  nint 15  waste  7.737  outage   215 h
  [  8/803] instant    draw=1   LPSP  3.0084%  uni0  101.447  nint 12  waste  0.000  outage     0 h
  [  9/803] corrective draw=1   LPSP  3.0960%  uni0  101.358  nint 10  waste  0.000  outage  1593 h
  [ 10/803] calendar   draw=1   LPSP  3.0844%  uni0  101.190  nint 12  waste  1.535  outage     0 h
  [ 11/803] rul        draw=1   LPSP  2.9470%  uni0  101.625  nint 10  waste  5.040  outage   164 h
  [ 12/803] instant    draw=2   LPSP  2.8267%  uni0   80.665  nint 10  waste  0.000  outage     0 h
  [ 13/803] corrective draw=2   LPSP  3.1668%  uni0   82.604  nint  8  waste  0.000  outage 12416 h
  [ 14/803] calendar   draw=2   LPSP  2.7834%  uni0   80.633  nint 11  waste  3.034  outage     0 h
  [ 15/803] rul        draw=2   LPSP  2.7834%  uni0   80.633  nint 11  waste  3.034  outage     0 h
  [ 16/803] instant    draw=3   LPSP  2.8093%  uni0   83.589  nint 10  waste  0.000  outage     0 h
  [ 17/803] corrective draw=3   LPSP  2.9055%  uni0   83.962  nint 10  waste  0.000  outage  5217 h
  [ 18/803] calendar   draw=3   LPSP  2.8316%  uni0   83.329  nint 11  waste  1.509  outage     0 h
  [ 19/803] rul        draw=3   LPSP  2.7537%  uni0   83.894  nint 10  waste  6.110  outage     0 h
  [ 20/803] instant    draw=4   LPSP  2.9652%  uni0   73.701  nint  8  waste  0.000  outage     0 h
  [ 21/803] corrective draw=4   LPSP  3.0581%  uni0   73.891  nint  7  waste  0.000  outage  4128 h
  [ 22/803] calendar   draw=4   LPSP  2.7904%  uni0   73.534  nint 11  waste 13.181  outage     0 h
  [ 23/803] rul        draw=4   LPSP  2.9181%  uni0   73.734  nint  8  waste  2.080  outage   113 h
  [ 24/803] instant    draw=5   LPSP  3.0073%  uni0   76.620  nint 11  waste  0.000  outage     0 h
  [ 25/803] corrective draw=5   LPSP  3.3685%  uni0   78.820  nint  9  waste  0.000  outage  9551 h
  [ 26/803] calendar   draw=5   LPSP  2.9904%  uni0   77.505  nint 11  waste 13.354  outage  9551 h
  [ 27/803] rul        draw=5   LPSP  2.9068%  uni0   76.489  nint 12  waste  3.354  outage   348 h
  [ 28/803] instant    draw=6   LPSP  2.8130%  uni0   94.124  nint 11  waste  0.000  outage     0 h
  [ 29/803] corrective draw=6   LPSP  2.9355%  uni0   94.587  nint 10  waste  0.000  outage  3515 h
  [ 30/803] calendar   draw=6   LPSP  2.8670%  uni0   93.951  nint 12  waste  1.513  outage     0 h
  [ 31/803] rul        draw=6   LPSP  2.7497%  uni0   94.465  nint  9  waste  6.486  outage     0 h
  [ 32/803] instant    draw=7   LPSP  2.9064%  uni0   93.645  nint 12  waste  0.000  outage     0 h
  [ 33/803] corrective draw=7   LPSP  3.1376%  uni0   94.075  nint 11  waste  0.000  outage  6690 h
  [ 34/803] calendar   draw=7   LPSP  3.0429%  uni0   93.516  nint 11  waste  0.276  outage     0 h
  [ 35/803] rul        draw=7   LPSP  2.7976%  uni0   94.032  nint 13  waste 10.318  outage     0 h
  [ 36/803] instant    draw=8   LPSP  2.8355%  uni0   78.847  nint  9  waste  0.000  outage     0 h
  [ 37/803] corrective draw=8   LPSP  2.9147%  uni0   79.122  nint  9  waste  0.000  outage  3545 h
  [ 38/803] calendar   draw=8   LPSP  2.7788%  uni0   78.776  nint 11  waste  5.358  outage     0 h
  [ 39/803] rul        draw=8   LPSP  2.7833%  uni0   78.902  nint 10  waste  4.528  outage     0 h
  [ 40/803] instant    draw=9   LPSP  3.0136%  uni0   76.335  nint 10  waste  0.000  outage     0 h
  [ 41/803] corrective draw=9   LPSP  3.2701%  uni0   77.682  nint 10  waste  0.000  outage  8885 h
  [ 42/803] calendar   draw=9   LPSP  2.9641%  uni0   76.964  nint 13  waste 13.354  outage  8885 h
  [ 43/803] rul        draw=9   LPSP  2.9076%  uni0   76.137  nint 12  waste  3.955  outage     0 h
  [ 44/803] instant    draw=10  LPSP  3.0115%  uni0   68.603  nint  9  waste  0.000  outage     0 h
  [ 45/803] corrective draw=10  LPSP  3.1410%  uni0   69.141  nint  8  waste  0.000  outage  7429 h
  [ 46/803] calendar   draw=10  LPSP  2.7682%  uni0   67.986  nint 12  waste 19.659  outage  7429 h
  [ 47/803] rul        draw=10  LPSP  2.9749%  uni0   68.513  nint  8  waste  1.547  outage     0 h
  [ 48/803] instant    draw=11  LPSP  2.8921%  uni0   63.853  nint  8  waste  0.000  outage     0 h
  [ 49/803] corrective draw=11  LPSP  3.1189%  uni0   65.027  nint  8  waste  0.000  outage 10816 h
  [ 50/803] calendar   draw=11  LPSP  2.6781%  uni0   63.137  nint 12  waste 22.048  outage 10816 h
  [ 51/803] rul        draw=11  LPSP  2.8768%  uni0   63.739  nint  9  waste  1.400  outage     0 h
  [ 52/803] instant    draw=12  LPSP  2.9592%  uni0  121.247  nint 15  waste  0.000  outage     0 h
  [ 53/803] corrective draw=12  LPSP  3.3219%  uni0  121.900  nint 11  waste  0.000  outage  7260 h
  [ 54/803] calendar   draw=12  LPSP  3.2268%  uni0  121.257  nint 14  waste  1.333  outage  3380 h
  [ 55/803] rul        draw=12  LPSP  2.9268%  uni0  121.711  nint 15  waste  6.472  outage     0 h
  [ 56/803] instant    draw=13  LPSP  2.9399%  uni0  118.192  nint 15  waste  0.000  outage     0 h
  [ 57/803] corrective draw=13  LPSP  3.2808%  uni0  118.618  nint 13  waste  0.000  outage 12256 h
  [ 58/803] calendar   draw=13  LPSP  3.2808%  uni0  118.618  nint 13  waste  0.000  outage 12256 h
  [ 59/803] rul        draw=13  LPSP  2.9237%  uni0  118.826  nint 14  waste  6.485  outage     0 h
  [ 60/803] instant    draw=14  LPSP  2.8815%  uni0  101.507  nint 14  waste  0.000  outage     0 h
  [ 61/803] corrective draw=14  LPSP  3.0227%  uni0  101.520  nint 11  waste  0.000  outage  2610 h
  [ 62/803] calendar   draw=14  LPSP  3.0227%  uni0  101.520  nint 11  waste  0.000  outage  2610 h
  [ 63/803] rul        draw=14  LPSP  2.8494%  uni0  101.623  nint 13  waste  4.475  outage     0 h
  [ 64/803] instant    draw=15  LPSP  3.0288%  uni0   76.004  nint 10  waste  0.000  outage     0 h
  [ 65/803] corrective draw=15  LPSP  3.1387%  uni0   75.700  nint  8  waste  0.000  outage 15933 h
  [ 66/803] calendar   draw=15  LPSP  2.9271%  uni0   75.669  nint 11  waste 12.209  outage 15933 h
  [ 67/803] rul        draw=15  LPSP  2.9319%  uni0   75.713  nint 10  waste  2.580  outage     0 h
  [ 68/803] instant    draw=16  LPSP  2.9355%  uni0   68.635  nint  8  waste  0.000  outage     0 h
  [ 69/803] corrective draw=16  LPSP  3.6185%  uni0   73.114  nint  4  waste  0.000  outage 15761 h
  [ 70/803] calendar   draw=16  LPSP  2.6978%  uni0   68.236  nint 11  waste 16.995  outage     0 h
  [ 71/803] rul        draw=16  LPSP  2.9230%  uni0   68.631  nint  4  waste  0.705  outage     0 h
  [ 72/803] instant    draw=17  LPSP  2.8427%  uni0   63.243  nint  9  waste  0.000  outage     0 h
  [ 73/803] corrective draw=17  LPSP  3.1888%  uni0   64.996  nint  8  waste  0.000  outage 19358 h
  [ 74/803] calendar   draw=17  LPSP  2.6938%  uni0   62.771  nint 12  waste 21.076  outage 19358 h
  [ 75/803] rul        draw=17  LPSP  2.8413%  uni0   63.239  nint  9  waste  0.429  outage     0 h
  [ 76/803] instant    draw=18  LPSP  3.0201%  uni0  103.565  nint 14  waste  0.000  outage     0 h
  [ 77/803] corrective draw=18  LPSP  3.2481%  uni0  104.494  nint 12  waste  0.000  outage  7379 h
  [ 78/803] calendar   draw=18  LPSP  3.2481%  uni0  104.494  nint 12  waste  0.000  outage  7379 h
  [ 79/803] rul        draw=18  LPSP  2.9496%  uni0  103.827  nint 10  waste  5.556  outage   435 h
  [ 80/803] instant    draw=19  LPSP  2.8901%  uni0   96.325  nint 14  waste  0.000  outage     0 h
  [ 81/803] corrective draw=19  LPSP  3.0531%  uni0   96.840  nint 13  waste  0.000  outage 12661 h
  [ 82/803] calendar   draw=19  LPSP  3.0531%  uni0   96.840  nint 13  waste  0.000  outage 12661 h
  [ 83/803] rul        draw=19  LPSP  2.7665%  uni0   96.511  nint 15  waste  9.816  outage     0 h
  [ 84/803] instant    draw=20  LPSP  2.8179%  uni0   59.631  nint  6  waste  0.000  outage     0 h
  [ 85/803] corrective draw=20  LPSP  2.9667%  uni0   60.655  nint  6  waste  0.000  outage  2774 h
  [ 86/803] calendar   draw=20  LPSP  2.5103%  uni0   58.708  nint 11  waste 22.123  outage     0 h
  [ 87/803] rul        draw=20  LPSP  2.7999%  uni0   59.458  nint  7  waste  0.740  outage     0 h
  [ 88/803] instant    draw=21  LPSP  2.9427%  uni0   68.354  nint  7  waste  0.000  outage     0 h
  [ 89/803] corrective draw=21  LPSP  3.1559%  uni0   69.180  nint  7  waste  0.000  outage  9729 h
  [ 90/803] calendar   draw=21  LPSP  2.7142%  uni0   67.903  nint 11  waste 17.835  outage     0 h
  [ 91/803] rul        draw=21  LPSP  2.9246%  uni0   68.324  nint  7  waste  1.031  outage     0 h
  [ 92/803] instant    draw=22  LPSP  3.0062%  uni0   91.009  nint 13  waste  0.000  outage     0 h
  [ 93/803] corrective draw=22  LPSP  3.3397%  uni0   91.704  nint 12  waste  0.000  outage 21884 h
  [ 94/803] calendar   draw=22  LPSP  3.3494%  uni0   92.645  nint 12  waste  1.041  outage 21884 h
  [ 95/803] rul        draw=22  LPSP  2.9683%  uni0   90.948  nint 14  waste  1.466  outage     0 h
  [ 96/803] instant    draw=23  LPSP  2.9164%  uni0   67.655  nint  9  waste  0.000  outage     0 h
  [ 97/803] corrective draw=23  LPSP  3.3018%  uni0   69.425  nint  7  waste  0.000  outage 17177 h
  [ 98/803] calendar   draw=23  LPSP  2.7652%  uni0   66.687  nint 12  waste 24.077  outage 17177 h
  [ 99/803] rul        draw=23  LPSP  2.8710%  uni0   67.455  nint  9  waste  1.341  outage    70 h
  [100/803] instant    draw=24  LPSP  2.9277%  uni0  123.350  nint 14  waste  0.000  outage     0 h
  [101/803] corrective draw=24  LPSP  3.2636%  uni0  123.675  nint 11  waste  0.000  outage  3187 h
  [102/803] calendar   draw=24  LPSP  3.3804%  uni0  124.499  nint 13  waste  1.913  outage  2744 h
  [103/803] rul        draw=24  LPSP  2.9201%  uni0  123.856  nint 14  waste  4.716  outage     0 h
  [104/803] instant    draw=25  LPSP  2.9987%  uni0   98.913  nint 11  waste  0.000  outage     0 h
  [105/803] corrective draw=25  LPSP  3.2790%  uni0  100.575  nint 11  waste  0.000  outage  5714 h
  [106/803] calendar   draw=25  LPSP  3.3518%  uni0  101.032  nint 13  waste  2.042  outage  4348 h
  [107/803] rul        draw=25  LPSP  2.9096%  uni0   99.082  nint 11  waste  7.551  outage     0 h
  [108/803] instant    draw=26  LPSP  2.8012%  uni0   90.343  nint 13  waste  0.000  outage     0 h
  [109/803] corrective draw=26  LPSP  3.0989%  uni0   91.419  nint 11  waste  0.000  outage 14298 h
  [110/803] calendar   draw=26  LPSP  3.0989%  uni0   91.419  nint 11  waste  0.000  outage 14298 h
  [111/803] rul        draw=26  LPSP  2.7897%  uni0   90.557  nint 11  waste  1.957  outage     0 h
  [112/803] instant    draw=27  LPSP  3.0069%  uni0   83.737  nint 10  waste  0.000  outage     0 h
  [113/803] corrective draw=27  LPSP  3.0517%  uni0   83.657  nint  9  waste  0.000  outage  4589 h
  [114/803] calendar   draw=27  LPSP  2.9330%  uni0   83.616  nint 11  waste  4.858  outage     0 h
  [115/803] rul        draw=27  LPSP  2.9388%  uni0   83.677  nint 11  waste  4.434  outage   527 h
  [116/803] instant    draw=28  LPSP  2.9948%  uni0   70.436  nint  9  waste  0.000  outage     0 h
  [117/803] corrective draw=28  LPSP  3.0715%  uni0   70.790  nint  8  waste  0.000  outage  2086 h
  [118/803] calendar   draw=28  LPSP  2.7503%  uni0   69.960  nint 12  waste 17.943  outage  2086 h
  [119/803] rul        draw=28  LPSP  2.9618%  uni0   70.420  nint  8  waste  1.862  outage   564 h
  [120/803] instant    draw=29  LPSP  2.9646%  uni0  120.506  nint 17  waste  0.000  outage     0 h
  [121/803] corrective draw=29  LPSP  3.3963%  uni0  122.276  nint 16  waste  0.000  outage 11000 h
  [122/803] calendar   draw=29  LPSP  3.3963%  uni0  122.276  nint 16  waste  0.000  outage 11000 h
  [123/803] rul        draw=29  LPSP  2.8848%  uni0  121.178  nint 19  waste 10.768  outage     0 h
  [124/803] instant    draw=30  LPSP  2.8290%  uni0   65.652  nint  7  waste  0.000  outage     0 h
  [125/803] corrective draw=30  LPSP  2.9011%  uni0   66.010  nint  7  waste  0.000  outage  4773 h
  [126/803] calendar   draw=30  LPSP  2.5982%  uni0   65.131  nint 11  waste 16.872  outage     0 h
  [127/803] rul        draw=30  LPSP  2.8277%  uni0   65.687  nint  7  waste  1.585  outage   422 h
  [128/803] instant    draw=31  LPSP  2.9966%  uni0   87.179  nint 11  waste  0.000  outage     0 h
  [129/803] corrective draw=31  LPSP  3.3424%  uni0   88.547  nint  9  waste  0.000  outage 18472 h
  [130/803] calendar   draw=31  LPSP  3.1381%  uni0   87.699  nint 11  waste  2.303  outage 18472 h
  [131/803] rul        draw=31  LPSP  2.9578%  uni0   87.150  nint 12  waste  2.721  outage     0 h
  [132/803] instant    draw=32  LPSP  2.8985%  uni0   64.819  nint  8  waste  0.000  outage     0 h
  [133/803] corrective draw=32  LPSP  3.3172%  uni0   66.841  nint  7  waste  0.000  outage 16495 h
  [134/803] calendar   draw=32  LPSP  2.5871%  uni0   63.884  nint 12  waste 24.743  outage   796 h
  [135/803] rul        draw=32  LPSP  2.8811%  uni0   64.720  nint  8  waste  0.579  outage     0 h
  [136/803] instant    draw=33  LPSP  2.8525%  uni0   91.827  nint 12  waste  0.000  outage     0 h
  [137/803] corrective draw=33  LPSP  3.2042%  uni0   93.256  nint 10  waste  0.000  outage  6734 h
  [138/803] calendar   draw=33  LPSP  2.9817%  uni0   91.541  nint 11  waste  0.607  outage     0 h
  [139/803] rul        draw=33  LPSP  2.7471%  uni0   92.209  nint 13  waste 10.039  outage     0 h
  [140/803] instant    draw=34  LPSP  2.9202%  uni0   64.825  nint  8  waste  0.000  outage     0 h
  [141/803] corrective draw=34  LPSP  3.0044%  uni0   65.075  nint  7  waste  0.000  outage  7606 h
  [142/803] calendar   draw=34  LPSP  2.6654%  uni0   64.084  nint 11  waste 20.476  outage  7606 h
  [143/803] rul        draw=34  LPSP  2.8736%  uni0   64.665  nint  8  waste  2.067  outage     0 h
  [144/803] instant    draw=35  LPSP  2.9508%  uni0   69.310  nint  7  waste  0.000  outage     0 h
  [145/803] corrective draw=35  LPSP  3.2017%  uni0   70.828  nint  6  waste  0.000  outage  7321 h
  [146/803] calendar   draw=35  LPSP  2.7679%  uni0   69.236  nint 12  waste 21.983  outage  4313 h
  [147/803] rul        draw=35  LPSP  2.9141%  uni0   69.238  nint  7  waste  0.969  outage    58 h
  [148/803] instant    draw=36  LPSP  2.9641%  uni0  129.384  nint 17  waste  0.000  outage     0 h
  [149/803] corrective draw=36  LPSP  3.3932%  uni0  129.893  nint 13  waste  0.000  outage  6445 h
  [150/803] calendar   draw=36  LPSP  3.3653%  uni0  129.684  nint 14  waste  0.697  outage  4125 h
  [151/803] rul        draw=36  LPSP  2.7746%  uni0  130.921  nint 17  waste 25.717  outage     0 h
  [152/803] instant    draw=37  LPSP  3.0017%  uni0   69.132  nint  8  waste  0.000  outage     0 h
  [153/803] corrective draw=37  LPSP  3.2431%  uni0   70.556  nint  8  waste  0.000  outage  7578 h
  [154/803] calendar   draw=37  LPSP  2.7999%  uni0   68.691  nint 11  waste 18.126  outage  7578 h
  [155/803] rul        draw=37  LPSP  2.9367%  uni0   68.911  nint  8  waste  1.953  outage     0 h
  [156/803] instant    draw=38  LPSP  2.9671%  uni0  134.690  nint 19  waste  0.000  outage     0 h
  [157/803] corrective draw=38  LPSP  3.4685%  uni0  137.089  nint 17  waste  0.000  outage 21825 h
  [158/803] calendar   draw=38  LPSP  3.4685%  uni0  137.089  nint 17  waste  0.000  outage 21825 h
  [159/803] rul        draw=38  LPSP  2.7977%  uni0  136.246  nint 21  waste 23.174  outage     0 h
  [160/803] instant    draw=39  LPSP  2.8576%  uni0   76.264  nint 10  waste  0.000  outage     0 h
  [161/803] corrective draw=39  LPSP  3.1039%  uni0   77.995  nint  5  waste  0.000  outage  5103 h
  [162/803] calendar   draw=39  LPSP  2.7916%  uni0   76.592  nint 12  waste  8.808  outage  5103 h
  [163/803] rul        draw=39  LPSP  2.8122%  uni0   76.254  nint  6  waste  4.075  outage     0 h
  [164/803] instant    draw=40  LPSP  2.9608%  uni0  104.787  nint 13  waste  0.000  outage     0 h
  [165/803] corrective draw=40  LPSP  3.7738%  uni0  110.036  nint  9  waste  0.000  outage 16558 h
  [166/803] calendar   draw=40  LPSP  3.0786%  uni0  105.108  nint 13  waste  0.082  outage  1766 h
  [167/803] rul        draw=40  LPSP  2.8731%  uni0  104.947  nint 14  waste  5.834  outage     0 h
  [168/803] instant    draw=41  LPSP  2.9337%  uni0   86.862  nint 13  waste  0.000  outage     0 h
  [169/803] corrective draw=41  LPSP  3.3307%  uni0   88.689  nint 13  waste  0.000  outage 15451 h
  [170/803] calendar   draw=41  LPSP  3.3296%  uni0   89.897  nint  8  waste  7.731  outage 15451 h
  [171/803] rul        draw=41  LPSP  2.9009%  uni0   86.887  nint 12  waste  3.414  outage     0 h
  [172/803] instant    draw=42  LPSP  3.0326%  uni0  102.780  nint 13  waste  0.000  outage     0 h
  [173/803] corrective draw=42  LPSP  3.6414%  uni0  106.615  nint  8  waste  0.000  outage 14605 h
  [174/803] calendar   draw=42  LPSP  3.2688%  uni0  104.085  nint 12  waste  0.090  outage  2197 h
  [175/803] rul        draw=42  LPSP  2.9371%  uni0  102.891  nint 14  waste  5.806  outage     0 h
  [176/803] instant    draw=43  LPSP  2.9477%  uni0   76.189  nint  9  waste  0.000  outage     0 h
  [177/803] corrective draw=43  LPSP  3.1705%  uni0   77.009  nint  8  waste  0.000  outage 12907 h
  [178/803] calendar   draw=43  LPSP  2.8047%  uni0   76.082  nint 11  waste 10.296  outage     0 h
  [179/803] rul        draw=43  LPSP  2.8923%  uni0   76.248  nint  8  waste  4.314  outage     0 h
  [180/803] instant    draw=44  LPSP  2.9452%  uni0  114.819  nint 14  waste  0.000  outage     0 h
  [181/803] corrective draw=44  LPSP  3.3446%  uni0  116.770  nint 13  waste  0.000  outage  8890 h
  [182/803] calendar   draw=44  LPSP  3.1297%  uni0  115.195  nint 14  waste  1.173  outage  3543 h
  [183/803] rul        draw=44  LPSP  2.8745%  uni0  115.688  nint 15  waste 11.808  outage   276 h
  [184/803] instant    draw=45  LPSP  2.9589%  uni0  111.168  nint 14  waste  0.000  outage     0 h
  [185/803] corrective draw=45  LPSP  3.2734%  uni0  112.887  nint 13  waste  0.000  outage 13767 h
  [186/803] calendar   draw=45  LPSP  3.0616%  uni0  111.494  nint 14  waste  0.898  outage  4207 h
  [187/803] rul        draw=45  LPSP  2.8602%  uni0  112.298  nint 15  waste 14.444  outage     0 h
  [188/803] instant    draw=46  LPSP  2.9176%  uni0  113.758  nint 15  waste  0.000  outage     0 h
  [189/803] corrective draw=46  LPSP  3.0611%  uni0  113.549  nint 13  waste  0.000  outage  3784 h
  [190/803] calendar   draw=46  LPSP  3.0234%  uni0  113.305  nint 13  waste  0.344  outage     0 h
  [191/803] rul        draw=46  LPSP  2.8674%  uni0  114.563  nint 15  waste  8.882  outage     0 h
  [192/803] instant    draw=47  LPSP  2.9673%  uni0   82.320  nint 13  waste  0.000  outage     0 h
  [193/803] corrective draw=47  LPSP  3.1624%  uni0   83.272  nint 12  waste  0.000  outage  9516 h
  [194/803] calendar   draw=47  LPSP  3.0523%  uni0   83.460  nint  8  waste  9.320  outage  9516 h
  [195/803] rul        draw=47  LPSP  2.9240%  uni0   82.335  nint 13  waste  5.313  outage     0 h
  [196/803] instant    draw=48  LPSP  2.9457%  uni0   73.871  nint 11  waste  0.000  outage     0 h
  [197/803] corrective draw=48  LPSP  3.3808%  uni0   75.778  nint 10  waste  0.000  outage 18540 h
  [198/803] calendar   draw=48  LPSP  2.9619%  uni0   74.224  nint  8  waste 20.020  outage 18540 h
  [199/803] rul        draw=48  LPSP  2.9084%  uni0   73.763  nint  8  waste  2.022  outage   142 h
  [200/803] instant    draw=49  LPSP  2.8071%  uni0  100.993  nint 14  waste  0.000  outage     0 h
  [201/803] corrective draw=49  LPSP  3.0102%  uni0  101.168  nint 11  waste  0.000  outage  5709 h
  [202/803] calendar   draw=49  LPSP  3.0102%  uni0  101.168  nint 11  waste  0.000  outage  5709 h
  [203/803] rul        draw=49  LPSP  2.7983%  uni0  101.042  nint 13  waste  3.153  outage     0 h
  [204/803] instant    draw=50  LPSP  3.0086%  uni0   70.946  nint  7  waste  0.000  outage     0 h
  [205/803] corrective draw=50  LPSP  3.0869%  uni0   71.393  nint  6  waste  0.000  outage  1052 h
  [206/803] calendar   draw=50  LPSP  2.7835%  uni0   70.458  nint 11  waste 16.504  outage     0 h
  [207/803] rul        draw=50  LPSP  3.0686%  uni0   71.404  nint  6  waste  0.896  outage  1052 h
  [208/803] instant    draw=51  LPSP  2.9631%  uni0  107.103  nint 14  waste  0.000  outage     0 h
  [209/803] corrective draw=51  LPSP  3.7526%  uni0  111.399  nint 10  waste  0.000  outage 17960 h
  [210/803] calendar   draw=51  LPSP  3.1104%  uni0  106.929  nint 13  waste  0.125  outage   726 h
  [211/803] rul        draw=51  LPSP  2.9361%  uni0  107.072  nint 14  waste  3.103  outage     0 h
  [212/803] instant    draw=52  LPSP  2.8097%  uni0   75.831  nint 12  waste  0.000  outage     0 h
  [213/803] corrective draw=52  LPSP  3.3235%  uni0   78.171  nint 11  waste  0.000  outage 21898 h
  [214/803] calendar   draw=52  LPSP  3.1674%  uni0   78.829  nint  7  waste 10.343  outage 21898 h
  [215/803] rul        draw=52  LPSP  2.7948%  uni0   75.780  nint 11  waste  1.362  outage     0 h
  [216/803] instant    draw=53  LPSP  2.9441%  uni0   78.090  nint  9  waste  0.000  outage     0 h
  [217/803] corrective draw=53  LPSP  3.5790%  uni0   81.897  nint  7  waste  0.000  outage 14209 h
  [218/803] calendar   draw=53  LPSP  2.7938%  uni0   77.967  nint 12  waste 12.541  outage  1425 h
  [219/803] rul        draw=53  LPSP  2.8989%  uni0   77.973  nint  8  waste  1.764  outage     0 h
  [220/803] instant    draw=54  LPSP  2.7903%  uni0   71.782  nint  7  waste  0.000  outage     0 h
  [221/803] corrective draw=54  LPSP  2.8664%  uni0   72.073  nint  7  waste  0.000  outage  7196 h
  [222/803] calendar   draw=54  LPSP  2.6421%  uni0   71.445  nint 11  waste  9.713  outage     0 h
  [223/803] rul        draw=54  LPSP  2.7568%  uni0   71.888  nint  8  waste  2.297  outage     0 h
  [224/803] instant    draw=55  LPSP  2.9654%  uni0   79.497  nint 11  waste  0.000  outage     0 h
  [225/803] corrective draw=55  LPSP  3.3602%  uni0   81.468  nint 10  waste  0.000  outage  9532 h
  [226/803] calendar   draw=55  LPSP  2.9558%  uni0   79.997  nint 13  waste 10.825  outage  9532 h
  [227/803] rul        draw=55  LPSP  2.9439%  uni0   79.470  nint 12  waste  1.655  outage     0 h
  [228/803] instant    draw=56  LPSP  2.9472%  uni0   95.225  nint 13  waste  0.000  outage     0 h
  [229/803] corrective draw=56  LPSP  3.2325%  uni0   96.177  nint 12  waste  0.000  outage 13180 h
  [230/803] calendar   draw=56  LPSP  3.2325%  uni0   96.177  nint 12  waste  0.000  outage 13180 h
  [231/803] rul        draw=56  LPSP  2.9181%  uni0   95.537  nint 12  waste  4.901  outage     0 h
  [232/803] instant    draw=57  LPSP  2.7897%  uni0   88.810  nint 12  waste  0.000  outage     0 h
  [233/803] corrective draw=57  LPSP  2.9395%  uni0   89.040  nint 11  waste  0.000  outage  2509 h
  [234/803] calendar   draw=57  LPSP  2.8982%  uni0   88.709  nint 11  waste  0.379  outage     0 h
  [235/803] rul        draw=57  LPSP  2.7812%  uni0   89.030  nint 12  waste  2.069  outage     0 h
  [236/803] instant    draw=58  LPSP  2.9489%  uni0  119.114  nint 14  waste  0.000  outage     0 h
  [237/803] corrective draw=58  LPSP  3.3372%  uni0  120.407  nint 12  waste  0.000  outage  4856 h
  [238/803] calendar   draw=58  LPSP  3.3006%  uni0  119.917  nint 14  waste  1.787  outage  3869 h
  [239/803] rul        draw=58  LPSP  2.9240%  uni0  119.805  nint 13  waste  7.496  outage     0 h
  [240/803] instant    draw=59  LPSP  2.8075%  uni0   82.223  nint 11  waste  0.000  outage     0 h
  [241/803] corrective draw=59  LPSP  2.9977%  uni0   83.084  nint  9  waste  0.000  outage 10670 h
  [242/803] calendar   draw=59  LPSP  2.7869%  uni0   82.056  nint 11  waste  0.848  outage     0 h
  [243/803] rul        draw=59  LPSP  2.7158%  uni0   82.550  nint  8  waste  7.480  outage     0 h
  [244/803] instant    draw=60  LPSP  2.8460%  uni0   68.959  nint  8  waste  0.000  outage     0 h
  [245/803] corrective draw=60  LPSP  2.9961%  uni0   69.671  nint  7  waste  0.000  outage 10572 h
  [246/803] calendar   draw=60  LPSP  2.6295%  uni0   68.633  nint 11  waste 13.480  outage     0 h
  [247/803] rul        draw=60  LPSP  2.7563%  uni0   68.812  nint  8  waste  2.640  outage     0 h
  [248/803] instant    draw=61  LPSP  2.7929%  uni0  115.677  nint 16  waste  0.000  outage     0 h
  [249/803] corrective draw=61  LPSP  3.0987%  uni0  115.897  nint  9  waste  0.000  outage  3427 h
  [250/803] calendar   draw=61  LPSP  3.0987%  uni0  115.897  nint  9  waste  0.000  outage  3427 h
  [251/803] rul        draw=61  LPSP  2.7864%  uni0  116.174  nint 16  waste  5.365  outage     0 h
  [252/803] instant    draw=62  LPSP  2.9014%  uni0   95.629  nint 12  waste  0.000  outage     0 h
  [253/803] corrective draw=62  LPSP  3.0685%  uni0   96.588  nint 12  waste  0.000  outage  6238 h
  [254/803] calendar   draw=62  LPSP  3.0685%  uni0   96.588  nint 12  waste  0.000  outage  6238 h
  [255/803] rul        draw=62  LPSP  2.7996%  uni0   95.847  nint  9  waste  8.753  outage     0 h
  [256/803] instant    draw=63  LPSP  2.9665%  uni0   70.658  nint  9  waste  0.000  outage     0 h
  [257/803] corrective draw=63  LPSP  3.5919%  uni0   74.785  nint  5  waste  0.000  outage 12090 h
  [258/803] calendar   draw=63  LPSP  2.8353%  uni0   71.017  nint 12  waste 17.588  outage  2189 h
  [259/803] rul        draw=63  LPSP  2.9308%  uni0   70.535  nint  4  waste  1.340  outage     0 h
  [260/803] instant    draw=64  LPSP  3.0305%  uni0   77.838  nint 11  waste  0.000  outage     0 h
  [261/803] corrective draw=64  LPSP  3.3568%  uni0   79.025  nint  9  waste  0.000  outage 20021 h
  [262/803] calendar   draw=64  LPSP  2.9245%  uni0   77.141  nint 13  waste 12.449  outage 20021 h
  [263/803] rul        draw=64  LPSP  2.9319%  uni0   77.601  nint 12  waste  2.942  outage     0 h
  [264/803] instant    draw=65  LPSP  2.9722%  uni0   90.906  nint 12  waste  0.000  outage     0 h
  [265/803] corrective draw=65  LPSP  3.3093%  uni0   92.270  nint 11  waste  0.000  outage 14490 h
  [266/803] calendar   draw=65  LPSP  2.9655%  uni0   90.921  nint 12  waste  0.534  outage   476 h
  [267/803] rul        draw=65  LPSP  2.8519%  uni0   91.038  nint 13  waste  7.788  outage     0 h
  [268/803] instant    draw=66  LPSP  2.9835%  uni0   63.369  nint  9  waste  0.000  outage     0 h
  [269/803] corrective draw=66  LPSP  3.2608%  uni0   65.104  nint  8  waste  0.000  outage  5809 h
  [270/803] calendar   draw=66  LPSP  2.8339%  uni0   63.480  nint 12  waste 25.038  outage  5809 h
  [271/803] rul        draw=66  LPSP  2.9548%  uni0   63.212  nint  9  waste  0.972  outage   734 h
  [272/803] instant    draw=67  LPSP  2.8592%  uni0  106.090  nint 14  waste  0.000  outage     0 h
  [273/803] corrective draw=67  LPSP  3.0316%  uni0  106.922  nint 13  waste  0.000  outage 11127 h
  [274/803] calendar   draw=67  LPSP  3.0316%  uni0  106.922  nint 13  waste  0.000  outage 11127 h
  [275/803] rul        draw=67  LPSP  2.7651%  uni0  107.211  nint 14  waste 14.516  outage     0 h
  [276/803] instant    draw=68  LPSP  2.8761%  uni0   65.191  nint  9  waste  0.000  outage     0 h
  [277/803] corrective draw=68  LPSP  3.0199%  uni0   65.801  nint  7  waste  0.000  outage  7363 h
  [278/803] calendar   draw=68  LPSP  2.6528%  uni0   64.777  nint 11  waste 18.992  outage  7363 h
  [279/803] rul        draw=68  LPSP  2.8297%  uni0   65.061  nint  9  waste  1.826  outage     0 h
  [280/803] instant    draw=69  LPSP  2.9525%  uni0   70.540  nint 10  waste  0.000  outage     0 h
  [281/803] corrective draw=69  LPSP  3.2049%  uni0   71.736  nint  9  waste  0.000  outage 10631 h
  [282/803] calendar   draw=69  LPSP  2.8355%  uni0   70.515  nint 12  waste 20.650  outage 10631 h
  [283/803] rul        draw=69  LPSP  2.9055%  uni0   70.387  nint 12  waste  2.762  outage     0 h
  [284/803] instant    draw=70  LPSP  2.9684%  uni0   92.845  nint 13  waste  0.000  outage     0 h
  [285/803] corrective draw=70  LPSP  3.2306%  uni0   94.052  nint 13  waste  0.000  outage 12523 h
  [286/803] calendar   draw=70  LPSP  3.2306%  uni0   94.052  nint 13  waste  0.000  outage 12523 h
  [287/803] rul        draw=70  LPSP  2.8965%  uni0   93.125  nint 12  waste  7.301  outage   158 h
  [288/803] instant    draw=71  LPSP  2.9421%  uni0   75.015  nint  8  waste  0.000  outage     0 h
  [289/803] corrective draw=71  LPSP  3.1223%  uni0   75.849  nint  8  waste  0.000  outage  7462 h
  [290/803] calendar   draw=71  LPSP  2.7538%  uni0   74.809  nint 12  waste 15.282  outage  1209 h
  [291/803] rul        draw=71  LPSP  2.9232%  uni0   74.985  nint  8  waste  1.501  outage     0 h
  [292/803] instant    draw=72  LPSP  2.9763%  uni0   79.219  nint  9  waste  0.000  outage     0 h
  [293/803] corrective draw=72  LPSP  3.2289%  uni0   80.922  nint  9  waste  0.000  outage  5567 h
  [294/803] calendar   draw=72  LPSP  2.8921%  uni0   79.297  nint 12  waste 10.365  outage  2978 h
  [295/803] rul        draw=72  LPSP  2.9446%  uni0   79.369  nint 10  waste  3.425  outage   573 h
  [296/803] instant    draw=73  LPSP  2.9172%  uni0   87.047  nint 10  waste  0.000  outage     0 h
  [297/803] corrective draw=73  LPSP  3.2815%  uni0   89.442  nint  7  waste  0.000  outage  9924 h
  [298/803] calendar   draw=73  LPSP  2.9396%  uni0   86.895  nint 11  waste  0.885  outage     0 h
  [299/803] rul        draw=73  LPSP  2.8580%  uni0   87.406  nint 11  waste  6.297  outage     0 h
  [300/803] instant    draw=74  LPSP  2.9653%  uni0   76.081  nint 10  waste  0.000  outage     0 h
  [301/803] corrective draw=74  LPSP  3.6739%  uni0   80.433  nint  4  waste  0.000  outage 17755 h
  [302/803] calendar   draw=74  LPSP  2.9071%  uni0   75.915  nint 11  waste 11.505  outage 17755 h
  [303/803] rul        draw=74  LPSP  2.9167%  uni0   76.047  nint  5  waste  1.919  outage     0 h
  [304/803] instant    draw=75  LPSP  3.0005%  uni0  118.676  nint 18  waste  0.000  outage     0 h
  [305/803] corrective draw=75  LPSP  3.3790%  uni0  120.285  nint 15  waste  0.000  outage  8536 h
  [306/803] calendar   draw=75  LPSP  3.3790%  uni0  120.285  nint 15  waste  0.000  outage  8536 h
  [307/803] rul        draw=75  LPSP  2.9050%  uni0  119.220  nint 19  waste 11.836  outage   443 h
  [308/803] instant    draw=76  LPSP  2.8102%  uni0   94.915  nint 12  waste  0.000  outage     0 h
  [309/803] corrective draw=76  LPSP  2.9866%  uni0   95.809  nint 12  waste  0.000  outage  4818 h
  [310/803] calendar   draw=76  LPSP  2.9866%  uni0   95.809  nint 12  waste  0.000  outage  4818 h
  [311/803] rul        draw=76  LPSP  2.7304%  uni0   95.144  nint  9  waste  7.116  outage     0 h
  [312/803] instant    draw=77  LPSP  2.9965%  uni0   90.336  nint 13  waste  0.000  outage     0 h
  [313/803] corrective draw=77  LPSP  3.5533%  uni0   92.994  nint 11  waste  0.000  outage 20552 h
  [314/803] calendar   draw=77  LPSP  3.4281%  uni0   92.839  nint 12  waste  1.734  outage 20552 h
  [315/803] rul        draw=77  LPSP  2.9412%  uni0   90.149  nint 14  waste  2.236  outage     0 h
  [316/803] instant    draw=78  LPSP  2.8048%  uni0   73.783  nint  8  waste  0.000  outage     0 h
  [317/803] corrective draw=78  LPSP  2.9404%  uni0   74.446  nint  8  waste  0.000  outage  9228 h
  [318/803] calendar   draw=78  LPSP  2.6758%  uni0   73.703  nint 11  waste  8.179  outage     0 h
  [319/803] rul        draw=78  LPSP  2.7721%  uni0   73.895  nint  9  waste  1.972  outage     0 h
  [320/803] instant    draw=79  LPSP  2.9187%  uni0   86.278  nint 13  waste  0.000  outage     0 h
  [321/803] corrective draw=79  LPSP  3.0708%  uni0   86.872  nint 13  waste  0.000  outage  5531 h
  [322/803] calendar   draw=79  LPSP  3.0769%  uni0   87.696  nint  7  waste  3.436  outage  5531 h
  [323/803] rul        draw=79  LPSP  2.8700%  uni0   86.161  nint 14  waste  4.775  outage     0 h
  [324/803] instant    draw=80  LPSP  2.9505%  uni0  125.134  nint 17  waste  0.000  outage     0 h
  [325/803] corrective draw=80  LPSP  3.9992%  uni0  130.057  nint  9  waste  0.000  outage 18065 h
  [326/803] calendar   draw=80  LPSP  3.9992%  uni0  130.057  nint  9  waste  0.000  outage 18065 h
  [327/803] rul        draw=80  LPSP  2.7556%  uni0  126.677  nint 16  waste 25.558  outage     0 h
  [328/803] instant    draw=81  LPSP  3.0009%  uni0   92.835  nint 13  waste  0.000  outage     0 h
  [329/803] corrective draw=81  LPSP  3.2420%  uni0   93.183  nint 13  waste  0.000  outage 22442 h
  [330/803] calendar   draw=81  LPSP  3.2420%  uni0   93.183  nint 13  waste  0.000  outage 22442 h
  [331/803] rul        draw=81  LPSP  2.9222%  uni0   93.048  nint 14  waste  6.681  outage     0 h
  [332/803] instant    draw=82  LPSP  3.0139%  uni0   97.040  nint 13  waste  0.000  outage     0 h
  [333/803] corrective draw=82  LPSP  3.4697%  uni0   98.937  nint 10  waste  0.000  outage 12052 h
  [334/803] calendar   draw=82  LPSP  3.2912%  uni0   97.870  nint 12  waste  0.580  outage  2025 h
  [335/803] rul        draw=82  LPSP  2.8798%  uni0   97.202  nint 14  waste 10.150  outage     0 h
  [336/803] instant    draw=83  LPSP  2.8077%  uni0  107.072  nint 13  waste  0.000  outage     0 h
  [337/803] corrective draw=83  LPSP  3.0812%  uni0  108.183  nint 12  waste  0.000  outage 12780 h
  [338/803] calendar   draw=83  LPSP  2.8704%  uni0  106.577  nint 13  waste  0.768  outage     0 h
  [339/803] rul        draw=83  LPSP  2.7385%  uni0  107.923  nint 15  waste 11.201  outage     0 h
  [340/803] instant    draw=84  LPSP  2.8346%  uni0   61.196  nint  7  waste  0.000  outage     0 h
  [341/803] corrective draw=84  LPSP  2.8959%  uni0   61.312  nint  6  waste  0.000  outage  7720 h
  [342/803] calendar   draw=84  LPSP  2.5317%  uni0   60.472  nint 11  waste 20.520  outage     0 h
  [343/803] rul        draw=84  LPSP  2.8068%  uni0   61.201  nint  7  waste  0.968  outage     0 h
  [344/803] instant    draw=85  LPSP  2.9435%  uni0  100.263  nint 12  waste  0.000  outage     0 h
  [345/803] corrective draw=85  LPSP  3.2549%  uni0  101.589  nint 10  waste  0.000  outage 11550 h
  [346/803] calendar   draw=85  LPSP  3.0307%  uni0  100.006  nint 12  waste  1.363  outage     0 h
  [347/803] rul        draw=85  LPSP  2.9001%  uni0  100.498  nint  9  waste  4.600  outage     0 h
  [348/803] instant    draw=86  LPSP  2.8248%  uni0   87.297  nint 12  waste  0.000  outage     0 h
  [349/803] corrective draw=86  LPSP  3.0204%  uni0   88.300  nint 12  waste  0.000  outage  7120 h
  [350/803] calendar   draw=86  LPSP  3.0204%  uni0   88.300  nint 12  waste  0.000  outage  7120 h
  [351/803] rul        draw=86  LPSP  2.7756%  uni0   87.584  nint 12  waste  6.338  outage     0 h
  [352/803] instant    draw=87  LPSP  2.9430%  uni0   93.466  nint 12  waste  0.000  outage     0 h
  [353/803] corrective draw=87  LPSP  3.2219%  uni0   94.845  nint 11  waste  0.000  outage  7669 h
  [354/803] calendar   draw=87  LPSP  3.1188%  uni0   94.152  nint 12  waste  0.701  outage  2787 h
  [355/803] rul        draw=87  LPSP  2.8901%  uni0   93.609  nint  9  waste  5.504  outage     0 h
  [356/803] instant    draw=88  LPSP  2.9790%  uni0  111.061  nint 14  waste  0.000  outage     0 h
  [357/803] corrective draw=88  LPSP  3.1614%  uni0  111.790  nint 13  waste  0.000  outage 11041 h
  [358/803] calendar   draw=88  LPSP  3.0506%  uni0  111.170  nint 14  waste  0.897  outage  1764 h
  [359/803] rul        draw=88  LPSP  2.8578%  uni0  111.964  nint 16  waste 14.436  outage     0 h
  [360/803] instant    draw=89  LPSP  2.9325%  uni0   80.543  nint 11  waste  0.000  outage     0 h
  [361/803] corrective draw=89  LPSP  3.2146%  uni0   81.986  nint  5  waste  0.000  outage  5974 h
  [362/803] calendar   draw=89  LPSP  2.8682%  uni0   80.913  nint 11  waste 11.676  outage  5974 h
  [363/803] rul        draw=89  LPSP  2.8833%  uni0   80.442  nint  6  waste  2.316  outage     0 h
  [364/803] instant    draw=90  LPSP  2.9297%  uni0  103.906  nint 14  waste  0.000  outage     0 h
  [365/803] corrective draw=90  LPSP  3.3613%  uni0  105.887  nint 12  waste  0.000  outage 18697 h
  [366/803] calendar   draw=90  LPSP  3.3613%  uni0  105.887  nint 12  waste  0.000  outage 18697 h
  [367/803] rul        draw=90  LPSP  2.8446%  uni0  104.144  nint 13  waste  8.065  outage     0 h
  [368/803] instant    draw=91  LPSP  2.7898%  uni0   58.839  nint  7  waste  0.000  outage     0 h
  [369/803] corrective draw=91  LPSP  3.0540%  uni0   60.359  nint  7  waste  0.000  outage 10820 h
  [370/803] calendar   draw=91  LPSP  2.5854%  uni0   58.327  nint 11  waste 23.040  outage 10820 h
  [371/803] rul        draw=91  LPSP  2.7966%  uni0   58.920  nint  7  waste  0.536  outage     0 h
  [372/803] instant    draw=92  LPSP  2.8341%  uni0  105.160  nint 15  waste  0.000  outage     0 h
  [373/803] corrective draw=92  LPSP  2.9070%  uni0  105.604  nint 13  waste  0.000  outage  2485 h
  [374/803] calendar   draw=92  LPSP  2.9070%  uni0  105.604  nint 13  waste  0.000  outage  2485 h
  [375/803] rul        draw=92  LPSP  2.7079%  uni0  106.095  nint 12  waste 15.411  outage     0 h
  [376/803] instant    draw=93  LPSP  2.9575%  uni0  124.988  nint 18  waste  0.000  outage     0 h
  [377/803] corrective draw=93  LPSP  3.5223%  uni0  126.391  nint 14  waste  0.000  outage 19917 h
  [378/803] calendar   draw=93  LPSP  3.5223%  uni0  126.391  nint 14  waste  0.000  outage 19917 h
  [379/803] rul        draw=93  LPSP  2.9183%  uni0  125.393  nint 13  waste  6.539  outage     0 h
  [380/803] instant    draw=94  LPSP  2.8883%  uni0  126.260  nint 18  waste  0.000  outage     0 h
  [381/803] corrective draw=94  LPSP  3.2338%  uni0  128.522  nint 12  waste  0.000  outage 11576 h
  [382/803] calendar   draw=94  LPSP  3.2338%  uni0  128.522  nint 12  waste  0.000  outage 11576 h
  [383/803] rul        draw=94  LPSP  2.7004%  uni0  127.734  nint 21  waste 24.566  outage     0 h
  [384/803] instant    draw=95  LPSP  2.9527%  uni0  114.262  nint 15  waste  0.000  outage     0 h
  [385/803] corrective draw=95  LPSP  3.3306%  uni0  115.319  nint 12  waste  0.000  outage 12614 h
  [386/803] calendar   draw=95  LPSP  3.3306%  uni0  115.319  nint 12  waste  0.000  outage 12614 h
  [387/803] rul        draw=95  LPSP  2.8256%  uni0  115.271  nint 16  waste 15.898  outage    44 h
  [388/803] instant    draw=96  LPSP  2.8601%  uni0   61.528  nint  8  waste  0.000  outage     0 h
  [389/803] corrective draw=96  LPSP  2.9715%  uni0   61.895  nint  7  waste  0.000  outage 11084 h
  [390/803] calendar   draw=96  LPSP  2.6018%  uni0   60.520  nint 11  waste 22.443  outage 11084 h
  [391/803] rul        draw=96  LPSP  2.8196%  uni0   61.268  nint  8  waste  1.539  outage     0 h
  [392/803] instant    draw=97  LPSP  2.9391%  uni0  104.218  nint 12  waste  0.000  outage     0 h
  [393/803] corrective draw=97  LPSP  3.3359%  uni0  105.598  nint 10  waste  0.000  outage  9922 h
  [394/803] calendar   draw=97  LPSP  3.0894%  uni0  103.830  nint 12  waste  1.132  outage     0 h
  [395/803] rul        draw=97  LPSP  2.8567%  uni0  104.722  nint 14  waste  9.414  outage     0 h
  [396/803] instant    draw=98  LPSP  2.9921%  uni0  106.878  nint 15  waste  0.000  outage     0 h
  [397/803] corrective draw=98  LPSP  3.2334%  uni0  107.160  nint 12  waste  0.000  outage  9141 h
  [398/803] calendar   draw=98  LPSP  3.2334%  uni0  107.160  nint 12  waste  0.000  outage  9141 h
  [399/803] rul        draw=98  LPSP  2.9690%  uni0  106.949  nint 14  waste  3.217  outage   664 h
  [400/803] instant    draw=99  LPSP  2.9826%  uni0  101.616  nint 14  waste  0.000  outage     0 h
  [401/803] corrective draw=99  LPSP  3.3257%  uni0  103.739  nint 12  waste  0.000  outage  7182 h
  [402/803] calendar   draw=99  LPSP  3.3257%  uni0  103.739  nint 12  waste  0.000  outage  7182 h
  [403/803] rul        draw=99  LPSP  2.8907%  uni0  101.760  nint 14  waste  8.772  outage     0 h
  [404/803] instant    draw=100 LPSP  2.8269%  uni0   75.421  nint 11  waste  0.000  outage     0 h
  [405/803] corrective draw=100 LPSP  3.4837%  uni0   79.963  nint  5  waste  0.000  outage 18745 h
  [406/803] calendar   draw=100 LPSP  2.8840%  uni0   76.127  nint 12  waste  9.209  outage 18745 h
  [407/803] rul        draw=100 LPSP  2.7858%  uni0   75.528  nint  6  waste  4.056  outage     0 h
  [408/803] instant    draw=101 LPSP  2.7713%  uni0  113.071  nint 15  waste  0.000  outage     0 h
  [409/803] corrective draw=101 LPSP  3.1101%  uni0  113.657  nint 13  waste  0.000  outage 13021 h
  [410/803] calendar   draw=101 LPSP  2.9319%  uni0  112.372  nint 13  waste  0.127  outage     0 h
  [411/803] rul        draw=101 LPSP  2.7652%  uni0  113.715  nint 15  waste  6.093  outage     0 h
  [412/803] instant    draw=102 LPSP  2.8090%  uni0  107.888  nint 14  waste  0.000  outage     0 h
  [413/803] corrective draw=102 LPSP  2.8753%  uni0  107.481  nint 13  waste  0.000  outage   187 h
  [414/803] calendar   draw=102 LPSP  2.8753%  uni0  107.481  nint 13  waste  0.000  outage   187 h
  [415/803] rul        draw=102 LPSP  2.7370%  uni0  108.716  nint 15  waste 11.042  outage   187 h
  [416/803] instant    draw=103 LPSP  2.9392%  uni0  107.470  nint 16  waste  0.000  outage     0 h
  [417/803] corrective draw=103 LPSP  3.3119%  uni0  109.469  nint 14  waste  0.000  outage  8858 h
  [418/803] calendar   draw=103 LPSP  3.3119%  uni0  109.469  nint 14  waste  0.000  outage  8858 h
  [419/803] rul        draw=103 LPSP  2.8324%  uni0  107.417  nint 18  waste  8.570  outage   446 h
  [420/803] instant    draw=104 LPSP  2.7902%  uni0   60.751  nint  7  waste  0.000  outage     0 h
  [421/803] corrective draw=104 LPSP  3.0967%  uni0   62.645  nint  7  waste  0.000  outage 16675 h
  [422/803] calendar   draw=104 LPSP  2.6347%  uni0   60.682  nint 11  waste 19.944  outage 16675 h
  [423/803] rul        draw=104 LPSP  2.7492%  uni0   60.693  nint  8  waste  1.294  outage     0 h
  [424/803] instant    draw=105 LPSP  2.9356%  uni0   79.125  nint 10  waste  0.000  outage     0 h
  [425/803] corrective draw=105 LPSP  3.1829%  uni0   79.607  nint  9  waste  0.000  outage 13248 h
  [426/803] calendar   draw=105 LPSP  2.9457%  uni0   79.521  nint 12  waste 10.698  outage 13248 h
  [427/803] rul        draw=105 LPSP  2.9155%  uni0   79.112  nint  9  waste  1.308  outage     0 h
  [428/803] instant    draw=106 LPSP  2.7924%  uni0   81.142  nint 11  waste  0.000  outage     0 h
  [429/803] corrective draw=106 LPSP  2.9808%  uni0   82.001  nint 11  waste  0.000  outage  6834 h
  [430/803] calendar   draw=106 LPSP  2.8972%  uni0   82.123  nint 12  waste  2.993  outage  6834 h
  [431/803] rul        draw=106 LPSP  2.7502%  uni0   81.093  nint 13  waste  3.707  outage     0 h
  [432/803] instant    draw=107 LPSP  2.7736%  uni0   58.969  nint  8  waste  0.000  outage     0 h
  [433/803] corrective draw=107 LPSP  2.8476%  uni0   59.316  nint  7  waste  0.000  outage  6473 h
  [434/803] calendar   draw=107 LPSP  2.5145%  uni0   58.264  nint 11  waste 22.337  outage  6473 h
  [435/803] rul        draw=107 LPSP  2.7377%  uni0   58.699  nint  8  waste  1.587  outage     0 h
  [436/803] instant    draw=108 LPSP  2.9465%  uni0   93.240  nint 14  waste  0.000  outage     0 h
  [437/803] corrective draw=108 LPSP  3.2641%  uni0   94.553  nint 13  waste  0.000  outage  9953 h
  [438/803] calendar   draw=108 LPSP  3.0638%  uni0   93.688  nint 10  waste  2.196  outage  9953 h
  [439/803] rul        draw=108 LPSP  2.9335%  uni0   93.317  nint 13  waste  2.579  outage  1184 h
  [440/803] instant    draw=109 LPSP  2.7750%  uni0   83.885  nint 12  waste  0.000  outage     0 h
  [441/803] corrective draw=109 LPSP  2.8144%  uni0   84.016  nint 11  waste  0.000  outage  1723 h
  [442/803] calendar   draw=109 LPSP  2.8144%  uni0   84.016  nint 11  waste  0.000  outage  1723 h
  [443/803] rul        draw=109 LPSP  2.7268%  uni0   84.353  nint 11  waste  6.602  outage  1723 h
  [444/803] instant    draw=110 LPSP  2.9580%  uni0  102.922  nint 14  waste  0.000  outage     0 h
  [445/803] corrective draw=110 LPSP  3.2494%  uni0  104.013  nint 12  waste  0.000  outage 14501 h
  [446/803] calendar   draw=110 LPSP  3.2494%  uni0  104.013  nint 12  waste  0.000  outage 14501 h
  [447/803] rul        draw=110 LPSP  2.8960%  uni0  103.248  nint 15  waste  6.454  outage     0 h
  [448/803] instant    draw=111 LPSP  2.9702%  uni0   92.669  nint 13  waste  0.000  outage     0 h
  [449/803] corrective draw=111 LPSP  3.7176%  uni0   96.663  nint  8  waste  0.000  outage 20968 h
  [450/803] calendar   draw=111 LPSP  3.2382%  uni0   93.566  nint 13  waste  1.090  outage 20968 h
  [451/803] rul        draw=111 LPSP  2.9374%  uni0   92.617  nint  8  waste  1.926  outage     0 h
  [452/803] instant    draw=112 LPSP  2.8952%  uni0   62.317  nint  8  waste  0.000  outage     0 h
  [453/803] corrective draw=112 LPSP  3.0665%  uni0   62.954  nint  6  waste  0.000  outage  9597 h
  [454/803] calendar   draw=112 LPSP  2.6386%  uni0   61.241  nint 11  waste 23.148  outage  9597 h
  [455/803] rul        draw=112 LPSP  2.8909%  uni0   62.289  nint  8  waste  0.774  outage     0 h
  [456/803] instant    draw=113 LPSP  2.8778%  uni0  102.479  nint 12  waste  0.000  outage     0 h
  [457/803] corrective draw=113 LPSP  3.2330%  uni0  103.611  nint 10  waste  0.000  outage 10236 h
  [458/803] calendar   draw=113 LPSP  3.0152%  uni0  101.980  nint 12  waste  0.872  outage     0 h
  [459/803] rul        draw=113 LPSP  2.8095%  uni0  102.790  nint 12  waste  8.101  outage     0 h
  [460/803] instant    draw=114 LPSP  2.8894%  uni0   65.246  nint  8  waste  0.000  outage     0 h
  [461/803] corrective draw=114 LPSP  3.2176%  uni0   67.193  nint  8  waste  0.000  outage 14275 h
  [462/803] calendar   draw=114 LPSP  2.7083%  uni0   64.839  nint 11  waste 18.639  outage 14275 h
  [463/803] rul        draw=114 LPSP  2.8025%  uni0   64.984  nint  8  waste  2.227  outage     0 h
  [464/803] instant    draw=115 LPSP  2.8516%  uni0  108.193  nint 15  waste  0.000  outage     0 h
  [465/803] corrective draw=115 LPSP  3.0738%  uni0  109.327  nint 13  waste  0.000  outage  6036 h
  [466/803] calendar   draw=115 LPSP  3.0738%  uni0  109.327  nint 13  waste  0.000  outage  6036 h
  [467/803] rul        draw=115 LPSP  2.7714%  uni0  109.186  nint 12  waste 14.024  outage     0 h
  [468/803] instant    draw=116 LPSP  2.9501%  uni0   74.333  nint 10  waste  0.000  outage     0 h
  [469/803] corrective draw=116 LPSP  3.2474%  uni0   76.337  nint 10  waste  0.000  outage  5959 h
  [470/803] calendar   draw=116 LPSP  2.8221%  uni0   74.391  nint 13  waste 15.735  outage  5959 h
  [471/803] rul        draw=116 LPSP  2.9814%  uni0   74.618  nint 10  waste  2.007  outage  1518 h
  [472/803] instant    draw=117 LPSP  2.7871%  uni0   87.105  nint 14  waste  0.000  outage     0 h
  [473/803] corrective draw=117 LPSP  2.9825%  uni0   88.367  nint  7  waste  0.000  outage  3493 h
  [474/803] calendar   draw=117 LPSP  2.9825%  uni0   88.367  nint  7  waste  0.000  outage  3493 h
  [475/803] rul        draw=117 LPSP  2.7200%  uni0   87.250  nint  8  waste  7.583  outage     0 h
  [476/803] instant    draw=118 LPSP  2.8916%  uni0   76.882  nint 10  waste  0.000  outage     0 h
  [477/803] corrective draw=118 LPSP  3.1310%  uni0   78.577  nint  5  waste  0.000  outage  5314 h
  [478/803] calendar   draw=118 LPSP  2.8275%  uni0   77.211  nint 12  waste  9.380  outage  5314 h
  [479/803] rul        draw=118 LPSP  2.8496%  uni0   76.970  nint  6  waste  4.591  outage     0 h
  [480/803] instant    draw=119 LPSP  3.0080%  uni0   89.725  nint 10  waste  0.000  outage     0 h
  [481/803] corrective draw=119 LPSP  3.1507%  uni0   90.193  nint  9  waste  0.000  outage  5539 h
  [482/803] calendar   draw=119 LPSP  3.0422%  uni0   89.359  nint 11  waste  2.015  outage     0 h
  [483/803] rul        draw=119 LPSP  2.9448%  uni0   89.826  nint  9  waste  5.377  outage     0 h
  [484/803] instant    draw=120 LPSP  2.9783%  uni0   85.263  nint 10  waste  0.000  outage     0 h
  [485/803] corrective draw=120 LPSP  3.2321%  uni0   86.311  nint  8  waste  0.000  outage  9453 h
  [486/803] calendar   draw=120 LPSP  2.9149%  uni0   85.216  nint 12  waste  6.218  outage  2009 h
  [487/803] rul        draw=120 LPSP  2.8593%  uni0   85.010  nint 11  waste  5.506  outage     0 h
  [488/803] instant    draw=121 LPSP  2.8888%  uni0   68.541  nint  7  waste  0.000  outage     0 h
  [489/803] corrective draw=121 LPSP  2.9917%  uni0   69.027  nint  7  waste  0.000  outage  5205 h
  [490/803] calendar   draw=121 LPSP  2.6657%  uni0   68.090  nint 11  waste 15.565  outage     0 h
  [491/803] rul        draw=121 LPSP  2.9085%  uni0   68.671  nint  7  waste  0.668  outage   595 h
  [492/803] instant    draw=122 LPSP  2.8723%  uni0   91.259  nint 12  waste  0.000  outage     0 h
  [493/803] corrective draw=122 LPSP  3.0949%  uni0   92.137  nint 12  waste  0.000  outage  6280 h
  [494/803] calendar   draw=122 LPSP  3.0949%  uni0   92.137  nint 12  waste  0.000  outage  6280 h
  [495/803] rul        draw=122 LPSP  2.8488%  uni0   91.502  nint 12  waste  4.129  outage     0 h
  [496/803] instant    draw=123 LPSP  2.9744%  uni0   69.034  nint  9  waste  0.000  outage     0 h
  [497/803] corrective draw=123 LPSP  3.2869%  uni0   70.922  nint  8  waste  0.000  outage  9661 h
  [498/803] calendar   draw=123 LPSP  2.9437%  uni0   69.947  nint 12  waste 20.095  outage  9661 h
  [499/803] rul        draw=123 LPSP  2.9247%  uni0   68.854  nint  9  waste  1.947  outage     0 h
  [500/803] instant    draw=124 LPSP  2.8070%  uni0   83.517  nint 11  waste  0.000  outage     0 h
  [501/803] corrective draw=124 LPSP  2.8780%  uni0   83.969  nint 11  waste  0.000  outage  3259 h
  [502/803] calendar   draw=124 LPSP  2.8780%  uni0   83.969  nint 11  waste  0.000  outage  3259 h
  [503/803] rul        draw=124 LPSP  2.7167%  uni0   83.754  nint 11  waste  7.273  outage     0 h
  [504/803] instant    draw=125 LPSP  2.9096%  uni0   95.431  nint 13  waste  0.000  outage     0 h
  [505/803] corrective draw=125 LPSP  3.0924%  uni0   95.760  nint 12  waste  0.000  outage  4714 h
  [506/803] calendar   draw=125 LPSP  3.0924%  uni0   95.760  nint 12  waste  0.000  outage  4714 h
  [507/803] rul        draw=125 LPSP  2.8040%  uni0   95.841  nint 13  waste  9.733  outage   468 h
  [508/803] instant    draw=126 LPSP  2.8667%  uni0   97.164  nint 13  waste  0.000  outage     0 h
  [509/803] corrective draw=126 LPSP  3.0569%  uni0   97.950  nint 11  waste  0.000  outage 10389 h
  [510/803] calendar   draw=126 LPSP  3.0569%  uni0   97.950  nint 11  waste  0.000  outage 10389 h
  [511/803] rul        draw=126 LPSP  2.7978%  uni0   97.463  nint 13  waste  7.565  outage     0 h
  [512/803] instant    draw=127 LPSP  2.9873%  uni0  108.718  nint 15  waste  0.000  outage     0 h
  [513/803] corrective draw=127 LPSP  3.2643%  uni0  109.202  nint 12  waste  0.000  outage  4856 h
  [514/803] calendar   draw=127 LPSP  3.2643%  uni0  109.202  nint 12  waste  0.000  outage  4856 h
  [515/803] rul        draw=127 LPSP  2.9322%  uni0  109.090  nint 15  waste  6.832  outage   653 h
  [516/803] instant    draw=128 LPSP  2.9263%  uni0   85.828  nint 13  waste  0.000  outage     0 h
  [517/803] corrective draw=128 LPSP  3.2666%  uni0   87.996  nint 11  waste  0.000  outage  7399 h
  [518/803] calendar   draw=128 LPSP  3.0518%  uni0   87.344  nint  9  waste  9.055  outage  7399 h
  [519/803] rul        draw=128 LPSP  2.9070%  uni0   85.953  nint 13  waste  4.163  outage  1366 h
  [520/803] instant    draw=129 LPSP  2.8981%  uni0  126.233  nint 18  waste  0.000  outage     0 h
  [521/803] corrective draw=129 LPSP  3.1740%  uni0  127.756  nint 16  waste  0.000  outage 16386 h
  [522/803] calendar   draw=129 LPSP  3.1740%  uni0  127.756  nint 16  waste  0.000  outage 16386 h
  [523/803] rul        draw=129 LPSP  2.7198%  uni0  127.783  nint 20  waste 24.007  outage     0 h
  [524/803] instant    draw=130 LPSP  2.8422%  uni0   62.157  nint  7  waste  0.000  outage     0 h
  [525/803] corrective draw=130 LPSP  3.0316%  uni0   63.383  nint  7  waste  0.000  outage  7844 h
  [526/803] calendar   draw=130 LPSP  2.6231%  uni0   61.912  nint 11  waste 19.769  outage  7844 h
  [527/803] rul        draw=130 LPSP  2.7973%  uni0   62.060  nint  8  waste  1.306  outage     0 h
  [528/803] instant    draw=131 LPSP  2.9366%  uni0  124.260  nint 19  waste  0.000  outage     0 h
  [529/803] corrective draw=131 LPSP  3.5444%  uni0  125.964  nint 15  waste  0.000  outage 24203 h
  [530/803] calendar   draw=131 LPSP  3.5444%  uni0  125.964  nint 15  waste  0.000  outage 24203 h
  [531/803] rul        draw=131 LPSP  2.9089%  uni0  124.993  nint 18  waste  7.613  outage     0 h
  [532/803] instant    draw=132 LPSP  2.9029%  uni0   69.809  nint  7  waste  0.000  outage     0 h
  [533/803] corrective draw=132 LPSP  3.1442%  uni0   71.100  nint  7  waste  0.000  outage 12612 h
  [534/803] calendar   draw=132 LPSP  2.6842%  uni0   69.453  nint 11  waste 14.562  outage     0 h
  [535/803] rul        draw=132 LPSP  2.8381%  uni0   69.763  nint  8  waste  2.333  outage     0 h
  [536/803] instant    draw=133 LPSP  2.9313%  uni0  101.924  nint 14  waste  0.000  outage     0 h
  [537/803] corrective draw=133 LPSP  3.3868%  uni0  104.126  nint 12  waste  0.000  outage 21680 h
  [538/803] calendar   draw=133 LPSP  3.3868%  uni0  104.126  nint 12  waste  0.000  outage 21680 h
  [539/803] rul        draw=133 LPSP  2.8553%  uni0  102.164  nint 15  waste  6.456  outage     0 h
  [540/803] instant    draw=134 LPSP  2.7467%  uni0   56.198  nint  7  waste  0.000  outage     0 h
  [541/803] corrective draw=134 LPSP  2.9299%  uni0   57.375  nint  7  waste  0.000  outage  8087 h
  [542/803] calendar   draw=134 LPSP  2.5244%  uni0   55.717  nint 11  waste 24.108  outage  8087 h
  [543/803] rul        draw=134 LPSP  2.7173%  uni0   56.126  nint  7  waste  1.372  outage     0 h
  [544/803] instant    draw=135 LPSP  2.8999%  uni0   61.814  nint  5  waste  0.000  outage     0 h
  [545/803] corrective draw=135 LPSP  3.0202%  uni0   62.457  nint  5  waste  0.000  outage  8194 h
  [546/803] calendar   draw=135 LPSP  2.5933%  uni0   60.915  nint 11  waste 22.234  outage     0 h
  [547/803] rul        draw=135 LPSP  2.8594%  uni0   61.755  nint  6  waste  1.575  outage     0 h
  [548/803] instant    draw=136 LPSP  2.9287%  uni0   73.537  nint  8  waste  0.000  outage     0 h
  [549/803] corrective draw=136 LPSP  3.4559%  uni0   76.572  nint  7  waste  0.000  outage 12283 h
  [550/803] calendar   draw=136 LPSP  2.6861%  uni0   72.995  nint 12  waste 17.691  outage    47 h
  [551/803] rul        draw=136 LPSP  2.9045%  uni0   73.414  nint  7  waste  0.904  outage     0 h
  [552/803] instant    draw=137 LPSP  2.9486%  uni0  103.830  nint 12  waste  0.000  outage     0 h
  [553/803] corrective draw=137 LPSP  3.2795%  uni0  105.564  nint 12  waste  0.000  outage  8604 h
  [554/803] calendar   draw=137 LPSP  3.1114%  uni0  104.474  nint 13  waste  1.031  outage  2228 h
  [555/803] rul        draw=137 LPSP  2.8677%  uni0  104.055  nint 13  waste  7.234  outage     0 h
  [556/803] instant    draw=138 LPSP  2.9886%  uni0  112.688  nint 16  waste  0.000  outage     0 h
  [557/803] corrective draw=138 LPSP  3.3841%  uni0  113.993  nint 13  waste  0.000  outage 10072 h
  [558/803] calendar   draw=138 LPSP  3.3841%  uni0  113.993  nint 13  waste  0.000  outage 10072 h
  [559/803] rul        draw=138 LPSP  2.8709%  uni0  113.806  nint 18  waste 15.387  outage   934 h
  [560/803] instant    draw=139 LPSP  2.8624%  uni0   88.976  nint 11  waste  0.000  outage     0 h
  [561/803] corrective draw=139 LPSP  3.0493%  uni0   89.640  nint  9  waste  0.000  outage  3119 h
  [562/803] calendar   draw=139 LPSP  2.9392%  uni0   88.662  nint 11  waste  1.679  outage     0 h
  [563/803] rul        draw=139 LPSP  2.8495%  uni0   89.297  nint 10  waste  2.159  outage     0 h
  [564/803] instant    draw=140 LPSP  2.9594%  uni0   70.049  nint 10  waste  0.000  outage     0 h
  [565/803] corrective draw=140 LPSP  3.1804%  uni0   71.206  nint 10  waste  0.000  outage  8794 h
  [566/803] calendar   draw=140 LPSP  2.8276%  uni0   70.087  nint 13  waste 20.548  outage  8794 h
  [567/803] rul        draw=140 LPSP  2.9315%  uni0   70.032  nint 11  waste  2.486  outage   369 h
  [568/803] instant    draw=141 LPSP  2.9774%  uni0  106.023  nint 15  waste  0.000  outage     0 h
  [569/803] corrective draw=141 LPSP  3.4372%  uni0  107.998  nint 13  waste  0.000  outage 19810 h
  [570/803] calendar   draw=141 LPSP  3.4372%  uni0  107.998  nint 13  waste  0.000  outage 19810 h
  [571/803] rul        draw=141 LPSP  2.9022%  uni0  106.267  nint 15  waste  6.408  outage     0 h
  [572/803] instant    draw=142 LPSP  2.9207%  uni0  105.379  nint 13  waste  0.000  outage     0 h
  [573/803] corrective draw=142 LPSP  3.3128%  uni0  106.556  nint 12  waste  0.000  outage 13722 h
  [574/803] calendar   draw=142 LPSP  3.3128%  uni0  106.556  nint 12  waste  0.000  outage 13722 h
  [575/803] rul        draw=142 LPSP  2.7953%  uni0  106.416  nint 14  waste 16.433  outage     0 h
  [576/803] instant    draw=143 LPSP  2.9601%  uni0   70.410  nint  7  waste  0.000  outage     0 h
  [577/803] corrective draw=143 LPSP  3.1809%  uni0   71.372  nint  7  waste  0.000  outage 11171 h
  [578/803] calendar   draw=143 LPSP  2.6780%  uni0   69.804  nint 12  waste 20.727  outage  1051 h
  [579/803] rul        draw=143 LPSP  2.9079%  uni0   70.250  nint  8  waste  1.351  outage     0 h
  [580/803] instant    draw=144 LPSP  2.9370%  uni0   83.125  nint 12  waste  0.000  outage     0 h
  [581/803] corrective draw=144 LPSP  3.2126%  uni0   84.009  nint 12  waste  0.000  outage 14626 h
  [582/803] calendar   draw=144 LPSP  3.0780%  uni0   84.242  nint 13  waste  9.614  outage 14626 h
  [583/803] rul        draw=144 LPSP  2.8862%  uni0   83.163  nint 14  waste  4.946  outage     0 h
  [584/803] instant    draw=145 LPSP  2.8863%  uni0  106.920  nint 13  waste  0.000  outage     0 h
  [585/803] corrective draw=145 LPSP  3.2883%  uni0  109.431  nint  9  waste  0.000  outage 10018 h
  [586/803] calendar   draw=145 LPSP  2.9187%  uni0  106.472  nint 13  waste  1.177  outage     0 h
  [587/803] rul        draw=145 LPSP  2.8026%  uni0  107.882  nint 14  waste 13.085  outage     0 h
  [588/803] instant    draw=146 LPSP  2.8199%  uni0  120.075  nint 15  waste  0.000  outage     0 h
  [589/803] corrective draw=146 LPSP  2.8745%  uni0  120.295  nint 12  waste  0.000  outage  1377 h
  [590/803] calendar   draw=146 LPSP  2.8112%  uni0  119.620  nint 15  waste  1.547  outage     0 h
  [591/803] rul        draw=146 LPSP  2.6403%  uni0  121.663  nint 18  waste 24.000  outage   470 h
  [592/803] instant    draw=147 LPSP  2.9758%  uni0  111.598  nint 15  waste  0.000  outage     0 h
  [593/803] corrective draw=147 LPSP  3.6430%  uni0  114.876  nint 12  waste  0.000  outage  9519 h
  [594/803] calendar   draw=147 LPSP  3.6430%  uni0  114.876  nint 12  waste  0.000  outage  9519 h
  [595/803] rul        draw=147 LPSP  2.8577%  uni0  112.660  nint 16  waste 16.001  outage   772 h
  [596/803] instant    draw=148 LPSP  2.9881%  uni0   86.716  nint 11  waste  0.000  outage     0 h
  [597/803] corrective draw=148 LPSP  3.1589%  uni0   87.127  nint  8  waste  0.000  outage  8284 h
  [598/803] calendar   draw=148 LPSP  2.9568%  uni0   86.672  nint 11  waste  1.251  outage     0 h
  [599/803] rul        draw=148 LPSP  2.8879%  uni0   86.946  nint  9  waste  7.028  outage    23 h
  [600/803] instant    draw=149 LPSP  2.9627%  uni0  121.352  nint 17  waste  0.000  outage     0 h
  [601/803] corrective draw=149 LPSP  3.6408%  uni0  124.707  nint 10  waste  0.000  outage 15423 h
  [602/803] calendar   draw=149 LPSP  3.6408%  uni0  124.707  nint 10  waste  0.000  outage 15423 h
  [603/803] rul        draw=149 LPSP  2.8835%  uni0  121.887  nint 17  waste  8.839  outage     0 h
  [604/803] instant    draw=150 LPSP  2.8661%  uni0   92.448  nint 13  waste  0.000  outage     0 h
  [605/803] corrective draw=150 LPSP  3.0364%  uni0   92.697  nint 11  waste  0.000  outage  5038 h
  [606/803] calendar   draw=150 LPSP  3.0364%  uni0   92.697  nint 11  waste  0.000  outage  5038 h
  [607/803] rul        draw=150 LPSP  2.8667%  uni0   92.725  nint 11  waste  2.096  outage     0 h
  [608/803] instant    draw=151 LPSP  2.9954%  uni0  109.401  nint 15  waste  0.000  outage     0 h
  [609/803] corrective draw=151 LPSP  3.2944%  uni0  109.969  nint 11  waste  0.000  outage  4950 h
  [610/803] calendar   draw=151 LPSP  3.2944%  uni0  109.969  nint 11  waste  0.000  outage  4950 h
  [611/803] rul        draw=151 LPSP  2.8848%  uni0  110.520  nint 15  waste 15.963  outage   724 h
  [612/803] instant    draw=152 LPSP  2.9403%  uni0   61.243  nint  7  waste  0.000  outage     0 h
  [613/803] corrective draw=152 LPSP  3.1412%  uni0   62.138  nint  7  waste  0.000  outage  9282 h
  [614/803] calendar   draw=152 LPSP  2.6843%  uni0   60.302  nint 11  waste 24.723  outage  9282 h
  [615/803] rul        draw=152 LPSP  2.9257%  uni0   61.200  nint  6  waste  0.627  outage     0 h
  [616/803] instant    draw=153 LPSP  2.8511%  uni0   61.190  nint 10  waste  0.000  outage     0 h
  [617/803] corrective draw=153 LPSP  3.5767%  uni0   65.434  nint  6  waste  0.000  outage 25755 h
  [618/803] calendar   draw=153 LPSP  2.6708%  uni0   59.881  nint 13  waste 24.673  outage 25755 h
  [619/803] rul        draw=153 LPSP  2.8294%  uni0   61.109  nint 10  waste  0.487  outage     0 h
  [620/803] instant    draw=154 LPSP  2.7527%  uni0   58.735  nint  8  waste  0.000  outage     0 h
  [621/803] corrective draw=154 LPSP  3.0889%  uni0   60.860  nint  7  waste  0.000  outage 10364 h
  [622/803] calendar   draw=154 LPSP  2.5609%  uni0   58.340  nint 12  waste 23.169  outage 10364 h
  [623/803] rul        draw=154 LPSP  2.7524%  uni0   58.750  nint  9  waste  0.884  outage     0 h
  [624/803] instant    draw=155 LPSP  2.9232%  uni0   79.979  nint 10  waste  0.000  outage     0 h
  [625/803] corrective draw=155 LPSP  3.3723%  uni0   82.307  nint  9  waste  0.000  outage 10327 h
  [626/803] calendar   draw=155 LPSP  2.8583%  uni0   80.312  nint 12  waste 11.313  outage  3789 h
  [627/803] rul        draw=155 LPSP  2.8933%  uni0   79.880  nint 10  waste  1.459  outage     0 h
  [628/803] instant    draw=156 LPSP  2.8178%  uni0  101.749  nint 13  waste  0.000  outage     0 h
  [629/803] corrective draw=156 LPSP  2.8741%  uni0  101.990  nint 10  waste  0.000  outage   607 h
  [630/803] calendar   draw=156 LPSP  2.8744%  uni0  101.337  nint 13  waste  1.345  outage     0 h
  [631/803] rul        draw=156 LPSP  2.7099%  uni0  102.987  nint 15  waste 14.867  outage   607 h
  [632/803] instant    draw=157 LPSP  2.9680%  uni0   94.985  nint 12  waste  0.000  outage     0 h
  [633/803] corrective draw=157 LPSP  3.4116%  uni0   97.087  nint 12  waste  0.000  outage 15013 h
  [634/803] calendar   draw=157 LPSP  3.1902%  uni0   95.829  nint 12  waste  0.072  outage  4128 h
  [635/803] rul        draw=157 LPSP  2.9490%  uni0   95.301  nint 12  waste  3.249  outage     0 h
  [636/803] instant    draw=158 LPSP  2.9453%  uni0   86.455  nint 11  waste  0.000  outage     0 h
  [637/803] corrective draw=158 LPSP  3.2537%  uni0   87.761  nint 10  waste  0.000  outage 16710 h
  [638/803] calendar   draw=158 LPSP  3.1232%  uni0   88.182  nint 12  waste  4.806  outage  4130 h
  [639/803] rul        draw=158 LPSP  2.8710%  uni0   86.404  nint 12  waste  4.761  outage     0 h
  [640/803] instant    draw=159 LPSP  2.9527%  uni0   96.238  nint 12  waste  0.000  outage     0 h
  [641/803] corrective draw=159 LPSP  3.1093%  uni0   97.111  nint 12  waste  0.000  outage  8539 h
  [642/803] calendar   draw=159 LPSP  3.1093%  uni0   97.111  nint 12  waste  0.000  outage  8539 h
  [643/803] rul        draw=159 LPSP  2.8277%  uni0   96.389  nint  9  waste  9.195  outage     0 h
  [644/803] instant    draw=160 LPSP  2.7776%  uni0   80.708  nint 12  waste  0.000  outage     0 h
  [645/803] corrective draw=160 LPSP  3.6108%  uni0   86.397  nint  6  waste  0.000  outage 21697 h
  [646/803] calendar   draw=160 LPSP  2.9359%  uni0   81.606  nint 13  waste  4.127  outage 21697 h
  [647/803] rul        draw=160 LPSP  2.7268%  uni0   80.787  nint  7  waste  4.722  outage     0 h
  [648/803] instant    draw=161 LPSP  2.9464%  uni0  107.453  nint 15  waste  0.000  outage     0 h
  [649/803] corrective draw=161 LPSP  3.1322%  uni0  107.215  nint 13  waste  0.000  outage  5587 h
  [650/803] calendar   draw=161 LPSP  3.1322%  uni0  107.215  nint 13  waste  0.000  outage  5587 h
  [651/803] rul        draw=161 LPSP  2.9331%  uni0  107.679  nint 15  waste  3.417  outage  1333 h
  [652/803] instant    draw=162 LPSP  2.8355%  uni0   70.211  nint 10  waste  0.000  outage     0 h
  [653/803] corrective draw=162 LPSP  3.1312%  uni0   71.470  nint 10  waste  0.000  outage 21007 h
  [654/803] calendar   draw=162 LPSP  2.7518%  uni0   69.918  nint 13  waste 15.194  outage 21007 h
  [655/803] rul        draw=162 LPSP  2.8306%  uni0   70.205  nint 11  waste  1.974  outage     0 h
  [656/803] instant    draw=163 LPSP  2.9045%  uni0   76.370  nint 10  waste  0.000  outage     0 h
  [657/803] corrective draw=163 LPSP  2.9541%  uni0   76.321  nint  9  waste  0.000  outage  9021 h
  [658/803] calendar   draw=163 LPSP  2.8206%  uni0   76.341  nint 11  waste  9.473  outage  9021 h
  [659/803] rul        draw=163 LPSP  2.8403%  uni0   76.258  nint 11  waste  4.446  outage     0 h
  [660/803] instant    draw=164 LPSP  2.9552%  uni0  100.987  nint 12  waste  0.000  outage     0 h
  [661/803] corrective draw=164 LPSP  3.3974%  uni0  103.194  nint 11  waste  0.000  outage  5926 h
  [662/803] calendar   draw=164 LPSP  3.3896%  uni0  103.137  nint 11  waste  0.832  outage  4149 h
  [663/803] rul        draw=164 LPSP  2.8526%  uni0  101.341  nint 12  waste  9.658  outage   977 h
  [664/803] instant    draw=165 LPSP  2.8472%  uni0   62.756  nint  7  waste  0.000  outage     0 h
  [665/803] corrective draw=165 LPSP  2.9815%  uni0   63.121  nint  6  waste  0.000  outage 11892 h
  [666/803] calendar   draw=165 LPSP  2.5661%  uni0   62.140  nint 11  waste 19.792  outage     0 h
  [667/803] rul        draw=165 LPSP  2.7811%  uni0   62.628  nint  7  waste  1.825  outage     0 h
  [668/803] instant    draw=166 LPSP  2.8942%  uni0   66.140  nint  6  waste  0.000  outage     0 h
  [669/803] corrective draw=166 LPSP  3.0948%  uni0   67.470  nint  6  waste  0.000  outage  3953 h
  [670/803] calendar   draw=166 LPSP  2.6726%  uni0   65.786  nint 11  waste 24.069  outage  1330 h
  [671/803] rul        draw=166 LPSP  2.8719%  uni0   65.989  nint  6  waste  1.018  outage    45 h
  [672/803] instant    draw=167 LPSP  2.9712%  uni0   70.469  nint 10  waste  0.000  outage     0 h
  [673/803] corrective draw=167 LPSP  3.1668%  uni0   71.022  nint  8  waste  0.000  outage 13169 h
  [674/803] calendar   draw=167 LPSP  2.7918%  uni0   69.755  nint 11  waste 17.660  outage 13169 h
  [675/803] rul        draw=167 LPSP  2.9644%  uni0   70.597  nint 10  waste  1.596  outage   598 h
  [676/803] instant    draw=168 LPSP  2.9748%  uni0   79.673  nint 10  waste  0.000  outage     0 h
  [677/803] corrective draw=168 LPSP  3.0791%  uni0   80.216  nint 10  waste  0.000  outage  4471 h
  [678/803] calendar   draw=168 LPSP  2.9406%  uni0   80.201  nint 12  waste  9.233  outage  4471 h
  [679/803] rul        draw=168 LPSP  2.9443%  uni0   79.836  nint 11  waste  4.002  outage   636 h
  [680/803] instant    draw=169 LPSP  3.0166%  uni0   66.844  nint  8  waste  0.000  outage     0 h
  [681/803] corrective draw=169 LPSP  3.0674%  uni0   67.107  nint  7  waste  0.000  outage  2441 h
  [682/803] calendar   draw=169 LPSP  2.8249%  uni0   66.961  nint 11  waste 20.420  outage  1886 h
  [683/803] rul        draw=169 LPSP  2.9640%  uni0   66.636  nint  9  waste  1.620  outage   319 h
  [684/803] instant    draw=170 LPSP  2.9616%  uni0   79.424  nint 10  waste  0.000  outage     0 h
  [685/803] corrective draw=170 LPSP  3.3374%  uni0   80.706  nint  9  waste  0.000  outage 15781 h
  [686/803] calendar   draw=170 LPSP  3.0989%  uni0   80.652  nint 12  waste 10.158  outage 15781 h
  [687/803] rul        draw=170 LPSP  2.9367%  uni0   79.415  nint 10  waste  2.195  outage     0 h
  [688/803] instant    draw=171 LPSP  2.9417%  uni0   97.911  nint 11  waste  0.000  outage     0 h
  [689/803] corrective draw=171 LPSP  3.0786%  uni0   98.023  nint  9  waste  0.000  outage  1454 h
  [690/803] calendar   draw=171 LPSP  3.0722%  uni0   97.801  nint 12  waste  1.761  outage   691 h
  [691/803] rul        draw=171 LPSP  2.9224%  uni0   98.075  nint 11  waste  1.990  outage   301 h
  [692/803] instant    draw=172 LPSP  3.0116%  uni0  121.996  nint 15  waste  0.000  outage     0 h
  [693/803] corrective draw=172 LPSP  3.4537%  uni0  122.935  nint 12  waste  0.000  outage  4245 h
  [694/803] calendar   draw=172 LPSP  3.4277%  uni0  122.567  nint 14  waste  2.059  outage  2811 h
  [695/803] rul        draw=172 LPSP  2.8603%  uni0  123.575  nint 16  waste 23.084  outage     0 h
  [696/803] instant    draw=173 LPSP  2.7805%  uni0   67.899  nint  9  waste  0.000  outage     0 h
  [697/803] corrective draw=173 LPSP  2.9095%  uni0   68.652  nint  9  waste  0.000  outage  4546 h
  [698/803] calendar   draw=173 LPSP  2.6353%  uni0   68.076  nint 12  waste 14.491  outage  4546 h
  [699/803] rul        draw=173 LPSP  2.7912%  uni0   67.911  nint  9  waste  1.767  outage     0 h
  [700/803] instant    draw=174 LPSP  2.8454%  uni0   81.411  nint 11  waste  0.000  outage     0 h
  [701/803] corrective draw=174 LPSP  2.9217%  uni0   81.666  nint 11  waste  0.000  outage  2561 h
  [702/803] calendar   draw=174 LPSP  2.8317%  uni0   81.696  nint 12  waste  4.143  outage  2561 h
  [703/803] rul        draw=174 LPSP  2.8057%  uni0   81.511  nint 11  waste  4.556  outage  1003 h
  [704/803] instant    draw=175 LPSP  2.9807%  uni0  120.766  nint 14  waste  0.000  outage     0 h
  [705/803] corrective draw=175 LPSP  3.3635%  uni0  121.214  nint 12  waste  0.000  outage 11820 h
  [706/803] calendar   draw=175 LPSP  3.1620%  uni0  119.830  nint 13  waste  0.845  outage     0 h
  [707/803] rul        draw=175 LPSP  2.9755%  uni0  121.274  nint 15  waste  3.734  outage     0 h
  [708/803] instant    draw=176 LPSP  2.8256%  uni0   74.116  nint  8  waste  0.000  outage     0 h
  [709/803] corrective draw=176 LPSP  2.9794%  uni0   75.117  nint  7  waste  0.000  outage  3271 h
  [710/803] calendar   draw=176 LPSP  2.6951%  uni0   74.011  nint 11  waste  8.452  outage     0 h
  [711/803] rul        draw=176 LPSP  2.7984%  uni0   74.269  nint  9  waste  1.954  outage     0 h
  [712/803] instant    draw=177 LPSP  2.9661%  uni0  122.330  nint 18  waste  0.000  outage     0 h
  [713/803] corrective draw=177 LPSP  3.5272%  uni0  124.517  nint 14  waste  0.000  outage 15879 h
  [714/803] calendar   draw=177 LPSP  3.5272%  uni0  124.517  nint 14  waste  0.000  outage 15879 h
  [715/803] rul        draw=177 LPSP  2.8950%  uni0  122.847  nint 13  waste  8.770  outage     0 h
  [716/803] instant    draw=178 LPSP  2.8148%  uni0  107.612  nint 14  waste  0.000  outage     0 h
  [717/803] corrective draw=178 LPSP  3.0748%  uni0  108.587  nint 12  waste  0.000  outage 10337 h
  [718/803] calendar   draw=178 LPSP  2.8833%  uni0  107.170  nint 13  waste  0.511  outage     0 h
  [719/803] rul        draw=178 LPSP  2.7547%  uni0  108.508  nint 12  waste 11.426  outage     0 h
  [720/803] instant    draw=179 LPSP  2.9485%  uni0   87.037  nint 12  waste  0.000  outage     0 h
  [721/803] corrective draw=179 LPSP  3.0695%  uni0   87.203  nint  7  waste  0.000  outage  5231 h
  [722/803] calendar   draw=179 LPSP  3.0151%  uni0   87.592  nint 12  waste  2.043  outage  5231 h
  [723/803] rul        draw=179 LPSP  2.9082%  uni0   86.937  nint 13  waste  2.119  outage   952 h
  [724/803] instant    draw=180 LPSP  2.8680%  uni0  105.924  nint 15  waste  0.000  outage     0 h
  [725/803] corrective draw=180 LPSP  3.4745%  uni0  108.656  nint 11  waste  0.000  outage 15397 h
  [726/803] calendar   draw=180 LPSP  3.4745%  uni0  108.656  nint 11  waste  0.000  outage 15397 h
  [727/803] rul        draw=180 LPSP  2.7608%  uni0  107.014  nint 12  waste 16.291  outage     0 h
  [728/803] instant    draw=181 LPSP  2.7905%  uni0   72.076  nint  8  waste  0.000  outage     0 h
  [729/803] corrective draw=181 LPSP  2.8719%  uni0   72.404  nint  8  waste  0.000  outage  8340 h
  [730/803] calendar   draw=181 LPSP  2.6602%  uni0   71.963  nint 11  waste  9.896  outage     0 h
  [731/803] rul        draw=181 LPSP  2.7492%  uni0   72.168  nint  9  waste  3.581  outage     0 h
  [732/803] instant    draw=182 LPSP  3.0055%  uni0  123.696  nint 16  waste  0.000  outage     0 h
  [733/803] corrective draw=182 LPSP  3.2842%  uni0  123.269  nint 14  waste  0.000  outage  8159 h
  [734/803] calendar   draw=182 LPSP  3.2842%  uni0  123.269  nint 14  waste  0.000  outage  8159 h
  [735/803] rul        draw=182 LPSP  2.9976%  uni0  124.184  nint 16  waste  3.537  outage   123 h
  [736/803] instant    draw=183 LPSP  2.9700%  uni0   72.237  nint  9  waste  0.000  outage     0 h
  [737/803] corrective draw=183 LPSP  3.2820%  uni0   74.304  nint  5  waste  0.000  outage  7638 h
  [738/803] calendar   draw=183 LPSP  2.9287%  uni0   72.972  nint 12  waste 15.756  outage  7638 h
  [739/803] rul        draw=183 LPSP  2.9576%  uni0   72.221  nint  5  waste  2.470  outage     0 h
  [740/803] instant    draw=184 LPSP  2.8075%  uni0   86.286  nint 11  waste  0.000  outage     0 h
  [741/803] corrective draw=184 LPSP  3.0286%  uni0   87.315  nint 11  waste  0.000  outage 10025 h
  [742/803] calendar   draw=184 LPSP  3.0286%  uni0   87.315  nint 11  waste  0.000  outage 10025 h
  [743/803] rul        draw=184 LPSP  2.7738%  uni0   86.681  nint 11  waste  5.618  outage     0 h
  [744/803] instant    draw=185 LPSP  2.9721%  uni0  127.144  nint 18  waste  0.000  outage     0 h
  [745/803] corrective draw=185 LPSP  3.5332%  uni0  128.160  nint 15  waste  0.000  outage 19982 h
  [746/803] calendar   draw=185 LPSP  3.5332%  uni0  128.160  nint 15  waste  0.000  outage 19982 h
  [747/803] rul        draw=185 LPSP  2.9566%  uni0  127.517  nint 13  waste  3.903  outage     0 h
  [748/803] instant    draw=186 LPSP  2.8052%  uni0  119.840  nint 19  waste  0.000  outage     0 h
  [749/803] corrective draw=186 LPSP  3.0295%  uni0  119.311  nint 16  waste  0.000  outage  4470 h
  [750/803] calendar   draw=186 LPSP  3.0295%  uni0  119.311  nint 16  waste  0.000  outage  4470 h
  [751/803] rul        draw=186 LPSP  2.7940%  uni0  120.199  nint 19  waste  6.533  outage   548 h
  [752/803] instant    draw=187 LPSP  3.0124%  uni0  114.145  nint 17  waste  0.000  outage     0 h
  [753/803] corrective draw=187 LPSP  3.1498%  uni0  114.187  nint 14  waste  0.000  outage  8831 h
  [754/803] calendar   draw=187 LPSP  3.1498%  uni0  114.187  nint 14  waste  0.000  outage  8831 h
  [755/803] rul        draw=187 LPSP  2.9162%  uni0  114.960  nint 13  waste 12.952  outage   204 h
  [756/803] instant    draw=188 LPSP  2.9378%  uni0   71.417  nint  9  waste  0.000  outage     0 h
  [757/803] corrective draw=188 LPSP  3.4822%  uni0   74.530  nint  7  waste  0.000  outage 15716 h
  [758/803] calendar   draw=188 LPSP  2.6613%  uni0   70.839  nint 12  waste 18.876  outage   471 h
  [759/803] rul        draw=188 LPSP  2.8432%  uni0   71.066  nint  5  waste  2.477  outage     0 h
  [760/803] instant    draw=189 LPSP  2.9471%  uni0   72.182  nint  9  waste  0.000  outage     0 h
  [761/803] corrective draw=189 LPSP  3.4102%  uni0   74.789  nint  8  waste  0.000  outage 20943 h
  [762/803] calendar   draw=189 LPSP  2.8673%  uni0   71.904  nint 11  waste 14.924  outage 20943 h
  [763/803] rul        draw=189 LPSP  2.9526%  uni0   72.269  nint  9  waste  1.534  outage     0 h
  [764/803] instant    draw=190 LPSP  2.9716%  uni0   88.318  nint 14  waste  0.000  outage     0 h
  [765/803] corrective draw=190 LPSP  3.3615%  uni0   89.289  nint 13  waste  0.000  outage 27700 h
  [766/803] calendar   draw=190 LPSP  3.6545%  uni0   92.511  nint  7  waste  3.426  outage 27700 h
  [767/803] rul        draw=190 LPSP  2.9166%  uni0   88.277  nint 14  waste  4.136  outage     0 h
  [768/803] instant    draw=191 LPSP  2.8920%  uni0   76.699  nint  8  waste  0.000  outage     0 h
  [769/803] corrective draw=191 LPSP  2.9671%  uni0   77.079  nint  8  waste  0.000  outage  1986 h
  [770/803] calendar   draw=191 LPSP  2.7623%  uni0   76.599  nint 11  waste  7.756  outage     0 h
  [771/803] rul        draw=191 LPSP  2.8522%  uni0   76.720  nint  9  waste  1.859  outage   390 h
  [772/803] instant    draw=192 LPSP  2.8600%  uni0   63.157  nint  8  waste  0.000  outage     0 h
  [773/803] corrective draw=192 LPSP  2.8806%  uni0   63.233  nint  7  waste  0.000  outage  1798 h
  [774/803] calendar   draw=192 LPSP  2.5661%  uni0   62.499  nint 11  waste 20.118  outage  1798 h
  [775/803] rul        draw=192 LPSP  2.8324%  uni0   63.133  nint  8  waste  1.286  outage  1798 h
  [776/803] instant    draw=193 LPSP  2.8572%  uni0   71.997  nint  8  waste  0.000  outage     0 h
  [777/803] corrective draw=193 LPSP  3.0030%  uni0   72.328  nint  7  waste  0.000  outage  2889 h
  [778/803] calendar   draw=193 LPSP  2.7008%  uni0   71.716  nint 11  waste 11.823  outage     0 h
  [779/803] rul        draw=193 LPSP  2.8329%  uni0   71.984  nint  8  waste  2.751  outage     0 h
  [780/803] instant    draw=194 LPSP  2.9373%  uni0   97.419  nint 14  waste  0.000  outage     0 h
  [781/803] corrective draw=194 LPSP  3.3185%  uni0   99.310  nint 13  waste  0.000  outage  8663 h
  [782/803] calendar   draw=194 LPSP  3.3185%  uni0   99.310  nint 13  waste  0.000  outage  8663 h
  [783/803] rul        draw=194 LPSP  2.9034%  uni0   97.594  nint 15  waste  5.205  outage     0 h
  [784/803] instant    draw=195 LPSP  2.9403%  uni0  108.464  nint 15  waste  0.000  outage     0 h
  [785/803] corrective draw=195 LPSP  3.4531%  uni0  110.636  nint 12  waste  0.000  outage 18834 h
  [786/803] calendar   draw=195 LPSP  3.4531%  uni0  110.636  nint 12  waste  0.000  outage 18834 h
  [787/803] rul        draw=195 LPSP  2.8828%  uni0  108.585  nint 14  waste  4.988  outage     0 h
  [788/803] instant    draw=196 LPSP  2.9729%  uni0   72.197  nint  8  waste  0.000  outage     0 h
  [789/803] corrective draw=196 LPSP  3.1346%  uni0   72.939  nint  8  waste  0.000  outage  8734 h
  [790/803] calendar   draw=196 LPSP  2.8359%  uni0   72.306  nint 12  waste 15.972  outage  3136 h
  [791/803] rul        draw=196 LPSP  2.9809%  uni0   72.250  nint  8  waste  1.258  outage   542 h
  [792/803] instant    draw=197 LPSP  2.9147%  uni0  112.389  nint 14  waste  0.000  outage     0 h
  [793/803] corrective draw=197 LPSP  3.0306%  uni0  112.170  nint 13  waste  0.000  outage  2609 h
  [794/803] calendar   draw=197 LPSP  3.0018%  uni0  111.984  nint 13  waste  0.356  outage     0 h
  [795/803] rul        draw=197 LPSP  2.8522%  uni0  113.226  nint 15  waste  9.918  outage     0 h
  [796/803] instant    draw=198 LPSP  2.9809%  uni0   64.186  nint  8  waste  0.000  outage     0 h
  [797/803] corrective draw=198 LPSP  3.2549%  uni0   65.214  nint  6  waste  0.000  outage 17774 h
  [798/803] calendar   draw=198 LPSP  2.7447%  uni0   62.726  nint 11  waste 23.741  outage 17774 h
  [799/803] rul        draw=198 LPSP  2.9528%  uni0   64.080  nint  8  waste  1.028  outage     0 h
  [800/803] instant    draw=199 LPSP  2.9685%  uni0  107.227  nint 13  waste  0.000  outage     0 h
  [801/803] corrective draw=199 LPSP  3.3154%  uni0  108.132  nint 12  waste  0.000  outage  7171 h
  [802/803] calendar   draw=199 LPSP  3.3154%  uni0  108.132  nint 12  waste  0.000  outage  7171 h
  [803/803] rul        draw=199 LPSP  2.8488%  uni0  108.282  nint 14  waste 16.175  outage     0 h
  (980s)

==============================================================================
COUT TOTAL [kEUR] a C_visite=1.5 (N=200, Tvisite=6m)
policy      |     mean |      P95 |   CVaR90 |   nint |   waste | outage h
instant     |  106.763 |  147.729 |  148.790 |  11.62 |   0.000 |        0
corrective  |  105.427 |  143.592 |  144.881 |   9.88 |   0.000 |    10088
calendar    |  114.837 |  145.522 |  146.352 |  11.89 |   7.267 |     7220
rul         |  112.351 |  156.392 |  163.458 |  11.34 |   5.767 |      144
------------------------------------------------------------------------------
  rul - corrective       : +6.924 +/- 7.378 kEUR ; gagne 6%
  rul - calendar         : -2.486 +/- 15.744 kEUR ; gagne 46%
  calendar - corrective  : +9.410 +/- 10.450 kEUR ; gagne 3%
==============================================================================
Resultats : /Work/Users/tlenoir/genial/Robustesse/Vieillissement9_3/maintenance_25y_T6m.txt
Figure    : /Work/Users/tlenoir/genial/Robustesse/Vieillissement9_3/maintenance_25y_T6m.pdf

real	17m23,742s
user	505m40,840s
sys	0m54,812s
fin=ven. juil. 10 00:28:26 CEST 2026
