job=215089 host=node4-11 cpus=32 debut=2026-07-11T17:10:39+02:00
script=/Work/Users/tlenoir/genial/Robustesse/Vieillissement9_4/bench_valeur_info.py args=
numpy 1.21.5 scipy 1.9.1 sympy 1.10.1
AVERTISSEMENT : tests unitaires complets non stages ; le job d'invariance afterok reste obligatoire.
=== VALEUR DE L'INFORMATION SoH -- boucle fermee vs boucle ouverte ===
    horizon=25 ans | N_MC=200 | multiplicateurs U_log[0.50, 2.00] | seed=2026 | VoLL=3.0
    empreinte=248b9c6a69b3 | sortie=/Work/Users/tlenoir/genial/Robustesse/Vieillissement9_4/runs/p1_value_info_248b9c6a69b3

--- Programme nominal a construire (artefact ou fiche absent) -> RB2(SoH), 25 ans...
    programme enregistre : /Work/Users/tlenoir/genial/Robustesse/Vieillissement9_4/.science_cache/p1_sched_12a543ff59bb.npz (30s)

TEST NUL PRE-MC Sched==SoH : LPSP 0.000e+00 | deg 0.000e+00 kEUR | EENS 0.000e+00 kWh | trace=identique -> OK

--- 802 runs a lancer (2 repris, 32 workers) ---
  [  1/802] RB2         draw=-1  LPSP  3.2490%  deg   57.564  unifie   84.210 kEUR
  [  2/802] RB2(Recale) draw=-1  LPSP  2.6566%  deg   61.497  unifie   83.285 kEUR
  [  3/802] RB2         draw=0   LPSP  3.2606%  deg   93.674  unifie  120.416 kEUR
  [  4/802] RB2(Recale) draw=0   LPSP  2.6718%  deg   96.950  unifie  118.863 kEUR
  [  5/802] RB2(Sched)  draw=0   LPSP  2.9382%  deg   95.173  unifie  119.270 kEUR
  [  6/802] RB2(SoH)    draw=0   LPSP  2.9508%  deg   94.169  unifie  118.370 kEUR
  [  7/802] RB2         draw=1   LPSP  3.2794%  deg   76.191  unifie  103.086 kEUR
  [  8/802] RB2(Recale) draw=1   LPSP  2.6882%  deg   80.619  unifie  102.665 kEUR
  [  9/802] RB2(Sched)  draw=1   LPSP  2.9790%  deg   77.985  unifie  102.417 kEUR
  [ 10/802] RB2(SoH)    draw=1   LPSP  3.0071%  deg   76.788  unifie  101.450 kEUR
  [ 11/802] RB2         draw=2   LPSP  3.2452%  deg   56.954  unifie   83.569 kEUR
  [ 12/802] RB2(Recale) draw=2   LPSP  2.6650%  deg   59.828  unifie   81.685 kEUR
  [ 13/802] RB2(Sched)  draw=2   LPSP  2.9187%  deg   57.388  unifie   81.325 kEUR
  [ 14/802] RB2(SoH)    draw=2   LPSP  2.8268%  deg   57.511  unifie   80.695 kEUR
  [ 15/802] RB2         draw=3   LPSP  3.2450%  deg   59.981  unifie   86.594 kEUR
  [ 16/802] RB2(Recale) draw=3   LPSP  2.6607%  deg   63.009  unifie   84.831 kEUR
  [ 17/802] RB2(Sched)  draw=3   LPSP  2.9345%  deg   60.442  unifie   84.509 kEUR
  [ 18/802] RB2(SoH)    draw=3   LPSP  2.8117%  deg   60.566  unifie   83.626 kEUR
  [ 19/802] RB2         draw=4   LPSP  3.2593%  deg   48.835  unifie   75.565 kEUR
  [ 20/802] RB2(Recale) draw=4   LPSP  2.6586%  deg   53.151  unifie   74.955 kEUR
  [ 21/802] RB2(Sched)  draw=4   LPSP  2.9287%  deg   50.432  unifie   74.452 kEUR
  [ 22/802] RB2(SoH)    draw=4   LPSP  2.9639%  deg   49.391  unifie   73.700 kEUR
  [ 23/802] RB2         draw=5   LPSP  3.2709%  deg   51.527  unifie   78.353 kEUR
  [ 24/802] RB2(Recale) draw=5   LPSP  2.6892%  deg   55.956  unifie   78.011 kEUR
  [ 25/802] RB2(Sched)  draw=5   LPSP  2.9502%  deg   53.331  unifie   77.527 kEUR
  [ 26/802] RB2(SoH)    draw=5   LPSP  3.0071%  deg   51.983  unifie   76.645 kEUR
  [ 27/802] RB2         draw=6   LPSP  3.2571%  deg   70.492  unifie   97.205 kEUR
  [ 28/802] RB2(Recale) draw=6   LPSP  2.6741%  deg   73.619  unifie   95.550 kEUR
  [ 29/802] RB2(Sched)  draw=6   LPSP  2.9511%  deg   70.937  unifie   95.140 kEUR
  [ 30/802] RB2(SoH)    draw=6   LPSP  2.8129%  deg   71.072  unifie   94.143 kEUR
  [ 31/802] RB2         draw=7   LPSP  3.2561%  deg   69.292  unifie   95.997 kEUR
  [ 32/802] RB2(Recale) draw=7   LPSP  2.6651%  deg   73.222  unifie   95.079 kEUR
  [ 33/802] RB2(Sched)  draw=7   LPSP  2.9256%  deg   69.784  unifie   93.778 kEUR
  [ 34/802] RB2(SoH)    draw=7   LPSP  2.9051%  deg   69.829  unifie   93.655 kEUR
  [ 35/802] RB2         draw=8   LPSP  3.2387%  deg   55.052  unifie   81.614 kEUR
  [ 36/802] RB2(Recale) draw=8   LPSP  2.6563%  deg   59.827  unifie   81.613 kEUR
  [ 37/802] RB2(Sched)  draw=8   LPSP  2.9271%  deg   55.530  unifie   79.536 kEUR
  [ 38/802] RB2(SoH)    draw=8   LPSP  2.8338%  deg   55.602  unifie   78.843 kEUR
  [ 39/802] RB2         draw=9   LPSP  3.2749%  deg   51.383  unifie   78.242 kEUR
  [ 40/802] RB2(Recale) draw=9   LPSP  2.6910%  deg   53.848  unifie   75.918 kEUR
  [ 41/802] RB2(Sched)  draw=9   LPSP  2.9546%  deg   52.301  unifie   76.533 kEUR
  [ 42/802] RB2(SoH)    draw=9   LPSP  3.0118%  deg   51.660  unifie   76.361 kEUR
  [ 43/802] RB2         draw=10  LPSP  3.2814%  deg   43.346  unifie   70.258 kEUR
  [ 44/802] RB2(Recale) draw=10  LPSP  2.6824%  deg   47.778  unifie   69.777 kEUR
  [ 45/802] RB2(Sched)  draw=10  LPSP  2.9549%  deg   45.027  unifie   69.261 kEUR
  [ 46/802] RB2(SoH)    draw=10  LPSP  3.0111%  deg   43.924  unifie   68.619 kEUR
  [ 47/802] RB2         draw=11  LPSP  3.2349%  deg   39.617  unifie   66.148 kEUR
  [ 48/802] RB2(Recale) draw=11  LPSP  2.6471%  deg   43.342  unifie   65.052 kEUR
  [ 49/802] RB2(Sched)  draw=11  LPSP  2.9127%  deg   40.123  unifie   64.011 kEUR
  [ 50/802] RB2(SoH)    draw=11  LPSP  2.8909%  deg   40.145  unifie   63.855 kEUR
  [ 51/802] RB2         draw=12  LPSP  3.2736%  deg   96.489  unifie  123.337 kEUR
  [ 52/802] RB2(Recale) draw=12  LPSP  2.6735%  deg  101.258  unifie  123.185 kEUR
  [ 53/802] RB2(Sched)  draw=12  LPSP  2.9451%  deg   98.311  unifie  122.465 kEUR
  [ 54/802] RB2(SoH)    draw=12  LPSP  2.9562%  deg   96.994  unifie  121.239 kEUR
  [ 55/802] RB2         draw=13  LPSP  3.2614%  deg   93.510  unifie  120.257 kEUR
  [ 56/802] RB2(Recale) draw=13  LPSP  2.6640%  deg   97.712  unifie  119.560 kEUR
  [ 57/802] RB2(Sched)  draw=13  LPSP  2.9348%  deg   94.412  unifie  118.481 kEUR
  [ 58/802] RB2(SoH)    draw=13  LPSP  2.9384%  deg   94.114  unifie  118.213 kEUR
  [ 59/802] RB2         draw=14  LPSP  3.2575%  deg   77.318  unifie  104.034 kEUR
  [ 60/802] RB2(Recale) draw=14  LPSP  2.6681%  deg   80.794  unifie  102.676 kEUR
  [ 61/802] RB2(Sched)  draw=14  LPSP  2.9551%  deg   77.827  unifie  102.063 kEUR
  [ 62/802] RB2(SoH)    draw=14  LPSP  2.8801%  deg   77.898  unifie  101.519 kEUR
  [ 63/802] RB2         draw=15  LPSP  3.2799%  deg   50.810  unifie   77.709 kEUR
  [ 64/802] RB2(Recale) draw=15  LPSP  2.6647%  deg   54.428  unifie   76.282 kEUR
  [ 65/802] RB2(Sched)  draw=15  LPSP  2.9401%  deg   52.135  unifie   76.248 kEUR
  [ 66/802] RB2(SoH)    draw=15  LPSP  3.0269%  deg   51.183  unifie   76.008 kEUR
  [ 67/802] RB2         draw=16  LPSP  3.2485%  deg   44.148  unifie   70.790 kEUR
  [ 68/802] RB2(Recale) draw=16  LPSP  2.6434%  deg   47.138  unifie   68.818 kEUR
  [ 69/802] RB2(Sched)  draw=16  LPSP  2.9091%  deg   44.709  unifie   68.568 kEUR
  [ 70/802] RB2(SoH)    draw=16  LPSP  2.9329%  deg   44.569  unifie   68.623 kEUR
  [ 71/802] RB2         draw=17  LPSP  3.2351%  deg   39.534  unifie   66.066 kEUR
  [ 72/802] RB2(Recale) draw=17  LPSP  2.6498%  deg   43.399  unifie   65.131 kEUR
  [ 73/802] RB2(Sched)  draw=17  LPSP  2.9045%  deg   39.899  unifie   63.720 kEUR
  [ 74/802] RB2(SoH)    draw=17  LPSP  2.8423%  deg   39.960  unifie   63.272 kEUR
  [ 75/802] RB2         draw=18  LPSP  3.2730%  deg   78.318  unifie  105.161 kEUR
  [ 76/802] RB2(Recale) draw=18  LPSP  2.6798%  deg   81.995  unifie  103.973 kEUR
  [ 77/802] RB2(Sched)  draw=18  LPSP  2.9626%  deg   79.830  unifie  104.128 kEUR
  [ 78/802] RB2(SoH)    draw=18  LPSP  3.0190%  deg   78.820  unifie  103.581 kEUR
  [ 79/802] RB2         draw=19  LPSP  3.2705%  deg   71.985  unifie   98.808 kEUR
  [ 80/802] RB2(Recale) draw=19  LPSP  2.6919%  deg   76.813  unifie   98.891 kEUR
  [ 81/802] RB2(Sched)  draw=19  LPSP  2.9556%  deg   72.547  unifie   96.786 kEUR
  [ 82/802] RB2(SoH)    draw=19  LPSP  2.8883%  deg   72.638  unifie   96.326 kEUR
  [ 83/802] RB2         draw=20  LPSP  3.2379%  deg   36.034  unifie   62.589 kEUR
  [ 84/802] RB2(Recale) draw=20  LPSP  2.6554%  deg   38.848  unifie   60.626 kEUR
  [ 85/802] RB2(Sched)  draw=20  LPSP  2.9144%  deg   36.437  unifie   60.339 kEUR
  [ 86/802] RB2(SoH)    draw=20  LPSP  2.8177%  deg   36.531  unifie   59.640 kEUR
  [ 87/802] RB2         draw=21  LPSP  3.2329%  deg   43.683  unifie   70.198 kEUR
  [ 88/802] RB2(Recale) draw=21  LPSP  2.6425%  deg   48.079  unifie   69.752 kEUR
  [ 89/802] RB2(Sched)  draw=21  LPSP  2.9153%  deg   45.222  unifie   69.132 kEUR
  [ 90/802] RB2(SoH)    draw=21  LPSP  2.9411%  deg   44.228  unifie   68.349 kEUR
  [ 91/802] RB2         draw=22  LPSP  3.2748%  deg   65.946  unifie   92.804 kEUR
  [ 92/802] RB2(Recale) draw=22  LPSP  2.6778%  deg   69.257  unifie   91.219 kEUR
  [ 93/802] RB2(Sched)  draw=22  LPSP  2.9413%  deg   67.373  unifie   91.496 kEUR
  [ 94/802] RB2(SoH)    draw=22  LPSP  3.0015%  deg   66.368  unifie   90.985 kEUR
  [ 95/802] RB2         draw=23  LPSP  3.2304%  deg   43.437  unifie   69.931 kEUR
  [ 96/802] RB2(Recale) draw=23  LPSP  2.6366%  deg   47.550  unifie   69.174 kEUR
  [ 97/802] RB2(Sched)  draw=23  LPSP  2.9046%  deg   44.850  unifie   68.672 kEUR
  [ 98/802] RB2(SoH)    draw=23  LPSP  2.9140%  deg   43.752  unifie   67.652 kEUR
  [ 99/802] RB2         draw=24  LPSP  3.2631%  deg   98.880  unifie  125.642 kEUR
  [100/802] RB2(Recale) draw=24  LPSP  2.6686%  deg  102.903  unifie  124.789 kEUR
  [101/802] RB2(Sched)  draw=24  LPSP  2.9436%  deg  100.413  unifie  124.555 kEUR
  [102/802] RB2(SoH)    draw=24  LPSP  2.9284%  deg   99.349  unifie  123.366 kEUR
  [103/802] RB2         draw=25  LPSP  3.2610%  deg   73.916  unifie  100.662 kEUR
  [104/802] RB2(Recale) draw=25  LPSP  2.6712%  deg   77.972  unifie   99.879 kEUR
  [105/802] RB2(Sched)  draw=25  LPSP  2.9292%  deg   75.610  unifie   99.634 kEUR
  [106/802] RB2(SoH)    draw=25  LPSP  2.9960%  deg   74.336  unifie   98.908 kEUR
  [107/802] RB2         draw=26  LPSP  3.2660%  deg   66.605  unifie   93.391 kEUR
  [108/802] RB2(Recale) draw=26  LPSP  2.6697%  deg   69.287  unifie   91.183 kEUR
  [109/802] RB2(Sched)  draw=26  LPSP  2.9389%  deg   67.205  unifie   91.308 kEUR
  [110/802] RB2(SoH)    draw=26  LPSP  2.8006%  deg   67.413  unifie   90.381 kEUR
  [111/802] RB2         draw=27  LPSP  3.2665%  deg   58.674  unifie   85.464 kEUR
  [112/802] RB2(Recale) draw=27  LPSP  2.6645%  deg   62.166  unifie   84.019 kEUR
  [113/802] RB2(Sched)  draw=27  LPSP  2.9377%  deg   59.897  unifie   83.991 kEUR
  [114/802] RB2(SoH)    draw=27  LPSP  3.0060%  deg   59.086  unifie   83.740 kEUR
  [115/802] RB2         draw=28  LPSP  3.2561%  deg   45.427  unifie   72.132 kEUR
  [116/802] RB2(Recale) draw=28  LPSP  2.6513%  deg   48.894  unifie   70.639 kEUR
  [117/802] RB2(Sched)  draw=28  LPSP  2.9204%  deg   46.636  unifie   70.588 kEUR
  [118/802] RB2(SoH)    draw=28  LPSP  2.9941%  deg   45.887  unifie   70.443 kEUR
  [119/802] RB2         draw=29  LPSP  3.2701%  deg   95.686  unifie  122.505 kEUR
  [120/802] RB2(Recale) draw=29  LPSP  2.6851%  deg   98.601  unifie  120.623 kEUR
  [121/802] RB2(Sched)  draw=29  LPSP  2.9401%  deg   97.018  unifie  121.131 kEUR
  [122/802] RB2(SoH)    draw=29  LPSP  2.9628%  deg   96.228  unifie  120.527 kEUR
  [123/802] RB2         draw=30  LPSP  3.2392%  deg   42.046  unifie   68.612 kEUR
  [124/802] RB2(Recale) draw=30  LPSP  2.6546%  deg   45.811  unifie   67.582 kEUR
  [125/802] RB2(Sched)  draw=30  LPSP  2.9363%  deg   42.388  unifie   66.470 kEUR
  [126/802] RB2(SoH)    draw=30  LPSP  2.8281%  deg   42.463  unifie   65.657 kEUR
  [127/802] RB2         draw=31  LPSP  3.2658%  deg   62.098  unifie   88.882 kEUR
  [128/802] RB2(Recale) draw=31  LPSP  2.6639%  deg   65.801  unifie   87.649 kEUR
  [129/802] RB2(Sched)  draw=31  LPSP  2.9359%  deg   63.406  unifie   87.485 kEUR
  [130/802] RB2(SoH)    draw=31  LPSP  2.9932%  deg   62.627  unifie   87.175 kEUR
  [131/802] RB2         draw=32  LPSP  3.2386%  deg   40.695  unifie   67.256 kEUR
  [132/802] RB2(Recale) draw=32  LPSP  2.6439%  deg   47.876  unifie   69.560 kEUR
  [133/802] RB2(Sched)  draw=32  LPSP  2.8957%  deg   42.824  unifie   66.573 kEUR
  [134/802] RB2(SoH)    draw=32  LPSP  2.8955%  deg   41.061  unifie   64.808 kEUR
  [135/802] RB2         draw=33  LPSP  3.2500%  deg   67.880  unifie   94.535 kEUR
  [136/802] RB2(Recale) draw=33  LPSP  2.6697%  deg   72.110  unifie   94.006 kEUR
  [137/802] RB2(Sched)  draw=33  LPSP  2.9451%  deg   68.342  unifie   92.496 kEUR
  [138/802] RB2(SoH)    draw=33  LPSP  2.8528%  deg   68.463  unifie   91.860 kEUR
  [139/802] RB2         draw=34  LPSP  3.2604%  deg   40.488  unifie   67.228 kEUR
  [140/802] RB2(Recale) draw=34  LPSP  2.6617%  deg   45.099  unifie   66.929 kEUR
  [141/802] RB2(Sched)  draw=34  LPSP  2.9327%  deg   40.824  unifie   64.877 kEUR
  [142/802] RB2(SoH)    draw=34  LPSP  2.9172%  deg   40.895  unifie   64.821 kEUR
  [143/802] RB2         draw=35  LPSP  3.2760%  deg   44.856  unifie   71.724 kEUR
  [144/802] RB2(Recale) draw=35  LPSP  2.6716%  deg   47.922  unifie   69.833 kEUR
  [145/802] RB2(Sched)  draw=35  LPSP  2.9347%  deg   45.979  unifie   70.048 kEUR
  [146/802] RB2(SoH)    draw=35  LPSP  2.9493%  deg   45.118  unifie   69.306 kEUR
  [147/802] RB2         draw=36  LPSP  3.2674%  deg  104.589  unifie  131.387 kEUR
  [148/802] RB2(Recale) draw=36  LPSP  2.7001%  deg  110.955  unifie  133.100 kEUR
  [149/802] RB2(Sched)  draw=36  LPSP  2.9684%  deg  106.573  unifie  130.918 kEUR
  [150/802] RB2(SoH)    draw=36  LPSP  2.9636%  deg  105.108  unifie  129.414 kEUR
  [151/802] RB2         draw=37  LPSP  3.2602%  deg   44.137  unifie   70.875 kEUR
  [152/802] RB2(Recale) draw=37  LPSP  2.6634%  deg   47.594  unifie   69.438 kEUR
  [153/802] RB2(Sched)  draw=37  LPSP  2.9317%  deg   45.314  unifie   69.358 kEUR
  [154/802] RB2(SoH)    draw=37  LPSP  2.9976%  deg   44.548  unifie   69.133 kEUR
  [155/802] RB2         draw=38  LPSP  3.2793%  deg  109.784  unifie  136.679 kEUR
  [156/802] RB2(Recale) draw=38  LPSP  2.6799%  deg  115.030  unifie  137.009 kEUR
  [157/802] RB2(Sched)  draw=38  LPSP  2.9433%  deg  111.664  unifie  135.803 kEUR
  [158/802] RB2(SoH)    draw=38  LPSP  2.9699%  deg  110.370  unifie  134.727 kEUR
  [159/802] RB2         draw=39  LPSP  3.2515%  deg   52.317  unifie   78.984 kEUR
  [160/802] RB2(Recale) draw=39  LPSP  2.6588%  deg   54.922  unifie   76.728 kEUR
  [161/802] RB2(Sched)  draw=39  LPSP  2.9283%  deg   52.774  unifie   76.790 kEUR
  [162/802] RB2(SoH)    draw=39  LPSP  2.8559%  deg   52.846  unifie   76.268 kEUR
  [163/802] RB2         draw=40  LPSP  3.2703%  deg   79.995  unifie  106.817 kEUR
  [164/802] RB2(Recale) draw=40  LPSP  2.6794%  deg   85.486  unifie  107.461 kEUR
  [165/802] RB2(Sched)  draw=40  LPSP  2.9421%  deg   81.938  unifie  106.067 kEUR
  [166/802] RB2(SoH)    draw=40  LPSP  2.9574%  deg   80.516  unifie  104.771 kEUR
  [167/802] RB2         draw=41  LPSP  3.2526%  deg   62.310  unifie   88.986 kEUR
  [168/802] RB2(Recale) draw=41  LPSP  2.6609%  deg   66.551  unifie   88.374 kEUR
  [169/802] RB2(Sched)  draw=41  LPSP  2.9273%  deg   63.979  unifie   87.986 kEUR
  [170/802] RB2(SoH)    draw=41  LPSP  2.9300%  deg   62.833  unifie   86.864 kEUR
  [171/802] RB2         draw=42  LPSP  3.2736%  deg   77.491  unifie  104.339 kEUR
  [172/802] RB2(Recale) draw=42  LPSP  2.6838%  deg   80.433  unifie  102.444 kEUR
  [173/802] RB2(Sched)  draw=42  LPSP  2.9412%  deg   78.625  unifie  102.747 kEUR
  [174/802] RB2(SoH)    draw=42  LPSP  3.0312%  deg   77.926  unifie  102.786 kEUR
  [175/802] RB2         draw=43  LPSP  3.2501%  deg   51.617  unifie   78.272 kEUR
  [176/802] RB2(Recale) draw=43  LPSP  2.6568%  deg   54.761  unifie   76.551 kEUR
  [177/802] RB2(Sched)  draw=43  LPSP  2.9294%  deg   52.250  unifie   76.275 kEUR
  [178/802] RB2(SoH)    draw=43  LPSP  2.9475%  deg   52.021  unifie   76.195 kEUR
  [179/802] RB2         draw=44  LPSP  3.2614%  deg   90.123  unifie  116.872 kEUR
  [180/802] RB2(Recale) draw=44  LPSP  2.6606%  deg   97.085  unifie  118.905 kEUR
  [181/802] RB2(Sched)  draw=44  LPSP  2.9227%  deg   92.272  unifie  116.242 kEUR
  [182/802] RB2(SoH)    draw=44  LPSP  2.9479%  deg   90.669  unifie  114.846 kEUR
  [183/802] RB2         draw=45  LPSP  3.2890%  deg   86.368  unifie  113.342 kEUR
  [184/802] RB2(Recale) draw=45  LPSP  2.6727%  deg   89.125  unifie  111.045 kEUR
  [185/802] RB2(Sched)  draw=45  LPSP  2.9387%  deg   87.687  unifie  111.789 kEUR
  [186/802] RB2(SoH)    draw=45  LPSP  2.9621%  deg   86.903  unifie  111.197 kEUR
  [187/802] RB2         draw=46  LPSP  3.2755%  deg   89.207  unifie  116.070 kEUR
  [188/802] RB2(Recale) draw=46  LPSP  2.6720%  deg   93.799  unifie  115.713 kEUR
  [189/802] RB2(Sched)  draw=46  LPSP  2.9455%  deg   89.795  unifie  113.952 kEUR
  [190/802] RB2(SoH)    draw=46  LPSP  2.9148%  deg   89.852  unifie  113.758 kEUR
  [191/802] RB2         draw=47  LPSP  3.2574%  deg   57.570  unifie   84.286 kEUR
  [192/802] RB2(Recale) draw=47  LPSP  2.6494%  deg   60.937  unifie   82.666 kEUR
  [193/802] RB2(Sched)  draw=47  LPSP  2.9189%  deg   58.908  unifie   82.847 kEUR
  [194/802] RB2(SoH)    draw=47  LPSP  2.9660%  deg   58.008  unifie   82.333 kEUR
  [195/802] RB2         draw=48  LPSP  3.2657%  deg   49.275  unifie   76.058 kEUR
  [196/802] RB2(Recale) draw=48  LPSP  2.6792%  deg   56.502  unifie   78.476 kEUR
  [197/802] RB2(Sched)  draw=48  LPSP  2.9440%  deg   51.480  unifie   75.625 kEUR
  [198/802] RB2(SoH)    draw=48  LPSP  2.9445%  deg   49.739  unifie   73.888 kEUR
  [199/802] RB2         draw=49  LPSP  3.2434%  deg   77.274  unifie  103.875 kEUR
  [200/802] RB2(Recale) draw=49  LPSP  2.6714%  deg   80.419  unifie  102.329 kEUR
  [201/802] RB2(Sched)  draw=49  LPSP  2.9442%  deg   77.836  unifie  101.982 kEUR
  [202/802] RB2(SoH)    draw=49  LPSP  2.8097%  deg   78.001  unifie  101.044 kEUR
  [203/802] RB2         draw=50  LPSP  3.2462%  deg   45.983  unifie   72.606 kEUR
  [204/802] RB2(Recale) draw=50  LPSP  2.6571%  deg   49.174  unifie   70.966 kEUR
  [205/802] RB2(Sched)  draw=50  LPSP  2.9250%  deg   47.058  unifie   71.047 kEUR
  [206/802] RB2(SoH)    draw=50  LPSP  3.0079%  deg   46.285  unifie   70.955 kEUR
  [207/802] RB2         draw=51  LPSP  3.2507%  deg   82.320  unifie  108.980 kEUR
  [208/802] RB2(Recale) draw=51  LPSP  2.6754%  deg   86.337  unifie  108.279 kEUR
  [209/802] RB2(Sched)  draw=51  LPSP  2.9303%  deg   84.051  unifie  108.083 kEUR
  [210/802] RB2(SoH)    draw=51  LPSP  2.9622%  deg   82.813  unifie  107.107 kEUR
  [211/802] RB2         draw=52  LPSP  3.2364%  deg   52.121  unifie   78.664 kEUR
  [212/802] RB2(Recale) draw=52  LPSP  2.6506%  deg   54.350  unifie   76.089 kEUR
  [213/802] RB2(Sched)  draw=52  LPSP  2.9274%  deg   52.687  unifie   76.695 kEUR
  [214/802] RB2(SoH)    draw=52  LPSP  2.8089%  deg   52.811  unifie   75.848 kEUR
  [215/802] RB2         draw=53  LPSP  3.2569%  deg   53.585  unifie   80.297 kEUR
  [216/802] RB2(Recale) draw=53  LPSP  2.6570%  deg   60.670  unifie   82.462 kEUR
  [217/802] RB2(Sched)  draw=53  LPSP  2.9308%  deg   55.732  unifie   79.769 kEUR
  [218/802] RB2(SoH)    draw=53  LPSP  2.9432%  deg   53.965  unifie   78.104 kEUR
  [219/802] RB2         draw=54  LPSP  3.2430%  deg   48.395  unifie   74.993 kEUR
  [220/802] RB2(Recale) draw=54  LPSP  2.6709%  deg   50.117  unifie   72.022 kEUR
  [221/802] RB2(Sched)  draw=54  LPSP  2.9256%  deg   48.751  unifie   72.745 kEUR
  [222/802] RB2(SoH)    draw=54  LPSP  2.7900%  deg   48.910  unifie   71.792 kEUR
  [223/802] RB2         draw=55  LPSP  3.2589%  deg   54.809  unifie   81.536 kEUR
  [224/802] RB2(Recale) draw=55  LPSP  2.6548%  deg   58.387  unifie   80.160 kEUR
  [225/802] RB2(Sched)  draw=55  LPSP  2.9203%  deg   56.329  unifie   80.280 kEUR
  [226/802] RB2(SoH)    draw=55  LPSP  2.9656%  deg   55.192  unifie   79.514 kEUR
  [227/802] RB2         draw=56  LPSP  3.2519%  deg   70.587  unifie   97.257 kEUR
  [228/802] RB2(Recale) draw=56  LPSP  2.6584%  deg   75.199  unifie   97.002 kEUR
  [229/802] RB2(Sched)  draw=56  LPSP  2.9230%  deg   72.418  unifie   96.391 kEUR
  [230/802] RB2(SoH)    draw=56  LPSP  2.9469%  deg   71.072  unifie   95.241 kEUR
  [231/802] RB2         draw=57  LPSP  3.2638%  deg   65.190  unifie   91.958 kEUR
  [232/802] RB2(Recale) draw=57  LPSP  2.6678%  deg   66.952  unifie   88.832 kEUR
  [233/802] RB2(Sched)  draw=57  LPSP  2.9374%  deg   65.746  unifie   89.837 kEUR
  [234/802] RB2(SoH)    draw=57  LPSP  2.7889%  deg   65.940  unifie   88.813 kEUR
  [235/802] RB2         draw=58  LPSP  3.2605%  deg   94.338  unifie  121.078 kEUR
  [236/802] RB2(Recale) draw=58  LPSP  2.6646%  deg   99.947  unifie  121.801 kEUR
  [237/802] RB2(Sched)  draw=58  LPSP  2.9532%  deg   96.367  unifie  120.587 kEUR
  [238/802] RB2(SoH)    draw=58  LPSP  2.9495%  deg   94.943  unifie  119.133 kEUR
  [239/802] RB2         draw=59  LPSP  3.2633%  deg   58.515  unifie   85.279 kEUR
  [240/802] RB2(Recale) draw=59  LPSP  2.6771%  deg   61.653  unifie   83.609 kEUR
  [241/802] RB2(Sched)  draw=59  LPSP  2.9350%  deg   59.032  unifie   83.103 kEUR
  [242/802] RB2(SoH)    draw=59  LPSP  2.8068%  deg   59.212  unifie   82.232 kEUR
  [243/802] RB2         draw=60  LPSP  3.2791%  deg   45.158  unifie   72.052 kEUR
  [244/802] RB2(Recale) draw=60  LPSP  2.6827%  deg   49.860  unifie   71.862 kEUR
  [245/802] RB2(Sched)  draw=60  LPSP  2.9577%  deg   45.532  unifie   69.790 kEUR
  [246/802] RB2(SoH)    draw=60  LPSP  2.8457%  deg   45.630  unifie   68.969 kEUR
  [247/802] RB2         draw=61  LPSP  3.2555%  deg   92.065  unifie  118.765 kEUR
  [248/802] RB2(Recale) draw=61  LPSP  2.6722%  deg   94.499  unifie  116.415 kEUR
  [249/802] RB2(Sched)  draw=61  LPSP  2.9481%  deg   92.596  unifie  116.774 kEUR
  [250/802] RB2(SoH)    draw=61  LPSP  2.7929%  deg   92.812  unifie  115.717 kEUR
  [251/802] RB2         draw=62  LPSP  3.2754%  deg   71.327  unifie   98.190 kEUR
  [252/802] RB2(Recale) draw=62  LPSP  2.6810%  deg   74.993  unifie   96.981 kEUR
  [253/802] RB2(Sched)  draw=62  LPSP  2.9396%  deg   71.770  unifie   95.879 kEUR
  [254/802] RB2(SoH)    draw=62  LPSP  2.9008%  deg   71.844  unifie   95.635 kEUR
  [255/802] RB2         draw=63  LPSP  3.2459%  deg   46.028  unifie   72.649 kEUR
  [256/802] RB2(Recale) draw=63  LPSP  2.6543%  deg   48.947  unifie   70.717 kEUR
  [257/802] RB2(Sched)  draw=63  LPSP  2.9063%  deg   47.213  unifie   71.049 kEUR
  [258/802] RB2(SoH)    draw=63  LPSP  2.9642%  deg   46.357  unifie   70.668 kEUR
  [259/802] RB2         draw=64  LPSP  3.2915%  deg   52.615  unifie   79.610 kEUR
  [260/802] RB2(Recale) draw=64  LPSP  2.6823%  deg   55.484  unifie   77.483 kEUR
  [261/802] RB2(Sched)  draw=64  LPSP  2.9629%  deg   53.608  unifie   77.908 kEUR
  [262/802] RB2(SoH)    draw=64  LPSP  3.0286%  deg   53.015  unifie   77.854 kEUR
  [263/802] RB2         draw=65  LPSP  3.2695%  deg   66.147  unifie   92.962 kEUR
  [264/802] RB2(Recale) draw=65  LPSP  2.6812%  deg   68.986  unifie   90.976 kEUR
  [265/802] RB2(Sched)  draw=65  LPSP  2.9400%  deg   67.418  unifie   91.531 kEUR
  [266/802] RB2(SoH)    draw=65  LPSP  2.9678%  deg   66.561  unifie   90.902 kEUR
  [267/802] RB2         draw=66  LPSP  3.2400%  deg   38.521  unifie   65.093 kEUR
  [268/802] RB2(Recale) draw=66  LPSP  2.6454%  deg   41.506  unifie   63.201 kEUR
  [269/802] RB2(Sched)  draw=66  LPSP  2.9111%  deg   39.575  unifie   63.450 kEUR
  [270/802] RB2(SoH)    draw=66  LPSP  2.9790%  deg   38.920  unifie   63.353 kEUR
  [271/802] RB2         draw=67  LPSP  3.2808%  deg   81.919  unifie  108.826 kEUR
  [272/802] RB2(Recale) draw=67  LPSP  2.6716%  deg   85.315  unifie  107.226 kEUR
  [273/802] RB2(Sched)  draw=67  LPSP  2.9387%  deg   82.520  unifie  106.621 kEUR
  [274/802] RB2(SoH)    draw=67  LPSP  2.8567%  deg   82.655  unifie  106.084 kEUR
  [275/802] RB2         draw=68  LPSP  3.2503%  deg   41.127  unifie   67.784 kEUR
  [276/802] RB2(Recale) draw=68  LPSP  2.6650%  deg   45.899  unifie   67.756 kEUR
  [277/802] RB2(Sched)  draw=68  LPSP  2.9306%  deg   41.581  unifie   65.617 kEUR
  [278/802] RB2(SoH)    draw=68  LPSP  2.8759%  deg   41.642  unifie   65.229 kEUR
  [279/802] RB2         draw=69  LPSP  3.2588%  deg   46.009  unifie   72.736 kEUR
  [280/802] RB2(Recale) draw=69  LPSP  2.6625%  deg   48.379  unifie   70.215 kEUR
  [281/802] RB2(Sched)  draw=69  LPSP  2.9239%  deg   47.049  unifie   71.029 kEUR
  [282/802] RB2(SoH)    draw=69  LPSP  2.9516%  deg   46.338  unifie   70.546 kEUR
  [283/802] RB2         draw=70  LPSP  3.2730%  deg   67.990  unifie   94.833 kEUR
  [284/802] RB2(Recale) draw=70  LPSP  2.6662%  deg   72.331  unifie   94.198 kEUR
  [285/802] RB2(Sched)  draw=70  LPSP  2.9253%  deg   69.838  unifie   93.830 kEUR
  [286/802] RB2(SoH)    draw=70  LPSP  2.9680%  deg   68.525  unifie   92.867 kEUR
  [287/802] RB2         draw=71  LPSP  3.2529%  deg   50.525  unifie   77.204 kEUR
  [288/802] RB2(Recale) draw=71  LPSP  2.6666%  deg   57.290  unifie   79.160 kEUR
  [289/802] RB2(Sched)  draw=71  LPSP  2.9426%  deg   52.546  unifie   76.680 kEUR
  [290/802] RB2(SoH)    draw=71  LPSP  2.9394%  deg   50.895  unifie   75.002 kEUR
  [291/802] RB2         draw=72  LPSP  3.2450%  deg   54.495  unifie   81.108 kEUR
  [292/802] RB2(Recale) draw=72  LPSP  2.6605%  deg   56.975  unifie   78.795 kEUR
  [293/802] RB2(Sched)  draw=72  LPSP  2.9484%  deg   55.566  unifie   79.748 kEUR
  [294/802] RB2(SoH)    draw=72  LPSP  2.9754%  deg   54.819  unifie   79.222 kEUR
  [295/802] RB2         draw=73  LPSP  3.2632%  deg   62.646  unifie   89.409 kEUR
  [296/802] RB2(Recale) draw=73  LPSP  2.6627%  deg   66.730  unifie   88.568 kEUR
  [297/802] RB2(Sched)  draw=73  LPSP  2.9316%  deg   63.156  unifie   87.200 kEUR
  [298/802] RB2(SoH)    draw=73  LPSP  2.9164%  deg   63.149  unifie   87.067 kEUR
  [299/802] RB2         draw=74  LPSP  3.2687%  deg   51.197  unifie   78.006 kEUR
  [300/802] RB2(Recale) draw=74  LPSP  2.6613%  deg   55.694  unifie   77.520 kEUR
  [301/802] RB2(Sched)  draw=74  LPSP  2.9406%  deg   52.774  unifie   76.891 kEUR
  [302/802] RB2(SoH)    draw=74  LPSP  2.9648%  deg   51.774  unifie   76.089 kEUR
  [303/802] RB2         draw=75  LPSP  3.2648%  deg   93.612  unifie  120.388 kEUR
  [304/802] RB2(Recale) draw=75  LPSP  2.6673%  deg   96.836  unifie  118.712 kEUR
  [305/802] RB2(Sched)  draw=75  LPSP  2.9410%  deg   94.977  unifie  119.097 kEUR
  [306/802] RB2(SoH)    draw=75  LPSP  2.9968%  deg   94.128  unifie  118.706 kEUR
  [307/802] RB2         draw=76  LPSP  3.2543%  deg   71.286  unifie   97.976 kEUR
  [308/802] RB2(Recale) draw=76  LPSP  2.6777%  deg   72.825  unifie   94.786 kEUR
  [309/802] RB2(Sched)  draw=76  LPSP  2.9295%  deg   71.718  unifie   95.744 kEUR
  [310/802] RB2(SoH)    draw=76  LPSP  2.8088%  deg   71.898  unifie   94.934 kEUR
  [311/802] RB2         draw=77  LPSP  3.2649%  deg   65.346  unifie   92.123 kEUR
  [312/802] RB2(Recale) draw=77  LPSP  2.6733%  deg   69.613  unifie   91.538 kEUR
  [313/802] RB2(Sched)  draw=77  LPSP  2.9319%  deg   67.132  unifie   91.178 kEUR
  [314/802] RB2(SoH)    draw=77  LPSP  2.9969%  deg   65.788  unifie   90.367 kEUR
  [315/802] RB2         draw=78  LPSP  3.2630%  deg   50.276  unifie   77.037 kEUR
  [316/802] RB2(Recale) draw=78  LPSP  2.6738%  deg   54.230  unifie   76.159 kEUR
  [317/802] RB2(Sched)  draw=78  LPSP  2.9373%  deg   50.647  unifie   74.737 kEUR
  [318/802] RB2(SoH)    draw=78  LPSP  2.8044%  deg   50.790  unifie   73.790 kEUR
  [319/802] RB2         draw=79  LPSP  3.2538%  deg   61.806  unifie   88.491 kEUR
  [320/802] RB2(Recale) draw=79  LPSP  2.6604%  deg   66.080  unifie   87.899 kEUR
  [321/802] RB2(Sched)  draw=79  LPSP  2.9387%  deg   62.375  unifie   86.477 kEUR
  [322/802] RB2(SoH)    draw=79  LPSP  2.9177%  deg   62.375  unifie   86.304 kEUR
  [323/802] RB2         draw=80  LPSP  3.2634%  deg  100.286  unifie  127.050 kEUR
  [324/802] RB2(Recale) draw=80  LPSP  2.7030%  deg  105.021  unifie  127.190 kEUR
  [325/802] RB2(Sched)  draw=80  LPSP  2.9725%  deg  100.880  unifie  125.259 kEUR
  [326/802] RB2(SoH)    draw=80  LPSP  2.9477%  deg  100.955  unifie  125.130 kEUR
  [327/802] RB2         draw=81  LPSP  3.2669%  deg   67.656  unifie   94.449 kEUR
  [328/802] RB2(Recale) draw=81  LPSP  2.6705%  deg   71.802  unifie   93.704 kEUR
  [329/802] RB2(Sched)  draw=81  LPSP  2.9448%  deg   69.246  unifie   93.398 kEUR
  [330/802] RB2(SoH)    draw=81  LPSP  2.9995%  deg   68.256  unifie   92.856 kEUR
  [331/802] RB2         draw=82  LPSP  3.2611%  deg   71.938  unifie   98.683 kEUR
  [332/802] RB2(Recale) draw=82  LPSP  2.6716%  deg   74.623  unifie   96.534 kEUR
  [333/802] RB2(Sched)  draw=82  LPSP  2.9484%  deg   72.962  unifie   97.143 kEUR
  [334/802] RB2(SoH)    draw=82  LPSP  3.0113%  deg   72.333  unifie   97.030 kEUR
  [335/802] RB2         draw=83  LPSP  3.2468%  deg   83.364  unifie  109.993 kEUR
  [336/802] RB2(Recale) draw=83  LPSP  2.6656%  deg   85.582  unifie  107.444 kEUR
  [337/802] RB2(Sched)  draw=83  LPSP  2.9337%  deg   83.859  unifie  107.919 kEUR
  [338/802] RB2(SoH)    draw=83  LPSP  2.8063%  deg   84.053  unifie  107.069 kEUR
  [339/802] RB2         draw=84  LPSP  3.2797%  deg   37.485  unifie   64.384 kEUR
  [340/802] RB2(Recale) draw=84  LPSP  2.6684%  deg   41.462  unifie   63.346 kEUR
  [341/802] RB2(Sched)  draw=84  LPSP  2.9465%  deg   37.846  unifie   62.011 kEUR
  [342/802] RB2(SoH)    draw=84  LPSP  2.8344%  deg   37.959  unifie   61.205 kEUR
  [343/802] RB2         draw=85  LPSP  3.2760%  deg   75.536  unifie  102.404 kEUR
  [344/802] RB2(Recale) draw=85  LPSP  2.6699%  deg   80.188  unifie  102.085 kEUR
  [345/802] RB2(Sched)  draw=85  LPSP  2.9529%  deg   76.443  unifie  100.661 kEUR
  [346/802] RB2(SoH)    draw=85  LPSP  2.9405%  deg   76.140  unifie  100.256 kEUR
  [347/802] RB2         draw=86  LPSP  3.2475%  deg   63.522  unifie   90.156 kEUR
  [348/802] RB2(Recale) draw=86  LPSP  2.6605%  deg   67.560  unifie   89.380 kEUR
  [349/802] RB2(Sched)  draw=86  LPSP  2.9251%  deg   64.008  unifie   87.998 kEUR
  [350/802] RB2(SoH)    draw=86  LPSP  2.8239%  deg   64.146  unifie   87.306 kEUR
  [351/802] RB2         draw=87  LPSP  3.2530%  deg   68.826  unifie   95.505 kEUR
  [352/802] RB2(Recale) draw=87  LPSP  2.6667%  deg   74.898  unifie   96.769 kEUR
  [353/802] RB2(Sched)  draw=87  LPSP  2.9270%  deg   70.875  unifie   94.880 kEUR
  [354/802] RB2(SoH)    draw=87  LPSP  2.9442%  deg   69.360  unifie   93.507 kEUR
  [355/802] RB2         draw=88  LPSP  3.2725%  deg   86.111  unifie  112.950 kEUR
  [356/802] RB2(Recale) draw=88  LPSP  2.6735%  deg   88.837  unifie  110.764 kEUR
  [357/802] RB2(Sched)  draw=88  LPSP  2.9414%  deg   87.391  unifie  111.514 kEUR
  [358/802] RB2(SoH)    draw=88  LPSP  2.9770%  deg   86.642  unifie  111.058 kEUR
  [359/802] RB2         draw=89  LPSP  3.2655%  deg   56.159  unifie   82.941 kEUR
  [360/802] RB2(Recale) draw=89  LPSP  2.6633%  deg   59.919  unifie   81.762 kEUR
  [361/802] RB2(Sched)  draw=89  LPSP  2.9371%  deg   57.553  unifie   81.641 kEUR
  [362/802] RB2(SoH)    draw=89  LPSP  2.9296%  deg   56.524  unifie   80.551 kEUR
  [363/802] RB2         draw=90  LPSP  3.2570%  deg   79.450  unifie  106.162 kEUR
  [364/802] RB2(Recale) draw=90  LPSP  2.6581%  deg   84.830  unifie  106.631 kEUR
  [365/802] RB2(Sched)  draw=90  LPSP  2.9234%  deg   81.235  unifie  105.211 kEUR
  [366/802] RB2(SoH)    draw=90  LPSP  2.9280%  deg   79.904  unifie  103.918 kEUR
  [367/802] RB2         draw=91  LPSP  3.2129%  deg   35.447  unifie   61.797 kEUR
  [368/802] RB2(Recale) draw=91  LPSP  2.6334%  deg   40.344  unifie   61.942 kEUR
  [369/802] RB2(Sched)  draw=91  LPSP  2.8967%  deg   35.865  unifie   59.622 kEUR
  [370/802] RB2(SoH)    draw=91  LPSP  2.7895%  deg   35.970  unifie   58.848 kEUR
  [371/802] RB2         draw=92  LPSP  3.2736%  deg   81.186  unifie  108.034 kEUR
  [372/802] RB2(Recale) draw=92  LPSP  2.6944%  deg   83.446  unifie  105.544 kEUR
  [373/802] RB2(Sched)  draw=92  LPSP  2.9578%  deg   81.722  unifie  105.980 kEUR
  [374/802] RB2(SoH)    draw=92  LPSP  2.8379%  deg   81.936  unifie  105.211 kEUR
  [375/802] RB2         draw=93  LPSP  3.2641%  deg  100.092  unifie  126.862 kEUR
  [376/802] RB2(Recale) draw=93  LPSP  2.6664%  deg  107.434  unifie  129.302 kEUR
  [377/802] RB2(Sched)  draw=93  LPSP  2.9208%  deg  102.483  unifie  126.438 kEUR
  [378/802] RB2(SoH)    draw=93  LPSP  2.9575%  deg  100.759  unifie  125.014 kEUR
  [379/802] RB2         draw=94  LPSP  3.2898%  deg  101.743  unifie  128.724 kEUR
  [380/802] RB2(Recale) draw=94  LPSP  2.7115%  deg  106.771  unifie  129.010 kEUR
  [381/802] RB2(Sched)  draw=94  LPSP  2.9681%  deg  102.491  unifie  126.834 kEUR
  [382/802] RB2(SoH)    draw=94  LPSP  2.8871%  deg  102.616  unifie  126.294 kEUR
  [383/802] RB2         draw=95  LPSP  3.2764%  deg   89.622  unifie  116.493 kEUR
  [384/802] RB2(Recale) draw=95  LPSP  2.6830%  deg   96.422  unifie  118.426 kEUR
  [385/802] RB2(Sched)  draw=95  LPSP  2.9526%  deg   91.868  unifie  116.084 kEUR
  [386/802] RB2(SoH)    draw=95  LPSP  2.9490%  deg   90.061  unifie  114.247 kEUR
  [387/802] RB2         draw=96  LPSP  3.2390%  deg   37.634  unifie   64.198 kEUR
  [388/802] RB2(Recale) draw=96  LPSP  2.6529%  deg   40.457  unifie   62.215 kEUR
  [389/802] RB2(Sched)  draw=96  LPSP  2.9223%  deg   38.032  unifie   61.999 kEUR
  [390/802] RB2(SoH)    draw=96  LPSP  2.8602%  deg   38.095  unifie   61.553 kEUR
  [391/802] RB2         draw=97  LPSP  3.2541%  deg   79.587  unifie  106.275 kEUR
  [392/802] RB2(Recale) draw=97  LPSP  2.6605%  deg   83.925  unifie  105.745 kEUR
  [393/802] RB2(Sched)  draw=97  LPSP  2.9370%  deg   80.459  unifie  104.547 kEUR
  [394/802] RB2(SoH)    draw=97  LPSP  2.9421%  deg   80.120  unifie  104.249 kEUR
  [395/802] RB2         draw=98  LPSP  3.2667%  deg   81.608  unifie  108.400 kEUR
  [396/802] RB2(Recale) draw=98  LPSP  2.6625%  deg   86.335  unifie  108.171 kEUR
  [397/802] RB2(Sched)  draw=98  LPSP  2.9410%  deg   83.466  unifie  107.586 kEUR
  [398/802] RB2(SoH)    draw=98  LPSP  2.9883%  deg   82.358  unifie  106.867 kEUR
  [399/802] RB2         draw=99  LPSP  3.2684%  deg   76.705  unifie  103.511 kEUR
  [400/802] RB2(Recale) draw=99  LPSP  2.6580%  deg   80.796  unifie  102.596 kEUR
  [401/802] RB2(Sched)  draw=99  LPSP  2.9161%  deg   78.438  unifie  102.354 kEUR
  [402/802] RB2(SoH)    draw=99  LPSP  2.9808%  deg   77.187  unifie  101.634 kEUR
  [403/802] RB2         draw=100 LPSP  3.2430%  deg   51.743  unifie   78.340 kEUR
  [404/802] RB2(Recale) draw=100 LPSP  2.6535%  deg   55.524  unifie   77.286 kEUR
  [405/802] RB2(Sched)  draw=100 LPSP  2.9192%  deg   52.143  unifie   76.084 kEUR
  [406/802] RB2(SoH)    draw=100 LPSP  2.8264%  deg   52.247  unifie   75.427 kEUR
  [407/802] RB2         draw=101 LPSP  3.2440%  deg   89.500  unifie  116.106 kEUR
  [408/802] RB2(Recale) draw=101 LPSP  2.6710%  deg   90.844  unifie  112.750 kEUR
  [409/802] RB2(Sched)  draw=101 LPSP  2.9184%  deg   90.096  unifie  114.031 kEUR
  [410/802] RB2(SoH)    draw=101 LPSP  2.7723%  deg   90.358  unifie  113.095 kEUR
  [411/802] RB2         draw=102 LPSP  3.2501%  deg   84.187  unifie  110.842 kEUR
  [412/802] RB2(Recale) draw=102 LPSP  2.6778%  deg   86.973  unifie  108.935 kEUR
  [413/802] RB2(Sched)  draw=102 LPSP  2.9209%  deg   84.666  unifie  108.621 kEUR
  [414/802] RB2(SoH)    draw=102 LPSP  2.8074%  deg   84.868  unifie  107.893 kEUR
  [415/802] RB2         draw=103 LPSP  3.2699%  deg   82.918  unifie  109.735 kEUR
  [416/802] RB2(Recale) draw=103 LPSP  2.6684%  deg   89.358  unifie  111.243 kEUR
  [417/802] RB2(Sched)  draw=103 LPSP  2.9353%  deg   84.980  unifie  109.054 kEUR
  [418/802] RB2(SoH)    draw=103 LPSP  2.9406%  deg   83.419  unifie  107.536 kEUR
  [419/802] RB2         draw=104 LPSP  3.2530%  deg   37.333  unifie   64.013 kEUR
  [420/802] RB2(Recale) draw=104 LPSP  2.6770%  deg   38.983  unifie   60.938 kEUR
  [421/802] RB2(Sched)  draw=104 LPSP  2.9350%  deg   37.729  unifie   61.800 kEUR
  [422/802] RB2(SoH)    draw=104 LPSP  2.7899%  deg   37.884  unifie   60.766 kEUR
  [423/802] RB2         draw=105 LPSP  3.2503%  deg   54.612  unifie   81.270 kEUR
  [424/802] RB2(Recale) draw=105 LPSP  2.6538%  deg   61.291  unifie   83.056 kEUR
  [425/802] RB2(Sched)  draw=105 LPSP  2.9182%  deg   56.692  unifie   80.625 kEUR
  [426/802] RB2(SoH)    draw=105 LPSP  2.9347%  deg   55.062  unifie   79.131 kEUR
  [427/802] RB2         draw=106 LPSP  3.2469%  deg   57.584  unifie   84.213 kEUR
  [428/802] RB2(Recale) draw=106 LPSP  2.6661%  deg   60.185  unifie   82.050 kEUR
  [429/802] RB2(Sched)  draw=106 LPSP  2.9268%  deg   58.085  unifie   82.089 kEUR
  [430/802] RB2(SoH)    draw=106 LPSP  2.7931%  deg   58.251  unifie   81.158 kEUR
  [431/802] RB2         draw=107 LPSP  3.2226%  deg   35.644  unifie   62.074 kEUR
  [432/802] RB2(Recale) draw=107 LPSP  2.6483%  deg   39.139  unifie   60.859 kEUR
  [433/802] RB2(Sched)  draw=107 LPSP  2.9062%  deg   36.112  unifie   59.947 kEUR
  [434/802] RB2(SoH)    draw=107 LPSP  2.7733%  deg   36.251  unifie   58.996 kEUR
  [435/802] RB2         draw=108 LPSP  3.2546%  deg   68.655  unifie   95.348 kEUR
  [436/802] RB2(Recale) draw=108 LPSP  2.6722%  deg   75.164  unifie   97.080 kEUR
  [437/802] RB2(Sched)  draw=108 LPSP  2.9371%  deg   70.663  unifie   94.751 kEUR
  [438/802] RB2(SoH)    draw=108 LPSP  2.9443%  deg   69.126  unifie   93.273 kEUR
  [439/802] RB2         draw=109 LPSP  3.2622%  deg   60.415  unifie   87.170 kEUR
  [440/802] RB2(Recale) draw=109 LPSP  2.6657%  deg   61.949  unifie   83.812 kEUR
  [441/802] RB2(Sched)  draw=109 LPSP  2.9283%  deg   60.975  unifie   84.991 kEUR
  [442/802] RB2(SoH)    draw=109 LPSP  2.7745%  deg   61.165  unifie   83.920 kEUR
  [443/802] RB2         draw=110 LPSP  3.2684%  deg   78.024  unifie  104.830 kEUR
  [444/802] RB2(Recale) draw=110 LPSP  2.6714%  deg   82.141  unifie  104.050 kEUR
  [445/802] RB2(Sched)  draw=110 LPSP  2.9475%  deg   79.028  unifie  103.202 kEUR
  [446/802] RB2(SoH)    draw=110 LPSP  2.9583%  deg   78.699  unifie  102.962 kEUR
  [447/802] RB2         draw=111 LPSP  3.2758%  deg   67.903  unifie   94.769 kEUR
  [448/802] RB2(Recale) draw=111 LPSP  2.6746%  deg   72.452  unifie   94.387 kEUR
  [449/802] RB2(Sched)  draw=111 LPSP  2.9427%  deg   69.656  unifie   93.791 kEUR
  [450/802] RB2(SoH)    draw=111 LPSP  2.9681%  deg   68.348  unifie   92.691 kEUR
  [451/802] RB2         draw=112 LPSP  3.2153%  deg   38.172  unifie   64.542 kEUR
  [452/802] RB2(Recale) draw=112 LPSP  2.6320%  deg   42.762  unifie   64.347 kEUR
  [453/802] RB2(Sched)  draw=112 LPSP  2.9045%  deg   38.622  unifie   62.443 kEUR
  [454/802] RB2(SoH)    draw=112 LPSP  2.8934%  deg   38.605  unifie   62.335 kEUR
  [455/802] RB2         draw=113 LPSP  3.2560%  deg   78.297  unifie  105.001 kEUR
  [456/802] RB2(Recale) draw=113 LPSP  2.6699%  deg   83.370  unifie  105.266 kEUR
  [457/802] RB2(Sched)  draw=113 LPSP  2.9368%  deg   78.827  unifie  102.913 kEUR
  [458/802] RB2(SoH)    draw=113 LPSP  2.8743%  deg   78.891  unifie  102.464 kEUR
  [459/802] RB2         draw=114 LPSP  3.2517%  deg   41.158  unifie   67.826 kEUR
  [460/802] RB2(Recale) draw=114 LPSP  2.6760%  deg   45.485  unifie   67.432 kEUR
  [461/802] RB2(Sched)  draw=114 LPSP  2.9456%  deg   41.494  unifie   65.653 kEUR
  [462/802] RB2(SoH)    draw=114 LPSP  2.8880%  deg   41.562  unifie   65.247 kEUR
  [463/802] RB2         draw=115 LPSP  3.2594%  deg   84.163  unifie  110.894 kEUR
  [464/802] RB2(Recale) draw=115 LPSP  2.6653%  deg   89.223  unifie  111.082 kEUR
  [465/802] RB2(Sched)  draw=115 LPSP  2.9388%  deg   84.720  unifie  108.823 kEUR
  [466/802] RB2(SoH)    draw=115 LPSP  2.8502%  deg   84.836  unifie  108.212 kEUR
  [467/802] RB2         draw=116 LPSP  3.2313%  deg   49.666  unifie   76.167 kEUR
  [468/802] RB2(Recale) draw=116 LPSP  2.6491%  deg   52.596  unifie   74.323 kEUR
  [469/802] RB2(Sched)  draw=116 LPSP  2.9050%  deg   50.932  unifie   74.757 kEUR
  [470/802] RB2(SoH)    draw=116 LPSP  2.9499%  deg   50.154  unifie   74.347 kEUR
  [471/802] RB2         draw=117 LPSP  3.2564%  deg   63.501  unifie   90.208 kEUR
  [472/802] RB2(Recale) draw=117 LPSP  2.6667%  deg   65.085  unifie   86.957 kEUR
  [473/802] RB2(Sched)  draw=117 LPSP  2.9262%  deg   64.080  unifie   88.079 kEUR
  [474/802] RB2(SoH)    draw=117 LPSP  2.7876%  deg   64.265  unifie   87.127 kEUR
  [475/802] RB2         draw=118 LPSP  3.2482%  deg   52.774  unifie   79.414 kEUR
  [476/802] RB2(Recale) draw=118 LPSP  2.6552%  deg   56.403  unifie   78.180 kEUR
  [477/802] RB2(Sched)  draw=118 LPSP  2.9286%  deg   53.167  unifie   77.185 kEUR
  [478/802] RB2(SoH)    draw=118 LPSP  2.8914%  deg   53.194  unifie   76.908 kEUR
  [479/802] RB2         draw=119 LPSP  3.2528%  deg   64.605  unifie   91.283 kEUR
  [480/802] RB2(Recale) draw=119 LPSP  2.6652%  deg   68.674  unifie   90.533 kEUR
  [481/802] RB2(Sched)  draw=119 LPSP  2.9241%  deg   66.169  unifie   90.150 kEUR
  [482/802] RB2(SoH)    draw=119 LPSP  3.0075%  deg   65.060  unifie   89.725 kEUR
  [483/802] RB2         draw=120 LPSP  3.2677%  deg   60.438  unifie   87.238 kEUR
  [484/802] RB2(Recale) draw=120 LPSP  2.6910%  deg   63.461  unifie   85.531 kEUR
  [485/802] RB2(Sched)  draw=120 LPSP  2.9524%  deg   61.752  unifie   85.966 kEUR
  [486/802] RB2(SoH)    draw=120 LPSP  2.9779%  deg   60.850  unifie   85.273 kEUR
  [487/802] RB2         draw=121 LPSP  3.2511%  deg   44.492  unifie   71.155 kEUR
  [488/802] RB2(Recale) draw=121 LPSP  2.6605%  deg   48.601  unifie   70.421 kEUR
  [489/802] RB2(Sched)  draw=121 LPSP  2.9410%  deg   44.850  unifie   68.970 kEUR
  [490/802] RB2(SoH)    draw=121 LPSP  2.8888%  deg   44.868  unifie   68.561 kEUR
  [491/802] RB2         draw=122 LPSP  3.2583%  deg   67.202  unifie   93.925 kEUR
  [492/802] RB2(Recale) draw=122 LPSP  2.6634%  deg   71.744  unifie   93.587 kEUR
  [493/802] RB2(Sched)  draw=122 LPSP  2.9291%  deg   67.647  unifie   91.670 kEUR
  [494/802] RB2(SoH)    draw=122 LPSP  2.8729%  deg   67.726  unifie   91.288 kEUR
  [495/802] RB2         draw=123 LPSP  3.2738%  deg   44.285  unifie   71.134 kEUR
  [496/802] RB2(Recale) draw=123 LPSP  2.6770%  deg   48.471  unifie   70.426 kEUR
  [497/802] RB2(Sched)  draw=123 LPSP  2.9396%  deg   45.991  unifie   70.099 kEUR
  [498/802] RB2(SoH)    draw=123 LPSP  2.9729%  deg   44.650  unifie   69.032 kEUR
  [499/802] RB2         draw=124 LPSP  3.2604%  deg   59.901  unifie   86.641 kEUR
  [500/802] RB2(Recale) draw=124 LPSP  2.6755%  deg   62.363  unifie   84.306 kEUR
  [501/802] RB2(Sched)  draw=124 LPSP  2.9355%  deg   60.332  unifie   84.407 kEUR
  [502/802] RB2(SoH)    draw=124 LPSP  2.8064%  deg   60.513  unifie   83.530 kEUR
  [503/802] RB2         draw=125 LPSP  3.2492%  deg   71.059  unifie   97.707 kEUR
  [504/802] RB2(Recale) draw=125 LPSP  2.6765%  deg   74.644  unifie   96.595 kEUR
  [505/802] RB2(Sched)  draw=125 LPSP  2.9485%  deg   71.538  unifie   95.720 kEUR
  [506/802] RB2(SoH)    draw=125 LPSP  2.9093%  deg   71.579  unifie   95.439 kEUR
  [507/802] RB2         draw=126 LPSP  3.2604%  deg   73.055  unifie   99.795 kEUR
  [508/802] RB2(Recale) draw=126 LPSP  2.6701%  deg   76.907  unifie   98.806 kEUR
  [509/802] RB2(Sched)  draw=126 LPSP  2.9360%  deg   73.585  unifie   97.665 kEUR
  [510/802] RB2(SoH)    draw=126 LPSP  2.8658%  deg   73.684  unifie   97.188 kEUR
  [511/802] RB2         draw=127 LPSP  3.2570%  deg   83.760  unifie  110.472 kEUR
  [512/802] RB2(Recale) draw=127 LPSP  2.6697%  deg   87.040  unifie  108.935 kEUR
  [513/802] RB2(Sched)  draw=127 LPSP  2.9425%  deg   85.207  unifie  109.339 kEUR
  [514/802] RB2(SoH)    draw=127 LPSP  2.9837%  deg   84.239  unifie  108.710 kEUR
  [515/802] RB2         draw=128 LPSP  3.2447%  deg   61.355  unifie   87.966 kEUR
  [516/802] RB2(Recale) draw=128 LPSP  2.6577%  deg   67.940  unifie   89.737 kEUR
  [517/802] RB2(Sched)  draw=128 LPSP  2.9239%  deg   63.438  unifie   87.418 kEUR
  [518/802] RB2(SoH)    draw=128 LPSP  2.9257%  deg   61.868  unifie   85.863 kEUR
  [519/802] RB2         draw=129 LPSP  3.2894%  deg  101.734  unifie  128.711 kEUR
  [520/802] RB2(Recale) draw=129 LPSP  2.7086%  deg  104.856  unifie  127.070 kEUR
  [521/802] RB2(Sched)  draw=129 LPSP  2.9752%  deg  102.363  unifie  126.764 kEUR
  [522/802] RB2(SoH)    draw=129 LPSP  2.8999%  deg  102.477  unifie  126.260 kEUR
  [523/802] RB2         draw=130 LPSP  3.2645%  deg   38.433  unifie   65.206 kEUR
  [524/802] RB2(Recale) draw=130 LPSP  2.6813%  deg   41.064  unifie   63.055 kEUR
  [525/802] RB2(Sched)  draw=130 LPSP  2.9426%  deg   38.746  unifie   62.880 kEUR
  [526/802] RB2(SoH)    draw=130 LPSP  2.8420%  deg   38.858  unifie   62.166 kEUR
  [527/802] RB2         draw=131 LPSP  3.2633%  deg   99.545  unifie  126.309 kEUR
  [528/802] RB2(Recale) draw=131 LPSP  2.6721%  deg  103.686  unifie  125.601 kEUR
  [529/802] RB2(Sched)  draw=131 LPSP  2.9430%  deg  101.284  unifie  125.421 kEUR
  [530/802] RB2(SoH)    draw=131 LPSP  2.9357%  deg  100.207  unifie  124.284 kEUR
  [531/802] RB2         draw=132 LPSP  3.2541%  deg   45.578  unifie   72.266 kEUR
  [532/802] RB2(Recale) draw=132 LPSP  2.6723%  deg   49.301  unifie   71.218 kEUR
  [533/802] RB2(Sched)  draw=132 LPSP  2.9394%  deg   45.994  unifie   70.102 kEUR
  [534/802] RB2(SoH)    draw=132 LPSP  2.9009%  deg   46.019  unifie   69.810 kEUR
  [535/802] RB2         draw=133 LPSP  3.2671%  deg   77.319  unifie  104.114 kEUR
  [536/802] RB2(Recale) draw=133 LPSP  2.6750%  deg   80.885  unifie  102.824 kEUR
  [537/802] RB2(Sched)  draw=133 LPSP  2.9543%  deg   77.861  unifie  102.091 kEUR
  [538/802] RB2(SoH)    draw=133 LPSP  2.9300%  deg   77.899  unifie  101.929 kEUR
  [539/802] RB2         draw=134 LPSP  3.2185%  deg   33.174  unifie   59.571 kEUR
  [540/802] RB2(Recale) draw=134 LPSP  2.6347%  deg   35.993  unifie   57.601 kEUR
  [541/802] RB2(Sched)  draw=134 LPSP  2.8916%  deg   33.527  unifie   57.242 kEUR
  [542/802] RB2(SoH)    draw=134 LPSP  2.7465%  deg   33.685  unifie   56.210 kEUR
  [543/802] RB2         draw=135 LPSP  3.2510%  deg   37.667  unifie   64.330 kEUR
  [544/802] RB2(Recale) draw=135 LPSP  2.6677%  deg   42.283  unifie   64.162 kEUR
  [545/802] RB2(Sched)  draw=135 LPSP  2.9483%  deg   37.982  unifie   62.162 kEUR
  [546/802] RB2(SoH)    draw=135 LPSP  2.8981%  deg   38.037  unifie   61.806 kEUR
  [547/802] RB2         draw=136 LPSP  3.2348%  deg   49.228  unifie   75.759 kEUR
  [548/802] RB2(Recale) draw=136 LPSP  2.6380%  deg   52.141  unifie   73.777 kEUR
  [549/802] RB2(Sched)  draw=136 LPSP  2.9044%  deg   50.369  unifie   74.189 kEUR
  [550/802] RB2(SoH)    draw=136 LPSP  2.9270%  deg   49.532  unifie   73.538 kEUR
  [551/802] RB2         draw=137 LPSP  3.2601%  deg   79.263  unifie  106.001 kEUR
  [552/802] RB2(Recale) draw=137 LPSP  2.6688%  deg   82.164  unifie  104.052 kEUR
  [553/802] RB2(Sched)  draw=137 LPSP  2.9438%  deg   80.440  unifie  104.583 kEUR
  [554/802] RB2(SoH)    draw=137 LPSP  2.9457%  deg   79.666  unifie  103.826 kEUR
  [555/802] RB2         draw=138 LPSP  3.2668%  deg   87.736  unifie  114.529 kEUR
  [556/802] RB2(Recale) draw=138 LPSP  2.6859%  deg   91.008  unifie  113.036 kEUR
  [557/802] RB2(Sched)  draw=138 LPSP  2.9530%  deg   89.211  unifie  113.430 kEUR
  [558/802] RB2(SoH)    draw=138 LPSP  2.9853%  deg   88.191  unifie  112.674 kEUR
  [559/802] RB2         draw=139 LPSP  3.2747%  deg   65.008  unifie   91.865 kEUR
  [560/802] RB2(Recale) draw=139 LPSP  2.6802%  deg   69.930  unifie   91.912 kEUR
  [561/802] RB2(Sched)  draw=139 LPSP  2.9634%  deg   65.413  unifie   89.717 kEUR
  [562/802] RB2(SoH)    draw=139 LPSP  2.8644%  deg   65.514  unifie   89.006 kEUR
  [563/802] RB2         draw=140 LPSP  3.2497%  deg   45.388  unifie   72.040 kEUR
  [564/802] RB2(Recale) draw=140 LPSP  2.6628%  deg   48.167  unifie   70.006 kEUR
  [565/802] RB2(Sched)  draw=140 LPSP  2.9297%  deg   46.597  unifie   70.624 kEUR
  [566/802] RB2(SoH)    draw=140 LPSP  2.9571%  deg   45.810  unifie   70.063 kEUR
  [567/802] RB2         draw=141 LPSP  3.2748%  deg   81.089  unifie  107.948 kEUR
  [568/802] RB2(Recale) draw=141 LPSP  2.6729%  deg   84.430  unifie  106.352 kEUR
  [569/802] RB2(Sched)  draw=141 LPSP  2.9453%  deg   82.590  unifie  106.746 kEUR
  [570/802] RB2(SoH)    draw=141 LPSP  2.9768%  deg   81.656  unifie  106.070 kEUR
  [571/802] RB2         draw=142 LPSP  3.2667%  deg   80.956  unifie  107.748 kEUR
  [572/802] RB2(Recale) draw=142 LPSP  2.6742%  deg   84.465  unifie  106.397 kEUR
  [573/802] RB2(Sched)  draw=142 LPSP  2.9432%  deg   81.404  unifie  105.543 kEUR
  [574/802] RB2(SoH)    draw=142 LPSP  2.9170%  deg   81.446  unifie  105.370 kEUR
  [575/802] RB2         draw=143 LPSP  3.2739%  deg   45.867  unifie   72.718 kEUR
  [576/802] RB2(Recale) draw=143 LPSP  2.6782%  deg   51.779  unifie   73.744 kEUR
  [577/802] RB2(Sched)  draw=143 LPSP  2.9544%  deg   47.675  unifie   71.905 kEUR
  [578/802] RB2(SoH)    draw=143 LPSP  2.9586%  deg   46.151  unifie   70.415 kEUR
  [579/802] RB2         draw=144 LPSP  3.2536%  deg   58.587  unifie   85.272 kEUR
  [580/802] RB2(Recale) draw=144 LPSP  2.6547%  deg   61.988  unifie   83.760 kEUR
  [581/802] RB2(Sched)  draw=144 LPSP  2.9216%  deg   60.033  unifie   83.995 kEUR
  [582/802] RB2(SoH)    draw=144 LPSP  2.9357%  deg   59.051  unifie   83.128 kEUR
  [583/802] RB2         draw=145 LPSP  3.2559%  deg   82.650  unifie  109.353 kEUR
  [584/802] RB2(Recale) draw=145 LPSP  2.6718%  deg   87.267  unifie  109.179 kEUR
  [585/802] RB2(Sched)  draw=145 LPSP  2.9344%  deg   83.217  unifie  107.283 kEUR
  [586/802] RB2(SoH)    draw=145 LPSP  2.8858%  deg   83.265  unifie  106.933 kEUR
  [587/802] RB2         draw=146 LPSP  3.2817%  deg   96.100  unifie  123.015 kEUR
  [588/802] RB2(Recale) draw=146 LPSP  2.7108%  deg   97.500  unifie  119.732 kEUR
  [589/802] RB2(Sched)  draw=146 LPSP  2.9767%  deg   96.713  unifie  121.126 kEUR
  [590/802] RB2(SoH)    draw=146 LPSP  2.8215%  deg   96.959  unifie  120.099 kEUR
  [591/802] RB2         draw=147 LPSP  3.2720%  deg   86.700  unifie  113.535 kEUR
  [592/802] RB2(Recale) draw=147 LPSP  2.6742%  deg   89.431  unifie  111.363 kEUR
  [593/802] RB2(Sched)  draw=147 LPSP  2.9341%  deg   87.955  unifie  112.019 kEUR
  [594/802] RB2(SoH)    draw=147 LPSP  2.9726%  deg   87.207  unifie  111.587 kEUR
  [595/802] RB2         draw=148 LPSP  3.2807%  deg   61.787  unifie   88.694 kEUR
  [596/802] RB2(Recale) draw=148 LPSP  2.6846%  deg   65.120  unifie   87.137 kEUR
  [597/802] RB2(Sched)  draw=148 LPSP  2.9650%  deg   62.506  unifie   86.823 kEUR
  [598/802] RB2(SoH)    draw=148 LPSP  2.9873%  deg   62.217  unifie   86.718 kEUR
  [599/802] RB2         draw=149 LPSP  3.2654%  deg   96.438  unifie  123.219 kEUR
  [600/802] RB2(Recale) draw=149 LPSP  2.6793%  deg  101.781  unifie  123.755 kEUR
  [601/802] RB2(Sched)  draw=149 LPSP  2.9477%  deg   98.361  unifie  122.536 kEUR
  [602/802] RB2(SoH)    draw=149 LPSP  2.9612%  deg   97.086  unifie  121.372 kEUR
  [603/802] RB2         draw=150 LPSP  3.2770%  deg   68.393  unifie   95.269 kEUR
  [604/802] RB2(Recale) draw=150 LPSP  2.6673%  deg   72.696  unifie   94.572 kEUR
  [605/802] RB2(Sched)  draw=150 LPSP  2.9506%  deg   68.866  unifie   93.065 kEUR
  [606/802] RB2(SoH)    draw=150 LPSP  2.8657%  deg   68.958  unifie   92.461 kEUR
  [607/802] RB2         draw=151 LPSP  3.2692%  deg   84.298  unifie  111.110 kEUR
  [608/802] RB2(Recale) draw=151 LPSP  2.6750%  deg   88.597  unifie  110.536 kEUR
  [609/802] RB2(Sched)  draw=151 LPSP  2.9462%  deg   86.128  unifie  110.290 kEUR
  [610/802] RB2(SoH)    draw=151 LPSP  2.9966%  deg   84.847  unifie  109.424 kEUR
  [611/802] RB2         draw=152 LPSP  3.2394%  deg   36.744  unifie   63.311 kEUR
  [612/802] RB2(Recale) draw=152 LPSP  2.6482%  deg   39.730  unifie   61.449 kEUR
  [613/802] RB2(Sched)  draw=152 LPSP  2.9139%  deg   37.484  unifie   61.382 kEUR
  [614/802] RB2(SoH)    draw=152 LPSP  2.9382%  deg   37.158  unifie   61.256 kEUR
  [615/802] RB2         draw=153 LPSP  3.2346%  deg   37.323  unifie   63.851 kEUR
  [616/802] RB2(Recale) draw=153 LPSP  2.6506%  deg   41.271  unifie   63.010 kEUR
  [617/802] RB2(Sched)  draw=153 LPSP  2.9215%  deg   37.768  unifie   61.729 kEUR
  [618/802] RB2(SoH)    draw=153 LPSP  2.8511%  deg   37.826  unifie   61.209 kEUR
  [619/802] RB2         draw=154 LPSP  3.2173%  deg   35.688  unifie   62.074 kEUR
  [620/802] RB2(Recale) draw=154 LPSP  2.6299%  deg   37.235  unifie   58.805 kEUR
  [621/802] RB2(Sched)  draw=154 LPSP  2.8884%  deg   36.020  unifie   59.709 kEUR
  [622/802] RB2(SoH)    draw=154 LPSP  2.7526%  deg   36.170  unifie   58.746 kEUR
  [623/802] RB2         draw=155 LPSP  3.2553%  deg   55.621  unifie   82.319 kEUR
  [624/802] RB2(Recale) draw=155 LPSP  2.6553%  deg   58.746  unifie   80.523 kEUR
  [625/802] RB2(Sched)  draw=155 LPSP  2.9130%  deg   56.896  unifie   80.786 kEUR
  [626/802] RB2(SoH)    draw=155 LPSP  2.9223%  deg   56.019  unifie   79.987 kEUR
  [627/802] RB2         draw=156 LPSP  3.2681%  deg   77.984  unifie  104.787 kEUR
  [628/802] RB2(Recale) draw=156 LPSP  2.6906%  deg   79.668  unifie  101.736 kEUR
  [629/802] RB2(Sched)  draw=156 LPSP  2.9639%  deg   78.454  unifie  102.762 kEUR
  [630/802] RB2(SoH)    draw=156 LPSP  2.8161%  deg   78.645  unifie  101.741 kEUR
  [631/802] RB2         draw=157 LPSP  3.2547%  deg   70.303  unifie   96.996 kEUR
  [632/802] RB2(Recale) draw=157 LPSP  2.6689%  deg   73.297  unifie   95.186 kEUR
  [633/802] RB2(Sched)  draw=157 LPSP  2.9166%  deg   71.579  unifie   95.499 kEUR
  [634/802] RB2(SoH)    draw=157 LPSP  2.9660%  deg   70.661  unifie   94.986 kEUR
  [635/802] RB2         draw=158 LPSP  3.2668%  deg   61.919  unifie   88.712 kEUR
  [636/802] RB2(Recale) draw=158 LPSP  2.6660%  deg   64.858  unifie   86.723 kEUR
  [637/802] RB2(Sched)  draw=158 LPSP  2.9217%  deg   63.202  unifie   87.164 kEUR
  [638/802] RB2(SoH)    draw=158 LPSP  2.9415%  deg   62.312  unifie   86.437 kEUR
  [639/802] RB2         draw=159 LPSP  3.2818%  deg   71.487  unifie   98.402 kEUR
  [640/802] RB2(Recale) draw=159 LPSP  2.6928%  deg   74.944  unifie   97.029 kEUR
  [641/802] RB2(Sched)  draw=159 LPSP  2.9670%  deg   72.058  unifie   96.392 kEUR
  [642/802] RB2(SoH)    draw=159 LPSP  2.9530%  deg   72.042  unifie   96.261 kEUR
  [643/802] RB2         draw=160 LPSP  3.2544%  deg   57.247  unifie   83.938 kEUR
  [644/802] RB2(Recale) draw=160 LPSP  2.6642%  deg   58.890  unifie   80.740 kEUR
  [645/802] RB2(Sched)  draw=160 LPSP  2.9246%  deg   57.767  unifie   81.753 kEUR
  [646/802] RB2(SoH)    draw=160 LPSP  2.7771%  deg   57.940  unifie   80.716 kEUR
  [647/802] RB2         draw=161 LPSP  3.2522%  deg   82.586  unifie  109.259 kEUR
  [648/802] RB2(Recale) draw=161 LPSP  2.6634%  deg   87.374  unifie  109.217 kEUR
  [649/802] RB2(Sched)  draw=161 LPSP  2.9354%  deg   84.016  unifie  108.090 kEUR
  [650/802] RB2(SoH)    draw=161 LPSP  2.9456%  deg   83.321  unifie  107.478 kEUR
  [651/802] RB2         draw=162 LPSP  3.2378%  deg   46.339  unifie   72.894 kEUR
  [652/802] RB2(Recale) draw=162 LPSP  2.6510%  deg   51.131  unifie   72.872 kEUR
  [653/802] RB2(Sched)  draw=162 LPSP  2.9199%  deg   46.879  unifie   70.827 kEUR
  [654/802] RB2(SoH)    draw=162 LPSP  2.8353%  deg   46.968  unifie   70.221 kEUR
  [655/802] RB2         draw=163 LPSP  3.2499%  deg   52.050  unifie   78.704 kEUR
  [656/802] RB2(Recale) draw=163 LPSP  2.6595%  deg   56.609  unifie   78.421 kEUR
  [657/802] RB2(Sched)  draw=163 LPSP  2.9291%  deg   52.526  unifie   76.548 kEUR
  [658/802] RB2(SoH)    draw=163 LPSP  2.9015%  deg   52.588  unifie   76.385 kEUR
  [659/802] RB2         draw=164 LPSP  3.2601%  deg   76.335  unifie  103.072 kEUR
  [660/802] RB2(Recale) draw=164 LPSP  2.6882%  deg   82.287  unifie  104.334 kEUR
  [661/802] RB2(Sched)  draw=164 LPSP  2.9546%  deg   78.237  unifie  102.470 kEUR
  [662/802] RB2(SoH)    draw=164 LPSP  2.9538%  deg   76.766  unifie  100.991 kEUR
  [663/802] RB2         draw=165 LPSP  3.2567%  deg   39.007  unifie   65.717 kEUR
  [664/802] RB2(Recale) draw=165 LPSP  2.6644%  deg   41.237  unifie   63.089 kEUR
  [665/802] RB2(Sched)  draw=165 LPSP  2.9360%  deg   39.340  unifie   63.420 kEUR
  [666/802] RB2(SoH)    draw=165 LPSP  2.8472%  deg   39.412  unifie   62.763 kEUR
  [667/802] RB2         draw=166 LPSP  3.2285%  deg   42.119  unifie   68.597 kEUR
  [668/802] RB2(Recale) draw=166 LPSP  2.6421%  deg   48.876  unifie   70.545 kEUR
  [669/802] RB2(Sched)  draw=166 LPSP  2.8928%  deg   44.175  unifie   67.900 kEUR
  [670/802] RB2(SoH)    draw=166 LPSP  2.8933%  deg   42.408  unifie   66.137 kEUR
  [671/802] RB2         draw=167 LPSP  3.2445%  deg   45.726  unifie   72.335 kEUR
  [672/802] RB2(Recale) draw=167 LPSP  2.6451%  deg   49.767  unifie   71.461 kEUR
  [673/802] RB2(Sched)  draw=167 LPSP  2.9219%  deg   47.277  unifie   71.240 kEUR
  [674/802] RB2(SoH)    draw=167 LPSP  2.9692%  deg   46.125  unifie   70.477 kEUR
  [675/802] RB2         draw=168 LPSP  3.2512%  deg   54.859  unifie   81.523 kEUR
  [676/802] RB2(Recale) draw=168 LPSP  2.6518%  deg   57.991  unifie   79.739 kEUR
  [677/802] RB2(Sched)  draw=168 LPSP  2.9111%  deg   56.144  unifie   80.019 kEUR
  [678/802] RB2(SoH)    draw=168 LPSP  2.9735%  deg   55.293  unifie   79.680 kEUR
  [679/802] RB2         draw=169 LPSP  3.2678%  deg   41.697  unifie   68.497 kEUR
  [680/802] RB2(Recale) draw=169 LPSP  2.6779%  deg   45.979  unifie   67.942 kEUR
  [681/802] RB2(Sched)  draw=169 LPSP  2.9505%  deg   43.348  unifie   67.546 kEUR
  [682/802] RB2(SoH)    draw=169 LPSP  3.0171%  deg   42.125  unifie   66.869 kEUR
  [683/802] RB2         draw=170 LPSP  3.2505%  deg   54.791  unifie   81.449 kEUR
  [684/802] RB2(Recale) draw=170 LPSP  2.6542%  deg   57.339  unifie   79.107 kEUR
  [685/802] RB2(Sched)  draw=170 LPSP  2.9205%  deg   55.883  unifie   79.836 kEUR
  [686/802] RB2(SoH)    draw=170 LPSP  2.9607%  deg   55.150  unifie   79.432 kEUR
  [687/802] RB2         draw=171 LPSP  3.2755%  deg   73.337  unifie  100.200 kEUR
  [688/802] RB2(Recale) draw=171 LPSP  2.6725%  deg   78.009  unifie   99.928 kEUR
  [689/802] RB2(Sched)  draw=171 LPSP  2.9562%  deg   74.966  unifie   99.211 kEUR
  [690/802] RB2(SoH)    draw=171 LPSP  2.9406%  deg   73.790  unifie   97.907 kEUR
  [691/802] RB2         draw=172 LPSP  3.2794%  deg   96.726  unifie  123.621 kEUR
  [692/802] RB2(Recale) draw=172 LPSP  2.6685%  deg  100.811  unifie  122.697 kEUR
  [693/802] RB2(Sched)  draw=172 LPSP  2.9358%  deg   98.442  unifie  122.520 kEUR
  [694/802] RB2(SoH)    draw=172 LPSP  3.0085%  deg   97.304  unifie  121.977 kEUR
  [695/802] RB2         draw=173 LPSP  3.2428%  deg   44.433  unifie   71.029 kEUR
  [696/802] RB2(Recale) draw=173 LPSP  2.6629%  deg   46.047  unifie   67.887 kEUR
  [697/802] RB2(Sched)  draw=173 LPSP  2.9267%  deg   44.957  unifie   68.961 kEUR
  [698/802] RB2(SoH)    draw=173 LPSP  2.7802%  deg   45.118  unifie   67.920 kEUR
  [699/802] RB2         draw=174 LPSP  3.2547%  deg   57.447  unifie   84.140 kEUR
  [700/802] RB2(Recale) draw=174 LPSP  2.6572%  deg   62.457  unifie   84.250 kEUR
  [701/802] RB2(Sched)  draw=174 LPSP  2.9222%  deg   57.988  unifie   81.954 kEUR
  [702/802] RB2(SoH)    draw=174 LPSP  2.8432%  deg   58.089  unifie   81.407 kEUR
  [703/802] RB2         draw=175 LPSP  3.2699%  deg   95.661  unifie  122.479 kEUR
  [704/802] RB2(Recale) draw=175 LPSP  2.6864%  deg  100.067  unifie  122.100 kEUR
  [705/802] RB2(Sched)  draw=175 LPSP  2.9583%  deg   97.248  unifie  121.510 kEUR
  [706/802] RB2(SoH)    draw=175 LPSP  2.9814%  deg   96.339  unifie  120.791 kEUR
  [707/802] RB2         draw=176 LPSP  3.2662%  deg   50.490  unifie   77.277 kEUR
  [708/802] RB2(Recale) draw=176 LPSP  2.6815%  deg   52.545  unifie   74.537 kEUR
  [709/802] RB2(Sched)  draw=176 LPSP  2.9448%  deg   50.856  unifie   75.007 kEUR
  [710/802] RB2(SoH)    draw=176 LPSP  2.8255%  deg   50.961  unifie   74.134 kEUR
  [711/802] RB2         draw=177 LPSP  3.2671%  deg   97.397  unifie  124.192 kEUR
  [712/802] RB2(Recale) draw=177 LPSP  2.6773%  deg  104.580  unifie  126.538 kEUR
  [713/802] RB2(Sched)  draw=177 LPSP  2.9473%  deg   99.723  unifie  123.895 kEUR
  [714/802] RB2(SoH)    draw=177 LPSP  2.9654%  deg   98.038  unifie  122.359 kEUR
  [715/802] RB2         draw=178 LPSP  3.2507%  deg   83.812  unifie  110.472 kEUR
  [716/802] RB2(Recale) draw=178 LPSP  2.6613%  deg   88.768  unifie  110.595 kEUR
  [717/802] RB2(Sched)  draw=178 LPSP  2.9315%  deg   84.357  unifie  108.400 kEUR
  [718/802] RB2(SoH)    draw=178 LPSP  2.8137%  deg   84.536  unifie  107.613 kEUR
  [719/802] RB2         draw=179 LPSP  3.2638%  deg   62.352  unifie   89.120 kEUR
  [720/802] RB2(Recale) draw=179 LPSP  2.6785%  deg   66.340  unifie   88.308 kEUR
  [721/802] RB2(Sched)  draw=179 LPSP  2.9461%  deg   62.962  unifie   87.125 kEUR
  [722/802] RB2(SoH)    draw=179 LPSP  2.9483%  deg   62.870  unifie   87.050 kEUR
  [723/802] RB2         draw=180 LPSP  3.2620%  deg   81.668  unifie  108.421 kEUR
  [724/802] RB2(Recale) draw=180 LPSP  2.6737%  deg   86.037  unifie  107.965 kEUR
  [725/802] RB2(Sched)  draw=180 LPSP  2.9429%  deg   82.347  unifie  106.483 kEUR
  [726/802] RB2(SoH)    draw=180 LPSP  2.8681%  deg   82.437  unifie  105.959 kEUR
  [727/802] RB2         draw=181 LPSP  3.2411%  deg   48.670  unifie   75.251 kEUR
  [728/802] RB2(Recale) draw=181 LPSP  2.6615%  deg   51.709  unifie   73.537 kEUR
  [729/802] RB2(Sched)  draw=181 LPSP  2.9272%  deg   49.073  unifie   73.080 kEUR
  [730/802] RB2(SoH)    draw=181 LPSP  2.7900%  deg   49.211  unifie   72.093 kEUR
  [731/802] RB2         draw=182 LPSP  3.2799%  deg   98.469  unifie  125.369 kEUR
  [732/802] RB2(Recale) draw=182 LPSP  2.6748%  deg  102.077  unifie  124.014 kEUR
  [733/802] RB2(Sched)  draw=182 LPSP  2.9492%  deg   99.791  unifie  123.978 kEUR
  [734/802] RB2(SoH)    draw=182 LPSP  3.0073%  deg   99.077  unifie  123.742 kEUR
  [735/802] RB2         draw=183 LPSP  3.2467%  deg   47.499  unifie   74.127 kEUR
  [736/802] RB2(Recale) draw=183 LPSP  2.6526%  deg   51.533  unifie   73.289 kEUR
  [737/802] RB2(Sched)  draw=183 LPSP  2.9033%  deg   49.147  unifie   72.958 kEUR
  [738/802] RB2(SoH)    draw=183 LPSP  2.9687%  deg   47.905  unifie   72.252 kEUR
  [739/802] RB2         draw=184 LPSP  3.2458%  deg   62.599  unifie   89.219 kEUR
  [740/802] RB2(Recale) draw=184 LPSP  2.6494%  deg   65.332  unifie   87.061 kEUR
  [741/802] RB2(Sched)  draw=184 LPSP  2.9133%  deg   63.127  unifie   87.020 kEUR
  [742/802] RB2(SoH)    draw=184 LPSP  2.8067%  deg   63.272  unifie   86.291 kEUR
  [743/802] RB2         draw=185 LPSP  3.2742%  deg  102.203  unifie  129.056 kEUR
  [744/802] RB2(Recale) draw=185 LPSP  2.6785%  deg  107.233  unifie  129.200 kEUR
  [745/802] RB2(Sched)  draw=185 LPSP  2.9436%  deg  104.150  unifie  128.292 kEUR
  [746/802] RB2(SoH)    draw=185 LPSP  2.9703%  deg  102.784  unifie  127.144 kEUR
  [747/802] RB2         draw=186 LPSP  3.2508%  deg   95.981  unifie  122.642 kEUR
  [748/802] RB2(Recale) draw=186 LPSP  2.6597%  deg  101.608  unifie  123.421 kEUR
  [749/802] RB2(Sched)  draw=186 LPSP  2.9344%  deg   96.683  unifie  120.749 kEUR
  [750/802] RB2(SoH)    draw=186 LPSP  2.8028%  deg   96.895  unifie  119.882 kEUR
  [751/802] RB2         draw=187 LPSP  3.2653%  deg   88.991  unifie  115.771 kEUR
  [752/802] RB2(Recale) draw=187 LPSP  2.6710%  deg   92.781  unifie  114.687 kEUR
  [753/802] RB2(Sched)  draw=187 LPSP  2.9343%  deg   90.480  unifie  114.545 kEUR
  [754/802] RB2(SoH)    draw=187 LPSP  3.0124%  deg   89.475  unifie  114.181 kEUR
  [755/802] RB2         draw=188 LPSP  3.2560%  deg   47.016  unifie   73.720 kEUR
  [756/802] RB2(Recale) draw=188 LPSP  2.6784%  deg   53.906  unifie   75.873 kEUR
  [757/802] RB2(Sched)  draw=188 LPSP  2.9267%  deg   49.059  unifie   73.062 kEUR
  [758/802] RB2(SoH)    draw=188 LPSP  2.9375%  deg   47.353  unifie   71.445 kEUR
  [759/802] RB2         draw=189 LPSP  3.2385%  deg   47.583  unifie   74.144 kEUR
  [760/802] RB2(Recale) draw=189 LPSP  2.6534%  deg   50.763  unifie   72.525 kEUR
  [761/802] RB2(Sched)  draw=189 LPSP  2.9314%  deg   48.359  unifie   72.401 kEUR
  [762/802] RB2(SoH)    draw=189 LPSP  2.9468%  deg   48.051  unifie   72.219 kEUR
  [763/802] RB2         draw=190 LPSP  3.2455%  deg   63.361  unifie   89.979 kEUR
  [764/802] RB2(Recale) draw=190 LPSP  2.6620%  deg   67.596  unifie   89.428 kEUR
  [765/802] RB2(Sched)  draw=190 LPSP  2.9239%  deg   64.834  unifie   88.814 kEUR
  [766/802] RB2(SoH)    draw=190 LPSP  2.9697%  deg   64.004  unifie   88.360 kEUR
  [767/802] RB2         draw=191 LPSP  3.2716%  deg   52.503  unifie   79.335 kEUR
  [768/802] RB2(Recale) draw=191 LPSP  2.6833%  deg   56.189  unifie   78.196 kEUR
  [769/802] RB2(Sched)  draw=191 LPSP  2.9496%  deg   52.933  unifie   77.124 kEUR
  [770/802] RB2(SoH)    draw=191 LPSP  2.8905%  deg   52.988  unifie   76.693 kEUR
  [771/802] RB2         draw=192 LPSP  3.2564%  deg   39.228  unifie   65.935 kEUR
  [772/802] RB2(Recale) draw=192 LPSP  2.6766%  deg   42.148  unifie   64.100 kEUR
  [773/802] RB2(Sched)  draw=192 LPSP  2.9548%  deg   39.650  unifie   63.883 kEUR
  [774/802] RB2(SoH)    draw=192 LPSP  2.8598%  deg   39.721  unifie   63.175 kEUR
  [775/802] RB2         draw=193 LPSP  3.2389%  deg   48.137  unifie   74.701 kEUR
  [776/802] RB2(Recale) draw=193 LPSP  2.6549%  deg   51.726  unifie   73.500 kEUR
  [777/802] RB2(Sched)  draw=193 LPSP  2.9367%  deg   48.516  unifie   72.601 kEUR
  [778/802] RB2(SoH)    draw=193 LPSP  2.8570%  deg   48.574  unifie   72.005 kEUR
  [779/802] RB2         draw=194 LPSP  3.2569%  deg   72.838  unifie   99.550 kEUR
  [780/802] RB2(Recale) draw=194 LPSP  2.6591%  deg   77.311  unifie   99.119 kEUR
  [781/802] RB2(Sched)  draw=194 LPSP  2.9280%  deg   74.636  unifie   98.649 kEUR
  [782/802] RB2(SoH)    draw=194 LPSP  2.9386%  deg   73.368  unifie   97.469 kEUR
  [783/802] RB2         draw=195 LPSP  3.2811%  deg   83.720  unifie  110.630 kEUR
  [784/802] RB2(Recale) draw=195 LPSP  2.6645%  deg   90.883  unifie  112.735 kEUR
  [785/802] RB2(Sched)  draw=195 LPSP  2.9342%  deg   86.092  unifie  110.156 kEUR
  [786/802] RB2(SoH)    draw=195 LPSP  2.9395%  deg   84.363  unifie  108.471 kEUR
  [787/802] RB2         draw=196 LPSP  3.2534%  deg   47.485  unifie   74.168 kEUR
  [788/802] RB2(Recale) draw=196 LPSP  2.6645%  deg   51.569  unifie   73.422 kEUR
  [789/802] RB2(Sched)  draw=196 LPSP  2.9339%  deg   49.149  unifie   73.211 kEUR
  [790/802] RB2(SoH)    draw=196 LPSP  2.9720%  deg   47.833  unifie   72.207 kEUR
  [791/802] RB2         draw=197 LPSP  3.2685%  deg   87.987  unifie  114.794 kEUR
  [792/802] RB2(Recale) draw=197 LPSP  2.6756%  deg   92.697  unifie  114.641 kEUR
  [793/802] RB2(Sched)  draw=197 LPSP  2.9477%  deg   88.443  unifie  112.618 kEUR
  [794/802] RB2(SoH)    draw=197 LPSP  2.9123%  deg   88.500  unifie  112.386 kEUR
  [795/802] RB2         draw=198 LPSP  3.2317%  deg   39.426  unifie   65.930 kEUR
  [796/802] RB2(Recale) draw=198 LPSP  2.6437%  deg   43.019  unifie   64.701 kEUR
  [797/802] RB2(Sched)  draw=198 LPSP  2.9125%  deg   40.702  unifie   64.589 kEUR
  [798/802] RB2(SoH)    draw=198 LPSP  2.9772%  deg   39.765  unifie   64.182 kEUR
  [799/802] RB2         draw=199 LPSP  3.2610%  deg   82.411  unifie  109.156 kEUR
  [800/802] RB2(Recale) draw=199 LPSP  2.6799%  deg   85.723  unifie  107.702 kEUR
  [801/802] RB2(Sched)  draw=199 LPSP  2.9400%  deg   83.194  unifie  107.306 kEUR
  [802/802] RB2(SoH)    draw=199 LPSP  2.9662%  deg   82.909  unifie  107.236 kEUR
  (934s)

==============================================================================
COUT UNIFIE [kEUR] sous incertitude du vieillissement (N=200)
strat        |     mean |      P95 |     ES90 |   regret
RB2          |   91.650 |  124.251 |  125.615 |    2.329
RB2(Recale)  |   90.709 |  124.052 |  125.485 |    1.388
RB2(Sched)   |   90.061 |  123.899 |  124.503 |    0.740
RB2(SoH)     |   89.345 |  122.409 |  123.573 |    0.024
------------------------------------------------------------------------------
CASCADE (apparie, negatif = gain) :
  re-calage RB2(Recale) - RB2          : -0.941 +/- 1.287 kEUR ; gagne 82%
  horloge   RB2(Sched) - RB2(Recale)   : -0.648 +/- 1.050 kEUR ; gagne 72%
  capteur   RB2(SoH) - RB2(Sched)      : -0.716 +/- 0.423 kEUR ; gagne 99%
  total     RB2(SoH) - RB2             : -2.305 +/- 0.483 kEUR ; gagne 100%
------------------------------------------------------------------------------
CAPTEUR vs SEVERITE : corr=0.242 ; gain moyen par tercile : doux 0.656  moyen 0.688  severe 0.804
==============================================================================
Resultats : /Work/Users/tlenoir/genial/Robustesse/Vieillissement9_4/runs/p1_value_info_248b9c6a69b3/results.txt
Cache brut: /Work/Users/tlenoir/genial/Robustesse/Vieillissement9_4/runs/p1_value_info_248b9c6a69b3/results_raw.tsv
Figure    : /Work/Users/tlenoir/genial/Robustesse/Vieillissement9_4/runs/p1_value_info_248b9c6a69b3/figure.pdf

real	17m6,224s
user	480m49,467s
sys	0m42,413s
fin=2026-07-11T17:27:45+02:00
