job=215090 host=node4-11 cpus=32 debut=2026-07-11T18:35:40+02:00
script=/Work/Users/tlenoir/genial/Robustesse/Vieillissement9_4/bench_maintenance.py args=--tvisit 6 --margin 2
numpy 1.21.5 scipy 1.9.1 sympy 1.10.1
AVERTISSEMENT : tests unitaires complets non stages ; soumettre ce job avec afterok sur l'invariance.
=== VALEUR DE LA RUL -- maintenance insulaire (fenetres + cout fixe) ===
    horizon=25 ans | N_MC=200 | Tvisite=6m | marge RUL=2 | prev=fc+ely | mult U_log[0.50, 2.00] | seed=2026
    empreinte=320fe89eb55d | sortie=/Work/Users/tlenoir/genial/Robustesse/Vieillissement9_4/runs/p3_maintenance_320fe89eb55d

--- Run nominal 'instant' (ages calendaires + test nul vs boucle de base)...
    TEST NUL instant==base : LPSP 0.000e+00 | deg 0.000e+00 kEUR | EENS 0.000e+00 kWh | trace=identique -> OK  (60s)
    vies nominales (1er remplacement) : bat=3.8904109589041096 fc=5.524543378995434 ely=None -> ages calendaires {'bat': 3.89, 'fc': 5.52, 'ely': None}

--- 803 runs a lancer (1 repris, 32 workers) ---
  [  1/803] corrective draw=-1  LPSP  3.8561%  uni0   88.763  nint  8  waste  0.000  outage 16335 h
  [  2/803] calendar   draw=-1  LPSP  2.9583%  uni0   82.033  nint 10  waste  0.039  outage     0 h
  [  3/803] rul        draw=-1  LPSP  2.9506%  uni0   81.943  nint  9  waste  0.500  outage     0 h
  [  4/803] instant    draw=0   LPSP  2.9508%  uni0  118.370  nint 15  waste  0.000  outage     0 h
  [  5/803] corrective draw=0   LPSP  3.2187%  uni0  118.841  nint 13  waste  0.000  outage  2320 h
  [  6/803] calendar   draw=0   LPSP  3.2252%  uni0  118.808  nint 14  waste  1.082  outage  2304 h
  [  7/803] rul        draw=0   LPSP  3.0778%  uni0  117.779  nint 12  waste  0.667  outage     0 h
  [  8/803] instant    draw=1   LPSP  3.0071%  uni0  101.450  nint 12  waste  0.000  outage     0 h
  [  9/803] corrective draw=1   LPSP  3.1307%  uni0  101.657  nint 10  waste  0.000  outage  1593 h
  [ 10/803] calendar   draw=1   LPSP  3.0819%  uni0  101.180  nint 12  waste  1.535  outage     0 h
  [ 11/803] rul        draw=1   LPSP  3.0615%  uni0  101.099  nint 12  waste  0.573  outage     0 h
  [ 12/803] instant    draw=2   LPSP  2.8268%  uni0   80.695  nint 10  waste  0.000  outage     0 h
  [ 13/803] corrective draw=2   LPSP  3.5967%  uni0   86.160  nint  8  waste  0.000  outage 12416 h
  [ 14/803] calendar   draw=2   LPSP  2.8884%  uni0   80.695  nint 10  waste  0.147  outage     0 h
  [ 15/803] rul        draw=2   LPSP  2.8891%  uni0   80.668  nint  9  waste  0.602  outage     0 h
  [ 16/803] instant    draw=3   LPSP  2.8117%  uni0   83.626  nint 10  waste  0.000  outage     0 h
  [ 17/803] corrective draw=3   LPSP  3.0445%  uni0   85.118  nint 10  waste  0.000  outage  5217 h
  [ 18/803] calendar   draw=3   LPSP  2.8316%  uni0   83.340  nint 11  waste  1.509  outage     0 h
  [ 19/803] rul        draw=3   LPSP  2.8466%  uni0   83.538  nint  7  waste  0.409  outage     0 h
  [ 20/803] instant    draw=4   LPSP  2.9639%  uni0   73.700  nint  8  waste  0.000  outage     0 h
  [ 21/803] corrective draw=4   LPSP  3.0982%  uni0   74.230  nint  7  waste  0.000  outage  4129 h
  [ 22/803] calendar   draw=4   LPSP  3.0365%  uni0   73.823  nint  8  waste  1.105  outage     0 h
  [ 23/803] rul        draw=4   LPSP  3.0384%  uni0   73.911  nint  7  waste  0.284  outage     0 h
  [ 24/803] instant    draw=5   LPSP  3.0071%  uni0   76.645  nint 11  waste  0.000  outage     0 h
  [ 25/803] corrective draw=5   LPSP  3.7170%  uni0   81.700  nint  9  waste  0.000  outage  9550 h
  [ 26/803] calendar   draw=5   LPSP  3.7170%  uni0   81.700  nint  9  waste  0.000  outage  9550 h
  [ 27/803] rul        draw=5   LPSP  3.0274%  uni0   76.493  nint 12  waste  1.407  outage     0 h
  [ 28/803] instant    draw=6   LPSP  2.8129%  uni0   94.143  nint 11  waste  0.000  outage     0 h
  [ 29/803] corrective draw=6   LPSP  3.0535%  uni0   95.570  nint 10  waste  0.000  outage  3515 h
  [ 30/803] calendar   draw=6   LPSP  2.8663%  uni0   93.956  nint 12  waste  1.513  outage     0 h
  [ 31/803] rul        draw=6   LPSP  2.8777%  uni0   94.121  nint 10  waste  0.428  outage     0 h
  [ 32/803] instant    draw=7   LPSP  2.9051%  uni0   93.655  nint 12  waste  0.000  outage     0 h
  [ 33/803] corrective draw=7   LPSP  3.3331%  uni0   95.697  nint 11  waste  0.000  outage  6690 h
  [ 34/803] calendar   draw=7   LPSP  3.0426%  uni0   93.525  nint 11  waste  0.276  outage     0 h
  [ 35/803] rul        draw=7   LPSP  3.0404%  uni0   93.494  nint 11  waste  0.717  outage     0 h
  [ 36/803] instant    draw=8   LPSP  2.8338%  uni0   78.843  nint  9  waste  0.000  outage     0 h
  [ 37/803] corrective draw=8   LPSP  3.0095%  uni0   79.910  nint  9  waste  0.000  outage  3545 h
  [ 38/803] calendar   draw=8   LPSP  2.8764%  uni0   78.822  nint 10  waste  1.036  outage     0 h
  [ 39/803] rul        draw=8   LPSP  2.8844%  uni0   78.944  nint  9  waste  0.579  outage     0 h
  [ 40/803] instant    draw=9   LPSP  3.0118%  uni0   76.361  nint 10  waste  0.000  outage     0 h
  [ 41/803] corrective draw=9   LPSP  3.4845%  uni0   79.479  nint 10  waste  0.000  outage  8885 h
  [ 42/803] calendar   draw=9   LPSP  3.4845%  uni0   79.479  nint 10  waste  0.000  outage  8885 h
  [ 43/803] rul        draw=9   LPSP  3.0312%  uni0   76.253  nint 12  waste  1.926  outage     0 h
  [ 44/803] instant    draw=10  LPSP  3.0111%  uni0   68.619  nint  9  waste  0.000  outage     0 h
  [ 45/803] corrective draw=10  LPSP  3.3595%  uni0   70.951  nint  8  waste  0.000  outage  7429 h
  [ 46/803] calendar   draw=10  LPSP  3.3595%  uni0   70.951  nint  8  waste  0.000  outage  7429 h
  [ 47/803] rul        draw=10  LPSP  3.0100%  uni0   68.435  nint 10  waste  1.697  outage     0 h
  [ 48/803] instant    draw=11  LPSP  2.8909%  uni0   63.855  nint  8  waste  0.000  outage     0 h
  [ 49/803] corrective draw=11  LPSP  3.4029%  uni0   67.367  nint  8  waste  0.000  outage 10815 h
  [ 50/803] calendar   draw=11  LPSP  3.4029%  uni0   67.367  nint  8  waste  0.000  outage 10815 h
  [ 51/803] rul        draw=11  LPSP  2.9036%  uni0   63.717  nint  7  waste  1.629  outage     0 h
  [ 52/803] instant    draw=12  LPSP  2.9562%  uni0  121.239  nint 15  waste  0.000  outage     0 h
  [ 53/803] corrective draw=12  LPSP  3.4954%  uni0  123.337  nint 11  waste  0.000  outage  7306 h
  [ 54/803] calendar   draw=12  LPSP  3.2133%  uni0  121.161  nint 14  waste  1.333  outage  3380 h
  [ 55/803] rul        draw=12  LPSP  3.0887%  uni0  120.321  nint 12  waste  0.695  outage     0 h
  [ 56/803] instant    draw=13  LPSP  2.9384%  uni0  118.213  nint 15  waste  0.000  outage     0 h
  [ 57/803] corrective draw=13  LPSP  3.5525%  uni0  120.877  nint 13  waste  0.000  outage 12232 h
  [ 58/803] calendar   draw=13  LPSP  3.5525%  uni0  120.877  nint 13  waste  0.000  outage 12232 h
  [ 59/803] rul        draw=13  LPSP  3.1015%  uni0  117.560  nint 13  waste  0.810  outage     0 h
  [ 60/803] instant    draw=14  LPSP  2.8801%  uni0  101.519  nint 14  waste  0.000  outage     0 h
  [ 61/803] corrective draw=14  LPSP  3.0743%  uni0  101.966  nint 11  waste  0.000  outage  2609 h
  [ 62/803] calendar   draw=14  LPSP  3.0743%  uni0  101.966  nint 11  waste  0.000  outage  2609 h
  [ 63/803] rul        draw=14  LPSP  2.9860%  uni0  101.257  nint 12  waste  0.924  outage     0 h
  [ 64/803] instant    draw=15  LPSP  3.0269%  uni0   76.008  nint 10  waste  0.000  outage     0 h
  [ 65/803] corrective draw=15  LPSP  3.3286%  uni0   77.275  nint  8  waste  0.000  outage 15979 h
  [ 66/803] calendar   draw=15  LPSP  3.3286%  uni0   77.275  nint  8  waste  0.000  outage 15979 h
  [ 67/803] rul        draw=15  LPSP  3.0384%  uni0   75.757  nint 10  waste  0.874  outage     0 h
  [ 68/803] instant    draw=16  LPSP  2.9329%  uni0   68.623  nint  8  waste  0.000  outage     0 h
  [ 69/803] corrective draw=16  LPSP  4.4221%  uni0   79.713  nint  4  waste  0.000  outage 15784 h
  [ 70/803] calendar   draw=16  LPSP  3.0062%  uni0   68.838  nint  8  waste  0.053  outage     0 h
  [ 71/803] rul        draw=16  LPSP  2.9998%  uni0   68.752  nint  8  waste  0.518  outage     0 h
  [ 72/803] instant    draw=17  LPSP  2.8423%  uni0   63.272  nint  9  waste  0.000  outage     0 h
  [ 73/803] corrective draw=17  LPSP  3.6064%  uni0   68.446  nint  8  waste  0.000  outage 19358 h
  [ 74/803] calendar   draw=17  LPSP  3.6064%  uni0   68.446  nint  8  waste  0.000  outage 19358 h
  [ 75/803] rul        draw=17  LPSP  2.8733%  uni0   63.309  nint  7  waste  1.228  outage     0 h
  [ 76/803] instant    draw=18  LPSP  3.0190%  uni0  103.581  nint 14  waste  0.000  outage     0 h
  [ 77/803] corrective draw=18  LPSP  3.3804%  uni0  105.604  nint 12  waste  0.000  outage  7379 h
  [ 78/803] calendar   draw=18  LPSP  3.3804%  uni0  105.604  nint 12  waste  0.000  outage  7379 h
  [ 79/803] rul        draw=18  LPSP  3.0529%  uni0  103.191  nint 12  waste  0.969  outage     0 h
  [ 80/803] instant    draw=19  LPSP  2.8883%  uni0   96.326  nint 14  waste  0.000  outage     0 h
  [ 81/803] corrective draw=19  LPSP  3.3645%  uni0   99.408  nint 13  waste  0.000  outage 12661 h
  [ 82/803] calendar   draw=19  LPSP  3.3645%  uni0   99.408  nint 13  waste  0.000  outage 12661 h
  [ 83/803] rul        draw=19  LPSP  2.9248%  uni0   95.855  nint 12  waste  2.083  outage     0 h
  [ 84/803] instant    draw=20  LPSP  2.8177%  uni0   59.640  nint  6  waste  0.000  outage     0 h
  [ 85/803] corrective draw=20  LPSP  3.1077%  uni0   61.824  nint  6  waste  0.000  outage  2774 h
  [ 86/803] calendar   draw=20  LPSP  2.8340%  uni0   59.550  nint  7  waste  0.733  outage     0 h
  [ 87/803] rul        draw=20  LPSP  2.8314%  uni0   59.572  nint  7  waste  0.432  outage     0 h
  [ 88/803] instant    draw=21  LPSP  2.9411%  uni0   68.349  nint  7  waste  0.000  outage     0 h
  [ 89/803] corrective draw=21  LPSP  3.3557%  uni0   70.825  nint  7  waste  0.000  outage  9754 h
  [ 90/803] calendar   draw=21  LPSP  3.0240%  uni0   68.487  nint  8  waste  1.162  outage     0 h
  [ 91/803] rul        draw=21  LPSP  3.0346%  uni0   68.642  nint  7  waste  0.339  outage     0 h
  [ 92/803] instant    draw=22  LPSP  3.0015%  uni0   90.985  nint 13  waste  0.000  outage     0 h
  [ 93/803] corrective draw=22  LPSP  3.6864%  uni0   94.551  nint 12  waste  0.000  outage 21881 h
  [ 94/803] calendar   draw=22  LPSP  3.6864%  uni0   94.551  nint 12  waste  0.000  outage 21881 h
  [ 95/803] rul        draw=22  LPSP  3.0508%  uni0   90.700  nint 14  waste  1.432  outage     0 h
  [ 96/803] instant    draw=23  LPSP  2.9140%  uni0   67.652  nint  9  waste  0.000  outage     0 h
  [ 97/803] corrective draw=23  LPSP  3.6799%  uni0   72.532  nint  7  waste  0.000  outage 17207 h
  [ 98/803] calendar   draw=23  LPSP  3.6799%  uni0   72.532  nint  7  waste  0.000  outage 17207 h
  [ 99/803] rul        draw=23  LPSP  2.9011%  uni0   67.435  nint 10  waste  1.315  outage     0 h
  [100/803] instant    draw=24  LPSP  2.9284%  uni0  123.366  nint 14  waste  0.000  outage     0 h
  [101/803] corrective draw=24  LPSP  3.3110%  uni0  124.068  nint 11  waste  0.000  outage  3211 h
  [102/803] calendar   draw=24  LPSP  3.3798%  uni0  124.501  nint 13  waste  1.913  outage  2744 h
  [103/803] rul        draw=24  LPSP  3.1053%  uni0  122.521  nint 13  waste  0.735  outage     0 h
  [104/803] instant    draw=25  LPSP  2.9960%  uni0   98.908  nint 11  waste  0.000  outage     0 h
  [105/803] corrective draw=25  LPSP  3.3299%  uni0  101.007  nint 11  waste  0.000  outage  5714 h
  [106/803] calendar   draw=25  LPSP  3.3172%  uni0  100.768  nint 13  waste  2.042  outage  4347 h
  [107/803] rul        draw=25  LPSP  3.0323%  uni0   98.756  nint 11  waste  0.427  outage     0 h
  [108/803] instant    draw=26  LPSP  2.8006%  uni0   90.381  nint 13  waste  0.000  outage     0 h
  [109/803] corrective draw=26  LPSP  3.4370%  uni0   94.235  nint 11  waste  0.000  outage 14298 h
  [110/803] calendar   draw=26  LPSP  3.4370%  uni0   94.235  nint 11  waste  0.000  outage 14298 h
  [111/803] rul        draw=26  LPSP  2.9002%  uni0   90.109  nint 13  waste  1.163  outage     0 h
  [112/803] instant    draw=27  LPSP  3.0060%  uni0   83.740  nint 10  waste  0.000  outage     0 h
  [113/803] corrective draw=27  LPSP  3.0942%  uni0   84.015  nint  9  waste  0.000  outage  4589 h
  [114/803] calendar   draw=27  LPSP  3.0339%  uni0   83.688  nint 10  waste  0.416  outage     0 h
  [115/803] rul        draw=27  LPSP  3.0339%  uni0   83.688  nint 10  waste  0.416  outage     0 h
  [116/803] instant    draw=28  LPSP  2.9941%  uni0   70.443  nint  9  waste  0.000  outage     0 h
  [117/803] corrective draw=28  LPSP  3.1272%  uni0   71.258  nint  8  waste  0.000  outage  2109 h
  [118/803] calendar   draw=28  LPSP  3.1272%  uni0   71.258  nint  8  waste  0.000  outage  2109 h
  [119/803] rul        draw=28  LPSP  3.0168%  uni0   70.382  nint  9  waste  1.117  outage     0 h
  [120/803] instant    draw=29  LPSP  2.9628%  uni0  120.527  nint 17  waste  0.000  outage     0 h
  [121/803] corrective draw=29  LPSP  3.6062%  uni0  124.037  nint 16  waste  0.000  outage 11000 h
  [122/803] calendar   draw=29  LPSP  3.6062%  uni0  124.037  nint 16  waste  0.000  outage 11000 h
  [123/803] rul        draw=29  LPSP  3.0213%  uni0  119.742  nint 17  waste  2.511  outage     0 h
  [124/803] instant    draw=30  LPSP  2.8281%  uni0   65.657  nint  7  waste  0.000  outage     0 h
  [125/803] corrective draw=30  LPSP  2.9742%  uni0   66.622  nint  7  waste  0.000  outage  4773 h
  [126/803] calendar   draw=30  LPSP  2.8319%  uni0   65.460  nint  4  waste  1.558  outage     0 h
  [127/803] rul        draw=30  LPSP  2.8394%  uni0   65.614  nint  7  waste  0.238  outage     0 h
  [128/803] instant    draw=31  LPSP  2.9932%  uni0   87.175  nint 11  waste  0.000  outage     0 h
  [129/803] corrective draw=31  LPSP  3.8373%  uni0   92.631  nint  9  waste  0.000  outage 18543 h
  [130/803] calendar   draw=31  LPSP  3.8373%  uni0   92.631  nint  9  waste  0.000  outage 18543 h
  [131/803] rul        draw=31  LPSP  3.0750%  uni0   87.210  nint  6  waste  1.024  outage     0 h
  [132/803] instant    draw=32  LPSP  2.8955%  uni0   64.808  nint  8  waste  0.000  outage     0 h
  [133/803] corrective draw=32  LPSP  3.7165%  uni0   70.128  nint  7  waste  0.000  outage 16518 h
  [134/803] calendar   draw=32  LPSP  2.9873%  uni0   65.249  nint  8  waste  0.053  outage   797 h
  [135/803] rul        draw=32  LPSP  2.9661%  uni0   65.083  nint  8  waste  0.743  outage     0 h
  [136/803] instant    draw=33  LPSP  2.8528%  uni0   91.860  nint 12  waste  0.000  outage     0 h
  [137/803] corrective draw=33  LPSP  3.4568%  uni0   95.350  nint 10  waste  0.000  outage  6734 h
  [138/803] calendar   draw=33  LPSP  2.9806%  uni0   91.547  nint 11  waste  0.607  outage     0 h
  [139/803] rul        draw=33  LPSP  2.9806%  uni0   91.547  nint 11  waste  0.607  outage     0 h
  [140/803] instant    draw=34  LPSP  2.9172%  uni0   64.821  nint  8  waste  0.000  outage     0 h
  [141/803] corrective draw=34  LPSP  3.2144%  uni0   66.816  nint  7  waste  0.000  outage  7606 h
  [142/803] calendar   draw=34  LPSP  3.2144%  uni0   66.816  nint  7  waste  0.000  outage  7606 h
  [143/803] rul        draw=34  LPSP  2.9140%  uni0   64.682  nint  9  waste  1.276  outage     0 h
  [144/803] instant    draw=35  LPSP  2.9493%  uni0   69.306  nint  7  waste  0.000  outage     0 h
  [145/803] corrective draw=35  LPSP  3.3057%  uni0   71.688  nint  6  waste  0.000  outage  7322 h
  [146/803] calendar   draw=35  LPSP  3.1353%  uni0   70.353  nint  8  waste  2.370  outage  4313 h
  [147/803] rul        draw=35  LPSP  2.9487%  uni0   69.204  nint  6  waste  0.499  outage     0 h
  [148/803] instant    draw=36  LPSP  2.9636%  uni0  129.414  nint 17  waste  0.000  outage     0 h
  [149/803] corrective draw=36  LPSP  3.6449%  uni0  131.980  nint 13  waste  0.000  outage  6445 h
  [150/803] calendar   draw=36  LPSP  3.2548%  uni0  128.809  nint 14  waste  0.696  outage  4125 h
  [151/803] rul        draw=36  LPSP  3.1672%  uni0  127.834  nint 14  waste  0.913  outage     0 h
  [152/803] instant    draw=37  LPSP  2.9976%  uni0   69.133  nint  8  waste  0.000  outage     0 h
  [153/803] corrective draw=37  LPSP  3.5470%  uni0   73.081  nint  8  waste  0.000  outage  7578 h
  [154/803] calendar   draw=37  LPSP  3.5470%  uni0   73.081  nint  8  waste  0.000  outage  7578 h
  [155/803] rul        draw=37  LPSP  3.0148%  uni0   69.023  nint  8  waste  0.970  outage     0 h
  [156/803] instant    draw=38  LPSP  2.9699%  uni0  134.727  nint 19  waste  0.000  outage     0 h
  [157/803] corrective draw=38  LPSP  3.8623%  uni0  140.328  nint 17  waste  0.000  outage 21804 h
  [158/803] calendar   draw=38  LPSP  3.8623%  uni0  140.328  nint 17  waste  0.000  outage 21804 h
  [159/803] rul        draw=38  LPSP  2.9763%  uni0  134.285  nint 19  waste  1.592  outage     0 h
  [160/803] instant    draw=39  LPSP  2.8559%  uni0   76.268  nint 10  waste  0.000  outage     0 h
  [161/803] corrective draw=39  LPSP  3.3879%  uni0   80.344  nint  5  waste  0.000  outage  5103 h
  [162/803] calendar   draw=39  LPSP  3.3879%  uni0   80.344  nint  5  waste  0.000  outage  5103 h
  [163/803] rul        draw=39  LPSP  2.8575%  uni0   76.079  nint 11  waste  1.549  outage     0 h
  [164/803] instant    draw=40  LPSP  2.9574%  uni0  104.771  nint 13  waste  0.000  outage     0 h
  [165/803] corrective draw=40  LPSP  4.4286%  uni0  115.416  nint  9  waste  0.000  outage 16534 h
  [166/803] calendar   draw=40  LPSP  3.0756%  uni0  105.091  nint 13  waste  0.081  outage  1766 h
  [167/803] rul        draw=40  LPSP  3.0036%  uni0  104.568  nint 11  waste  0.947  outage     0 h
  [168/803] instant    draw=41  LPSP  2.9300%  uni0   86.864  nint 13  waste  0.000  outage     0 h
  [169/803] corrective draw=41  LPSP  3.7027%  uni0   91.771  nint 13  waste  0.000  outage 15495 h
  [170/803] calendar   draw=41  LPSP  3.7027%  uni0   91.771  nint 13  waste  0.000  outage 15495 h
  [171/803] rul        draw=41  LPSP  2.9431%  uni0   86.567  nint 13  waste  3.040  outage     0 h
  [172/803] instant    draw=42  LPSP  3.0312%  uni0  102.786  nint 13  waste  0.000  outage     0 h
  [173/803] corrective draw=42  LPSP  4.3703%  uni0  112.611  nint  8  waste  0.000  outage 14606 h
  [174/803] calendar   draw=42  LPSP  3.2674%  uni0  104.083  nint 12  waste  0.090  outage  2195 h
  [175/803] rul        draw=42  LPSP  3.0605%  uni0  102.477  nint 12  waste  0.858  outage     0 h
  [176/803] instant    draw=43  LPSP  2.9475%  uni0   76.195  nint  9  waste  0.000  outage     0 h
  [177/803] corrective draw=43  LPSP  3.4068%  uni0   78.953  nint  8  waste  0.000  outage 12907 h
  [178/803] calendar   draw=43  LPSP  3.0792%  uni0   76.382  nint  8  waste  0.435  outage     0 h
  [179/803] rul        draw=43  LPSP  3.0792%  uni0   76.382  nint  8  waste  0.435  outage     0 h
  [180/803] instant    draw=44  LPSP  2.9479%  uni0  114.846  nint 14  waste  0.000  outage     0 h
  [181/803] corrective draw=44  LPSP  3.4906%  uni0  117.972  nint 13  waste  0.000  outage  8892 h
  [182/803] calendar   draw=44  LPSP  3.1293%  uni0  115.196  nint 14  waste  1.173  outage  3543 h
  [183/803] rul        draw=44  LPSP  3.0026%  uni0  114.390  nint 13  waste  0.605  outage     0 h
  [184/803] instant    draw=45  LPSP  2.9621%  uni0  111.197  nint 14  waste  0.000  outage     0 h
  [185/803] corrective draw=45  LPSP  3.5471%  uni0  115.142  nint 13  waste  0.000  outage 13767 h
  [186/803] calendar   draw=45  LPSP  3.0589%  uni0  111.479  nint 14  waste  0.897  outage  4207 h
  [187/803] rul        draw=45  LPSP  2.9689%  uni0  110.993  nint 14  waste  0.682  outage     0 h
  [188/803] instant    draw=46  LPSP  2.9148%  uni0  113.758  nint 15  waste  0.000  outage     0 h
  [189/803] corrective draw=46  LPSP  3.1379%  uni0  114.200  nint 13  waste  0.000  outage  3832 h
  [190/803] calendar   draw=46  LPSP  3.0233%  uni0  113.315  nint 13  waste  0.343  outage     0 h
  [191/803] rul        draw=46  LPSP  3.0237%  uni0  113.297  nint  9  waste  0.772  outage     0 h
  [192/803] instant    draw=47  LPSP  2.9660%  uni0   82.333  nint 13  waste  0.000  outage     0 h
  [193/803] corrective draw=47  LPSP  3.3726%  uni0   85.017  nint 12  waste  0.000  outage  9538 h
  [194/803] calendar   draw=47  LPSP  3.3726%  uni0   85.017  nint 12  waste  0.000  outage  9538 h
  [195/803] rul        draw=47  LPSP  2.9683%  uni0   82.159  nint 15  waste  2.519  outage     0 h
  [196/803] instant    draw=48  LPSP  2.9445%  uni0   73.888  nint 11  waste  0.000  outage     0 h
  [197/803] corrective draw=48  LPSP  3.7889%  uni0   79.150  nint 10  waste  0.000  outage 18563 h
  [198/803] calendar   draw=48  LPSP  3.7889%  uni0   79.150  nint 10  waste  0.000  outage 18563 h
  [199/803] rul        draw=48  LPSP  2.9249%  uni0   73.499  nint 12  waste  2.764  outage     0 h
  [200/803] instant    draw=49  LPSP  2.8097%  uni0  101.044  nint 14  waste  0.000  outage     0 h
  [201/803] corrective draw=49  LPSP  3.1980%  uni0  102.735  nint 11  waste  0.000  outage  5709 h
  [202/803] calendar   draw=49  LPSP  3.1980%  uni0  102.735  nint 11  waste  0.000  outage  5709 h
  [203/803] rul        draw=49  LPSP  2.9312%  uni0  100.527  nint 12  waste  1.380  outage     0 h
  [204/803] instant    draw=50  LPSP  3.0079%  uni0   70.955  nint  7  waste  0.000  outage     0 h
  [205/803] corrective draw=50  LPSP  3.1194%  uni0   71.670  nint  6  waste  0.000  outage  1076 h
  [206/803] calendar   draw=50  LPSP  3.0316%  uni0   70.816  nint  4  waste  2.088  outage     0 h
  [207/803] rul        draw=50  LPSP  3.0350%  uni0   70.987  nint  7  waste  0.313  outage     0 h
  [208/803] instant    draw=51  LPSP  2.9622%  uni0  107.107  nint 14  waste  0.000  outage     0 h
  [209/803] corrective draw=51  LPSP  4.3333%  uni0  116.176  nint 10  waste  0.000  outage 17960 h
  [210/803] calendar   draw=51  LPSP  3.1091%  uni0  106.923  nint 13  waste  0.124  outage   726 h
  [211/803] rul        draw=51  LPSP  3.0924%  uni0  106.782  nint 11  waste  0.781  outage     0 h
  [212/803] instant    draw=52  LPSP  2.8089%  uni0   75.848  nint 12  waste  0.000  outage     0 h
  [213/803] corrective draw=52  LPSP  3.8621%  uni0   82.610  nint 11  waste  0.000  outage 21898 h
  [214/803] calendar   draw=52  LPSP  3.8621%  uni0   82.610  nint 11  waste  0.000  outage 21898 h
  [215/803] rul        draw=52  LPSP  2.9108%  uni0   75.771  nint  9  waste  2.340  outage     0 h
  [216/803] instant    draw=53  LPSP  2.9432%  uni0   78.104  nint  9  waste  0.000  outage     0 h
  [217/803] corrective draw=53  LPSP  3.8165%  uni0   83.882  nint  7  waste  0.000  outage 14234 h
  [218/803] calendar   draw=53  LPSP  3.1165%  uni0   78.827  nint  9  waste  1.165  outage  1425 h
  [219/803] rul        draw=53  LPSP  2.9954%  uni0   77.904  nint  8  waste  0.821  outage     0 h
  [220/803] instant    draw=54  LPSP  2.7900%  uni0   71.792  nint  7  waste  0.000  outage     0 h
  [221/803] corrective draw=54  LPSP  2.9451%  uni0   72.729  nint  7  waste  0.000  outage  7196 h
  [222/803] calendar   draw=54  LPSP  2.7880%  uni0   71.450  nint  9  waste  1.984  outage     0 h
  [223/803] rul        draw=54  LPSP  2.8113%  uni0   71.779  nint  7  waste  0.172  outage     0 h
  [224/803] instant    draw=55  LPSP  2.9656%  uni0   79.514  nint 11  waste  0.000  outage     0 h
  [225/803] corrective draw=55  LPSP  3.7020%  uni0   84.287  nint 10  waste  0.000  outage  9516 h
  [226/803] calendar   draw=55  LPSP  3.7020%  uni0   84.287  nint 10  waste  0.000  outage  9516 h
  [227/803] rul        draw=55  LPSP  3.0389%  uni0   79.377  nint 12  waste  1.844  outage     0 h
  [228/803] instant    draw=56  LPSP  2.9469%  uni0   95.241  nint 13  waste  0.000  outage     0 h
  [229/803] corrective draw=56  LPSP  3.4696%  uni0   98.135  nint 12  waste  0.000  outage 13180 h
  [230/803] calendar   draw=56  LPSP  3.4696%  uni0   98.135  nint 12  waste  0.000  outage 13180 h
  [231/803] rul        draw=56  LPSP  2.9893%  uni0   94.915  nint 14  waste  1.397  outage     0 h
  [232/803] instant    draw=57  LPSP  2.7889%  uni0   88.813  nint 12  waste  0.000  outage     0 h
  [233/803] corrective draw=57  LPSP  3.0147%  uni0   89.668  nint 11  waste  0.000  outage  2509 h
  [234/803] calendar   draw=57  LPSP  2.8982%  uni0   88.714  nint 11  waste  0.379  outage     0 h
  [235/803] rul        draw=57  LPSP  2.8982%  uni0   88.714  nint 11  waste  0.379  outage     0 h
  [236/803] instant    draw=58  LPSP  2.9495%  uni0  119.133  nint 15  waste  0.000  outage     0 h
  [237/803] corrective draw=58  LPSP  3.4263%  uni0  121.150  nint 12  waste  0.000  outage  4880 h
  [238/803] calendar   draw=58  LPSP  3.2980%  uni0  119.907  nint 14  waste  1.786  outage  3869 h
  [239/803] rul        draw=58  LPSP  3.0731%  uni0  118.340  nint 10  waste  0.674  outage     0 h
  [240/803] instant    draw=59  LPSP  2.8068%  uni0   82.232  nint 11  waste  0.000  outage     0 h
  [241/803] corrective draw=59  LPSP  3.1696%  uni0   84.505  nint  9  waste  0.000  outage 10670 h
  [242/803] calendar   draw=59  LPSP  2.9018%  uni0   82.103  nint 10  waste  0.517  outage     0 h
  [243/803] rul        draw=59  LPSP  2.9018%  uni0   82.103  nint 10  waste  0.517  outage     0 h
  [244/803] instant    draw=60  LPSP  2.8457%  uni0   68.969  nint  8  waste  0.000  outage     0 h
  [245/803] corrective draw=60  LPSP  3.2234%  uni0   71.547  nint  7  waste  0.000  outage 10572 h
  [246/803] calendar   draw=60  LPSP  2.8624%  uni0   68.874  nint  8  waste  0.822  outage     0 h
  [247/803] rul        draw=60  LPSP  2.8687%  uni0   68.948  nint  8  waste  0.459  outage     0 h
  [248/803] instant    draw=61  LPSP  2.7929%  uni0  115.717  nint 16  waste  0.000  outage     0 h
  [249/803] corrective draw=61  LPSP  3.2766%  uni0  117.392  nint  9  waste  0.000  outage  3427 h
  [250/803] calendar   draw=61  LPSP  3.2766%  uni0  117.392  nint  9  waste  0.000  outage  3427 h
  [251/803] rul        draw=61  LPSP  2.9597%  uni0  114.767  nint 14  waste  1.392  outage     0 h
  [252/803] instant    draw=62  LPSP  2.9008%  uni0   95.635  nint 12  waste  0.000  outage     0 h
  [253/803] corrective draw=62  LPSP  3.2735%  uni0   98.279  nint 12  waste  0.000  outage  6238 h
  [254/803] calendar   draw=62  LPSP  3.2735%  uni0   98.279  nint 12  waste  0.000  outage  6238 h
  [255/803] rul        draw=62  LPSP  2.9112%  uni0   95.443  nint 11  waste  0.955  outage     0 h
  [256/803] instant    draw=63  LPSP  2.9642%  uni0   70.668  nint  9  waste  0.000  outage     0 h
  [257/803] corrective draw=63  LPSP  4.0836%  uni0   78.843  nint  5  waste  0.000  outage 12115 h
  [258/803] calendar   draw=63  LPSP  3.1832%  uni0   72.022  nint  9  waste  0.156  outage  2189 h
  [259/803] rul        draw=63  LPSP  2.9987%  uni0   70.609  nint  9  waste  0.949  outage     0 h
  [260/803] instant    draw=64  LPSP  3.0286%  uni0   77.854  nint 11  waste  0.000  outage     0 h
  [261/803] corrective draw=64  LPSP  3.9193%  uni0   83.665  nint  9  waste  0.000  outage 20045 h
  [262/803] calendar   draw=64  LPSP  3.9193%  uni0   83.665  nint  9  waste  0.000  outage 20045 h
  [263/803] rul        draw=64  LPSP  3.0332%  uni0   77.595  nint 12  waste  1.978  outage     0 h
  [264/803] instant    draw=65  LPSP  2.9678%  uni0   90.902  nint 12  waste  0.000  outage     0 h
  [265/803] corrective draw=65  LPSP  3.5295%  uni0   94.105  nint 11  waste  0.000  outage 14514 h
  [266/803] calendar   draw=65  LPSP  3.1043%  uni0   91.176  nint 10  waste  0.100  outage   476 h
  [267/803] rul        draw=65  LPSP  3.0484%  uni0   90.725  nint 10  waste  1.002  outage     0 h
  [268/803] instant    draw=66  LPSP  2.9790%  uni0   63.353  nint  9  waste  0.000  outage     0 h
  [269/803] corrective draw=66  LPSP  3.2431%  uni0   64.984  nint  8  waste  0.000  outage  5805 h
  [270/803] calendar   draw=66  LPSP  3.2431%  uni0   64.984  nint  8  waste  0.000  outage  5805 h
  [271/803] rul        draw=66  LPSP  3.0102%  uni0   63.334  nint  7  waste  1.186  outage     0 h
  [272/803] instant    draw=67  LPSP  2.8567%  uni0  106.084  nint 14  waste  0.000  outage     0 h
  [273/803] corrective draw=67  LPSP  3.2493%  uni0  108.724  nint 13  waste  0.000  outage 11127 h
  [274/803] calendar   draw=67  LPSP  3.2493%  uni0  108.724  nint 13  waste  0.000  outage 11127 h
  [275/803] rul        draw=67  LPSP  2.8877%  uni0  105.987  nint 13  waste  0.840  outage     0 h
  [276/803] instant    draw=68  LPSP  2.8759%  uni0   65.229  nint  9  waste  0.000  outage     0 h
  [277/803] corrective draw=68  LPSP  3.2328%  uni0   67.583  nint  7  waste  0.000  outage  7364 h
  [278/803] calendar   draw=68  LPSP  3.2328%  uni0   67.583  nint  7  waste  0.000  outage  7364 h
  [279/803] rul        draw=68  LPSP  2.9247%  uni0   65.215  nint  9  waste  1.365  outage     0 h
  [280/803] instant    draw=69  LPSP  2.9516%  uni0   70.546  nint 10  waste  0.000  outage     0 h
  [281/803] corrective draw=69  LPSP  3.4297%  uni0   73.591  nint  9  waste  0.000  outage 10652 h
  [282/803] calendar   draw=69  LPSP  3.4297%  uni0   73.591  nint  9  waste  0.000  outage 10652 h
  [283/803] rul        draw=69  LPSP  2.9488%  uni0   70.360  nint 12  waste  2.542  outage     0 h
  [284/803] instant    draw=70  LPSP  2.9680%  uni0   92.867  nint 13  waste  0.000  outage     0 h
  [285/803] corrective draw=70  LPSP  3.4554%  uni0   95.919  nint 13  waste  0.000  outage 12547 h
  [286/803] calendar   draw=70  LPSP  3.4554%  uni0   95.919  nint 13  waste  0.000  outage 12547 h
  [287/803] rul        draw=70  LPSP  2.9629%  uni0   92.547  nint  8  waste  1.907  outage     0 h
  [288/803] instant    draw=71  LPSP  2.9394%  uni0   75.002  nint  8  waste  0.000  outage     0 h
  [289/803] corrective draw=71  LPSP  3.2873%  uni0   77.212  nint  8  waste  0.000  outage  7448 h
  [290/803] calendar   draw=71  LPSP  3.0230%  uni0   75.277  nint  5  waste  1.478  outage  1209 h
  [291/803] rul        draw=71  LPSP  2.9661%  uni0   74.915  nint  8  waste  0.842  outage     0 h
  [292/803] instant    draw=72  LPSP  2.9754%  uni0   79.222  nint  9  waste  0.000  outage     0 h
  [293/803] corrective draw=72  LPSP  3.2976%  uni0   81.493  nint  9  waste  0.000  outage  5572 h
  [294/803] calendar   draw=72  LPSP  3.1528%  uni0   80.310  nint 10  waste  1.582  outage  2977 h
  [295/803] rul        draw=72  LPSP  2.9664%  uni0   79.020  nint  8  waste  0.514  outage     0 h
  [296/803] instant    draw=73  LPSP  2.9164%  uni0   87.067  nint 10  waste  0.000  outage     0 h
  [297/803] corrective draw=73  LPSP  3.7397%  uni0   93.228  nint  7  waste  0.000  outage  9924 h
  [298/803] calendar   draw=73  LPSP  2.9374%  uni0   86.894  nint 11  waste  0.885  outage     0 h
  [299/803] rul        draw=73  LPSP  2.9434%  uni0   86.991  nint 11  waste  0.518  outage     0 h
  [300/803] instant    draw=74  LPSP  2.9648%  uni0   76.089  nint 10  waste  0.000  outage     0 h
  [301/803] corrective draw=74  LPSP  4.5495%  uni0   87.626  nint  4  waste  0.000  outage 17755 h
  [302/803] calendar   draw=74  LPSP  4.5495%  uni0   87.626  nint  4  waste  0.000  outage 17755 h
  [303/803] rul        draw=74  LPSP  3.0386%  uni0   76.194  nint  9  waste  0.986  outage     0 h
  [304/803] instant    draw=75  LPSP  2.9968%  uni0  118.706  nint 18  waste  0.000  outage     0 h
  [305/803] corrective draw=75  LPSP  3.5452%  uni0  121.721  nint 15  waste  0.000  outage  8560 h
  [306/803] calendar   draw=75  LPSP  3.5452%  uni0  121.721  nint 15  waste  0.000  outage  8560 h
  [307/803] rul        draw=75  LPSP  3.0598%  uni0  118.080  nint 16  waste  1.670  outage     0 h
  [308/803] instant    draw=76  LPSP  2.8088%  uni0   94.934  nint 12  waste  0.000  outage     0 h
  [309/803] corrective draw=76  LPSP  3.1608%  uni0   97.270  nint 12  waste  0.000  outage  4818 h
  [310/803] calendar   draw=76  LPSP  3.1608%  uni0   97.270  nint 12  waste  0.000  outage  4818 h
  [311/803] rul        draw=76  LPSP  2.8511%  uni0   94.745  nint 11  waste  1.019  outage     0 h
  [312/803] instant    draw=77  LPSP  2.9969%  uni0   90.367  nint 13  waste  0.000  outage     0 h
  [313/803] corrective draw=77  LPSP  3.7906%  uni0   94.964  nint 11  waste  0.000  outage 20552 h
  [314/803] calendar   draw=77  LPSP  3.7906%  uni0   94.964  nint 11  waste  0.000  outage 20552 h
  [315/803] rul        draw=77  LPSP  3.0242%  uni0   89.927  nint 13  waste  1.498  outage     0 h
  [316/803] instant    draw=78  LPSP  2.8044%  uni0   73.790  nint  8  waste  0.000  outage     0 h
  [317/803] corrective draw=78  LPSP  3.1371%  uni0   76.070  nint  8  waste  0.000  outage  9228 h
  [318/803] calendar   draw=78  LPSP  2.8279%  uni0   73.728  nint  9  waste  0.863  outage     0 h
  [319/803] rul        draw=78  LPSP  2.8363%  uni0   73.827  nint  8  waste  0.497  outage     0 h
  [320/803] instant    draw=79  LPSP  2.9177%  uni0   86.304  nint 13  waste  0.000  outage     0 h
  [321/803] corrective draw=79  LPSP  3.2246%  uni0   88.166  nint 13  waste  0.000  outage  5532 h
  [322/803] calendar   draw=79  LPSP  3.2246%  uni0   88.166  nint 13  waste  0.000  outage  5532 h
  [323/803] rul        draw=79  LPSP  2.9656%  uni0   86.100  nint 14  waste  2.492  outage     0 h
  [324/803] instant    draw=80  LPSP  2.9477%  uni0  125.130  nint 17  waste  0.000  outage     0 h
  [325/803] corrective draw=80  LPSP  5.0268%  uni0  138.502  nint  9  waste  0.000  outage 18065 h
  [326/803] calendar   draw=80  LPSP  5.0268%  uni0  138.502  nint  9  waste  0.000  outage 18065 h
  [327/803] rul        draw=80  LPSP  3.1752%  uni0  123.758  nint 14  waste  1.028  outage     0 h
  [328/803] instant    draw=81  LPSP  2.9995%  uni0   92.856  nint 13  waste  0.000  outage     0 h
  [329/803] corrective draw=81  LPSP  3.7350%  uni0   97.259  nint 13  waste  0.000  outage 22442 h
  [330/803] calendar   draw=81  LPSP  3.7350%  uni0   97.259  nint 13  waste  0.000  outage 22442 h
  [331/803] rul        draw=81  LPSP  3.0161%  uni0   92.652  nint 14  waste  1.637  outage     0 h
  [332/803] instant    draw=82  LPSP  3.0113%  uni0   97.030  nint 13  waste  0.000  outage     0 h
  [333/803] corrective draw=82  LPSP  3.7673%  uni0  101.383  nint 10  waste  0.000  outage 12095 h
  [334/803] calendar   draw=82  LPSP  3.2908%  uni0   97.874  nint 12  waste  0.579  outage  2025 h
  [335/803] rul        draw=82  LPSP  3.1198%  uni0   96.586  nint 12  waste  0.886  outage     0 h
  [336/803] instant    draw=83  LPSP  2.8063%  uni0  107.069  nint 13  waste  0.000  outage     0 h
  [337/803] corrective draw=83  LPSP  3.3946%  uni0  110.761  nint 12  waste  0.000  outage 12780 h
  [338/803] calendar   draw=83  LPSP  2.8704%  uni0  106.582  nint 13  waste  0.768  outage     0 h
  [339/803] rul        draw=83  LPSP  2.8778%  uni0  106.672  nint 13  waste  0.396  outage     0 h
  [340/803] instant    draw=84  LPSP  2.8344%  uni0   61.205  nint  7  waste  0.000  outage     0 h
  [341/803] corrective draw=84  LPSP  2.9944%  uni0   62.131  nint  6  waste  0.000  outage  7720 h
  [342/803] calendar   draw=84  LPSP  2.8435%  uni0   61.125  nint  7  waste  0.906  outage     0 h
  [343/803] rul        draw=84  LPSP  2.8468%  uni0   61.180  nint  7  waste  0.543  outage     0 h
  [344/803] instant    draw=85  LPSP  2.9405%  uni0  100.256  nint 12  waste  0.000  outage     0 h
  [345/803] corrective draw=85  LPSP  3.6107%  uni0  104.527  nint 10  waste  0.000  outage 11621 h
  [346/803] calendar   draw=85  LPSP  3.0302%  uni0  100.014  nint 12  waste  1.362  outage     0 h
  [347/803] rul        draw=85  LPSP  3.0379%  uni0  100.140  nint 10  waste  0.291  outage     0 h
  [348/803] instant    draw=86  LPSP  2.8239%  uni0   87.306  nint 12  waste  0.000  outage     0 h
  [349/803] corrective draw=86  LPSP  3.2352%  uni0   90.080  nint 12  waste  0.000  outage  7120 h
  [350/803] calendar   draw=86  LPSP  3.2352%  uni0   90.080  nint 12  waste  0.000  outage  7120 h
  [351/803] rul        draw=86  LPSP  2.8613%  uni0   87.135  nint  7  waste  1.695  outage     0 h
  [352/803] instant    draw=87  LPSP  2.9442%  uni0   93.507  nint 12  waste  0.000  outage     0 h
  [353/803] corrective draw=87  LPSP  3.4508%  uni0   96.744  nint 11  waste  0.000  outage  7669 h
  [354/803] calendar   draw=87  LPSP  3.1161%  uni0   94.146  nint 12  waste  0.701  outage  2787 h
  [355/803] rul        draw=87  LPSP  2.9583%  uni0   92.987  nint 12  waste  1.006  outage     0 h
  [356/803] instant    draw=88  LPSP  2.9770%  uni0  111.058  nint 14  waste  0.000  outage     0 h
  [357/803] corrective draw=88  LPSP  3.4199%  uni0  113.932  nint 13  waste  0.000  outage 11040 h
  [358/803] calendar   draw=88  LPSP  3.0480%  uni0  111.163  nint 14  waste  0.896  outage  1764 h
  [359/803] rul        draw=88  LPSP  2.9717%  uni0  110.696  nint 13  waste  0.847  outage     0 h
  [360/803] instant    draw=89  LPSP  2.9296%  uni0   80.551  nint 11  waste  0.000  outage     0 h
  [361/803] corrective draw=89  LPSP  3.4472%  uni0   83.923  nint  5  waste  0.000  outage  5975 h
  [362/803] calendar   draw=89  LPSP  3.4472%  uni0   83.923  nint  5  waste  0.000  outage  5975 h
  [363/803] rul        draw=89  LPSP  2.9855%  uni0   80.429  nint 10  waste  1.666  outage     0 h
  [364/803] instant    draw=90  LPSP  2.9280%  uni0  103.918  nint 14  waste  0.000  outage     0 h
  [365/803] corrective draw=90  LPSP  3.7338%  uni0  108.964  nint 12  waste  0.000  outage 18766 h
  [366/803] calendar   draw=90  LPSP  3.7338%  uni0  108.964  nint 12  waste  0.000  outage 18766 h
  [367/803] rul        draw=90  LPSP  2.9647%  uni0  103.745  nint 13  waste  1.431  outage     0 h
  [368/803] instant    draw=91  LPSP  2.7895%  uni0   58.848  nint  7  waste  0.000  outage     0 h
  [369/803] corrective draw=91  LPSP  3.3362%  uni0   62.683  nint  7  waste  0.000  outage 10820 h
  [370/803] calendar   draw=91  LPSP  3.3362%  uni0   62.683  nint  7  waste  0.000  outage 10820 h
  [371/803] rul        draw=91  LPSP  2.8308%  uni0   58.877  nint  7  waste  0.871  outage     0 h
  [372/803] instant    draw=92  LPSP  2.8379%  uni0  105.211  nint 15  waste  0.000  outage     0 h
  [373/803] corrective draw=92  LPSP  2.9823%  uni0  106.246  nint 13  waste  0.000  outage  2485 h
  [374/803] calendar   draw=92  LPSP  2.9823%  uni0  106.246  nint 13  waste  0.000  outage  2485 h
  [375/803] rul        draw=92  LPSP  2.8287%  uni0  104.970  nint 14  waste  1.021  outage     0 h
  [376/803] instant    draw=93  LPSP  2.9575%  uni0  125.014  nint 18  waste  0.000  outage     0 h
  [377/803] corrective draw=93  LPSP  4.0263%  uni0  130.544  nint 14  waste  0.000  outage 19894 h
  [378/803] calendar   draw=93  LPSP  4.0263%  uni0  130.544  nint 14  waste  0.000  outage 19894 h
  [379/803] rul        draw=93  LPSP  3.0642%  uni0  123.801  nint 16  waste  1.657  outage     0 h
  [380/803] instant    draw=94  LPSP  2.8871%  uni0  126.294  nint 18  waste  0.000  outage     0 h
  [381/803] corrective draw=94  LPSP  3.7379%  uni0  132.696  nint 12  waste  0.000  outage 11576 h
  [382/803] calendar   draw=94  LPSP  3.7379%  uni0  132.696  nint 12  waste  0.000  outage 11576 h
  [383/803] rul        draw=94  LPSP  2.8992%  uni0  125.918  nint 16  waste  2.162  outage     0 h
  [384/803] instant    draw=95  LPSP  2.9490%  uni0  114.247  nint 15  waste  0.000  outage     0 h
  [385/803] corrective draw=95  LPSP  3.5069%  uni0  116.775  nint 12  waste  0.000  outage 12639 h
  [386/803] calendar   draw=95  LPSP  3.5069%  uni0  116.775  nint 12  waste  0.000  outage 12639 h
  [387/803] rul        draw=95  LPSP  3.0924%  uni0  113.649  nint 13  waste  1.498  outage     0 h
  [388/803] instant    draw=96  LPSP  2.8602%  uni0   61.553  nint  8  waste  0.000  outage     0 h
  [389/803] corrective draw=96  LPSP  3.2235%  uni0   63.984  nint  7  waste  0.000  outage 11085 h
  [390/803] calendar   draw=96  LPSP  3.2235%  uni0   63.984  nint  7  waste  0.000  outage 11085 h
  [391/803] rul        draw=96  LPSP  2.8544%  uni0   61.350  nint  9  waste  1.241  outage     0 h
  [392/803] instant    draw=97  LPSP  2.9421%  uni0  104.249  nint 12  waste  0.000  outage     0 h
  [393/803] corrective draw=97  LPSP  3.6508%  uni0  108.190  nint 10  waste  0.000  outage  9946 h
  [394/803] calendar   draw=97  LPSP  3.0889%  uni0  103.831  nint 12  waste  1.132  outage     0 h
  [395/803] rul        draw=97  LPSP  3.0976%  uni0  103.952  nint 11  waste  0.330  outage     0 h
  [396/803] instant    draw=98  LPSP  2.9883%  uni0  106.867  nint 15  waste  0.000  outage     0 h
  [397/803] corrective draw=98  LPSP  3.4388%  uni0  108.864  nint 12  waste  0.000  outage  9163 h
  [398/803] calendar   draw=98  LPSP  3.4388%  uni0  108.864  nint 12  waste  0.000  outage  9163 h
  [399/803] rul        draw=98  LPSP  3.0983%  uni0  106.444  nint 14  waste  1.131  outage     0 h
  [400/803] instant    draw=99  LPSP  2.9808%  uni0  101.634  nint 14  waste  0.000  outage     0 h
  [401/803] corrective draw=99  LPSP  3.4687%  uni0  104.944  nint 12  waste  0.000  outage  7183 h
  [402/803] calendar   draw=99  LPSP  3.4687%  uni0  104.944  nint 12  waste  0.000  outage  7183 h
  [403/803] rul        draw=99  LPSP  2.9973%  uni0  101.313  nint 13  waste  1.646  outage     0 h
  [404/803] instant    draw=100 LPSP  2.8264%  uni0   75.427  nint 11  waste  0.000  outage     0 h
  [405/803] corrective draw=100 LPSP  4.2689%  uni0   86.412  nint  5  waste  0.000  outage 18745 h
  [406/803] calendar   draw=100 LPSP  4.2689%  uni0   86.412  nint  5  waste  0.000  outage 18745 h
  [407/803] rul        draw=100 LPSP  2.8213%  uni0   75.284  nint 12  waste  1.226  outage     0 h
  [408/803] instant    draw=101 LPSP  2.7723%  uni0  113.095  nint 15  waste  0.000  outage     0 h
  [409/803] corrective draw=101 LPSP  3.4189%  uni0  116.206  nint 13  waste  0.000  outage 13021 h
  [410/803] calendar   draw=101 LPSP  2.9319%  uni0  112.381  nint 13  waste  0.127  outage     0 h
  [411/803] rul        draw=101 LPSP  2.9324%  uni0  112.344  nint  9  waste  0.584  outage     0 h
  [412/803] instant    draw=102 LPSP  2.8074%  uni0  107.893  nint 14  waste  0.000  outage     0 h
  [413/803] corrective draw=102 LPSP  2.8765%  uni0  107.507  nint 13  waste  0.000  outage   187 h
  [414/803] calendar   draw=102 LPSP  2.8765%  uni0  107.507  nint 13  waste  0.000  outage   187 h
  [415/803] rul        draw=102 LPSP  2.8703%  uni0  107.414  nint  9  waste  0.455  outage     0 h
  [416/803] instant    draw=103 LPSP  2.9406%  uni0  107.536  nint 16  waste  0.000  outage     0 h
  [417/803] corrective draw=103 LPSP  3.4617%  uni0  110.752  nint 14  waste  0.000  outage  8859 h
  [418/803] calendar   draw=103 LPSP  3.4617%  uni0  110.752  nint 14  waste  0.000  outage  8859 h
  [419/803] rul        draw=103 LPSP  2.9688%  uni0  107.208  nint 15  waste  2.240  outage     0 h
  [420/803] instant    draw=104 LPSP  2.7899%  uni0   60.766  nint  7  waste  0.000  outage     0 h
  [421/803] corrective draw=104 LPSP  3.5091%  uni0   66.045  nint  7  waste  0.000  outage 16675 h
  [422/803] calendar   draw=104 LPSP  3.5091%  uni0   66.045  nint  7  waste  0.000  outage 16675 h
  [423/803] rul        draw=104 LPSP  2.7853%  uni0   60.615  nint  8  waste  0.682  outage     0 h
  [424/803] instant    draw=105 LPSP  2.9347%  uni0   79.131  nint 10  waste  0.000  outage     0 h
  [425/803] corrective draw=105 LPSP  3.3283%  uni0   80.810  nint  9  waste  0.000  outage 13248 h
  [426/803] calendar   draw=105 LPSP  3.3283%  uni0   80.810  nint  9  waste  0.000  outage 13248 h
  [427/803] rul        draw=105 LPSP  3.0190%  uni0   79.010  nint 10  waste  1.190  outage     0 h
  [428/803] instant    draw=106 LPSP  2.7931%  uni0   81.158  nint 11  waste  0.000  outage     0 h
  [429/803] corrective draw=106 LPSP  3.1590%  uni0   83.473  nint 11  waste  0.000  outage  6834 h
  [430/803] calendar   draw=106 LPSP  3.1590%  uni0   83.473  nint 11  waste  0.000  outage  6834 h
  [431/803] rul        draw=106 LPSP  2.8407%  uni0   80.957  nint 13  waste  1.730  outage     0 h
  [432/803] instant    draw=107 LPSP  2.7733%  uni0   58.996  nint  8  waste  0.000  outage     0 h
  [433/803] corrective draw=107 LPSP  3.0400%  uni0   60.924  nint  7  waste  0.000  outage  6473 h
  [434/803] calendar   draw=107 LPSP  3.0400%  uni0   60.924  nint  7  waste  0.000  outage  6473 h
  [435/803] rul        draw=107 LPSP  2.7706%  uni0   58.766  nint  9  waste  1.396  outage     0 h
  [436/803] instant    draw=108 LPSP  2.9443%  uni0   93.273  nint 14  waste  0.000  outage     0 h
  [437/803] corrective draw=108 LPSP  3.4248%  uni0   95.912  nint 13  waste  0.000  outage  9954 h
  [438/803] calendar   draw=108 LPSP  3.4248%  uni0   95.912  nint 13  waste  0.000  outage  9954 h
  [439/803] rul        draw=108 LPSP  2.9920%  uni0   92.928  nint 13  waste  1.822  outage     0 h
  [440/803] instant    draw=109 LPSP  2.7745%  uni0   83.920  nint 12  waste  0.000  outage     0 h
  [441/803] corrective draw=109 LPSP  2.8235%  uni0   84.128  nint 11  waste  0.000  outage  1723 h
  [442/803] calendar   draw=109 LPSP  2.8235%  uni0   84.128  nint 11  waste  0.000  outage  1723 h
  [443/803] rul        draw=109 LPSP  2.7965%  uni0   83.847  nint 12  waste  0.624  outage     0 h
  [444/803] instant    draw=110 LPSP  2.9583%  uni0  102.962  nint 14  waste  0.000  outage     0 h
  [445/803] corrective draw=110 LPSP  3.6554%  uni0  107.376  nint 12  waste  0.000  outage 14524 h
  [446/803] calendar   draw=110 LPSP  3.6554%  uni0  107.376  nint 12  waste  0.000  outage 14524 h
  [447/803] rul        draw=110 LPSP  3.0292%  uni0  102.794  nint  8  waste  2.039  outage     0 h
  [448/803] instant    draw=111 LPSP  2.9681%  uni0   92.691  nint 13  waste  0.000  outage     0 h
  [449/803] corrective draw=111 LPSP  4.4063%  uni0  102.349  nint  8  waste  0.000  outage 20997 h
  [450/803] calendar   draw=111 LPSP  4.4063%  uni0  102.349  nint  8  waste  0.000  outage 20997 h
  [451/803] rul        draw=111 LPSP  3.0240%  uni0   92.387  nint 13  waste  2.179  outage     0 h
  [452/803] instant    draw=112 LPSP  2.8934%  uni0   62.335  nint  8  waste  0.000  outage     0 h
  [453/803] corrective draw=112 LPSP  3.3330%  uni0   65.166  nint  6  waste  0.000  outage  9621 h
  [454/803] calendar   draw=112 LPSP  3.3330%  uni0   65.166  nint  6  waste  0.000  outage  9621 h
  [455/803] rul        draw=112 LPSP  2.9336%  uni0   62.385  nint  9  waste  1.219  outage     0 h
  [456/803] instant    draw=113 LPSP  2.8743%  uni0  102.464  nint 12  waste  0.000  outage     0 h
  [457/803] corrective draw=113 LPSP  3.5688%  uni0  106.378  nint 10  waste  0.000  outage 10236 h
  [458/803] calendar   draw=113 LPSP  3.0132%  uni0  101.971  nint 12  waste  0.872  outage     0 h
  [459/803] rul        draw=113 LPSP  3.0226%  uni0  102.083  nint  8  waste  0.496  outage     0 h
  [460/803] instant    draw=114 LPSP  2.8880%  uni0   65.247  nint  8  waste  0.000  outage     0 h
  [461/803] corrective draw=114 LPSP  3.6500%  uni0   70.751  nint  8  waste  0.000  outage 14275 h
  [462/803] calendar   draw=114 LPSP  3.6500%  uni0   70.751  nint  8  waste  0.000  outage 14275 h
  [463/803] rul        draw=114 LPSP  2.9285%  uni0   65.215  nint  8  waste  0.733  outage     0 h
  [464/803] instant    draw=115 LPSP  2.8502%  uni0  108.212  nint 15  waste  0.000  outage     0 h
  [465/803] corrective draw=115 LPSP  3.3037%  uni0  111.243  nint 13  waste  0.000  outage  6036 h
  [466/803] calendar   draw=115 LPSP  3.3037%  uni0  111.243  nint 13  waste  0.000  outage  6036 h
  [467/803] rul        draw=115 LPSP  2.8911%  uni0  107.925  nint 15  waste  1.739  outage     0 h
  [468/803] instant    draw=116 LPSP  2.9499%  uni0   74.347  nint 10  waste  0.000  outage     0 h
  [469/803] corrective draw=116 LPSP  3.3044%  uni0   76.821  nint 10  waste  0.000  outage  5978 h
  [470/803] calendar   draw=116 LPSP  3.3044%  uni0   76.821  nint 10  waste  0.000  outage  5978 h
  [471/803] rul        draw=116 LPSP  2.9438%  uni0   74.150  nint 11  waste  1.065  outage     0 h
  [472/803] instant    draw=117 LPSP  2.7876%  uni0   87.127  nint 14  waste  0.000  outage     0 h
  [473/803] corrective draw=117 LPSP  3.1549%  uni0   89.800  nint  7  waste  0.000  outage  3493 h
  [474/803] calendar   draw=117 LPSP  3.1549%  uni0   89.800  nint  7  waste  0.000  outage  3493 h
  [475/803] rul        draw=117 LPSP  2.8036%  uni0   86.887  nint 14  waste  1.343  outage     0 h
  [476/803] instant    draw=118 LPSP  2.8914%  uni0   76.908  nint 10  waste  0.000  outage     0 h
  [477/803] corrective draw=118 LPSP  3.4350%  uni0   81.098  nint  5  waste  0.000  outage  5339 h
  [478/803] calendar   draw=118 LPSP  3.4350%  uni0   81.098  nint  5  waste  0.000  outage  5339 h
  [479/803] rul        draw=118 LPSP  2.8829%  uni0   76.716  nint 12  waste  1.760  outage     0 h
  [480/803] instant    draw=119 LPSP  3.0075%  uni0   89.725  nint 10  waste  0.000  outage     0 h
  [481/803] corrective draw=119 LPSP  3.2787%  uni0   91.247  nint  9  waste  0.000  outage  5540 h
  [482/803] calendar   draw=119 LPSP  3.0407%  uni0   89.353  nint 11  waste  2.014  outage     0 h
  [483/803] rul        draw=119 LPSP  3.0366%  uni0   89.451  nint  9  waste  0.377  outage     0 h
  [484/803] instant    draw=120 LPSP  2.9779%  uni0   85.273  nint 10  waste  0.000  outage     0 h
  [485/803] corrective draw=120 LPSP  3.5170%  uni0   88.659  nint  8  waste  0.000  outage  9453 h
  [486/803] calendar   draw=120 LPSP  3.0736%  uni0   85.332  nint 10  waste  0.939  outage  2009 h
  [487/803] rul        draw=120 LPSP  2.9922%  uni0   84.853  nint  9  waste  0.902  outage     0 h
  [488/803] instant    draw=121 LPSP  2.8888%  uni0   68.561  nint  7  waste  0.000  outage     0 h
  [489/803] corrective draw=121 LPSP  3.0737%  uni0   69.718  nint  7  waste  0.000  outage  5229 h
  [490/803] calendar   draw=121 LPSP  2.9205%  uni0   68.461  nint  4  waste  1.579  outage     0 h
  [491/803] rul        draw=121 LPSP  2.9352%  uni0   68.698  nint  7  waste  0.240  outage     0 h
  [492/803] instant    draw=122 LPSP  2.8729%  uni0   91.288  nint 12  waste  0.000  outage     0 h
  [493/803] corrective draw=122 LPSP  3.2943%  uni0   93.796  nint 12  waste  0.000  outage  6280 h
  [494/803] calendar   draw=122 LPSP  3.2943%  uni0   93.796  nint 12  waste  0.000  outage  6280 h
  [495/803] rul        draw=122 LPSP  2.9519%  uni0   91.096  nint  7  waste  1.720  outage     0 h
  [496/803] instant    draw=123 LPSP  2.9729%  uni0   69.032  nint  9  waste  0.000  outage     0 h
  [497/803] corrective draw=123 LPSP  3.3310%  uni0   71.299  nint  8  waste  0.000  outage  9662 h
  [498/803] calendar   draw=123 LPSP  3.3310%  uni0   71.299  nint  8  waste  0.000  outage  9662 h
  [499/803] rul        draw=123 LPSP  2.9687%  uni0   68.860  nint 10  waste  1.504  outage     0 h
  [500/803] instant    draw=124 LPSP  2.8064%  uni0   83.530  nint 11  waste  0.000  outage     0 h
  [501/803] corrective draw=124 LPSP  2.9661%  uni0   84.709  nint 11  waste  0.000  outage  3259 h
  [502/803] calendar   draw=124 LPSP  2.9661%  uni0   84.709  nint 11  waste  0.000  outage  3259 h
  [503/803] rul        draw=124 LPSP  2.7965%  uni0   83.327  nint 12  waste  1.048  outage     0 h
  [504/803] instant    draw=125 LPSP  2.9093%  uni0   95.439  nint 13  waste  0.000  outage     0 h
  [505/803] corrective draw=125 LPSP  3.2095%  uni0   96.728  nint 12  waste  0.000  outage  4761 h
  [506/803] calendar   draw=125 LPSP  3.2095%  uni0   96.728  nint 12  waste  0.000  outage  4761 h
  [507/803] rul        draw=125 LPSP  3.0496%  uni0   95.255  nint 13  waste  0.836  outage     0 h
  [508/803] instant    draw=126 LPSP  2.8658%  uni0   97.188  nint 13  waste  0.000  outage     0 h
  [509/803] corrective draw=126 LPSP  3.3222%  uni0  100.155  nint 11  waste  0.000  outage 10389 h
  [510/803] calendar   draw=126 LPSP  3.3222%  uni0  100.155  nint 11  waste  0.000  outage 10389 h
  [511/803] rul        draw=126 LPSP  2.9181%  uni0   97.039  nint 12  waste  1.282  outage     0 h
  [512/803] instant    draw=127 LPSP  2.9837%  uni0  108.710  nint 15  waste  0.000  outage     0 h
  [513/803] corrective draw=127 LPSP  3.4105%  uni0  110.414  nint 12  waste  0.000  outage  4856 h
  [514/803] calendar   draw=127 LPSP  3.4105%  uni0  110.414  nint 12  waste  0.000  outage  4856 h
  [515/803] rul        draw=127 LPSP  3.1015%  uni0  108.077  nint 12  waste  1.031  outage     0 h
  [516/803] instant    draw=128 LPSP  2.9257%  uni0   85.863  nint 13  waste  0.000  outage     0 h
  [517/803] corrective draw=128 LPSP  3.4162%  uni0   89.261  nint 11  waste  0.000  outage  7399 h
  [518/803] calendar   draw=128 LPSP  3.4162%  uni0   89.261  nint 11  waste  0.000  outage  7399 h
  [519/803] rul        draw=128 LPSP  2.9227%  uni0   85.570  nint 12  waste  1.721  outage     0 h
  [520/803] instant    draw=129 LPSP  2.8999%  uni0  126.260  nint 18  waste  0.000  outage     0 h
  [521/803] corrective draw=129 LPSP  3.5271%  uni0  130.660  nint 16  waste  0.000  outage 16386 h
  [522/803] calendar   draw=129 LPSP  3.5271%  uni0  130.660  nint 16  waste  0.000  outage 16386 h
  [523/803] rul        draw=129 LPSP  2.9149%  uni0  126.025  nint 18  waste  1.322  outage     0 h
  [524/803] instant    draw=130 LPSP  2.8420%  uni0   62.166  nint  7  waste  0.000  outage     0 h
  [525/803] corrective draw=130 LPSP  3.2804%  uni0   65.434  nint  7  waste  0.000  outage  7844 h
  [526/803] calendar   draw=130 LPSP  3.2804%  uni0   65.434  nint  7  waste  0.000  outage  7844 h
  [527/803] rul        draw=130 LPSP  2.8380%  uni0   62.043  nint  8  waste  0.913  outage     0 h
  [528/803] instant    draw=131 LPSP  2.9357%  uni0  124.284  nint 19  waste  0.000  outage     0 h
  [529/803] corrective draw=131 LPSP  4.1378%  uni0  130.863  nint 15  waste  0.000  outage 24202 h
  [530/803] calendar   draw=131 LPSP  4.1378%  uni0  130.863  nint 15  waste  0.000  outage 24202 h
  [531/803] rul        draw=131 LPSP  3.0563%  uni0  123.439  nint 16  waste  1.912  outage     0 h
  [532/803] instant    draw=132 LPSP  2.9009%  uni0   69.810  nint  7  waste  0.000  outage     0 h
  [533/803] corrective draw=132 LPSP  3.4683%  uni0   73.776  nint  7  waste  0.000  outage 12612 h
  [534/803] calendar   draw=132 LPSP  2.9452%  uni0   69.848  nint  4  waste  0.824  outage     0 h
  [535/803] rul        draw=132 LPSP  2.9493%  uni0   69.953  nint  8  waste  0.442  outage     0 h
  [536/803] instant    draw=133 LPSP  2.9300%  uni0  101.929  nint 14  waste  0.000  outage     0 h
  [537/803] corrective draw=133 LPSP  4.0427%  uni0  109.521  nint 12  waste  0.000  outage 21701 h
  [538/803] calendar   draw=133 LPSP  4.0427%  uni0  109.521  nint 12  waste  0.000  outage 21701 h
  [539/803] rul        draw=133 LPSP  2.9864%  uni0  101.731  nint  8  waste  1.659  outage     0 h
  [540/803] instant    draw=134 LPSP  2.7465%  uni0   56.210  nint  7  waste  0.000  outage     0 h
  [541/803] corrective draw=134 LPSP  3.1599%  uni0   59.273  nint  7  waste  0.000  outage  8087 h
  [542/803] calendar   draw=134 LPSP  3.1599%  uni0   59.273  nint  7  waste  0.000  outage  8087 h
  [543/803] rul        draw=134 LPSP  2.7484%  uni0   56.115  nint  7  waste  0.923  outage     0 h
  [544/803] instant    draw=135 LPSP  2.8981%  uni0   61.806  nint  5  waste  0.000  outage     0 h
  [545/803] corrective draw=135 LPSP  3.2252%  uni0   64.146  nint  5  waste  0.000  outage  8194 h
  [546/803] calendar   draw=135 LPSP  2.8939%  uni0   61.584  nint  7  waste  1.787  outage     0 h
  [547/803] rul        draw=135 LPSP  2.9060%  uni0   61.814  nint  6  waste  0.255  outage     0 h
  [548/803] instant    draw=136 LPSP  2.9270%  uni0   73.538  nint  8  waste  0.000  outage     0 h
  [549/803] corrective draw=136 LPSP  3.6044%  uni0   77.799  nint  7  waste  0.000  outage 12332 h
  [550/803] calendar   draw=136 LPSP  2.9938%  uni0   73.581  nint  9  waste  0.901  outage    47 h
  [551/803] rul        draw=136 LPSP  2.9993%  uni0   73.660  nint  5  waste  0.800  outage     0 h
  [552/803] instant    draw=137 LPSP  2.9457%  uni0  103.826  nint 12  waste  0.000  outage     0 h
  [553/803] corrective draw=137 LPSP  3.3665%  uni0  106.293  nint 12  waste  0.000  outage  8695 h
  [554/803] calendar   draw=137 LPSP  3.1107%  uni0  104.480  nint 13  waste  1.030  outage  2228 h
  [555/803] rul        draw=137 LPSP  2.9885%  uni0  103.651  nint  9  waste  1.047  outage     0 h
  [556/803] instant    draw=138 LPSP  2.9853%  uni0  112.674  nint 16  waste  0.000  outage     0 h
  [557/803] corrective draw=138 LPSP  3.6696%  uni0  116.353  nint 13  waste  0.000  outage 10095 h
  [558/803] calendar   draw=138 LPSP  3.6696%  uni0  116.353  nint 13  waste  0.000  outage 10095 h
  [559/803] rul        draw=138 LPSP  3.1076%  uni0  112.263  nint 14  waste  1.413  outage     0 h
  [560/803] instant    draw=139 LPSP  2.8644%  uni0   89.006  nint 10  waste  0.000  outage     0 h
  [561/803] corrective draw=139 LPSP  3.1636%  uni0   90.586  nint  9  waste  0.000  outage  3119 h
  [562/803] calendar   draw=139 LPSP  2.9388%  uni0   88.668  nint 11  waste  1.679  outage     0 h
  [563/803] rul        draw=139 LPSP  2.9533%  uni0   88.860  nint 10  waste  0.379  outage     0 h
  [564/803] instant    draw=140 LPSP  2.9571%  uni0   70.063  nint 10  waste  0.000  outage     0 h
  [565/803] corrective draw=140 LPSP  3.3170%  uni0   72.354  nint 10  waste  0.000  outage  8841 h
  [566/803] calendar   draw=140 LPSP  3.3170%  uni0   72.354  nint 10  waste  0.000  outage  8841 h
  [567/803] rul        draw=140 LPSP  2.9434%  uni0   69.815  nint  9  waste  1.584  outage     0 h
  [568/803] instant    draw=141 LPSP  2.9768%  uni0  106.070  nint 15  waste  0.000  outage     0 h
  [569/803] corrective draw=141 LPSP  4.0085%  uni0  112.736  nint 13  waste  0.000  outage 19810 h
  [570/803] calendar   draw=141 LPSP  4.0085%  uni0  112.736  nint 13  waste  0.000  outage 19810 h
  [571/803] rul        draw=141 LPSP  3.0247%  uni0  105.738  nint  9  waste  2.089  outage     0 h
  [572/803] instant    draw=142 LPSP  2.9170%  uni0  105.370  nint 13  waste  0.000  outage     0 h
  [573/803] corrective draw=142 LPSP  3.6698%  uni0  109.503  nint 12  waste  0.000  outage 13745 h
  [574/803] calendar   draw=142 LPSP  3.6698%  uni0  109.503  nint 12  waste  0.000  outage 13745 h
  [575/803] rul        draw=142 LPSP  3.0552%  uni0  104.836  nint 11  waste  0.752  outage     0 h
  [576/803] instant    draw=143 LPSP  2.9586%  uni0   70.415  nint  7  waste  0.000  outage     0 h
  [577/803] corrective draw=143 LPSP  3.2976%  uni0   72.347  nint  7  waste  0.000  outage 11171 h
  [578/803] calendar   draw=143 LPSP  2.9929%  uni0   70.524  nint  8  waste  0.832  outage  1051 h
  [579/803] rul        draw=143 LPSP  2.9458%  uni0   70.207  nint  8  waste  0.953  outage     0 h
  [580/803] instant    draw=144 LPSP  2.9357%  uni0   83.128  nint 12  waste  0.000  outage     0 h
  [581/803] corrective draw=144 LPSP  3.4933%  uni0   86.322  nint 12  waste  0.000  outage 14627 h
  [582/803] calendar   draw=144 LPSP  3.4933%  uni0   86.322  nint 12  waste  0.000  outage 14627 h
  [583/803] rul        draw=144 LPSP  3.0472%  uni0   82.989  nint 12  waste  2.404  outage     0 h
  [584/803] instant    draw=145 LPSP  2.8858%  uni0  106.933  nint 13  waste  0.000  outage     0 h
  [585/803] corrective draw=145 LPSP  3.7210%  uni0  112.995  nint  9  waste  0.000  outage 10018 h
  [586/803] calendar   draw=145 LPSP  2.9186%  uni0  106.481  nint 13  waste  1.177  outage     0 h
  [587/803] rul        draw=145 LPSP  2.9305%  uni0  106.675  nint 12  waste  0.345  outage     0 h
  [588/803] instant    draw=146 LPSP  2.8215%  uni0  120.099  nint 15  waste  0.000  outage     0 h
  [589/803] corrective draw=146 LPSP  2.9125%  uni0  120.619  nint 12  waste  0.000  outage  1377 h
  [590/803] calendar   draw=146 LPSP  2.8111%  uni0  119.628  nint 15  waste  1.547  outage     0 h
  [591/803] rul        draw=146 LPSP  2.8285%  uni0  119.889  nint 15  waste  0.225  outage     0 h
  [592/803] instant    draw=147 LPSP  2.9726%  uni0  111.587  nint 15  waste  0.000  outage     0 h
  [593/803] corrective draw=147 LPSP  3.7339%  uni0  115.638  nint 12  waste  0.000  outage  9495 h
  [594/803] calendar   draw=147 LPSP  3.7339%  uni0  115.638  nint 12  waste  0.000  outage  9495 h
  [595/803] rul        draw=147 LPSP  3.1090%  uni0  111.008  nint 13  waste  1.061  outage     0 h
  [596/803] instant    draw=148 LPSP  2.9873%  uni0   86.718  nint 11  waste  0.000  outage     0 h
  [597/803] corrective draw=148 LPSP  3.3143%  uni0   88.411  nint  8  waste  0.000  outage  8284 h
  [598/803] calendar   draw=148 LPSP  3.0674%  uni0   86.701  nint 10  waste  0.425  outage     0 h
  [599/803] rul        draw=148 LPSP  3.0674%  uni0   86.701  nint 10  waste  0.425  outage     0 h
  [600/803] instant    draw=149 LPSP  2.9612%  uni0  121.372  nint 17  waste  0.000  outage     0 h
  [601/803] corrective draw=149 LPSP  4.3669%  uni0  130.698  nint 10  waste  0.000  outage 15443 h
  [602/803] calendar   draw=149 LPSP  4.3669%  uni0  130.698  nint 10  waste  0.000  outage 15443 h
  [603/803] rul        draw=149 LPSP  3.0376%  uni0  120.509  nint 15  waste  1.579  outage     0 h
  [604/803] instant    draw=150 LPSP  2.8657%  uni0   92.461  nint 13  waste  0.000  outage     0 h
  [605/803] corrective draw=150 LPSP  3.1443%  uni0   93.596  nint 11  waste  0.000  outage  5039 h
  [606/803] calendar   draw=150 LPSP  3.1443%  uni0   93.596  nint 11  waste  0.000  outage  5039 h
  [607/803] rul        draw=150 LPSP  2.9781%  uni0   92.321  nint 13  waste  1.338  outage     0 h
  [608/803] instant    draw=151 LPSP  2.9966%  uni0  109.424  nint 15  waste  0.000  outage     0 h
  [609/803] corrective draw=151 LPSP  3.4480%  uni0  111.238  nint 11  waste  0.000  outage  4950 h
  [610/803] calendar   draw=151 LPSP  3.4480%  uni0  111.238  nint 11  waste  0.000  outage  4950 h
  [611/803] rul        draw=151 LPSP  3.1410%  uni0  108.858  nint 12  waste  0.849  outage     0 h
  [612/803] instant    draw=152 LPSP  2.9382%  uni0   61.256  nint  7  waste  0.000  outage     0 h
  [613/803] corrective draw=152 LPSP  3.3515%  uni0   63.890  nint  7  waste  0.000  outage  9282 h
  [614/803] calendar   draw=152 LPSP  3.3515%  uni0   63.890  nint  7  waste  0.000  outage  9282 h
  [615/803] rul        draw=152 LPSP  3.0005%  uni0   61.403  nint  8  waste  0.931  outage     0 h
  [616/803] instant    draw=153 LPSP  2.8511%  uni0   61.209  nint 10  waste  0.000  outage     0 h
  [617/803] corrective draw=153 LPSP  4.5015%  uni0   73.035  nint  6  waste  0.000  outage 25755 h
  [618/803] calendar   draw=153 LPSP  4.5015%  uni0   73.035  nint  6  waste  0.000  outage 25755 h
  [619/803] rul        draw=153 LPSP  2.9016%  uni0   61.260  nint 10  waste  1.496  outage     0 h
  [620/803] instant    draw=154 LPSP  2.7526%  uni0   58.746  nint  8  waste  0.000  outage     0 h
  [621/803] corrective draw=154 LPSP  3.4373%  uni0   63.728  nint  7  waste  0.000  outage 10364 h
  [622/803] calendar   draw=154 LPSP  3.4373%  uni0   63.728  nint  7  waste  0.000  outage 10364 h
  [623/803] rul        draw=154 LPSP  2.7802%  uni0   58.718  nint 10  waste  1.538  outage     0 h
  [624/803] instant    draw=155 LPSP  2.9223%  uni0   79.987  nint 10  waste  0.000  outage     0 h
  [625/803] corrective draw=155 LPSP  3.5675%  uni0   83.920  nint  9  waste  0.000  outage 10327 h
  [626/803] calendar   draw=155 LPSP  3.1729%  uni0   81.081  nint  9  waste  0.396  outage  3789 h
  [627/803] rul        draw=155 LPSP  3.0097%  uni0   79.961  nint  5  waste  1.063  outage     0 h
  [628/803] instant    draw=156 LPSP  2.8161%  uni0  101.741  nint 13  waste  0.000  outage     0 h
  [629/803] corrective draw=156 LPSP  2.9074%  uni0  102.274  nint 10  waste  0.000  outage   607 h
  [630/803] calendar   draw=156 LPSP  2.8744%  uni0  101.342  nint 13  waste  1.345  outage     0 h
  [631/803] rul        draw=156 LPSP  2.8444%  uni0  101.719  nint 12  waste  0.254  outage     0 h
  [632/803] instant    draw=157 LPSP  2.9660%  uni0   94.986  nint 12  waste  0.000  outage     0 h
  [633/803] corrective draw=157 LPSP  3.7211%  uni0   99.644  nint 12  waste  0.000  outage 15012 h
  [634/803] calendar   draw=157 LPSP  3.1891%  uni0   95.830  nint 12  waste  0.071  outage  4128 h
  [635/803] rul        draw=157 LPSP  3.0545%  uni0   94.927  nint 12  waste  0.763  outage     0 h
  [636/803] instant    draw=158 LPSP  2.9415%  uni0   86.437  nint 11  waste  0.000  outage     0 h
  [637/803] corrective draw=158 LPSP  3.5342%  uni0   90.070  nint 10  waste  0.000  outage 16758 h
  [638/803] calendar   draw=158 LPSP  3.1992%  uni0   88.076  nint 11  waste  0.237  outage  4130 h
  [639/803] rul        draw=158 LPSP  2.9594%  uni0   86.354  nint 10  waste  0.854  outage     0 h
  [640/803] instant    draw=159 LPSP  2.9530%  uni0   96.261  nint 12  waste  0.000  outage     0 h
  [641/803] corrective draw=159 LPSP  3.3365%  uni0   98.996  nint 12  waste  0.000  outage  8562 h
  [642/803] calendar   draw=159 LPSP  3.3365%  uni0   98.996  nint 12  waste  0.000  outage  8562 h
  [643/803] rul        draw=159 LPSP  2.9471%  uni0   96.036  nint 11  waste  0.950  outage     0 h
  [644/803] instant    draw=160 LPSP  2.7771%  uni0   80.716  nint 12  waste  0.000  outage     0 h
  [645/803] corrective draw=160 LPSP  4.6263%  uni0   94.740  nint  6  waste  0.000  outage 21697 h
  [646/803] calendar   draw=160 LPSP  4.6263%  uni0   94.740  nint  6  waste  0.000  outage 21697 h
  [647/803] rul        draw=160 LPSP  2.8154%  uni0   80.659  nint 12  waste  1.650  outage     0 h
  [648/803] instant    draw=161 LPSP  2.9456%  uni0  107.478  nint 15  waste  0.000  outage     0 h
  [649/803] corrective draw=161 LPSP  3.1901%  uni0  107.718  nint 13  waste  0.000  outage  5588 h
  [650/803] calendar   draw=161 LPSP  3.1901%  uni0  107.718  nint 13  waste  0.000  outage  5588 h
  [651/803] rul        draw=161 LPSP  3.0949%  uni0  107.098  nint 14  waste  1.115  outage     0 h
  [652/803] instant    draw=162 LPSP  2.8353%  uni0   70.221  nint 10  waste  0.000  outage     0 h
  [653/803] corrective draw=162 LPSP  3.6415%  uni0   75.666  nint 10  waste  0.000  outage 21007 h
  [654/803] calendar   draw=162 LPSP  3.6415%  uni0   75.666  nint 10  waste  0.000  outage 21007 h
  [655/803] rul        draw=162 LPSP  2.8504%  uni0   70.066  nint 12  waste  1.744  outage     0 h
  [656/803] instant    draw=163 LPSP  2.9015%  uni0   76.385  nint 10  waste  0.000  outage     0 h
  [657/803] corrective draw=163 LPSP  3.1244%  uni0   77.752  nint  9  waste  0.000  outage  9021 h
  [658/803] calendar   draw=163 LPSP  3.1244%  uni0   77.752  nint  9  waste  0.000  outage  9021 h
  [659/803] rul        draw=163 LPSP  2.9165%  uni0   76.188  nint 11  waste  1.326  outage     0 h
  [660/803] instant    draw=164 LPSP  2.9538%  uni0  100.991  nint 12  waste  0.000  outage     0 h
  [661/803] corrective draw=164 LPSP  3.5141%  uni0  104.370  nint  9  waste  0.000  outage  5925 h
  [662/803] calendar   draw=164 LPSP  3.3894%  uni0  103.147  nint 11  waste  0.832  outage  4149 h
  [663/803] rul        draw=164 LPSP  3.0794%  uni0  100.608  nint 11  waste  0.863  outage     0 h
  [664/803] instant    draw=165 LPSP  2.8472%  uni0   62.763  nint  7  waste  0.000  outage     0 h
  [665/803] corrective draw=165 LPSP  3.1423%  uni0   64.449  nint  6  waste  0.000  outage 11892 h
  [666/803] calendar   draw=165 LPSP  2.8900%  uni0   62.806  nint  7  waste  0.795  outage     0 h
  [667/803] rul        draw=165 LPSP  2.8975%  uni0   62.893  nint  7  waste  0.425  outage     0 h
  [668/803] instant    draw=166 LPSP  2.8933%  uni0   66.137  nint  6  waste  0.000  outage     0 h
  [669/803] corrective draw=166 LPSP  3.1888%  uni0   68.246  nint  6  waste  0.000  outage  3954 h
  [670/803] calendar   draw=166 LPSP  2.9886%  uni0   66.641  nint  8  waste  2.111  outage  1330 h
  [671/803] rul        draw=166 LPSP  2.8983%  uni0   66.033  nint  6  waste  0.647  outage     0 h
  [672/803] instant    draw=167 LPSP  2.9692%  uni0   70.477  nint 10  waste  0.000  outage     0 h
  [673/803] corrective draw=167 LPSP  3.4448%  uni0   73.324  nint  8  waste  0.000  outage 13191 h
  [674/803] calendar   draw=167 LPSP  3.4448%  uni0   73.324  nint  8  waste  0.000  outage 13191 h
  [675/803] rul        draw=167 LPSP  3.0193%  uni0   70.552  nint  8  waste  1.336  outage     0 h
  [676/803] instant    draw=168 LPSP  2.9735%  uni0   79.680  nint 10  waste  0.000  outage     0 h
  [677/803] corrective draw=168 LPSP  3.1266%  uni0   80.624  nint 10  waste  0.000  outage  4454 h
  [678/803] calendar   draw=168 LPSP  3.1266%  uni0   80.624  nint 10  waste  0.000  outage  4454 h
  [679/803] rul        draw=168 LPSP  2.9768%  uni0   79.610  nint 10  waste  0.685  outage     0 h
  [680/803] instant    draw=169 LPSP  3.0171%  uni0   66.869  nint  8  waste  0.000  outage     0 h
  [681/803] corrective draw=169 LPSP  3.1481%  uni0   67.784  nint  7  waste  0.000  outage  2464 h
  [682/803] calendar   draw=169 LPSP  3.1307%  uni0   67.628  nint  7  waste  0.377  outage  1886 h
  [683/803] rul        draw=169 LPSP  2.9873%  uni0   66.508  nint  8  waste  0.825  outage     0 h
  [684/803] instant    draw=170 LPSP  2.9607%  uni0   79.432  nint 10  waste  0.000  outage     0 h
  [685/803] corrective draw=170 LPSP  3.4448%  uni0   81.617  nint  9  waste  0.000  outage 15683 h
  [686/803] calendar   draw=170 LPSP  3.4448%  uni0   81.617  nint  9  waste  0.000  outage 15683 h
  [687/803] rul        draw=170 LPSP  3.0517%  uni0   79.334  nint 10  waste  1.126  outage     0 h
  [688/803] instant    draw=171 LPSP  2.9406%  uni0   97.907  nint 11  waste  0.000  outage     0 h
  [689/803] corrective draw=171 LPSP  3.1122%  uni0   98.305  nint  9  waste  0.000  outage  1479 h
  [690/803] calendar   draw=171 LPSP  3.0717%  uni0   97.801  nint 12  waste  1.761  outage   691 h
  [691/803] rul        draw=171 LPSP  3.0319%  uni0   97.635  nint 11  waste  0.857  outage     0 h
  [692/803] instant    draw=172 LPSP  3.0085%  uni0  121.977  nint 15  waste  0.000  outage     0 h
  [693/803] corrective draw=172 LPSP  3.5965%  uni0  124.116  nint 12  waste  0.000  outage  4246 h
  [694/803] calendar   draw=172 LPSP  3.4254%  uni0  122.558  nint 14  waste  2.059  outage  2811 h
  [695/803] rul        draw=172 LPSP  3.2036%  uni0  120.984  nint 12  waste  0.491  outage     0 h
  [696/803] instant    draw=173 LPSP  2.7802%  uni0   67.920  nint  9  waste  0.000  outage     0 h
  [697/803] corrective draw=173 LPSP  3.0334%  uni0   69.692  nint  9  waste  0.000  outage  4546 h
  [698/803] calendar   draw=173 LPSP  3.0334%  uni0   69.692  nint  9  waste  0.000  outage  4546 h
  [699/803] rul        draw=173 LPSP  2.8130%  uni0   67.939  nint 10  waste  0.736  outage     0 h
  [700/803] instant    draw=174 LPSP  2.8432%  uni0   81.407  nint 11  waste  0.000  outage     0 h
  [701/803] corrective draw=174 LPSP  2.9671%  uni0   82.056  nint 11  waste  0.000  outage  2561 h
  [702/803] calendar   draw=174 LPSP  2.9671%  uni0   82.056  nint 11  waste  0.000  outage  2561 h
  [703/803] rul        draw=174 LPSP  2.8922%  uni0   81.408  nint  6  waste  0.797  outage     0 h
  [704/803] instant    draw=175 LPSP  2.9814%  uni0  120.791  nint 14  waste  0.000  outage     0 h
  [705/803] corrective draw=175 LPSP  3.7005%  uni0  123.995  nint 12  waste  0.000  outage 11844 h
  [706/803] calendar   draw=175 LPSP  3.1621%  uni0  119.842  nint 13  waste  0.845  outage     0 h
  [707/803] rul        draw=175 LPSP  3.1702%  uni0  119.939  nint 13  waste  0.468  outage     0 h
  [708/803] instant    draw=176 LPSP  2.8255%  uni0   74.134  nint  8  waste  0.000  outage     0 h
  [709/803] corrective draw=176 LPSP  3.1310%  uni0   76.381  nint  7  waste  0.000  outage  3271 h
  [710/803] calendar   draw=176 LPSP  2.8467%  uni0   74.031  nint  9  waste  1.275  outage     0 h
  [711/803] rul        draw=176 LPSP  2.8570%  uni0   74.180  nint  8  waste  0.458  outage     0 h
  [712/803] instant    draw=177 LPSP  2.9654%  uni0  122.359  nint 18  waste  0.000  outage     0 h
  [713/803] corrective draw=177 LPSP  3.8734%  uni0  127.385  nint 14  waste  0.000  outage 15902 h
  [714/803] calendar   draw=177 LPSP  3.8734%  uni0  127.385  nint 14  waste  0.000  outage 15902 h
  [715/803] rul        draw=177 LPSP  3.0282%  uni0  121.320  nint 16  waste  1.885  outage     0 h
  [716/803] instant    draw=178 LPSP  2.8137%  uni0  107.613  nint 14  waste  0.000  outage     0 h
  [717/803] corrective draw=178 LPSP  3.2968%  uni0  110.414  nint 12  waste  0.000  outage 10337 h
  [718/803] calendar   draw=178 LPSP  2.8831%  uni0  107.173  nint 13  waste  0.511  outage     0 h
  [719/803] rul        draw=178 LPSP  2.8831%  uni0  107.173  nint 13  waste  0.511  outage     0 h
  [720/803] instant    draw=179 LPSP  2.9483%  uni0   87.050  nint 12  waste  0.000  outage     0 h
  [721/803] corrective draw=179 LPSP  3.1340%  uni0   87.744  nint  7  waste  0.000  outage  5252 h
  [722/803] calendar   draw=179 LPSP  3.1340%  uni0   87.744  nint  7  waste  0.000  outage  5252 h
  [723/803] rul        draw=179 LPSP  3.0094%  uni0   86.902  nint 13  waste  1.086  outage     0 h
  [724/803] instant    draw=180 LPSP  2.8681%  uni0  105.959  nint 15  waste  0.000  outage     0 h
  [725/803] corrective draw=180 LPSP  4.0174%  uni0  113.136  nint 11  waste  0.000  outage 15397 h
  [726/803] calendar   draw=180 LPSP  4.0174%  uni0  113.136  nint 11  waste  0.000  outage 15397 h
  [727/803] rul        draw=180 LPSP  3.0229%  uni0  105.389  nint 14  waste  1.455  outage     0 h
  [728/803] instant    draw=181 LPSP  2.7900%  uni0   72.093  nint  8  waste  0.000  outage     0 h
  [729/803] corrective draw=181 LPSP  3.0161%  uni0   73.609  nint  8  waste  0.000  outage  8340 h
  [730/803] calendar   draw=181 LPSP  2.7975%  uni0   71.974  nint  9  waste  0.910  outage     0 h
  [731/803] rul        draw=181 LPSP  2.8022%  uni0   72.050  nint  8  waste  0.545  outage     0 h
  [732/803] instant    draw=182 LPSP  3.0073%  uni0  123.742  nint 16  waste  0.000  outage     0 h
  [733/803] corrective draw=182 LPSP  3.4094%  uni0  124.324  nint 14  waste  0.000  outage  8183 h
  [734/803] calendar   draw=182 LPSP  3.4094%  uni0  124.324  nint 14  waste  0.000  outage  8183 h
  [735/803] rul        draw=182 LPSP  3.2099%  uni0  122.957  nint 14  waste  0.926  outage     0 h
  [736/803] instant    draw=183 LPSP  2.9687%  uni0   72.252  nint  9  waste  0.000  outage     0 h
  [737/803] corrective draw=183 LPSP  3.5352%  uni0   76.407  nint  5  waste  0.000  outage  7637 h
  [738/803] calendar   draw=183 LPSP  3.5352%  uni0   76.407  nint  5  waste  0.000  outage  7637 h
  [739/803] rul        draw=183 LPSP  2.9488%  uni0   71.949  nint 10  waste  1.135  outage     0 h
  [740/803] instant    draw=184 LPSP  2.8067%  uni0   86.291  nint 11  waste  0.000  outage     0 h
  [741/803] corrective draw=184 LPSP  3.2476%  uni0   89.123  nint 11  waste  0.000  outage 10025 h
  [742/803] calendar   draw=184 LPSP  3.2476%  uni0   89.123  nint 11  waste  0.000  outage 10025 h
  [743/803] rul        draw=184 LPSP  2.8558%  uni0   86.146  nint 12  waste  0.896  outage     0 h
  [744/803] instant    draw=185 LPSP  2.9703%  uni0  127.144  nint 18  waste  0.000  outage     0 h
  [745/803] corrective draw=185 LPSP  3.8797%  uni0  131.012  nint 15  waste  0.000  outage 20004 h
  [746/803] calendar   draw=185 LPSP  3.8797%  uni0  131.012  nint 15  waste  0.000  outage 20004 h
  [747/803] rul        draw=185 LPSP  3.1270%  uni0  125.958  nint 16  waste  1.725  outage     0 h
  [748/803] instant    draw=186 LPSP  2.8028%  uni0  119.882  nint 19  waste  0.000  outage     0 h
  [749/803] corrective draw=186 LPSP  3.0985%  uni0  119.936  nint 16  waste  0.000  outage  4470 h
  [750/803] calendar   draw=186 LPSP  3.0985%  uni0  119.936  nint 16  waste  0.000  outage  4470 h
  [751/803] rul        draw=186 LPSP  2.9809%  uni0  118.980  nint  9  waste  1.734  outage     0 h
  [752/803] instant    draw=187 LPSP  3.0124%  uni0  114.181  nint 17  waste  0.000  outage     0 h
  [753/803] corrective draw=187 LPSP  3.2993%  uni0  115.444  nint 14  waste  0.000  outage  8831 h
  [754/803] calendar   draw=187 LPSP  3.2993%  uni0  115.444  nint 14  waste  0.000  outage  8831 h
  [755/803] rul        draw=187 LPSP  3.0326%  uni0  113.617  nint 16  waste  1.419  outage     0 h
  [756/803] instant    draw=188 LPSP  2.9375%  uni0   71.445  nint  9  waste  0.000  outage     0 h
  [757/803] corrective draw=188 LPSP  4.0653%  uni0   79.343  nint  7  waste  0.000  outage 15717 h
  [758/803] calendar   draw=188 LPSP  3.0001%  uni0   71.611  nint  8  waste  0.069  outage   455 h
  [759/803] rul        draw=188 LPSP  2.9749%  uni0   71.395  nint  8  waste  0.766  outage     0 h
  [760/803] instant    draw=189 LPSP  2.9468%  uni0   72.219  nint  9  waste  0.000  outage     0 h
  [761/803] corrective draw=189 LPSP  4.1044%  uni0   80.525  nint  8  waste  0.000  outage 20943 h
  [762/803] calendar   draw=189 LPSP  4.1044%  uni0   80.525  nint  8  waste  0.000  outage 20943 h
  [763/803] rul        draw=189 LPSP  2.9770%  uni0   72.245  nint 10  waste  0.926  outage     0 h
  [764/803] instant    draw=190 LPSP  2.9697%  uni0   88.360  nint 14  waste  0.000  outage     0 h
  [765/803] corrective draw=190 LPSP  3.9126%  uni0   93.856  nint 13  waste  0.000  outage 27700 h
  [766/803] calendar   draw=190 LPSP  3.9126%  uni0   93.856  nint 13  waste  0.000  outage 27700 h
  [767/803] rul        draw=190 LPSP  3.0120%  uni0   88.175  nint 14  waste  2.085  outage     0 h
  [768/803] instant    draw=191 LPSP  2.8905%  uni0   76.693  nint  8  waste  0.000  outage     0 h
  [769/803] corrective draw=191 LPSP  3.0274%  uni0   77.580  nint  8  waste  0.000  outage  1986 h
  [770/803] calendar   draw=191 LPSP  2.9168%  uni0   76.622  nint  9  waste  0.744  outage     0 h
  [771/803] rul        draw=191 LPSP  2.9245%  uni0   76.726  nint  8  waste  0.353  outage     0 h
  [772/803] instant    draw=192 LPSP  2.8598%  uni0   63.175  nint  8  waste  0.000  outage     0 h
  [773/803] corrective draw=192 LPSP  2.8900%  uni0   63.328  nint  7  waste  0.000  outage  1821 h
  [774/803] calendar   draw=192 LPSP  2.8900%  uni0   63.328  nint  7  waste  0.000  outage  1821 h
  [775/803] rul        draw=192 LPSP  2.8634%  uni0   63.085  nint  8  waste  0.610  outage     0 h
  [776/803] instant    draw=193 LPSP  2.8570%  uni0   72.005  nint  8  waste  0.000  outage     0 h
  [777/803] corrective draw=193 LPSP  3.0633%  uni0   72.833  nint  7  waste  0.000  outage  2889 h
  [778/803] calendar   draw=193 LPSP  2.9608%  uni0   71.947  nint  8  waste  1.524  outage     0 h
  [779/803] rul        draw=193 LPSP  2.9667%  uni0   72.061  nint  7  waste  0.437  outage     0 h
  [780/803] instant    draw=194 LPSP  2.9386%  uni0   97.469  nint 14  waste  0.000  outage     0 h
  [781/803] corrective draw=194 LPSP  3.5312%  uni0  101.090  nint 13  waste  0.000  outage  8663 h
  [782/803] calendar   draw=194 LPSP  3.5312%  uni0  101.090  nint 13  waste  0.000  outage  8663 h
  [783/803] rul        draw=194 LPSP  2.9816%  uni0   97.009  nint 15  waste  1.887  outage     0 h
  [784/803] instant    draw=195 LPSP  2.9395%  uni0  108.471  nint 15  waste  0.000  outage     0 h
  [785/803] corrective draw=195 LPSP  3.9199%  uni0  114.475  nint 12  waste  0.000  outage 18836 h
  [786/803] calendar   draw=195 LPSP  3.9199%  uni0  114.475  nint 12  waste  0.000  outage 18836 h
  [787/803] rul        draw=195 LPSP  3.0074%  uni0  108.011  nint 12  waste  1.562  outage     0 h
  [788/803] instant    draw=196 LPSP  2.9720%  uni0   72.207  nint  8  waste  0.000  outage     0 h
  [789/803] corrective draw=196 LPSP  3.2131%  uni0   73.598  nint  8  waste  0.000  outage  8733 h
  [790/803] calendar   draw=196 LPSP  3.0881%  uni0   72.718  nint  5  waste  1.321  outage  3136 h
  [791/803] rul        draw=196 LPSP  2.9795%  uni0   72.063  nint  7  waste  0.601  outage     0 h
  [792/803] instant    draw=197 LPSP  2.9123%  uni0  112.386  nint 14  waste  0.000  outage     0 h
  [793/803] corrective draw=197 LPSP  3.0824%  uni0  112.606  nint 13  waste  0.000  outage  2633 h
  [794/803] calendar   draw=197 LPSP  3.0018%  uni0  111.991  nint 13  waste  0.355  outage     0 h
  [795/803] rul        draw=197 LPSP  3.0041%  uni0  111.999  nint  9  waste  0.771  outage     0 h
  [796/803] instant    draw=198 LPSP  2.9772%  uni0   64.182  nint  8  waste  0.000  outage     0 h
  [797/803] corrective draw=198 LPSP  3.7457%  uni0   69.268  nint  6  waste  0.000  outage 17774 h
  [798/803] calendar   draw=198 LPSP  3.7457%  uni0   69.268  nint  6  waste  0.000  outage 17774 h
  [799/803] rul        draw=198 LPSP  2.9780%  uni0   64.046  nint 10  waste  1.188  outage     0 h
  [800/803] instant    draw=199 LPSP  2.9662%  uni0  107.236  nint 13  waste  0.000  outage     0 h
  [801/803] corrective draw=199 LPSP  3.5716%  uni0  110.262  nint 12  waste  0.000  outage  7171 h
  [802/803] calendar   draw=199 LPSP  3.5716%  uni0  110.262  nint 12  waste  0.000  outage  7171 h
  [803/803] rul        draw=199 LPSP  3.1237%  uni0  106.794  nint 11  waste  0.956  outage     0 h
  (939s)

==============================================================================
COUT TOTAL [kEUR] a C_visite=1.5 (N=200, Tvisite=6m)
policy      |     mean |      P95 |     ES90 |   nint |   waste |  comp.-h
instant     |  106.775 |  147.774 |  148.848 |  11.62 |   0.000 |        0
corrective  |  107.545 |  145.815 |  147.636 |   9.87 |   0.000 |    10095
calendar    |  107.555 |  146.020 |  148.500 |  10.36 |   0.389 |     7224
rul         |  106.282 |  144.929 |  146.284 |  10.73 |   1.089 |        0
------------------------------------------------------------------------------
  rul - corrective       : -1.263 +/- 3.388 kEUR ; gagne 68%
  rul - calendar         : -1.274 +/- 3.414 kEUR ; gagne 66%
  calendar - corrective  : +0.011 +/- 1.795 kEUR ; gagne 20%
==============================================================================
Resultats : /Work/Users/tlenoir/genial/Robustesse/Vieillissement9_4/runs/p3_maintenance_320fe89eb55d/results.txt
Cache brut: /Work/Users/tlenoir/genial/Robustesse/Vieillissement9_4/runs/p3_maintenance_320fe89eb55d/results_raw.tsv
Figure    : /Work/Users/tlenoir/genial/Robustesse/Vieillissement9_4/runs/p3_maintenance_320fe89eb55d/figure.pdf

real	16m40,854s
user	484m23,224s
sys	0m37,738s
fin=2026-07-11T18:52:21+02:00
