job=215092 host=node4-11 cpus=32 debut=2026-07-11T17:28:06+02:00
script=/Work/Users/tlenoir/genial/Robustesse/Vieillissement9_4/bench_maintenance.py args=--tvisit 3 --margin 1
numpy 1.21.5 scipy 1.9.1 sympy 1.10.1
AVERTISSEMENT : tests unitaires complets non stages ; soumettre ce job avec afterok sur l'invariance.
=== VALEUR DE LA RUL -- maintenance insulaire (fenetres + cout fixe) ===
    horizon=25 ans | N_MC=200 | Tvisite=3m | marge RUL=1 | prev=fc+ely | mult U_log[0.50, 2.00] | seed=2026
    empreinte=748b2c584716 | sortie=/Work/Users/tlenoir/genial/Robustesse/Vieillissement9_4/runs/p3_maintenance_748b2c584716

--- Run nominal 'instant' (ages calendaires + test nul vs boucle de base)...
    TEST NUL instant==base : LPSP 0.000e+00 | deg 0.000e+00 kEUR | EENS 0.000e+00 kWh | trace=identique -> OK  (59s)
    vies nominales (1er remplacement) : bat=3.8904109589041096 fc=5.524543378995434 ely=None -> ages calendaires {'bat': 3.89, 'fc': 5.52, 'ely': None}

--- 803 runs a lancer (1 repris, 32 workers) ---
  [  1/803] corrective draw=-1  LPSP  3.3146%  uni0   84.661  nint 10  waste  0.000  outage  7467 h
  [  2/803] calendar   draw=-1  LPSP  2.9583%  uni0   82.033  nint 10  waste  0.039  outage     0 h
  [  3/803] rul        draw=-1  LPSP  2.9583%  uni0   82.033  nint 10  waste  0.039  outage     0 h
  [  4/803] instant    draw=0   LPSP  2.9508%  uni0  118.370  nint 15  waste  0.000  outage     0 h
  [  5/803] corrective draw=0   LPSP  3.0783%  uni0  119.058  nint 15  waste  0.000  outage  2320 h
  [  6/803] calendar   draw=0   LPSP  2.9877%  uni0  118.343  nint 16  waste  1.039  outage   114 h
  [  7/803] rul        draw=0   LPSP  2.9902%  uni0  118.423  nint 13  waste  0.068  outage   441 h
  [  8/803] instant    draw=1   LPSP  3.0071%  uni0  101.450  nint 12  waste  0.000  outage     0 h
  [  9/803] corrective draw=1   LPSP  3.1077%  uni0  101.983  nint 11  waste  0.000  outage  1593 h
  [ 10/803] calendar   draw=1   LPSP  3.0551%  uni0  101.421  nint 10  waste  1.535  outage     0 h
  [ 11/803] rul        draw=1   LPSP  3.0603%  uni0  101.604  nint 11  waste  0.097  outage     0 h
  [ 12/803] instant    draw=2   LPSP  2.8268%  uni0   80.695  nint 10  waste  0.000  outage     0 h
  [ 13/803] corrective draw=2   LPSP  3.0716%  uni0   82.369  nint  9  waste  0.000  outage  3530 h
  [ 14/803] calendar   draw=2   LPSP  2.8908%  uni0   80.840  nint 10  waste  0.147  outage     0 h
  [ 15/803] rul        draw=2   LPSP  2.8908%  uni0   80.840  nint 10  waste  0.147  outage     0 h
  [ 16/803] instant    draw=3   LPSP  2.8117%  uni0   83.626  nint 10  waste  0.000  outage     0 h
  [ 17/803] corrective draw=3   LPSP  3.0445%  uni0   85.118  nint 10  waste  0.000  outage  5217 h
  [ 18/803] calendar   draw=3   LPSP  2.8316%  uni0   83.340  nint 11  waste  1.509  outage     0 h
  [ 19/803] rul        draw=3   LPSP  2.8452%  uni0   83.597  nint 10  waste  0.034  outage     0 h
  [ 20/803] instant    draw=4   LPSP  2.9639%  uni0   73.700  nint  8  waste  0.000  outage     0 h
  [ 21/803] corrective draw=4   LPSP  3.0547%  uni0   73.988  nint  7  waste  0.000  outage  1939 h
  [ 22/803] calendar   draw=4   LPSP  3.0365%  uni0   73.823  nint  8  waste  1.105  outage     0 h
  [ 23/803] rul        draw=4   LPSP  3.0395%  uni0   73.957  nint  7  waste  0.009  outage   113 h
  [ 24/803] instant    draw=5   LPSP  3.0071%  uni0   76.645  nint 11  waste  0.000  outage     0 h
  [ 25/803] corrective draw=5   LPSP  3.3385%  uni0   78.962  nint 11  waste  0.000  outage  5883 h
  [ 26/803] calendar   draw=5   LPSP  3.3385%  uni0   78.962  nint 11  waste  0.000  outage  5883 h
  [ 27/803] rul        draw=5   LPSP  3.0084%  uni0   76.589  nint 11  waste  0.142  outage   105 h
  [ 28/803] instant    draw=6   LPSP  2.8129%  uni0   94.143  nint 11  waste  0.000  outage     0 h
  [ 29/803] corrective draw=6   LPSP  3.0535%  uni0   95.570  nint 10  waste  0.000  outage  3515 h
  [ 30/803] calendar   draw=6   LPSP  2.8663%  uni0   93.956  nint 12  waste  1.513  outage     0 h
  [ 31/803] rul        draw=6   LPSP  2.8798%  uni0   94.189  nint 11  waste  0.064  outage     0 h
  [ 32/803] instant    draw=7   LPSP  2.9051%  uni0   93.655  nint 12  waste  0.000  outage     0 h
  [ 33/803] corrective draw=7   LPSP  3.2497%  uni0   95.773  nint 11  waste  0.000  outage  6690 h
  [ 34/803] calendar   draw=7   LPSP  2.9651%  uni0   93.629  nint 11  waste  0.276  outage     0 h
  [ 35/803] rul        draw=7   LPSP  2.9687%  uni0   93.689  nint 11  waste  0.062  outage     0 h
  [ 36/803] instant    draw=8   LPSP  2.8338%  uni0   78.843  nint  9  waste  0.000  outage     0 h
  [ 37/803] corrective draw=8   LPSP  3.0095%  uni0   79.910  nint  9  waste  0.000  outage  3545 h
  [ 38/803] calendar   draw=8   LPSP  2.8764%  uni0   78.822  nint 10  waste  1.036  outage     0 h
  [ 39/803] rul        draw=8   LPSP  2.8865%  uni0   79.001  nint  9  waste  0.075  outage     0 h
  [ 40/803] instant    draw=9   LPSP  3.0118%  uni0   76.361  nint 10  waste  0.000  outage     0 h
  [ 41/803] corrective draw=9   LPSP  3.5102%  uni0   79.846  nint 10  waste  0.000  outage  8885 h
  [ 42/803] calendar   draw=9   LPSP  3.5102%  uni0   79.846  nint 10  waste  0.000  outage  8885 h
  [ 43/803] rul        draw=9   LPSP  3.0293%  uni0   76.438  nint 10  waste  0.183  outage     0 h
  [ 44/803] instant    draw=10  LPSP  3.0111%  uni0   68.619  nint  9  waste  0.000  outage     0 h
  [ 45/803] corrective draw=10  LPSP  3.3960%  uni0   71.275  nint  8  waste  0.000  outage  7429 h
  [ 46/803] calendar   draw=10  LPSP  3.3960%  uni0   71.275  nint  8  waste  0.000  outage  7429 h
  [ 47/803] rul        draw=10  LPSP  3.0200%  uni0   68.671  nint  8  waste  0.120  outage     0 h
  [ 48/803] instant    draw=11  LPSP  2.8909%  uni0   63.855  nint  8  waste  0.000  outage     0 h
  [ 49/803] corrective draw=11  LPSP  3.1889%  uni0   65.863  nint  8  waste  0.000  outage  6432 h
  [ 50/803] calendar   draw=11  LPSP  3.1889%  uni0   65.863  nint  8  waste  0.000  outage  6432 h
  [ 51/803] rul        draw=11  LPSP  2.9195%  uni0   64.021  nint  8  waste  0.017  outage   216 h
  [ 52/803] instant    draw=12  LPSP  2.9562%  uni0  121.239  nint 15  waste  0.000  outage     0 h
  [ 53/803] corrective draw=12  LPSP  3.1693%  uni0  122.236  nint 15  waste  0.000  outage  5116 h
  [ 54/803] calendar   draw=12  LPSP  3.0074%  uni0  120.995  nint 16  waste  1.291  outage  1190 h
  [ 55/803] rul        draw=12  LPSP  2.9957%  uni0  121.030  nint 15  waste  0.121  outage     0 h
  [ 56/803] instant    draw=13  LPSP  2.9384%  uni0  118.213  nint 15  waste  0.000  outage     0 h
  [ 57/803] corrective draw=13  LPSP  3.1955%  uni0  119.723  nint 14  waste  0.000  outage  3559 h
  [ 58/803] calendar   draw=13  LPSP  3.1955%  uni0  119.723  nint 14  waste  0.000  outage  3559 h
  [ 59/803] rul        draw=13  LPSP  2.9975%  uni0  118.175  nint 15  waste  0.166  outage     0 h
  [ 60/803] instant    draw=14  LPSP  2.8801%  uni0  101.519  nint 14  waste  0.000  outage     0 h
  [ 61/803] corrective draw=14  LPSP  2.9781%  uni0  101.895  nint 13  waste  0.000  outage  2609 h
  [ 62/803] calendar   draw=14  LPSP  2.9781%  uni0  101.895  nint 13  waste  0.000  outage  2609 h
  [ 63/803] rul        draw=14  LPSP  2.9256%  uni0  101.510  nint 14  waste  0.252  outage     0 h
  [ 64/803] instant    draw=15  LPSP  3.0269%  uni0   76.008  nint 10  waste  0.000  outage     0 h
  [ 65/803] corrective draw=15  LPSP  3.1910%  uni0   76.692  nint  8  waste  0.000  outage  7042 h
  [ 66/803] calendar   draw=15  LPSP  3.1910%  uni0   76.692  nint  8  waste  0.000  outage  7042 h
  [ 67/803] rul        draw=15  LPSP  3.0712%  uni0   76.082  nint  5  waste  0.134  outage     0 h
  [ 68/803] instant    draw=16  LPSP  2.9329%  uni0   68.623  nint  8  waste  0.000  outage     0 h
  [ 69/803] corrective draw=16  LPSP  3.5252%  uni0   73.085  nint  4  waste  0.000  outage  6823 h
  [ 70/803] calendar   draw=16  LPSP  2.9522%  uni0   68.686  nint  8  waste  0.053  outage     0 h
  [ 71/803] rul        draw=16  LPSP  2.9522%  uni0   68.686  nint  8  waste  0.053  outage     0 h
  [ 72/803] instant    draw=17  LPSP  2.8423%  uni0   63.272  nint  9  waste  0.000  outage     0 h
  [ 73/803] corrective draw=17  LPSP  3.1388%  uni0   65.282  nint  8  waste  0.000  outage  8328 h
  [ 74/803] calendar   draw=17  LPSP  3.1388%  uni0   65.282  nint  8  waste  0.000  outage  8328 h
  [ 75/803] rul        draw=17  LPSP  2.8530%  uni0   63.301  nint  9  waste  0.132  outage     0 h
  [ 76/803] instant    draw=18  LPSP  3.0190%  uni0  103.581  nint 14  waste  0.000  outage     0 h
  [ 77/803] corrective draw=18  LPSP  3.1479%  uni0  103.954  nint 11  waste  0.000  outage  2631 h
  [ 78/803] calendar   draw=18  LPSP  3.1479%  uni0  103.954  nint 11  waste  0.000  outage  2631 h
  [ 79/803] rul        draw=18  LPSP  3.0812%  uni0  103.524  nint 12  waste  0.104  outage   435 h
  [ 80/803] instant    draw=19  LPSP  2.8883%  uni0   96.326  nint 14  waste  0.000  outage     0 h
  [ 81/803] corrective draw=19  LPSP  3.3731%  uni0   99.644  nint 13  waste  0.000  outage 12661 h
  [ 82/803] calendar   draw=19  LPSP  3.3731%  uni0   99.644  nint 13  waste  0.000  outage 12661 h
  [ 83/803] rul        draw=19  LPSP  2.9171%  uni0   96.178  nint 14  waste  0.031  outage     0 h
  [ 84/803] instant    draw=20  LPSP  2.8177%  uni0   59.640  nint  6  waste  0.000  outage     0 h
  [ 85/803] corrective draw=20  LPSP  3.0949%  uni0   61.814  nint  6  waste  0.000  outage  2774 h
  [ 86/803] calendar   draw=20  LPSP  2.8061%  uni0   59.417  nint  7  waste  0.733  outage     0 h
  [ 87/803] rul        draw=20  LPSP  2.8152%  uni0   59.597  nint  6  waste  0.093  outage     0 h
  [ 88/803] instant    draw=21  LPSP  2.9411%  uni0   68.349  nint  7  waste  0.000  outage     0 h
  [ 89/803] corrective draw=21  LPSP  3.1114%  uni0   69.466  nint  7  waste  0.000  outage  3216 h
  [ 90/803] calendar   draw=21  LPSP  2.9673%  uni0   68.318  nint  8  waste  1.162  outage     0 h
  [ 91/803] rul        draw=21  LPSP  2.9760%  uni0   68.484  nint  7  waste  0.074  outage     0 h
  [ 92/803] instant    draw=22  LPSP  3.0015%  uni0   90.985  nint 13  waste  0.000  outage     0 h
  [ 93/803] corrective draw=22  LPSP  3.2847%  uni0   92.550  nint 12  waste  0.000  outage 10630 h
  [ 94/803] calendar   draw=22  LPSP  3.2847%  uni0   92.550  nint 12  waste  0.000  outage 10630 h
  [ 95/803] rul        draw=22  LPSP  3.0195%  uni0   91.025  nint 13  waste  0.118  outage     0 h
  [ 96/803] instant    draw=23  LPSP  2.9140%  uni0   67.652  nint  9  waste  0.000  outage     0 h
  [ 97/803] corrective draw=23  LPSP  3.1568%  uni0   69.043  nint  9  waste  0.000  outage  7657 h
  [ 98/803] calendar   draw=23  LPSP  3.1568%  uni0   69.043  nint  9  waste  0.000  outage  7657 h
  [ 99/803] rul        draw=23  LPSP  2.9111%  uni0   67.576  nint  8  waste  0.188  outage    71 h
  [100/803] instant    draw=24  LPSP  2.9284%  uni0  123.366  nint 14  waste  0.000  outage     0 h
  [101/803] corrective draw=24  LPSP  3.2585%  uni0  125.141  nint 12  waste  0.000  outage  3211 h
  [102/803] calendar   draw=24  LPSP  3.0015%  uni0  123.001  nint 16  waste  1.878  outage   554 h
  [103/803] rul        draw=24  LPSP  2.9965%  uni0  123.149  nint 14  waste  0.129  outage     0 h
  [104/803] instant    draw=25  LPSP  2.9960%  uni0   98.908  nint 11  waste  0.000  outage     0 h
  [105/803] corrective draw=25  LPSP  3.1386%  uni0   99.524  nint 11  waste  0.000  outage  3524 h
  [106/803] calendar   draw=25  LPSP  3.1160%  uni0   99.204  nint 13  waste  2.042  outage  2157 h
  [107/803] rul        draw=25  LPSP  3.0499%  uni0   98.923  nint 11  waste  0.113  outage     0 h
  [108/803] instant    draw=26  LPSP  2.8006%  uni0   90.381  nint 13  waste  0.000  outage     0 h
  [109/803] corrective draw=26  LPSP  2.9914%  uni0   91.663  nint 12  waste  0.000  outage  3216 h
  [110/803] calendar   draw=26  LPSP  2.9914%  uni0   91.663  nint 12  waste  0.000  outage  3216 h
  [111/803] rul        draw=26  LPSP  2.8320%  uni0   90.351  nint 12  waste  0.283  outage     0 h
  [112/803] instant    draw=27  LPSP  3.0060%  uni0   83.740  nint 10  waste  0.000  outage     0 h
  [113/803] corrective draw=27  LPSP  3.0767%  uni0   83.981  nint  9  waste  0.000  outage  2399 h
  [114/803] calendar   draw=27  LPSP  3.0339%  uni0   83.688  nint 10  waste  0.416  outage     0 h
  [115/803] rul        draw=27  LPSP  3.0536%  uni0   83.864  nint  8  waste  0.008  outage   527 h
  [116/803] instant    draw=28  LPSP  2.9941%  uni0   70.443  nint  9  waste  0.000  outage     0 h
  [117/803] corrective draw=28  LPSP  3.1272%  uni0   71.258  nint  8  waste  0.000  outage  2109 h
  [118/803] calendar   draw=28  LPSP  3.1272%  uni0   71.258  nint  8  waste  0.000  outage  2109 h
  [119/803] rul        draw=28  LPSP  3.0286%  uni0   70.532  nint  9  waste  0.230  outage   152 h
  [120/803] instant    draw=29  LPSP  2.9628%  uni0  120.527  nint 17  waste  0.000  outage     0 h
  [121/803] corrective draw=29  LPSP  3.2852%  uni0  121.673  nint 15  waste  0.000  outage  6677 h
  [122/803] calendar   draw=29  LPSP  3.2852%  uni0  121.673  nint 15  waste  0.000  outage  6677 h
  [123/803] rul        draw=29  LPSP  3.0431%  uni0  120.062  nint 13  waste  0.358  outage     0 h
  [124/803] instant    draw=30  LPSP  2.8281%  uni0   65.657  nint  7  waste  0.000  outage     0 h
  [125/803] corrective draw=30  LPSP  2.8894%  uni0   65.984  nint  7  waste  0.000  outage  2583 h
  [126/803] calendar   draw=30  LPSP  2.8319%  uni0   65.460  nint  4  waste  1.558  outage     0 h
  [127/803] rul        draw=30  LPSP  2.8565%  uni0   65.782  nint  7  waste  0.002  outage   422 h
  [128/803] instant    draw=31  LPSP  2.9932%  uni0   87.175  nint 11  waste  0.000  outage     0 h
  [129/803] corrective draw=31  LPSP  3.2324%  uni0   88.742  nint 11  waste  0.000  outage  7299 h
  [130/803] calendar   draw=31  LPSP  3.2324%  uni0   88.742  nint 11  waste  0.000  outage  7299 h
  [131/803] rul        draw=31  LPSP  3.0072%  uni0   87.225  nint 10  waste  0.134  outage     0 h
  [132/803] instant    draw=32  LPSP  2.8955%  uni0   64.808  nint  8  waste  0.000  outage     0 h
  [133/803] corrective draw=32  LPSP  3.2309%  uni0   66.947  nint  8  waste  0.000  outage  8000 h
  [134/803] calendar   draw=32  LPSP  2.9464%  uni0   65.098  nint  8  waste  0.053  outage   797 h
  [135/803] rul        draw=32  LPSP  2.9109%  uni0   64.851  nint  8  waste  0.121  outage     0 h
  [136/803] instant    draw=33  LPSP  2.8528%  uni0   91.860  nint 12  waste  0.000  outage     0 h
  [137/803] corrective draw=33  LPSP  2.9229%  uni0   91.911  nint 10  waste  0.000  outage   219 h
  [138/803] calendar   draw=33  LPSP  2.9005%  uni0   91.638  nint 11  waste  0.607  outage     0 h
  [139/803] rul        draw=33  LPSP  2.9229%  uni0   91.911  nint 10  waste  0.000  outage   219 h
  [140/803] instant    draw=34  LPSP  2.9172%  uni0   64.821  nint  8  waste  0.000  outage     0 h
  [141/803] corrective draw=34  LPSP  3.2144%  uni0   66.816  nint  7  waste  0.000  outage  7606 h
  [142/803] calendar   draw=34  LPSP  3.2144%  uni0   66.816  nint  7  waste  0.000  outage  7606 h
  [143/803] rul        draw=34  LPSP  2.9209%  uni0   64.817  nint  8  waste  0.098  outage     0 h
  [144/803] instant    draw=35  LPSP  2.9493%  uni0   69.306  nint  7  waste  0.000  outage     0 h
  [145/803] corrective draw=35  LPSP  3.1414%  uni0   70.661  nint  6  waste  0.000  outage  2984 h
  [146/803] calendar   draw=35  LPSP  3.0745%  uni0   70.037  nint  8  waste  2.341  outage  2123 h
  [147/803] rul        draw=35  LPSP  2.9517%  uni0   69.270  nint  6  waste  0.163  outage     0 h
  [148/803] instant    draw=36  LPSP  2.9636%  uni0  129.414  nint 17  waste  0.000  outage     0 h
  [149/803] corrective draw=36  LPSP  3.2938%  uni0  130.781  nint 14  waste  0.000  outage  4470 h
  [150/803] calendar   draw=36  LPSP  3.2230%  uni0  130.064  nint 15  waste  0.646  outage  1935 h
  [151/803] rul        draw=36  LPSP  3.0777%  uni0  128.812  nint 15  waste  0.015  outage   483 h
  [152/803] instant    draw=37  LPSP  2.9976%  uni0   69.133  nint  8  waste  0.000  outage     0 h
  [153/803] corrective draw=37  LPSP  3.5470%  uni0   73.081  nint  8  waste  0.000  outage  7578 h
  [154/803] calendar   draw=37  LPSP  3.5470%  uni0   73.081  nint  8  waste  0.000  outage  7578 h
  [155/803] rul        draw=37  LPSP  3.0175%  uni0   69.166  nint  8  waste  0.036  outage     0 h
  [156/803] instant    draw=38  LPSP  2.9699%  uni0  134.727  nint 19  waste  0.000  outage     0 h
  [157/803] corrective draw=38  LPSP  3.3003%  uni0  136.556  nint 18  waste  0.000  outage  8705 h
  [158/803] calendar   draw=38  LPSP  3.3003%  uni0  136.556  nint 18  waste  0.000  outage  8705 h
  [159/803] rul        draw=38  LPSP  3.0028%  uni0  134.553  nint 13  waste  0.217  outage     0 h
  [160/803] instant    draw=39  LPSP  2.8559%  uni0   76.268  nint 10  waste  0.000  outage     0 h
  [161/803] corrective draw=39  LPSP  3.3879%  uni0   80.344  nint  5  waste  0.000  outage  5103 h
  [162/803] calendar   draw=39  LPSP  3.3879%  uni0   80.344  nint  5  waste  0.000  outage  5103 h
  [163/803] rul        draw=39  LPSP  2.8673%  uni0   76.263  nint 10  waste  0.205  outage     0 h
  [164/803] instant    draw=40  LPSP  2.9574%  uni0  104.771  nint 13  waste  0.000  outage     0 h
  [165/803] corrective draw=40  LPSP  3.5926%  uni0  109.223  nint 12  waste  0.000  outage  7594 h
  [166/803] calendar   draw=40  LPSP  3.0756%  uni0  105.091  nint 13  waste  0.081  outage  1766 h
  [167/803] rul        draw=40  LPSP  3.0208%  uni0  104.764  nint 13  waste  0.068  outage     0 h
  [168/803] instant    draw=41  LPSP  2.9300%  uni0   86.864  nint 13  waste  0.000  outage     0 h
  [169/803] corrective draw=41  LPSP  3.2600%  uni0   88.905  nint 13  waste  0.000  outage  6750 h
  [170/803] calendar   draw=41  LPSP  3.2600%  uni0   88.905  nint 13  waste  0.000  outage  6750 h
  [171/803] rul        draw=41  LPSP  2.9983%  uni0   87.219  nint 12  waste  0.142  outage   567 h
  [172/803] instant    draw=42  LPSP  3.0312%  uni0  102.786  nint 13  waste  0.000  outage     0 h
  [173/803] corrective draw=42  LPSP  3.5374%  uni0  106.082  nint 13  waste  0.000  outage  7609 h
  [174/803] calendar   draw=42  LPSP  3.0935%  uni0  102.769  nint 13  waste  0.090  outage     5 h
  [175/803] rul        draw=42  LPSP  3.0756%  uni0  102.626  nint 13  waste  0.184  outage     0 h
  [176/803] instant    draw=43  LPSP  2.9475%  uni0   76.195  nint  9  waste  0.000  outage     0 h
  [177/803] corrective draw=43  LPSP  3.3824%  uni0   79.194  nint  7  waste  0.000  outage  8063 h
  [178/803] calendar   draw=43  LPSP  2.9978%  uni0   76.255  nint  9  waste  0.435  outage     0 h
  [179/803] rul        draw=43  LPSP  3.0045%  uni0   76.344  nint  9  waste  0.024  outage     0 h
  [180/803] instant    draw=44  LPSP  2.9479%  uni0  114.846  nint 14  waste  0.000  outage     0 h
  [181/803] corrective draw=44  LPSP  3.1813%  uni0  115.688  nint 13  waste  0.000  outage  4515 h
  [182/803] calendar   draw=44  LPSP  3.0521%  uni0  114.678  nint 14  waste  1.129  outage  1353 h
  [183/803] rul        draw=44  LPSP  3.0255%  uni0  114.605  nint 13  waste  0.063  outage   276 h
  [184/803] instant    draw=45  LPSP  2.9621%  uni0  111.197  nint 14  waste  0.000  outage     0 h
  [185/803] corrective draw=45  LPSP  3.2468%  uni0  113.004  nint 13  waste  0.000  outage  7069 h
  [186/803] calendar   draw=45  LPSP  2.9990%  uni0  111.104  nint 14  waste  0.849  outage  2017 h
  [187/803] rul        draw=45  LPSP  2.9906%  uni0  111.212  nint 12  waste  0.048  outage     0 h
  [188/803] instant    draw=46  LPSP  2.9148%  uni0  113.758  nint 15  waste  0.000  outage     0 h
  [189/803] corrective draw=46  LPSP  3.1510%  uni0  114.759  nint 13  waste  0.000  outage  3832 h
  [190/803] calendar   draw=46  LPSP  2.9934%  uni0  113.512  nint 13  waste  0.343  outage     0 h
  [191/803] rul        draw=46  LPSP  2.9957%  uni0  113.561  nint 14  waste  0.136  outage     0 h
  [192/803] instant    draw=47  LPSP  2.9660%  uni0   82.333  nint 13  waste  0.000  outage     0 h
  [193/803] corrective draw=47  LPSP  3.3105%  uni0   84.661  nint 13  waste  0.000  outage  7349 h
  [194/803] calendar   draw=47  LPSP  3.3105%  uni0   84.661  nint 13  waste  0.000  outage  7349 h
  [195/803] rul        draw=47  LPSP  2.9757%  uni0   82.319  nint 13  waste  0.537  outage     0 h
  [196/803] instant    draw=48  LPSP  2.9445%  uni0   73.888  nint 11  waste  0.000  outage     0 h
  [197/803] corrective draw=48  LPSP  3.1481%  uni0   75.064  nint  9  waste  0.000  outage  5670 h
  [198/803] calendar   draw=48  LPSP  3.1481%  uni0   75.064  nint  9  waste  0.000  outage  5670 h
  [199/803] rul        draw=48  LPSP  2.9596%  uni0   73.911  nint 12  waste  0.557  outage   312 h
  [200/803] instant    draw=49  LPSP  2.8097%  uni0  101.044  nint 14  waste  0.000  outage     0 h
  [201/803] corrective draw=49  LPSP  3.0656%  uni0  102.392  nint 13  waste  0.000  outage  5709 h
  [202/803] calendar   draw=49  LPSP  3.0656%  uni0  102.392  nint 13  waste  0.000  outage  5709 h
  [203/803] rul        draw=49  LPSP  2.8712%  uni0  100.896  nint 14  waste  0.170  outage     0 h
  [204/803] instant    draw=50  LPSP  3.0079%  uni0   70.955  nint  7  waste  0.000  outage     0 h
  [205/803] corrective draw=50  LPSP  3.0986%  uni0   71.638  nint  6  waste  0.000  outage  1076 h
  [206/803] calendar   draw=50  LPSP  3.0042%  uni0   70.734  nint  8  waste  2.088  outage     0 h
  [207/803] rul        draw=50  LPSP  3.0314%  uni0   71.104  nint  6  waste  0.028  outage   556 h
  [208/803] instant    draw=51  LPSP  2.9622%  uni0  107.107  nint 14  waste  0.000  outage     0 h
  [209/803] corrective draw=51  LPSP  3.2368%  uni0  108.415  nint 13  waste  0.000  outage  7106 h
  [210/803] calendar   draw=51  LPSP  3.1013%  uni0  107.594  nint 10  waste  0.124  outage   726 h
  [211/803] rul        draw=51  LPSP  3.0250%  uni0  107.001  nint 10  waste  0.183  outage     0 h
  [212/803] instant    draw=52  LPSP  2.8089%  uni0   75.848  nint 12  waste  0.000  outage     0 h
  [213/803] corrective draw=52  LPSP  3.0682%  uni0   77.469  nint 12  waste  0.000  outage  6760 h
  [214/803] calendar   draw=52  LPSP  3.0682%  uni0   77.469  nint 12  waste  0.000  outage  6760 h
  [215/803] rul        draw=52  LPSP  2.8457%  uni0   75.882  nint 13  waste  0.482  outage     0 h
  [216/803] instant    draw=53  LPSP  2.9432%  uni0   78.104  nint  9  waste  0.000  outage     0 h
  [217/803] corrective draw=53  LPSP  3.3083%  uni0   80.682  nint  8  waste  0.000  outage  5343 h
  [218/803] calendar   draw=53  LPSP  3.0707%  uni0   78.871  nint 10  waste  1.165  outage  1425 h
  [219/803] rul        draw=53  LPSP  2.9633%  uni0   78.054  nint  9  waste  0.114  outage     0 h
  [220/803] instant    draw=54  LPSP  2.7900%  uni0   71.792  nint  7  waste  0.000  outage     0 h
  [221/803] corrective draw=54  LPSP  2.8524%  uni0   72.215  nint  7  waste  0.000  outage  2786 h
  [222/803] calendar   draw=54  LPSP  2.7880%  uni0   71.450  nint  9  waste  1.984  outage     0 h
  [223/803] rul        draw=54  LPSP  2.8077%  uni0   71.843  nint  7  waste  0.036  outage     0 h
  [224/803] instant    draw=55  LPSP  2.9656%  uni0   79.514  nint 11  waste  0.000  outage     0 h
  [225/803] corrective draw=55  LPSP  3.7476%  uni0   85.170  nint 11  waste  0.000  outage  9516 h
  [226/803] calendar   draw=55  LPSP  3.7476%  uni0   85.170  nint 11  waste  0.000  outage  9516 h
  [227/803] rul        draw=55  LPSP  2.9910%  uni0   79.585  nint 11  waste  0.080  outage     0 h
  [228/803] instant    draw=56  LPSP  2.9469%  uni0   95.241  nint 13  waste  0.000  outage     0 h
  [229/803] corrective draw=56  LPSP  3.2168%  uni0   96.636  nint 13  waste  0.000  outage  4355 h
  [230/803] calendar   draw=56  LPSP  3.2168%  uni0   96.636  nint 13  waste  0.000  outage  4355 h
  [231/803] rul        draw=56  LPSP  3.0247%  uni0   95.278  nint 13  waste  0.234  outage   101 h
  [232/803] instant    draw=57  LPSP  2.7889%  uni0   88.813  nint 12  waste  0.000  outage     0 h
  [233/803] corrective draw=57  LPSP  2.9302%  uni0   89.705  nint 11  waste  0.000  outage  2509 h
  [234/803] calendar   draw=57  LPSP  2.8226%  uni0   88.816  nint 11  waste  0.379  outage     0 h
  [235/803] rul        draw=57  LPSP  2.8283%  uni0   88.895  nint 11  waste  0.163  outage     0 h
  [236/803] instant    draw=58  LPSP  2.9495%  uni0  119.133  nint 15  waste  0.000  outage     0 h
  [237/803] corrective draw=58  LPSP  3.3090%  uni0  121.582  nint 14  waste  0.000  outage  4880 h
  [238/803] calendar   draw=58  LPSP  2.9868%  uni0  118.835  nint 16  waste  1.748  outage  1679 h
  [239/803] rul        draw=58  LPSP  2.9889%  uni0  119.152  nint 14  waste  0.060  outage     0 h
  [240/803] instant    draw=59  LPSP  2.8068%  uni0   82.232  nint 11  waste  0.000  outage     0 h
  [241/803] corrective draw=59  LPSP  2.9998%  uni0   83.499  nint  9  waste  0.000  outage  5444 h
  [242/803] calendar   draw=59  LPSP  2.8365%  uni0   82.103  nint 10  waste  0.517  outage     0 h
  [243/803] rul        draw=59  LPSP  2.8465%  uni0   82.251  nint 10  waste  0.094  outage     0 h
  [244/803] instant    draw=60  LPSP  2.8457%  uni0   68.969  nint  8  waste  0.000  outage     0 h
  [245/803] corrective draw=60  LPSP  3.0500%  uni0   70.363  nint  7  waste  0.000  outage  4153 h
  [246/803] calendar   draw=60  LPSP  2.8624%  uni0   68.874  nint  8  waste  0.822  outage     0 h
  [247/803] rul        draw=60  LPSP  2.8728%  uni0   69.010  nint  7  waste  0.060  outage     0 h
  [248/803] instant    draw=61  LPSP  2.7929%  uni0  115.717  nint 16  waste  0.000  outage     0 h
  [249/803] corrective draw=61  LPSP  2.9734%  uni0  116.387  nint 15  waste  0.000  outage  3427 h
  [250/803] calendar   draw=61  LPSP  2.9734%  uni0  116.387  nint 15  waste  0.000  outage  3427 h
  [251/803] rul        draw=61  LPSP  2.8582%  uni0  115.481  nint 16  waste  0.232  outage     0 h
  [252/803] instant    draw=62  LPSP  2.9008%  uni0   95.635  nint 12  waste  0.000  outage     0 h
  [253/803] corrective draw=62  LPSP  3.2735%  uni0   98.279  nint 12  waste  0.000  outage  6238 h
  [254/803] calendar   draw=62  LPSP  3.2735%  uni0   98.279  nint 12  waste  0.000  outage  6238 h
  [255/803] rul        draw=62  LPSP  2.9208%  uni0   95.586  nint 11  waste  0.064  outage     0 h
  [256/803] instant    draw=63  LPSP  2.9642%  uni0   70.668  nint  9  waste  0.000  outage     0 h
  [257/803] corrective draw=63  LPSP  3.2716%  uni0   72.906  nint  7  waste  0.000  outage  3177 h
  [258/803] calendar   draw=63  LPSP  3.1888%  uni0   72.152  nint  9  waste  0.156  outage  2189 h
  [259/803] rul        draw=63  LPSP  3.0057%  uni0   70.780  nint  9  waste  0.157  outage     0 h
  [260/803] instant    draw=64  LPSP  3.0286%  uni0   77.854  nint 11  waste  0.000  outage     0 h
  [261/803] corrective draw=64  LPSP  3.4410%  uni0   80.644  nint  9  waste  0.000  outage  7134 h
  [262/803] calendar   draw=64  LPSP  3.4410%  uni0   80.644  nint  9  waste  0.000  outage  7134 h
  [263/803] rul        draw=64  LPSP  3.0516%  uni0   77.836  nint 11  waste  0.305  outage     0 h
  [264/803] instant    draw=65  LPSP  2.9678%  uni0   90.902  nint 12  waste  0.000  outage     0 h
  [265/803] corrective draw=65  LPSP  3.1984%  uni0   92.209  nint 11  waste  0.000  outage  5890 h
  [266/803] calendar   draw=65  LPSP  3.0142%  uni0   90.967  nint 11  waste  0.100  outage   476 h
  [267/803] rul        draw=65  LPSP  3.0048%  uni0   90.929  nint 11  waste  0.183  outage     0 h
  [268/803] instant    draw=66  LPSP  2.9790%  uni0   63.353  nint  9  waste  0.000  outage     0 h
  [269/803] corrective draw=66  LPSP  3.1617%  uni0   64.593  nint  9  waste  0.000  outage  3616 h
  [270/803] calendar   draw=66  LPSP  3.1617%  uni0   64.593  nint  9  waste  0.000  outage  3616 h
  [271/803] rul        draw=66  LPSP  3.0262%  uni0   63.601  nint  9  waste  0.296  outage   199 h
  [272/803] instant    draw=67  LPSP  2.8567%  uni0  106.084  nint 14  waste  0.000  outage     0 h
  [273/803] corrective draw=67  LPSP  2.9269%  uni0  106.360  nint 13  waste  0.000  outage  2414 h
  [274/803] calendar   draw=67  LPSP  2.9269%  uni0  106.360  nint 13  waste  0.000  outage  2414 h
  [275/803] rul        draw=67  LPSP  2.8921%  uni0  106.092  nint  9  waste  0.187  outage     0 h
  [276/803] instant    draw=68  LPSP  2.8759%  uni0   65.229  nint  9  waste  0.000  outage     0 h
  [277/803] corrective draw=68  LPSP  3.2489%  uni0   67.740  nint  7  waste  0.000  outage  7364 h
  [278/803] calendar   draw=68  LPSP  3.2489%  uni0   67.740  nint  7  waste  0.000  outage  7364 h
  [279/803] rul        draw=68  LPSP  2.9246%  uni0   65.360  nint  8  waste  0.129  outage     0 h
  [280/803] instant    draw=69  LPSP  2.9516%  uni0   70.546  nint 10  waste  0.000  outage     0 h
  [281/803] corrective draw=69  LPSP  3.1854%  uni0   71.943  nint 10  waste  0.000  outage  6340 h
  [282/803] calendar   draw=69  LPSP  3.1854%  uni0   71.943  nint 10  waste  0.000  outage  6340 h
  [283/803] rul        draw=69  LPSP  2.9703%  uni0   70.659  nint 10  waste  0.317  outage     0 h
  [284/803] instant    draw=70  LPSP  2.9680%  uni0   92.867  nint 13  waste  0.000  outage     0 h
  [285/803] corrective draw=70  LPSP  3.3590%  uni0   95.447  nint 13  waste  0.000  outage  8184 h
  [286/803] calendar   draw=70  LPSP  3.3590%  uni0   95.447  nint 13  waste  0.000  outage  8184 h
  [287/803] rul        draw=70  LPSP  2.9837%  uni0   92.870  nint 13  waste  0.203  outage     0 h
  [288/803] instant    draw=71  LPSP  2.9394%  uni0   75.002  nint  8  waste  0.000  outage     0 h
  [289/803] corrective draw=71  LPSP  3.1222%  uni0   76.307  nint  8  waste  0.000  outage  3200 h
  [290/803] calendar   draw=71  LPSP  3.0139%  uni0   75.350  nint  9  waste  1.478  outage  1209 h
  [291/803] rul        draw=71  LPSP  2.9696%  uni0   75.185  nint  8  waste  0.071  outage   244 h
  [292/803] instant    draw=72  LPSP  2.9754%  uni0   79.222  nint  9  waste  0.000  outage     0 h
  [293/803] corrective draw=72  LPSP  3.0209%  uni0   79.436  nint  9  waste  0.000  outage  1211 h
  [294/803] calendar   draw=72  LPSP  2.9762%  uni0   78.973  nint 10  waste  1.543  outage   787 h
  [295/803] rul        draw=72  LPSP  2.9885%  uni0   79.228  nint  9  waste  0.135  outage    78 h
  [296/803] instant    draw=73  LPSP  2.9164%  uni0   87.067  nint 10  waste  0.000  outage     0 h
  [297/803] corrective draw=73  LPSP  3.2069%  uni0   89.114  nint 10  waste  0.000  outage  3288 h
  [298/803] calendar   draw=73  LPSP  2.9374%  uni0   86.894  nint 11  waste  0.885  outage     0 h
  [299/803] rul        draw=73  LPSP  2.9492%  uni0   87.083  nint 10  waste  0.089  outage     0 h
  [300/803] instant    draw=74  LPSP  2.9648%  uni0   76.089  nint 10  waste  0.000  outage     0 h
  [301/803] corrective draw=74  LPSP  3.5642%  uni0   80.316  nint  9  waste  0.000  outage  6870 h
  [302/803] calendar   draw=74  LPSP  3.5642%  uni0   80.316  nint  9  waste  0.000  outage  6870 h
  [303/803] rul        draw=74  LPSP  3.0360%  uni0   76.238  nint  9  waste  0.134  outage     0 h
  [304/803] instant    draw=75  LPSP  2.9968%  uni0  118.706  nint 18  waste  0.000  outage     0 h
  [305/803] corrective draw=75  LPSP  3.2889%  uni0  119.892  nint 16  waste  0.000  outage  4127 h
  [306/803] calendar   draw=75  LPSP  3.2889%  uni0  119.892  nint 16  waste  0.000  outage  4127 h
  [307/803] rul        draw=75  LPSP  3.0798%  uni0  118.284  nint 16  waste  0.617  outage     0 h
  [308/803] instant    draw=76  LPSP  2.8088%  uni0   94.934  nint 12  waste  0.000  outage     0 h
  [309/803] corrective draw=76  LPSP  3.1608%  uni0   97.270  nint 12  waste  0.000  outage  4818 h
  [310/803] calendar   draw=76  LPSP  3.1608%  uni0   97.270  nint 12  waste  0.000  outage  4818 h
  [311/803] rul        draw=76  LPSP  2.8588%  uni0   94.885  nint 11  waste  0.110  outage     0 h
  [312/803] instant    draw=77  LPSP  2.9969%  uni0   90.367  nint 13  waste  0.000  outage     0 h
  [313/803] corrective draw=77  LPSP  3.2748%  uni0   91.867  nint 12  waste  0.000  outage 11534 h
  [314/803] calendar   draw=77  LPSP  3.2748%  uni0   91.867  nint 12  waste  0.000  outage 11534 h
  [315/803] rul        draw=77  LPSP  3.0066%  uni0   90.365  nint 13  waste  0.059  outage     0 h
  [316/803] instant    draw=78  LPSP  2.8044%  uni0   73.790  nint  8  waste  0.000  outage     0 h
  [317/803] corrective draw=78  LPSP  2.9037%  uni0   74.550  nint  8  waste  0.000  outage  2760 h
  [318/803] calendar   draw=78  LPSP  2.8021%  uni0   73.690  nint  9  waste  0.863  outage     0 h
  [319/803] rul        draw=78  LPSP  2.8110%  uni0   73.828  nint  8  waste  0.089  outage     0 h
  [320/803] instant    draw=79  LPSP  2.9177%  uni0   86.304  nint 13  waste  0.000  outage     0 h
  [321/803] corrective draw=79  LPSP  3.2246%  uni0   88.166  nint 13  waste  0.000  outage  5532 h
  [322/803] calendar   draw=79  LPSP  3.2246%  uni0   88.166  nint 13  waste  0.000  outage  5532 h
  [323/803] rul        draw=79  LPSP  2.9759%  uni0   86.316  nint 13  waste  0.440  outage     0 h
  [324/803] instant    draw=80  LPSP  2.9477%  uni0  125.130  nint 17  waste  0.000  outage     0 h
  [325/803] corrective draw=80  LPSP  3.2805%  uni0  126.742  nint 16  waste  0.000  outage  6893 h
  [326/803] calendar   draw=80  LPSP  3.2805%  uni0  126.742  nint 16  waste  0.000  outage  6893 h
  [327/803] rul        draw=80  LPSP  3.0486%  uni0  124.429  nint 11  waste  0.143  outage     0 h
  [328/803] instant    draw=81  LPSP  2.9995%  uni0   92.856  nint 13  waste  0.000  outage     0 h
  [329/803] corrective draw=81  LPSP  3.2265%  uni0   93.939  nint 13  waste  0.000  outage  9433 h
  [330/803] calendar   draw=81  LPSP  3.2265%  uni0   93.939  nint 13  waste  0.000  outage  9433 h
  [331/803] rul        draw=81  LPSP  3.0238%  uni0   92.815  nint  7  waste  0.207  outage     0 h
  [332/803] instant    draw=82  LPSP  3.0113%  uni0   97.030  nint 13  waste  0.000  outage     0 h
  [333/803] corrective draw=82  LPSP  3.2204%  uni0   98.093  nint 11  waste  0.000  outage  3113 h
  [334/803] calendar   draw=82  LPSP  3.1261%  uni0   97.259  nint 12  waste  0.579  outage  2025 h
  [335/803] rul        draw=82  LPSP  3.0647%  uni0   96.945  nint 12  waste  0.169  outage   204 h
  [336/803] instant    draw=83  LPSP  2.8063%  uni0  107.069  nint 13  waste  0.000  outage     0 h
  [337/803] corrective draw=83  LPSP  3.1373%  uni0  108.751  nint 12  waste  0.000  outage  6338 h
  [338/803] calendar   draw=83  LPSP  2.8704%  uni0  106.582  nint 13  waste  0.768  outage     0 h
  [339/803] rul        draw=83  LPSP  2.8806%  uni0  106.726  nint 12  waste  0.011  outage     0 h
  [340/803] instant    draw=84  LPSP  2.8344%  uni0   61.205  nint  7  waste  0.000  outage     0 h
  [341/803] corrective draw=84  LPSP  2.8811%  uni0   61.508  nint  6  waste  0.000  outage  1202 h
  [342/803] calendar   draw=84  LPSP  2.8374%  uni0   61.097  nint  7  waste  0.906  outage     0 h
  [343/803] rul        draw=84  LPSP  2.8550%  uni0   61.312  nint  6  waste  0.123  outage     0 h
  [344/803] instant    draw=85  LPSP  2.9405%  uni0  100.256  nint 12  waste  0.000  outage     0 h
  [345/803] corrective draw=85  LPSP  3.2426%  uni0  102.441  nint 12  waste  0.000  outage  5036 h
  [346/803] calendar   draw=85  LPSP  2.9684%  uni0  100.211  nint  9  waste  1.362  outage     0 h
  [347/803] rul        draw=85  LPSP  2.9701%  uni0  100.338  nint 12  waste  0.042  outage     0 h
  [348/803] instant    draw=86  LPSP  2.8239%  uni0   87.306  nint 12  waste  0.000  outage     0 h
  [349/803] corrective draw=86  LPSP  3.2352%  uni0   90.080  nint 12  waste  0.000  outage  7120 h
  [350/803] calendar   draw=86  LPSP  3.2352%  uni0   90.080  nint 12  waste  0.000  outage  7120 h
  [351/803] rul        draw=86  LPSP  2.8706%  uni0   87.326  nint 12  waste  0.129  outage     0 h
  [352/803] instant    draw=87  LPSP  2.9442%  uni0   93.507  nint 12  waste  0.000  outage     0 h
  [353/803] corrective draw=87  LPSP  3.1431%  uni0   94.483  nint 11  waste  0.000  outage  3258 h
  [354/803] calendar   draw=87  LPSP  2.9872%  uni0   93.214  nint 12  waste  0.648  outage   597 h
  [355/803] rul        draw=87  LPSP  3.0103%  uni0   93.553  nint 11  waste  0.115  outage   603 h
  [356/803] instant    draw=88  LPSP  2.9770%  uni0  111.058  nint 14  waste  0.000  outage     0 h
  [357/803] corrective draw=88  LPSP  3.1749%  uni0  112.222  nint 13  waste  0.000  outage  4797 h
  [358/803] calendar   draw=88  LPSP  3.0480%  uni0  111.163  nint 14  waste  0.896  outage  1764 h
  [359/803] rul        draw=88  LPSP  3.0054%  uni0  111.008  nint 13  waste  0.090  outage     0 h
  [360/803] instant    draw=89  LPSP  2.9296%  uni0   80.551  nint 11  waste  0.000  outage     0 h
  [361/803] corrective draw=89  LPSP  3.4472%  uni0   83.923  nint  5  waste  0.000  outage  5975 h
  [362/803] calendar   draw=89  LPSP  3.4472%  uni0   83.923  nint  5  waste  0.000  outage  5975 h
  [363/803] rul        draw=89  LPSP  3.0053%  uni0   80.683  nint 10  waste  0.185  outage     0 h
  [364/803] instant    draw=90  LPSP  2.9280%  uni0  103.918  nint 14  waste  0.000  outage     0 h
  [365/803] corrective draw=90  LPSP  3.3426%  uni0  106.306  nint 13  waste  0.000  outage 10077 h
  [366/803] calendar   draw=90  LPSP  3.3426%  uni0  106.306  nint 13  waste  0.000  outage 10077 h
  [367/803] rul        draw=90  LPSP  2.9844%  uni0  103.991  nint 12  waste  0.177  outage     0 h
  [368/803] instant    draw=91  LPSP  2.7895%  uni0   58.848  nint  7  waste  0.000  outage     0 h
  [369/803] corrective draw=91  LPSP  2.8789%  uni0   59.453  nint  7  waste  0.000  outage  2147 h
  [370/803] calendar   draw=91  LPSP  2.8789%  uni0   59.453  nint  7  waste  0.000  outage  2147 h
  [371/803] rul        draw=91  LPSP  2.8124%  uni0   58.963  nint  7  waste  0.199  outage     0 h
  [372/803] instant    draw=92  LPSP  2.8379%  uni0  105.211  nint 15  waste  0.000  outage     0 h
  [373/803] corrective draw=92  LPSP  2.9823%  uni0  106.246  nint 13  waste  0.000  outage  2485 h
  [374/803] calendar   draw=92  LPSP  2.9823%  uni0  106.246  nint 13  waste  0.000  outage  2485 h
  [375/803] rul        draw=92  LPSP  2.8365%  uni0  105.076  nint 14  waste  0.282  outage     0 h
  [376/803] instant    draw=93  LPSP  2.9575%  uni0  125.014  nint 18  waste  0.000  outage     0 h
  [377/803] corrective draw=93  LPSP  3.3865%  uni0  127.528  nint 17  waste  0.000  outage  8840 h
  [378/803] calendar   draw=93  LPSP  3.3865%  uni0  127.528  nint 17  waste  0.000  outage  8840 h
  [379/803] rul        draw=93  LPSP  2.9862%  uni0  124.703  nint 18  waste  0.230  outage     0 h
  [380/803] instant    draw=94  LPSP  2.8871%  uni0  126.294  nint 18  waste  0.000  outage     0 h
  [381/803] corrective draw=94  LPSP  3.7379%  uni0  132.696  nint 12  waste  0.000  outage 11576 h
  [382/803] calendar   draw=94  LPSP  3.7379%  uni0  132.696  nint 12  waste  0.000  outage 11576 h
  [383/803] rul        draw=94  LPSP  2.9043%  uni0  126.169  nint 18  waste  0.093  outage     0 h
  [384/803] instant    draw=95  LPSP  2.9490%  uni0  114.247  nint 15  waste  0.000  outage     0 h
  [385/803] corrective draw=95  LPSP  3.3734%  uni0  116.305  nint 14  waste  0.000  outage 10407 h
  [386/803] calendar   draw=95  LPSP  3.3734%  uni0  116.305  nint 14  waste  0.000  outage 10407 h
  [387/803] rul        draw=95  LPSP  3.0387%  uni0  114.092  nint 15  waste  0.142  outage    24 h
  [388/803] instant    draw=96  LPSP  2.8602%  uni0   61.553  nint  8  waste  0.000  outage     0 h
  [389/803] corrective draw=96  LPSP  2.9150%  uni0   61.886  nint  8  waste  0.000  outage  2241 h
  [390/803] calendar   draw=96  LPSP  2.9150%  uni0   61.886  nint  8  waste  0.000  outage  2241 h
  [391/803] rul        draw=96  LPSP  2.8647%  uni0   61.565  nint  8  waste  0.009  outage   230 h
  [392/803] instant    draw=97  LPSP  2.9421%  uni0  104.249  nint 12  waste  0.000  outage     0 h
  [393/803] corrective draw=97  LPSP  3.1658%  uni0  105.235  nint 12  waste  0.000  outage  3383 h
  [394/803] calendar   draw=97  LPSP  3.0226%  uni0  104.051  nint  9  waste  1.132  outage     0 h
  [395/803] rul        draw=97  LPSP  3.0316%  uni0  104.195  nint 12  waste  0.069  outage     0 h
  [396/803] instant    draw=98  LPSP  2.9883%  uni0  106.867  nint 15  waste  0.000  outage     0 h
  [397/803] corrective draw=98  LPSP  3.2555%  uni0  108.305  nint 15  waste  0.000  outage  4658 h
  [398/803] calendar   draw=98  LPSP  3.2555%  uni0  108.305  nint 15  waste  0.000  outage  4658 h
  [399/803] rul        draw=98  LPSP  3.0506%  uni0  106.853  nint 15  waste  0.015  outage   664 h
  [400/803] instant    draw=99  LPSP  2.9808%  uni0  101.634  nint 14  waste  0.000  outage     0 h
  [401/803] corrective draw=99  LPSP  3.2783%  uni0  103.503  nint 12  waste  0.000  outage  4993 h
  [402/803] calendar   draw=99  LPSP  3.2783%  uni0  103.503  nint 12  waste  0.000  outage  4993 h
  [403/803] rul        draw=99  LPSP  3.0368%  uni0  101.733  nint 14  waste  0.273  outage     0 h
  [404/803] instant    draw=100 LPSP  2.8264%  uni0   75.427  nint 11  waste  0.000  outage     0 h
  [405/803] corrective draw=100 LPSP  3.2762%  uni0   78.771  nint 10  waste  0.000  outage  7760 h
  [406/803] calendar   draw=100 LPSP  3.2762%  uni0   78.771  nint 10  waste  0.000  outage  7760 h
  [407/803] rul        draw=100 LPSP  2.8313%  uni0   75.418  nint 11  waste  0.140  outage     0 h
  [408/803] instant    draw=101 LPSP  2.7723%  uni0  113.095  nint 15  waste  0.000  outage     0 h
  [409/803] corrective draw=101 LPSP  2.9496%  uni0  113.938  nint 15  waste  0.000  outage  4224 h
  [410/803] calendar   draw=101 LPSP  2.8277%  uni0  112.961  nint 15  waste  0.127  outage     0 h
  [411/803] rul        draw=101 LPSP  2.8277%  uni0  112.961  nint 15  waste  0.127  outage     0 h
  [412/803] instant    draw=102 LPSP  2.8074%  uni0  107.893  nint 14  waste  0.000  outage     0 h
  [413/803] corrective draw=102 LPSP  2.8765%  uni0  107.507  nint 13  waste  0.000  outage   187 h
  [414/803] calendar   draw=102 LPSP  2.8765%  uni0  107.507  nint 13  waste  0.000  outage   187 h
  [415/803] rul        draw=102 LPSP  2.8765%  uni0  107.507  nint 13  waste  0.000  outage   187 h
  [416/803] instant    draw=103 LPSP  2.9406%  uni0  107.536  nint 16  waste  0.000  outage     0 h
  [417/803] corrective draw=103 LPSP  3.2864%  uni0  109.506  nint 16  waste  0.000  outage  6723 h
  [418/803] calendar   draw=103 LPSP  3.2864%  uni0  109.506  nint 16  waste  0.000  outage  6723 h
  [419/803] rul        draw=103 LPSP  2.9895%  uni0  107.445  nint 16  waste  0.609  outage     0 h
  [420/803] instant    draw=104 LPSP  2.7899%  uni0   60.766  nint  7  waste  0.000  outage     0 h
  [421/803] corrective draw=104 LPSP  3.0917%  uni0   62.945  nint  7  waste  0.000  outage  7880 h
  [422/803] calendar   draw=104 LPSP  3.0917%  uni0   62.945  nint  7  waste  0.000  outage  7880 h
  [423/803] rul        draw=104 LPSP  2.7974%  uni0   60.798  nint  7  waste  0.038  outage     0 h
  [424/803] instant    draw=105 LPSP  2.9347%  uni0   79.131  nint 10  waste  0.000  outage     0 h
  [425/803] corrective draw=105 LPSP  3.1063%  uni0   79.993  nint 10  waste  0.000  outage  6527 h
  [426/803] calendar   draw=105 LPSP  3.1063%  uni0   79.993  nint 10  waste  0.000  outage  6527 h
  [427/803] rul        draw=105 LPSP  2.9720%  uni0   79.270  nint 10  waste  0.142  outage     0 h
  [428/803] instant    draw=106 LPSP  2.7931%  uni0   81.158  nint 11  waste  0.000  outage     0 h
  [429/803] corrective draw=106 LPSP  3.1590%  uni0   83.473  nint 11  waste  0.000  outage  6834 h
  [430/803] calendar   draw=106 LPSP  3.1590%  uni0   83.473  nint 11  waste  0.000  outage  6834 h
  [431/803] rul        draw=106 LPSP  2.8640%  uni0   81.284  nint 11  waste  0.139  outage     0 h
  [432/803] instant    draw=107 LPSP  2.7733%  uni0   58.996  nint  8  waste  0.000  outage     0 h
  [433/803] corrective draw=107 LPSP  3.0400%  uni0   60.924  nint  7  waste  0.000  outage  6473 h
  [434/803] calendar   draw=107 LPSP  3.0400%  uni0   60.924  nint  7  waste  0.000  outage  6473 h
  [435/803] rul        draw=107 LPSP  2.7787%  uni0   58.960  nint  8  waste  0.156  outage     0 h
  [436/803] instant    draw=108 LPSP  2.9443%  uni0   93.273  nint 14  waste  0.000  outage     0 h
  [437/803] corrective draw=108 LPSP  3.3506%  uni0   96.156  nint 13  waste  0.000  outage  5954 h
  [438/803] calendar   draw=108 LPSP  3.3506%  uni0   96.156  nint 13  waste  0.000  outage  5954 h
  [439/803] rul        draw=108 LPSP  2.9579%  uni0   93.253  nint 14  waste  0.366  outage   586 h
  [440/803] instant    draw=109 LPSP  2.7745%  uni0   83.920  nint 12  waste  0.000  outage     0 h
  [441/803] corrective draw=109 LPSP  2.8235%  uni0   84.128  nint 11  waste  0.000  outage  1723 h
  [442/803] calendar   draw=109 LPSP  2.8235%  uni0   84.128  nint 11  waste  0.000  outage  1723 h
  [443/803] rul        draw=109 LPSP  2.8246%  uni0   84.160  nint 12  waste  0.055  outage  1442 h
  [444/803] instant    draw=110 LPSP  2.9583%  uni0  102.962  nint 14  waste  0.000  outage     0 h
  [445/803] corrective draw=110 LPSP  3.0881%  uni0  103.469  nint 13  waste  0.000  outage  1250 h
  [446/803] calendar   draw=110 LPSP  3.0881%  uni0  103.469  nint 13  waste  0.000  outage  1250 h
  [447/803] rul        draw=110 LPSP  3.0680%  uni0  103.318  nint 14  waste  0.081  outage   966 h
  [448/803] instant    draw=111 LPSP  2.9681%  uni0   92.691  nint 13  waste  0.000  outage     0 h
  [449/803] corrective draw=111 LPSP  3.3122%  uni0   95.031  nint  8  waste  0.000  outage  5618 h
  [450/803] calendar   draw=111 LPSP  3.3122%  uni0   95.031  nint  8  waste  0.000  outage  5618 h
  [451/803] rul        draw=111 LPSP  2.9776%  uni0   92.620  nint 14  waste  0.516  outage     0 h
  [452/803] instant    draw=112 LPSP  2.8934%  uni0   62.335  nint  8  waste  0.000  outage     0 h
  [453/803] corrective draw=112 LPSP  3.2038%  uni0   64.237  nint  7  waste  0.000  outage  9621 h
  [454/803] calendar   draw=112 LPSP  3.2038%  uni0   64.237  nint  7  waste  0.000  outage  9621 h
  [455/803] rul        draw=112 LPSP  2.9109%  uni0   62.407  nint  8  waste  0.047  outage     0 h
  [456/803] instant    draw=113 LPSP  2.8743%  uni0  102.464  nint 12  waste  0.000  outage     0 h
  [457/803] corrective draw=113 LPSP  3.1464%  uni0  103.863  nint 12  waste  0.000  outage  3529 h
  [458/803] calendar   draw=113 LPSP  2.9508%  uni0  102.218  nint  9  waste  0.872  outage     0 h
  [459/803] rul        draw=113 LPSP  2.9544%  uni0  102.351  nint 12  waste  0.075  outage     0 h
  [460/803] instant    draw=114 LPSP  2.8880%  uni0   65.247  nint  8  waste  0.000  outage     0 h
  [461/803] corrective draw=114 LPSP  3.1803%  uni0   67.150  nint  7  waste  0.000  outage  5508 h
  [462/803] calendar   draw=114 LPSP  3.1803%  uni0   67.150  nint  7  waste  0.000  outage  5508 h
  [463/803] rul        draw=114 LPSP  2.9311%  uni0   65.313  nint  7  waste  0.100  outage     0 h
  [464/803] instant    draw=115 LPSP  2.8502%  uni0  108.212  nint 15  waste  0.000  outage     0 h
  [465/803] corrective draw=115 LPSP  3.3037%  uni0  111.243  nint 13  waste  0.000  outage  6036 h
  [466/803] calendar   draw=115 LPSP  3.3037%  uni0  111.243  nint 13  waste  0.000  outage  6036 h
  [467/803] rul        draw=115 LPSP  2.9030%  uni0  108.122  nint 14  waste  0.172  outage     0 h
  [468/803] instant    draw=116 LPSP  2.9499%  uni0   74.347  nint 10  waste  0.000  outage     0 h
  [469/803] corrective draw=116 LPSP  3.1022%  uni0   75.309  nint 10  waste  0.000  outage  3948 h
  [470/803] calendar   draw=116 LPSP  3.1022%  uni0   75.309  nint 10  waste  0.000  outage  3948 h
  [471/803] rul        draw=116 LPSP  2.9618%  uni0   74.387  nint 10  waste  0.286  outage     6 h
  [472/803] instant    draw=117 LPSP  2.7876%  uni0   87.127  nint 14  waste  0.000  outage     0 h
  [473/803] corrective draw=117 LPSP  3.1549%  uni0   89.800  nint  7  waste  0.000  outage  3493 h
  [474/803] calendar   draw=117 LPSP  3.1549%  uni0   89.800  nint  7  waste  0.000  outage  3493 h
  [475/803] rul        draw=117 LPSP  2.8047%  uni0   86.973  nint 14  waste  0.522  outage     0 h
  [476/803] instant    draw=118 LPSP  2.8914%  uni0   76.908  nint 10  waste  0.000  outage     0 h
  [477/803] corrective draw=118 LPSP  3.4350%  uni0   81.098  nint  5  waste  0.000  outage  5339 h
  [478/803] calendar   draw=118 LPSP  3.4350%  uni0   81.098  nint  5  waste  0.000  outage  5339 h
  [479/803] rul        draw=118 LPSP  2.8960%  uni0   76.911  nint 10  waste  0.195  outage     0 h
  [480/803] instant    draw=119 LPSP  3.0075%  uni0   89.725  nint 10  waste  0.000  outage     0 h
  [481/803] corrective draw=119 LPSP  3.0829%  uni0   89.844  nint  9  waste  0.000  outage  1201 h
  [482/803] calendar   draw=119 LPSP  3.0407%  uni0   89.353  nint 11  waste  2.014  outage     0 h
  [483/803] rul        draw=119 LPSP  3.0622%  uni0   89.681  nint 10  waste  0.134  outage     0 h
  [484/803] instant    draw=120 LPSP  2.9779%  uni0   85.273  nint 10  waste  0.000  outage     0 h
  [485/803] corrective draw=120 LPSP  3.0923%  uni0   85.996  nint  9  waste  0.000  outage  2922 h
  [486/803] calendar   draw=120 LPSP  3.0372%  uni0   85.327  nint 10  waste  0.939  outage  2009 h
  [487/803] rul        draw=120 LPSP  2.9684%  uni0   84.996  nint 10  waste  0.216  outage     0 h
  [488/803] instant    draw=121 LPSP  2.8888%  uni0   68.561  nint  7  waste  0.000  outage     0 h
  [489/803] corrective draw=121 LPSP  2.9504%  uni0   68.917  nint  7  waste  0.000  outage  3039 h
  [490/803] calendar   draw=121 LPSP  2.8927%  uni0   68.380  nint  8  waste  1.579  outage     0 h
  [491/803] rul        draw=121 LPSP  2.9103%  uni0   68.671  nint  6  waste  0.034  outage   503 h
  [492/803] instant    draw=122 LPSP  2.8729%  uni0   91.288  nint 12  waste  0.000  outage     0 h
  [493/803] corrective draw=122 LPSP  3.2068%  uni0   93.767  nint 12  waste  0.000  outage  6280 h
  [494/803] calendar   draw=122 LPSP  3.2068%  uni0   93.767  nint 12  waste  0.000  outage  6280 h
  [495/803] rul        draw=122 LPSP  2.8902%  uni0   91.382  nint 12  waste  0.160  outage     0 h
  [496/803] instant    draw=123 LPSP  2.9729%  uni0   69.032  nint  9  waste  0.000  outage     0 h
  [497/803] corrective draw=123 LPSP  3.2510%  uni0   70.758  nint  8  waste  0.000  outage  7970 h
  [498/803] calendar   draw=123 LPSP  3.2510%  uni0   70.758  nint  8  waste  0.000  outage  7970 h
  [499/803] rul        draw=123 LPSP  2.9747%  uni0   69.010  nint  9  waste  0.164  outage     0 h
  [500/803] instant    draw=124 LPSP  2.8064%  uni0   83.530  nint 11  waste  0.000  outage     0 h
  [501/803] corrective draw=124 LPSP  2.9661%  uni0   84.709  nint 11  waste  0.000  outage  3259 h
  [502/803] calendar   draw=124 LPSP  2.9661%  uni0   84.709  nint 11  waste  0.000  outage  3259 h
  [503/803] rul        draw=124 LPSP  2.8078%  uni0   83.477  nint  9  waste  0.148  outage     0 h
  [504/803] instant    draw=125 LPSP  2.9093%  uni0   95.439  nint 13  waste  0.000  outage     0 h
  [505/803] corrective draw=125 LPSP  3.1965%  uni0   97.197  nint 11  waste  0.000  outage  2571 h
  [506/803] calendar   draw=125 LPSP  3.1965%  uni0   97.197  nint 11  waste  0.000  outage  2571 h
  [507/803] rul        draw=125 LPSP  2.9756%  uni0   95.452  nint 12  waste  0.005  outage   468 h
  [508/803] instant    draw=126 LPSP  2.8658%  uni0   97.188  nint 13  waste  0.000  outage     0 h
  [509/803] corrective draw=126 LPSP  3.3222%  uni0  100.155  nint 11  waste  0.000  outage 10389 h
  [510/803] calendar   draw=126 LPSP  3.3222%  uni0  100.155  nint 11  waste  0.000  outage 10389 h
  [511/803] rul        draw=126 LPSP  2.9253%  uni0   97.240  nint 13  waste  0.041  outage     0 h
  [512/803] instant    draw=127 LPSP  2.9837%  uni0  108.710  nint 15  waste  0.000  outage     0 h
  [513/803] corrective draw=127 LPSP  3.1878%  uni0  109.327  nint 14  waste  0.000  outage  4701 h
  [514/803] calendar   draw=127 LPSP  3.1878%  uni0  109.327  nint 14  waste  0.000  outage  4701 h
  [515/803] rul        draw=127 LPSP  3.0822%  uni0  108.720  nint 14  waste  0.011  outage   653 h
  [516/803] instant    draw=128 LPSP  2.9257%  uni0   85.863  nint 13  waste  0.000  outage     0 h
  [517/803] corrective draw=128 LPSP  3.2162%  uni0   87.807  nint 13  waste  0.000  outage  5310 h
  [518/803] calendar   draw=128 LPSP  3.2162%  uni0   87.807  nint 13  waste  0.000  outage  5310 h
  [519/803] rul        draw=128 LPSP  2.9486%  uni0   85.907  nint 13  waste  0.406  outage   317 h
  [520/803] instant    draw=129 LPSP  2.8999%  uni0  126.260  nint 18  waste  0.000  outage     0 h
  [521/803] corrective draw=129 LPSP  3.0475%  uni0  127.084  nint 17  waste  0.000  outage  5474 h
  [522/803] calendar   draw=129 LPSP  3.0475%  uni0  127.084  nint 17  waste  0.000  outage  5474 h
  [523/803] rul        draw=129 LPSP  2.9237%  uni0  126.140  nint 12  waste  0.235  outage     0 h
  [524/803] instant    draw=130 LPSP  2.8420%  uni0   62.166  nint  7  waste  0.000  outage     0 h
  [525/803] corrective draw=130 LPSP  3.2880%  uni0   65.511  nint  7  waste  0.000  outage  7844 h
  [526/803] calendar   draw=130 LPSP  3.2880%  uni0   65.511  nint  7  waste  0.000  outage  7844 h
  [527/803] rul        draw=130 LPSP  2.8512%  uni0   62.217  nint  7  waste  0.022  outage     0 h
  [528/803] instant    draw=131 LPSP  2.9357%  uni0  124.284  nint 19  waste  0.000  outage     0 h
  [529/803] corrective draw=131 LPSP  3.4180%  uni0  127.264  nint 16  waste  0.000  outage 11112 h
  [530/803] calendar   draw=131 LPSP  3.4180%  uni0  127.264  nint 16  waste  0.000  outage 11112 h
  [531/803] rul        draw=131 LPSP  2.9757%  uni0  124.318  nint 18  waste  0.184  outage     0 h
  [532/803] instant    draw=132 LPSP  2.9009%  uni0   69.810  nint  7  waste  0.000  outage     0 h
  [533/803] corrective draw=132 LPSP  3.1340%  uni0   71.459  nint  7  waste  0.000  outage  5858 h
  [534/803] calendar   draw=132 LPSP  2.9153%  uni0   69.751  nint  8  waste  0.824  outage     0 h
  [535/803] rul        draw=132 LPSP  2.9202%  uni0   69.910  nint  7  waste  0.025  outage     0 h
  [536/803] instant    draw=133 LPSP  2.9300%  uni0  101.929  nint 14  waste  0.000  outage     0 h
  [537/803] corrective draw=133 LPSP  3.3589%  uni0  104.566  nint 13  waste  0.000  outage  8669 h
  [538/803] calendar   draw=133 LPSP  3.3589%  uni0  104.566  nint 13  waste  0.000  outage  8669 h
  [539/803] rul        draw=133 LPSP  2.9852%  uni0  101.854  nint 14  waste  0.228  outage     0 h
  [540/803] instant    draw=134 LPSP  2.7465%  uni0   56.210  nint  7  waste  0.000  outage     0 h
  [541/803] corrective draw=134 LPSP  3.1599%  uni0   59.273  nint  7  waste  0.000  outage  8087 h
  [542/803] calendar   draw=134 LPSP  3.1599%  uni0   59.273  nint  7  waste  0.000  outage  8087 h
  [543/803] rul        draw=134 LPSP  2.7590%  uni0   56.280  nint  7  waste  0.017  outage     0 h
  [544/803] instant    draw=135 LPSP  2.8981%  uni0   61.806  nint  5  waste  0.000  outage     0 h
  [545/803] corrective draw=135 LPSP  3.0918%  uni0   63.250  nint  5  waste  0.000  outage  3736 h
  [546/803] calendar   draw=135 LPSP  2.8939%  uni0   61.584  nint  7  waste  1.787  outage     0 h
  [547/803] rul        draw=135 LPSP  2.9028%  uni0   61.827  nint  5  waste  0.014  outage     0 h
  [548/803] instant    draw=136 LPSP  2.9270%  uni0   73.538  nint  8  waste  0.000  outage     0 h
  [549/803] corrective draw=136 LPSP  3.1054%  uni0   74.642  nint  7  waste  0.000  outage  3945 h
  [550/803] calendar   draw=136 LPSP  2.9408%  uni0   73.440  nint  9  waste  0.901  outage    47 h
  [551/803] rul        draw=136 LPSP  2.9590%  uni0   73.655  nint  8  waste  0.202  outage   280 h
  [552/803] instant    draw=137 LPSP  2.9457%  uni0  103.826  nint 12  waste  0.000  outage     0 h
  [553/803] corrective draw=137 LPSP  3.1416%  uni0  104.563  nint 12  waste  0.000  outage  6548 h
  [554/803] calendar   draw=137 LPSP  3.0003%  uni0  103.732  nint 13  waste  0.985  outage    38 h
  [555/803] rul        draw=137 LPSP  2.9938%  uni0  103.756  nint 12  waste  0.182  outage     0 h
  [556/803] instant    draw=138 LPSP  2.9853%  uni0  112.674  nint 16  waste  0.000  outage     0 h
  [557/803] corrective draw=138 LPSP  3.1731%  uni0  113.517  nint 16  waste  0.000  outage  5441 h
  [558/803] calendar   draw=138 LPSP  3.1731%  uni0  113.517  nint 16  waste  0.000  outage  5441 h
  [559/803] rul        draw=138 LPSP  3.0622%  uni0  112.794  nint 16  waste  0.213  outage   156 h
  [560/803] instant    draw=139 LPSP  2.8644%  uni0   89.006  nint 10  waste  0.000  outage     0 h
  [561/803] corrective draw=139 LPSP  3.0582%  uni0   90.421  nint  9  waste  0.000  outage  3119 h
  [562/803] calendar   draw=139 LPSP  2.8672%  uni0   88.797  nint 11  waste  1.679  outage     0 h
  [563/803] rul        draw=139 LPSP  2.8878%  uni0   89.088  nint 10  waste  0.046  outage     0 h
  [564/803] instant    draw=140 LPSP  2.9571%  uni0   70.063  nint 10  waste  0.000  outage     0 h
  [565/803] corrective draw=140 LPSP  3.1546%  uni0   71.185  nint 10  waste  0.000  outage  6622 h
  [566/803] calendar   draw=140 LPSP  3.1546%  uni0   71.185  nint 10  waste  0.000  outage  6622 h
  [567/803] rul        draw=140 LPSP  2.9649%  uni0   70.061  nint 10  waste  0.422  outage     0 h
  [568/803] instant    draw=141 LPSP  2.9768%  uni0  106.070  nint 15  waste  0.000  outage     0 h
  [569/803] corrective draw=141 LPSP  3.3035%  uni0  107.860  nint 14  waste  0.000  outage  6363 h
  [570/803] calendar   draw=141 LPSP  3.3035%  uni0  107.860  nint 14  waste  0.000  outage  6363 h
  [571/803] rul        draw=141 LPSP  3.0410%  uni0  106.024  nint 14  waste  0.406  outage     0 h
  [572/803] instant    draw=142 LPSP  2.9170%  uni0  105.370  nint 13  waste  0.000  outage     0 h
  [573/803] corrective draw=142 LPSP  3.3002%  uni0  107.578  nint 13  waste  0.000  outage  4977 h
  [574/803] calendar   draw=142 LPSP  3.3002%  uni0  107.578  nint 13  waste  0.000  outage  4977 h
  [575/803] rul        draw=142 LPSP  2.9939%  uni0  105.182  nint 13  waste  0.119  outage     0 h
  [576/803] instant    draw=143 LPSP  2.9586%  uni0   70.415  nint  7  waste  0.000  outage     0 h
  [577/803] corrective draw=143 LPSP  3.0521%  uni0   70.816  nint  7  waste  0.000  outage  5038 h
  [578/803] calendar   draw=143 LPSP  2.9929%  uni0   70.524  nint  8  waste  0.832  outage  1051 h
  [579/803] rul        draw=143 LPSP  2.9769%  uni0   70.520  nint  4  waste  0.116  outage     0 h
  [580/803] instant    draw=144 LPSP  2.9357%  uni0   83.128  nint 12  waste  0.000  outage     0 h
  [581/803] corrective draw=144 LPSP  3.3841%  uni0   85.722  nint 12  waste  0.000  outage 12521 h
  [582/803] calendar   draw=144 LPSP  3.3841%  uni0   85.722  nint 12  waste  0.000  outage 12521 h
  [583/803] rul        draw=144 LPSP  2.9955%  uni0   83.262  nint 11  waste  0.118  outage   117 h
  [584/803] instant    draw=145 LPSP  2.8858%  uni0  106.933  nint 13  waste  0.000  outage     0 h
  [585/803] corrective draw=145 LPSP  3.1622%  uni0  108.574  nint 12  waste  0.000  outage  3549 h
  [586/803] calendar   draw=145 LPSP  2.9186%  uni0  106.481  nint 13  waste  1.177  outage     0 h
  [587/803] rul        draw=145 LPSP  2.9353%  uni0  106.732  nint 12  waste  0.075  outage     0 h
  [588/803] instant    draw=146 LPSP  2.8215%  uni0  120.099  nint 15  waste  0.000  outage     0 h
  [589/803] corrective draw=146 LPSP  2.9125%  uni0  120.619  nint 12  waste  0.000  outage  1377 h
  [590/803] calendar   draw=146 LPSP  2.8111%  uni0  119.628  nint 15  waste  1.547  outage     0 h
  [591/803] rul        draw=146 LPSP  2.8343%  uni0  119.961  nint 15  waste  0.104  outage     0 h
  [592/803] instant    draw=147 LPSP  2.9726%  uni0  111.587  nint 15  waste  0.000  outage     0 h
  [593/803] corrective draw=147 LPSP  3.2360%  uni0  112.586  nint 15  waste  0.000  outage  5246 h
  [594/803] calendar   draw=147 LPSP  3.2360%  uni0  112.586  nint 15  waste  0.000  outage  5246 h
  [595/803] rul        draw=147 LPSP  3.0540%  uni0  111.395  nint 15  waste  0.203  outage    68 h
  [596/803] instant    draw=148 LPSP  2.9873%  uni0   86.718  nint 11  waste  0.000  outage     0 h
  [597/803] corrective draw=148 LPSP  3.1576%  uni0   87.852  nint 10  waste  0.000  outage  3851 h
  [598/803] calendar   draw=148 LPSP  3.0009%  uni0   86.679  nint 10  waste  0.425  outage     0 h
  [599/803] rul        draw=148 LPSP  3.0065%  uni0   86.757  nint 10  waste  0.016  outage    23 h
  [600/803] instant    draw=149 LPSP  2.9612%  uni0  121.372  nint 17  waste  0.000  outage     0 h
  [601/803] corrective draw=149 LPSP  3.3416%  uni0  123.688  nint 13  waste  0.000  outage  6807 h
  [602/803] calendar   draw=149 LPSP  3.3416%  uni0  123.688  nint 13  waste  0.000  outage  6807 h
  [603/803] rul        draw=149 LPSP  3.0077%  uni0  121.006  nint 16  waste  0.290  outage     0 h
  [604/803] instant    draw=150 LPSP  2.8657%  uni0   92.461  nint 13  waste  0.000  outage     0 h
  [605/803] corrective draw=150 LPSP  3.0196%  uni0   93.301  nint 11  waste  0.000  outage  5039 h
  [606/803] calendar   draw=150 LPSP  3.0196%  uni0   93.301  nint 11  waste  0.000  outage  5039 h
  [607/803] rul        draw=150 LPSP  2.9100%  uni0   92.554  nint 12  waste  0.177  outage     0 h
  [608/803] instant    draw=151 LPSP  2.9966%  uni0  109.424  nint 15  waste  0.000  outage     0 h
  [609/803] corrective draw=151 LPSP  3.2526%  uni0  110.413  nint 14  waste  0.000  outage  4772 h
  [610/803] calendar   draw=151 LPSP  3.2526%  uni0  110.413  nint 14  waste  0.000  outage  4772 h
  [611/803] rul        draw=151 LPSP  3.0753%  uni0  109.195  nint 15  waste  0.200  outage   205 h
  [612/803] instant    draw=152 LPSP  2.9382%  uni0   61.256  nint  7  waste  0.000  outage     0 h
  [613/803] corrective draw=152 LPSP  3.0326%  uni0   61.847  nint  7  waste  0.000  outage  2796 h
  [614/803] calendar   draw=152 LPSP  3.0326%  uni0   61.847  nint  7  waste  0.000  outage  2796 h
  [615/803] rul        draw=152 LPSP  2.9874%  uni0   61.597  nint  7  waste  0.005  outage   753 h
  [616/803] instant    draw=153 LPSP  2.8511%  uni0   61.209  nint 10  waste  0.000  outage     0 h
  [617/803] corrective draw=153 LPSP  3.5949%  uni0   66.559  nint  9  waste  0.000  outage 12609 h
  [618/803] calendar   draw=153 LPSP  3.5949%  uni0   66.559  nint  9  waste  0.000  outage 12609 h
  [619/803] rul        draw=153 LPSP  2.8607%  uni0   61.234  nint 10  waste  0.042  outage     0 h
  [620/803] instant    draw=154 LPSP  2.7526%  uni0   58.746  nint  8  waste  0.000  outage     0 h
  [621/803] corrective draw=154 LPSP  3.2322%  uni0   62.185  nint  8  waste  0.000  outage 10364 h
  [622/803] calendar   draw=154 LPSP  3.2322%  uni0   62.185  nint  8  waste  0.000  outage 10364 h
  [623/803] rul        draw=154 LPSP  2.7699%  uni0   58.839  nint  8  waste  0.019  outage     0 h
  [624/803] instant    draw=155 LPSP  2.9223%  uni0   79.987  nint 10  waste  0.000  outage     0 h
  [625/803] corrective draw=155 LPSP  3.1782%  uni0   81.377  nint 10  waste  0.000  outage  8253 h
  [626/803] calendar   draw=155 LPSP  3.0524%  uni0   80.769  nint 10  waste  0.342  outage  1599 h
  [627/803] rul        draw=155 LPSP  2.9499%  uni0   80.059  nint 10  waste  0.117  outage     0 h
  [628/803] instant    draw=156 LPSP  2.8161%  uni0  101.741  nint 13  waste  0.000  outage     0 h
  [629/803] corrective draw=156 LPSP  2.8963%  uni0  102.302  nint 10  waste  0.000  outage   607 h
  [630/803] calendar   draw=156 LPSP  2.8067%  uni0  101.441  nint 13  waste  1.345  outage     0 h
  [631/803] rul        draw=156 LPSP  2.8747%  uni0  102.115  nint 11  waste  0.039  outage   333 h
  [632/803] instant    draw=157 LPSP  2.9660%  uni0   94.986  nint 12  waste  0.000  outage     0 h
  [633/803] corrective draw=157 LPSP  3.4596%  uni0   98.560  nint 11  waste  0.000  outage  8533 h
  [634/803] calendar   draw=157 LPSP  3.0323%  uni0   95.354  nint 12  waste  0.071  outage  1938 h
  [635/803] rul        draw=157 LPSP  2.9911%  uni0   95.126  nint 11  waste  0.087  outage     0 h
  [636/803] instant    draw=158 LPSP  2.9415%  uni0   86.437  nint 11  waste  0.000  outage     0 h
  [637/803] corrective draw=158 LPSP  3.3426%  uni0   89.193  nint 11  waste  0.000  outage  5868 h
  [638/803] calendar   draw=158 LPSP  2.9976%  uni0   86.560  nint 11  waste  0.181  outage  1940 h
  [639/803] rul        draw=158 LPSP  2.9667%  uni0   86.438  nint 11  waste  0.157  outage     0 h
  [640/803] instant    draw=159 LPSP  2.9530%  uni0   96.261  nint 12  waste  0.000  outage     0 h
  [641/803] corrective draw=159 LPSP  3.1983%  uni0   97.962  nint 12  waste  0.000  outage  6503 h
  [642/803] calendar   draw=159 LPSP  3.1983%  uni0   97.962  nint 12  waste  0.000  outage  6503 h
  [643/803] rul        draw=159 LPSP  2.9602%  uni0   96.255  nint 11  waste  0.011  outage   160 h
  [644/803] instant    draw=160 LPSP  2.7771%  uni0   80.716  nint 12  waste  0.000  outage     0 h
  [645/803] corrective draw=160 LPSP  3.4120%  uni0   85.369  nint 12  waste  0.000  outage  8578 h
  [646/803] calendar   draw=160 LPSP  3.4120%  uni0   85.369  nint 12  waste  0.000  outage  8578 h
  [647/803] rul        draw=160 LPSP  2.8198%  uni0   80.810  nint 13  waste  0.222  outage     0 h
  [648/803] instant    draw=161 LPSP  2.9456%  uni0  107.478  nint 15  waste  0.000  outage     0 h
  [649/803] corrective draw=161 LPSP  3.1063%  uni0  107.892  nint 15  waste  0.000  outage  3398 h
  [650/803] calendar   draw=161 LPSP  3.1063%  uni0  107.892  nint 15  waste  0.000  outage  3398 h
  [651/803] rul        draw=161 LPSP  3.0608%  uni0  107.674  nint 15  waste  0.145  outage   770 h
  [652/803] instant    draw=162 LPSP  2.8353%  uni0   70.221  nint 10  waste  0.000  outage     0 h
  [653/803] corrective draw=162 LPSP  3.1259%  uni0   72.159  nint 10  waste  0.000  outage  7639 h
  [654/803] calendar   draw=162 LPSP  3.1259%  uni0   72.159  nint 10  waste  0.000  outage  7639 h
  [655/803] rul        draw=162 LPSP  2.8545%  uni0   70.249  nint 11  waste  0.275  outage     0 h
  [656/803] instant    draw=163 LPSP  2.9015%  uni0   76.385  nint 10  waste  0.000  outage     0 h
  [657/803] corrective draw=163 LPSP  3.1244%  uni0   77.752  nint  9  waste  0.000  outage  9021 h
  [658/803] calendar   draw=163 LPSP  3.1244%  uni0   77.752  nint  9  waste  0.000  outage  9021 h
  [659/803] rul        draw=163 LPSP  2.9045%  uni0   76.358  nint 10  waste  0.082  outage     0 h
  [660/803] instant    draw=164 LPSP  2.9538%  uni0  100.991  nint 12  waste  0.000  outage     0 h
  [661/803] corrective draw=164 LPSP  3.2410%  uni0  102.534  nint  9  waste  0.000  outage  3824 h
  [662/803] calendar   draw=164 LPSP  3.0346%  uni0  100.914  nint 12  waste  0.783  outage  1959 h
  [663/803] rul        draw=164 LPSP  3.0103%  uni0  100.872  nint 11  waste  0.128  outage     0 h
  [664/803] instant    draw=165 LPSP  2.8472%  uni0   62.763  nint  7  waste  0.000  outage     0 h
  [665/803] corrective draw=165 LPSP  2.9990%  uni0   63.585  nint  6  waste  0.000  outage  5452 h
  [666/803] calendar   draw=165 LPSP  2.8853%  uni0   62.790  nint  7  waste  0.795  outage     0 h
  [667/803] rul        draw=165 LPSP  2.9011%  uni0   62.965  nint  6  waste  0.031  outage     0 h
  [668/803] instant    draw=166 LPSP  2.8933%  uni0   66.137  nint  6  waste  0.000  outage     0 h
  [669/803] corrective draw=166 LPSP  3.0098%  uni0   66.913  nint  6  waste  0.000  outage  1764 h
  [670/803] calendar   draw=166 LPSP  2.9886%  uni0   66.641  nint  8  waste  2.111  outage  1330 h
  [671/803] rul        draw=166 LPSP  2.9112%  uni0   66.203  nint  6  waste  0.051  outage    45 h
  [672/803] instant    draw=167 LPSP  2.9692%  uni0   70.477  nint 10  waste  0.000  outage     0 h
  [673/803] corrective draw=167 LPSP  3.1663%  uni0   71.696  nint 10  waste  0.000  outage  3438 h
  [674/803] calendar   draw=167 LPSP  3.1663%  uni0   71.696  nint 10  waste  0.000  outage  3438 h
  [675/803] rul        draw=167 LPSP  3.0246%  uni0   70.660  nint  9  waste  0.294  outage   110 h
  [676/803] instant    draw=168 LPSP  2.9735%  uni0   79.680  nint 10  waste  0.000  outage     0 h
  [677/803] corrective draw=168 LPSP  3.0653%  uni0   80.267  nint 10  waste  0.000  outage  2264 h
  [678/803] calendar   draw=168 LPSP  3.0653%  uni0   80.267  nint 10  waste  0.000  outage  2264 h
  [679/803] rul        draw=168 LPSP  2.9896%  uni0   79.735  nint  9  waste  0.159  outage     0 h
  [680/803] instant    draw=169 LPSP  3.0171%  uni0   66.869  nint  8  waste  0.000  outage     0 h
  [681/803] corrective draw=169 LPSP  3.1481%  uni0   67.784  nint  7  waste  0.000  outage  2464 h
  [682/803] calendar   draw=169 LPSP  3.1307%  uni0   67.628  nint  7  waste  0.377  outage  1886 h
  [683/803] rul        draw=169 LPSP  3.0264%  uni0   66.893  nint  8  waste  0.184  outage     0 h
  [684/803] instant    draw=170 LPSP  2.9607%  uni0   79.432  nint 10  waste  0.000  outage     0 h
  [685/803] corrective draw=170 LPSP  3.1220%  uni0   80.245  nint 10  waste  0.000  outage  4652 h
  [686/803] calendar   draw=170 LPSP  3.1220%  uni0   80.245  nint 10  waste  0.000  outage  4652 h
  [687/803] rul        draw=170 LPSP  3.0090%  uni0   79.571  nint 10  waste  0.143  outage     0 h
  [688/803] instant    draw=171 LPSP  2.9406%  uni0   97.907  nint 11  waste  0.000  outage     0 h
  [689/803] corrective draw=171 LPSP  3.0476%  uni0   98.498  nint  9  waste  0.000  outage  1479 h
  [690/803] calendar   draw=171 LPSP  2.9756%  uni0   97.735  nint 12  waste  1.761  outage   691 h
  [691/803] rul        draw=171 LPSP  2.9819%  uni0   98.007  nint 11  waste  0.166  outage     0 h
  [692/803] instant    draw=172 LPSP  3.0085%  uni0  121.977  nint 15  waste  0.000  outage     0 h
  [693/803] corrective draw=172 LPSP  3.3075%  uni0  123.296  nint 14  waste  0.000  outage  4246 h
  [694/803] calendar   draw=172 LPSP  3.0916%  uni0  121.438  nint 16  waste  2.059  outage   621 h
  [695/803] rul        draw=172 LPSP  3.1043%  uni0  121.760  nint 14  waste  0.065  outage     0 h
  [696/803] instant    draw=173 LPSP  2.7802%  uni0   67.920  nint  9  waste  0.000  outage     0 h
  [697/803] corrective draw=173 LPSP  3.0373%  uni0   69.865  nint  9  waste  0.000  outage  4546 h
  [698/803] calendar   draw=173 LPSP  3.0373%  uni0   69.865  nint  9  waste  0.000  outage  4546 h
  [699/803] rul        draw=173 LPSP  2.7965%  uni0   68.017  nint  9  waste  0.234  outage     0 h
  [700/803] instant    draw=174 LPSP  2.8432%  uni0   81.407  nint 11  waste  0.000  outage     0 h
  [701/803] corrective draw=174 LPSP  2.9671%  uni0   82.056  nint 11  waste  0.000  outage  2561 h
  [702/803] calendar   draw=174 LPSP  2.9671%  uni0   82.056  nint 11  waste  0.000  outage  2561 h
  [703/803] rul        draw=174 LPSP  2.8933%  uni0   81.508  nint 11  waste  0.293  outage     0 h
  [704/803] instant    draw=175 LPSP  2.9814%  uni0  120.791  nint 14  waste  0.000  outage     0 h
  [705/803] corrective draw=175 LPSP  3.5235%  uni0  124.272  nint 11  waste  0.000  outage  5089 h
  [706/803] calendar   draw=175 LPSP  3.0467%  uni0  120.411  nint 15  waste  0.845  outage     0 h
  [707/803] rul        draw=175 LPSP  3.0555%  uni0  120.572  nint 14  waste  0.043  outage     0 h
  [708/803] instant    draw=176 LPSP  2.8255%  uni0   74.134  nint  8  waste  0.000  outage     0 h
  [709/803] corrective draw=176 LPSP  3.0169%  uni0   75.634  nint  8  waste  0.000  outage  3271 h
  [710/803] calendar   draw=176 LPSP  2.8225%  uni0   74.005  nint  9  waste  1.275  outage     0 h
  [711/803] rul        draw=176 LPSP  2.8332%  uni0   74.173  nint  8  waste  0.077  outage     0 h
  [712/803] instant    draw=177 LPSP  2.9654%  uni0  122.359  nint 18  waste  0.000  outage     0 h
  [713/803] corrective draw=177 LPSP  3.2225%  uni0  123.446  nint 15  waste  0.000  outage  4891 h
  [714/803] calendar   draw=177 LPSP  3.2225%  uni0  123.446  nint 15  waste  0.000  outage  4891 h
  [715/803] rul        draw=177 LPSP  3.0223%  uni0  122.008  nint 16  waste  0.360  outage     0 h
  [716/803] instant    draw=178 LPSP  2.8137%  uni0  107.613  nint 14  waste  0.000  outage     0 h
  [717/803] corrective draw=178 LPSP  3.2064%  uni0  109.850  nint 11  waste  0.000  outage  4944 h
  [718/803] calendar   draw=178 LPSP  2.8831%  uni0  107.173  nint 13  waste  0.511  outage     0 h
  [719/803] rul        draw=178 LPSP  2.8929%  uni0  107.305  nint 13  waste  0.098  outage     0 h
  [720/803] instant    draw=179 LPSP  2.9483%  uni0   87.050  nint 12  waste  0.000  outage     0 h
  [721/803] corrective draw=179 LPSP  2.9908%  uni0   87.170  nint 12  waste  0.000  outage  3062 h
  [722/803] calendar   draw=179 LPSP  2.9908%  uni0   87.170  nint 12  waste  0.000  outage  3062 h
  [723/803] rul        draw=179 LPSP  2.9458%  uni0   86.929  nint 12  waste  0.147  outage   549 h
  [724/803] instant    draw=180 LPSP  2.8681%  uni0  105.959  nint 15  waste  0.000  outage     0 h
  [725/803] corrective draw=180 LPSP  3.0881%  uni0  106.766  nint 14  waste  0.000  outage  4484 h
  [726/803] calendar   draw=180 LPSP  3.0881%  uni0  106.766  nint 14  waste  0.000  outage  4484 h
  [727/803] rul        draw=180 LPSP  2.9589%  uni0  105.764  nint 15  waste  0.307  outage     0 h
  [728/803] instant    draw=181 LPSP  2.7900%  uni0   72.093  nint  8  waste  0.000  outage     0 h
  [729/803] corrective draw=181 LPSP  2.9003%  uni0   72.883  nint  7  waste  0.000  outage  1680 h
  [730/803] calendar   draw=181 LPSP  2.7975%  uni0   71.974  nint  9  waste  0.910  outage     0 h
  [731/803] rul        draw=181 LPSP  2.8030%  uni0   72.100  nint  8  waste  0.120  outage     0 h
  [732/803] instant    draw=182 LPSP  3.0073%  uni0  123.742  nint 16  waste  0.000  outage     0 h
  [733/803] corrective draw=182 LPSP  3.1686%  uni0  124.069  nint 13  waste  0.000  outage  3797 h
  [734/803] calendar   draw=182 LPSP  3.1686%  uni0  124.069  nint 13  waste  0.000  outage  3797 h
  [735/803] rul        draw=182 LPSP  3.0985%  uni0  123.658  nint 11  waste  0.032  outage   123 h
  [736/803] instant    draw=183 LPSP  2.9687%  uni0   72.252  nint  9  waste  0.000  outage     0 h
  [737/803] corrective draw=183 LPSP  3.4717%  uni0   76.031  nint  5  waste  0.000  outage  5447 h
  [738/803] calendar   draw=183 LPSP  3.4717%  uni0   76.031  nint  5  waste  0.000  outage  5447 h
  [739/803] rul        draw=183 LPSP  2.9744%  uni0   72.230  nint  9  waste  0.219  outage     0 h
  [740/803] instant    draw=184 LPSP  2.8067%  uni0   86.291  nint 11  waste  0.000  outage     0 h
  [741/803] corrective draw=184 LPSP  2.9490%  uni0   87.002  nint  9  waste  0.000  outage  1306 h
  [742/803] calendar   draw=184 LPSP  2.9490%  uni0   87.002  nint  9  waste  0.000  outage  1306 h
  [743/803] rul        draw=184 LPSP  2.8662%  uni0   86.332  nint 11  waste  0.222  outage     0 h
  [744/803] instant    draw=185 LPSP  2.9703%  uni0  127.144  nint 18  waste  0.000  outage     0 h
  [745/803] corrective draw=185 LPSP  3.4920%  uni0  130.290  nint 17  waste  0.000  outage  6838 h
  [746/803] calendar   draw=185 LPSP  3.4920%  uni0  130.290  nint 17  waste  0.000  outage  6838 h
  [747/803] rul        draw=185 LPSP  3.0327%  uni0  126.794  nint 18  waste  0.349  outage     0 h
  [748/803] instant    draw=186 LPSP  2.8028%  uni0  119.882  nint 19  waste  0.000  outage     0 h
  [749/803] corrective draw=186 LPSP  2.9882%  uni0  120.503  nint 17  waste  0.000  outage  4470 h
  [750/803] calendar   draw=186 LPSP  2.9882%  uni0  120.503  nint 17  waste  0.000  outage  4470 h
  [751/803] rul        draw=186 LPSP  2.8627%  uni0  119.574  nint 19  waste  0.774  outage     0 h
  [752/803] instant    draw=187 LPSP  3.0124%  uni0  114.181  nint 17  waste  0.000  outage     0 h
  [753/803] corrective draw=187 LPSP  3.3054%  uni0  115.649  nint 15  waste  0.000  outage  6403 h
  [754/803] calendar   draw=187 LPSP  3.3054%  uni0  115.649  nint 15  waste  0.000  outage  6403 h
  [755/803] rul        draw=187 LPSP  3.0565%  uni0  113.899  nint 15  waste  0.088  outage   204 h
  [756/803] instant    draw=188 LPSP  2.9375%  uni0   71.445  nint  9  waste  0.000  outage     0 h
  [757/803] corrective draw=188 LPSP  3.4733%  uni0   75.121  nint  8  waste  0.000  outage  6871 h
  [758/803] calendar   draw=188 LPSP  2.9987%  uni0   71.619  nint  8  waste  0.069  outage   455 h
  [759/803] rul        draw=188 LPSP  2.9816%  uni0   71.505  nint  8  waste  0.172  outage     0 h
  [760/803] instant    draw=189 LPSP  2.9468%  uni0   72.219  nint  9  waste  0.000  outage     0 h
  [761/803] corrective draw=189 LPSP  3.4392%  uni0   75.619  nint  9  waste  0.000  outage  9868 h
  [762/803] calendar   draw=189 LPSP  3.4392%  uni0   75.619  nint  9  waste  0.000  outage  9868 h
  [763/803] rul        draw=189 LPSP  2.9758%  uni0   72.311  nint  9  waste  0.066  outage     0 h
  [764/803] instant    draw=190 LPSP  2.9697%  uni0   88.360  nint 14  waste  0.000  outage     0 h
  [765/803] corrective draw=190 LPSP  3.5469%  uni0   91.937  nint 13  waste  0.000  outage 12349 h
  [766/803] calendar   draw=190 LPSP  3.5469%  uni0   91.937  nint 13  waste  0.000  outage 12349 h
  [767/803] rul        draw=190 LPSP  3.0206%  uni0   88.362  nint 12  waste  0.219  outage     0 h
  [768/803] instant    draw=191 LPSP  2.8905%  uni0   76.693  nint  8  waste  0.000  outage     0 h
  [769/803] corrective draw=191 LPSP  3.0004%  uni0   77.528  nint  8  waste  0.000  outage  1986 h
  [770/803] calendar   draw=191 LPSP  2.8918%  uni0   76.592  nint  9  waste  0.744  outage     0 h
  [771/803] rul        draw=191 LPSP  2.8945%  uni0   76.706  nint  8  waste  0.107  outage     0 h
  [772/803] instant    draw=192 LPSP  2.8598%  uni0   63.175  nint  8  waste  0.000  outage     0 h
  [773/803] corrective draw=192 LPSP  2.8900%  uni0   63.328  nint  7  waste  0.000  outage  1821 h
  [774/803] calendar   draw=192 LPSP  2.8900%  uni0   63.328  nint  7  waste  0.000  outage  1821 h
  [775/803] rul        draw=192 LPSP  2.8711%  uni0   63.200  nint  8  waste  0.222  outage   188 h
  [776/803] instant    draw=193 LPSP  2.8570%  uni0   72.005  nint  8  waste  0.000  outage     0 h
  [777/803] corrective draw=193 LPSP  2.9710%  uni0   72.605  nint  8  waste  0.000  outage  2889 h
  [778/803] calendar   draw=193 LPSP  2.8852%  uni0   71.856  nint  9  waste  1.524  outage     0 h
  [779/803] rul        draw=193 LPSP  2.9015%  uni0   72.107  nint  8  waste  0.075  outage     0 h
  [780/803] instant    draw=194 LPSP  2.9386%  uni0   97.469  nint 14  waste  0.000  outage     0 h
  [781/803] corrective draw=194 LPSP  3.1661%  uni0   98.504  nint 14  waste  0.000  outage  6511 h
  [782/803] calendar   draw=194 LPSP  3.1661%  uni0   98.504  nint 14  waste  0.000  outage  6511 h
  [783/803] rul        draw=194 LPSP  3.0095%  uni0   97.349  nint 14  waste  0.392  outage     0 h
  [784/803] instant    draw=195 LPSP  2.9395%  uni0  108.471  nint 15  waste  0.000  outage     0 h
  [785/803] corrective draw=195 LPSP  3.3549%  uni0  111.182  nint 14  waste  0.000  outage  9408 h
  [786/803] calendar   draw=195 LPSP  3.3549%  uni0  111.182  nint 14  waste  0.000  outage  9408 h
  [787/803] rul        draw=195 LPSP  2.9645%  uni0  108.525  nint 15  waste  0.215  outage     0 h
  [788/803] instant    draw=196 LPSP  2.9720%  uni0   72.207  nint  8  waste  0.000  outage     0 h
  [789/803] corrective draw=196 LPSP  3.1018%  uni0   73.050  nint  8  waste  0.000  outage  4299 h
  [790/803] calendar   draw=196 LPSP  3.0030%  uni0   72.279  nint  9  waste  1.321  outage   946 h
  [791/803] rul        draw=196 LPSP  2.9725%  uni0   72.166  nint  8  waste  0.109  outage     0 h
  [792/803] instant    draw=197 LPSP  2.9123%  uni0  112.386  nint 14  waste  0.000  outage     0 h
  [793/803] corrective draw=197 LPSP  3.0824%  uni0  112.606  nint 13  waste  0.000  outage  2633 h
  [794/803] calendar   draw=197 LPSP  3.0018%  uni0  111.991  nint 13  waste  0.355  outage     0 h
  [795/803] rul        draw=197 LPSP  3.0069%  uni0  112.049  nint 13  waste  0.154  outage     0 h
  [796/803] instant    draw=198 LPSP  2.9772%  uni0   64.182  nint  8  waste  0.000  outage     0 h
  [797/803] corrective draw=198 LPSP  3.2257%  uni0   65.726  nint  8  waste  0.000  outage  6963 h
  [798/803] calendar   draw=198 LPSP  3.2257%  uni0   65.726  nint  8  waste  0.000  outage  6963 h
  [799/803] rul        draw=198 LPSP  2.9957%  uni0   64.222  nint  7  waste  0.141  outage     0 h
  [800/803] instant    draw=199 LPSP  2.9662%  uni0  107.236  nint 13  waste  0.000  outage     0 h
  [801/803] corrective draw=199 LPSP  3.7782%  uni0  112.735  nint  9  waste  0.000  outage  7171 h
  [802/803] calendar   draw=199 LPSP  3.7782%  uni0  112.735  nint  9  waste  0.000  outage  7171 h
  [803/803] rul        draw=199 LPSP  3.0557%  uni0  107.100  nint 13  waste  0.046  outage     0 h
  (934s)

==============================================================================
COUT TOTAL [kEUR] a C_visite=1.5 (N=200, Tvisite=3m)
policy      |     mean |      P95 |     ES90 |   nint |   waste |  comp.-h
instant     |  106.775 |  147.774 |  148.848 |  11.62 |   0.000 |        0
corrective  |  106.989 |  144.797 |  147.665 |  10.62 |   0.000 |     5332
calendar    |  107.412 |  146.346 |  148.626 |  11.02 |   0.385 |     3947
rul         |  105.996 |  144.283 |  146.074 |  11.01 |   0.155 |       82
------------------------------------------------------------------------------
  rul - corrective       : -0.993 +/- 2.328 kEUR ; gagne 72%
  rul - calendar         : -1.417 +/- 2.505 kEUR ; gagne 77%
  calendar - corrective  : +0.424 +/- 1.649 kEUR ; gagne 10%
==============================================================================
Resultats : /Work/Users/tlenoir/genial/Robustesse/Vieillissement9_4/runs/p3_maintenance_748b2c584716/results.txt
Cache brut: /Work/Users/tlenoir/genial/Robustesse/Vieillissement9_4/runs/p3_maintenance_748b2c584716/results_raw.tsv
Figure    : /Work/Users/tlenoir/genial/Robustesse/Vieillissement9_4/runs/p3_maintenance_748b2c584716/figure.pdf

real	16m36,442s
user	479m11,464s
sys	0m44,607s
fin=2026-07-11T17:44:43+02:00
