job=215094 host=node4-11 cpus=32 debut=2026-07-11T18:02:05+02:00
script=/Work/Users/tlenoir/genial/Robustesse/Vieillissement9_4/bench_maintenance.py args=--tvisit 12 --margin 1
numpy 1.21.5 scipy 1.9.1 sympy 1.10.1
AVERTISSEMENT : tests unitaires complets non stages ; soumettre ce job avec afterok sur l'invariance.
=== VALEUR DE LA RUL -- maintenance insulaire (fenetres + cout fixe) ===
    horizon=25 ans | N_MC=200 | Tvisite=12m | marge RUL=1 | prev=fc+ely | mult U_log[0.50, 2.00] | seed=2026
    empreinte=f9746cd965ec | sortie=/Work/Users/tlenoir/genial/Robustesse/Vieillissement9_4/runs/p3_maintenance_f9746cd965ec

--- Run nominal 'instant' (ages calendaires + test nul vs boucle de base)...
    TEST NUL instant==base : LPSP 0.000e+00 | deg 0.000e+00 kEUR | EENS 0.000e+00 kWh | trace=identique -> OK  (60s)
    vies nominales (1er remplacement) : bat=3.8904109589041096 fc=5.524543378995434 ely=None -> ages calendaires {'bat': 3.89, 'fc': 5.52, 'ely': None}

--- 803 runs a lancer (1 repris, 32 workers) ---
  [  1/803] corrective draw=-1  LPSP  3.8561%  uni0   88.763  nint  8  waste  0.000  outage 16335 h
  [  2/803] calendar   draw=-1  LPSP  2.9506%  uni0   81.943  nint  9  waste  0.500  outage     0 h
  [  3/803] rul        draw=-1  LPSP  2.9506%  uni0   81.943  nint  9  waste  0.500  outage     0 h
  [  4/803] instant    draw=0   LPSP  2.9508%  uni0  118.370  nint 15  waste  0.000  outage     0 h
  [  5/803] corrective draw=0   LPSP  3.5545%  uni0  119.395  nint 11  waste  0.000  outage  6700 h
  [  6/803] calendar   draw=0   LPSP  3.5320%  uni0  119.092  nint 12  waste  1.397  outage  6372 h
  [  7/803] rul        draw=0   LPSP  3.4284%  uni0  118.593  nint 10  waste  0.197  outage  1550 h
  [  8/803] instant    draw=1   LPSP  3.0071%  uni0  101.450  nint 12  waste  0.000  outage     0 h
  [  9/803] corrective draw=1   LPSP  3.1307%  uni0  101.657  nint 10  waste  0.000  outage  1593 h
  [ 10/803] calendar   draw=1   LPSP  3.0801%  uni0  101.151  nint 11  waste  1.844  outage     0 h
  [ 11/803] rul        draw=1   LPSP  3.1307%  uni0  101.657  nint 10  waste  0.000  outage  1593 h
  [ 12/803] instant    draw=2   LPSP  2.8268%  uni0   80.695  nint 10  waste  0.000  outage     0 h
  [ 13/803] corrective draw=2   LPSP  3.5967%  uni0   86.160  nint  8  waste  0.000  outage 12416 h
  [ 14/803] calendar   draw=2   LPSP  2.8891%  uni0   80.668  nint  9  waste  0.602  outage     0 h
  [ 15/803] rul        draw=2   LPSP  2.8891%  uni0   80.668  nint  9  waste  0.602  outage     0 h
  [ 16/803] instant    draw=3   LPSP  2.8117%  uni0   83.626  nint 10  waste  0.000  outage     0 h
  [ 17/803] corrective draw=3   LPSP  3.4652%  uni0   87.610  nint  6  waste  0.000  outage  5217 h
  [ 18/803] calendar   draw=3   LPSP  2.9590%  uni0   83.410  nint  9  waste  1.829  outage     0 h
  [ 19/803] rul        draw=3   LPSP  2.9685%  uni0   83.594  nint  9  waste  0.409  outage     0 h
  [ 20/803] instant    draw=4   LPSP  2.9639%  uni0   73.700  nint  8  waste  0.000  outage     0 h
  [ 21/803] corrective draw=4   LPSP  3.2037%  uni0   74.866  nint  7  waste  0.000  outage  8509 h
  [ 22/803] calendar   draw=4   LPSP  3.0353%  uni0   73.782  nint  4  waste  1.460  outage     0 h
  [ 23/803] rul        draw=4   LPSP  3.0395%  uni0   73.957  nint  7  waste  0.009  outage   113 h
  [ 24/803] instant    draw=5   LPSP  3.0071%  uni0   76.645  nint 11  waste  0.000  outage     0 h
  [ 25/803] corrective draw=5   LPSP  4.3031%  uni0   85.901  nint  6  waste  0.000  outage 17072 h
  [ 26/803] calendar   draw=5   LPSP  4.3031%  uni0   85.901  nint  6  waste  0.000  outage 17072 h
  [ 27/803] rul        draw=5   LPSP  3.1604%  uni0   77.096  nint  9  waste  0.264  outage   105 h
  [ 28/803] instant    draw=6   LPSP  2.8129%  uni0   94.143  nint 11  waste  0.000  outage     0 h
  [ 29/803] corrective draw=6   LPSP  3.0535%  uni0   95.570  nint 10  waste  0.000  outage  3515 h
  [ 30/803] calendar   draw=6   LPSP  2.8691%  uni0   93.958  nint 11  waste  1.828  outage     0 h
  [ 31/803] rul        draw=6   LPSP  2.8777%  uni0   94.121  nint 10  waste  0.428  outage     0 h
  [ 32/803] instant    draw=7   LPSP  2.9051%  uni0   93.655  nint 12  waste  0.000  outage     0 h
  [ 33/803] corrective draw=7   LPSP  3.7018%  uni0   97.609  nint  8  waste  0.000  outage  6690 h
  [ 34/803] calendar   draw=7   LPSP  3.2312%  uni0   93.939  nint  9  waste  0.717  outage     0 h
  [ 35/803] rul        draw=7   LPSP  3.2312%  uni0   93.939  nint  9  waste  0.717  outage     0 h
  [ 36/803] instant    draw=8   LPSP  2.8338%  uni0   78.843  nint  9  waste  0.000  outage     0 h
  [ 37/803] corrective draw=8   LPSP  3.0095%  uni0   79.910  nint  9  waste  0.000  outage  3545 h
  [ 38/803] calendar   draw=8   LPSP  2.8735%  uni0   78.765  nint  9  waste  1.406  outage     0 h
  [ 39/803] rul        draw=8   LPSP  2.9024%  uni0   79.085  nint  8  waste  0.501  outage   906 h
  [ 40/803] instant    draw=9   LPSP  3.0118%  uni0   76.361  nint 10  waste  0.000  outage     0 h
  [ 41/803] corrective draw=9   LPSP  5.6337%  uni0   96.026  nint  4  waste  0.000  outage 28839 h
  [ 42/803] calendar   draw=9   LPSP  5.6337%  uni0   96.026  nint  4  waste  0.000  outage 28839 h
  [ 43/803] rul        draw=9   LPSP  3.1729%  uni0   76.845  nint  9  waste  0.655  outage     0 h
  [ 44/803] instant    draw=10  LPSP  3.0111%  uni0   68.619  nint  9  waste  0.000  outage     0 h
  [ 45/803] corrective draw=10  LPSP  4.5299%  uni0   78.950  nint  7  waste  0.000  outage 29393 h
  [ 46/803] calendar   draw=10  LPSP  4.5299%  uni0   78.950  nint  7  waste  0.000  outage 29393 h
  [ 47/803] rul        draw=10  LPSP  3.0676%  uni0   68.828  nint  9  waste  0.591  outage     0 h
  [ 48/803] instant    draw=11  LPSP  2.8909%  uni0   63.855  nint  8  waste  0.000  outage     0 h
  [ 49/803] corrective draw=11  LPSP  4.3212%  uni0   73.781  nint  7  waste  0.000  outage 32492 h
  [ 50/803] calendar   draw=11  LPSP  4.3212%  uni0   73.781  nint  7  waste  0.000  outage 32492 h
  [ 51/803] rul        draw=11  LPSP  2.9128%  uni0   63.906  nint  9  waste  0.483  outage     0 h
  [ 52/803] instant    draw=12  LPSP  2.9562%  uni0  121.239  nint 15  waste  0.000  outage     0 h
  [ 53/803] corrective draw=12  LPSP  4.4359%  uni0  128.650  nint 11  waste  0.000  outage 16009 h
  [ 54/803] calendar   draw=12  LPSP  3.4474%  uni0  120.996  nint 12  waste  1.666  outage  3356 h
  [ 55/803] rul        draw=12  LPSP  3.3788%  uni0  120.669  nint 10  waste  0.525  outage     0 h
  [ 56/803] instant    draw=13  LPSP  2.9384%  uni0  118.213  nint 15  waste  0.000  outage     0 h
  [ 57/803] corrective draw=13  LPSP  6.6046%  uni0  143.059  nint  8  waste  0.000  outage 29628 h
  [ 58/803] calendar   draw=13  LPSP  3.3793%  uni0  117.844  nint 11  waste  0.166  outage     0 h
  [ 59/803] rul        draw=13  LPSP  3.3793%  uni0  117.844  nint 11  waste  0.166  outage     0 h
  [ 60/803] instant    draw=14  LPSP  2.8801%  uni0  101.519  nint 14  waste  0.000  outage     0 h
  [ 61/803] corrective draw=14  LPSP  3.0743%  uni0  101.966  nint 11  waste  0.000  outage  2609 h
  [ 62/803] calendar   draw=14  LPSP  3.0743%  uni0  101.966  nint 11  waste  0.000  outage  2609 h
  [ 63/803] rul        draw=14  LPSP  3.0856%  uni0  102.034  nint 11  waste  0.236  outage  2125 h
  [ 64/803] instant    draw=15  LPSP  3.0269%  uni0   76.008  nint 10  waste  0.000  outage     0 h
  [ 65/803] corrective draw=15  LPSP  4.0594%  uni0   82.232  nint  8  waste  0.000  outage 33330 h
  [ 66/803] calendar   draw=15  LPSP  3.0939%  uni0   76.236  nint  4  waste  0.062  outage   634 h
  [ 67/803] rul        draw=15  LPSP  3.0939%  uni0   76.236  nint  4  waste  0.062  outage   634 h
  [ 68/803] instant    draw=16  LPSP  2.9329%  uni0   68.623  nint  8  waste  0.000  outage     0 h
  [ 69/803] corrective draw=16  LPSP  4.4221%  uni0   79.713  nint  4  waste  0.000  outage 15784 h
  [ 70/803] calendar   draw=16  LPSP  2.9998%  uni0   68.752  nint  8  waste  0.518  outage     0 h
  [ 71/803] rul        draw=16  LPSP  2.9998%  uni0   68.752  nint  8  waste  0.518  outage     0 h
  [ 72/803] instant    draw=17  LPSP  2.8423%  uni0   63.272  nint  9  waste  0.000  outage     0 h
  [ 73/803] corrective draw=17  LPSP  4.4637%  uni0   74.391  nint  7  waste  0.000  outage 41184 h
  [ 74/803] calendar   draw=17  LPSP  4.4637%  uni0   74.391  nint  7  waste  0.000  outage 41184 h
  [ 75/803] rul        draw=17  LPSP  2.8800%  uni0   63.426  nint  9  waste  0.132  outage     0 h
  [ 76/803] instant    draw=18  LPSP  3.0190%  uni0  103.581  nint 14  waste  0.000  outage     0 h
  [ 77/803] corrective draw=18  LPSP  3.8059%  uni0  108.864  nint 10  waste  0.000  outage 11604 h
  [ 78/803] calendar   draw=18  LPSP  3.2757%  uni0  104.995  nint 11  waste  0.007  outage  2679 h
  [ 79/803] rul        draw=18  LPSP  3.0668%  uni0  103.403  nint 12  waste  0.322  outage   435 h
  [ 80/803] instant    draw=19  LPSP  2.8883%  uni0   96.326  nint 14  waste  0.000  outage     0 h
  [ 81/803] corrective draw=19  LPSP  4.0068%  uni0  103.633  nint  9  waste  0.000  outage 12661 h
  [ 82/803] calendar   draw=19  LPSP  4.0068%  uni0  103.633  nint  9  waste  0.000  outage 12661 h
  [ 83/803] rul        draw=19  LPSP  3.1243%  uni0   96.158  nint 10  waste  2.083  outage     0 h
  [ 84/803] instant    draw=20  LPSP  2.8177%  uni0   59.640  nint  6  waste  0.000  outage     0 h
  [ 85/803] corrective draw=20  LPSP  4.4111%  uni0   72.024  nint  3  waste  0.000  outage 15898 h
  [ 86/803] calendar   draw=20  LPSP  2.8352%  uni0   59.532  nint  7  waste  1.134  outage     0 h
  [ 87/803] rul        draw=20  LPSP  2.8372%  uni0   59.629  nint  7  waste  0.338  outage     0 h
  [ 88/803] instant    draw=21  LPSP  2.9411%  uni0   68.349  nint  7  waste  0.000  outage     0 h
  [ 89/803] corrective draw=21  LPSP  4.1790%  uni0   76.902  nint  6  waste  0.000  outage 22834 h
  [ 90/803] calendar   draw=21  LPSP  3.0216%  uni0   68.445  nint  8  waste  1.508  outage     0 h
  [ 91/803] rul        draw=21  LPSP  3.0337%  uni0   68.662  nint  7  waste  0.074  outage     0 h
  [ 92/803] instant    draw=22  LPSP  3.0015%  uni0   90.985  nint 13  waste  0.000  outage     0 h
  [ 93/803] corrective draw=22  LPSP  4.7642%  uni0  102.044  nint  9  waste  0.000  outage 42551 h
  [ 94/803] calendar   draw=22  LPSP  4.7642%  uni0  102.044  nint  9  waste  0.000  outage 42551 h
  [ 95/803] rul        draw=22  LPSP  3.0886%  uni0   91.059  nint  7  waste  0.118  outage     0 h
  [ 96/803] instant    draw=23  LPSP  2.9140%  uni0   67.652  nint  9  waste  0.000  outage     0 h
  [ 97/803] corrective draw=23  LPSP  3.8087%  uni0   72.882  nint  8  waste  0.000  outage 21596 h
  [ 98/803] calendar   draw=23  LPSP  3.7147%  uni0   72.128  nint  8  waste  0.158  outage 21305 h
  [ 99/803] rul        draw=23  LPSP  3.0068%  uni0   67.967  nint  7  waste  1.037  outage     0 h
  [100/803] instant    draw=24  LPSP  2.9284%  uni0  123.366  nint 14  waste  0.000  outage     0 h
  [101/803] corrective draw=24  LPSP  4.4244%  uni0  130.613  nint  9  waste  0.000  outage 11958 h
  [102/803] calendar   draw=24  LPSP  4.2207%  uni0  129.012  nint 11  waste  2.258  outage  7168 h
  [103/803] rul        draw=24  LPSP  3.4294%  uni0  123.085  nint 11  waste  0.460  outage     0 h
  [104/803] instant    draw=25  LPSP  2.9960%  uni0   98.908  nint 11  waste  0.000  outage     0 h
  [105/803] corrective draw=25  LPSP  3.6236%  uni0  102.914  nint 10  waste  0.000  outage 19001 h
  [106/803] calendar   draw=25  LPSP  3.6485%  uni0  103.320  nint 11  waste  2.302  outage  8608 h
  [107/803] rul        draw=25  LPSP  3.0620%  uni0   98.983  nint  9  waste  0.101  outage   514 h
  [108/803] instant    draw=26  LPSP  2.8006%  uni0   90.381  nint 13  waste  0.000  outage     0 h
  [109/803] corrective draw=26  LPSP  3.8056%  uni0   96.156  nint  9  waste  0.000  outage 14298 h
  [110/803] calendar   draw=26  LPSP  3.8056%  uni0   96.156  nint  9  waste  0.000  outage 14298 h
  [111/803] rul        draw=26  LPSP  3.0931%  uni0   90.592  nint  6  waste  1.163  outage     0 h
  [112/803] instant    draw=27  LPSP  3.0060%  uni0   83.740  nint 10  waste  0.000  outage     0 h
  [113/803] corrective draw=27  LPSP  3.1773%  uni0   84.482  nint  8  waste  0.000  outage  8968 h
  [114/803] calendar   draw=27  LPSP  3.0330%  uni0   83.668  nint  9  waste  0.832  outage     0 h
  [115/803] rul        draw=27  LPSP  3.0536%  uni0   83.864  nint  8  waste  0.008  outage   527 h
  [116/803] instant    draw=28  LPSP  2.9941%  uni0   70.443  nint  9  waste  0.000  outage     0 h
  [117/803] corrective draw=28  LPSP  3.9274%  uni0   76.525  nint  8  waste  0.000  outage 23993 h
  [118/803] calendar   draw=28  LPSP  3.9274%  uni0   76.525  nint  8  waste  0.000  outage 23993 h
  [119/803] rul        draw=28  LPSP  3.0341%  uni0   70.524  nint  8  waste  0.820  outage     0 h
  [120/803] instant    draw=29  LPSP  2.9628%  uni0  120.527  nint 17  waste  0.000  outage     0 h
  [121/803] corrective draw=29  LPSP  4.2465%  uni0  127.097  nint 12  waste  0.000  outage 15403 h
  [122/803] calendar   draw=29  LPSP  4.2465%  uni0  127.097  nint 12  waste  0.000  outage 15403 h
  [123/803] rul        draw=29  LPSP  3.2733%  uni0  119.878  nint 10  waste  2.085  outage   888 h
  [124/803] instant    draw=30  LPSP  2.8281%  uni0   65.657  nint  7  waste  0.000  outage     0 h
  [125/803] corrective draw=30  LPSP  3.0963%  uni0   66.963  nint  6  waste  0.000  outage  9152 h
  [126/803] calendar   draw=30  LPSP  2.9278%  uni0   65.702  nint  8  waste  1.866  outage     0 h
  [127/803] rul        draw=30  LPSP  2.9546%  uni0   66.048  nint  6  waste  0.002  outage   422 h
  [128/803] instant    draw=31  LPSP  2.9932%  uni0   87.175  nint 11  waste  0.000  outage     0 h
  [129/803] corrective draw=31  LPSP  3.8373%  uni0   92.631  nint  9  waste  0.000  outage 18543 h
  [130/803] calendar   draw=31  LPSP  3.8373%  uni0   92.631  nint  9  waste  0.000  outage 18543 h
  [131/803] rul        draw=31  LPSP  3.0750%  uni0   87.210  nint  6  waste  1.024  outage     0 h
  [132/803] instant    draw=32  LPSP  2.8955%  uni0   64.808  nint  8  waste  0.000  outage     0 h
  [133/803] corrective draw=32  LPSP  3.7165%  uni0   70.128  nint  7  waste  0.000  outage 16518 h
  [134/803] calendar   draw=32  LPSP  3.1204%  uni0   66.010  nint  8  waste  0.624  outage  5080 h
  [135/803] rul        draw=32  LPSP  2.9661%  uni0   65.083  nint  8  waste  0.743  outage     0 h
  [136/803] instant    draw=33  LPSP  2.8528%  uni0   91.860  nint 12  waste  0.000  outage     0 h
  [137/803] corrective draw=33  LPSP  4.6876%  uni0  104.585  nint  6  waste  0.000  outage 19812 h
  [138/803] calendar   draw=33  LPSP  3.1751%  uni0   91.990  nint  9  waste  1.007  outage     0 h
  [139/803] rul        draw=33  LPSP  3.1916%  uni0   92.181  nint  8  waste  0.222  outage     0 h
  [140/803] instant    draw=34  LPSP  2.9172%  uni0   64.821  nint  8  waste  0.000  outage     0 h
  [141/803] corrective draw=34  LPSP  3.2774%  uni0   67.190  nint  7  waste  0.000  outage  7606 h
  [142/803] calendar   draw=34  LPSP  3.2774%  uni0   67.190  nint  7  waste  0.000  outage  7606 h
  [143/803] rul        draw=34  LPSP  2.9561%  uni0   64.882  nint  9  waste  1.276  outage     0 h
  [144/803] instant    draw=35  LPSP  2.9493%  uni0   69.306  nint  7  waste  0.000  outage     0 h
  [145/803] corrective draw=35  LPSP  3.8007%  uni0   74.735  nint  6  waste  0.000  outage 20592 h
  [146/803] calendar   draw=35  LPSP  3.1218%  uni0   70.068  nint  8  waste  2.603  outage  4290 h
  [147/803] rul        draw=35  LPSP  3.0028%  uni0   69.504  nint  6  waste  0.378  outage     0 h
  [148/803] instant    draw=36  LPSP  2.9636%  uni0  129.414  nint 17  waste  0.000  outage     0 h
  [149/803] corrective draw=36  LPSP  4.7115%  uni0  137.685  nint 11  waste  0.000  outage 19730 h
  [150/803] calendar   draw=36  LPSP  4.1038%  uni0  132.989  nint 11  waste  1.097  outage  4101 h
  [151/803] rul        draw=36  LPSP  3.6063%  uni0  129.228  nint  9  waste  0.523  outage     0 h
  [152/803] instant    draw=37  LPSP  2.9976%  uni0   69.133  nint  8  waste  0.000  outage     0 h
  [153/803] corrective draw=37  LPSP  5.3094%  uni0   86.534  nint  4  waste  0.000  outage 25044 h
  [154/803] calendar   draw=37  LPSP  3.0206%  uni0   69.165  nint  8  waste  0.292  outage     0 h
  [155/803] rul        draw=37  LPSP  3.0206%  uni0   69.165  nint  8  waste  0.292  outage     0 h
  [156/803] instant    draw=38  LPSP  2.9699%  uni0  134.727  nint 19  waste  0.000  outage     0 h
  [157/803] corrective draw=38  LPSP  4.9822%  uni0  148.441  nint 14  waste  0.000  outage 39473 h
  [158/803] calendar   draw=38  LPSP  4.9822%  uni0  148.441  nint 14  waste  0.000  outage 39473 h
  [159/803] rul        draw=38  LPSP  2.9917%  uni0  134.446  nint 13  waste  0.504  outage     0 h
  [160/803] instant    draw=39  LPSP  2.8559%  uni0   76.268  nint 10  waste  0.000  outage     0 h
  [161/803] corrective draw=39  LPSP  5.8334%  uni0   98.535  nint  4  waste  0.000  outage 26834 h
  [162/803] calendar   draw=39  LPSP  5.8334%  uni0   98.535  nint  4  waste  0.000  outage 26834 h
  [163/803] rul        draw=39  LPSP  3.0038%  uni0   76.404  nint  9  waste  0.691  outage     0 h
  [164/803] instant    draw=40  LPSP  2.9574%  uni0  104.771  nint 13  waste  0.000  outage     0 h
  [165/803] corrective draw=40  LPSP  4.8771%  uni0  118.641  nint  8  waste  0.000  outage 25303 h
  [166/803] calendar   draw=40  LPSP  3.0782%  uni0  105.095  nint 12  waste  0.556  outage  1673 h
  [167/803] rul        draw=40  LPSP  3.0036%  uni0  104.568  nint 11  waste  0.947  outage     0 h
  [168/803] instant    draw=41  LPSP  2.9300%  uni0   86.864  nint 13  waste  0.000  outage     0 h
  [169/803] corrective draw=41  LPSP  5.4488%  uni0  103.056  nint 10  waste  0.000  outage 39237 h
  [170/803] calendar   draw=41  LPSP  5.4488%  uni0  103.056  nint 10  waste  0.000  outage 39237 h
  [171/803] rul        draw=41  LPSP  3.1108%  uni0   87.111  nint 11  waste  0.928  outage     0 h
  [172/803] instant    draw=42  LPSP  3.0312%  uni0  102.786  nint 13  waste  0.000  outage     0 h
  [173/803] corrective draw=42  LPSP  4.3703%  uni0  112.611  nint  8  waste  0.000  outage 14606 h
  [174/803] calendar   draw=42  LPSP  3.2671%  uni0  104.040  nint 11  waste  0.557  outage  2220 h
  [175/803] rul        draw=42  LPSP  3.0605%  uni0  102.477  nint 12  waste  0.858  outage     0 h
  [176/803] instant    draw=43  LPSP  2.9475%  uni0   76.195  nint  9  waste  0.000  outage     0 h
  [177/803] corrective draw=43  LPSP  3.9249%  uni0   82.111  nint  7  waste  0.000  outage 26034 h
  [178/803] calendar   draw=43  LPSP  3.0794%  uni0   76.339  nint  4  waste  0.849  outage     0 h
  [179/803] rul        draw=43  LPSP  3.0801%  uni0   76.425  nint  8  waste  0.024  outage     0 h
  [180/803] instant    draw=44  LPSP  2.9479%  uni0  114.846  nint 14  waste  0.000  outage     0 h
  [181/803] corrective draw=44  LPSP  4.5326%  uni0  124.317  nint 11  waste  0.000  outage 17385 h
  [182/803] calendar   draw=44  LPSP  3.2789%  uni0  114.561  nint 12  waste  1.531  outage  3496 h
  [183/803] rul        draw=44  LPSP  3.2091%  uni0  114.260  nint 10  waste  0.346  outage   276 h
  [184/803] instant    draw=45  LPSP  2.9621%  uni0  111.197  nint 14  waste  0.000  outage     0 h
  [185/803] corrective draw=45  LPSP  3.9938%  uni0  116.815  nint 11  waste  0.000  outage 18147 h
  [186/803] calendar   draw=45  LPSP  3.8936%  uni0  116.368  nint 11  waste  1.192  outage  8486 h
  [187/803] rul        draw=45  LPSP  3.1644%  uni0  110.888  nint  9  waste  0.449  outage     0 h
  [188/803] instant    draw=46  LPSP  2.9148%  uni0  113.758  nint 15  waste  0.000  outage     0 h
  [189/803] corrective draw=46  LPSP  3.6667%  uni0  116.578  nint  8  waste  0.000  outage  3832 h
  [190/803] calendar   draw=46  LPSP  3.2575%  uni0  113.266  nint 11  waste  0.772  outage     0 h
  [191/803] rul        draw=46  LPSP  3.2575%  uni0  113.266  nint 11  waste  0.772  outage     0 h
  [192/803] instant    draw=47  LPSP  2.9660%  uni0   82.333  nint 13  waste  0.000  outage     0 h
  [193/803] corrective draw=47  LPSP  4.8644%  uni0   94.832  nint  9  waste  0.000  outage 30629 h
  [194/803] calendar   draw=47  LPSP  4.8644%  uni0   94.832  nint  9  waste  0.000  outage 30629 h
  [195/803] rul        draw=47  LPSP  3.1093%  uni0   82.459  nint 12  waste  1.452  outage     0 h
  [196/803] instant    draw=48  LPSP  2.9445%  uni0   73.888  nint 11  waste  0.000  outage     0 h
  [197/803] corrective draw=48  LPSP  4.8267%  uni0   85.398  nint 10  waste  0.000  outage 41969 h
  [198/803] calendar   draw=48  LPSP  4.8267%  uni0   85.398  nint 10  waste  0.000  outage 41969 h
  [199/803] rul        draw=48  LPSP  2.9966%  uni0   74.063  nint 10  waste  0.648  outage   139 h
  [200/803] instant    draw=49  LPSP  2.8097%  uni0  101.044  nint 14  waste  0.000  outage     0 h
  [201/803] corrective draw=49  LPSP  3.1980%  uni0  102.735  nint 11  waste  0.000  outage  5709 h
  [202/803] calendar   draw=49  LPSP  3.1980%  uni0  102.735  nint 11  waste  0.000  outage  5709 h
  [203/803] rul        draw=49  LPSP  2.9312%  uni0  100.527  nint 12  waste  1.380  outage     0 h
  [204/803] instant    draw=50  LPSP  3.0079%  uni0   70.955  nint  7  waste  0.000  outage     0 h
  [205/803] corrective draw=50  LPSP  3.5670%  uni0   74.388  nint  6  waste  0.000  outage  9870 h
  [206/803] calendar   draw=50  LPSP  3.1359%  uni0   71.109  nint  8  waste  2.344  outage     0 h
  [207/803] rul        draw=50  LPSP  3.1644%  uni0   71.485  nint  5  waste  0.129  outage   158 h
  [208/803] instant    draw=51  LPSP  2.9622%  uni0  107.107  nint 14  waste  0.000  outage     0 h
  [209/803] corrective draw=51  LPSP  4.4295%  uni0  116.761  nint  9  waste  0.000  outage 22339 h
  [210/803] calendar   draw=51  LPSP  3.2245%  uni0  107.599  nint 12  waste  0.559  outage  4790 h
  [211/803] rul        draw=51  LPSP  3.0924%  uni0  106.782  nint 11  waste  0.781  outage     0 h
  [212/803] instant    draw=52  LPSP  2.8089%  uni0   75.848  nint 12  waste  0.000  outage     0 h
  [213/803] corrective draw=52  LPSP  5.1743%  uni0   92.136  nint  9  waste  0.000  outage 44912 h
  [214/803] calendar   draw=52  LPSP  5.1743%  uni0   92.136  nint  9  waste  0.000  outage 44912 h
  [215/803] rul        draw=52  LPSP  2.9201%  uni0   75.972  nint 11  waste  0.482  outage     0 h
  [216/803] instant    draw=53  LPSP  2.9432%  uni0   78.104  nint  9  waste  0.000  outage     0 h
  [217/803] corrective draw=53  LPSP  4.3430%  uni0   87.068  nint  7  waste  0.000  outage 31748 h
  [218/803] calendar   draw=53  LPSP  3.4129%  uni0   80.971  nint  5  waste  1.599  outage  5781 h
  [219/803] rul        draw=53  LPSP  3.0175%  uni0   78.141  nint  8  waste  0.268  outage     0 h
  [220/803] instant    draw=54  LPSP  2.7900%  uni0   71.792  nint  7  waste  0.000  outage     0 h
  [221/803] corrective draw=54  LPSP  4.4738%  uni0   84.106  nint  4  waste  0.000  outage 15871 h
  [222/803] calendar   draw=54  LPSP  2.9402%  uni0   71.699  nint  4  waste  2.254  outage     0 h
  [223/803] rul        draw=54  LPSP  2.9658%  uni0   72.073  nint  6  waste  0.036  outage     0 h
  [224/803] instant    draw=55  LPSP  2.9656%  uni0   79.514  nint 11  waste  0.000  outage     0 h
  [225/803] corrective draw=55  LPSP  6.1133%  uni0  102.666  nint  4  waste  0.000  outage 30618 h
  [226/803] calendar   draw=55  LPSP  6.1133%  uni0  102.666  nint  4  waste  0.000  outage 30618 h
  [227/803] rul        draw=55  LPSP  3.0649%  uni0   79.634  nint 10  waste  0.541  outage     0 h
  [228/803] instant    draw=56  LPSP  2.9469%  uni0   95.241  nint 13  waste  0.000  outage     0 h
  [229/803] corrective draw=56  LPSP  3.9574%  uni0  100.853  nint 10  waste  0.000  outage 17560 h
  [230/803] calendar   draw=56  LPSP  3.9574%  uni0  100.853  nint 10  waste  0.000  outage 17560 h
  [231/803] rul        draw=56  LPSP  3.1694%  uni0   95.398  nint  6  waste  1.152  outage    40 h
  [232/803] instant    draw=57  LPSP  2.7889%  uni0   88.813  nint 12  waste  0.000  outage     0 h
  [233/803] corrective draw=57  LPSP  3.2612%  uni0   90.595  nint  8  waste  0.000  outage  2509 h
  [234/803] calendar   draw=57  LPSP  3.0690%  uni0   88.991  nint  9  waste  0.814  outage     0 h
  [235/803] rul        draw=57  LPSP  3.2612%  uni0   90.595  nint  8  waste  0.000  outage  2509 h
  [236/803] instant    draw=58  LPSP  2.9495%  uni0  119.133  nint 15  waste  0.000  outage     0 h
  [237/803] corrective draw=58  LPSP  5.5065%  uni0  135.456  nint  8  waste  0.000  outage 18077 h
  [238/803] calendar   draw=58  LPSP  3.8368%  uni0  122.103  nint 11  waste  2.160  outage  8251 h
  [239/803] rul        draw=58  LPSP  3.3536%  uni0  118.718  nint 11  waste  0.178  outage     0 h
  [240/803] instant    draw=59  LPSP  2.8068%  uni0   82.232  nint 11  waste  0.000  outage     0 h
  [241/803] corrective draw=59  LPSP  3.7482%  uni0   88.504  nint  9  waste  0.000  outage 23701 h
  [242/803] calendar   draw=59  LPSP  2.8988%  uni0   82.043  nint  9  waste  0.943  outage     0 h
  [243/803] rul        draw=59  LPSP  2.9159%  uni0   82.279  nint  8  waste  0.094  outage     0 h
  [244/803] instant    draw=60  LPSP  2.8457%  uni0   68.969  nint  8  waste  0.000  outage     0 h
  [245/803] corrective draw=60  LPSP  3.2234%  uni0   71.547  nint  7  waste  0.000  outage 10572 h
  [246/803] calendar   draw=60  LPSP  2.8697%  uni0   68.903  nint  4  waste  1.195  outage     0 h
  [247/803] rul        draw=60  LPSP  2.8687%  uni0   68.948  nint  8  waste  0.459  outage     0 h
  [248/803] instant    draw=61  LPSP  2.7929%  uni0  115.717  nint 16  waste  0.000  outage     0 h
  [249/803] corrective draw=61  LPSP  3.4711%  uni0  116.902  nint 11  waste  0.000  outage  3427 h
  [250/803] calendar   draw=61  LPSP  3.4711%  uni0  116.902  nint 11  waste  0.000  outage  3427 h
  [251/803] rul        draw=61  LPSP  3.2589%  uni0  115.130  nint 12  waste  1.392  outage     0 h
  [252/803] instant    draw=62  LPSP  2.9008%  uni0   95.635  nint 12  waste  0.000  outage     0 h
  [253/803] corrective draw=62  LPSP  5.0156%  uni0  112.016  nint  8  waste  0.000  outage 23779 h
  [254/803] calendar   draw=62  LPSP  2.9196%  uni0   95.566  nint 11  waste  0.302  outage     0 h
  [255/803] rul        draw=62  LPSP  2.9196%  uni0   95.566  nint 11  waste  0.302  outage     0 h
  [256/803] instant    draw=63  LPSP  2.9642%  uni0   70.668  nint  9  waste  0.000  outage     0 h
  [257/803] corrective draw=63  LPSP  4.5242%  uni0   81.947  nint  4  waste  0.000  outage 20860 h
  [258/803] calendar   draw=63  LPSP  3.4978%  uni0   74.314  nint  9  waste  0.604  outage  6329 h
  [259/803] rul        draw=63  LPSP  3.0161%  uni0   70.754  nint  9  waste  0.736  outage     0 h
  [260/803] instant    draw=64  LPSP  3.0286%  uni0   77.854  nint 11  waste  0.000  outage     0 h
  [261/803] corrective draw=64  LPSP  3.9193%  uni0   83.665  nint  9  waste  0.000  outage 20045 h
  [262/803] calendar   draw=64  LPSP  3.9193%  uni0   83.665  nint  9  waste  0.000  outage 20045 h
  [263/803] rul        draw=64  LPSP  3.0528%  uni0   77.751  nint 11  waste  1.724  outage     0 h
  [264/803] instant    draw=65  LPSP  2.9678%  uni0   90.902  nint 12  waste  0.000  outage     0 h
  [265/803] corrective draw=65  LPSP  4.0253%  uni0   97.441  nint  9  waste  0.000  outage 23211 h
  [266/803] calendar   draw=65  LPSP  3.0884%  uni0   91.026  nint  9  waste  0.548  outage   284 h
  [267/803] rul        draw=65  LPSP  3.0484%  uni0   90.725  nint 10  waste  1.002  outage     0 h
  [268/803] instant    draw=66  LPSP  2.9790%  uni0   63.353  nint  9  waste  0.000  outage     0 h
  [269/803] corrective draw=66  LPSP  3.9853%  uni0   69.918  nint  7  waste  0.000  outage 24351 h
  [270/803] calendar   draw=66  LPSP  3.9853%  uni0   69.918  nint  7  waste  0.000  outage 24351 h
  [271/803] rul        draw=66  LPSP  3.0290%  uni0   63.484  nint  6  waste  0.997  outage     0 h
  [272/803] instant    draw=67  LPSP  2.8567%  uni0  106.084  nint 14  waste  0.000  outage     0 h
  [273/803] corrective draw=67  LPSP  5.8688%  uni0  127.953  nint  8  waste  0.000  outage 28474 h
  [274/803] calendar   draw=67  LPSP  3.0556%  uni0  105.737  nint 11  waste  0.187  outage     0 h
  [275/803] rul        draw=67  LPSP  3.0556%  uni0  105.737  nint 11  waste  0.187  outage     0 h
  [276/803] instant    draw=68  LPSP  2.8759%  uni0   65.229  nint  9  waste  0.000  outage     0 h
  [277/803] corrective draw=68  LPSP  3.3092%  uni0   68.055  nint  7  waste  0.000  outage  7364 h
  [278/803] calendar   draw=68  LPSP  3.3092%  uni0   68.055  nint  7  waste  0.000  outage  7364 h
  [279/803] rul        draw=68  LPSP  2.9740%  uni0   65.461  nint  9  waste  1.365  outage     0 h
  [280/803] instant    draw=69  LPSP  2.9516%  uni0   70.546  nint 10  waste  0.000  outage     0 h
  [281/803] corrective draw=69  LPSP  3.7407%  uni0   75.718  nint  8  waste  0.000  outage 15031 h
  [282/803] calendar   draw=69  LPSP  3.7407%  uni0   75.718  nint  8  waste  0.000  outage 15031 h
  [283/803] rul        draw=69  LPSP  2.9944%  uni0   70.625  nint 11  waste  2.313  outage     0 h
  [284/803] instant    draw=70  LPSP  2.9680%  uni0   92.867  nint 13  waste  0.000  outage     0 h
  [285/803] corrective draw=70  LPSP  4.9311%  uni0  106.017  nint  9  waste  0.000  outage 30056 h
  [286/803] calendar   draw=70  LPSP  4.9311%  uni0  106.017  nint  9  waste  0.000  outage 30056 h
  [287/803] rul        draw=70  LPSP  3.1207%  uni0   92.991  nint  7  waste  0.558  outage   158 h
  [288/803] instant    draw=71  LPSP  2.9394%  uni0   75.002  nint  8  waste  0.000  outage     0 h
  [289/803] corrective draw=71  LPSP  3.4556%  uni0   78.009  nint  7  waste  0.000  outage  7448 h
  [290/803] calendar   draw=71  LPSP  3.2042%  uni0   75.889  nint  9  waste  1.879  outage  5561 h
  [291/803] rul        draw=71  LPSP  3.1045%  uni0   75.506  nint  7  waste  0.566  outage     0 h
  [292/803] instant    draw=72  LPSP  2.9754%  uni0   79.222  nint  9  waste  0.000  outage     0 h
  [293/803] corrective draw=72  LPSP  3.5849%  uni0   82.665  nint  7  waste  0.000  outage  9962 h
  [294/803] calendar   draw=72  LPSP  3.3409%  uni0   80.664  nint  5  waste  1.839  outage  7025 h
  [295/803] rul        draw=72  LPSP  3.1531%  uni0   79.607  nint  8  waste  0.116  outage  1067 h
  [296/803] instant    draw=73  LPSP  2.9164%  uni0   87.067  nint 10  waste  0.000  outage     0 h
  [297/803] corrective draw=73  LPSP  3.4603%  uni0   89.981  nint  9  waste  0.000  outage  9924 h
  [298/803] calendar   draw=73  LPSP  3.0588%  uni0   86.917  nint  9  waste  1.268  outage     0 h
  [299/803] rul        draw=73  LPSP  3.0729%  uni0   87.109  nint  8  waste  0.518  outage     0 h
  [300/803] instant    draw=74  LPSP  2.9648%  uni0   76.089  nint 10  waste  0.000  outage     0 h
  [301/803] corrective draw=74  LPSP  4.5495%  uni0   87.626  nint  4  waste  0.000  outage 17755 h
  [302/803] calendar   draw=74  LPSP  4.5495%  uni0   87.626  nint  4  waste  0.000  outage 17755 h
  [303/803] rul        draw=74  LPSP  3.0386%  uni0   76.194  nint  9  waste  0.986  outage     0 h
  [304/803] instant    draw=75  LPSP  2.9968%  uni0  118.706  nint 18  waste  0.000  outage     0 h
  [305/803] corrective draw=75  LPSP  5.2669%  uni0  132.677  nint 12  waste  0.000  outage 29665 h
  [306/803] calendar   draw=75  LPSP  5.2669%  uni0  132.677  nint 12  waste  0.000  outage 29665 h
  [307/803] rul        draw=75  LPSP  3.3075%  uni0  118.214  nint  9  waste  1.317  outage   206 h
  [308/803] instant    draw=76  LPSP  2.8088%  uni0   94.934  nint 12  waste  0.000  outage     0 h
  [309/803] corrective draw=76  LPSP  4.9425%  uni0  111.474  nint  8  waste  0.000  outage 22332 h
  [310/803] calendar   draw=76  LPSP  2.8551%  uni0   94.832  nint 11  waste  0.356  outage     0 h
  [311/803] rul        draw=76  LPSP  2.8551%  uni0   94.832  nint 11  waste  0.356  outage     0 h
  [312/803] instant    draw=77  LPSP  2.9969%  uni0   90.367  nint 13  waste  0.000  outage     0 h
  [313/803] corrective draw=77  LPSP  4.7329%  uni0  101.143  nint  9  waste  0.000  outage 43152 h
  [314/803] calendar   draw=77  LPSP  4.7329%  uni0  101.143  nint  9  waste  0.000  outage 43152 h
  [315/803] rul        draw=77  LPSP  3.0440%  uni0   90.130  nint  7  waste  0.407  outage     0 h
  [316/803] instant    draw=78  LPSP  2.8044%  uni0   73.790  nint  8  waste  0.000  outage     0 h
  [317/803] corrective draw=78  LPSP  3.3657%  uni0   76.940  nint  7  waste  0.000  outage  9228 h
  [318/803] calendar   draw=78  LPSP  2.9864%  uni0   74.005  nint  4  waste  1.237  outage     0 h
  [319/803] rul        draw=78  LPSP  2.9862%  uni0   74.066  nint  8  waste  0.497  outage     0 h
  [320/803] instant    draw=79  LPSP  2.9177%  uni0   86.304  nint 13  waste  0.000  outage     0 h
  [321/803] corrective draw=79  LPSP  5.8415%  uni0  108.150  nint  6  waste  0.000  outage 31037 h
  [322/803] calendar   draw=79  LPSP  5.8415%  uni0  108.150  nint  6  waste  0.000  outage 31037 h
  [323/803] rul        draw=79  LPSP  2.9739%  uni0   86.231  nint 12  waste  1.253  outage     0 h
  [324/803] instant    draw=80  LPSP  2.9477%  uni0  125.130  nint 17  waste  0.000  outage     0 h
  [325/803] corrective draw=80  LPSP  4.6830%  uni0  135.340  nint  9  waste  0.000  outage 18065 h
  [326/803] calendar   draw=80  LPSP  4.6830%  uni0  135.340  nint  9  waste  0.000  outage 18065 h
  [327/803] rul        draw=80  LPSP  3.5742%  uni0  124.788  nint 12  waste  1.028  outage     0 h
  [328/803] instant    draw=81  LPSP  2.9995%  uni0   92.856  nint 13  waste  0.000  outage     0 h
  [329/803] corrective draw=81  LPSP  5.3091%  uni0  109.209  nint  6  waste  0.000  outage 22442 h
  [330/803] calendar   draw=81  LPSP  5.3091%  uni0  109.209  nint  6  waste  0.000  outage 22442 h
  [331/803] rul        draw=81  LPSP  3.1455%  uni0   92.776  nint 12  waste  1.637  outage     0 h
  [332/803] instant    draw=82  LPSP  3.0113%  uni0   97.030  nint 13  waste  0.000  outage     0 h
  [333/803] corrective draw=82  LPSP  4.8735%  uni0  109.559  nint  6  waste  0.000  outage 20844 h
  [334/803] calendar   draw=82  LPSP  3.5561%  uni0   98.891  nint  9  waste  0.980  outage  2006 h
  [335/803] rul        draw=82  LPSP  3.3217%  uni0   97.163  nint  9  waste  0.477  outage     0 h
  [336/803] instant    draw=83  LPSP  2.8063%  uni0  107.069  nint 13  waste  0.000  outage     0 h
  [337/803] corrective draw=83  LPSP  3.9143%  uni0  113.129  nint 10  waste  0.000  outage 12780 h
  [338/803] calendar   draw=83  LPSP  3.0577%  uni0  106.247  nint 11  waste  1.147  outage     0 h
  [339/803] rul        draw=83  LPSP  3.0831%  uni0  106.508  nint  8  waste  0.396  outage     0 h
  [340/803] instant    draw=84  LPSP  2.8344%  uni0   61.205  nint  7  waste  0.000  outage     0 h
  [341/803] corrective draw=84  LPSP  3.6005%  uni0   66.970  nint  3  waste  0.000  outage  7720 h
  [342/803] calendar   draw=84  LPSP  2.8892%  uni0   61.322  nint  7  waste  1.277  outage     0 h
  [343/803] rul        draw=84  LPSP  2.8920%  uni0   61.398  nint  7  waste  0.543  outage     0 h
  [344/803] instant    draw=85  LPSP  2.9405%  uni0  100.256  nint 12  waste  0.000  outage     0 h
  [345/803] corrective draw=85  LPSP  3.6107%  uni0  104.527  nint 10  waste  0.000  outage 11621 h
  [346/803] calendar   draw=85  LPSP  3.0253%  uni0   99.946  nint 11  waste  1.687  outage     0 h
  [347/803] rul        draw=85  LPSP  3.0379%  uni0  100.140  nint 10  waste  0.291  outage     0 h
  [348/803] instant    draw=86  LPSP  2.8239%  uni0   87.306  nint 12  waste  0.000  outage     0 h
  [349/803] corrective draw=86  LPSP  4.5288%  uni0   98.937  nint  9  waste  0.000  outage 29107 h
  [350/803] calendar   draw=86  LPSP  4.5288%  uni0   98.937  nint  9  waste  0.000  outage 29107 h
  [351/803] rul        draw=86  LPSP  3.0089%  uni0   87.441  nint  6  waste  0.593  outage     0 h
  [352/803] instant    draw=87  LPSP  2.9442%  uni0   93.507  nint 12  waste  0.000  outage     0 h
  [353/803] corrective draw=87  LPSP  4.2305%  uni0  101.099  nint 10  waste  0.000  outage 25516 h
  [354/803] calendar   draw=87  LPSP  3.8397%  uni0   98.799  nint  9  waste  1.220  outage  7094 h
  [355/803] rul        draw=87  LPSP  3.1248%  uni0   93.445  nint  9  waste  0.340  outage     0 h
  [356/803] instant    draw=88  LPSP  2.9770%  uni0  111.058  nint 14  waste  0.000  outage     0 h
  [357/803] corrective draw=88  LPSP  3.7911%  uni0  115.228  nint 11  waste  0.000  outage 11040 h
  [358/803] calendar   draw=88  LPSP  3.2987%  uni0  111.503  nint 11  waste  1.246  outage  1504 h
  [359/803] rul        draw=88  LPSP  3.1489%  uni0  110.432  nint  9  waste  0.847  outage     0 h
  [360/803] instant    draw=89  LPSP  2.9296%  uni0   80.551  nint 11  waste  0.000  outage     0 h
  [361/803] corrective draw=89  LPSP  3.6067%  uni0   84.639  nint  6  waste  0.000  outage 13456 h
  [362/803] calendar   draw=89  LPSP  3.6147%  uni0   84.978  nint  5  waste  0.123  outage 10139 h
  [363/803] rul        draw=89  LPSP  2.9998%  uni0   80.549  nint 10  waste  1.391  outage     0 h
  [364/803] instant    draw=90  LPSP  2.9280%  uni0  103.918  nint 14  waste  0.000  outage     0 h
  [365/803] corrective draw=90  LPSP  4.2510%  uni0  112.888  nint 11  waste  0.000  outage 23680 h
  [366/803] calendar   draw=90  LPSP  3.9278%  uni0  110.275  nint 11  waste  0.135  outage 22979 h
  [367/803] rul        draw=90  LPSP  2.9647%  uni0  103.745  nint 13  waste  1.431  outage     0 h
  [368/803] instant    draw=91  LPSP  2.7895%  uni0   58.848  nint  7  waste  0.000  outage     0 h
  [369/803] corrective draw=91  LPSP  4.5274%  uni0   71.377  nint  6  waste  0.000  outage 28120 h
  [370/803] calendar   draw=91  LPSP  2.9305%  uni0   59.432  nint  7  waste  0.199  outage     0 h
  [371/803] rul        draw=91  LPSP  2.9305%  uni0   59.432  nint  7  waste  0.199  outage     0 h
  [372/803] instant    draw=92  LPSP  2.8379%  uni0  105.211  nint 15  waste  0.000  outage     0 h
  [373/803] corrective draw=92  LPSP  4.2974%  uni0  114.802  nint 11  waste  0.000  outage 24183 h
  [374/803] calendar   draw=92  LPSP  4.2974%  uni0  114.802  nint 11  waste  0.000  outage 24183 h
  [375/803] rul        draw=92  LPSP  2.9917%  uni0  104.616  nint 12  waste  0.758  outage     0 h
  [376/803] instant    draw=93  LPSP  2.9575%  uni0  125.014  nint 18  waste  0.000  outage     0 h
  [377/803] corrective draw=93  LPSP  5.6184%  uni0  140.130  nint 12  waste  0.000  outage 41676 h
  [378/803] calendar   draw=93  LPSP  5.6184%  uni0  140.130  nint 12  waste  0.000  outage 41676 h
  [379/803] rul        draw=93  LPSP  3.3572%  uni0  124.257  nint 13  waste  0.526  outage     0 h
  [380/803] instant    draw=94  LPSP  2.8871%  uni0  126.294  nint 18  waste  0.000  outage     0 h
  [381/803] corrective draw=94  LPSP  3.7379%  uni0  132.696  nint 12  waste  0.000  outage 11576 h
  [382/803] calendar   draw=94  LPSP  3.7379%  uni0  132.696  nint 12  waste  0.000  outage 11576 h
  [383/803] rul        draw=94  LPSP  2.8992%  uni0  125.918  nint 16  waste  2.162  outage     0 h
  [384/803] instant    draw=95  LPSP  2.9490%  uni0  114.247  nint 15  waste  0.000  outage     0 h
  [385/803] corrective draw=95  LPSP  4.2728%  uni0  122.225  nint 11  waste  0.000  outage 17019 h
  [386/803] calendar   draw=95  LPSP  3.5902%  uni0  117.061  nint 12  waste  0.010  outage 10772 h
  [387/803] rul        draw=95  LPSP  3.1019%  uni0  113.762  nint 12  waste  1.178  outage     0 h
  [388/803] instant    draw=96  LPSP  2.8602%  uni0   61.553  nint  8  waste  0.000  outage     0 h
  [389/803] corrective draw=96  LPSP  3.2235%  uni0   63.984  nint  7  waste  0.000  outage 11085 h
  [390/803] calendar   draw=96  LPSP  3.2235%  uni0   63.984  nint  7  waste  0.000  outage 11085 h
  [391/803] rul        draw=96  LPSP  2.8544%  uni0   61.350  nint  9  waste  1.241  outage     0 h
  [392/803] instant    draw=97  LPSP  2.9421%  uni0  104.249  nint 12  waste  0.000  outage     0 h
  [393/803] corrective draw=97  LPSP  4.2472%  uni0  112.640  nint 10  waste  0.000  outage 23026 h
  [394/803] calendar   draw=97  LPSP  3.0823%  uni0  103.749  nint 11  waste  1.475  outage     0 h
  [395/803] rul        draw=97  LPSP  3.0990%  uni0  103.981  nint 10  waste  0.069  outage     0 h
  [396/803] instant    draw=98  LPSP  2.9883%  uni0  106.867  nint 15  waste  0.000  outage     0 h
  [397/803] corrective draw=98  LPSP  3.7900%  uni0  111.712  nint 11  waste  0.000  outage  9326 h
  [398/803] calendar   draw=98  LPSP  3.7900%  uni0  111.712  nint 11  waste  0.000  outage  9326 h
  [399/803] rul        draw=98  LPSP  3.1245%  uni0  106.723  nint 12  waste  0.015  outage   664 h
  [400/803] instant    draw=99  LPSP  2.9808%  uni0  101.634  nint 14  waste  0.000  outage     0 h
  [401/803] corrective draw=99  LPSP  4.1684%  uni0  109.703  nint 11  waste  0.000  outage 25809 h
  [402/803] calendar   draw=99  LPSP  4.1684%  uni0  109.703  nint 11  waste  0.000  outage 25809 h
  [403/803] rul        draw=99  LPSP  3.0044%  uni0  101.384  nint 13  waste  1.102  outage     0 h
  [404/803] instant    draw=100 LPSP  2.8264%  uni0   75.427  nint 11  waste  0.000  outage     0 h
  [405/803] corrective draw=100 LPSP  6.5076%  uni0  102.887  nint  4  waste  0.000  outage 40640 h
  [406/803] calendar   draw=100 LPSP  6.5076%  uni0  102.887  nint  4  waste  0.000  outage 40640 h
  [407/803] rul        draw=100 LPSP  2.9693%  uni0   75.651  nint  9  waste  0.140  outage     0 h
  [408/803] instant    draw=101 LPSP  2.7723%  uni0  113.095  nint 15  waste  0.000  outage     0 h
  [409/803] corrective draw=101 LPSP  4.7281%  uni0  124.790  nint  8  waste  0.000  outage 13021 h
  [410/803] calendar   draw=101 LPSP  3.2046%  uni0  112.532  nint 11  waste  0.584  outage     0 h
  [411/803] rul        draw=101 LPSP  3.2046%  uni0  112.532  nint 11  waste  0.584  outage     0 h
  [412/803] instant    draw=102 LPSP  2.8074%  uni0  107.893  nint 14  waste  0.000  outage     0 h
  [413/803] corrective draw=102 LPSP  5.0230%  uni0  122.859  nint  8  waste  0.000  outage 17533 h
  [414/803] calendar   draw=102 LPSP  3.0647%  uni0  107.167  nint 11  waste  0.455  outage     0 h
  [415/803] rul        draw=102 LPSP  3.0647%  uni0  107.167  nint 11  waste  0.455  outage     0 h
  [416/803] instant    draw=103 LPSP  2.9406%  uni0  107.536  nint 16  waste  0.000  outage     0 h
  [417/803] corrective draw=103 LPSP  4.8461%  uni0  119.807  nint 12  waste  0.000  outage 38655 h
  [418/803] calendar   draw=103 LPSP  4.8461%  uni0  119.807  nint 12  waste  0.000  outage 38655 h
  [419/803] rul        draw=103 LPSP  2.9970%  uni0  107.389  nint  9  waste  1.306  outage   384 h
  [420/803] instant    draw=104 LPSP  2.7899%  uni0   60.766  nint  7  waste  0.000  outage     0 h
  [421/803] corrective draw=104 LPSP  4.4857%  uni0   73.287  nint  7  waste  0.000  outage 34049 h
  [422/803] calendar   draw=104 LPSP  2.8410%  uni0   61.004  nint  7  waste  0.038  outage     0 h
  [423/803] rul        draw=104 LPSP  2.8410%  uni0   61.004  nint  7  waste  0.038  outage     0 h
  [424/803] instant    draw=105 LPSP  2.9347%  uni0   79.131  nint 10  waste  0.000  outage     0 h
  [425/803] corrective draw=105 LPSP  4.1820%  uni0   86.704  nint  9  waste  0.000  outage 30515 h
  [426/803] calendar   draw=105 LPSP  3.2102%  uni0   80.244  nint  5  waste  0.133  outage  6425 h
  [427/803] rul        draw=105 LPSP  3.0509%  uni0   79.377  nint  4  waste  0.283  outage     0 h
  [428/803] instant    draw=106 LPSP  2.7931%  uni0   81.158  nint 11  waste  0.000  outage     0 h
  [429/803] corrective draw=106 LPSP  4.2192%  uni0   91.420  nint  9  waste  0.000  outage 28752 h
  [430/803] calendar   draw=106 LPSP  4.2192%  uni0   91.420  nint  9  waste  0.000  outage 28752 h
  [431/803] rul        draw=106 LPSP  2.8593%  uni0   81.173  nint  6  waste  0.610  outage     0 h
  [432/803] instant    draw=107 LPSP  2.7733%  uni0   58.996  nint  8  waste  0.000  outage     0 h
  [433/803] corrective draw=107 LPSP  3.0400%  uni0   60.924  nint  7  waste  0.000  outage  6473 h
  [434/803] calendar   draw=107 LPSP  3.0400%  uni0   60.924  nint  7  waste  0.000  outage  6473 h
  [435/803] rul        draw=107 LPSP  2.7706%  uni0   58.766  nint  9  waste  1.396  outage     0 h
  [436/803] instant    draw=108 LPSP  2.9443%  uni0   93.273  nint 14  waste  0.000  outage     0 h
  [437/803] corrective draw=108 LPSP  5.4413%  uni0  110.323  nint  7  waste  0.000  outage 36179 h
  [438/803] calendar   draw=108 LPSP  5.4413%  uni0  110.323  nint  7  waste  0.000  outage 36179 h
  [439/803] rul        draw=108 LPSP  2.9920%  uni0   92.928  nint 13  waste  1.822  outage     0 h
  [440/803] instant    draw=109 LPSP  2.7745%  uni0   83.920  nint 12  waste  0.000  outage     0 h
  [441/803] corrective draw=109 LPSP  2.9701%  uni0   84.402  nint  9  waste  0.000  outage  1723 h
  [442/803] calendar   draw=109 LPSP  2.9701%  uni0   84.402  nint  9  waste  0.000  outage  1723 h
  [443/803] rul        draw=109 LPSP  2.9701%  uni0   84.402  nint  9  waste  0.000  outage  1723 h
  [444/803] instant    draw=110 LPSP  2.9583%  uni0  102.962  nint 14  waste  0.000  outage     0 h
  [445/803] corrective draw=110 LPSP  3.6554%  uni0  107.376  nint 12  waste  0.000  outage 14524 h
  [446/803] calendar   draw=110 LPSP  3.6554%  uni0  107.376  nint 12  waste  0.000  outage 14524 h
  [447/803] rul        draw=110 LPSP  3.0292%  uni0  102.794  nint  8  waste  2.039  outage     0 h
  [448/803] instant    draw=111 LPSP  2.9681%  uni0   92.691  nint 13  waste  0.000  outage     0 h
  [449/803] corrective draw=111 LPSP  4.5870%  uni0  103.506  nint  7  waste  0.000  outage 25291 h
  [450/803] calendar   draw=111 LPSP  4.5870%  uni0  103.506  nint  7  waste  0.000  outage 25291 h
  [451/803] rul        draw=111 LPSP  3.0240%  uni0   92.387  nint 13  waste  2.179  outage     0 h
  [452/803] instant    draw=112 LPSP  2.8934%  uni0   62.335  nint  8  waste  0.000  outage     0 h
  [453/803] corrective draw=112 LPSP  3.3868%  uni0   65.243  nint  7  waste  0.000  outage  9621 h
  [454/803] calendar   draw=112 LPSP  3.3868%  uni0   65.243  nint  7  waste  0.000  outage  9621 h
  [455/803] rul        draw=112 LPSP  3.0307%  uni0   62.816  nint  6  waste  1.219  outage     0 h
  [456/803] instant    draw=113 LPSP  2.8743%  uni0  102.464  nint 12  waste  0.000  outage     0 h
  [457/803] corrective draw=113 LPSP  3.5688%  uni0  106.378  nint 10  waste  0.000  outage 10236 h
  [458/803] calendar   draw=113 LPSP  3.0100%  uni0  101.929  nint 11  waste  1.254  outage     0 h
  [459/803] rul        draw=113 LPSP  3.0226%  uni0  102.083  nint  8  waste  0.496  outage     0 h
  [460/803] instant    draw=114 LPSP  2.8880%  uni0   65.247  nint  8  waste  0.000  outage     0 h
  [461/803] corrective draw=114 LPSP  5.3358%  uni0   83.924  nint  4  waste  0.000  outage 31672 h
  [462/803] calendar   draw=114 LPSP  2.9878%  uni0   65.591  nint  7  waste  0.100  outage     0 h
  [463/803] rul        draw=114 LPSP  2.9878%  uni0   65.591  nint  7  waste  0.100  outage     0 h
  [464/803] instant    draw=115 LPSP  2.8502%  uni0  108.212  nint 15  waste  0.000  outage     0 h
  [465/803] corrective draw=115 LPSP  4.6527%  uni0  119.921  nint 11  waste  0.000  outage 27928 h
  [466/803] calendar   draw=115 LPSP  4.6527%  uni0  119.921  nint 11  waste  0.000  outage 27928 h
  [467/803] rul        draw=115 LPSP  3.0737%  uni0  107.721  nint 12  waste  0.641  outage     0 h
  [468/803] instant    draw=116 LPSP  2.9499%  uni0   74.347  nint 10  waste  0.000  outage     0 h
  [469/803] corrective draw=116 LPSP  4.7640%  uni0   86.815  nint  8  waste  0.000  outage 27353 h
  [470/803] calendar   draw=116 LPSP  4.7640%  uni0   86.815  nint  8  waste  0.000  outage 27353 h
  [471/803] rul        draw=116 LPSP  3.0607%  uni0   74.583  nint  9  waste  0.845  outage    15 h
  [472/803] instant    draw=117 LPSP  2.7876%  uni0   87.127  nint 14  waste  0.000  outage     0 h
  [473/803] corrective draw=117 LPSP  6.0106%  uni0  111.156  nint  6  waste  0.000  outage 29074 h
  [474/803] calendar   draw=117 LPSP  6.0106%  uni0  111.156  nint  6  waste  0.000  outage 29074 h
  [475/803] rul        draw=117 LPSP  2.9301%  uni0   86.981  nint 12  waste  1.343  outage     0 h
  [476/803] instant    draw=118 LPSP  2.8914%  uni0   76.908  nint 10  waste  0.000  outage     0 h
  [477/803] corrective draw=118 LPSP  5.8372%  uni0   98.867  nint  4  waste  0.000  outage 27135 h
  [478/803] calendar   draw=118 LPSP  5.8372%  uni0   98.867  nint  4  waste  0.000  outage 27135 h
  [479/803] rul        draw=118 LPSP  3.0361%  uni0   77.121  nint  9  waste  0.667  outage     0 h
  [480/803] instant    draw=119 LPSP  3.0075%  uni0   89.725  nint 10  waste  0.000  outage     0 h
  [481/803] corrective draw=119 LPSP  4.1381%  uni0   96.918  nint  7  waste  0.000  outage 14238 h
  [482/803] calendar   draw=119 LPSP  3.1783%  uni0   89.485  nint  9  waste  2.276  outage     0 h
  [483/803] rul        draw=119 LPSP  3.2077%  uni0   89.875  nint  8  waste  0.055  outage   513 h
  [484/803] instant    draw=120 LPSP  2.9779%  uni0   85.273  nint 10  waste  0.000  outage     0 h
  [485/803] corrective draw=120 LPSP  3.6720%  uni0   89.355  nint  9  waste  0.000  outage 18126 h
  [486/803] calendar   draw=120 LPSP  3.1161%  uni0   85.521  nint 10  waste  1.326  outage  1990 h
  [487/803] rul        draw=120 LPSP  3.0433%  uni0   85.130  nint  8  waste  0.902  outage     0 h
  [488/803] instant    draw=121 LPSP  2.8888%  uni0   68.561  nint  7  waste  0.000  outage     0 h
  [489/803] corrective draw=121 LPSP  3.1955%  uni0   70.009  nint  6  waste  0.000  outage  9608 h
  [490/803] calendar   draw=121 LPSP  3.0266%  uni0   68.758  nint  8  waste  1.891  outage     0 h
  [491/803] rul        draw=121 LPSP  3.0594%  uni0   69.170  nint  6  waste  0.002  outage   854 h
  [492/803] instant    draw=122 LPSP  2.8729%  uni0   91.288  nint 12  waste  0.000  outage     0 h
  [493/803] corrective draw=122 LPSP  4.6781%  uni0  103.228  nint  9  waste  0.000  outage 28192 h
  [494/803] calendar   draw=122 LPSP  4.6781%  uni0  103.228  nint  9  waste  0.000  outage 28192 h
  [495/803] rul        draw=122 LPSP  3.1198%  uni0   91.498  nint  6  waste  0.627  outage     0 h
  [496/803] instant    draw=123 LPSP  2.9729%  uni0   69.032  nint  9  waste  0.000  outage     0 h
  [497/803] corrective draw=123 LPSP  3.4768%  uni0   72.036  nint  8  waste  0.000  outage 14042 h
  [498/803] calendar   draw=123 LPSP  3.4768%  uni0   72.036  nint  8  waste  0.000  outage 14042 h
  [499/803] rul        draw=123 LPSP  3.0230%  uni0   69.155  nint  9  waste  1.504  outage     0 h
  [500/803] instant    draw=124 LPSP  2.8064%  uni0   83.530  nint 11  waste  0.000  outage     0 h
  [501/803] corrective draw=124 LPSP  4.3737%  uni0   94.873  nint  8  waste  0.000  outage 20677 h
  [502/803] calendar   draw=124 LPSP  2.9218%  uni0   83.480  nint  9  waste  0.385  outage     0 h
  [503/803] rul        draw=124 LPSP  2.9218%  uni0   83.480  nint  9  waste  0.385  outage     0 h
  [504/803] instant    draw=125 LPSP  2.9093%  uni0   95.439  nint 13  waste  0.000  outage     0 h
  [505/803] corrective draw=125 LPSP  4.0498%  uni0  102.783  nint  9  waste  0.000  outage 22149 h
  [506/803] calendar   draw=125 LPSP  4.0498%  uni0  102.783  nint  9  waste  0.000  outage 22149 h
  [507/803] rul        draw=125 LPSP  3.2654%  uni0   95.894  nint  6  waste  0.836  outage     0 h
  [508/803] instant    draw=126 LPSP  2.8658%  uni0   97.188  nint 13  waste  0.000  outage     0 h
  [509/803] corrective draw=126 LPSP  3.3222%  uni0  100.155  nint 11  waste  0.000  outage 10389 h
  [510/803] calendar   draw=126 LPSP  3.3222%  uni0  100.155  nint 11  waste  0.000  outage 10389 h
  [511/803] rul        draw=126 LPSP  2.9181%  uni0   97.039  nint 12  waste  1.282  outage     0 h
  [512/803] instant    draw=127 LPSP  2.9837%  uni0  108.710  nint 15  waste  0.000  outage     0 h
  [513/803] corrective draw=127 LPSP  4.3256%  uni0  117.428  nint 10  waste  0.000  outage 13817 h
  [514/803] calendar   draw=127 LPSP  3.3754%  uni0  110.146  nint 12  waste  0.005  outage  4893 h
  [515/803] rul        draw=127 LPSP  3.1404%  uni0  108.433  nint 12  waste  0.237  outage   653 h
  [516/803] instant    draw=128 LPSP  2.9257%  uni0   85.863  nint 13  waste  0.000  outage     0 h
  [517/803] corrective draw=128 LPSP  5.2722%  uni0  100.977  nint  9  waste  0.000  outage 37480 h
  [518/803] calendar   draw=128 LPSP  5.2722%  uni0  100.977  nint  9  waste  0.000  outage 37480 h
  [519/803] rul        draw=128 LPSP  3.0710%  uni0   85.894  nint 12  waste  1.433  outage     0 h
  [520/803] instant    draw=129 LPSP  2.8999%  uni0  126.260  nint 18  waste  0.000  outage     0 h
  [521/803] corrective draw=129 LPSP  4.4579%  uni0  137.739  nint 14  waste  0.000  outage 38282 h
  [522/803] calendar   draw=129 LPSP  4.4579%  uni0  137.739  nint 14  waste  0.000  outage 38282 h
  [523/803] rul        draw=129 LPSP  2.9237%  uni0  126.140  nint 12  waste  0.235  outage     0 h
  [524/803] instant    draw=130 LPSP  2.8420%  uni0   62.166  nint  7  waste  0.000  outage     0 h
  [525/803] corrective draw=130 LPSP  4.3648%  uni0   73.541  nint  7  waste  0.000  outage 25287 h
  [526/803] calendar   draw=130 LPSP  2.8913%  uni0   62.380  nint  7  waste  0.263  outage     0 h
  [527/803] rul        draw=130 LPSP  2.8913%  uni0   62.380  nint  7  waste  0.263  outage     0 h
  [528/803] instant    draw=131 LPSP  2.9357%  uni0  124.284  nint 19  waste  0.000  outage     0 h
  [529/803] corrective draw=131 LPSP  5.4499%  uni0  139.011  nint 12  waste  0.000  outage 32900 h
  [530/803] calendar   draw=131 LPSP  5.4499%  uni0  139.011  nint 12  waste  0.000  outage 32900 h
  [531/803] rul        draw=131 LPSP  3.3500%  uni0  123.864  nint  8  waste  1.653  outage     0 h
  [532/803] instant    draw=132 LPSP  2.9009%  uni0   69.810  nint  7  waste  0.000  outage     0 h
  [533/803] corrective draw=132 LPSP  3.3833%  uni0   72.488  nint  7  waste  0.000  outage 12612 h
  [534/803] calendar   draw=132 LPSP  3.0500%  uni0   70.125  nint  8  waste  1.216  outage     0 h
  [535/803] rul        draw=132 LPSP  3.0726%  uni0   70.378  nint  4  waste  0.442  outage     0 h
  [536/803] instant    draw=133 LPSP  2.9300%  uni0  101.929  nint 14  waste  0.000  outage     0 h
  [537/803] corrective draw=133 LPSP  4.0427%  uni0  109.521  nint 12  waste  0.000  outage 21701 h
  [538/803] calendar   draw=133 LPSP  4.0427%  uni0  109.521  nint 12  waste  0.000  outage 21701 h
  [539/803] rul        draw=133 LPSP  2.9864%  uni0  101.731  nint  8  waste  1.659  outage     0 h
  [540/803] instant    draw=134 LPSP  2.7465%  uni0   56.210  nint  7  waste  0.000  outage     0 h
  [541/803] corrective draw=134 LPSP  4.3159%  uni0   67.800  nint  6  waste  0.000  outage 25504 h
  [542/803] calendar   draw=134 LPSP  2.8374%  uni0   56.571  nint  7  waste  0.264  outage     0 h
  [543/803] rul        draw=134 LPSP  2.8374%  uni0   56.571  nint  7  waste  0.264  outage     0 h
  [544/803] instant    draw=135 LPSP  2.8981%  uni0   61.806  nint  5  waste  0.000  outage     0 h
  [545/803] corrective draw=135 LPSP  3.1857%  uni0   63.670  nint  5  waste  0.000  outage  8194 h
  [546/803] calendar   draw=135 LPSP  2.9344%  uni0   61.759  nint  7  waste  2.072  outage     0 h
  [547/803] rul        draw=135 LPSP  2.9513%  uni0   62.040  nint  6  waste  0.255  outage     0 h
  [548/803] instant    draw=136 LPSP  2.9270%  uni0   73.538  nint  8  waste  0.000  outage     0 h
  [549/803] corrective draw=136 LPSP  3.8320%  uni0   79.358  nint  7  waste  0.000  outage 16712 h
  [550/803] calendar   draw=136 LPSP  2.9864%  uni0   73.503  nint  9  waste  1.277  outage    23 h
  [551/803] rul        draw=136 LPSP  3.0124%  uni0   73.757  nint  5  waste  0.534  outage   116 h
  [552/803] instant    draw=137 LPSP  2.9457%  uni0  103.826  nint 12  waste  0.000  outage     0 h
  [553/803] corrective draw=137 LPSP  3.7592%  uni0  109.227  nint 11  waste  0.000  outage 13039 h
  [554/803] calendar   draw=137 LPSP  3.0733%  uni0  104.160  nint 12  waste  1.396  outage  2157 h
  [555/803] rul        draw=137 LPSP  2.9885%  uni0  103.651  nint  9  waste  1.047  outage     0 h
  [556/803] instant    draw=138 LPSP  2.9853%  uni0  112.674  nint 16  waste  0.000  outage     0 h
  [557/803] corrective draw=138 LPSP  4.2561%  uni0  120.510  nint 12  waste  0.000  outage 15249 h
  [558/803] calendar   draw=138 LPSP  4.2561%  uni0  120.510  nint 12  waste  0.000  outage 15249 h
  [559/803] rul        draw=138 LPSP  3.2077%  uni0  112.748  nint 12  waste  0.183  outage  1189 h
  [560/803] instant    draw=139 LPSP  2.8644%  uni0   89.006  nint 10  waste  0.000  outage     0 h
  [561/803] corrective draw=139 LPSP  3.5211%  uni0   92.217  nint  8  waste  0.000  outage 11937 h
  [562/803] calendar   draw=139 LPSP  3.1080%  uni0   88.950  nint  9  waste  1.971  outage     0 h
  [563/803] rul        draw=139 LPSP  3.1464%  uni0   89.382  nint  6  waste  0.158  outage     0 h
  [564/803] instant    draw=140 LPSP  2.9571%  uni0   70.063  nint 10  waste  0.000  outage     0 h
  [565/803] corrective draw=140 LPSP  3.5151%  uni0   73.523  nint  9  waste  0.000  outage 13220 h
  [566/803] calendar   draw=140 LPSP  3.5151%  uni0   73.523  nint  9  waste  0.000  outage 13220 h
  [567/803] rul        draw=140 LPSP  3.1495%  uni0   71.141  nint  9  waste  0.262  outage  4567 h
  [568/803] instant    draw=141 LPSP  2.9768%  uni0  106.070  nint 15  waste  0.000  outage     0 h
  [569/803] corrective draw=141 LPSP  4.0085%  uni0  112.736  nint 13  waste  0.000  outage 19810 h
  [570/803] calendar   draw=141 LPSP  4.0085%  uni0  112.736  nint 13  waste  0.000  outage 19810 h
  [571/803] rul        draw=141 LPSP  3.0430%  uni0  105.884  nint  8  waste  1.869  outage     0 h
  [572/803] instant    draw=142 LPSP  2.9170%  uni0  105.370  nint 13  waste  0.000  outage     0 h
  [573/803] corrective draw=142 LPSP  5.8055%  uni0  126.395  nint  8  waste  0.000  outage 31166 h
  [574/803] calendar   draw=142 LPSP  3.0655%  uni0  104.990  nint 11  waste  0.119  outage     0 h
  [575/803] rul        draw=142 LPSP  3.0655%  uni0  104.990  nint 11  waste  0.119  outage     0 h
  [576/803] instant    draw=143 LPSP  2.9586%  uni0   70.415  nint  7  waste  0.000  outage     0 h
  [577/803] corrective draw=143 LPSP  3.9234%  uni0   77.349  nint  4  waste  0.000  outage 11171 h
  [578/803] calendar   draw=143 LPSP  3.0266%  uni0   70.626  nint  8  waste  1.210  outage  1008 h
  [579/803] rul        draw=143 LPSP  2.9918%  uni0   70.435  nint  8  waste  0.953  outage     0 h
  [580/803] instant    draw=144 LPSP  2.9357%  uni0   83.128  nint 12  waste  0.000  outage     0 h
  [581/803] corrective draw=144 LPSP  3.8208%  uni0   88.027  nint  9  waste  0.000  outage 19037 h
  [582/803] calendar   draw=144 LPSP  3.8208%  uni0   88.027  nint  9  waste  0.000  outage 19037 h
  [583/803] rul        draw=144 LPSP  3.0645%  uni0   83.136  nint 12  waste  2.157  outage     0 h
  [584/803] instant    draw=145 LPSP  2.8858%  uni0  106.933  nint 13  waste  0.000  outage     0 h
  [585/803] corrective draw=145 LPSP  4.3835%  uni0  116.328  nint 10  waste  0.000  outage 23096 h
  [586/803] calendar   draw=145 LPSP  3.0935%  uni0  106.128  nint 11  waste  1.532  outage     0 h
  [587/803] rul        draw=145 LPSP  3.1137%  uni0  106.429  nint 10  waste  0.075  outage     0 h
  [588/803] instant    draw=146 LPSP  2.8215%  uni0  120.099  nint 15  waste  0.000  outage     0 h
  [589/803] corrective draw=146 LPSP  2.9125%  uni0  120.619  nint 12  waste  0.000  outage  1377 h
  [590/803] calendar   draw=146 LPSP  2.8104%  uni0  119.595  nint 14  waste  1.858  outage     0 h
  [591/803] rul        draw=146 LPSP  2.9125%  uni0  120.619  nint 12  waste  0.000  outage  1377 h
  [592/803] instant    draw=147 LPSP  2.9726%  uni0  111.587  nint 15  waste  0.000  outage     0 h
  [593/803] corrective draw=147 LPSP  4.3137%  uni0  119.693  nint 12  waste  0.000  outage 22693 h
  [594/803] calendar   draw=147 LPSP  4.3137%  uni0  119.693  nint 12  waste  0.000  outage 22693 h
  [595/803] rul        draw=147 LPSP  3.1260%  uni0  111.130  nint 12  waste  0.841  outage   162 h
  [596/803] instant    draw=148 LPSP  2.9873%  uni0   86.718  nint 11  waste  0.000  outage     0 h
  [597/803] corrective draw=148 LPSP  3.5289%  uni0   90.156  nint  8  waste  0.000  outage  8616 h
  [598/803] calendar   draw=148 LPSP  3.0660%  uni0   86.657  nint  9  waste  0.834  outage     0 h
  [599/803] rul        draw=148 LPSP  3.0772%  uni0   86.808  nint  8  waste  0.016  outage    23 h
  [600/803] instant    draw=149 LPSP  2.9612%  uni0  121.372  nint 17  waste  0.000  outage     0 h
  [601/803] corrective draw=149 LPSP  4.1330%  uni0  126.804  nint 12  waste  0.000  outage 15443 h
  [602/803] calendar   draw=149 LPSP  4.1330%  uni0  126.804  nint 12  waste  0.000  outage 15443 h
  [603/803] rul        draw=149 LPSP  3.2731%  uni0  120.480  nint 13  waste  1.579  outage     0 h
  [604/803] instant    draw=150 LPSP  2.8657%  uni0   92.461  nint 13  waste  0.000  outage     0 h
  [605/803] corrective draw=150 LPSP  3.3896%  uni0   94.511  nint  9  waste  0.000  outage  5039 h
  [606/803] calendar   draw=150 LPSP  3.3896%  uni0   94.511  nint  9  waste  0.000  outage  5039 h
  [607/803] rul        draw=150 LPSP  3.1700%  uni0   92.794  nint  6  waste  1.338  outage     0 h
  [608/803] instant    draw=151 LPSP  2.9966%  uni0  109.424  nint 15  waste  0.000  outage     0 h
  [609/803] corrective draw=151 LPSP  4.0169%  uni0  115.449  nint 10  waste  0.000  outage 13863 h
  [610/803] calendar   draw=151 LPSP  3.6113%  uni0  112.577  nint 11  waste  0.005  outage  4961 h
  [611/803] rul        draw=151 LPSP  3.1677%  uni0  109.147  nint 12  waste  0.241  outage   724 h
  [612/803] instant    draw=152 LPSP  2.9382%  uni0   61.256  nint  7  waste  0.000  outage     0 h
  [613/803] corrective draw=152 LPSP  4.4043%  uni0   71.577  nint  6  waste  0.000  outage 26581 h
  [614/803] calendar   draw=152 LPSP  3.0072%  uni0   61.556  nint  7  waste  0.250  outage     0 h
  [615/803] rul        draw=152 LPSP  3.0072%  uni0   61.556  nint  7  waste  0.250  outage     0 h
  [616/803] instant    draw=153 LPSP  2.8511%  uni0   61.209  nint 10  waste  0.000  outage     0 h
  [617/803] corrective draw=153 LPSP  4.5015%  uni0   73.035  nint  6  waste  0.000  outage 25755 h
  [618/803] calendar   draw=153 LPSP  4.5015%  uni0   73.035  nint  6  waste  0.000  outage 25755 h
  [619/803] rul        draw=153 LPSP  2.9016%  uni0   61.260  nint 10  waste  1.496  outage     0 h
  [620/803] instant    draw=154 LPSP  2.7526%  uni0   58.746  nint  8  waste  0.000  outage     0 h
  [621/803] corrective draw=154 LPSP  4.3375%  uni0   69.847  nint  7  waste  0.000  outage 32258 h
  [622/803] calendar   draw=154 LPSP  4.3375%  uni0   69.847  nint  7  waste  0.000  outage 32258 h
  [623/803] rul        draw=154 LPSP  2.8928%  uni0   59.315  nint  6  waste  0.456  outage     0 h
  [624/803] instant    draw=155 LPSP  2.9223%  uni0   79.987  nint 10  waste  0.000  outage     0 h
  [625/803] corrective draw=155 LPSP  3.8403%  uni0   85.850  nint  8  waste  0.000  outage 14792 h
  [626/803] calendar   draw=155 LPSP  3.1719%  uni0   81.045  nint  5  waste  0.839  outage  3736 h
  [627/803] rul        draw=155 LPSP  3.0097%  uni0   79.961  nint  5  waste  1.063  outage     0 h
  [628/803] instant    draw=156 LPSP  2.8161%  uni0  101.741  nint 13  waste  0.000  outage     0 h
  [629/803] corrective draw=156 LPSP  3.8300%  uni0  108.209  nint 10  waste  0.000  outage 13754 h
  [630/803] calendar   draw=156 LPSP  2.9512%  uni0  100.999  nint 11  waste  1.678  outage     0 h
  [631/803] rul        draw=156 LPSP  2.9751%  uni0  101.312  nint 10  waste  0.254  outage     0 h
  [632/803] instant    draw=157 LPSP  2.9660%  uni0   94.986  nint 12  waste  0.000  outage     0 h
  [633/803] corrective draw=157 LPSP  4.7713%  uni0  106.755  nint  8  waste  0.000  outage 23828 h
  [634/803] calendar   draw=157 LPSP  3.7620%  uni0   99.231  nint 10  waste  0.514  outage  8169 h
  [635/803] rul        draw=157 LPSP  3.2317%  uni0   95.337  nint 10  waste  0.546  outage     0 h
  [636/803] instant    draw=158 LPSP  2.9415%  uni0   86.437  nint 11  waste  0.000  outage     0 h
  [637/803] corrective draw=158 LPSP  3.6810%  uni0   90.964  nint  9  waste  0.000  outage 21124 h
  [638/803] calendar   draw=158 LPSP  3.5988%  uni0   91.057  nint  9  waste  0.794  outage  8365 h
  [639/803] rul        draw=158 LPSP  2.9736%  uni0   86.481  nint 10  waste  0.608  outage     0 h
  [640/803] instant    draw=159 LPSP  2.9530%  uni0   96.261  nint 12  waste  0.000  outage     0 h
  [641/803] corrective draw=159 LPSP  5.0977%  uni0  112.840  nint  8  waste  0.000  outage 25862 h
  [642/803] calendar   draw=159 LPSP  2.9493%  uni0   96.148  nint 11  waste  0.267  outage     0 h
  [643/803] rul        draw=159 LPSP  2.9493%  uni0   96.148  nint 11  waste  0.267  outage     0 h
  [644/803] instant    draw=160 LPSP  2.7771%  uni0   80.716  nint 12  waste  0.000  outage     0 h
  [645/803] corrective draw=160 LPSP  4.6263%  uni0   94.740  nint  6  waste  0.000  outage 21697 h
  [646/803] calendar   draw=160 LPSP  4.6263%  uni0   94.740  nint  6  waste  0.000  outage 21697 h
  [647/803] rul        draw=160 LPSP  2.8154%  uni0   80.659  nint 12  waste  1.650  outage     0 h
  [648/803] instant    draw=161 LPSP  2.9456%  uni0  107.478  nint 15  waste  0.000  outage     0 h
  [649/803] corrective draw=161 LPSP  3.2820%  uni0  108.275  nint 12  waste  0.000  outage  9967 h
  [650/803] calendar   draw=161 LPSP  3.2820%  uni0  108.275  nint 12  waste  0.000  outage  9967 h
  [651/803] rul        draw=161 LPSP  3.1337%  uni0  107.445  nint 12  waste  0.006  outage  1334 h
  [652/803] instant    draw=162 LPSP  2.8353%  uni0   70.221  nint 10  waste  0.000  outage     0 h
  [653/803] corrective draw=162 LPSP  4.1068%  uni0   78.940  nint  8  waste  0.000  outage 21007 h
  [654/803] calendar   draw=162 LPSP  4.1068%  uni0   78.940  nint  8  waste  0.000  outage 21007 h
  [655/803] rul        draw=162 LPSP  2.9533%  uni0   70.375  nint  8  waste  1.744  outage     0 h
  [656/803] instant    draw=163 LPSP  2.9015%  uni0   76.385  nint 10  waste  0.000  outage     0 h
  [657/803] corrective draw=163 LPSP  3.8227%  uni0   82.608  nint  4  waste  0.000  outage  9021 h
  [658/803] calendar   draw=163 LPSP  3.8227%  uni0   82.608  nint  4  waste  0.000  outage  9021 h
  [659/803] rul        draw=163 LPSP  3.0298%  uni0   76.352  nint  9  waste  1.326  outage     0 h
  [660/803] instant    draw=164 LPSP  2.9538%  uni0  100.991  nint 12  waste  0.000  outage     0 h
  [661/803] corrective draw=164 LPSP  4.5260%  uni0  111.104  nint  7  waste  0.000  outage 14646 h
  [662/803] calendar   draw=164 LPSP  3.3172%  uni0  101.519  nint 11  waste  1.222  outage  4101 h
  [663/803] rul        draw=164 LPSP  3.2909%  uni0  101.218  nint  8  waste  0.679  outage     0 h
  [664/803] instant    draw=165 LPSP  2.8472%  uni0   62.763  nint  7  waste  0.000  outage     0 h
  [665/803] corrective draw=165 LPSP  4.1649%  uni0   72.703  nint  3  waste  0.000  outage 11892 h
  [666/803] calendar   draw=165 LPSP  2.9399%  uni0   63.038  nint  7  waste  1.170  outage     0 h
  [667/803] rul        draw=165 LPSP  2.9463%  uni0   63.136  nint  7  waste  0.425  outage     0 h
  [668/803] instant    draw=166 LPSP  2.8933%  uni0   66.137  nint  6  waste  0.000  outage     0 h
  [669/803] corrective draw=166 LPSP  3.2404%  uni0   68.384  nint  6  waste  0.000  outage  8334 h
  [670/803] calendar   draw=166 LPSP  3.1934%  uni0   68.024  nint  8  waste  2.427  outage  5683 h
  [671/803] rul        draw=166 LPSP  2.9117%  uni0   66.179  nint  6  waste  0.352  outage     0 h
  [672/803] instant    draw=167 LPSP  2.9692%  uni0   70.477  nint 10  waste  0.000  outage     0 h
  [673/803] corrective draw=167 LPSP  3.4448%  uni0   73.324  nint  8  waste  0.000  outage 13191 h
  [674/803] calendar   draw=167 LPSP  3.4448%  uni0   73.324  nint  8  waste  0.000  outage 13191 h
  [675/803] rul        draw=167 LPSP  3.0193%  uni0   70.552  nint  8  waste  1.336  outage     0 h
  [676/803] instant    draw=168 LPSP  2.9735%  uni0   79.680  nint 10  waste  0.000  outage     0 h
  [677/803] corrective draw=168 LPSP  4.2078%  uni0   87.597  nint  8  waste  0.000  outage 22562 h
  [678/803] calendar   draw=168 LPSP  3.3019%  uni0   81.133  nint  5  waste  0.437  outage  3807 h
  [679/803] rul        draw=168 LPSP  3.1196%  uni0   79.866  nint  5  waste  0.685  outage     0 h
  [680/803] instant    draw=169 LPSP  3.0171%  uni0   66.869  nint  8  waste  0.000  outage     0 h
  [681/803] corrective draw=169 LPSP  3.1746%  uni0   67.850  nint  7  waste  0.000  outage  2464 h
  [682/803] calendar   draw=169 LPSP  3.1352%  uni0   67.488  nint  7  waste  0.806  outage  2004 h
  [683/803] rul        draw=169 LPSP  3.1746%  uni0   67.850  nint  7  waste  0.000  outage  2464 h
  [684/803] instant    draw=170 LPSP  2.9607%  uni0   79.432  nint 10  waste  0.000  outage     0 h
  [685/803] corrective draw=170 LPSP  4.4616%  uni0   88.857  nint  8  waste  0.000  outage 33170 h
  [686/803] calendar   draw=170 LPSP  3.2657%  uni0   80.724  nint  5  waste  0.134  outage  6398 h
  [687/803] rul        draw=170 LPSP  3.0863%  uni0   79.669  nint  5  waste  0.265  outage     0 h
  [688/803] instant    draw=171 LPSP  2.9406%  uni0   97.907  nint 11  waste  0.000  outage     0 h
  [689/803] corrective draw=171 LPSP  4.0795%  uni0  104.522  nint  8  waste  0.000  outage 18703 h
  [690/803] calendar   draw=171 LPSP  3.2222%  uni0   97.911  nint 10  waste  2.054  outage   693 h
  [691/803] rul        draw=171 LPSP  3.2295%  uni0   98.172  nint  6  waste  0.710  outage     0 h
  [692/803] instant    draw=172 LPSP  3.0085%  uni0  121.977  nint 15  waste  0.000  outage     0 h
  [693/803] corrective draw=172 LPSP  4.2008%  uni0  126.682  nint 10  waste  0.000  outage 12102 h
  [694/803] calendar   draw=172 LPSP  3.7411%  uni0  122.842  nint 11  waste  2.319  outage  7262 h
  [695/803] rul        draw=172 LPSP  3.5929%  uni0  122.042  nint  8  waste  0.140  outage     0 h
  [696/803] instant    draw=173 LPSP  2.7802%  uni0   67.920  nint  9  waste  0.000  outage     0 h
  [697/803] corrective draw=173 LPSP  4.1422%  uni0   77.429  nint  8  waste  0.000  outage 26412 h
  [698/803] calendar   draw=173 LPSP  4.1422%  uni0   77.429  nint  8  waste  0.000  outage 26412 h
  [699/803] rul        draw=173 LPSP  2.9229%  uni0   68.282  nint  8  waste  0.736  outage     0 h
  [700/803] instant    draw=174 LPSP  2.8432%  uni0   81.407  nint 11  waste  0.000  outage     0 h
  [701/803] corrective draw=174 LPSP  3.9551%  uni0   89.317  nint  9  waste  0.000  outage 24423 h
  [702/803] calendar   draw=174 LPSP  3.9551%  uni0   89.317  nint  9  waste  0.000  outage 24423 h
  [703/803] rul        draw=174 LPSP  2.8922%  uni0   81.408  nint  6  waste  0.797  outage     0 h
  [704/803] instant    draw=175 LPSP  2.9814%  uni0  120.791  nint 14  waste  0.000  outage     0 h
  [705/803] corrective draw=175 LPSP  4.3263%  uni0  126.926  nint 10  waste  0.000  outage 11844 h
  [706/803] calendar   draw=175 LPSP  3.4866%  uni0  120.323  nint 11  waste  1.231  outage     0 h
  [707/803] rul        draw=175 LPSP  3.5175%  uni0  120.660  nint  8  waste  0.468  outage     0 h
  [708/803] instant    draw=176 LPSP  2.8255%  uni0   74.134  nint  8  waste  0.000  outage     0 h
  [709/803] corrective draw=176 LPSP  3.8953%  uni0   81.317  nint  7  waste  0.000  outage 16350 h
  [710/803] calendar   draw=176 LPSP  3.0104%  uni0   74.353  nint  4  waste  1.611  outage     0 h
  [711/803] rul        draw=176 LPSP  3.0185%  uni0   74.514  nint  7  waste  0.206  outage     0 h
  [712/803] instant    draw=177 LPSP  2.9654%  uni0  122.359  nint 18  waste  0.000  outage     0 h
  [713/803] corrective draw=177 LPSP  5.3856%  uni0  136.376  nint 12  waste  0.000  outage 37666 h
  [714/803] calendar   draw=177 LPSP  5.3856%  uni0  136.376  nint 12  waste  0.000  outage 37666 h
  [715/803] rul        draw=177 LPSP  3.2849%  uni0  121.517  nint 13  waste  0.787  outage     0 h
  [716/803] instant    draw=178 LPSP  2.8137%  uni0  107.613  nint 14  waste  0.000  outage     0 h
  [717/803] corrective draw=178 LPSP  4.4216%  uni0  117.513  nint 10  waste  0.000  outage 23416 h
  [718/803] calendar   draw=178 LPSP  3.0750%  uni0  106.877  nint 11  waste  0.927  outage     0 h
  [719/803] rul        draw=178 LPSP  3.0988%  uni0  107.150  nint  8  waste  0.098  outage     0 h
  [720/803] instant    draw=179 LPSP  2.9483%  uni0   87.050  nint 12  waste  0.000  outage     0 h
  [721/803] corrective draw=179 LPSP  3.2171%  uni0   88.201  nint  6  waste  0.000  outage  9631 h
  [722/803] calendar   draw=179 LPSP  3.2171%  uni0   88.201  nint  6  waste  0.000  outage  9631 h
  [723/803] rul        draw=179 LPSP  3.0811%  uni0   87.518  nint  6  waste  0.004  outage   973 h
  [724/803] instant    draw=180 LPSP  2.8681%  uni0  105.959  nint 15  waste  0.000  outage     0 h
  [725/803] corrective draw=180 LPSP  4.7398%  uni0  118.359  nint 11  waste  0.000  outage 37120 h
  [726/803] calendar   draw=180 LPSP  4.7398%  uni0  118.359  nint 11  waste  0.000  outage 37120 h
  [727/803] rul        draw=180 LPSP  3.0321%  uni0  105.574  nint 12  waste  0.307  outage     0 h
  [728/803] instant    draw=181 LPSP  2.7900%  uni0   72.093  nint  8  waste  0.000  outage     0 h
  [729/803] corrective draw=181 LPSP  3.2224%  uni0   74.374  nint  7  waste  0.000  outage  8340 h
  [730/803] calendar   draw=181 LPSP  2.9361%  uni0   72.158  nint  4  waste  1.288  outage     0 h
  [731/803] rul        draw=181 LPSP  2.9388%  uni0   72.254  nint  8  waste  0.545  outage     0 h
  [732/803] instant    draw=182 LPSP  3.0073%  uni0  123.742  nint 16  waste  0.000  outage     0 h
  [733/803] corrective draw=182 LPSP  4.8788%  uni0  133.777  nint 11  waste  0.000  outage 21470 h
  [734/803] calendar   draw=182 LPSP  4.8788%  uni0  133.777  nint 11  waste  0.000  outage 21470 h
  [735/803] rul        draw=182 LPSP  3.5439%  uni0  123.559  nint 12  waste  0.926  outage     0 h
  [736/803] instant    draw=183 LPSP  2.9687%  uni0   72.252  nint  9  waste  0.000  outage     0 h
  [737/803] corrective draw=183 LPSP  5.3571%  uni0   89.970  nint  4  waste  0.000  outage 22020 h
  [738/803] calendar   draw=183 LPSP  3.7590%  uni0   77.707  nint  8  waste  0.371  outage  7185 h
  [739/803] rul        draw=183 LPSP  3.0742%  uni0   72.531  nint  9  waste  0.460  outage     0 h
  [740/803] instant    draw=184 LPSP  2.8067%  uni0   86.291  nint 11  waste  0.000  outage     0 h
  [741/803] corrective draw=184 LPSP  4.8998%  uni0  101.193  nint  8  waste  0.000  outage 27280 h
  [742/803] calendar   draw=184 LPSP  3.0001%  uni0   86.460  nint  9  waste  0.222  outage     0 h
  [743/803] rul        draw=184 LPSP  3.0001%  uni0   86.460  nint  9  waste  0.222  outage     0 h
  [744/803] instant    draw=185 LPSP  2.9703%  uni0  127.144  nint 18  waste  0.000  outage     0 h
  [745/803] corrective draw=185 LPSP  5.9233%  uni0  144.620  nint 12  waste  0.000  outage 37422 h
  [746/803] calendar   draw=185 LPSP  5.9233%  uni0  144.620  nint 12  waste  0.000  outage 37422 h
  [747/803] rul        draw=185 LPSP  3.4944%  uni0  126.929  nint 13  waste  0.349  outage     0 h
  [748/803] instant    draw=186 LPSP  2.8028%  uni0  119.882  nint 19  waste  0.000  outage     0 h
  [749/803] corrective draw=186 LPSP  3.7854%  uni0  123.473  nint  8  waste  0.000  outage  4470 h
  [750/803] calendar   draw=186 LPSP  3.7854%  uni0  123.473  nint  8  waste  0.000  outage  4470 h
  [751/803] rul        draw=186 LPSP  3.7854%  uni0  123.473  nint  8  waste  0.000  outage  4470 h
  [752/803] instant    draw=187 LPSP  3.0124%  uni0  114.181  nint 17  waste  0.000  outage     0 h
  [753/803] corrective draw=187 LPSP  3.8276%  uni0  117.501  nint 12  waste  0.000  outage 17507 h
  [754/803] calendar   draw=187 LPSP  3.8276%  uni0  117.501  nint 12  waste  0.000  outage 17507 h
  [755/803] rul        draw=187 LPSP  3.2350%  uni0  113.587  nint 12  waste  0.298  outage   204 h
  [756/803] instant    draw=188 LPSP  2.9375%  uni0   71.445  nint  9  waste  0.000  outage     0 h
  [757/803] corrective draw=188 LPSP  5.0760%  uni0   86.957  nint  5  waste  0.000  outage 24486 h
  [758/803] calendar   draw=188 LPSP  3.0472%  uni0   71.823  nint  8  waste  0.522  outage   407 h
  [759/803] rul        draw=188 LPSP  3.0472%  uni0   71.823  nint  8  waste  0.522  outage   407 h
  [760/803] instant    draw=189 LPSP  2.9468%  uni0   72.219  nint  9  waste  0.000  outage     0 h
  [761/803] corrective draw=189 LPSP  3.9411%  uni0   78.610  nint  8  waste  0.000  outage 20943 h
  [762/803] calendar   draw=189 LPSP  3.9411%  uni0   78.610  nint  8  waste  0.000  outage 20943 h
  [763/803] rul        draw=189 LPSP  3.0881%  uni0   72.616  nint  8  waste  0.926  outage     0 h
  [764/803] instant    draw=190 LPSP  2.9697%  uni0   88.360  nint 14  waste  0.000  outage     0 h
  [765/803] corrective draw=190 LPSP  6.7281%  uni0  115.422  nint  6  waste  0.000  outage 50137 h
  [766/803] calendar   draw=190 LPSP  6.7281%  uni0  115.422  nint  6  waste  0.000  outage 50137 h
  [767/803] rul        draw=190 LPSP  3.0206%  uni0   88.362  nint 12  waste  0.219  outage     0 h
  [768/803] instant    draw=191 LPSP  2.8905%  uni0   76.693  nint  8  waste  0.000  outage     0 h
  [769/803] corrective draw=191 LPSP  3.7357%  uni0   81.895  nint  7  waste  0.000  outage 15089 h
  [770/803] calendar   draw=191 LPSP  3.0833%  uni0   76.958  nint  4  waste  1.138  outage     0 h
  [771/803] rul        draw=191 LPSP  3.0824%  uni0   77.017  nint  8  waste  0.353  outage     0 h
  [772/803] instant    draw=192 LPSP  2.8598%  uni0   63.175  nint  8  waste  0.000  outage     0 h
  [773/803] corrective draw=192 LPSP  2.9439%  uni0   63.621  nint  7  waste  0.000  outage  1821 h
  [774/803] calendar   draw=192 LPSP  2.9439%  uni0   63.621  nint  7  waste  0.000  outage  1821 h
  [775/803] rul        draw=192 LPSP  2.9439%  uni0   63.621  nint  7  waste  0.000  outage  1821 h
  [776/803] instant    draw=193 LPSP  2.8570%  uni0   72.005  nint  8  waste  0.000  outage     0 h
  [777/803] corrective draw=193 LPSP  3.0633%  uni0   72.833  nint  7  waste  0.000  outage  2889 h
  [778/803] calendar   draw=193 LPSP  2.9609%  uni0   71.925  nint  4  waste  1.836  outage     0 h
  [779/803] rul        draw=193 LPSP  2.9667%  uni0   72.061  nint  7  waste  0.437  outage     0 h
  [780/803] instant    draw=194 LPSP  2.9386%  uni0   97.469  nint 14  waste  0.000  outage     0 h
  [781/803] corrective draw=194 LPSP  3.8915%  uni0  102.686  nint  7  waste  0.000  outage 13032 h
  [782/803] calendar   draw=194 LPSP  3.8915%  uni0  102.686  nint  7  waste  0.000  outage 13032 h
  [783/803] rul        draw=194 LPSP  3.2923%  uni0   98.441  nint 12  waste  0.932  outage  2735 h
  [784/803] instant    draw=195 LPSP  2.9395%  uni0  108.471  nint 15  waste  0.000  outage     0 h
  [785/803] corrective draw=195 LPSP  4.1851%  uni0  116.314  nint 11  waste  0.000  outage 23277 h
  [786/803] calendar   draw=195 LPSP  3.8794%  uni0  113.835  nint 12  waste  0.155  outage 23030 h
  [787/803] rul        draw=195 LPSP  3.0074%  uni0  108.011  nint 12  waste  1.562  outage     0 h
  [788/803] instant    draw=196 LPSP  2.9720%  uni0   72.207  nint  8  waste  0.000  outage     0 h
  [789/803] corrective draw=196 LPSP  4.1590%  uni0   80.125  nint  6  waste  0.000  outage 21932 h
  [790/803] calendar   draw=196 LPSP  3.3217%  uni0   74.083  nint  9  waste  1.651  outage  2940 h
  [791/803] rul        draw=196 LPSP  3.0842%  uni0   72.372  nint  8  waste  0.522  outage     0 h
  [792/803] instant    draw=197 LPSP  2.9123%  uni0  112.386  nint 14  waste  0.000  outage     0 h
  [793/803] corrective draw=197 LPSP  3.5041%  uni0  114.149  nint  8  waste  0.000  outage  2633 h
  [794/803] calendar   draw=197 LPSP  3.2221%  uni0  111.882  nint 11  waste  0.771  outage     0 h
  [795/803] rul        draw=197 LPSP  3.2221%  uni0  111.882  nint 11  waste  0.771  outage     0 h
  [796/803] instant    draw=198 LPSP  2.9772%  uni0   64.182  nint  8  waste  0.000  outage     0 h
  [797/803] corrective draw=198 LPSP  3.7549%  uni0   68.988  nint  7  waste  0.000  outage 17774 h
  [798/803] calendar   draw=198 LPSP  3.7549%  uni0   68.988  nint  7  waste  0.000  outage 17774 h
  [799/803] rul        draw=198 LPSP  3.0890%  uni0   64.619  nint  6  waste  0.971  outage     0 h
  [800/803] instant    draw=199 LPSP  2.9662%  uni0  107.236  nint 13  waste  0.000  outage     0 h
  [801/803] corrective draw=199 LPSP  5.6710%  uni0  126.777  nint  8  waste  0.000  outage 24615 h
  [802/803] calendar   draw=199 LPSP  3.1296%  uni0  106.897  nint 11  waste  0.294  outage     0 h
  [803/803] rul        draw=199 LPSP  3.1296%  uni0  106.897  nint 11  waste  0.294  outage     0 h
  (934s)

==============================================================================
COUT TOTAL [kEUR] a C_visite=1.5 (N=200, Tvisite=12m)
policy      |     mean |      P95 |     ES90 |   nint |   waste |  comp.-h
instant     |  106.775 |  147.774 |  148.848 |  11.62 |   0.000 |        0
corrective  |  110.286 |  150.297 |  151.055 |   8.27 |   0.000 |    19531
calendar    |  107.931 |  148.912 |  149.580 |   8.86 |   0.568 |    11688
rul         |  103.640 |  140.121 |  140.915 |   9.06 |   0.665 |      209
------------------------------------------------------------------------------
  rul - corrective       : -6.646 +/- 5.363 kEUR ; gagne 86%
  rul - calendar         : -4.292 +/- 5.341 kEUR ; gagne 72%
  calendar - corrective  : -2.355 +/- 4.498 kEUR ; gagne 41%
==============================================================================
Resultats : /Work/Users/tlenoir/genial/Robustesse/Vieillissement9_4/runs/p3_maintenance_f9746cd965ec/results.txt
Cache brut: /Work/Users/tlenoir/genial/Robustesse/Vieillissement9_4/runs/p3_maintenance_f9746cd965ec/results_raw.tsv
Figure    : /Work/Users/tlenoir/genial/Robustesse/Vieillissement9_4/runs/p3_maintenance_f9746cd965ec/figure.pdf

real	16m36,166s
user	479m51,776s
sys	0m46,040s
fin=2026-07-11T18:18:42+02:00
