scipy 1.9.1 milp OK
test_capacity_fade_does_not_prevent_fc_shutdown (test_mpc_v11.TestMPCV11) ... /Work/Users/tlenoir/genial/Robustesse/Vieillissement11/MPC/mpc_v11.py:515: RuntimeWarning: Unrecognized options detected: {'mip_rel_gap'}. These will be passed to HiGHS verbatim.
  result = milp(
ok
test_ely_piecewise_is_convex_and_contains_j_anchors (test_mpc_v11.TestMPCV11) ... ok
test_first_executed_action_is_balanced (test_mpc_v11.TestMPCV11) ... ok
test_lol_is_zero_during_net_surplus (test_mpc_v11.TestMPCV11) ... ok
test_milp_balance_modes_and_constraints (test_mpc_v11.TestMPCV11) ... ok
test_model_is_nominal_p2 (test_mpc_v11.TestMPCV11) ... ok
test_no_soh_null_is_exact (test_mpc_v11.TestMPCV11) ... ok
test_noisy_forecast_configuration_is_validated (test_mpc_v11.TestMPCV11) ... ok
test_noisy_forecast_is_paired_and_reproducible (test_mpc_v11.TestMPCV11) ... ok
test_soh_weights_only_change_objective_weights (test_mpc_v11.TestMPCV11) ... ok

----------------------------------------------------------------------
Ran 10 tests in 0.120s

OK
/Work/Users/tlenoir/genial/Robustesse/Vieillissement11/MPC/mpc_v11.py:515: RuntimeWarning: Unrecognized options detected: {'mip_rel_gap'}. These will be passed to HiGHS verbatim.
  result = milp(
/Work/Users/tlenoir/genial/Robustesse/Vieillissement11/MPC/mpc_v11.py:515: RuntimeWarning: Unrecognized options detected: {'mip_rel_gap'}. These will be passed to HiGHS verbatim.
  result = milp(
/Work/Users/tlenoir/genial/Robustesse/Vieillissement11/MPC/mpc_v11.py:515: RuntimeWarning: Unrecognized options detected: {'mip_rel_gap'}. These will be passed to HiGHS verbatim.
  result = milp(
/Work/Users/tlenoir/genial/Robustesse/Vieillissement11/MPC/mpc_v11.py:515: RuntimeWarning: Unrecognized options detected: {'mip_rel_gap'}. These will be passed to HiGHS verbatim.
  result = milp(
/Work/Users/tlenoir/genial/Robustesse/Vieillissement11/MPC/mpc_v11.py:515: RuntimeWarning: Unrecognized options detected: {'mip_rel_gap'}. These will be passed to HiGHS verbatim.
  result = milp(
/Work/Users/tlenoir/genial/Robustesse/Vieillissement11/MPC/mpc_v11.py:515: RuntimeWarning: Unrecognized options detected: {'mip_rel_gap'}. These will be passed to HiGHS verbatim.
  result = milp(
[rb2_v11_p2_0574_0465] LPSP=0.6168% deg=2.677 kEUR J3=3.064 kEUR wall=4s
[rb1_v11_p2_020_040] LPSP=0.6007% deg=2.511 kEUR J3=2.889 kEUR wall=4s
[mpc_no_soh_h6] LPSP=0.6798% deg=2.255 kEUR J3=2.682 kEUR wall=129s
[mpc_soh_fc1_h6] LPSP=0.6767% deg=2.254 kEUR J3=2.679 kEUR wall=130s
[mpc_soh_both1_h6] LPSP=0.6781% deg=2.255 kEUR J3=2.681 kEUR wall=131s
[mpc_soh_ely1_h6] LPSP=0.6797% deg=2.254 kEUR J3=2.681 kEUR wall=132s
[mpc_no_soh_h24] LPSP=0.2651% deg=2.378 kEUR J3=2.545 kEUR wall=1748s
[mpc_soh_both1_h24] LPSP=0.2596% deg=2.373 kEUR J3=2.536 kEUR wall=1777s
OK -- screening complet -> /Work/Users/tlenoir/genial/Robustesse/Vieillissement11/MPC/runs/screen_1y_718d8fe28384

real	29m40.650s
user	85m0.738s
sys	17m23.765s
OK -> /Work/Users/tlenoir/genial/Robustesse/Vieillissement11/MPC/analysis
