scipy 1.9.1 milp OK
test_ely_piecewise_is_convex_and_contains_j_anchors (test_mpc_v11.TestMPCV11) ... ok
test_first_executed_action_is_balanced (test_mpc_v11.TestMPCV11) ... /Work/Users/tlenoir/genial/Robustesse/Vieillissement11/MPC/mpc_v11.py:507: RuntimeWarning: Unrecognized options detected: {'mip_rel_gap'}. These will be passed to HiGHS verbatim.
  result = milp(
ok
test_milp_balance_modes_and_constraints (test_mpc_v11.TestMPCV11) ... ok
test_model_is_nominal_p2 (test_mpc_v11.TestMPCV11) ... ok
test_no_soh_null_is_exact (test_mpc_v11.TestMPCV11) ... ok
test_noisy_forecast_configuration_is_validated (test_mpc_v11.TestMPCV11) ... ok
test_noisy_forecast_is_paired_and_reproducible (test_mpc_v11.TestMPCV11) ... ok
test_soh_weights_only_change_objective_weights (test_mpc_v11.TestMPCV11) ... ok

----------------------------------------------------------------------
Ran 8 tests in 0.133s

OK
[cache] rb1_v11_p2_020_040
[cache] rb2_v11_p2_0574_0465
[cache] mpc_no_soh_h6
[cache] mpc_no_soh_h24
[cache] mpc_soh_fc1_h6
[cache] mpc_soh_ely1_h6
[cache] mpc_soh_both1_h6
[cache] mpc_soh_both1_h24
OK -- screening complet -> /Work/Users/tlenoir/genial/Robustesse/Vieillissement11/MPC/runs/screen_1y_d840744e29c7

real	0m2.132s
user	0m1.391s
sys	0m0.277s
OK -> /Work/Users/tlenoir/genial/Robustesse/Vieillissement11/MPC/analysis
