test_ely_piecewise_is_convex_and_contains_j_anchors (test_mpc_v11.TestMPCV11) ... ok
test_first_executed_action_is_balanced (test_mpc_v11.TestMPCV11) ... /Work/Users/tlenoir/genial/Robustesse/Vieillissement11/MPC/mpc_v11.py:507: RuntimeWarning: Unrecognized options detected: {'mip_rel_gap'}. These will be passed to HiGHS verbatim.
  result = milp(
ok
test_lol_is_zero_during_net_surplus (test_mpc_v11.TestMPCV11) ... ok
test_milp_balance_modes_and_constraints (test_mpc_v11.TestMPCV11) ... ok
test_model_is_nominal_p2 (test_mpc_v11.TestMPCV11) ... ok
test_no_soh_null_is_exact (test_mpc_v11.TestMPCV11) ... ok
test_noisy_forecast_configuration_is_validated (test_mpc_v11.TestMPCV11) ... ok
test_noisy_forecast_is_paired_and_reproducible (test_mpc_v11.TestMPCV11) ... ok
test_soh_weights_only_change_objective_weights (test_mpc_v11.TestMPCV11) ... ok

----------------------------------------------------------------------
Ran 9 tests in 0.110s

OK
/Work/Users/tlenoir/genial/Robustesse/Vieillissement11/MPC/mpc_v11.py:507: RuntimeWarning: Unrecognized options detected: {'mip_rel_gap'}. These will be passed to HiGHS verbatim.
  result = milp(
[ECHEC] mpc_no_soh_h24_noisy_s1p0_r202604: echec MILP MPC V11: status=2, The problem is infeasible. (HiGHS Status 8: model_status is Infeasible; primal_status is b'At lower/fixed bound'); call=7680; P_ref=1494.44444444; SoC=0.20001; E_h2=0.178819895668; SoH=(0.931046010648,0.977213796658,0.995734240325); alpha=(0.0651027772307,0.0124887915519)
Traceback (most recent call last):
  File "/Work/Users/tlenoir/genial/Robustesse/Vieillissement11/MPC/benchmark_forecast_uncertainty_mpc_v11.py", line 202, in <module>
    main()
  File "/Work/Users/tlenoir/genial/Robustesse/Vieillissement11/MPC/benchmark_forecast_uncertainty_mpc_v11.py", line 191, in main
    raise RuntimeError(
RuntimeError: banc d'incertitude incomplet : 1 echec(s), 33/34 point(s) termines

real	19m24.420s
user	25m48.821s
sys	5m15.176s
