--- MC bruit RB1(Pred) : levier fige (b_res=0.99, h_pre=18), 20 configs x 200 tirages (7 workers) ---
  ('nu', None)     score=1.481%  nom=0.743%
  (0.0, 0.5)       score=1.494%  nom=0.728%
  (0.0, 1.0)       score=1.480%  nom=0.720%
  (0.0, 1.5)       score=1.463%  nom=0.712%
  (0.0, 2.0)       score=1.460%  nom=0.715%
  (0.5, 0.5)       score=1.481%  nom=0.729%
  (0.5, 1.0)       score=1.468%  nom=0.720%
  (0.5, 1.5)       score=1.459%  nom=0.713%
  (0.5, 2.0)       score=1.460%  nom=0.716%
  (0.7, 0.5)       score=1.475%  nom=0.730%
  (0.7, 1.0)       score=1.468%  nom=0.726%
  (0.7, 1.5)       score=1.463%  nom=0.722%
  (0.7, 2.0)       score=1.466%  nom=0.725%
  (0.8, 0.5)       score=1.479%  nom=0.740%
  (0.8, 1.0)       score=1.473%  nom=0.735%
  (0.8, 1.5)       score=1.466%  nom=0.729%
  (0.8, 2.0)       score=1.470%  nom=0.731%
  (0.9, 0.5)       score=1.479%  nom=0.746%
  (0.9, 1.0)       score=1.475%  nom=0.741%
  (0.9, 1.5)       score=1.470%  nom=0.735%
  (0.9, 2.0)       score=1.472%  nom=0.736%
--- 235s ---

MC bruit RB1(Pred) -- levier RESERVE fige (b_reserve=0.99, h_pre=18, MIN_DWELL=12)
prevision BRUITEE : biais=-2.32 kWh, sigma=39.38 kWh (backtest 18h) ; passe unique
score = moyenne LPSP-panne 4 scenarios ; gain = nu - config ; n_ok = # scen sans regression

REFERENCE RB1-opt nu : score=1.481  nom=0.743   [FC_total=2.569  FC_50=1.187  ELY_total=1.424  ELY_50=0.743]
REFERENCE omniscient (0.99/18, sweep) : score=1.433  gain_omni=+0.047

  gate  M_sig  score    nom     gain    n_ok  FC_total   FC_50      ELY_total  ELY_50   
  0.5   1.5      1.459   0.713  +0.022   3/4      2.548      1.137      1.436      0.714
  0.5   2.0      1.460   0.716  +0.021   4/4      2.551      1.148      1.424      0.716
  0.0   2.0      1.460   0.715  +0.020   3/4      2.551      1.147      1.429      0.715
  0.7   1.5      1.463   0.722  +0.018   3/4      2.554      1.144      1.429      0.724
  0.0   1.5      1.463   0.712  +0.018   3/4      2.547      1.137      1.457      0.712
  0.7   2.0      1.466   0.725  +0.015   3/4      2.558      1.154      1.426      0.727
  0.8   1.5      1.466   0.729  +0.014   3/4      2.557      1.150      1.427      0.731
  0.5   1.0      1.468   0.720  +0.013   3/4      2.554      1.136      1.462      0.720
  0.7   1.0      1.468   0.726  +0.012   3/4      2.558      1.141      1.446      0.728
  0.9   1.5      1.470   0.735  +0.011   4/4      2.562      1.160      1.423      0.736
  0.8   2.0      1.470   0.731  +0.010   3/4      2.561      1.160      1.427      0.733
  0.9   2.0      1.472   0.736  +0.009   4/4      2.563      1.166      1.422      0.737
  0.8   1.0      1.473   0.735  +0.007   3/4      2.565      1.150      1.441      0.738
  0.9   1.0      1.475   0.741  +0.006   3/4      2.567      1.158      1.430      0.743
  0.7   0.5      1.475   0.730  +0.006   3/4      2.561      1.144      1.462      0.732
  0.8   0.5      1.479   0.740  +0.002   3/4      2.568      1.152      1.454      0.742
  0.9   0.5      1.479   0.746  +0.002   1/4      2.571      1.161      1.437      0.748
  0.0   1.0      1.480   0.720  +0.001   3/4      2.555      1.137      1.508      0.720
  0.5   0.5      1.481   0.729  -0.000   3/4      2.560      1.143      1.492      0.729
  0.0   0.5      1.494   0.728  -0.013   3/4      2.561      1.143      1.544      0.728

=== MEILLEUR score : gate=0.5 M_sigma=1.5 -> score=1.459 (gain +0.022, 3/4 sans regression) ===
=== MEILLEUR SANS regression : gate=0.5 M_sigma=2.0 -> score=1.460 (gain +0.021) ===
    => 44% du gain omniscient (+0.047) recupere, sans degrader aucun scenario.

Texte -> mc_rb1_pred_noise.txt
