Trajectoire RB2 : 17519 h (2.00 ans). Instants de panne dans [730 h, 16847 h] soit mois 1.0 -> 23.1. Panne=168 h, mesure LPSP sur 672 h.
200 tirages x 4 scenarios x 9 strategies = 7200 semaines simulees.

--- Contrefactuel marche normale : 9 taches (7 workers) ---
  [ 1/9] 0-100   : LPSP moy=3.996%
  [ 2/9] 25-75   : LPSP moy=1.451%
  [ 3/9] 50-50   : LPSP moy=2.044%
  [ 4/9] 75-25   : LPSP moy=3.783%
  [ 5/9] 100-0   : LPSP moy=1.816%
  [ 6/9] RB2     : LPSP moy=2.576%
  [ 7/9] RB1     : LPSP moy=0.743%
  [ 8/9] SoC1    : LPSP moy=0.838%
  [ 9/9] SoC06   : LPSP moy=1.050%
  (14s)
--- Monte-Carlo defaillances : 36 taches (7 workers) ---
  [ 1/36] FC_total   0-100   : LPSP moy=5.402%  p90=11.309%  max=21.667%
  [ 2/36] FC_total   25-75   : LPSP moy=3.483%  p90=9.874%  max=17.522%
  [ 3/36] FC_total   50-50   : LPSP moy=3.706%  p90=9.478%  max=18.171%
  [ 4/36] FC_total   75-25   : LPSP moy=4.909%  p90=12.716%  max=20.751%
  [ 5/36] FC_total   100-0   : LPSP moy=3.351%  p90=8.445%  max=16.143%
  [ 6/36] FC_total   RB2     : LPSP moy=4.021%  p90=10.400%  max=19.094%
  [ 7/36] FC_total   RB1     : LPSP moy=2.569%  p90=7.768%  max=15.740%
  [ 8/36] FC_total   SoC1    : LPSP moy=2.622%  p90=7.824%  max=16.690%
  [ 9/36] FC_total   SoC06   : LPSP moy=3.005%  p90=8.111%  max=16.839%
  [10/36] FC_50      0-100   : LPSP moy=4.570%  p90=10.977%  max=16.815%
  [11/36] FC_50      25-75   : LPSP moy=2.165%  p90=6.707%  max=13.009%
  [12/36] FC_50      50-50   : LPSP moy=2.401%  p90=7.615%  max=13.247%
  [13/36] FC_50      75-25   : LPSP moy=3.872%  p90=11.999%  max=17.193%
  [14/36] FC_50      100-0   : LPSP moy=2.477%  p90=6.172%  max=11.041%
  [15/36] FC_50      RB2     : LPSP moy=2.587%  p90=8.898%  max=12.768%
  [16/36] FC_50      RB1     : LPSP moy=1.187%  p90=4.376%  max=8.999%
  [17/36] FC_50      SoC1    : LPSP moy=1.159%  p90=3.920%  max=9.643%
  [18/36] FC_50      SoC06   : LPSP moy=1.616%  p90=5.326%  max=10.144%
  [19/36] ELY_total  0-100   : LPSP moy=7.652%  p90=14.465%  max=24.246%
  [20/36] ELY_total  25-75   : LPSP moy=2.728%  p90=8.512%  max=14.533%
  [21/36] ELY_total  50-50   : LPSP moy=3.151%  p90=9.817%  max=14.746%
  [22/36] ELY_total  75-25   : LPSP moy=3.789%  p90=11.910%  max=15.790%
  [23/36] ELY_total  100-0   : LPSP moy=1.869%  p90=5.308%  max=9.291%
  [24/36] ELY_total  RB2     : LPSP moy=3.261%  p90=9.484%  max=12.636%
  [25/36] ELY_total  RB1     : LPSP moy=1.424%  p90=5.438%  max=12.336%
  [26/36] ELY_total  SoC1    : LPSP moy=2.395%  p90=7.533%  max=12.834%
  [27/36] ELY_total  SoC06   : LPSP moy=2.108%  p90=7.003%  max=12.815%
  [28/36] ELY_50     0-100   : LPSP moy=4.442%  p90=9.781%  max=17.649%
  [29/36] ELY_50     25-75   : LPSP moy=1.456%  p90=5.629%  max=9.595%
  [30/36] ELY_50     50-50   : LPSP moy=2.044%  p90=7.175%  max=11.440%
  [31/36] ELY_50     75-25   : LPSP moy=3.783%  p90=11.990%  max=16.607%
  [32/36] ELY_50     100-0   : LPSP moy=1.816%  p90=5.300%  max=7.065%
  [33/36] ELY_50     RB2     : LPSP moy=2.576%  p90=8.898%  max=12.636%
  [34/36] ELY_50     RB1     : LPSP moy=0.743%  p90=3.815%  max=6.500%
  [35/36] ELY_50     SoC1    : LPSP moy=1.120%  p90=3.890%  max=8.837%
  [36/36] ELY_50     SoC06   : LPSP moy=1.049%  p90=4.804%  max=7.947%
  (63s)

Resultats -> /home/theo/Documents/Doctorat/GENIAL/Python/Robustesse/Defaillances/results/robustesse_results.npz

======================================================================================
RESUME -- LPSP sur la semaine de panne [%]
  colonnes : LPSP_panne (moy/med/p90/max) | LPSP_normale_meme_sem | surcout(moy)
======================================================================================

### Scenario : PEMFC totale (FC_total)
   1. RB1       2.569 /  1.020 /  7.768 / 15.740   | norm  0.743 | + 1.827  <-- MEILLEURE
   2. SoC1      2.622 /  1.058 /  7.824 / 16.690   | norm  0.838 | + 1.784
   3. SoC06     3.005 /  1.456 /  8.111 / 16.839   | norm  1.050 | + 1.954
   4. 100-0     3.351 /  2.326 /  8.445 / 16.143   | norm  1.816 | + 1.535
   5. 25-75     3.483 /  1.970 /  9.874 / 17.522   | norm  1.451 | + 2.032
   6. 50-50     3.706 /  2.104 /  9.478 / 18.171   | norm  2.044 | + 1.662
   7. RB2       4.021 /  2.621 / 10.400 / 19.094   | norm  2.576 | + 1.444
   8. 75-25     4.909 /  3.394 / 12.716 / 20.751   | norm  3.783 | + 1.126
   9. 0-100     5.402 /  4.512 / 11.309 / 21.667   | norm  3.996 | + 1.406

### Scenario : PEMFC 50% (FC_50)
   1. SoC1      1.159 /  0.000 /  3.920 /  9.643   | norm  0.838 | + 0.321  <-- MEILLEURE
   2. RB1       1.187 /  0.000 /  4.376 /  8.999   | norm  0.743 | + 0.444
   3. SoC06     1.616 /  0.398 /  5.326 / 10.144   | norm  1.050 | + 0.566
   4. 25-75     2.165 /  0.708 /  6.707 / 13.009   | norm  1.451 | + 0.713
   5. 50-50     2.401 /  1.184 /  7.615 / 13.247   | norm  2.044 | + 0.358
   6. 100-0     2.477 /  1.659 /  6.172 / 11.041   | norm  1.816 | + 0.661
   7. RB2       2.587 /  1.739 /  8.898 / 12.768   | norm  2.576 | + 0.011
   8. 75-25     3.872 /  2.915 / 11.999 / 17.193   | norm  3.783 | + 0.089
   9. 0-100     4.570 /  3.187 / 10.977 / 16.815   | norm  3.996 | + 0.574

### Scenario : PEMWE totale (ELY_total)
   1. RB1       1.424 /  0.125 /  5.438 / 12.336   | norm  0.743 | + 0.681  <-- MEILLEURE
   2. 100-0     1.869 /  1.392 /  5.308 /  9.291   | norm  1.816 | + 0.053
   3. SoC06     2.108 /  0.662 /  7.003 / 12.815   | norm  1.050 | + 1.058
   4. SoC1      2.395 /  0.845 /  7.533 / 12.834   | norm  0.838 | + 1.557
   5. 25-75     2.728 /  1.024 /  8.512 / 14.533   | norm  1.451 | + 1.277
   6. 50-50     3.151 /  1.529 /  9.817 / 14.746   | norm  2.044 | + 1.108
   7. RB2       3.261 /  1.978 /  9.484 / 12.636   | norm  2.576 | + 0.684
   8. 75-25     3.789 /  2.569 / 11.910 / 15.790   | norm  3.783 | + 0.006
   9. 0-100     7.652 /  7.558 / 14.465 / 24.246   | norm  3.996 | + 3.656

### Scenario : PEMWE 50% (ELY_50)
   1. RB1       0.743 /  0.000 /  3.815 /  6.500   | norm  0.743 | + 0.000  <-- MEILLEURE
   2. SoC06     1.049 /  0.000 /  4.804 /  7.947   | norm  1.050 | +-0.001
   3. SoC1      1.120 /  0.000 /  3.890 /  8.837   | norm  0.838 | + 0.282
   4. 25-75     1.456 /  0.112 /  5.629 /  9.595   | norm  1.451 | + 0.004
   5. 100-0     1.816 /  1.395 /  5.300 /  7.065   | norm  1.816 | + 0.000
   6. 50-50     2.044 /  1.021 /  7.175 / 11.440   | norm  2.044 | + 0.000
   7. RB2       2.576 /  1.739 /  8.898 / 12.636   | norm  2.576 | + 0.000
   8. 75-25     3.783 /  2.757 / 11.990 / 16.607   | norm  3.783 | + 0.000
   9. 0-100     4.442 /  3.017 /  9.781 / 17.649   | norm  3.996 | + 0.446

======================================================================================
STRATEGIE PARMI LES MEILLEURES PAR TIRAGE (LPSP a 0.05 pt du min ; ex aequo partages)
======================================================================================
  PEMFC totale   -> SoC1:87%, RB1:82%, SoC06:55%, RB2:46%, 50-50:44%, 25-75:44%, 0-100:29%, 75-25:28%, 100-0:22%
  PEMFC 50%      -> SoC1:89%, RB1:65%, SoC06:40%, 50-50:39%, 25-75:38%, RB2:38%, 75-25:24%, 0-100:19%, 100-0:12%
  PEMWE totale   -> RB1:76%, SoC06:43%, SoC1:40%, RB2:36%, 50-50:35%, 25-75:31%, 100-0:30%, 75-25:26%, 0-100:5%
  PEMWE 50%      -> RB1:80%, SoC1:70%, SoC06:64%, 25-75:50%, 50-50:46%, RB2:40%, 75-25:26%, 0-100:26%, 100-0:15%
Resume texte -> /home/theo/Documents/Doctorat/GENIAL/Python/Robustesse/Defaillances/results/robustesse_summary.txt
