--- Sweep RB1 : 69 couples (a,b) x 200 tirages x (4 scenarios + nominal) (7 workers) ---
    grille SoC_low=[0.1  0.15 0.2  0.25 0.3  0.35 0.4  0.45]
    grille SoC_high=[0.5  0.55 0.6  0.65 0.7  0.75 0.8  0.85 0.9 ]  |  contrainte b-a>=0.15

  [ 1/69] a=0.100 b=0.500 -> LPSP_panne_moy=2.278%  LPSP_nom=1.770%
  [ 2/69] a=0.100 b=0.550 -> LPSP_panne_moy=2.073%  LPSP_nom=1.537%
  [ 3/69] a=0.100 b=0.600 -> LPSP_panne_moy=1.942%  LPSP_nom=1.389%
  [ 4/69] a=0.100 b=0.650 -> LPSP_panne_moy=1.853%  LPSP_nom=1.283%
  [ 5/69] a=0.100 b=0.700 -> LPSP_panne_moy=1.783%  LPSP_nom=1.196%
  [ 6/69] a=0.100 b=0.750 -> LPSP_panne_moy=1.725%  LPSP_nom=1.122%
  [ 7/69] a=0.100 b=0.800 -> LPSP_panne_moy=1.670%  LPSP_nom=1.047%
  [ 8/69] a=0.100 b=0.850 -> LPSP_panne_moy=1.628%  LPSP_nom=0.985%
  [ 9/69] a=0.100 b=0.900 -> LPSP_panne_moy=1.603%  LPSP_nom=0.937%
  [10/69] a=0.150 b=0.500 -> LPSP_panne_moy=1.968%  LPSP_nom=1.403%
  [11/69] a=0.150 b=0.550 -> LPSP_panne_moy=1.868%  LPSP_nom=1.291%
  [12/69] a=0.150 b=0.600 -> LPSP_panne_moy=1.789%  LPSP_nom=1.201%
  [13/69] a=0.150 b=0.650 -> LPSP_panne_moy=1.721%  LPSP_nom=1.118%
  [14/69] a=0.150 b=0.700 -> LPSP_panne_moy=1.671%  LPSP_nom=1.055%
  [15/69] a=0.150 b=0.750 -> LPSP_panne_moy=1.622%  LPSP_nom=0.989%
  [16/69] a=0.150 b=0.800 -> LPSP_panne_moy=1.599%  LPSP_nom=0.952%
  [17/69] a=0.150 b=0.850 -> LPSP_panne_moy=1.569%  LPSP_nom=0.903%
  [18/69] a=0.150 b=0.900 -> LPSP_panne_moy=1.561%  LPSP_nom=0.875%
  [19/69] a=0.200 b=0.500 -> LPSP_panne_moy=1.777%  LPSP_nom=1.175%
  [20/69] a=0.200 b=0.550 -> LPSP_panne_moy=1.709%  LPSP_nom=1.100%
  [21/69] a=0.200 b=0.600 -> LPSP_panne_moy=1.669%  LPSP_nom=1.053%
  [22/69] a=0.200 b=0.650 -> LPSP_panne_moy=1.632%  LPSP_nom=1.004%
  [23/69] a=0.200 b=0.700 -> LPSP_panne_moy=1.605%  LPSP_nom=0.967%
  [24/69] a=0.200 b=0.750 -> LPSP_panne_moy=1.573%  LPSP_nom=0.922%
  [25/69] a=0.200 b=0.800 -> LPSP_panne_moy=1.558%  LPSP_nom=0.891%
  [26/69] a=0.200 b=0.850 -> LPSP_panne_moy=1.536%  LPSP_nom=0.851%
  [27/69] a=0.200 b=0.900 -> LPSP_panne_moy=1.526%  LPSP_nom=0.821%
  [28/69] a=0.250 b=0.500 -> LPSP_panne_moy=1.727%  LPSP_nom=1.111%
  [29/69] a=0.250 b=0.550 -> LPSP_panne_moy=1.672%  LPSP_nom=1.048%
  [30/69] a=0.250 b=0.600 -> LPSP_panne_moy=1.638%  LPSP_nom=1.007%
  [31/69] a=0.250 b=0.650 -> LPSP_panne_moy=1.603%  LPSP_nom=0.961%
  [32/69] a=0.250 b=0.700 -> LPSP_panne_moy=1.572%  LPSP_nom=0.919%
  [33/69] a=0.250 b=0.750 -> LPSP_panne_moy=1.547%  LPSP_nom=0.877%
  [34/69] a=0.250 b=0.800 -> LPSP_panne_moy=1.530%  LPSP_nom=0.844%
  [35/69] a=0.250 b=0.850 -> LPSP_panne_moy=1.510%  LPSP_nom=0.804%
  [36/69] a=0.250 b=0.900 -> LPSP_panne_moy=1.499%  LPSP_nom=0.776%
  [37/69] a=0.300 b=0.500 -> LPSP_panne_moy=1.674%  LPSP_nom=1.036%
  [38/69] a=0.300 b=0.550 -> LPSP_panne_moy=1.625%  LPSP_nom=0.981%
  [39/69] a=0.300 b=0.600 -> LPSP_panne_moy=1.591%  LPSP_nom=0.940%
  [40/69] a=0.300 b=0.650 -> LPSP_panne_moy=1.563%  LPSP_nom=0.901%
  [41/69] a=0.300 b=0.700 -> LPSP_panne_moy=1.542%  LPSP_nom=0.868%
  [42/69] a=0.300 b=0.750 -> LPSP_panne_moy=1.517%  LPSP_nom=0.826%
  [43/69] a=0.300 b=0.800 -> LPSP_panne_moy=1.514%  LPSP_nom=0.807%
  [44/69] a=0.300 b=0.850 -> LPSP_panne_moy=1.490%  LPSP_nom=0.765%
  [45/69] a=0.300 b=0.900 -> LPSP_panne_moy=1.495%  LPSP_nom=0.756%
  [46/69] a=0.350 b=0.500 -> LPSP_panne_moy=1.635%  LPSP_nom=0.974%
  [47/69] a=0.350 b=0.550 -> LPSP_panne_moy=1.591%  LPSP_nom=0.925%
  [48/69] a=0.350 b=0.600 -> LPSP_panne_moy=1.558%  LPSP_nom=0.883%
  [49/69] a=0.350 b=0.650 -> LPSP_panne_moy=1.534%  LPSP_nom=0.847%
  [50/69] a=0.350 b=0.700 -> LPSP_panne_moy=1.511%  LPSP_nom=0.810%
  [51/69] a=0.350 b=0.750 -> LPSP_panne_moy=1.503%  LPSP_nom=0.788%
  [52/69] a=0.350 b=0.800 -> LPSP_panne_moy=1.489%  LPSP_nom=0.759%
  [53/69] a=0.350 b=0.850 -> LPSP_panne_moy=1.486%  LPSP_nom=0.743%
  [54/69] a=0.350 b=0.900 -> LPSP_panne_moy=1.493%  LPSP_nom=0.732%
  [55/69] a=0.400 b=0.550 -> LPSP_panne_moy=1.563%  LPSP_nom=0.860%
  [56/69] a=0.400 b=0.600 -> LPSP_panne_moy=1.532%  LPSP_nom=0.824%
  [57/69] a=0.400 b=0.650 -> LPSP_panne_moy=1.505%  LPSP_nom=0.787%
  [58/69] a=0.400 b=0.700 -> LPSP_panne_moy=1.496%  LPSP_nom=0.769%
  [59/69] a=0.400 b=0.750 -> LPSP_panne_moy=1.481%  LPSP_nom=0.743%
  [60/69] a=0.400 b=0.800 -> LPSP_panne_moy=1.490%  LPSP_nom=0.740%
  [61/69] a=0.400 b=0.850 -> LPSP_panne_moy=1.481%  LPSP_nom=0.716%
  [62/69] a=0.400 b=0.900 -> LPSP_panne_moy=1.506%  LPSP_nom=0.722%
  [63/69] a=0.450 b=0.600 -> LPSP_panne_moy=1.533%  LPSP_nom=0.791%
  [64/69] a=0.450 b=0.650 -> LPSP_panne_moy=1.510%  LPSP_nom=0.766%
  [65/69] a=0.450 b=0.700 -> LPSP_panne_moy=1.490%  LPSP_nom=0.735%
  [66/69] a=0.450 b=0.750 -> LPSP_panne_moy=1.485%  LPSP_nom=0.722%
  [67/69] a=0.450 b=0.800 -> LPSP_panne_moy=1.487%  LPSP_nom=0.710%
  [68/69] a=0.450 b=0.850 -> LPSP_panne_moy=1.504%  LPSP_nom=0.715%
  [69/69] a=0.450 b=0.900 -> LPSP_panne_moy=1.522%  LPSP_nom=0.714%
--- 69 sims en 561s ---

Reference RB1(0.20, 0.60) : score(panne)=1.669%  LPSP_nom=1.053%

=== MEILLEUR RB1 (feasible) ===
  >>> SoC_low=0.400  SoC_high=0.750
      score(panne)=1.481% (ref 1.669%, -0.188)  |  LPSP_nom=0.743% (ref 1.053%)
      detail par scenario : FC_total=2.569  FC_50=1.187  ELY_total=1.424  ELY_50=0.743

Texte  -> sweep_rb1.txt
Figure -> /home/theo/Documents/Doctorat/GENIAL/Python/Robustesse/Defaillances/results/sweep_rb1_heatmap.pdf
