Job 213273  noeud=node4-9  N=100  n_years=25  extra=
cpus-per-task=32  debut=lun. juil.  6 00:00:08 CEST 2026
numpy 1.21.5 scipy 1.9.1
linprog HiGHS OK
[bench_mpc] 402 runs (25 ans), 32 workers ...
concurrent.futures.process._RemoteTraceback: 
"""
Traceback (most recent call last):
  File "/Softs/spack/opt/spack/linux-rocky8-x86_64/gcc-12.1.0/anaconda3-2022.10-4dli7tnnxt7jyiuizrzg2h5w5crmdpuj/lib/python3.9/concurrent/futures/process.py", line 246, in _process_worker
    r = call_item.fn(*call_item.args, **call_item.kwargs)
  File "/Softs/spack/opt/spack/linux-rocky8-x86_64/gcc-12.1.0/anaconda3-2022.10-4dli7tnnxt7jyiuizrzg2h5w5crmdpuj/lib/python3.9/concurrent/futures/process.py", line 205, in _process_chunk
    return [fn(*args) for args in chunk]
  File "/Softs/spack/opt/spack/linux-rocky8-x86_64/gcc-12.1.0/anaconda3-2022.10-4dli7tnnxt7jyiuizrzg2h5w5crmdpuj/lib/python3.9/concurrent/futures/process.py", line 205, in <listcomp>
    return [fn(*args) for args in chunk]
  File "/Work/Users/tlenoir/genial/Robustesse/MPC/bench_mpc.py", line 117, in evaluate
    s = _load(task["folder"])
  File "/Work/Users/tlenoir/genial/Robustesse/MPC/bench_mpc.py", line 80, in _load
    spec.loader.exec_module(m)
  File "<frozen importlib._bootstrap_external>", line 846, in exec_module
  File "<frozen importlib._bootstrap_external>", line 982, in get_code
  File "<frozen importlib._bootstrap_external>", line 1039, in get_data
FileNotFoundError: [Errno 2] No such file or directory: '/Work/Users/tlenoir/genial/Robustesse/Fable_pred/RB2(SoH_all+Pred)/get_optimal_action_RB.py'
"""

The above exception was the direct cause of the following exception:

Traceback (most recent call last):
  File "/Work/Users/tlenoir/genial/Robustesse/MPC/bench_mpc.py", line 236, in <module>
    main(sys.argv)
  File "/Work/Users/tlenoir/genial/Robustesse/MPC/bench_mpc.py", line 232, in main
    run_all(strats, n_seeds, ny, "bench_mpc" + ("_quick" if quick else ""))
  File "/Work/Users/tlenoir/genial/Robustesse/MPC/bench_mpc.py", line 155, in run_all
    for i, res in enumerate(ex.map(evaluate, tasks)):
  File "/Softs/spack/opt/spack/linux-rocky8-x86_64/gcc-12.1.0/anaconda3-2022.10-4dli7tnnxt7jyiuizrzg2h5w5crmdpuj/lib/python3.9/concurrent/futures/process.py", line 562, in _chain_from_iterable_of_lists
    for element in iterable:
  File "/Softs/spack/opt/spack/linux-rocky8-x86_64/gcc-12.1.0/anaconda3-2022.10-4dli7tnnxt7jyiuizrzg2h5w5crmdpuj/lib/python3.9/concurrent/futures/_base.py", line 609, in result_iterator
    yield fs.pop().result()
  File "/Softs/spack/opt/spack/linux-rocky8-x86_64/gcc-12.1.0/anaconda3-2022.10-4dli7tnnxt7jyiuizrzg2h5w5crmdpuj/lib/python3.9/concurrent/futures/_base.py", line 446, in result
    return self.__get_result()
  File "/Softs/spack/opt/spack/linux-rocky8-x86_64/gcc-12.1.0/anaconda3-2022.10-4dli7tnnxt7jyiuizrzg2h5w5crmdpuj/lib/python3.9/concurrent/futures/_base.py", line 391, in __get_result
    raise self._exception
FileNotFoundError: [Errno 2] No such file or directory: '/Work/Users/tlenoir/genial/Robustesse/Fable_pred/RB2(SoH_all+Pred)/get_optimal_action_RB.py'

real	0m2,732s
user	0m33,209s
sys	0m9,886s
fin=lun. juil.  6 00:00:11 CEST 2026
