Job 212376  noeud=node4-9  N=200  n_years=25  extra=--omni
cpus-per-task=32  debut=Thu Jul  2 14:23:42 CEST 2026
numpy 1.21.5 scipy 1.9.1
[bench_ultime] 404 runs (25 ans), 32 workers ...
  [  1/404] RB2 socle                seed=2026   LPSP=2.5921%  deg=58.843  total=80.102  ELYstarts=9199
  [  2/404] Unifiee (test nul)       seed=2026   LPSP=3.1051%  deg=52.870  total=78.336  ELYstarts=9190
  [  3/404] RB2(SoH+Pred) (g=0)      seed=2026   LPSP=2.7767%  deg=55.065  total=77.837  ELYstarts=9006
  [  4/404] RB2(SoH+Pred) (g=0)      seed=2027   LPSP=2.7655%  deg=55.060  total=77.741  ELYstarts=9005
  [  5/404] RB2(SoH+Pred) (g=0)      seed=2028   LPSP=2.7593%  deg=55.052  total=77.682  ELYstarts=8988
  [  6/404] RB2(SoH+Pred) (g=0)      seed=2029   LPSP=2.7677%  deg=55.076  total=77.775  ELYstarts=8994
  [  7/404] RB2(SoH+Pred) (g=0)      seed=2030   LPSP=2.7670%  deg=55.075  total=77.769  ELYstarts=9005
  [  8/404] RB2(SoH+Pred) (g=0)      seed=2031   LPSP=2.7505%  deg=55.069  total=77.628  ELYstarts=8987
  [  9/404] RB2(SoH+Pred) (g=0)      seed=2032   LPSP=2.7715%  deg=55.065  total=77.796  ELYstarts=9035
  [ 10/404] RB2(SoH+Pred) (g=0)      seed=2033   LPSP=2.7590%  deg=55.060  total=77.688  ELYstarts=9008
  [ 11/404] RB2(SoH+Pred) (g=0)      seed=2034   LPSP=2.7396%  deg=55.078  total=77.547  ELYstarts=8991
  [ 12/404] RB2(SoH+Pred) (g=0)      seed=2035   LPSP=2.7586%  deg=55.078  total=77.703  ELYstarts=9005
  [ 13/404] RB2(SoH+Pred) (g=0)      seed=2036   LPSP=2.7899%  deg=55.062  total=77.943  ELYstarts=8986
  [ 14/404] RB2(SoH+Pred) (g=0)      seed=2037   LPSP=2.7396%  deg=55.074  total=77.542  ELYstarts=8962
  [ 15/404] RB2(SoH+Pred) (g=0)      seed=2038   LPSP=2.7478%  deg=55.064  total=77.599  ELYstarts=9008
  [ 16/404] RB2(SoH+Pred) (g=0)      seed=2039   LPSP=2.7607%  deg=55.080  total=77.722  ELYstarts=8993
  [ 17/404] RB2(SoH+Pred) (g=0)      seed=2040   LPSP=2.7671%  deg=55.070  total=77.764  ELYstarts=9029
  [ 18/404] RB2(SoH+Pred) (g=0)      seed=2041   LPSP=2.7525%  deg=55.082  total=77.656  ELYstarts=8995
  [ 19/404] RB2(SoH+Pred) (g=0)      seed=2042   LPSP=2.7472%  deg=55.060  total=77.590  ELYstarts=8979
  [ 20/404] RB2(SoH+Pred) (g=0)      seed=2043   LPSP=2.7612%  deg=55.061  total=77.707  ELYstarts=8992
  [ 21/404] RB2(SoH+Pred) (g=0)      seed=2044   LPSP=2.7654%  deg=55.083  total=77.763  ELYstarts=9012
  [ 22/404] RB2(SoH+Pred) (g=0)      seed=2045   LPSP=2.7663%  deg=55.070  total=77.758  ELYstarts=9010
  [ 23/404] RB2(SoH+Pred) (g=0)      seed=2046   LPSP=2.7608%  deg=55.067  total=77.710  ELYstarts=9006
  [ 24/404] RB2(SoH+Pred) (g=0)      seed=2047   LPSP=2.7571%  deg=55.084  total=77.697  ELYstarts=8993
  [ 25/404] RB2(SoH+Pred) (g=0)      seed=2048   LPSP=2.7558%  deg=55.041  total=77.643  ELYstarts=8975
  [ 26/404] RB2(SoH+Pred) (g=0)      seed=2049   LPSP=2.7630%  deg=55.079  total=77.739  ELYstarts=9009
  [ 27/404] RB2(SoH+Pred) (g=0)      seed=2050   LPSP=2.7321%  deg=55.086  total=77.493  ELYstarts=8964
  [ 28/404] RB2(SoH+Pred) (g=0)      seed=2051   LPSP=2.7608%  deg=55.074  total=77.717  ELYstarts=9022
  [ 29/404] RB2(SoH+Pred) (g=0)      seed=2052   LPSP=2.7561%  deg=55.098  total=77.702  ELYstarts=8991
  [ 30/404] RB2(SoH+Pred) (g=0)      seed=2053   LPSP=2.7850%  deg=55.050  total=77.890  ELYstarts=9016
  [ 31/404] RB2(SoH+Pred) (g=0)      seed=2054   LPSP=2.7689%  deg=55.073  total=77.781  ELYstarts=9009
  [ 32/404] RB2(SoH+Pred) (g=0)      seed=2055   LPSP=2.7725%  deg=55.068  total=77.807  ELYstarts=9002
  [ 33/404] RB2(SoH+Pred) (g=0)      seed=2056   LPSP=2.7713%  deg=55.057  total=77.786  ELYstarts=9001
  [ 34/404] RB2(SoH+Pred) (g=0)      seed=2057   LPSP=2.7532%  deg=55.085  total=77.666  ELYstarts=9001
  [ 35/404] RB2(SoH+Pred) (g=0)      seed=2058   LPSP=2.7677%  deg=55.053  total=77.752  ELYstarts=8991
  [ 36/404] RB2(SoH+Pred) (g=0)      seed=2059   LPSP=2.7423%  deg=55.070  total=77.561  ELYstarts=8993
  [ 37/404] RB2(SoH+Pred) (g=0)      seed=2060   LPSP=2.7602%  deg=55.053  total=77.691  ELYstarts=8994
  [ 38/404] RB2(SoH+Pred) (g=0)      seed=2061   LPSP=2.7407%  deg=55.068  total=77.546  ELYstarts=8983
  [ 39/404] RB2(SoH+Pred) (g=0)      seed=2062   LPSP=2.7531%  deg=55.068  total=77.648  ELYstarts=8980
  [ 40/404] RB2(SoH+Pred) (g=0)      seed=2063   LPSP=2.7329%  deg=55.120  total=77.534  ELYstarts=8982
  [ 41/404] RB2(SoH+Pred) (g=0)      seed=2064   LPSP=2.7411%  deg=55.090  total=77.570  ELYstarts=8977
  [ 42/404] RB2(SoH+Pred) (g=0)      seed=2065   LPSP=2.7697%  deg=55.073  total=77.789  ELYstarts=8993
  [ 43/404] RB2(SoH+Pred) (g=0)      seed=2066   LPSP=2.7757%  deg=55.060  total=77.824  ELYstarts=8994
  [ 44/404] RB2(SoH+Pred) (g=0)      seed=2067   LPSP=2.7691%  deg=55.065  total=77.775  ELYstarts=9007
  [ 45/404] RB2(SoH+Pred) (g=0)      seed=2068   LPSP=2.7600%  deg=55.081  total=77.717  ELYstarts=9023
  [ 46/404] RB2(SoH+Pred) (g=0)      seed=2069   LPSP=2.7569%  deg=55.058  total=77.669  ELYstarts=8969
  [ 47/404] RB2(SoH+Pred) (g=0)      seed=2070   LPSP=2.7767%  deg=55.052  total=77.825  ELYstarts=8974
  [ 48/404] RB2(SoH+Pred) (g=0)      seed=2071   LPSP=2.7620%  deg=55.079  total=77.731  ELYstarts=9013
  [ 49/404] RB2(SoH+Pred) (g=0)      seed=2072   LPSP=2.7587%  deg=55.065  total=77.690  ELYstarts=8996
  [ 50/404] RB2(SoH+Pred) (g=0)      seed=2073   LPSP=2.7799%  deg=55.074  total=77.873  ELYstarts=9028
  [ 51/404] RB2(SoH+Pred) (g=0)      seed=2074   LPSP=2.7638%  deg=55.074  total=77.741  ELYstarts=8996
  [ 52/404] RB2(SoH+Pred) (g=0)      seed=2075   LPSP=2.7587%  deg=55.069  total=77.694  ELYstarts=8987
  [ 53/404] RB2(SoH+Pred) (g=0)      seed=2076   LPSP=2.7685%  deg=55.046  total=77.752  ELYstarts=8999
  [ 54/404] RB2(SoH+Pred) (g=0)      seed=2077   LPSP=2.7807%  deg=55.061  total=77.867  ELYstarts=8975
  [ 55/404] RB2(SoH+Pred) (g=0)      seed=2078   LPSP=2.7572%  deg=55.086  total=77.699  ELYstarts=9004
  [ 56/404] RB2(SoH+Pred) (g=0)      seed=2079   LPSP=2.7467%  deg=55.068  total=77.595  ELYstarts=8983
  [ 57/404] RB2(SoH+Pred) (g=0)      seed=2080   LPSP=2.7706%  deg=55.103  total=77.827  ELYstarts=9024
  [ 58/404] RB2(SoH+Pred) (g=0)      seed=2081   LPSP=2.7537%  deg=55.047  total=77.631  ELYstarts=8970
  [ 59/404] RB2(SoH+Pred) (g=0)      seed=2082   LPSP=2.7779%  deg=55.074  total=77.857  ELYstarts=9020
  [ 60/404] RB2(SoH+Pred) (g=0)      seed=2083   LPSP=2.7525%  deg=55.063  total=77.637  ELYstarts=8974
  [ 61/404] RB2(SoH+Pred) (g=0)      seed=2084   LPSP=2.7395%  deg=55.088  total=77.555  ELYstarts=8992
  [ 62/404] RB2(SoH+Pred) (g=0)      seed=2085   LPSP=2.7577%  deg=55.052  total=77.669  ELYstarts=9003
  [ 63/404] RB2(SoH+Pred) (g=0)      seed=2086   LPSP=2.7608%  deg=55.071  total=77.713  ELYstarts=8994
  [ 64/404] RB2(SoH+Pred) (g=0)      seed=2087   LPSP=2.7570%  deg=55.081  total=77.692  ELYstarts=9014
  [ 65/404] RB2(SoH+Pred) (g=0)      seed=2088   LPSP=2.7516%  deg=55.082  total=77.649  ELYstarts=8997
  [ 66/404] RB2(SoH+Pred) (g=0)      seed=2089   LPSP=2.7813%  deg=55.047  total=77.857  ELYstarts=8997
  [ 67/404] RB2(SoH+Pred) (g=0)      seed=2090   LPSP=2.7444%  deg=55.104  total=77.612  ELYstarts=8997
  [ 68/404] RB2(SoH+Pred) (g=0)      seed=2091   LPSP=2.7585%  deg=55.075  total=77.699  ELYstarts=8996
  [ 69/404] RB2(SoH+Pred) (g=0)      seed=2092   LPSP=2.7315%  deg=55.117  total=77.519  ELYstarts=8997
  [ 70/404] RB2(SoH+Pred) (g=0)      seed=2093   LPSP=2.7461%  deg=55.104  total=77.626  ELYstarts=9009
  [ 71/404] RB2(SoH+Pred) (g=0)      seed=2094   LPSP=2.7584%  deg=55.059  total=77.683  ELYstarts=9003
  [ 72/404] RB2(SoH+Pred) (g=0)      seed=2095   LPSP=2.7378%  deg=55.094  total=77.548  ELYstarts=8997
  [ 73/404] RB2(SoH+Pred) (g=0)      seed=2096   LPSP=2.7486%  deg=55.085  total=77.628  ELYstarts=9009
  [ 74/404] RB2(SoH+Pred) (g=0)      seed=2097   LPSP=2.7519%  deg=55.063  total=77.632  ELYstarts=8990
  [ 75/404] RB2(SoH+Pred) (g=0)      seed=2098   LPSP=2.7467%  deg=55.048  total=77.575  ELYstarts=8963
  [ 76/404] RB2(SoH+Pred) (g=0)      seed=2099   LPSP=2.7495%  deg=55.070  total=77.620  ELYstarts=8983
  [ 77/404] RB2(SoH+Pred) (g=0)      seed=2100   LPSP=2.7590%  deg=55.081  total=77.709  ELYstarts=9004
  [ 78/404] RB2(SoH+Pred) (g=0)      seed=2101   LPSP=2.7637%  deg=55.085  total=77.751  ELYstarts=9023
  [ 79/404] RB2(SoH+Pred) (g=0)      seed=2102   LPSP=2.7550%  deg=55.063  total=77.659  ELYstarts=9010
  [ 80/404] RB2(SoH+Pred) (g=0)      seed=2103   LPSP=2.7444%  deg=55.075  total=77.583  ELYstarts=8973
  [ 81/404] RB2(SoH+Pred) (g=0)      seed=2104   LPSP=2.7587%  deg=55.081  total=77.706  ELYstarts=9020
  [ 82/404] RB2(SoH+Pred) (g=0)      seed=2105   LPSP=2.7658%  deg=55.058  total=77.741  ELYstarts=9006
  [ 83/404] RB2(SoH+Pred) (g=0)      seed=2106   LPSP=2.7627%  deg=55.077  total=77.735  ELYstarts=9010
  [ 84/404] RB2(SoH+Pred) (g=0)      seed=2107   LPSP=2.7516%  deg=55.088  total=77.655  ELYstarts=9017
  [ 85/404] RB2(SoH+Pred) (g=0)      seed=2108   LPSP=2.7321%  deg=55.099  total=77.506  ELYstarts=9009
  [ 86/404] RB2(SoH+Pred) (g=0)      seed=2109   LPSP=2.7556%  deg=55.070  total=77.670  ELYstarts=8979
  [ 87/404] RB2(SoH+Pred) (g=0)      seed=2110   LPSP=2.7456%  deg=55.105  total=77.623  ELYstarts=8990
  [ 88/404] RB2(SoH+Pred) (g=0)      seed=2111   LPSP=2.7438%  deg=55.078  total=77.581  ELYstarts=8988
  [ 89/404] RB2(SoH+Pred) (g=0)      seed=2112   LPSP=2.7515%  deg=55.067  total=77.634  ELYstarts=8974
  [ 90/404] RB2(SoH+Pred) (g=0)      seed=2113   LPSP=2.7620%  deg=55.093  total=77.745  ELYstarts=9013
  [ 91/404] RB2(SoH+Pred) (g=0)      seed=2114   LPSP=2.7655%  deg=55.074  total=77.755  ELYstarts=8994
  [ 92/404] RB2(SoH+Pred) (g=0)      seed=2115   LPSP=2.7742%  deg=55.089  total=77.841  ELYstarts=9030
  [ 93/404] RB2(SoH+Pred) (g=0)      seed=2116   LPSP=2.7149%  deg=55.084  total=77.350  ELYstarts=8975
  [ 94/404] RB2(SoH+Pred) (g=0)      seed=2117   LPSP=2.7512%  deg=55.079  total=77.643  ELYstarts=8964
  [ 95/404] RB2(SoH+Pred) (g=0)      seed=2118   LPSP=2.7660%  deg=55.080  total=77.765  ELYstarts=9009
  [ 96/404] RB2(SoH+Pred) (g=0)      seed=2119   LPSP=2.7605%  deg=55.070  total=77.710  ELYstarts=9002
  [ 97/404] RB2(SoH+Pred) (g=0)      seed=2120   LPSP=2.7517%  deg=55.085  total=77.653  ELYstarts=8979
  [ 98/404] RB2(SoH+Pred) (g=0)      seed=2121   LPSP=2.7357%  deg=55.084  total=77.521  ELYstarts=8999
  [ 99/404] RB2(SoH+Pred) (g=0)      seed=2122   LPSP=2.7690%  deg=55.066  total=77.776  ELYstarts=9007
  [100/404] RB2(SoH+Pred) (g=0)      seed=2123   LPSP=2.7604%  deg=55.069  total=77.709  ELYstarts=9013
  [101/404] RB2(SoH+Pred) (g=0)      seed=2124   LPSP=2.7687%  deg=55.062  total=77.769  ELYstarts=8994
  [102/404] RB2(SoH+Pred) (g=0)      seed=2125   LPSP=2.7705%  deg=55.046  total=77.768  ELYstarts=8981
  [103/404] RB2(SoH+Pred) (g=0)      seed=2126   LPSP=2.7550%  deg=55.081  total=77.676  ELYstarts=8997
  [104/404] RB2(SoH+Pred) (g=0)      seed=2127   LPSP=2.7344%  deg=55.101  total=77.527  ELYstarts=8985
  [105/404] RB2(SoH+Pred) (g=0)      seed=2128   LPSP=2.7699%  deg=55.060  total=77.777  ELYstarts=8986
  [106/404] RB2(SoH+Pred) (g=0)      seed=2129   LPSP=2.7609%  deg=55.068  total=77.711  ELYstarts=8978
  [107/404] RB2(SoH+Pred) (g=0)      seed=2130   LPSP=2.7697%  deg=55.081  total=77.796  ELYstarts=9004
  [108/404] RB2(SoH+Pred) (g=0)      seed=2131   LPSP=2.7760%  deg=55.082  total=77.849  ELYstarts=9021
  [109/404] RB2(SoH+Pred) (g=0)      seed=2132   LPSP=2.7402%  deg=55.091  total=77.564  ELYstarts=8988
  [110/404] RB2(SoH+Pred) (g=0)      seed=2133   LPSP=2.7522%  deg=55.066  total=77.637  ELYstarts=8982
  [111/404] RB2(SoH+Pred) (g=0)      seed=2134   LPSP=2.7707%  deg=55.088  total=77.812  ELYstarts=9017
  [112/404] RB2(SoH+Pred) (g=0)      seed=2135   LPSP=2.7719%  deg=55.064  total=77.797  ELYstarts=8990
  [113/404] RB2(SoH+Pred) (g=0)      seed=2136   LPSP=2.7711%  deg=55.040  total=77.767  ELYstarts=8975
  [114/404] RB2(SoH+Pred) (g=0)      seed=2137   LPSP=2.7572%  deg=55.065  total=77.679  ELYstarts=8986
  [115/404] RB2(SoH+Pred) (g=0)      seed=2138   LPSP=2.7582%  deg=55.057  total=77.678  ELYstarts=8987
  [116/404] RB2(SoH+Pred) (g=0)      seed=2139   LPSP=2.7607%  deg=55.086  total=77.728  ELYstarts=9000
  [117/404] RB2(SoH+Pred) (g=0)      seed=2140   LPSP=2.7459%  deg=55.075  total=77.595  ELYstarts=8992
  [118/404] RB2(SoH+Pred) (g=0)      seed=2141   LPSP=2.7730%  deg=55.067  total=77.810  ELYstarts=8991
  [119/404] RB2(SoH+Pred) (g=0)      seed=2142   LPSP=2.7549%  deg=55.064  total=77.658  ELYstarts=9008
  [120/404] RB2(SoH+Pred) (g=0)      seed=2143   LPSP=2.7788%  deg=55.062  total=77.853  ELYstarts=8990
  [121/404] RB2(SoH+Pred) (g=0)      seed=2144   LPSP=2.7592%  deg=55.078  total=77.707  ELYstarts=9006
  [122/404] RB2(SoH+Pred) (g=0)      seed=2145   LPSP=2.7506%  deg=55.078  total=77.637  ELYstarts=8972
  [123/404] RB2(SoH+Pred) (g=0)      seed=2146   LPSP=2.7503%  deg=55.077  total=77.633  ELYstarts=9011
  [124/404] RB2(SoH+Pred) (g=0)      seed=2147   LPSP=2.7491%  deg=55.077  total=77.623  ELYstarts=9000
  [125/404] RB2(SoH+Pred) (g=0)      seed=2148   LPSP=2.7432%  deg=55.103  total=77.601  ELYstarts=9002
  [126/404] RB2(SoH+Pred) (g=0)      seed=2149   LPSP=2.7442%  deg=55.083  total=77.589  ELYstarts=8964
  [127/404] RB2(SoH+Pred) (g=0)      seed=2150   LPSP=2.7484%  deg=55.113  total=77.653  ELYstarts=9012
  [128/404] RB2(SoH+Pred) (g=0)      seed=2151   LPSP=2.7491%  deg=55.114  total=77.660  ELYstarts=9020
  [129/404] RB2(SoH+Pred) (g=0)      seed=2152   LPSP=2.7399%  deg=55.083  total=77.554  ELYstarts=8997
  [130/404] RB2(SoH+Pred) (g=0)      seed=2153   LPSP=2.7688%  deg=55.070  total=77.779  ELYstarts=8999
  [131/404] RB2(SoH+Pred) (g=0)      seed=2154   LPSP=2.7556%  deg=55.073  total=77.672  ELYstarts=8982
  [132/404] RB2(SoH+Pred) (g=0)      seed=2155   LPSP=2.7600%  deg=55.071  total=77.707  ELYstarts=8992
  [133/404] RB2(SoH+Pred) (g=0)      seed=2156   LPSP=2.7690%  deg=55.064  total=77.773  ELYstarts=8982
  [134/404] RB2(SoH+Pred) (g=0)      seed=2157   LPSP=2.7483%  deg=55.082  total=77.622  ELYstarts=8983
  [135/404] RB2(SoH+Pred) (g=0)      seed=2158   LPSP=2.7655%  deg=55.066  total=77.747  ELYstarts=8968
  [136/404] RB2(SoH+Pred) (g=0)      seed=2159   LPSP=2.7507%  deg=55.067  total=77.627  ELYstarts=8969
  [137/404] RB2(SoH+Pred) (g=0)      seed=2160   LPSP=2.7552%  deg=55.083  total=77.680  ELYstarts=9014
  [138/404] RB2(SoH+Pred) (g=0)      seed=2161   LPSP=2.7512%  deg=55.076  total=77.639  ELYstarts=9004
  [139/404] RB2(SoH+Pred) (g=0)      seed=2162   LPSP=2.7610%  deg=55.088  total=77.732  ELYstarts=9038
  [140/404] RB2(SoH+Pred) (g=0)      seed=2163   LPSP=2.7338%  deg=55.088  total=77.509  ELYstarts=8987
  [141/404] RB2(SoH+Pred) (g=0)      seed=2164   LPSP=2.7685%  deg=55.041  total=77.747  ELYstarts=8985
  [142/404] RB2(SoH+Pred) (g=0)      seed=2165   LPSP=2.7380%  deg=55.090  total=77.546  ELYstarts=8973
  [143/404] RB2(SoH+Pred) (g=0)      seed=2166   LPSP=2.7413%  deg=55.094  total=77.576  ELYstarts=9026
  [144/404] RB2(SoH+Pred) (g=0)      seed=2167   LPSP=2.7537%  deg=55.054  total=77.638  ELYstarts=8974
  [145/404] RB2(SoH+Pred) (g=0)      seed=2168   LPSP=2.7531%  deg=55.080  total=77.659  ELYstarts=8978
  [146/404] RB2(SoH+Pred) (g=0)      seed=2169   LPSP=2.7415%  deg=55.097  total=77.581  ELYstarts=9008
  [147/404] RB2(SoH+Pred) (g=0)      seed=2170   LPSP=2.7456%  deg=55.079  total=77.596  ELYstarts=8998
  [148/404] RB2(SoH+Pred) (g=0)      seed=2171   LPSP=2.7319%  deg=55.122  total=77.527  ELYstarts=9010
  [149/404] RB2(SoH+Pred) (g=0)      seed=2172   LPSP=2.7457%  deg=55.100  total=77.619  ELYstarts=9008
  [150/404] RB2(SoH+Pred) (g=0)      seed=2173   LPSP=2.7741%  deg=55.089  total=77.841  ELYstarts=9013
  [151/404] RB2(SoH+Pred) (g=0)      seed=2174   LPSP=2.7745%  deg=55.094  total=77.849  ELYstarts=8994
  [152/404] RB2(SoH+Pred) (g=0)      seed=2175   LPSP=2.7320%  deg=55.065  total=77.472  ELYstarts=8969
  [153/404] RB2(SoH+Pred) (g=0)      seed=2176   LPSP=2.7629%  deg=55.066  total=77.725  ELYstarts=8980
  [154/404] RB2(SoH+Pred) (g=0)      seed=2177   LPSP=2.7740%  deg=55.033  total=77.784  ELYstarts=8990
  [155/404] RB2(SoH+Pred) (g=0)      seed=2178   LPSP=2.7517%  deg=55.083  total=77.651  ELYstarts=8999
  [156/404] RB2(SoH+Pred) (g=0)      seed=2179   LPSP=2.7696%  deg=55.055  total=77.770  ELYstarts=8979
  [157/404] RB2(SoH+Pred) (g=0)      seed=2180   LPSP=2.7329%  deg=55.076  total=77.490  ELYstarts=9021
  [158/404] RB2(SoH+Pred) (g=0)      seed=2181   LPSP=2.7743%  deg=55.058  total=77.811  ELYstarts=8980
  [159/404] RB2(SoH+Pred) (g=0)      seed=2182   LPSP=2.7536%  deg=55.078  total=77.661  ELYstarts=8976
  [160/404] RB2(SoH+Pred) (g=0)      seed=2183   LPSP=2.7615%  deg=55.082  total=77.730  ELYstarts=8996
  [161/404] RB2(SoH+Pred) (g=0)      seed=2184   LPSP=2.7601%  deg=55.050  total=77.687  ELYstarts=8992
  [162/404] RB2(SoH+Pred) (g=0)      seed=2185   LPSP=2.7559%  deg=55.089  total=77.692  ELYstarts=9004
  [163/404] RB2(SoH+Pred) (g=0)      seed=2186   LPSP=2.7585%  deg=55.080  total=77.704  ELYstarts=8986
  [164/404] RB2(SoH+Pred) (g=0)      seed=2187   LPSP=2.7637%  deg=55.076  total=77.742  ELYstarts=9024
  [165/404] RB2(SoH+Pred) (g=0)      seed=2188   LPSP=2.7715%  deg=55.065  total=77.795  ELYstarts=8992
  [166/404] RB2(SoH+Pred) (g=0)      seed=2189   LPSP=2.7578%  deg=55.083  total=77.701  ELYstarts=9000
  [167/404] RB2(SoH+Pred) (g=0)      seed=2190   LPSP=2.7539%  deg=55.069  total=77.654  ELYstarts=9003
  [168/404] RB2(SoH+Pred) (g=0)      seed=2191   LPSP=2.7740%  deg=55.084  total=77.835  ELYstarts=9032
  [169/404] RB2(SoH+Pred) (g=0)      seed=2192   LPSP=2.7502%  deg=55.066  total=77.621  ELYstarts=8992
  [170/404] RB2(SoH+Pred) (g=0)      seed=2193   LPSP=2.7747%  deg=55.078  total=77.835  ELYstarts=9041
  [171/404] RB2(SoH+Pred) (g=0)      seed=2194   LPSP=2.7581%  deg=55.075  total=77.695  ELYstarts=8992
  [172/404] RB2(SoH+Pred) (g=0)      seed=2195   LPSP=2.7491%  deg=55.076  total=77.623  ELYstarts=9019
  [173/404] RB2(SoH+Pred) (g=0)      seed=2196   LPSP=2.7675%  deg=55.078  total=77.776  ELYstarts=8986
  [174/404] RB2(SoH+Pred) (g=0)      seed=2197   LPSP=2.7440%  deg=55.087  total=77.591  ELYstarts=8973
  [175/404] RB2(SoH+Pred) (g=0)      seed=2198   LPSP=2.7635%  deg=55.065  total=77.730  ELYstarts=8987
  [176/404] RB2(SoH+Pred) (g=0)      seed=2199   LPSP=2.7525%  deg=55.089  total=77.663  ELYstarts=8969
  [177/404] RB2(SoH+Pred) (g=0)      seed=2200   LPSP=2.7627%  deg=55.057  total=77.715  ELYstarts=8992
  [178/404] RB2(SoH+Pred) (g=0)      seed=2201   LPSP=2.7395%  deg=55.081  total=77.549  ELYstarts=8975
  [179/404] RB2(SoH+Pred) (g=0)      seed=2202   LPSP=2.7614%  deg=55.078  total=77.726  ELYstarts=9019
  [180/404] RB2(SoH+Pred) (g=0)      seed=2203   LPSP=2.7797%  deg=55.091  total=77.888  ELYstarts=9045
  [181/404] RB2(SoH+Pred) (g=0)      seed=2204   LPSP=2.7595%  deg=55.057  total=77.689  ELYstarts=8988
  [182/404] RB2(SoH+Pred) (g=0)      seed=2205   LPSP=2.7502%  deg=55.080  total=77.635  ELYstarts=8988
  [183/404] RB2(SoH+Pred) (g=0)      seed=2206   LPSP=2.7581%  deg=55.080  total=77.700  ELYstarts=8991
  [184/404] RB2(SoH+Pred) (g=0)      seed=2207   LPSP=2.7616%  deg=55.090  total=77.739  ELYstarts=9021
  [185/404] RB2(SoH+Pred) (g=0)      seed=2208   LPSP=2.7650%  deg=55.059  total=77.737  ELYstarts=8989
  [186/404] RB2(SoH+Pred) (g=0)      seed=2209   LPSP=2.7636%  deg=55.053  total=77.718  ELYstarts=8973
  [187/404] RB2(SoH+Pred) (g=0)      seed=2210   LPSP=2.7505%  deg=55.092  total=77.650  ELYstarts=8992
  [188/404] RB2(SoH+Pred) (g=0)      seed=2211   LPSP=2.7561%  deg=55.075  total=77.679  ELYstarts=8986
  [189/404] RB2(SoH+Pred) (g=0)      seed=2212   LPSP=2.7709%  deg=55.059  total=77.784  ELYstarts=8978
  [190/404] RB2(SoH+Pred) (g=0)      seed=2213   LPSP=2.7452%  deg=55.098  total=77.612  ELYstarts=8980
  [191/404] RB2(SoH+Pred) (g=0)      seed=2214   LPSP=2.7352%  deg=55.091  total=77.523  ELYstarts=9000
  [192/404] RB2(SoH+Pred) (g=0)      seed=2215   LPSP=2.7773%  deg=55.049  total=77.827  ELYstarts=8992
  [193/404] RB2(SoH+Pred) (g=0)      seed=2216   LPSP=2.7856%  deg=55.052  total=77.899  ELYstarts=9008
  [194/404] RB2(SoH+Pred) (g=0)      seed=2217   LPSP=2.7539%  deg=55.086  total=77.672  ELYstarts=8993
  [195/404] RB2(SoH+Pred) (g=0)      seed=2218   LPSP=2.7693%  deg=55.080  total=77.792  ELYstarts=9011
  [196/404] RB2(SoH+Pred) (g=0)      seed=2219   LPSP=2.7697%  deg=55.070  total=77.786  ELYstarts=9011
  [197/404] RB2(SoH+Pred) (g=0)      seed=2220   LPSP=2.7428%  deg=55.047  total=77.543  ELYstarts=8936
  [198/404] RB2(SoH+Pred) (g=0)      seed=2221   LPSP=2.7524%  deg=55.071  total=77.645  ELYstarts=9002
  [199/404] RB2(SoH+Pred) (g=0)      seed=2222   LPSP=2.7692%  deg=55.099  total=77.810  ELYstarts=9008
  [200/404] RB2(SoH+Pred) (g=0)      seed=2223   LPSP=2.7479%  deg=55.094  total=77.631  ELYstarts=8985
  [201/404] RB2(SoH+Pred) (g=0)      seed=2224   LPSP=2.7513%  deg=55.082  total=77.646  ELYstarts=8986
  [202/404] RB2(SoH+Pred) (g=0)      seed=2225   LPSP=2.7522%  deg=55.072  total=77.644  ELYstarts=8982
  [203/404] RB2 ULTIME               seed=2026   LPSP=2.9725%  deg=53.078  total=77.456  ELYstarts=9016
  [204/404] RB2 ULTIME               seed=2027   LPSP=2.9281%  deg=53.095  total=77.109  ELYstarts=8992
  [205/404] RB2 ULTIME               seed=2028   LPSP=2.9319%  deg=53.083  total=77.129  ELYstarts=8978
  [206/404] RB2 ULTIME               seed=2029   LPSP=2.9358%  deg=53.134  total=77.212  ELYstarts=8999
  [207/404] RB2 ULTIME               seed=2030   LPSP=2.9435%  deg=53.085  total=77.226  ELYstarts=9017
  [208/404] RB2 ULTIME               seed=2031   LPSP=2.9255%  deg=53.095  total=77.088  ELYstarts=8985
  [209/404] RB2 ULTIME               seed=2032   LPSP=2.9356%  deg=53.084  total=77.160  ELYstarts=8967
  [210/404] RB2 ULTIME               seed=2033   LPSP=2.9439%  deg=53.099  total=77.243  ELYstarts=8992
  [211/404] RB2 ULTIME               seed=2034   LPSP=2.9344%  deg=53.105  total=77.171  ELYstarts=9010
  [212/404] RB2 ULTIME               seed=2035   LPSP=2.9439%  deg=53.077  total=77.221  ELYstarts=8984
  [213/404] RB2 ULTIME               seed=2036   LPSP=2.9445%  deg=53.107  total=77.257  ELYstarts=8993
  [214/404] RB2 ULTIME               seed=2037   LPSP=2.9581%  deg=53.093  total=77.354  ELYstarts=9006
  [215/404] RB2 ULTIME               seed=2038   LPSP=2.9318%  deg=53.076  total=77.121  ELYstarts=8988
  [216/404] RB2 ULTIME               seed=2039   LPSP=2.9620%  deg=53.089  total=77.382  ELYstarts=9011
  [217/404] RB2 ULTIME               seed=2040   LPSP=2.9629%  deg=53.088  total=77.388  ELYstarts=9019
  [218/404] RB2 ULTIME               seed=2041   LPSP=2.9471%  deg=53.101  total=77.271  ELYstarts=8993
  [219/404] RB2 ULTIME               seed=2042   LPSP=2.9596%  deg=53.077  total=77.350  ELYstarts=9023
  [220/404] RB2 ULTIME               seed=2043   LPSP=2.9258%  deg=53.090  total=77.086  ELYstarts=8977
  [221/404] RB2 ULTIME               seed=2044   LPSP=2.9678%  deg=53.089  total=77.429  ELYstarts=9016
  [222/404] RB2 ULTIME               seed=2045   LPSP=2.9391%  deg=53.077  total=77.182  ELYstarts=8979
  [223/404] RB2 ULTIME               seed=2046   LPSP=2.9365%  deg=53.084  total=77.168  ELYstarts=8973
  [224/404] RB2 ULTIME               seed=2047   LPSP=2.9509%  deg=53.088  total=77.290  ELYstarts=8996
  [225/404] RB2 ULTIME               seed=2048   LPSP=2.9436%  deg=53.111  total=77.252  ELYstarts=9012
  [226/404] RB2 ULTIME               seed=2049   LPSP=2.9376%  deg=53.085  total=77.177  ELYstarts=8979
  [227/404] RB2 ULTIME               seed=2050   LPSP=2.9239%  deg=53.120  total=77.101  ELYstarts=8992
  [228/404] RB2 ULTIME               seed=2051   LPSP=2.9532%  deg=53.112  total=77.333  ELYstarts=8992
  [229/404] RB2 ULTIME               seed=2052   LPSP=2.9354%  deg=53.072  total=77.146  ELYstarts=8971
  [230/404] RB2 ULTIME               seed=2053   LPSP=2.9466%  deg=53.068  total=77.235  ELYstarts=8981
  [231/404] RB2 ULTIME               seed=2054   LPSP=2.9502%  deg=53.097  total=77.293  ELYstarts=9010
  [232/404] RB2 ULTIME               seed=2055   LPSP=2.9440%  deg=53.055  total=77.200  ELYstarts=8969
  [233/404] RB2 ULTIME               seed=2056   LPSP=2.9395%  deg=53.105  total=77.213  ELYstarts=9005
  [234/404] RB2 ULTIME               seed=2057   LPSP=2.9447%  deg=53.109  total=77.260  ELYstarts=8990
  [235/404] RB2 ULTIME               seed=2058   LPSP=2.9228%  deg=53.134  total=77.105  ELYstarts=9008
  [236/404] RB2 ULTIME               seed=2059   LPSP=2.9530%  deg=53.108  total=77.327  ELYstarts=8999
  [237/404] RB2 ULTIME               seed=2060   LPSP=2.9454%  deg=53.078  total=77.235  ELYstarts=9005
  [238/404] RB2 ULTIME               seed=2061   LPSP=2.9323%  deg=53.118  total=77.167  ELYstarts=9000
  [239/404] RB2 ULTIME               seed=2062   LPSP=2.9186%  deg=53.098  total=77.035  ELYstarts=8982
  [240/404] RB2 ULTIME               seed=2063   LPSP=2.9300%  deg=53.101  total=77.131  ELYstarts=8993
  [241/404] RB2 ULTIME               seed=2064   LPSP=2.9437%  deg=53.090  total=77.232  ELYstarts=8987
  [242/404] RB2 ULTIME               seed=2065   LPSP=2.9310%  deg=53.090  total=77.128  ELYstarts=8963
  [243/404] RB2 ULTIME               seed=2066   LPSP=2.9566%  deg=53.096  total=77.344  ELYstarts=9014
  [244/404] RB2 ULTIME               seed=2067   LPSP=2.9546%  deg=53.078  total=77.310  ELYstarts=9023
  [245/404] RB2 ULTIME               seed=2068   LPSP=2.9495%  deg=53.092  total=77.282  ELYstarts=9001
  [246/404] RB2 ULTIME               seed=2069   LPSP=2.9394%  deg=53.077  total=77.184  ELYstarts=8963
  [247/404] RB2 ULTIME               seed=2070   LPSP=2.9452%  deg=53.096  total=77.251  ELYstarts=9027
  [248/404] RB2 ULTIME               seed=2071   LPSP=2.9477%  deg=53.104  total=77.279  ELYstarts=8969
  [249/404] RB2 ULTIME               seed=2072   LPSP=2.9480%  deg=53.096  total=77.273  ELYstarts=8996
  [250/404] RB2 ULTIME               seed=2073   LPSP=2.9555%  deg=53.076  total=77.316  ELYstarts=9002
  [251/404] RB2 ULTIME               seed=2074   LPSP=2.9544%  deg=53.093  total=77.323  ELYstarts=9006
  [252/404] RB2 ULTIME               seed=2075   LPSP=2.9428%  deg=53.092  total=77.227  ELYstarts=8991
  [253/404] RB2 ULTIME               seed=2076   LPSP=2.9441%  deg=53.097  total=77.243  ELYstarts=9026
  [254/404] RB2 ULTIME               seed=2077   LPSP=2.9649%  deg=53.050  total=77.367  ELYstarts=9006
  [255/404] RB2 ULTIME               seed=2078   LPSP=2.9354%  deg=53.112  total=77.186  ELYstarts=9012
  [256/404] RB2 ULTIME               seed=2079   LPSP=2.9323%  deg=53.102  total=77.151  ELYstarts=8989
  [257/404] RB2 ULTIME               seed=2080   LPSP=2.9554%  deg=53.088  total=77.326  ELYstarts=8996
  [258/404] RB2 ULTIME               seed=2081   LPSP=2.9353%  deg=53.110  total=77.183  ELYstarts=8990
  [259/404] RB2 ULTIME               seed=2082   LPSP=2.9638%  deg=53.096  total=77.404  ELYstarts=8995
  [260/404] RB2 ULTIME               seed=2083   LPSP=2.9310%  deg=53.087  total=77.125  ELYstarts=8975
  [261/404] RB2 ULTIME               seed=2084   LPSP=2.9502%  deg=53.092  total=77.288  ELYstarts=9001
  [262/404] RB2 ULTIME               seed=2085   LPSP=2.9215%  deg=53.095  total=77.055  ELYstarts=8992
  [263/404] RB2 ULTIME               seed=2086   LPSP=2.9333%  deg=53.107  total=77.164  ELYstarts=9002
  [264/404] RB2 ULTIME               seed=2087   LPSP=2.9469%  deg=53.099  total=77.268  ELYstarts=9015
  [265/404] RB2 ULTIME               seed=2088   LPSP=2.9406%  deg=53.084  total=77.201  ELYstarts=8978
  [266/404] RB2 ULTIME               seed=2089   LPSP=2.9671%  deg=53.081  total=77.416  ELYstarts=9020
  [267/404] RB2 ULTIME               seed=2090   LPSP=2.9274%  deg=53.103  total=77.112  ELYstarts=9009
  [268/404] RB2 ULTIME               seed=2091   LPSP=2.9307%  deg=53.108  total=77.144  ELYstarts=8971
  [269/404] RB2 ULTIME               seed=2092   LPSP=2.9626%  deg=53.089  total=77.387  ELYstarts=9020
  [270/404] RB2 ULTIME               seed=2093   LPSP=2.9585%  deg=53.109  total=77.373  ELYstarts=9011
  [271/404] RB2 ULTIME               seed=2094   LPSP=2.9216%  deg=53.106  total=77.067  ELYstarts=9013
  [272/404] RB2 ULTIME               seed=2095   LPSP=2.9352%  deg=53.090  total=77.163  ELYstarts=8975
  [273/404] RB2 ULTIME               seed=2096   LPSP=2.9663%  deg=53.095  total=77.423  ELYstarts=9003
  [274/404] RB2 ULTIME               seed=2097   LPSP=2.9565%  deg=53.088  total=77.336  ELYstarts=8983
  [275/404] RB2 ULTIME               seed=2098   LPSP=2.9240%  deg=53.094  total=77.075  ELYstarts=8948
  [276/404] RB2 ULTIME               seed=2099   LPSP=2.9445%  deg=53.094  total=77.243  ELYstarts=9003
  [277/404] RB2 ULTIME               seed=2100   LPSP=2.9406%  deg=53.112  total=77.229  ELYstarts=9013
  [278/404] RB2 ULTIME               seed=2101   LPSP=2.9460%  deg=53.085  total=77.247  ELYstarts=9013
  [279/404] RB2 ULTIME               seed=2102   LPSP=2.9514%  deg=53.084  total=77.290  ELYstarts=8988
  [280/404] RB2 ULTIME               seed=2103   LPSP=2.9443%  deg=53.103  total=77.251  ELYstarts=8982
  [281/404] RB2 ULTIME               seed=2104   LPSP=2.9539%  deg=53.073  total=77.299  ELYstarts=9012
  [282/404] RB2 ULTIME               seed=2105   LPSP=2.9313%  deg=53.099  total=77.140  ELYstarts=8986
  [283/404] RB2 ULTIME               seed=2106   LPSP=2.9432%  deg=53.117  total=77.255  ELYstarts=9033
  [284/404] RB2 ULTIME               seed=2107   LPSP=2.9379%  deg=53.070  total=77.165  ELYstarts=8937
  [285/404] RB2 ULTIME               seed=2108   LPSP=2.9247%  deg=53.086  total=77.073  ELYstarts=8973
  [286/404] RB2 ULTIME               seed=2109   LPSP=2.9442%  deg=53.095  total=77.241  ELYstarts=8978
  [287/404] RB2 ULTIME               seed=2110   LPSP=2.9343%  deg=53.126  total=77.191  ELYstarts=8977
  [288/404] RB2 ULTIME               seed=2111   LPSP=2.9455%  deg=53.107  total=77.265  ELYstarts=8990
  [289/404] RB2 ULTIME               seed=2112   LPSP=2.9147%  deg=53.105  total=77.009  ELYstarts=8956
  [290/404] RB2 ULTIME               seed=2113   LPSP=2.9427%  deg=53.113  total=77.247  ELYstarts=8997
  [291/404] RB2 ULTIME               seed=2114   LPSP=2.9427%  deg=53.111  total=77.246  ELYstarts=8995
  [292/404] RB2 ULTIME               seed=2115   LPSP=2.9452%  deg=53.096  total=77.251  ELYstarts=9006
  [293/404] RB2 ULTIME               seed=2116   LPSP=2.9459%  deg=53.073  total=77.233  ELYstarts=8991
  [294/404] RB2 ULTIME               seed=2117   LPSP=2.9509%  deg=53.096  total=77.297  ELYstarts=8987
  [295/404] RB2 ULTIME               seed=2118   LPSP=2.9403%  deg=53.079  total=77.194  ELYstarts=8970
  [296/404] RB2 ULTIME               seed=2119   LPSP=2.9288%  deg=53.113  total=77.134  ELYstarts=9009
  [297/404] RB2 ULTIME               seed=2120   LPSP=2.9277%  deg=53.105  total=77.116  ELYstarts=8962
  [298/404] RB2 ULTIME               seed=2121   LPSP=2.9264%  deg=53.091  total=77.092  ELYstarts=8975
  [299/404] RB2 ULTIME               seed=2122   LPSP=2.9667%  deg=53.091  total=77.422  ELYstarts=9001
  [300/404] RB2 ULTIME               seed=2123   LPSP=2.9032%  deg=53.141  total=76.951  ELYstarts=8973
  [301/404] RB2 ULTIME               seed=2124   LPSP=2.9443%  deg=53.079  total=77.226  ELYstarts=8987
  [302/404] RB2 ULTIME               seed=2125   LPSP=2.9643%  deg=53.066  total=77.377  ELYstarts=9002
  [303/404] RB2 ULTIME               seed=2126   LPSP=2.9286%  deg=53.106  total=77.125  ELYstarts=9013
  [304/404] RB2 ULTIME               seed=2127   LPSP=2.9453%  deg=53.090  total=77.246  ELYstarts=8984
  [305/404] RB2 ULTIME               seed=2128   LPSP=2.9613%  deg=53.094  total=77.381  ELYstarts=8987
  [306/404] RB2 ULTIME               seed=2129   LPSP=2.9526%  deg=53.074  total=77.290  ELYstarts=9010
  [307/404] RB2 ULTIME               seed=2130   LPSP=2.9577%  deg=53.087  total=77.344  ELYstarts=8997
  [308/404] RB2 ULTIME               seed=2131   LPSP=2.9409%  deg=53.100  total=77.219  ELYstarts=8971
  [309/404] RB2 ULTIME               seed=2132   LPSP=2.9277%  deg=53.116  total=77.127  ELYstarts=8995
  [310/404] RB2 ULTIME               seed=2133   LPSP=2.9499%  deg=53.112  total=77.306  ELYstarts=9018
  [311/404] RB2 ULTIME               seed=2134   LPSP=2.9652%  deg=53.114  total=77.433  ELYstarts=9020
  [312/404] RB2 ULTIME               seed=2135   LPSP=2.9453%  deg=53.114  total=77.269  ELYstarts=9014
  [313/404] RB2 ULTIME               seed=2136   LPSP=2.9661%  deg=53.091  total=77.417  ELYstarts=9025
  [314/404] RB2 ULTIME               seed=2137   LPSP=2.9411%  deg=53.092  total=77.213  ELYstarts=8994
  [315/404] RB2 ULTIME               seed=2138   LPSP=2.9228%  deg=53.098  total=77.068  ELYstarts=8996
  [316/404] RB2 ULTIME               seed=2139   LPSP=2.9359%  deg=53.076  total=77.155  ELYstarts=8973
  [317/404] RB2 ULTIME               seed=2140   LPSP=2.9236%  deg=53.103  total=77.081  ELYstarts=9008
  [318/404] RB2 ULTIME               seed=2141   LPSP=2.9342%  deg=53.110  total=77.174  ELYstarts=9005
  [319/404] RB2 ULTIME               seed=2142   LPSP=2.9262%  deg=53.107  total=77.107  ELYstarts=9005
  [320/404] RB2 ULTIME               seed=2143   LPSP=2.9330%  deg=53.088  total=77.143  ELYstarts=8987
  [321/404] RB2 ULTIME               seed=2144   LPSP=2.9456%  deg=53.109  total=77.267  ELYstarts=9012
  [322/404] RB2 ULTIME               seed=2145   LPSP=2.9258%  deg=53.095  total=77.090  ELYstarts=9003
  [323/404] RB2 ULTIME               seed=2146   LPSP=2.9494%  deg=53.119  total=77.308  ELYstarts=9016
  [324/404] RB2 ULTIME               seed=2147   LPSP=2.9273%  deg=53.131  total=77.139  ELYstarts=9013
  [325/404] RB2 ULTIME               seed=2148   LPSP=2.9262%  deg=53.130  total=77.128  ELYstarts=8987
  [326/404] RB2 ULTIME               seed=2149   LPSP=2.9436%  deg=53.056  total=77.198  ELYstarts=8968
  [327/404] RB2 ULTIME               seed=2150   LPSP=2.9349%  deg=53.127  total=77.197  ELYstarts=9002
  [328/404] RB2 ULTIME               seed=2151   LPSP=2.9239%  deg=53.108  total=77.088  ELYstarts=9015
  [329/404] RB2 ULTIME               seed=2152   LPSP=2.9601%  deg=53.072  total=77.349  ELYstarts=8984
  [330/404] RB2 ULTIME               seed=2153   LPSP=2.9392%  deg=53.091  total=77.197  ELYstarts=8981
  [331/404] RB2 ULTIME               seed=2154   LPSP=2.9343%  deg=53.100  total=77.165  ELYstarts=8999
  [332/404] RB2 ULTIME               seed=2155   LPSP=2.9737%  deg=53.095  total=77.483  ELYstarts=9024
  [333/404] RB2 ULTIME               seed=2156   LPSP=2.9490%  deg=53.064  total=77.250  ELYstarts=8975
  [334/404] RB2 ULTIME               seed=2157   LPSP=2.9358%  deg=53.106  total=77.184  ELYstarts=9032
  [335/404] RB2 ULTIME               seed=2158   LPSP=2.9388%  deg=53.080  total=77.182  ELYstarts=8970
  [336/404] RB2 ULTIME               seed=2159   LPSP=2.9416%  deg=53.091  total=77.216  ELYstarts=8962
  [337/404] RB2 ULTIME               seed=2160   LPSP=2.9476%  deg=53.078  total=77.252  ELYstarts=8996
  [338/404] RB2 ULTIME               seed=2161   LPSP=2.9477%  deg=53.085  total=77.260  ELYstarts=8982
  [339/404] RB2 ULTIME               seed=2162   LPSP=2.9324%  deg=53.052  total=77.102  ELYstarts=8980
  [340/404] RB2 ULTIME               seed=2163   LPSP=2.9450%  deg=53.084  total=77.237  ELYstarts=9000
  [341/404] RB2 ULTIME               seed=2164   LPSP=2.9473%  deg=53.083  total=77.255  ELYstarts=8988
  [342/404] RB2 ULTIME               seed=2165   LPSP=2.9118%  deg=53.132  total=77.013  ELYstarts=8986
  [343/404] RB2 ULTIME               seed=2166   LPSP=2.9533%  deg=53.107  total=77.328  ELYstarts=8974
  [344/404] RB2 ULTIME               seed=2167   LPSP=2.9462%  deg=53.069  total=77.232  ELYstarts=8981
  [345/404] RB2 ULTIME               seed=2168   LPSP=2.9509%  deg=53.095  total=77.296  ELYstarts=9009
  [346/404] RB2 ULTIME               seed=2169   LPSP=2.9550%  deg=53.108  total=77.343  ELYstarts=9004
  [347/404] RB2 ULTIME               seed=2170   LPSP=2.9145%  deg=53.090  total=76.993  ELYstarts=8967
  [348/404] RB2 ULTIME               seed=2171   LPSP=2.9422%  deg=53.090  total=77.221  ELYstarts=8975
  [349/404] RB2 ULTIME               seed=2172   LPSP=2.9091%  deg=53.146  total=77.005  ELYstarts=8997
  [350/404] RB2 ULTIME               seed=2173   LPSP=2.9341%  deg=53.109  total=77.173  ELYstarts=8966
  [351/404] RB2 ULTIME               seed=2174   LPSP=2.9442%  deg=53.122  total=77.268  ELYstarts=9001
  [352/404] RB2 ULTIME               seed=2175   LPSP=2.9307%  deg=53.108  total=77.144  ELYstarts=8998
  [353/404] RB2 ULTIME               seed=2176   LPSP=2.9602%  deg=53.097  total=77.375  ELYstarts=9017
  [354/404] RB2 ULTIME               seed=2177   LPSP=2.9619%  deg=53.065  total=77.357  ELYstarts=9011
  [355/404] RB2 ULTIME               seed=2178   LPSP=2.9258%  deg=53.115  total=77.111  ELYstarts=8982
  [356/404] RB2 ULTIME               seed=2179   LPSP=2.9486%  deg=53.075  total=77.257  ELYstarts=8958
  [357/404] RB2 ULTIME               seed=2180   LPSP=2.9219%  deg=53.113  total=77.077  ELYstarts=8973
  [358/404] RB2 ULTIME               seed=2181   LPSP=2.9617%  deg=53.071  total=77.361  ELYstarts=8987
  [359/404] RB2 ULTIME               seed=2182   LPSP=2.9607%  deg=53.090  total=77.372  ELYstarts=9006
  [360/404] RB2 ULTIME               seed=2183   LPSP=2.9514%  deg=53.108  total=77.314  ELYstarts=9035
  [361/404] RB2 ULTIME               seed=2184   LPSP=2.9479%  deg=53.081  total=77.257  ELYstarts=8989
  [362/404] RB2 ULTIME               seed=2185   LPSP=2.9578%  deg=53.119  total=77.377  ELYstarts=9028
  [363/404] RB2 ULTIME               seed=2186   LPSP=2.9378%  deg=53.101  total=77.195  ELYstarts=8990
  [364/404] RB2 ULTIME               seed=2187   LPSP=2.9417%  deg=53.119  total=77.245  ELYstarts=9031
  [365/404] RB2 ULTIME               seed=2188   LPSP=2.9166%  deg=53.103  total=77.024  ELYstarts=8976
  [366/404] RB2 ULTIME               seed=2189   LPSP=2.9491%  deg=53.090  total=77.277  ELYstarts=9039
  [367/404] RB2 ULTIME               seed=2190   LPSP=2.9546%  deg=53.079  total=77.311  ELYstarts=8962
  [368/404] RB2 ULTIME               seed=2191   LPSP=2.9645%  deg=53.102  total=77.415  ELYstarts=9035
  [369/404] RB2 ULTIME               seed=2192   LPSP=2.9382%  deg=53.112  total=77.210  ELYstarts=9024
  [370/404] RB2 ULTIME               seed=2193   LPSP=2.9397%  deg=53.107  total=77.217  ELYstarts=9036
  [371/404] RB2 ULTIME               seed=2194   LPSP=2.9338%  deg=53.118  total=77.179  ELYstarts=9000
  [372/404] RB2 ULTIME               seed=2195   LPSP=2.9537%  deg=53.084  total=77.308  ELYstarts=9022
  [373/404] RB2 ULTIME               seed=2196   LPSP=2.9144%  deg=53.106  total=77.008  ELYstarts=8979
  [374/404] RB2 ULTIME               seed=2197   LPSP=2.9378%  deg=53.070  total=77.164  ELYstarts=8995
  [375/404] RB2 ULTIME               seed=2198   LPSP=2.9639%  deg=53.092  total=77.400  ELYstarts=8992
  [376/404] RB2 ULTIME               seed=2199   LPSP=2.9407%  deg=53.091  total=77.209  ELYstarts=8979
  [377/404] RB2 ULTIME               seed=2200   LPSP=2.9352%  deg=53.090  total=77.163  ELYstarts=8979
  [378/404] RB2 ULTIME               seed=2201   LPSP=2.9460%  deg=53.069  total=77.230  ELYstarts=8991
  [379/404] RB2 ULTIME               seed=2202   LPSP=2.9749%  deg=53.063  total=77.461  ELYstarts=9031
  [380/404] RB2 ULTIME               seed=2203   LPSP=2.9418%  deg=53.099  total=77.226  ELYstarts=8995
  [381/404] RB2 ULTIME               seed=2204   LPSP=2.9077%  deg=53.098  total=76.945  ELYstarts=8961
  [382/404] RB2 ULTIME               seed=2205   LPSP=2.9171%  deg=53.101  total=77.025  ELYstarts=8961
  [383/404] RB2 ULTIME               seed=2206   LPSP=2.9372%  deg=53.087  total=77.176  ELYstarts=8984
  [384/404] RB2 ULTIME               seed=2207   LPSP=2.9461%  deg=53.079  total=77.241  ELYstarts=8995
  [385/404] RB2 ULTIME               seed=2208   LPSP=2.9359%  deg=53.090  total=77.169  ELYstarts=8984
  [386/404] RB2 ULTIME               seed=2209   LPSP=2.9441%  deg=53.091  total=77.237  ELYstarts=8991
  [387/404] RB2 ULTIME               seed=2210   LPSP=2.9361%  deg=53.109  total=77.189  ELYstarts=8998
  [388/404] RB2 ULTIME               seed=2211   LPSP=2.9298%  deg=53.117  total=77.146  ELYstarts=9015
  [389/404] RB2 ULTIME               seed=2212   LPSP=2.9617%  deg=53.075  total=77.365  ELYstarts=9003
  [390/404] RB2 ULTIME               seed=2213   LPSP=2.9253%  deg=53.078  total=77.069  ELYstarts=8960
  [391/404] RB2 ULTIME               seed=2214   LPSP=2.9288%  deg=53.091  total=77.112  ELYstarts=8998
  [392/404] RB2 ULTIME               seed=2215   LPSP=2.9473%  deg=53.082  total=77.254  ELYstarts=8985
  [393/404] RB2 ULTIME               seed=2216   LPSP=2.9487%  deg=53.103  total=77.286  ELYstarts=9015
  [394/404] RB2 ULTIME               seed=2217   LPSP=2.9423%  deg=53.103  total=77.234  ELYstarts=8976
  [395/404] RB2 ULTIME               seed=2218   LPSP=2.9257%  deg=53.086  total=77.081  ELYstarts=8988
  [396/404] RB2 ULTIME               seed=2219   LPSP=2.9686%  deg=53.061  total=77.408  ELYstarts=9019
  [397/404] RB2 ULTIME               seed=2220   LPSP=2.9314%  deg=53.096  total=77.138  ELYstarts=8968
  [398/404] RB2 ULTIME               seed=2221   LPSP=2.9337%  deg=53.112  total=77.173  ELYstarts=8991
  [399/404] RB2 ULTIME               seed=2222   LPSP=2.9386%  deg=53.132  total=77.233  ELYstarts=9025
  [400/404] RB2 ULTIME               seed=2223   LPSP=2.9604%  deg=53.099  total=77.379  ELYstarts=9004
  [401/404] RB2 ULTIME               seed=2224   LPSP=2.9377%  deg=53.111  total=77.204  ELYstarts=9002
  [402/404] RB2 ULTIME               seed=2225   LPSP=2.9484%  deg=53.088  total=77.269  ELYstarts=8992
  [403/404] SoH+Pred omni (g=0)      seed=2026   LPSP=2.9091%  deg=54.906  total=78.764  ELYstarts=9190
  [404/404] ULTIME omni              seed=2026   LPSP=3.1051%  deg=52.870  total=78.336  ELYstarts=9190
[bench_ultime] termine en 949 s
# bench_ultime (bench_ultime) : 25 ans ; VoLL=3.0 ; N=200 graines ; CRN ; base=RB2 socle
label ; N ; LPSP(%) ; sLPSP ; deg(kEUR) ; sdeg ; total(kEUR) ; stotal ; dtotal_vs_base(kEUR) ; ELY_starts
RB2 socle ; 1 ; 2.5921 ; 0.0000 ; 58.843 ; 0.000 ; 80.102 ; 0.000 ; +0.000 ; 9199
Unifiee (test nul) ; 1 ; 3.1051 ; 0.0000 ; 52.870 ; 0.000 ; 78.336 ; 0.000 ; -1.767 ; 9190
RB2(SoH+Pred) (g=0) ; 200 ; 2.7575 ; 0.0126 ; 55.075 ; 0.016 ; 77.690 ; 0.097 ; -2.412 ; 8996
RB2 ULTIME ; 200 ; 2.9421 ; 0.0138 ; 53.095 ; 0.017 ; 77.224 ; 0.107 ; -2.878 ; 8995
SoH+Pred omni (g=0) ; 1 ; 2.9091 ; 0.0000 ; 54.906 ; 0.000 ; 78.764 ; 0.000 ; -1.338 ; 9190
ULTIME omni ; 1 ; 3.1051 ; 0.0000 ; 52.870 ; 0.000 ; 78.336 ; 0.000 ; -1.767 ; 9190

[bench_ultime] -> /Work/Users/tlenoir/genial/Robustesse/Fable_pred/bench_ultime.txt
[bench_ultime] -> /Work/Users/tlenoir/genial/Robustesse/Fable_pred/bench_ultime_cloud.csv

real	15m49.103s
user	490m7.925s
sys	0m30.154s
fin=Thu Jul  2 14:39:31 CEST 2026
