Job 212377  noeud=node4-9  N=64  n_years=25  extra=--sweep target
cpus-per-task=32  debut=Thu Jul  2 14:39:43 CEST 2026
numpy 1.21.5 scipy 1.9.1
[bench_ultime] 385 runs (25 ans), 32 workers ...
  [  1/385] Unifiee (test nul)       seed=2026   LPSP=3.1051%  deg=52.870  total=78.336  ELYstarts=9190
  [  2/385] Ult ceiling d12          seed=2026   LPSP=2.9725%  deg=53.078  total=77.456  ELYstarts=9016
  [  3/385] Ult ceiling d12          seed=2027   LPSP=2.9281%  deg=53.095  total=77.109  ELYstarts=8992
  [  4/385] Ult ceiling d12          seed=2028   LPSP=2.9319%  deg=53.083  total=77.129  ELYstarts=8978
  [  5/385] Ult ceiling d12          seed=2029   LPSP=2.9358%  deg=53.134  total=77.212  ELYstarts=8999
  [  6/385] Ult ceiling d12          seed=2030   LPSP=2.9435%  deg=53.085  total=77.226  ELYstarts=9017
  [  7/385] Ult ceiling d12          seed=2031   LPSP=2.9255%  deg=53.095  total=77.088  ELYstarts=8985
  [  8/385] Ult ceiling d12          seed=2032   LPSP=2.9356%  deg=53.084  total=77.160  ELYstarts=8967
  [  9/385] Ult ceiling d12          seed=2033   LPSP=2.9439%  deg=53.099  total=77.243  ELYstarts=8992
  [ 10/385] Ult ceiling d12          seed=2034   LPSP=2.9344%  deg=53.105  total=77.171  ELYstarts=9010
  [ 11/385] Ult ceiling d12          seed=2035   LPSP=2.9439%  deg=53.077  total=77.221  ELYstarts=8984
  [ 12/385] Ult ceiling d12          seed=2036   LPSP=2.9445%  deg=53.107  total=77.257  ELYstarts=8993
  [ 13/385] Ult ceiling d12          seed=2037   LPSP=2.9581%  deg=53.093  total=77.354  ELYstarts=9006
  [ 14/385] Ult ceiling d12          seed=2038   LPSP=2.9318%  deg=53.076  total=77.121  ELYstarts=8988
  [ 15/385] Ult ceiling d12          seed=2039   LPSP=2.9620%  deg=53.089  total=77.382  ELYstarts=9011
  [ 16/385] Ult ceiling d12          seed=2040   LPSP=2.9629%  deg=53.088  total=77.388  ELYstarts=9019
  [ 17/385] Ult ceiling d12          seed=2041   LPSP=2.9471%  deg=53.101  total=77.271  ELYstarts=8993
  [ 18/385] Ult ceiling d12          seed=2042   LPSP=2.9596%  deg=53.077  total=77.350  ELYstarts=9023
  [ 19/385] Ult ceiling d12          seed=2043   LPSP=2.9258%  deg=53.090  total=77.086  ELYstarts=8977
  [ 20/385] Ult ceiling d12          seed=2044   LPSP=2.9678%  deg=53.089  total=77.429  ELYstarts=9016
  [ 21/385] Ult ceiling d12          seed=2045   LPSP=2.9391%  deg=53.077  total=77.182  ELYstarts=8979
  [ 22/385] Ult ceiling d12          seed=2046   LPSP=2.9365%  deg=53.084  total=77.168  ELYstarts=8973
  [ 23/385] Ult ceiling d12          seed=2047   LPSP=2.9509%  deg=53.088  total=77.290  ELYstarts=8996
  [ 24/385] Ult ceiling d12          seed=2048   LPSP=2.9436%  deg=53.111  total=77.252  ELYstarts=9012
  [ 25/385] Ult ceiling d12          seed=2049   LPSP=2.9376%  deg=53.085  total=77.177  ELYstarts=8979
  [ 26/385] Ult ceiling d12          seed=2050   LPSP=2.9239%  deg=53.120  total=77.101  ELYstarts=8992
  [ 27/385] Ult ceiling d12          seed=2051   LPSP=2.9532%  deg=53.112  total=77.333  ELYstarts=8992
  [ 28/385] Ult ceiling d12          seed=2052   LPSP=2.9354%  deg=53.072  total=77.146  ELYstarts=8971
  [ 29/385] Ult ceiling d12          seed=2053   LPSP=2.9466%  deg=53.068  total=77.235  ELYstarts=8981
  [ 30/385] Ult ceiling d12          seed=2054   LPSP=2.9502%  deg=53.097  total=77.293  ELYstarts=9010
  [ 31/385] Ult ceiling d12          seed=2055   LPSP=2.9440%  deg=53.055  total=77.200  ELYstarts=8969
  [ 32/385] Ult ceiling d12          seed=2056   LPSP=2.9395%  deg=53.105  total=77.213  ELYstarts=9005
  [ 33/385] Ult ceiling d12          seed=2057   LPSP=2.9447%  deg=53.109  total=77.260  ELYstarts=8990
  [ 34/385] Ult ceiling d12          seed=2058   LPSP=2.9228%  deg=53.134  total=77.105  ELYstarts=9008
  [ 35/385] Ult ceiling d12          seed=2059   LPSP=2.9530%  deg=53.108  total=77.327  ELYstarts=8999
  [ 36/385] Ult ceiling d12          seed=2060   LPSP=2.9454%  deg=53.078  total=77.235  ELYstarts=9005
  [ 37/385] Ult ceiling d12          seed=2061   LPSP=2.9323%  deg=53.118  total=77.167  ELYstarts=9000
  [ 38/385] Ult ceiling d12          seed=2062   LPSP=2.9186%  deg=53.098  total=77.035  ELYstarts=8982
  [ 39/385] Ult ceiling d12          seed=2063   LPSP=2.9300%  deg=53.101  total=77.131  ELYstarts=8993
  [ 40/385] Ult ceiling d12          seed=2064   LPSP=2.9437%  deg=53.090  total=77.232  ELYstarts=8987
  [ 41/385] Ult ceiling d12          seed=2065   LPSP=2.9310%  deg=53.090  total=77.128  ELYstarts=8963
  [ 42/385] Ult ceiling d12          seed=2066   LPSP=2.9566%  deg=53.096  total=77.344  ELYstarts=9014
  [ 43/385] Ult ceiling d12          seed=2067   LPSP=2.9546%  deg=53.078  total=77.310  ELYstarts=9023
  [ 44/385] Ult ceiling d12          seed=2068   LPSP=2.9495%  deg=53.092  total=77.282  ELYstarts=9001
  [ 45/385] Ult ceiling d12          seed=2069   LPSP=2.9394%  deg=53.077  total=77.184  ELYstarts=8963
  [ 46/385] Ult ceiling d12          seed=2070   LPSP=2.9452%  deg=53.096  total=77.251  ELYstarts=9027
  [ 47/385] Ult ceiling d12          seed=2071   LPSP=2.9477%  deg=53.104  total=77.279  ELYstarts=8969
  [ 48/385] Ult ceiling d12          seed=2072   LPSP=2.9480%  deg=53.096  total=77.273  ELYstarts=8996
  [ 49/385] Ult ceiling d12          seed=2073   LPSP=2.9555%  deg=53.076  total=77.316  ELYstarts=9002
  [ 50/385] Ult ceiling d12          seed=2074   LPSP=2.9544%  deg=53.093  total=77.323  ELYstarts=9006
  [ 51/385] Ult ceiling d12          seed=2075   LPSP=2.9428%  deg=53.092  total=77.227  ELYstarts=8991
  [ 52/385] Ult ceiling d12          seed=2076   LPSP=2.9441%  deg=53.097  total=77.243  ELYstarts=9026
  [ 53/385] Ult ceiling d12          seed=2077   LPSP=2.9649%  deg=53.050  total=77.367  ELYstarts=9006
  [ 54/385] Ult ceiling d12          seed=2078   LPSP=2.9354%  deg=53.112  total=77.186  ELYstarts=9012
  [ 55/385] Ult ceiling d12          seed=2079   LPSP=2.9323%  deg=53.102  total=77.151  ELYstarts=8989
  [ 56/385] Ult ceiling d12          seed=2080   LPSP=2.9554%  deg=53.088  total=77.326  ELYstarts=8996
  [ 57/385] Ult ceiling d12          seed=2081   LPSP=2.9353%  deg=53.110  total=77.183  ELYstarts=8990
  [ 58/385] Ult ceiling d12          seed=2082   LPSP=2.9638%  deg=53.096  total=77.404  ELYstarts=8995
  [ 59/385] Ult ceiling d12          seed=2083   LPSP=2.9310%  deg=53.087  total=77.125  ELYstarts=8975
  [ 60/385] Ult ceiling d12          seed=2084   LPSP=2.9502%  deg=53.092  total=77.288  ELYstarts=9001
  [ 61/385] Ult ceiling d12          seed=2085   LPSP=2.9215%  deg=53.095  total=77.055  ELYstarts=8992
  [ 62/385] Ult ceiling d12          seed=2086   LPSP=2.9333%  deg=53.107  total=77.164  ELYstarts=9002
  [ 63/385] Ult ceiling d12          seed=2087   LPSP=2.9469%  deg=53.099  total=77.268  ELYstarts=9015
  [ 64/385] Ult ceiling d12          seed=2088   LPSP=2.9406%  deg=53.084  total=77.201  ELYstarts=8978
  [ 65/385] Ult ceiling d12          seed=2089   LPSP=2.9671%  deg=53.081  total=77.416  ELYstarts=9020
  [ 66/385] Ult ceiling d0           seed=2026   LPSP=2.9496%  deg=53.238  total=77.428  ELYstarts=9166
  [ 67/385] Ult ceiling d0           seed=2027   LPSP=2.9139%  deg=53.237  total=77.136  ELYstarts=9115
  [ 68/385] Ult ceiling d0           seed=2028   LPSP=2.9113%  deg=53.215  total=77.092  ELYstarts=9115
  [ 69/385] Ult ceiling d0           seed=2029   LPSP=2.9160%  deg=53.195  total=77.110  ELYstarts=9116
  [ 70/385] Ult ceiling d0           seed=2030   LPSP=2.9495%  deg=53.202  total=77.392  ELYstarts=9150
  [ 71/385] Ult ceiling d0           seed=2031   LPSP=2.9403%  deg=53.186  total=77.300  ELYstarts=9132
  [ 72/385] Ult ceiling d0           seed=2032   LPSP=2.9333%  deg=53.164  total=77.221  ELYstarts=9099
  [ 73/385] Ult ceiling d0           seed=2033   LPSP=2.9663%  deg=53.208  total=77.535  ELYstarts=9140
  [ 74/385] Ult ceiling d0           seed=2034   LPSP=2.9472%  deg=53.183  total=77.354  ELYstarts=9108
  [ 75/385] Ult ceiling d0           seed=2035   LPSP=2.9007%  deg=53.203  total=76.993  ELYstarts=9101
  [ 76/385] Ult ceiling d0           seed=2036   LPSP=2.9283%  deg=53.193  total=77.210  ELYstarts=9138
  [ 77/385] Ult ceiling d0           seed=2037   LPSP=2.9360%  deg=53.190  total=77.270  ELYstarts=9112
  [ 78/385] Ult ceiling d0           seed=2038   LPSP=2.9340%  deg=53.218  total=77.282  ELYstarts=9146
  [ 79/385] Ult ceiling d0           seed=2039   LPSP=2.9382%  deg=53.178  total=77.275  ELYstarts=9131
  [ 80/385] Ult ceiling d0           seed=2040   LPSP=2.9229%  deg=53.211  total=77.183  ELYstarts=9138
  [ 81/385] Ult ceiling d0           seed=2041   LPSP=2.9303%  deg=53.201  total=77.234  ELYstarts=9124
  [ 82/385] Ult ceiling d0           seed=2042   LPSP=2.9283%  deg=53.185  total=77.201  ELYstarts=9100
  [ 83/385] Ult ceiling d0           seed=2043   LPSP=2.9276%  deg=53.205  total=77.215  ELYstarts=9121
  [ 84/385] Ult ceiling d0           seed=2044   LPSP=2.9140%  deg=53.204  total=77.103  ELYstarts=9132
  [ 85/385] Ult ceiling d0           seed=2045   LPSP=2.9273%  deg=53.224  total=77.232  ELYstarts=9147
  [ 86/385] Ult ceiling d0           seed=2046   LPSP=2.9322%  deg=53.226  total=77.274  ELYstarts=9148
  [ 87/385] Ult ceiling d0           seed=2047   LPSP=2.9421%  deg=53.191  total=77.321  ELYstarts=9142
  [ 88/385] Ult ceiling d0           seed=2048   LPSP=2.9260%  deg=53.215  total=77.213  ELYstarts=9131
  [ 89/385] Ult ceiling d0           seed=2049   LPSP=2.9365%  deg=53.203  total=77.287  ELYstarts=9136
  [ 90/385] Ult ceiling d0           seed=2050   LPSP=2.9384%  deg=53.221  total=77.320  ELYstarts=9158
  [ 91/385] Ult ceiling d0           seed=2051   LPSP=2.9263%  deg=53.177  total=77.177  ELYstarts=9106
  [ 92/385] Ult ceiling d0           seed=2052   LPSP=2.9305%  deg=53.190  total=77.224  ELYstarts=9109
  [ 93/385] Ult ceiling d0           seed=2053   LPSP=2.9276%  deg=53.214  total=77.225  ELYstarts=9139
  [ 94/385] Ult ceiling d0           seed=2054   LPSP=2.9235%  deg=53.169  total=77.146  ELYstarts=9105
  [ 95/385] Ult ceiling d0           seed=2055   LPSP=2.9267%  deg=53.191  total=77.194  ELYstarts=9090
  [ 96/385] Ult ceiling d0           seed=2056   LPSP=2.9274%  deg=53.205  total=77.214  ELYstarts=9142
  [ 97/385] Ult ceiling d0           seed=2057   LPSP=2.9341%  deg=53.198  total=77.262  ELYstarts=9121
  [ 98/385] Ult ceiling d0           seed=2058   LPSP=2.9403%  deg=53.170  total=77.285  ELYstarts=9142
  [ 99/385] Ult ceiling d0           seed=2059   LPSP=2.9064%  deg=53.219  total=77.056  ELYstarts=9125
  [100/385] Ult ceiling d0           seed=2060   LPSP=2.9398%  deg=53.202  total=77.312  ELYstarts=9157
  [101/385] Ult ceiling d0           seed=2061   LPSP=2.9399%  deg=53.171  total=77.282  ELYstarts=9135
  [102/385] Ult ceiling d0           seed=2062   LPSP=2.9240%  deg=53.201  total=77.182  ELYstarts=9099
  [103/385] Ult ceiling d0           seed=2063   LPSP=2.9324%  deg=53.200  total=77.249  ELYstarts=9125
  [104/385] Ult ceiling d0           seed=2064   LPSP=2.9453%  deg=53.173  total=77.328  ELYstarts=9136
  [105/385] Ult ceiling d0           seed=2065   LPSP=2.9345%  deg=53.182  total=77.250  ELYstarts=9127
  [106/385] Ult ceiling d0           seed=2066   LPSP=2.9351%  deg=53.204  total=77.277  ELYstarts=9146
  [107/385] Ult ceiling d0           seed=2067   LPSP=2.9259%  deg=53.167  total=77.164  ELYstarts=9130
  [108/385] Ult ceiling d0           seed=2068   LPSP=2.9135%  deg=53.235  total=77.130  ELYstarts=9133
  [109/385] Ult ceiling d0           seed=2069   LPSP=2.9231%  deg=53.224  total=77.198  ELYstarts=9116
  [110/385] Ult ceiling d0           seed=2070   LPSP=2.9175%  deg=53.225  total=77.153  ELYstarts=9132
  [111/385] Ult ceiling d0           seed=2071   LPSP=2.9285%  deg=53.200  total=77.217  ELYstarts=9140
  [112/385] Ult ceiling d0           seed=2072   LPSP=2.9310%  deg=53.210  total=77.248  ELYstarts=9123
  [113/385] Ult ceiling d0           seed=2073   LPSP=2.9374%  deg=53.225  total=77.315  ELYstarts=9158
  [114/385] Ult ceiling d0           seed=2074   LPSP=2.9115%  deg=53.230  total=77.109  ELYstarts=9130
  [115/385] Ult ceiling d0           seed=2075   LPSP=2.9224%  deg=53.200  total=77.168  ELYstarts=9111
  [116/385] Ult ceiling d0           seed=2076   LPSP=2.9322%  deg=53.185  total=77.234  ELYstarts=9129
  [117/385] Ult ceiling d0           seed=2077   LPSP=2.9218%  deg=53.199  total=77.162  ELYstarts=9124
  [118/385] Ult ceiling d0           seed=2078   LPSP=2.9260%  deg=53.200  total=77.197  ELYstarts=9131
  [119/385] Ult ceiling d0           seed=2079   LPSP=2.9140%  deg=53.221  total=77.120  ELYstarts=9143
  [120/385] Ult ceiling d0           seed=2080   LPSP=2.8996%  deg=53.200  total=76.980  ELYstarts=9096
  [121/385] Ult ceiling d0           seed=2081   LPSP=2.9098%  deg=53.199  total=77.064  ELYstarts=9099
  [122/385] Ult ceiling d0           seed=2082   LPSP=2.9343%  deg=53.202  total=77.267  ELYstarts=9144
  [123/385] Ult ceiling d0           seed=2083   LPSP=2.9528%  deg=53.187  total=77.405  ELYstarts=9124
  [124/385] Ult ceiling d0           seed=2084   LPSP=2.9376%  deg=53.188  total=77.281  ELYstarts=9133
  [125/385] Ult ceiling d0           seed=2085   LPSP=2.9150%  deg=53.220  total=77.127  ELYstarts=9127
  [126/385] Ult ceiling d0           seed=2086   LPSP=2.9129%  deg=53.196  total=77.086  ELYstarts=9108
  [127/385] Ult ceiling d0           seed=2087   LPSP=2.9455%  deg=53.200  total=77.357  ELYstarts=9170
  [128/385] Ult ceiling d0           seed=2088   LPSP=2.9467%  deg=53.196  total=77.363  ELYstarts=9142
  [129/385] Ult ceiling d0           seed=2089   LPSP=2.9070%  deg=53.217  total=77.059  ELYstarts=9140
  [130/385] Ult fixed 0.99 d12       seed=2026   LPSP=3.3819%  deg=52.584  total=80.320  ELYstarts=8864
  [131/385] Ult fixed 0.99 d12       seed=2027   LPSP=3.3412%  deg=52.635  total=80.037  ELYstarts=8850
  [132/385] Ult fixed 0.99 d12       seed=2028   LPSP=3.3735%  deg=52.579  total=80.247  ELYstarts=8869
  [133/385] Ult fixed 0.99 d12       seed=2029   LPSP=3.3792%  deg=52.526  total=80.240  ELYstarts=8846
  [134/385] Ult fixed 0.99 d12       seed=2030   LPSP=3.3407%  deg=52.629  total=80.027  ELYstarts=8857
  [135/385] Ult fixed 0.99 d12       seed=2031   LPSP=3.3205%  deg=52.630  total=79.863  ELYstarts=8894
  [136/385] Ult fixed 0.99 d12       seed=2032   LPSP=3.3480%  deg=52.594  total=80.052  ELYstarts=8846
  [137/385] Ult fixed 0.99 d12       seed=2033   LPSP=3.3864%  deg=52.553  total=80.327  ELYstarts=8867
  [138/385] Ult fixed 0.99 d12       seed=2034   LPSP=3.3389%  deg=52.604  total=79.988  ELYstarts=8868
  [139/385] Ult fixed 0.99 d12       seed=2035   LPSP=3.3702%  deg=52.583  total=80.223  ELYstarts=8861
  [140/385] Ult fixed 0.99 d12       seed=2036   LPSP=3.3586%  deg=52.628  total=80.173  ELYstarts=8869
  [141/385] Ult fixed 0.99 d12       seed=2037   LPSP=3.3525%  deg=52.567  total=80.062  ELYstarts=8832
  [142/385] Ult fixed 0.99 d12       seed=2038   LPSP=3.3366%  deg=52.605  total=79.969  ELYstarts=8866
  [143/385] Ult fixed 0.99 d12       seed=2039   LPSP=3.3356%  deg=52.589  total=79.946  ELYstarts=8866
  [144/385] Ult fixed 0.99 d12       seed=2040   LPSP=3.3441%  deg=52.631  total=80.058  ELYstarts=8878
  [145/385] Ult fixed 0.99 d12       seed=2041   LPSP=3.3327%  deg=52.585  total=79.918  ELYstarts=8855
  [146/385] Ult fixed 0.99 d12       seed=2042   LPSP=3.3958%  deg=52.634  total=80.484  ELYstarts=8871
  [147/385] Ult fixed 0.99 d12       seed=2043   LPSP=3.3667%  deg=52.594  total=80.206  ELYstarts=8853
  [148/385] Ult fixed 0.99 d12       seed=2044   LPSP=3.3267%  deg=52.619  total=79.903  ELYstarts=8895
  [149/385] Ult fixed 0.99 d12       seed=2045   LPSP=3.3507%  deg=52.576  total=80.056  ELYstarts=8871
  [150/385] Ult fixed 0.99 d12       seed=2046   LPSP=3.3039%  deg=52.637  total=79.734  ELYstarts=8863
  [151/385] Ult fixed 0.99 d12       seed=2047   LPSP=3.3350%  deg=52.597  total=79.949  ELYstarts=8867
  [152/385] Ult fixed 0.99 d12       seed=2048   LPSP=3.3389%  deg=52.566  total=79.951  ELYstarts=8868
  [153/385] Ult fixed 0.99 d12       seed=2049   LPSP=3.3394%  deg=52.573  total=79.961  ELYstarts=8811
  [154/385] Ult fixed 0.99 d12       seed=2050   LPSP=3.3422%  deg=52.610  total=80.021  ELYstarts=8868
  [155/385] Ult fixed 0.99 d12       seed=2051   LPSP=3.3295%  deg=52.598  total=79.905  ELYstarts=8857
  [156/385] Ult fixed 0.99 d12       seed=2052   LPSP=3.3485%  deg=52.603  total=80.065  ELYstarts=8866
  [157/385] Ult fixed 0.99 d12       seed=2053   LPSP=3.3646%  deg=52.568  total=80.163  ELYstarts=8873
  [158/385] Ult fixed 0.99 d12       seed=2054   LPSP=3.3394%  deg=52.599  total=79.987  ELYstarts=8870
  [159/385] Ult fixed 0.99 d12       seed=2055   LPSP=3.3403%  deg=52.603  total=79.998  ELYstarts=8851
  [160/385] Ult fixed 0.99 d12       seed=2056   LPSP=3.3282%  deg=52.608  total=79.904  ELYstarts=8835
  [161/385] Ult fixed 0.99 d12       seed=2057   LPSP=3.3243%  deg=52.605  total=79.869  ELYstarts=8874
  [162/385] Ult fixed 0.99 d12       seed=2058   LPSP=3.3036%  deg=52.592  total=79.685  ELYstarts=8839
  [163/385] Ult fixed 0.99 d12       seed=2059   LPSP=3.3545%  deg=52.557  total=80.068  ELYstarts=8852
  [164/385] Ult fixed 0.99 d12       seed=2060   LPSP=3.2561%  deg=52.637  total=79.342  ELYstarts=8885
  [165/385] Ult fixed 0.99 d12       seed=2061   LPSP=3.3431%  deg=52.604  total=80.022  ELYstarts=8883
  [166/385] Ult fixed 0.99 d12       seed=2062   LPSP=3.3644%  deg=52.596  total=80.188  ELYstarts=8865
  [167/385] Ult fixed 0.99 d12       seed=2063   LPSP=3.3866%  deg=52.577  total=80.351  ELYstarts=8855
  [168/385] Ult fixed 0.99 d12       seed=2064   LPSP=3.3470%  deg=52.599  total=80.049  ELYstarts=8874
  [169/385] Ult fixed 0.99 d12       seed=2065   LPSP=3.3069%  deg=52.644  total=79.766  ELYstarts=8864
  [170/385] Ult fixed 0.99 d12       seed=2066   LPSP=3.3388%  deg=52.585  total=79.968  ELYstarts=8862
  [171/385] Ult fixed 0.99 d12       seed=2067   LPSP=3.3441%  deg=52.605  total=80.031  ELYstarts=8872
  [172/385] Ult fixed 0.99 d12       seed=2068   LPSP=3.3141%  deg=52.610  total=79.791  ELYstarts=8884
  [173/385] Ult fixed 0.99 d12       seed=2069   LPSP=3.3537%  deg=52.614  total=80.119  ELYstarts=8896
  [174/385] Ult fixed 0.99 d12       seed=2070   LPSP=3.3205%  deg=52.605  total=79.837  ELYstarts=8836
  [175/385] Ult fixed 0.99 d12       seed=2071   LPSP=3.3339%  deg=52.581  total=79.924  ELYstarts=8871
  [176/385] Ult fixed 0.99 d12       seed=2072   LPSP=3.3241%  deg=52.614  total=79.876  ELYstarts=8895
  [177/385] Ult fixed 0.99 d12       seed=2073   LPSP=3.3572%  deg=52.596  total=80.129  ELYstarts=8884
  [178/385] Ult fixed 0.99 d12       seed=2074   LPSP=3.3103%  deg=52.617  total=79.767  ELYstarts=8866
  [179/385] Ult fixed 0.99 d12       seed=2075   LPSP=3.3306%  deg=52.585  total=79.901  ELYstarts=8860
  [180/385] Ult fixed 0.99 d12       seed=2076   LPSP=3.3119%  deg=52.597  total=79.759  ELYstarts=8831
  [181/385] Ult fixed 0.99 d12       seed=2077   LPSP=3.3110%  deg=52.615  total=79.769  ELYstarts=8863
  [182/385] Ult fixed 0.99 d12       seed=2078   LPSP=3.3482%  deg=52.613  total=80.072  ELYstarts=8866
  [183/385] Ult fixed 0.99 d12       seed=2079   LPSP=3.3468%  deg=52.586  total=80.034  ELYstarts=8907
  [184/385] Ult fixed 0.99 d12       seed=2080   LPSP=3.3309%  deg=52.587  total=79.905  ELYstarts=8864
  [185/385] Ult fixed 0.99 d12       seed=2081   LPSP=3.3496%  deg=52.628  total=80.100  ELYstarts=8878
  [186/385] Ult fixed 0.99 d12       seed=2082   LPSP=3.3751%  deg=52.625  total=80.305  ELYstarts=8893
  [187/385] Ult fixed 0.99 d12       seed=2083   LPSP=3.3361%  deg=52.594  total=79.955  ELYstarts=8877
  [188/385] Ult fixed 0.99 d12       seed=2084   LPSP=3.3153%  deg=52.627  total=79.818  ELYstarts=8849
  [189/385] Ult fixed 0.99 d12       seed=2085   LPSP=3.3562%  deg=52.569  total=80.095  ELYstarts=8855
  [190/385] Ult fixed 0.99 d12       seed=2086   LPSP=3.3015%  deg=52.614  total=79.691  ELYstarts=8867
  [191/385] Ult fixed 0.99 d12       seed=2087   LPSP=3.3766%  deg=52.584  total=80.278  ELYstarts=8888
  [192/385] Ult fixed 0.99 d12       seed=2088   LPSP=3.3555%  deg=52.613  total=80.133  ELYstarts=8872
  [193/385] Ult fixed 0.99 d12       seed=2089   LPSP=3.3589%  deg=52.617  total=80.164  ELYstarts=8867
  [194/385] Ult fixed 0.95 d12       seed=2026   LPSP=3.1005%  deg=52.945  total=78.374  ELYstarts=8955
  [195/385] Ult fixed 0.95 d12       seed=2027   LPSP=3.0848%  deg=52.961  total=78.261  ELYstarts=8972
  [196/385] Ult fixed 0.95 d12       seed=2028   LPSP=3.0647%  deg=52.992  total=78.126  ELYstarts=8940
  [197/385] Ult fixed 0.95 d12       seed=2029   LPSP=3.0626%  deg=52.932  total=78.050  ELYstarts=8957
  [198/385] Ult fixed 0.95 d12       seed=2030   LPSP=3.0684%  deg=52.940  total=78.106  ELYstarts=8945
  [199/385] Ult fixed 0.95 d12       seed=2031   LPSP=3.0239%  deg=52.979  total=77.780  ELYstarts=8951
  [200/385] Ult fixed 0.95 d12       seed=2032   LPSP=3.0736%  deg=52.944  total=78.151  ELYstarts=8939
  [201/385] Ult fixed 0.95 d12       seed=2033   LPSP=3.0929%  deg=52.940  total=78.306  ELYstarts=8976
  [202/385] Ult fixed 0.95 d12       seed=2034   LPSP=3.1013%  deg=52.960  total=78.395  ELYstarts=8941
  [203/385] Ult fixed 0.95 d12       seed=2035   LPSP=3.0921%  deg=52.934  total=78.294  ELYstarts=8948
  [204/385] Ult fixed 0.95 d12       seed=2036   LPSP=3.0832%  deg=52.892  total=78.179  ELYstarts=8947
  [205/385] Ult fixed 0.95 d12       seed=2037   LPSP=3.0746%  deg=52.946  total=78.161  ELYstarts=8972
  [206/385] Ult fixed 0.95 d12       seed=2038   LPSP=3.0862%  deg=52.896  total=78.208  ELYstarts=8928
  [207/385] Ult fixed 0.95 d12       seed=2039   LPSP=3.0644%  deg=52.963  total=78.095  ELYstarts=8955
  [208/385] Ult fixed 0.95 d12       seed=2040   LPSP=3.0561%  deg=52.966  total=78.030  ELYstarts=8954
  [209/385] Ult fixed 0.95 d12       seed=2041   LPSP=3.0630%  deg=52.929  total=78.051  ELYstarts=8946
  [210/385] Ult fixed 0.95 d12       seed=2042   LPSP=3.0722%  deg=52.948  total=78.145  ELYstarts=8928
  [211/385] Ult fixed 0.95 d12       seed=2043   LPSP=3.0719%  deg=52.931  total=78.125  ELYstarts=8952
  [212/385] Ult fixed 0.95 d12       seed=2044   LPSP=3.0914%  deg=52.929  total=78.282  ELYstarts=8936
  [213/385] Ult fixed 0.95 d12       seed=2045   LPSP=3.1142%  deg=52.940  total=78.481  ELYstarts=8984
  [214/385] Ult fixed 0.95 d12       seed=2046   LPSP=3.0877%  deg=52.920  total=78.244  ELYstarts=8942
  [215/385] Ult fixed 0.95 d12       seed=2047   LPSP=3.0832%  deg=52.938  total=78.225  ELYstarts=8949
  [216/385] Ult fixed 0.95 d12       seed=2048   LPSP=3.0752%  deg=52.947  total=78.168  ELYstarts=8943
  [217/385] Ult fixed 0.95 d12       seed=2049   LPSP=3.0748%  deg=52.936  total=78.154  ELYstarts=8917
  [218/385] Ult fixed 0.95 d12       seed=2050   LPSP=3.0650%  deg=52.901  total=78.039  ELYstarts=8883
  [219/385] Ult fixed 0.95 d12       seed=2051   LPSP=3.0913%  deg=52.945  total=78.298  ELYstarts=8982
  [220/385] Ult fixed 0.95 d12       seed=2052   LPSP=3.0793%  deg=52.950  total=78.205  ELYstarts=8967
  [221/385] Ult fixed 0.95 d12       seed=2053   LPSP=3.0911%  deg=52.962  total=78.313  ELYstarts=8929
  [222/385] Ult fixed 0.95 d12       seed=2054   LPSP=3.1006%  deg=52.922  total=78.352  ELYstarts=8922
  [223/385] Ult fixed 0.95 d12       seed=2055   LPSP=3.0794%  deg=52.917  total=78.173  ELYstarts=8931
  [224/385] Ult fixed 0.95 d12       seed=2056   LPSP=3.1029%  deg=52.906  total=78.354  ELYstarts=8941
  [225/385] Ult fixed 0.95 d12       seed=2057   LPSP=3.0642%  deg=52.989  total=78.120  ELYstarts=8955
  [226/385] Ult fixed 0.95 d12       seed=2058   LPSP=3.0889%  deg=52.933  total=78.266  ELYstarts=8918
  [227/385] Ult fixed 0.95 d12       seed=2059   LPSP=3.0774%  deg=52.942  total=78.182  ELYstarts=8950
  [228/385] Ult fixed 0.95 d12       seed=2060   LPSP=3.0681%  deg=52.939  total=78.102  ELYstarts=8948
  [229/385] Ult fixed 0.95 d12       seed=2061   LPSP=3.0848%  deg=52.950  total=78.250  ELYstarts=8943
  [230/385] Ult fixed 0.95 d12       seed=2062   LPSP=3.0938%  deg=52.964  total=78.337  ELYstarts=8974
  [231/385] Ult fixed 0.95 d12       seed=2063   LPSP=3.0746%  deg=52.938  total=78.154  ELYstarts=8954
  [232/385] Ult fixed 0.95 d12       seed=2064   LPSP=3.0678%  deg=52.949  total=78.109  ELYstarts=8954
  [233/385] Ult fixed 0.95 d12       seed=2065   LPSP=3.0619%  deg=52.972  total=78.084  ELYstarts=8944
  [234/385] Ult fixed 0.95 d12       seed=2066   LPSP=3.0791%  deg=52.940  total=78.193  ELYstarts=8956
  [235/385] Ult fixed 0.95 d12       seed=2067   LPSP=3.0806%  deg=52.935  total=78.200  ELYstarts=8930
  [236/385] Ult fixed 0.95 d12       seed=2068   LPSP=3.0417%  deg=52.972  total=77.918  ELYstarts=8937
  [237/385] Ult fixed 0.95 d12       seed=2069   LPSP=3.0941%  deg=52.933  total=78.309  ELYstarts=8949
  [238/385] Ult fixed 0.95 d12       seed=2070   LPSP=3.0497%  deg=52.961  total=77.973  ELYstarts=8950
  [239/385] Ult fixed 0.95 d12       seed=2071   LPSP=3.0623%  deg=52.935  total=78.050  ELYstarts=8937
  [240/385] Ult fixed 0.95 d12       seed=2072   LPSP=3.0840%  deg=52.976  total=78.269  ELYstarts=8968
  [241/385] Ult fixed 0.95 d12       seed=2073   LPSP=3.0628%  deg=52.946  total=78.065  ELYstarts=8946
  [242/385] Ult fixed 0.95 d12       seed=2074   LPSP=3.0772%  deg=52.939  total=78.176  ELYstarts=8956
  [243/385] Ult fixed 0.95 d12       seed=2075   LPSP=3.0564%  deg=52.933  total=78.000  ELYstarts=8929
  [244/385] Ult fixed 0.95 d12       seed=2076   LPSP=3.1157%  deg=52.918  total=78.472  ELYstarts=8955
  [245/385] Ult fixed 0.95 d12       seed=2077   LPSP=3.0857%  deg=52.937  total=78.243  ELYstarts=8931
  [246/385] Ult fixed 0.95 d12       seed=2078   LPSP=3.0476%  deg=52.957  total=77.951  ELYstarts=8937
  [247/385] Ult fixed 0.95 d12       seed=2079   LPSP=3.0486%  deg=52.976  total=77.979  ELYstarts=8944
  [248/385] Ult fixed 0.95 d12       seed=2080   LPSP=3.0639%  deg=52.954  total=78.083  ELYstarts=8933
  [249/385] Ult fixed 0.95 d12       seed=2081   LPSP=3.0814%  deg=52.943  total=78.215  ELYstarts=8942
  [250/385] Ult fixed 0.95 d12       seed=2082   LPSP=3.0831%  deg=52.963  total=78.249  ELYstarts=8972
  [251/385] Ult fixed 0.95 d12       seed=2083   LPSP=3.0632%  deg=52.961  total=78.083  ELYstarts=8969
  [252/385] Ult fixed 0.95 d12       seed=2084   LPSP=3.0613%  deg=52.934  total=78.041  ELYstarts=8943
  [253/385] Ult fixed 0.95 d12       seed=2085   LPSP=3.0589%  deg=52.965  total=78.052  ELYstarts=8930
  [254/385] Ult fixed 0.95 d12       seed=2086   LPSP=3.0498%  deg=52.987  total=78.000  ELYstarts=8964
  [255/385] Ult fixed 0.95 d12       seed=2087   LPSP=3.1058%  deg=52.945  total=78.417  ELYstarts=8946
  [256/385] Ult fixed 0.95 d12       seed=2088   LPSP=3.0833%  deg=52.922  total=78.210  ELYstarts=8953
  [257/385] Ult fixed 0.95 d12       seed=2089   LPSP=3.0677%  deg=52.938  total=78.097  ELYstarts=8952
  [258/385] Ult fixed 0.90 d12       seed=2026   LPSP=2.9269%  deg=53.134  total=77.139  ELYstarts=8980
  [259/385] Ult fixed 0.90 d12       seed=2027   LPSP=2.9247%  deg=53.126  total=77.112  ELYstarts=8969
  [260/385] Ult fixed 0.90 d12       seed=2028   LPSP=2.9155%  deg=53.143  total=77.054  ELYstarts=8986
  [261/385] Ult fixed 0.90 d12       seed=2029   LPSP=2.8908%  deg=53.179  total=76.887  ELYstarts=8971
  [262/385] Ult fixed 0.90 d12       seed=2030   LPSP=2.9167%  deg=53.123  total=77.043  ELYstarts=8994
  [263/385] Ult fixed 0.90 d12       seed=2031   LPSP=2.9028%  deg=53.148  total=76.956  ELYstarts=8987
  [264/385] Ult fixed 0.90 d12       seed=2032   LPSP=2.9124%  deg=53.152  total=77.038  ELYstarts=8980
  [265/385] Ult fixed 0.90 d12       seed=2033   LPSP=2.9257%  deg=53.114  total=77.109  ELYstarts=8964
  [266/385] Ult fixed 0.90 d12       seed=2034   LPSP=2.9388%  deg=53.146  total=77.249  ELYstarts=8979
  [267/385] Ult fixed 0.90 d12       seed=2035   LPSP=2.9272%  deg=53.134  total=77.141  ELYstarts=8983
  [268/385] Ult fixed 0.90 d12       seed=2036   LPSP=2.9196%  deg=53.132  total=77.077  ELYstarts=8975
  [269/385] Ult fixed 0.90 d12       seed=2037   LPSP=2.9224%  deg=53.131  total=77.100  ELYstarts=8997
  [270/385] Ult fixed 0.90 d12       seed=2038   LPSP=2.9362%  deg=53.119  total=77.200  ELYstarts=8996
  [271/385] Ult fixed 0.90 d12       seed=2039   LPSP=2.9272%  deg=53.126  total=77.133  ELYstarts=8985
  [272/385] Ult fixed 0.90 d12       seed=2040   LPSP=2.8980%  deg=53.147  total=76.915  ELYstarts=8958
  [273/385] Ult fixed 0.90 d12       seed=2041   LPSP=2.9442%  deg=53.106  total=77.252  ELYstarts=8982
  [274/385] Ult fixed 0.90 d12       seed=2042   LPSP=2.9206%  deg=53.134  total=77.087  ELYstarts=8995
  [275/385] Ult fixed 0.90 d12       seed=2043   LPSP=2.9163%  deg=53.131  total=77.049  ELYstarts=8987
  [276/385] Ult fixed 0.90 d12       seed=2044   LPSP=2.9321%  deg=53.151  total=77.198  ELYstarts=8983
  [277/385] Ult fixed 0.90 d12       seed=2045   LPSP=2.9279%  deg=53.133  total=77.146  ELYstarts=8976
  [278/385] Ult fixed 0.90 d12       seed=2046   LPSP=2.9304%  deg=53.117  total=77.150  ELYstarts=8975
  [279/385] Ult fixed 0.90 d12       seed=2047   LPSP=2.9276%  deg=53.110  total=77.121  ELYstarts=8993
  [280/385] Ult fixed 0.90 d12       seed=2048   LPSP=2.9116%  deg=53.154  total=77.033  ELYstarts=8987
  [281/385] Ult fixed 0.90 d12       seed=2049   LPSP=2.9105%  deg=53.156  total=77.026  ELYstarts=8970
  [282/385] Ult fixed 0.90 d12       seed=2050   LPSP=2.9236%  deg=53.135  total=77.112  ELYstarts=8998
  [283/385] Ult fixed 0.90 d12       seed=2051   LPSP=2.9314%  deg=53.141  total=77.183  ELYstarts=8989
  [284/385] Ult fixed 0.90 d12       seed=2052   LPSP=2.9207%  deg=53.147  total=77.101  ELYstarts=8985
  [285/385] Ult fixed 0.90 d12       seed=2053   LPSP=2.9235%  deg=53.164  total=77.141  ELYstarts=9001
  [286/385] Ult fixed 0.90 d12       seed=2054   LPSP=2.8954%  deg=53.145  total=76.891  ELYstarts=8960
  [287/385] Ult fixed 0.90 d12       seed=2055   LPSP=2.9176%  deg=53.143  total=77.072  ELYstarts=9000
  [288/385] Ult fixed 0.90 d12       seed=2056   LPSP=2.8994%  deg=53.156  total=76.936  ELYstarts=8979
  [289/385] Ult fixed 0.90 d12       seed=2057   LPSP=2.9283%  deg=53.141  total=77.157  ELYstarts=8974
  [290/385] Ult fixed 0.90 d12       seed=2058   LPSP=2.9267%  deg=53.144  total=77.147  ELYstarts=8987
  [291/385] Ult fixed 0.90 d12       seed=2059   LPSP=2.9322%  deg=53.137  total=77.185  ELYstarts=8989
  [292/385] Ult fixed 0.90 d12       seed=2060   LPSP=2.9069%  deg=53.147  total=76.988  ELYstarts=8984
  [293/385] Ult fixed 0.90 d12       seed=2061   LPSP=2.9428%  deg=53.109  total=77.244  ELYstarts=8996
  [294/385] Ult fixed 0.90 d12       seed=2062   LPSP=2.9328%  deg=53.131  total=77.184  ELYstarts=8999
  [295/385] Ult fixed 0.90 d12       seed=2063   LPSP=2.9044%  deg=53.127  total=76.947  ELYstarts=8964
  [296/385] Ult fixed 0.90 d12       seed=2064   LPSP=2.9081%  deg=53.127  total=76.977  ELYstarts=8966
  [297/385] Ult fixed 0.90 d12       seed=2065   LPSP=2.9278%  deg=53.133  total=77.146  ELYstarts=8994
  [298/385] Ult fixed 0.90 d12       seed=2066   LPSP=2.9315%  deg=53.133  total=77.176  ELYstarts=8994
  [299/385] Ult fixed 0.90 d12       seed=2067   LPSP=2.9217%  deg=53.142  total=77.104  ELYstarts=8989
  [300/385] Ult fixed 0.90 d12       seed=2068   LPSP=2.9270%  deg=53.131  total=77.137  ELYstarts=9004
  [301/385] Ult fixed 0.90 d12       seed=2069   LPSP=2.9363%  deg=53.120  total=77.202  ELYstarts=8966
  [302/385] Ult fixed 0.90 d12       seed=2070   LPSP=2.9033%  deg=53.162  total=76.973  ELYstarts=8983
  [303/385] Ult fixed 0.90 d12       seed=2071   LPSP=2.9161%  deg=53.173  total=77.089  ELYstarts=8993
  [304/385] Ult fixed 0.90 d12       seed=2072   LPSP=2.9229%  deg=53.117  total=77.089  ELYstarts=8967
  [305/385] Ult fixed 0.90 d12       seed=2073   LPSP=2.9331%  deg=53.156  total=77.212  ELYstarts=9004
  [306/385] Ult fixed 0.90 d12       seed=2074   LPSP=2.9394%  deg=53.135  total=77.243  ELYstarts=9004
  [307/385] Ult fixed 0.90 d12       seed=2075   LPSP=2.9236%  deg=53.120  total=77.098  ELYstarts=8962
  [308/385] Ult fixed 0.90 d12       seed=2076   LPSP=2.9269%  deg=53.119  total=77.123  ELYstarts=8987
  [309/385] Ult fixed 0.90 d12       seed=2077   LPSP=2.9107%  deg=53.144  total=77.016  ELYstarts=8991
  [310/385] Ult fixed 0.90 d12       seed=2078   LPSP=2.9045%  deg=53.141  total=76.962  ELYstarts=8989
  [311/385] Ult fixed 0.90 d12       seed=2079   LPSP=2.9186%  deg=53.153  total=77.089  ELYstarts=9005
  [312/385] Ult fixed 0.90 d12       seed=2080   LPSP=2.9488%  deg=53.128  total=77.312  ELYstarts=9017
  [313/385] Ult fixed 0.90 d12       seed=2081   LPSP=2.9144%  deg=53.146  total=77.048  ELYstarts=8999
  [314/385] Ult fixed 0.90 d12       seed=2082   LPSP=2.9466%  deg=53.091  total=77.257  ELYstarts=8990
  [315/385] Ult fixed 0.90 d12       seed=2083   LPSP=2.9098%  deg=53.162  total=77.026  ELYstarts=8996
  [316/385] Ult fixed 0.90 d12       seed=2084   LPSP=2.9215%  deg=53.122  total=77.083  ELYstarts=8973
  [317/385] Ult fixed 0.90 d12       seed=2085   LPSP=2.9054%  deg=53.145  total=76.973  ELYstarts=8971
  [318/385] Ult fixed 0.90 d12       seed=2086   LPSP=2.9210%  deg=53.129  total=77.085  ELYstarts=8988
  [319/385] Ult fixed 0.90 d12       seed=2087   LPSP=2.9374%  deg=53.120  total=77.211  ELYstarts=9002
  [320/385] Ult fixed 0.90 d12       seed=2088   LPSP=2.9307%  deg=53.160  total=77.196  ELYstarts=8997
  [321/385] Ult fixed 0.90 d12       seed=2089   LPSP=2.9359%  deg=53.154  total=77.233  ELYstarts=9008
  [322/385] Ult fixed 0.90 d0        seed=2026   LPSP=2.9240%  deg=53.225  total=77.206  ELYstarts=9127
  [323/385] Ult fixed 0.90 d0        seed=2027   LPSP=2.9353%  deg=53.203  total=77.276  ELYstarts=9110
  [324/385] Ult fixed 0.90 d0        seed=2028   LPSP=2.9177%  deg=53.218  total=77.147  ELYstarts=9129
  [325/385] Ult fixed 0.90 d0        seed=2029   LPSP=2.9230%  deg=53.213  total=77.185  ELYstarts=9115
  [326/385] Ult fixed 0.90 d0        seed=2030   LPSP=2.9200%  deg=53.171  total=77.119  ELYstarts=9083
  [327/385] Ult fixed 0.90 d0        seed=2031   LPSP=2.9215%  deg=53.239  total=77.200  ELYstarts=9135
  [328/385] Ult fixed 0.90 d0        seed=2032   LPSP=2.9356%  deg=53.196  total=77.272  ELYstarts=9129
  [329/385] Ult fixed 0.90 d0        seed=2033   LPSP=2.9133%  deg=53.209  total=77.103  ELYstarts=9089
  [330/385] Ult fixed 0.90 d0        seed=2034   LPSP=2.9022%  deg=53.249  total=77.051  ELYstarts=9122
  [331/385] Ult fixed 0.90 d0        seed=2035   LPSP=2.9135%  deg=53.203  total=77.097  ELYstarts=9114
  [332/385] Ult fixed 0.90 d0        seed=2036   LPSP=2.9444%  deg=53.176  total=77.324  ELYstarts=9118
  [333/385] Ult fixed 0.90 d0        seed=2037   LPSP=2.9139%  deg=53.201  total=77.099  ELYstarts=9082
  [334/385] Ult fixed 0.90 d0        seed=2038   LPSP=2.9395%  deg=53.203  total=77.312  ELYstarts=9126
  [335/385] Ult fixed 0.90 d0        seed=2039   LPSP=2.8941%  deg=53.232  total=76.968  ELYstarts=9098
  [336/385] Ult fixed 0.90 d0        seed=2040   LPSP=2.9132%  deg=53.205  total=77.098  ELYstarts=9112
  [337/385] Ult fixed 0.90 d0        seed=2041   LPSP=2.9329%  deg=53.197  total=77.251  ELYstarts=9111
  [338/385] Ult fixed 0.90 d0        seed=2042   LPSP=2.9116%  deg=53.216  total=77.095  ELYstarts=9090
  [339/385] Ult fixed 0.90 d0        seed=2043   LPSP=2.9130%  deg=53.229  total=77.119  ELYstarts=9142
  [340/385] Ult fixed 0.90 d0        seed=2044   LPSP=2.9433%  deg=53.190  total=77.329  ELYstarts=9144
  [341/385] Ult fixed 0.90 d0        seed=2045   LPSP=2.9243%  deg=53.215  total=77.199  ELYstarts=9131
  [342/385] Ult fixed 0.90 d0        seed=2046   LPSP=2.9448%  deg=53.209  total=77.360  ELYstarts=9128
  [343/385] Ult fixed 0.90 d0        seed=2047   LPSP=2.9481%  deg=53.209  total=77.387  ELYstarts=9141
  [344/385] Ult fixed 0.90 d0        seed=2048   LPSP=2.9136%  deg=53.211  total=77.107  ELYstarts=9116
  [345/385] Ult fixed 0.90 d0        seed=2049   LPSP=2.9385%  deg=53.191  total=77.290  ELYstarts=9116
  [346/385] Ult fixed 0.90 d0        seed=2050   LPSP=2.9392%  deg=53.212  total=77.318  ELYstarts=9144
  [347/385] Ult fixed 0.90 d0        seed=2051   LPSP=2.9014%  deg=53.234  total=77.029  ELYstarts=9111
  [348/385] Ult fixed 0.90 d0        seed=2052   LPSP=2.9080%  deg=53.232  total=77.082  ELYstarts=9112
  [349/385] Ult fixed 0.90 d0        seed=2053   LPSP=2.9244%  deg=53.217  total=77.201  ELYstarts=9106
  [350/385] Ult fixed 0.90 d0        seed=2054   LPSP=2.9229%  deg=53.191  total=77.162  ELYstarts=9097
  [351/385] Ult fixed 0.90 d0        seed=2055   LPSP=2.9099%  deg=53.226  total=77.091  ELYstarts=9116
  [352/385] Ult fixed 0.90 d0        seed=2056   LPSP=2.9135%  deg=53.222  total=77.117  ELYstarts=9133
  [353/385] Ult fixed 0.90 d0        seed=2057   LPSP=2.9318%  deg=53.182  total=77.227  ELYstarts=9091
  [354/385] Ult fixed 0.90 d0        seed=2058   LPSP=2.9074%  deg=53.224  total=77.069  ELYstarts=9122
  [355/385] Ult fixed 0.90 d0        seed=2059   LPSP=2.9200%  deg=53.205  total=77.154  ELYstarts=9113
  [356/385] Ult fixed 0.90 d0        seed=2060   LPSP=2.9151%  deg=53.188  total=77.096  ELYstarts=9103
  [357/385] Ult fixed 0.90 d0        seed=2061   LPSP=2.9047%  deg=53.237  total=77.060  ELYstarts=9114
  [358/385] Ult fixed 0.90 d0        seed=2062   LPSP=2.9361%  deg=53.194  total=77.274  ELYstarts=9124
  [359/385] Ult fixed 0.90 d0        seed=2063   LPSP=2.9250%  deg=53.214  total=77.203  ELYstarts=9128
  [360/385] Ult fixed 0.90 d0        seed=2064   LPSP=2.9332%  deg=53.200  total=77.257  ELYstarts=9126
  [361/385] Ult fixed 0.90 d0        seed=2065   LPSP=2.9254%  deg=53.199  total=77.192  ELYstarts=9113
  [362/385] Ult fixed 0.90 d0        seed=2066   LPSP=2.9343%  deg=53.211  total=77.277  ELYstarts=9150
  [363/385] Ult fixed 0.90 d0        seed=2067   LPSP=2.9267%  deg=53.224  total=77.227  ELYstarts=9131
  [364/385] Ult fixed 0.90 d0        seed=2068   LPSP=2.9294%  deg=53.207  total=77.233  ELYstarts=9115
  [365/385] Ult fixed 0.90 d0        seed=2069   LPSP=2.9392%  deg=53.200  total=77.306  ELYstarts=9113
  [366/385] Ult fixed 0.90 d0        seed=2070   LPSP=2.9130%  deg=53.249  total=77.139  ELYstarts=9125
  [367/385] Ult fixed 0.90 d0        seed=2071   LPSP=2.9169%  deg=53.205  total=77.128  ELYstarts=9116
  [368/385] Ult fixed 0.90 d0        seed=2072   LPSP=2.9454%  deg=53.230  total=77.387  ELYstarts=9149
  [369/385] Ult fixed 0.90 d0        seed=2073   LPSP=2.9355%  deg=53.201  total=77.277  ELYstarts=9109
  [370/385] Ult fixed 0.90 d0        seed=2074   LPSP=2.9342%  deg=53.210  total=77.274  ELYstarts=9121
  [371/385] Ult fixed 0.90 d0        seed=2075   LPSP=2.9027%  deg=53.232  total=77.039  ELYstarts=9086
  [372/385] Ult fixed 0.90 d0        seed=2076   LPSP=2.9183%  deg=53.235  total=77.169  ELYstarts=9129
  [373/385] Ult fixed 0.90 d0        seed=2077   LPSP=2.9252%  deg=53.187  total=77.177  ELYstarts=9103
  [374/385] Ult fixed 0.90 d0        seed=2078   LPSP=2.9225%  deg=53.220  total=77.189  ELYstarts=9130
  [375/385] Ult fixed 0.90 d0        seed=2079   LPSP=2.9135%  deg=53.208  total=77.102  ELYstarts=9114
  [376/385] Ult fixed 0.90 d0        seed=2080   LPSP=2.9126%  deg=53.213  total=77.101  ELYstarts=9109
  [377/385] Ult fixed 0.90 d0        seed=2081   LPSP=2.9292%  deg=53.211  total=77.234  ELYstarts=9102
  [378/385] Ult fixed 0.90 d0        seed=2082   LPSP=2.9182%  deg=53.219  total=77.152  ELYstarts=9123
  [379/385] Ult fixed 0.90 d0        seed=2083   LPSP=2.9233%  deg=53.202  total=77.177  ELYstarts=9111
  [380/385] Ult fixed 0.90 d0        seed=2084   LPSP=2.9128%  deg=53.232  total=77.121  ELYstarts=9118
  [381/385] Ult fixed 0.90 d0        seed=2085   LPSP=2.9225%  deg=53.228  total=77.197  ELYstarts=9132
  [382/385] Ult fixed 0.90 d0        seed=2086   LPSP=2.9134%  deg=53.204  total=77.098  ELYstarts=9103
  [383/385] Ult fixed 0.90 d0        seed=2087   LPSP=2.9346%  deg=53.194  total=77.262  ELYstarts=9117
  [384/385] Ult fixed 0.90 d0        seed=2088   LPSP=2.9289%  deg=53.193  total=77.214  ELYstarts=9117
  [385/385] Ult fixed 0.90 d0        seed=2089   LPSP=2.9046%  deg=53.243  total=77.065  ELYstarts=9123
[bench_ultime] termine en 947 s
# bench_ultime (sweep_ultime_target) : 25 ans ; VoLL=3.0 ; N=64 graines ; CRN ; base=Unifiee (test nul)
label ; N ; LPSP(%) ; sLPSP ; deg(kEUR) ; sdeg ; total(kEUR) ; stotal ; dtotal_vs_base(kEUR) ; ELY_starts
Unifiee (test nul) ; 1 ; 3.1051 ; 0.0000 ; 52.870 ; 0.000 ; 78.336 ; 0.000 ; +0.000 ; 9190
Ult ceiling d12 ; 64 ; 2.9436 ; 0.0123 ; 53.093 ; 0.015 ; 77.235 ; 0.097 ; -1.101 ; 8996
Ult ceiling d0 ; 64 ; 2.9289 ; 0.0130 ; 53.201 ; 0.018 ; 77.223 ; 0.103 ; -1.113 ; 9129
Ult fixed 0.99 d12 ; 64 ; 3.3418 ; 0.0243 ; 52.600 ; 0.023 ; 80.008 ; 0.190 ; +1.672 ; 8866
Ult fixed 0.95 d12 ; 64 ; 3.0759 ; 0.0175 ; 52.945 ; 0.021 ; 78.171 ; 0.135 ; -0.164 ; 8947
Ult fixed 0.90 d12 ; 64 ; 2.9221 ; 0.0128 ; 53.137 ; 0.017 ; 77.103 ; 0.097 ; -1.233 ; 8986
Ult fixed 0.90 d0 ; 64 ; 2.9228 ; 0.0124 ; 53.212 ; 0.017 ; 77.182 ; 0.094 ; -1.153 ; 9117

[bench_ultime] -> /Work/Users/tlenoir/genial/Robustesse/Fable_pred/sweep_ultime_target.txt
[bench_ultime] -> /Work/Users/tlenoir/genial/Robustesse/Fable_pred/sweep_ultime_target_cloud.csv

real	15m46.973s
user	474m16.489s
sys	0m28.019s
fin=Thu Jul  2 14:55:30 CEST 2026
