[eps=50.0] LPSP=0.1183% deg=1.776 kEUR
[eps=3.0] LPSP=0.1262% deg=1.766 kEUR
[eps=0.05] LPSP=10.4399% deg=1.497 kEUR
[eps=10.0] LPSP=0.1217% deg=1.771 kEUR
[eps=0.12] LPSP=2.2749% deg=1.673 kEUR
[eps=0.75] LPSP=0.2073% deg=1.750 kEUR
[eps=0.25] LPSP=0.5426% deg=1.723 kEUR
[eps=0.2] LPSP=0.7123% deg=1.717 kEUR
[eps=0.35] LPSP=0.3792% deg=1.733 kEUR
[eps=6.0] LPSP=0.1191% deg=1.771 kEUR
[eps=4.0] LPSP=0.1227% deg=1.770 kEUR
[eps=0.5] LPSP=0.3148% deg=1.738 kEUR
[eps=1.5] LPSP=0.1465% deg=1.761 kEUR
[eps=0.15] LPSP=1.2480% deg=1.702 kEUR
[eps=2.0] LPSP=0.1343% deg=1.762 kEUR
[eps=0.3] LPSP=0.4400% deg=1.728 kEUR
[eps=20.0] LPSP=0.1202% deg=1.775 kEUR
[eps=1.0] LPSP=0.1626% deg=1.755 kEUR
[eps=0.1] LPSP=3.7000% deg=1.632 kEUR
OK -> /Work/Users/tlenoir/genial/Robustesse/Vieillissement11/DP/results/mpc_reference_1y_1b54f384caa8/dp_reference_1y_51x51_v2.npz

real	10m52.924s
user	176m8.466s
sys	0m27.763s
