Job 213374  noeud=node4-10  N=100  n_years=25  extra=--omni
cpus-per-task=32  debut=Wed Jul  8 17:32:01 CEST 2026
numpy 1.21.5 scipy 1.9.1
linprog HiGHS OK
[bench_mpc] 504 runs (25 ans), 32 workers ...
  [  1/504] RB2 socle                seed=2026   LPSP=2.5921%  deg=58.843  total=80.102  ELYstarts=9199  (72s)
  [  2/504] RB2(SoH_all) (test nul)  seed=2026   LPSP=3.1051%  deg=52.870  total=78.336  ELYstarts=9190  (71s)
  [  3/504] RB2(SoH_all+Pred)        seed=2026   LPSP=2.9725%  deg=53.078  total=77.456  ELYstarts=9016  (75s)
  [  4/504] RB2(SoH_all+Pred)        seed=2027   LPSP=2.9281%  deg=53.095  total=77.109  ELYstarts=8992  (75s)
  [  5/504] RB2(SoH_all+Pred)        seed=2028   LPSP=2.9319%  deg=53.083  total=77.129  ELYstarts=8978  (75s)
  [  6/504] RB2(SoH_all+Pred)        seed=2029   LPSP=2.9358%  deg=53.134  total=77.212  ELYstarts=8999  (75s)
  [  7/504] RB2(SoH_all+Pred)        seed=2030   LPSP=2.9435%  deg=53.085  total=77.226  ELYstarts=9017  (75s)
  [  8/504] RB2(SoH_all+Pred)        seed=2031   LPSP=2.9255%  deg=53.095  total=77.088  ELYstarts=8985  (75s)
  [  9/504] RB2(SoH_all+Pred)        seed=2032   LPSP=2.9356%  deg=53.084  total=77.160  ELYstarts=8967  (75s)
  [ 10/504] RB2(SoH_all+Pred)        seed=2033   LPSP=2.9439%  deg=53.099  total=77.243  ELYstarts=8992  (75s)
  [ 11/504] RB2(SoH_all+Pred)        seed=2034   LPSP=2.9344%  deg=53.105  total=77.171  ELYstarts=9010  (76s)
  [ 12/504] RB2(SoH_all+Pred)        seed=2035   LPSP=2.9439%  deg=53.077  total=77.221  ELYstarts=8984  (76s)
  [ 13/504] RB2(SoH_all+Pred)        seed=2036   LPSP=2.9445%  deg=53.107  total=77.257  ELYstarts=8993  (76s)
  [ 14/504] RB2(SoH_all+Pred)        seed=2037   LPSP=2.9581%  deg=53.093  total=77.354  ELYstarts=9006  (76s)
  [ 15/504] RB2(SoH_all+Pred)        seed=2038   LPSP=2.9318%  deg=53.076  total=77.121  ELYstarts=8988  (76s)
  [ 16/504] RB2(SoH_all+Pred)        seed=2039   LPSP=2.9620%  deg=53.089  total=77.382  ELYstarts=9011  (76s)
  [ 17/504] RB2(SoH_all+Pred)        seed=2040   LPSP=2.9629%  deg=53.088  total=77.388  ELYstarts=9019  (76s)
  [ 18/504] RB2(SoH_all+Pred)        seed=2041   LPSP=2.9471%  deg=53.101  total=77.271  ELYstarts=8993  (76s)
  [ 19/504] RB2(SoH_all+Pred)        seed=2042   LPSP=2.9596%  deg=53.077  total=77.350  ELYstarts=9023  (76s)
  [ 20/504] RB2(SoH_all+Pred)        seed=2043   LPSP=2.9258%  deg=53.090  total=77.086  ELYstarts=8977  (76s)
  [ 21/504] RB2(SoH_all+Pred)        seed=2044   LPSP=2.9678%  deg=53.089  total=77.429  ELYstarts=9016  (76s)
  [ 22/504] RB2(SoH_all+Pred)        seed=2045   LPSP=2.9391%  deg=53.077  total=77.182  ELYstarts=8979  (76s)
  [ 23/504] RB2(SoH_all+Pred)        seed=2046   LPSP=2.9365%  deg=53.084  total=77.168  ELYstarts=8973  (77s)
  [ 24/504] RB2(SoH_all+Pred)        seed=2047   LPSP=2.9509%  deg=53.088  total=77.290  ELYstarts=8996  (76s)
  [ 25/504] RB2(SoH_all+Pred)        seed=2048   LPSP=2.9436%  deg=53.111  total=77.252  ELYstarts=9012  (76s)
  [ 26/504] RB2(SoH_all+Pred)        seed=2049   LPSP=2.9376%  deg=53.085  total=77.177  ELYstarts=8979  (76s)
  [ 27/504] RB2(SoH_all+Pred)        seed=2050   LPSP=2.9239%  deg=53.120  total=77.101  ELYstarts=8992  (75s)
  [ 28/504] RB2(SoH_all+Pred)        seed=2051   LPSP=2.9532%  deg=53.112  total=77.333  ELYstarts=8992  (81s)
  [ 29/504] RB2(SoH_all+Pred)        seed=2052   LPSP=2.9354%  deg=53.072  total=77.146  ELYstarts=8971  (76s)
  [ 30/504] RB2(SoH_all+Pred)        seed=2053   LPSP=2.9466%  deg=53.068  total=77.235  ELYstarts=8981  (76s)
  [ 31/504] RB2(SoH_all+Pred)        seed=2054   LPSP=2.9502%  deg=53.097  total=77.293  ELYstarts=9010  (75s)
  [ 32/504] RB2(SoH_all+Pred)        seed=2055   LPSP=2.9440%  deg=53.055  total=77.200  ELYstarts=8969  (75s)
  [ 33/504] RB2(SoH_all+Pred)        seed=2056   LPSP=2.9395%  deg=53.105  total=77.213  ELYstarts=9005  (76s)
  [ 34/504] RB2(SoH_all+Pred)        seed=2057   LPSP=2.9447%  deg=53.109  total=77.260  ELYstarts=8990  (83s)
  [ 35/504] RB2(SoH_all+Pred)        seed=2058   LPSP=2.9228%  deg=53.134  total=77.105  ELYstarts=9008  (76s)
  [ 36/504] RB2(SoH_all+Pred)        seed=2059   LPSP=2.9530%  deg=53.108  total=77.327  ELYstarts=8999  (77s)
  [ 37/504] RB2(SoH_all+Pred)        seed=2060   LPSP=2.9454%  deg=53.078  total=77.235  ELYstarts=9005  (76s)
  [ 38/504] RB2(SoH_all+Pred)        seed=2061   LPSP=2.9323%  deg=53.118  total=77.167  ELYstarts=9000  (77s)
  [ 39/504] RB2(SoH_all+Pred)        seed=2062   LPSP=2.9186%  deg=53.098  total=77.035  ELYstarts=8982  (77s)
  [ 40/504] RB2(SoH_all+Pred)        seed=2063   LPSP=2.9300%  deg=53.101  total=77.131  ELYstarts=8993  (76s)
  [ 41/504] RB2(SoH_all+Pred)        seed=2064   LPSP=2.9437%  deg=53.090  total=77.232  ELYstarts=8987  (77s)
  [ 42/504] RB2(SoH_all+Pred)        seed=2065   LPSP=2.9310%  deg=53.090  total=77.128  ELYstarts=8963  (77s)
  [ 43/504] RB2(SoH_all+Pred)        seed=2066   LPSP=2.9566%  deg=53.096  total=77.344  ELYstarts=9014  (78s)
  [ 44/504] RB2(SoH_all+Pred)        seed=2067   LPSP=2.9546%  deg=53.078  total=77.310  ELYstarts=9023  (77s)
  [ 45/504] RB2(SoH_all+Pred)        seed=2068   LPSP=2.9495%  deg=53.092  total=77.282  ELYstarts=9001  (77s)
  [ 46/504] RB2(SoH_all+Pred)        seed=2069   LPSP=2.9394%  deg=53.077  total=77.184  ELYstarts=8963  (76s)
  [ 47/504] RB2(SoH_all+Pred)        seed=2070   LPSP=2.9452%  deg=53.096  total=77.251  ELYstarts=9027  (77s)
  [ 48/504] RB2(SoH_all+Pred)        seed=2071   LPSP=2.9477%  deg=53.104  total=77.279  ELYstarts=8969  (77s)
  [ 49/504] RB2(SoH_all+Pred)        seed=2072   LPSP=2.9480%  deg=53.096  total=77.273  ELYstarts=8996  (77s)
  [ 50/504] RB2(SoH_all+Pred)        seed=2073   LPSP=2.9555%  deg=53.076  total=77.316  ELYstarts=9002  (77s)
  [ 51/504] RB2(SoH_all+Pred)        seed=2074   LPSP=2.9544%  deg=53.093  total=77.323  ELYstarts=9006  (77s)
  [ 52/504] RB2(SoH_all+Pred)        seed=2075   LPSP=2.9428%  deg=53.092  total=77.227  ELYstarts=8991  (77s)
  [ 53/504] RB2(SoH_all+Pred)        seed=2076   LPSP=2.9441%  deg=53.097  total=77.243  ELYstarts=9026  (77s)
  [ 54/504] RB2(SoH_all+Pred)        seed=2077   LPSP=2.9649%  deg=53.050  total=77.367  ELYstarts=9006  (77s)
  [ 55/504] RB2(SoH_all+Pred)        seed=2078   LPSP=2.9354%  deg=53.112  total=77.186  ELYstarts=9012  (77s)
  [ 56/504] RB2(SoH_all+Pred)        seed=2079   LPSP=2.9323%  deg=53.102  total=77.151  ELYstarts=8989  (78s)
  [ 57/504] RB2(SoH_all+Pred)        seed=2080   LPSP=2.9554%  deg=53.088  total=77.326  ELYstarts=8996  (78s)
  [ 58/504] RB2(SoH_all+Pred)        seed=2081   LPSP=2.9353%  deg=53.110  total=77.183  ELYstarts=8990  (77s)
  [ 59/504] RB2(SoH_all+Pred)        seed=2082   LPSP=2.9638%  deg=53.096  total=77.404  ELYstarts=8995  (77s)
  [ 60/504] RB2(SoH_all+Pred)        seed=2083   LPSP=2.9310%  deg=53.087  total=77.125  ELYstarts=8975  (78s)
  [ 61/504] RB2(SoH_all+Pred)        seed=2084   LPSP=2.9502%  deg=53.092  total=77.288  ELYstarts=9001  (77s)
  [ 62/504] RB2(SoH_all+Pred)        seed=2085   LPSP=2.9215%  deg=53.095  total=77.055  ELYstarts=8992  (79s)
  [ 63/504] RB2(SoH_all+Pred)        seed=2086   LPSP=2.9333%  deg=53.107  total=77.164  ELYstarts=9002  (77s)
  [ 64/504] RB2(SoH_all+Pred)        seed=2087   LPSP=2.9469%  deg=53.099  total=77.268  ELYstarts=9015  (76s)
  [ 65/504] RB2(SoH_all+Pred)        seed=2088   LPSP=2.9406%  deg=53.084  total=77.201  ELYstarts=8978  (75s)
  [ 66/504] RB2(SoH_all+Pred)        seed=2089   LPSP=2.9671%  deg=53.081  total=77.416  ELYstarts=9020  (76s)
  [ 67/504] RB2(SoH_all+Pred)        seed=2090   LPSP=2.9274%  deg=53.103  total=77.112  ELYstarts=9009  (76s)
  [ 68/504] RB2(SoH_all+Pred)        seed=2091   LPSP=2.9307%  deg=53.108  total=77.144  ELYstarts=8971  (77s)
  [ 69/504] RB2(SoH_all+Pred)        seed=2092   LPSP=2.9626%  deg=53.089  total=77.387  ELYstarts=9020  (77s)
  [ 70/504] RB2(SoH_all+Pred)        seed=2093   LPSP=2.9585%  deg=53.109  total=77.373  ELYstarts=9011  (76s)
  [ 71/504] RB2(SoH_all+Pred)        seed=2094   LPSP=2.9216%  deg=53.106  total=77.067  ELYstarts=9013  (77s)
  [ 72/504] RB2(SoH_all+Pred)        seed=2095   LPSP=2.9352%  deg=53.090  total=77.163  ELYstarts=8975  (77s)
  [ 73/504] RB2(SoH_all+Pred)        seed=2096   LPSP=2.9663%  deg=53.095  total=77.423  ELYstarts=9003  (77s)
  [ 74/504] RB2(SoH_all+Pred)        seed=2097   LPSP=2.9565%  deg=53.088  total=77.336  ELYstarts=8983  (77s)
  [ 75/504] RB2(SoH_all+Pred)        seed=2098   LPSP=2.9240%  deg=53.094  total=77.075  ELYstarts=8948  (77s)
  [ 76/504] RB2(SoH_all+Pred)        seed=2099   LPSP=2.9445%  deg=53.094  total=77.243  ELYstarts=9003  (77s)
  [ 77/504] RB2(SoH_all+Pred)        seed=2100   LPSP=2.9406%  deg=53.112  total=77.229  ELYstarts=9013  (77s)
  [ 78/504] RB2(SoH_all+Pred)        seed=2101   LPSP=2.9460%  deg=53.085  total=77.247  ELYstarts=9013  (77s)
  [ 79/504] RB2(SoH_all+Pred)        seed=2102   LPSP=2.9514%  deg=53.084  total=77.290  ELYstarts=8988  (77s)
  [ 80/504] RB2(SoH_all+Pred)        seed=2103   LPSP=2.9443%  deg=53.103  total=77.251  ELYstarts=8982  (77s)
  [ 81/504] RB2(SoH_all+Pred)        seed=2104   LPSP=2.9539%  deg=53.073  total=77.299  ELYstarts=9012  (77s)
  [ 82/504] RB2(SoH_all+Pred)        seed=2105   LPSP=2.9313%  deg=53.099  total=77.140  ELYstarts=8986  (78s)
  [ 83/504] RB2(SoH_all+Pred)        seed=2106   LPSP=2.9432%  deg=53.117  total=77.255  ELYstarts=9033  (77s)
  [ 84/504] RB2(SoH_all+Pred)        seed=2107   LPSP=2.9379%  deg=53.070  total=77.165  ELYstarts=8937  (77s)
  [ 85/504] RB2(SoH_all+Pred)        seed=2108   LPSP=2.9247%  deg=53.086  total=77.073  ELYstarts=8973  (77s)
  [ 86/504] RB2(SoH_all+Pred)        seed=2109   LPSP=2.9442%  deg=53.095  total=77.241  ELYstarts=8978  (77s)
  [ 87/504] RB2(SoH_all+Pred)        seed=2110   LPSP=2.9343%  deg=53.126  total=77.191  ELYstarts=8977  (77s)
  [ 88/504] RB2(SoH_all+Pred)        seed=2111   LPSP=2.9455%  deg=53.107  total=77.265  ELYstarts=8990  (78s)
  [ 89/504] RB2(SoH_all+Pred)        seed=2112   LPSP=2.9147%  deg=53.105  total=77.009  ELYstarts=8956  (78s)
  [ 90/504] RB2(SoH_all+Pred)        seed=2113   LPSP=2.9427%  deg=53.113  total=77.247  ELYstarts=8997  (78s)
  [ 91/504] RB2(SoH_all+Pred)        seed=2114   LPSP=2.9427%  deg=53.111  total=77.246  ELYstarts=8995  (78s)
  [ 92/504] RB2(SoH_all+Pred)        seed=2115   LPSP=2.9452%  deg=53.096  total=77.251  ELYstarts=9006  (77s)
  [ 93/504] RB2(SoH_all+Pred)        seed=2116   LPSP=2.9459%  deg=53.073  total=77.233  ELYstarts=8991  (77s)
  [ 94/504] RB2(SoH_all+Pred)        seed=2117   LPSP=2.9509%  deg=53.096  total=77.297  ELYstarts=8987  (82s)
  [ 95/504] RB2(SoH_all+Pred)        seed=2118   LPSP=2.9403%  deg=53.079  total=77.194  ELYstarts=8970  (78s)
  [ 96/504] RB2(SoH_all+Pred)        seed=2119   LPSP=2.9288%  deg=53.113  total=77.134  ELYstarts=9009  (76s)
  [ 97/504] RB2(SoH_all+Pred)        seed=2120   LPSP=2.9277%  deg=53.105  total=77.116  ELYstarts=8962  (75s)
  [ 98/504] RB2(SoH_all+Pred)        seed=2121   LPSP=2.9264%  deg=53.091  total=77.092  ELYstarts=8975  (76s)
  [ 99/504] RB2(SoH_all+Pred)        seed=2122   LPSP=2.9667%  deg=53.091  total=77.422  ELYstarts=9001  (76s)
  [100/504] RB2(SoH_all+Pred)        seed=2123   LPSP=2.9032%  deg=53.141  total=76.951  ELYstarts=8973  (76s)
  [101/504] RB2(SoH_all+Pred)        seed=2124   LPSP=2.9443%  deg=53.079  total=77.226  ELYstarts=8987  (76s)
  [102/504] RB2(SoH_all+Pred)        seed=2125   LPSP=2.9643%  deg=53.066  total=77.377  ELYstarts=9002  (76s)
  [103/504] MPC(sans pred)           seed=2026   LPSP=4.7473%  deg=56.723  total=95.658  ELYstarts=9755  (1325s)
  [104/504] MPC(sans pred)           seed=2027   LPSP=4.7473%  deg=56.723  total=95.658  ELYstarts=9755  (1313s)
  [105/504] MPC(sans pred)           seed=2028   LPSP=4.7473%  deg=56.723  total=95.658  ELYstarts=9755  (1321s)
  [106/504] MPC(sans pred)           seed=2029   LPSP=4.7473%  deg=56.723  total=95.658  ELYstarts=9755  (1339s)
  [107/504] MPC(sans pred)           seed=2030   LPSP=4.7473%  deg=56.723  total=95.658  ELYstarts=9755  (1310s)
  [108/504] MPC(sans pred)           seed=2031   LPSP=4.7473%  deg=56.723  total=95.658  ELYstarts=9755  (1313s)
  [109/504] MPC(sans pred)           seed=2032   LPSP=4.7473%  deg=56.723  total=95.658  ELYstarts=9755  (1335s)
  [110/504] MPC(sans pred)           seed=2033   LPSP=4.7473%  deg=56.723  total=95.658  ELYstarts=9755  (1319s)
  [111/504] MPC(sans pred)           seed=2034   LPSP=4.7473%  deg=56.723  total=95.658  ELYstarts=9755  (1321s)
  [112/504] MPC(sans pred)           seed=2035   LPSP=4.7473%  deg=56.723  total=95.658  ELYstarts=9755  (1321s)
  [113/504] MPC(sans pred)           seed=2036   LPSP=4.7473%  deg=56.723  total=95.658  ELYstarts=9755  (1336s)
  [114/504] MPC(sans pred)           seed=2037   LPSP=4.7473%  deg=56.723  total=95.658  ELYstarts=9755  (1317s)
  [115/504] MPC(sans pred)           seed=2038   LPSP=4.7473%  deg=56.723  total=95.658  ELYstarts=9755  (1325s)
  [116/504] MPC(sans pred)           seed=2039   LPSP=4.7473%  deg=56.723  total=95.658  ELYstarts=9755  (1329s)
  [117/504] MPC(sans pred)           seed=2040   LPSP=4.7473%  deg=56.723  total=95.658  ELYstarts=9755  (1326s)
  [118/504] MPC(sans pred)           seed=2041   LPSP=4.7473%  deg=56.723  total=95.658  ELYstarts=9755  (1332s)
  [119/504] MPC(sans pred)           seed=2042   LPSP=4.7473%  deg=56.723  total=95.658  ELYstarts=9755  (1328s)
  [120/504] MPC(sans pred)           seed=2043   LPSP=4.7473%  deg=56.723  total=95.658  ELYstarts=9755  (1329s)
  [121/504] MPC(sans pred)           seed=2044   LPSP=4.7473%  deg=56.723  total=95.658  ELYstarts=9755  (1327s)
  [122/504] MPC(sans pred)           seed=2045   LPSP=4.7473%  deg=56.723  total=95.658  ELYstarts=9755  (1331s)
  [123/504] MPC(sans pred)           seed=2046   LPSP=4.7473%  deg=56.723  total=95.658  ELYstarts=9755  (1332s)
  [124/504] MPC(sans pred)           seed=2047   LPSP=4.7473%  deg=56.723  total=95.658  ELYstarts=9755  (1325s)
  [125/504] MPC(sans pred)           seed=2048   LPSP=4.7473%  deg=56.723  total=95.658  ELYstarts=9755  (1331s)
  [126/504] MPC(sans pred)           seed=2049   LPSP=4.7473%  deg=56.723  total=95.658  ELYstarts=9755  (1333s)
  [127/504] MPC(sans pred)           seed=2050   LPSP=4.7473%  deg=56.723  total=95.658  ELYstarts=9755  (1326s)
  [128/504] MPC(sans pred)           seed=2051   LPSP=4.7473%  deg=56.723  total=95.658  ELYstarts=9755  (1299s)
  [129/504] MPC(sans pred)           seed=2052   LPSP=4.7473%  deg=56.723  total=95.658  ELYstarts=9755  (1309s)
  [130/504] MPC(sans pred)           seed=2053   LPSP=4.7473%  deg=56.723  total=95.658  ELYstarts=9755  (1316s)
  [131/504] MPC(sans pred)           seed=2054   LPSP=4.7473%  deg=56.723  total=95.658  ELYstarts=9755  (1306s)
  [132/504] MPC(sans pred)           seed=2055   LPSP=4.7473%  deg=56.723  total=95.658  ELYstarts=9755  (1304s)
  [133/504] MPC(sans pred)           seed=2056   LPSP=4.7473%  deg=56.723  total=95.658  ELYstarts=9755  (1314s)
  [134/504] MPC(sans pred)           seed=2057   LPSP=4.7473%  deg=56.723  total=95.658  ELYstarts=9755  (1314s)
  [135/504] MPC(sans pred)           seed=2058   LPSP=4.7473%  deg=56.723  total=95.658  ELYstarts=9755  (1302s)
  [136/504] MPC(sans pred)           seed=2059   LPSP=4.7473%  deg=56.723  total=95.658  ELYstarts=9755  (1297s)
  [137/504] MPC(sans pred)           seed=2060   LPSP=4.7473%  deg=56.723  total=95.658  ELYstarts=9755  (1304s)
  [138/504] MPC(sans pred)           seed=2061   LPSP=4.7473%  deg=56.723  total=95.658  ELYstarts=9755  (1311s)
  [139/504] MPC(sans pred)           seed=2062   LPSP=4.7473%  deg=56.723  total=95.658  ELYstarts=9755  (1295s)
  [140/504] MPC(sans pred)           seed=2063   LPSP=4.7473%  deg=56.723  total=95.658  ELYstarts=9755  (1320s)
  [141/504] MPC(sans pred)           seed=2064   LPSP=4.7473%  deg=56.723  total=95.658  ELYstarts=9755  (1327s)
  [142/504] MPC(sans pred)           seed=2065   LPSP=4.7473%  deg=56.723  total=95.658  ELYstarts=9755  (1300s)
  [143/504] MPC(sans pred)           seed=2066   LPSP=4.7473%  deg=56.723  total=95.658  ELYstarts=9755  (1308s)
  [144/504] MPC(sans pred)           seed=2067   LPSP=4.7473%  deg=56.723  total=95.658  ELYstarts=9755  (1329s)
  [145/504] MPC(sans pred)           seed=2068   LPSP=4.7473%  deg=56.723  total=95.658  ELYstarts=9755  (1313s)
  [146/504] MPC(sans pred)           seed=2069   LPSP=4.7473%  deg=56.723  total=95.658  ELYstarts=9755  (1306s)
  [147/504] MPC(sans pred)           seed=2070   LPSP=4.7473%  deg=56.723  total=95.658  ELYstarts=9755  (1314s)
  [148/504] MPC(sans pred)           seed=2071   LPSP=4.7473%  deg=56.723  total=95.658  ELYstarts=9755  (1317s)
  [149/504] MPC(sans pred)           seed=2072   LPSP=4.7473%  deg=56.723  total=95.658  ELYstarts=9755  (1309s)
  [150/504] MPC(sans pred)           seed=2073   LPSP=4.7473%  deg=56.723  total=95.658  ELYstarts=9755  (1310s)
  [151/504] MPC(sans pred)           seed=2074   LPSP=4.7473%  deg=56.723  total=95.658  ELYstarts=9755  (1310s)
  [152/504] MPC(sans pred)           seed=2075   LPSP=4.7473%  deg=56.723  total=95.658  ELYstarts=9755  (1324s)
  [153/504] MPC(sans pred)           seed=2076   LPSP=4.7473%  deg=56.723  total=95.658  ELYstarts=9755  (1304s)
  [154/504] MPC(sans pred)           seed=2077   LPSP=4.7473%  deg=56.723  total=95.658  ELYstarts=9755  (1317s)
  [155/504] MPC(sans pred)           seed=2078   LPSP=4.7473%  deg=56.723  total=95.658  ELYstarts=9755  (1310s)
  [156/504] MPC(sans pred)           seed=2079   LPSP=4.7473%  deg=56.723  total=95.658  ELYstarts=9755  (1315s)
  [157/504] MPC(sans pred)           seed=2080   LPSP=4.7473%  deg=56.723  total=95.658  ELYstarts=9755  (1334s)
  [158/504] MPC(sans pred)           seed=2081   LPSP=4.7473%  deg=56.723  total=95.658  ELYstarts=9755  (1337s)
  [159/504] MPC(sans pred)           seed=2082   LPSP=4.7473%  deg=56.723  total=95.658  ELYstarts=9755  (1314s)
  [160/504] MPC(sans pred)           seed=2083   LPSP=4.7473%  deg=56.723  total=95.658  ELYstarts=9755  (1325s)
  [161/504] MPC(sans pred)           seed=2084   LPSP=4.7473%  deg=56.723  total=95.658  ELYstarts=9755  (1314s)
  [162/504] MPC(sans pred)           seed=2085   LPSP=4.7473%  deg=56.723  total=95.658  ELYstarts=9755  (1297s)
  [163/504] MPC(sans pred)           seed=2086   LPSP=4.7473%  deg=56.723  total=95.658  ELYstarts=9755  (1298s)
  [164/504] MPC(sans pred)           seed=2087   LPSP=4.7473%  deg=56.723  total=95.658  ELYstarts=9755  (1310s)
  [165/504] MPC(sans pred)           seed=2088   LPSP=4.7473%  deg=56.723  total=95.658  ELYstarts=9755  (1317s)
  [166/504] MPC(sans pred)           seed=2089   LPSP=4.7473%  deg=56.723  total=95.658  ELYstarts=9755  (1311s)
  [167/504] MPC(sans pred)           seed=2090   LPSP=4.7473%  deg=56.723  total=95.658  ELYstarts=9755  (1301s)
  [168/504] MPC(sans pred)           seed=2091   LPSP=4.7473%  deg=56.723  total=95.658  ELYstarts=9755  (1304s)
  [169/504] MPC(sans pred)           seed=2092   LPSP=4.7473%  deg=56.723  total=95.658  ELYstarts=9755  (1302s)
  [170/504] MPC(sans pred)           seed=2093   LPSP=4.7473%  deg=56.723  total=95.658  ELYstarts=9755  (1305s)
  [171/504] MPC(sans pred)           seed=2094   LPSP=4.7473%  deg=56.723  total=95.658  ELYstarts=9755  (1294s)
  [172/504] MPC(sans pred)           seed=2095   LPSP=4.7473%  deg=56.723  total=95.658  ELYstarts=9755  (1310s)
  [173/504] MPC(sans pred)           seed=2096   LPSP=4.7473%  deg=56.723  total=95.658  ELYstarts=9755  (1300s)
  [174/504] MPC(sans pred)           seed=2097   LPSP=4.7473%  deg=56.723  total=95.658  ELYstarts=9755  (1309s)
  [175/504] MPC(sans pred)           seed=2098   LPSP=4.7473%  deg=56.723  total=95.658  ELYstarts=9755  (1304s)
  [176/504] MPC(sans pred)           seed=2099   LPSP=4.7473%  deg=56.723  total=95.658  ELYstarts=9755  (1314s)
  [177/504] MPC(sans pred)           seed=2100   LPSP=4.7473%  deg=56.723  total=95.658  ELYstarts=9755  (1289s)
  [178/504] MPC(sans pred)           seed=2101   LPSP=4.7473%  deg=56.723  total=95.658  ELYstarts=9755  (1334s)
  [179/504] MPC(sans pred)           seed=2102   LPSP=4.7473%  deg=56.723  total=95.658  ELYstarts=9755  (1298s)
  [180/504] MPC(sans pred)           seed=2103   LPSP=4.7473%  deg=56.723  total=95.658  ELYstarts=9755  (1298s)
  [181/504] MPC(sans pred)           seed=2104   LPSP=4.7473%  deg=56.723  total=95.658  ELYstarts=9755  (1321s)
  [182/504] MPC(sans pred)           seed=2105   LPSP=4.7473%  deg=56.723  total=95.658  ELYstarts=9755  (1315s)
  [183/504] MPC(sans pred)           seed=2106   LPSP=4.7473%  deg=56.723  total=95.658  ELYstarts=9755  (1296s)
  [184/504] MPC(sans pred)           seed=2107   LPSP=4.7473%  deg=56.723  total=95.658  ELYstarts=9755  (1304s)
  [185/504] MPC(sans pred)           seed=2108   LPSP=4.7473%  deg=56.723  total=95.658  ELYstarts=9755  (1305s)
  [186/504] MPC(sans pred)           seed=2109   LPSP=4.7473%  deg=56.723  total=95.658  ELYstarts=9755  (1308s)
  [187/504] MPC(sans pred)           seed=2110   LPSP=4.7473%  deg=56.723  total=95.658  ELYstarts=9755  (1308s)
  [188/504] MPC(sans pred)           seed=2111   LPSP=4.7473%  deg=56.723  total=95.658  ELYstarts=9755  (1302s)
  [189/504] MPC(sans pred)           seed=2112   LPSP=4.7473%  deg=56.723  total=95.658  ELYstarts=9755  (1300s)
  [190/504] MPC(sans pred)           seed=2113   LPSP=4.7473%  deg=56.723  total=95.658  ELYstarts=9755  (1292s)
  [191/504] MPC(sans pred)           seed=2114   LPSP=4.7473%  deg=56.723  total=95.658  ELYstarts=9755  (1306s)
  [192/504] MPC(sans pred)           seed=2115   LPSP=4.7473%  deg=56.723  total=95.658  ELYstarts=9755  (1310s)
  [193/504] MPC(sans pred)           seed=2116   LPSP=4.7473%  deg=56.723  total=95.658  ELYstarts=9755  (1296s)
  [194/504] MPC(sans pred)           seed=2117   LPSP=4.7473%  deg=56.723  total=95.658  ELYstarts=9755  (1298s)
  [195/504] MPC(sans pred)           seed=2118   LPSP=4.7473%  deg=56.723  total=95.658  ELYstarts=9755  (1308s)
  [196/504] MPC(sans pred)           seed=2119   LPSP=4.7473%  deg=56.723  total=95.658  ELYstarts=9755  (1308s)
  [197/504] MPC(sans pred)           seed=2120   LPSP=4.7473%  deg=56.723  total=95.658  ELYstarts=9755  (1314s)
  [198/504] MPC(sans pred)           seed=2121   LPSP=4.7473%  deg=56.723  total=95.658  ELYstarts=9755  (1316s)
  [199/504] MPC(sans pred)           seed=2122   LPSP=4.7473%  deg=56.723  total=95.658  ELYstarts=9755  (1300s)
  [200/504] MPC(sans pred)           seed=2123   LPSP=4.7473%  deg=56.723  total=95.658  ELYstarts=9755  (1291s)
  [201/504] MPC(sans pred)           seed=2124   LPSP=4.7473%  deg=56.723  total=95.658  ELYstarts=9755  (1302s)
  [202/504] MPC(sans pred)           seed=2125   LPSP=4.7473%  deg=56.723  total=95.658  ELYstarts=9755  (1302s)
  [203/504] MPC(Pred)                seed=2026   LPSP=1.4481%  deg=66.300  total=78.176  ELYstarts=11680  (1353s)
  [204/504] MPC(Pred)                seed=2027   LPSP=1.4047%  deg=66.255  total=77.775  ELYstarts=11593  (1337s)
  [205/504] MPC(Pred)                seed=2028   LPSP=1.3997%  deg=66.256  total=77.735  ELYstarts=11641  (1349s)
  [206/504] MPC(Pred)                seed=2029   LPSP=1.3749%  deg=66.261  total=77.537  ELYstarts=11531  (1364s)
  [207/504] MPC(Pred)                seed=2030   LPSP=1.3959%  deg=66.293  total=77.741  ELYstarts=11659  (1344s)
  [208/504] MPC(Pred)                seed=2031   LPSP=1.4450%  deg=66.245  total=78.096  ELYstarts=11607  (1350s)
  [209/504] MPC(Pred)                seed=2032   LPSP=1.3875%  deg=66.304  total=77.684  ELYstarts=11618  (1342s)
  [210/504] MPC(Pred)                seed=2033   LPSP=1.4484%  deg=66.252  total=78.131  ELYstarts=11627  (1355s)
  [211/504] MPC(Pred)                seed=2034   LPSP=1.3980%  deg=66.254  total=77.720  ELYstarts=11616  (1354s)
  [212/504] MPC(Pred)                seed=2035   LPSP=1.4134%  deg=66.209  total=77.800  ELYstarts=11605  (1357s)
  [213/504] MPC(Pred)                seed=2036   LPSP=1.4132%  deg=66.247  total=77.837  ELYstarts=11596  (1348s)
  [214/504] MPC(Pred)                seed=2037   LPSP=1.4240%  deg=66.350  total=78.029  ELYstarts=11691  (1356s)
  [215/504] MPC(Pred)                seed=2038   LPSP=1.4029%  deg=66.216  total=77.721  ELYstarts=11508  (1352s)
  [216/504] MPC(Pred)                seed=2039   LPSP=1.3840%  deg=66.346  total=77.697  ELYstarts=11617  (1353s)
  [217/504] MPC(Pred)                seed=2040   LPSP=1.4000%  deg=66.316  total=77.798  ELYstarts=11659  (1342s)
  [218/504] MPC(Pred)                seed=2041   LPSP=1.3994%  deg=66.295  total=77.772  ELYstarts=11573  (1353s)
  [219/504] MPC(Pred)                seed=2042   LPSP=1.4024%  deg=66.209  total=77.711  ELYstarts=11505  (1359s)
  [220/504] MPC(Pred)                seed=2043   LPSP=1.3892%  deg=66.398  total=77.791  ELYstarts=11644  (1355s)
  [221/504] MPC(Pred)                seed=2044   LPSP=1.4164%  deg=66.265  total=77.882  ELYstarts=11573  (1362s)
  [222/504] MPC(Pred)                seed=2045   LPSP=1.4033%  deg=66.258  total=77.768  ELYstarts=11578  (1347s)
  [223/504] MPC(Pred)                seed=2046   LPSP=1.4187%  deg=66.302  total=77.938  ELYstarts=11640  (1369s)
  [224/504] MPC(Pred)                seed=2047   LPSP=1.4297%  deg=66.313  total=78.039  ELYstarts=11678  (1349s)
  [225/504] MPC(Pred)                seed=2048   LPSP=1.3768%  deg=66.283  total=77.575  ELYstarts=11585  (1342s)
  [226/504] MPC(Pred)                seed=2049   LPSP=1.4313%  deg=66.272  total=78.011  ELYstarts=11596  (1352s)
  [227/504] MPC(Pred)                seed=2050   LPSP=1.4302%  deg=66.260  total=77.989  ELYstarts=11603  (1347s)
  [228/504] MPC(Pred)                seed=2051   LPSP=1.3918%  deg=66.377  total=77.792  ELYstarts=11645  (1355s)
  [229/504] MPC(Pred)                seed=2052   LPSP=1.3995%  deg=66.391  total=77.869  ELYstarts=11658  (1356s)
  [230/504] MPC(Pred)                seed=2053   LPSP=1.4207%  deg=66.227  total=77.879  ELYstarts=11582  (1358s)
  [231/504] MPC(Pred)                seed=2054   LPSP=1.4079%  deg=66.358  total=77.904  ELYstarts=11698  (1338s)
  [232/504] MPC(Pred)                seed=2055   LPSP=1.4082%  deg=66.210  total=77.760  ELYstarts=11533  (1340s)
  [233/504] MPC(Pred)                seed=2056   LPSP=1.4333%  deg=66.348  total=78.104  ELYstarts=11654  (1350s)
  [234/504] MPC(Pred)                seed=2057   LPSP=1.3816%  deg=66.301  total=77.633  ELYstarts=11616  (1349s)
  [235/504] MPC(Pred)                seed=2058   LPSP=1.4438%  deg=66.293  total=78.134  ELYstarts=11646  (1337s)
  [236/504] MPC(Pred)                seed=2059   LPSP=1.4104%  deg=66.223  total=77.791  ELYstarts=11548  (1346s)
  [237/504] MPC(Pred)                seed=2060   LPSP=1.3961%  deg=66.307  total=77.758  ELYstarts=11655  (1345s)
  [238/504] MPC(Pred)                seed=2061   LPSP=1.3952%  deg=66.372  total=77.814  ELYstarts=11713  (1349s)
  [239/504] MPC(Pred)                seed=2062   LPSP=1.4196%  deg=66.214  total=77.856  ELYstarts=11566  (1342s)
  [240/504] MPC(Pred)                seed=2063   LPSP=1.4121%  deg=66.331  total=77.912  ELYstarts=11629  (1349s)
  [241/504] MPC(Pred)                seed=2064   LPSP=1.4084%  deg=66.256  total=77.807  ELYstarts=11583  (1352s)
  [242/504] MPC(Pred)                seed=2065   LPSP=1.4171%  deg=66.316  total=77.939  ELYstarts=11663  (1354s)
  [243/504] MPC(Pred)                seed=2066   LPSP=1.4071%  deg=66.271  total=77.811  ELYstarts=11622  (1357s)
  [244/504] MPC(Pred)                seed=2067   LPSP=1.4221%  deg=66.326  total=77.990  ELYstarts=11639  (1342s)
  [245/504] MPC(Pred)                seed=2068   LPSP=1.4355%  deg=66.301  total=78.074  ELYstarts=11603  (1345s)
  [246/504] MPC(Pred)                seed=2069   LPSP=1.4129%  deg=66.182  total=77.770  ELYstarts=11530  (1359s)
  [247/504] MPC(Pred)                seed=2070   LPSP=1.4240%  deg=66.274  total=77.954  ELYstarts=11621  (1348s)
  [248/504] MPC(Pred)                seed=2071   LPSP=1.3918%  deg=66.271  total=77.686  ELYstarts=11628  (1351s)
  [249/504] MPC(Pred)                seed=2072   LPSP=1.4213%  deg=66.392  total=78.048  ELYstarts=11739  (1355s)
  [250/504] MPC(Pred)                seed=2073   LPSP=1.4404%  deg=66.376  total=78.189  ELYstarts=11710  (1354s)
  [251/504] MPC(Pred)                seed=2074   LPSP=1.4144%  deg=66.347  total=77.947  ELYstarts=11620  (1360s)
  [252/504] MPC(Pred)                seed=2075   LPSP=1.4410%  deg=66.401  total=78.219  ELYstarts=11757  (1358s)
  [253/504] MPC(Pred)                seed=2076   LPSP=1.4153%  deg=66.414  total=78.021  ELYstarts=11650  (1343s)
  [254/504] MPC(Pred)                seed=2077   LPSP=1.3896%  deg=66.308  total=77.705  ELYstarts=11674  (1336s)
  [255/504] MPC(Pred)                seed=2078   LPSP=1.4123%  deg=66.161  total=77.744  ELYstarts=11547  (1358s)
  [256/504] MPC(Pred)                seed=2079   LPSP=1.4316%  deg=66.316  total=78.057  ELYstarts=11678  (1356s)
  [257/504] MPC(Pred)                seed=2080   LPSP=1.4250%  deg=66.278  total=77.965  ELYstarts=11575  (1359s)
  [258/504] MPC(Pred)                seed=2081   LPSP=1.4133%  deg=66.382  total=77.973  ELYstarts=11656  (1359s)
  [259/504] MPC(Pred)                seed=2082   LPSP=1.3995%  deg=66.240  total=77.718  ELYstarts=11606  (1343s)
  [260/504] MPC(Pred)                seed=2083   LPSP=1.4183%  deg=66.300  total=77.932  ELYstarts=11623  (1356s)
  [261/504] MPC(Pred)                seed=2084   LPSP=1.3808%  deg=66.245  total=77.569  ELYstarts=11579  (1353s)
  [262/504] MPC(Pred)                seed=2085   LPSP=1.3968%  deg=66.318  total=77.773  ELYstarts=11594  (1354s)
  [263/504] MPC(Pred)                seed=2086   LPSP=1.3932%  deg=66.352  total=77.778  ELYstarts=11609  (1338s)
  [264/504] MPC(Pred)                seed=2087   LPSP=1.3874%  deg=66.328  total=77.706  ELYstarts=11604  (1339s)
  [265/504] MPC(Pred)                seed=2088   LPSP=1.4026%  deg=66.251  total=77.754  ELYstarts=11573  (1336s)
  [266/504] MPC(Pred)                seed=2089   LPSP=1.4005%  deg=66.262  total=77.748  ELYstarts=11533  (1352s)
  [267/504] MPC(Pred)                seed=2090   LPSP=1.4131%  deg=66.339  total=77.928  ELYstarts=11597  (1334s)
  [268/504] MPC(Pred)                seed=2091   LPSP=1.4040%  deg=66.333  total=77.847  ELYstarts=11608  (1349s)
  [269/504] MPC(Pred)                seed=2092   LPSP=1.3843%  deg=66.364  total=77.717  ELYstarts=11626  (1346s)
  [270/504] MPC(Pred)                seed=2093   LPSP=1.4022%  deg=66.343  total=77.843  ELYstarts=11629  (1343s)
  [271/504] MPC(Pred)                seed=2094   LPSP=1.4202%  deg=66.334  total=77.981  ELYstarts=11647  (1350s)
  [272/504] MPC(Pred)                seed=2095   LPSP=1.3971%  deg=66.250  total=77.708  ELYstarts=11556  (1346s)
  [273/504] MPC(Pred)                seed=2096   LPSP=1.4435%  deg=66.361  total=78.200  ELYstarts=11672  (1340s)
  [274/504] MPC(Pred)                seed=2097   LPSP=1.3976%  deg=66.270  total=77.732  ELYstarts=11576  (1346s)
  [275/504] MPC(Pred)                seed=2098   LPSP=1.4201%  deg=66.335  total=77.982  ELYstarts=11578  (1350s)
  [276/504] MPC(Pred)                seed=2099   LPSP=1.3810%  deg=66.297  total=77.624  ELYstarts=11575  (1355s)
  [277/504] MPC(Pred)                seed=2100   LPSP=1.4079%  deg=66.323  total=77.869  ELYstarts=11600  (1338s)
  [278/504] MPC(Pred)                seed=2101   LPSP=1.3945%  deg=66.374  total=77.811  ELYstarts=11637  (1356s)
  [279/504] MPC(Pred)                seed=2102   LPSP=1.4079%  deg=66.326  total=77.873  ELYstarts=11646  (1347s)
  [280/504] MPC(Pred)                seed=2103   LPSP=1.4075%  deg=66.245  total=77.788  ELYstarts=11573  (1357s)
  [281/504] MPC(Pred)                seed=2104   LPSP=1.4111%  deg=66.335  total=77.908  ELYstarts=11691  (1345s)
  [282/504] MPC(Pred)                seed=2105   LPSP=1.4021%  deg=66.325  total=77.824  ELYstarts=11655  (1356s)
  [283/504] MPC(Pred)                seed=2106   LPSP=1.3923%  deg=66.270  total=77.689  ELYstarts=11601  (1356s)
  [284/504] MPC(Pred)                seed=2107   LPSP=1.4124%  deg=66.328  total=77.912  ELYstarts=11609  (1380s)
  [285/504] MPC(Pred)                seed=2108   LPSP=1.4399%  deg=66.353  total=78.162  ELYstarts=11756  (1360s)
  [286/504] MPC(Pred)                seed=2109   LPSP=1.4474%  deg=66.262  total=78.133  ELYstarts=11602  (1358s)
  [287/504] MPC(Pred)                seed=2110   LPSP=1.4103%  deg=66.436  total=78.002  ELYstarts=11679  (1356s)
  [288/504] MPC(Pred)                seed=2111   LPSP=1.4171%  deg=66.337  total=77.959  ELYstarts=11663  (1363s)
  [289/504] MPC(Pred)                seed=2112   LPSP=1.4321%  deg=66.257  total=78.002  ELYstarts=11574  (1344s)
  [290/504] MPC(Pred)                seed=2113   LPSP=1.4277%  deg=66.292  total=78.002  ELYstarts=11665  (1359s)
  [291/504] MPC(Pred)                seed=2114   LPSP=1.3861%  deg=66.275  total=77.643  ELYstarts=11545  (1357s)
  [292/504] MPC(Pred)                seed=2115   LPSP=1.4151%  deg=66.321  total=77.927  ELYstarts=11624  (1360s)
  [293/504] MPC(Pred)                seed=2116   LPSP=1.4291%  deg=66.393  total=78.114  ELYstarts=11698  (1355s)
  [294/504] MPC(Pred)                seed=2117   LPSP=1.4370%  deg=66.363  total=78.148  ELYstarts=11671  (1356s)
  [295/504] MPC(Pred)                seed=2118   LPSP=1.4322%  deg=66.267  total=78.013  ELYstarts=11610  (1335s)
  [296/504] MPC(Pred)                seed=2119   LPSP=1.4051%  deg=66.291  total=77.815  ELYstarts=11639  (1338s)
  [297/504] MPC(Pred)                seed=2120   LPSP=1.4122%  deg=66.324  total=77.906  ELYstarts=11581  (1335s)
  [298/504] MPC(Pred)                seed=2121   LPSP=1.3796%  deg=66.265  total=77.579  ELYstarts=11527  (1352s)
  [299/504] MPC(Pred)                seed=2122   LPSP=1.3891%  deg=66.234  total=77.627  ELYstarts=11563  (1334s)
  [300/504] MPC(Pred)                seed=2123   LPSP=1.4259%  deg=66.301  total=77.996  ELYstarts=11618  (1347s)
  [301/504] MPC(Pred)                seed=2124   LPSP=1.3753%  deg=66.187  total=77.467  ELYstarts=11501  (1347s)
  [302/504] MPC(Pred)                seed=2125   LPSP=1.3828%  deg=66.211  total=77.552  ELYstarts=11556  (1349s)
  [303/504] MPC(SoH+Pred)            seed=2026   LPSP=1.5279%  deg=67.691  total=80.222  ELYstarts=12223  (1337s)
  [304/504] MPC(SoH+Pred)            seed=2027   LPSP=1.4642%  deg=67.495  total=79.503  ELYstarts=11967  (1337s)
  [305/504] MPC(SoH+Pred)            seed=2028   LPSP=1.4706%  deg=67.546  total=79.607  ELYstarts=12057  (1350s)
  [306/504] MPC(SoH+Pred)            seed=2029   LPSP=1.4421%  deg=67.459  total=79.287  ELYstarts=11907  (1344s)
  [307/504] MPC(SoH+Pred)            seed=2030   LPSP=1.4498%  deg=67.575  total=79.465  ELYstarts=12018  (1340s)
  [308/504] MPC(SoH+Pred)            seed=2031   LPSP=1.5054%  deg=67.604  total=79.950  ELYstarts=12088  (1345s)
  [309/504] MPC(SoH+Pred)            seed=2032   LPSP=1.4673%  deg=67.513  total=79.547  ELYstarts=11946  (1348s)
  [310/504] MPC(SoH+Pred)            seed=2033   LPSP=1.4960%  deg=67.564  total=79.833  ELYstarts=12036  (1354s)
  [311/504] MPC(SoH+Pred)            seed=2034   LPSP=1.4617%  deg=67.599  total=79.587  ELYstarts=12092  (1347s)
  [312/504] MPC(SoH+Pred)            seed=2035   LPSP=1.4631%  deg=67.580  total=79.579  ELYstarts=12073  (1358s)
  [313/504] MPC(SoH+Pred)            seed=2036   LPSP=1.4569%  deg=67.665  total=79.614  ELYstarts=12084  (1359s)
  [314/504] MPC(SoH+Pred)            seed=2037   LPSP=1.4980%  deg=67.608  total=79.894  ELYstarts=12104  (1356s)
  [315/504] MPC(SoH+Pred)            seed=2038   LPSP=1.4517%  deg=67.475  total=79.381  ELYstarts=11931  (1353s)
  [316/504] MPC(SoH+Pred)            seed=2039   LPSP=1.4374%  deg=67.503  total=79.292  ELYstarts=11899  (1353s)
  [317/504] MPC(SoH+Pred)            seed=2040   LPSP=1.4639%  deg=67.675  total=79.681  ELYstarts=12132  (1342s)
  [318/504] MPC(SoH+Pred)            seed=2041   LPSP=1.4509%  deg=67.474  total=79.373  ELYstarts=11883  (1361s)
  [319/504] MPC(SoH+Pred)            seed=2042   LPSP=1.4601%  deg=67.411  total=79.386  ELYstarts=11867  (1352s)
  [320/504] MPC(SoH+Pred)            seed=2043   LPSP=1.4363%  deg=67.635  total=79.415  ELYstarts=12011  (1360s)
  [321/504] MPC(SoH+Pred)            seed=2044   LPSP=1.4696%  deg=67.671  total=79.724  ELYstarts=12081  (1378s)
  [322/504] MPC(SoH+Pred)            seed=2045   LPSP=1.4612%  deg=67.607  total=79.591  ELYstarts=12036  (1358s)
  [323/504] MPC(SoH+Pred)            seed=2046   LPSP=1.4641%  deg=67.597  total=79.605  ELYstarts=12058  (1352s)
  [324/504] MPC(SoH+Pred)            seed=2047   LPSP=1.4936%  deg=67.626  total=79.875  ELYstarts=12111  (1355s)
  [325/504] MPC(SoH+Pred)            seed=2048   LPSP=1.4318%  deg=67.585  total=79.328  ELYstarts=12033  (1354s)
  [326/504] MPC(SoH+Pred)            seed=2049   LPSP=1.4732%  deg=67.572  total=79.654  ELYstarts=12073  (1353s)
  [327/504] MPC(SoH+Pred)            seed=2050   LPSP=1.5008%  deg=67.538  total=79.847  ELYstarts=11997  (1334s)
  [328/504] MPC(SoH+Pred)            seed=2051   LPSP=1.4404%  deg=67.725  total=79.538  ELYstarts=12125  (1338s)
  [329/504] MPC(SoH+Pred)            seed=2052   LPSP=1.4520%  deg=67.746  total=79.655  ELYstarts=12140  (1338s)
  [330/504] MPC(SoH+Pred)            seed=2053   LPSP=1.4750%  deg=67.709  total=79.806  ELYstarts=12156  (1336s)
  [331/504] MPC(SoH+Pred)            seed=2054   LPSP=1.4788%  deg=67.717  total=79.846  ELYstarts=12174  (1346s)
  [332/504] MPC(SoH+Pred)            seed=2055   LPSP=1.4476%  deg=67.476  total=79.348  ELYstarts=11905  (1346s)
  [333/504] MPC(SoH+Pred)            seed=2056   LPSP=1.4902%  deg=67.661  total=79.883  ELYstarts=12087  (1349s)
  [334/504] MPC(SoH+Pred)            seed=2057   LPSP=1.4369%  deg=67.650  total=79.435  ELYstarts=12087  (1339s)
  [335/504] MPC(SoH+Pred)            seed=2058   LPSP=1.4916%  deg=67.584  total=79.817  ELYstarts=12016  (1342s)
  [336/504] MPC(SoH+Pred)            seed=2059   LPSP=1.4722%  deg=67.482  total=79.557  ELYstarts=11980  (1350s)
  [337/504] MPC(SoH+Pred)            seed=2060   LPSP=1.4511%  deg=67.565  total=79.466  ELYstarts=11977  (1341s)
  [338/504] MPC(SoH+Pred)            seed=2061   LPSP=1.4579%  deg=67.647  total=79.604  ELYstarts=12085  (1346s)
  [339/504] MPC(SoH+Pred)            seed=2062   LPSP=1.4481%  deg=67.554  total=79.430  ELYstarts=12067  (1349s)
  [340/504] MPC(SoH+Pred)            seed=2063   LPSP=1.4723%  deg=67.656  total=79.731  ELYstarts=12082  (1350s)
  [341/504] MPC(SoH+Pred)            seed=2064   LPSP=1.4663%  deg=67.540  total=79.565  ELYstarts=11995  (1349s)
  [342/504] MPC(SoH+Pred)            seed=2065   LPSP=1.4423%  deg=67.630  total=79.458  ELYstarts=12037  (1354s)
  [343/504] MPC(SoH+Pred)            seed=2066   LPSP=1.4644%  deg=67.638  total=79.648  ELYstarts=12133  (1361s)
  [344/504] MPC(SoH+Pred)            seed=2067   LPSP=1.4748%  deg=67.645  total=79.740  ELYstarts=12145  (1355s)
  [345/504] MPC(SoH+Pred)            seed=2068   LPSP=1.4692%  deg=67.581  total=79.631  ELYstarts=12001  (1356s)
  [346/504] MPC(SoH+Pred)            seed=2069   LPSP=1.4770%  deg=67.454  total=79.568  ELYstarts=11958  (1359s)
  [347/504] MPC(SoH+Pred)            seed=2070   LPSP=1.4450%  deg=67.623  total=79.473  ELYstarts=12068  (1337s)
  [348/504] MPC(SoH+Pred)            seed=2071   LPSP=1.4345%  deg=67.571  total=79.336  ELYstarts=11976  (1352s)
  [349/504] MPC(SoH+Pred)            seed=2072   LPSP=1.4938%  deg=67.858  total=80.109  ELYstarts=12313  (1356s)
  [350/504] MPC(SoH+Pred)            seed=2073   LPSP=1.5016%  deg=67.693  total=80.009  ELYstarts=12177  (1350s)
  [351/504] MPC(SoH+Pred)            seed=2074   LPSP=1.4859%  deg=67.506  total=79.692  ELYstarts=11970  (1360s)
  [352/504] MPC(SoH+Pred)            seed=2075   LPSP=1.5309%  deg=67.844  total=80.399  ELYstarts=12326  (1363s)
  [353/504] MPC(SoH+Pred)            seed=2076   LPSP=1.4561%  deg=67.619  total=79.561  ELYstarts=12042  (1356s)
  [354/504] MPC(SoH+Pred)            seed=2077   LPSP=1.4577%  deg=67.573  total=79.529  ELYstarts=12046  (1362s)
  [355/504] MPC(SoH+Pred)            seed=2078   LPSP=1.4823%  deg=67.472  total=79.629  ELYstarts=11984  (1364s)
  [356/504] MPC(SoH+Pred)            seed=2079   LPSP=1.4825%  deg=67.745  total=79.904  ELYstarts=12241  (1357s)
  [357/504] MPC(SoH+Pred)            seed=2080   LPSP=1.4500%  deg=67.594  total=79.486  ELYstarts=11999  (1354s)
  [358/504] MPC(SoH+Pred)            seed=2081   LPSP=1.4703%  deg=67.762  total=79.821  ELYstarts=12152  (1356s)
  [359/504] MPC(SoH+Pred)            seed=2082   LPSP=1.4401%  deg=67.519  total=79.330  ELYstarts=11999  (1335s)
  [360/504] MPC(SoH+Pred)            seed=2083   LPSP=1.4913%  deg=67.577  total=79.807  ELYstarts=12063  (1337s)
  [361/504] MPC(SoH+Pred)            seed=2084   LPSP=1.4422%  deg=67.502  total=79.330  ELYstarts=11968  (1339s)
  [362/504] MPC(SoH+Pred)            seed=2085   LPSP=1.4571%  deg=67.614  total=79.564  ELYstarts=12108  (1339s)
  [363/504] MPC(SoH+Pred)            seed=2086   LPSP=1.4598%  deg=67.732  total=79.704  ELYstarts=12140  (1345s)
  [364/504] MPC(SoH+Pred)            seed=2087   LPSP=1.4532%  deg=67.669  total=79.587  ELYstarts=12098  (1341s)
  [365/504] MPC(SoH+Pred)            seed=2088   LPSP=1.4746%  deg=67.514  total=79.608  ELYstarts=12031  (1339s)
  [366/504] MPC(SoH+Pred)            seed=2089   LPSP=1.4680%  deg=67.505  total=79.545  ELYstarts=11912  (1344s)
  [367/504] MPC(SoH+Pred)            seed=2090   LPSP=1.4538%  deg=67.614  total=79.537  ELYstarts=12013  (1351s)
  [368/504] MPC(SoH+Pred)            seed=2091   LPSP=1.4724%  deg=67.576  total=79.652  ELYstarts=11981  (1348s)
  [369/504] MPC(SoH+Pred)            seed=2092   LPSP=1.4549%  deg=67.734  total=79.667  ELYstarts=12162  (1343s)
  [370/504] MPC(SoH+Pred)            seed=2093   LPSP=1.4620%  deg=67.694  total=79.684  ELYstarts=12107  (1348s)
  [371/504] MPC(SoH+Pred)            seed=2094   LPSP=1.4710%  deg=67.742  total=79.807  ELYstarts=12144  (1348s)
  [372/504] MPC(SoH+Pred)            seed=2095   LPSP=1.4703%  deg=67.419  total=79.478  ELYstarts=11881  (1350s)
  [373/504] MPC(SoH+Pred)            seed=2096   LPSP=1.4959%  deg=67.784  total=80.053  ELYstarts=12222  (1349s)
  [374/504] MPC(SoH+Pred)            seed=2097   LPSP=1.4432%  deg=67.677  total=79.514  ELYstarts=12106  (1365s)
  [375/504] MPC(SoH+Pred)            seed=2098   LPSP=1.4622%  deg=67.506  total=79.497  ELYstarts=11922  (1335s)
  [376/504] MPC(SoH+Pred)            seed=2099   LPSP=1.4340%  deg=67.505  total=79.266  ELYstarts=11940  (1354s)
  [377/504] MPC(SoH+Pred)            seed=2100   LPSP=1.4584%  deg=67.574  total=79.535  ELYstarts=12041  (1361s)
  [378/504] MPC(SoH+Pred)            seed=2101   LPSP=1.4495%  deg=67.722  total=79.610  ELYstarts=12176  (1353s)
  [379/504] MPC(SoH+Pred)            seed=2102   LPSP=1.4606%  deg=67.687  total=79.666  ELYstarts=12120  (1356s)
  [380/504] MPC(SoH+Pred)            seed=2103   LPSP=1.4758%  deg=67.557  total=79.661  ELYstarts=12041  (1361s)
  [381/504] MPC(SoH+Pred)            seed=2104   LPSP=1.4710%  deg=67.588  total=79.652  ELYstarts=12070  (1357s)
  [382/504] MPC(SoH+Pred)            seed=2105   LPSP=1.4490%  deg=67.716  total=79.600  ELYstarts=12171  (1353s)
  [383/504] MPC(SoH+Pred)            seed=2106   LPSP=1.4615%  deg=67.607  total=79.593  ELYstarts=12096  (1363s)
  [384/504] MPC(SoH+Pred)            seed=2107   LPSP=1.4714%  deg=67.521  total=79.589  ELYstarts=11951  (1355s)
  [385/504] MPC(SoH+Pred)            seed=2108   LPSP=1.5034%  deg=67.771  total=80.101  ELYstarts=12288  (1363s)
  [386/504] MPC(SoH+Pred)            seed=2109   LPSP=1.5016%  deg=67.603  total=79.918  ELYstarts=12051  (1356s)
  [387/504] MPC(SoH+Pred)            seed=2110   LPSP=1.4673%  deg=67.638  total=79.672  ELYstarts=12063  (1354s)
  [388/504] MPC(SoH+Pred)            seed=2111   LPSP=1.4773%  deg=67.812  total=79.928  ELYstarts=12251  (1358s)
  [389/504] MPC(SoH+Pred)            seed=2112   LPSP=1.4642%  deg=67.531  total=79.540  ELYstarts=11976  (1361s)
  [390/504] MPC(SoH+Pred)            seed=2113   LPSP=1.4909%  deg=67.552  total=79.779  ELYstarts=12042  (1354s)
  [391/504] MPC(SoH+Pred)            seed=2114   LPSP=1.4671%  deg=67.542  total=79.574  ELYstarts=12035  (1350s)
  [392/504] MPC(SoH+Pred)            seed=2115   LPSP=1.4762%  deg=67.569  total=79.676  ELYstarts=12030  (1352s)
  [393/504] MPC(SoH+Pred)            seed=2116   LPSP=1.4690%  deg=67.762  total=79.810  ELYstarts=12191  (1356s)
  [394/504] MPC(SoH+Pred)            seed=2117   LPSP=1.4946%  deg=67.804  total=80.062  ELYstarts=12209  (1350s)
  [395/504] MPC(SoH+Pred)            seed=2118   LPSP=1.4855%  deg=67.566  total=79.749  ELYstarts=12007  (1365s)
  [396/504] MPC(SoH+Pred)            seed=2119   LPSP=1.4612%  deg=67.550  total=79.534  ELYstarts=12037  (1363s)
  [397/504] MPC(SoH+Pred)            seed=2120   LPSP=1.4720%  deg=67.517  total=79.589  ELYstarts=11960  (1373s)
  [398/504] MPC(SoH+Pred)            seed=2121   LPSP=1.4332%  deg=67.511  total=79.265  ELYstarts=11929  (1383s)
  [399/504] MPC(SoH+Pred)            seed=2122   LPSP=1.4503%  deg=67.610  total=79.505  ELYstarts=12088  (1390s)
  [400/504] MPC(SoH+Pred)            seed=2123   LPSP=1.4891%  deg=67.589  total=79.802  ELYstarts=12061  (1357s)
  [401/504] MPC(SoH+Pred)            seed=2124   LPSP=1.4382%  deg=67.504  total=79.300  ELYstarts=11931  (1385s)
  [402/504] MPC(SoH+Pred)            seed=2125   LPSP=1.4259%  deg=67.501  total=79.196  ELYstarts=11989  (1379s)
  [403/504] MPC (H=48)               seed=2026   LPSP=1.3108%  deg=66.876  total=77.627  ELYstarts=11834  (3371s)
  [404/504] MPC (H=48)               seed=2027   LPSP=1.2844%  deg=66.954  total=77.488  ELYstarts=11943  (3432s)
  [405/504] MPC (H=48)               seed=2028   LPSP=1.3250%  deg=66.926  total=77.793  ELYstarts=11855  (4293s)
  [406/504] MPC (H=48)               seed=2029   LPSP=1.2970%  deg=66.941  total=77.578  ELYstarts=11882  (3382s)
  [407/504] MPC (H=48)               seed=2030   LPSP=1.3045%  deg=66.972  total=77.671  ELYstarts=11843  (3358s)
  [408/504] MPC (H=48)               seed=2031   LPSP=1.2773%  deg=66.815  total=77.291  ELYstarts=11811  (4285s)
  [409/504] MPC (H=48)               seed=2032   LPSP=1.2632%  deg=66.899  total=77.260  ELYstarts=11799  (4387s)
  [410/504] MPC (H=48)               seed=2033   LPSP=1.3269%  deg=66.911  total=77.794  ELYstarts=11852  (3433s)
  [411/504] MPC (H=48)               seed=2034   LPSP=1.2759%  deg=66.895  total=77.360  ELYstarts=11799  (3451s)
  [412/504] MPC (H=48)               seed=2035   LPSP=1.3006%  deg=66.910  total=77.577  ELYstarts=11853  (4396s)
  [413/504] MPC (H=48)               seed=2036   LPSP=1.2776%  deg=66.864  total=77.343  ELYstarts=11776  (3460s)
  [414/504] MPC (H=48)               seed=2037   LPSP=1.2986%  deg=66.771  total=77.421  ELYstarts=11700  (3441s)
  [415/504] MPC (H=48)               seed=2038   LPSP=1.2872%  deg=66.935  total=77.492  ELYstarts=11923  (4206s)
  [416/504] MPC (H=48)               seed=2039   LPSP=1.3178%  deg=66.913  total=77.721  ELYstarts=11820  (4327s)
  [417/504] MPC (H=48)               seed=2040   LPSP=1.2757%  deg=66.934  total=77.396  ELYstarts=11821  (4391s)
  [418/504] MPC (H=48)               seed=2041   LPSP=1.2609%  deg=66.909  total=77.250  ELYstarts=11813  (3448s)
  [419/504] MPC (H=48)               seed=2042   LPSP=1.3148%  deg=66.933  total=77.716  ELYstarts=11848  (3353s)
  [420/504] MPC (H=48)               seed=2043   LPSP=1.2864%  deg=66.734  total=77.284  ELYstarts=11722  (4294s)
  [421/504] MPC (H=48)               seed=2044   LPSP=1.2960%  deg=66.852  total=77.481  ELYstarts=11785  (3435s)
  [422/504] MPC (H=48)               seed=2045   LPSP=1.2670%  deg=66.894  total=77.285  ELYstarts=11781  (4383s)
  [423/504] MPC (H=48)               seed=2046   LPSP=1.3094%  deg=66.886  total=77.624  ELYstarts=11870  (3355s)
  [424/504] MPC (H=48)               seed=2047   LPSP=1.2889%  deg=66.850  total=77.421  ELYstarts=11849  (3393s)
  [425/504] MPC (H=48)               seed=2048   LPSP=1.2893%  deg=66.868  total=77.443  ELYstarts=11796  (3382s)
  [426/504] MPC (H=48)               seed=2049   LPSP=1.2930%  deg=66.907  total=77.512  ELYstarts=11816  (4309s)
  [427/504] MPC (H=48)               seed=2050   LPSP=1.2877%  deg=66.805  total=77.366  ELYstarts=11717  (3359s)
  [428/504] MPC (H=48)               seed=2051   LPSP=1.3120%  deg=66.917  total=77.677  ELYstarts=11797  (3394s)
  [429/504] MPC (H=48)               seed=2052   LPSP=1.2818%  deg=66.771  total=77.284  ELYstarts=11758  (3444s)
  [430/504] MPC (H=48)               seed=2053   LPSP=1.2845%  deg=66.885  total=77.420  ELYstarts=11807  (3389s)
  [431/504] MPC (H=48)               seed=2054   LPSP=1.2770%  deg=66.910  total=77.383  ELYstarts=11851  (3462s)
  [432/504] MPC (H=48)               seed=2055   LPSP=1.2579%  deg=66.742  total=77.058  ELYstarts=11743  (3468s)
  [433/504] MPC (H=48)               seed=2056   LPSP=1.2942%  deg=66.803  total=77.417  ELYstarts=11797  (3443s)
  [434/504] MPC (H=48)               seed=2057   LPSP=1.2866%  deg=66.825  total=77.377  ELYstarts=11786  (3384s)
  [435/504] MPC (H=48)               seed=2058   LPSP=1.2845%  deg=66.872  total=77.406  ELYstarts=11851  (3371s)
  [436/504] MPC (H=48)               seed=2059   LPSP=1.2950%  deg=66.839  total=77.460  ELYstarts=11739  (3396s)
  [437/504] MPC (H=48)               seed=2060   LPSP=1.2816%  deg=66.822  total=77.333  ELYstarts=11748  (3371s)
  [438/504] MPC (H=48)               seed=2061   LPSP=1.2794%  deg=66.879  total=77.372  ELYstarts=11760  (3469s)
  [439/504] MPC (H=48)               seed=2062   LPSP=1.3142%  deg=66.933  total=77.712  ELYstarts=11795  (3366s)
  [440/504] MPC (H=48)               seed=2063   LPSP=1.2638%  deg=66.781  total=77.145  ELYstarts=11747  (3434s)
  [441/504] MPC (H=48)               seed=2064   LPSP=1.2861%  deg=66.866  total=77.414  ELYstarts=11851  (3435s)
  [442/504] MPC (H=48)               seed=2065   LPSP=1.2762%  deg=66.796  total=77.263  ELYstarts=11726  (3445s)
  [443/504] MPC (H=48)               seed=2066   LPSP=1.2838%  deg=66.867  total=77.395  ELYstarts=11841  (3442s)
  [444/504] MPC (H=48)               seed=2067   LPSP=1.2992%  deg=66.864  total=77.520  ELYstarts=11753  (3434s)
  [445/504] MPC (H=48)               seed=2068   LPSP=1.2973%  deg=66.948  total=77.587  ELYstarts=11891  (3437s)
  [446/504] MPC (H=48)               seed=2069   LPSP=1.3019%  deg=66.944  total=77.621  ELYstarts=11816  (4435s)
  [447/504] MPC (H=48)               seed=2070   LPSP=1.3072%  deg=66.909  total=77.630  ELYstarts=11856  (4327s)
  [448/504] MPC (H=48)               seed=2071   LPSP=1.2784%  deg=66.883  total=77.367  ELYstarts=11807  (4331s)
  [449/504] MPC (H=48)               seed=2072   LPSP=1.2816%  deg=66.861  total=77.373  ELYstarts=11761  (4366s)
  [450/504] MPC (H=48)               seed=2073   LPSP=1.2962%  deg=66.883  total=77.514  ELYstarts=11805  (4359s)
  [451/504] MPC (H=48)               seed=2074   LPSP=1.2672%  deg=66.810  total=77.203  ELYstarts=11715  (4395s)
  [452/504] MPC (H=48)               seed=2075   LPSP=1.2946%  deg=66.992  total=77.609  ELYstarts=11874  (4414s)
  [453/504] MPC (H=48)               seed=2076   LPSP=1.2537%  deg=66.909  total=77.191  ELYstarts=11784  (3641s)
  [454/504] MPC (H=48)               seed=2077   LPSP=1.2944%  deg=66.914  total=77.531  ELYstarts=11859  (4447s)
  [455/504] MPC (H=48)               seed=2078   LPSP=1.3029%  deg=66.853  total=77.538  ELYstarts=11802  (3376s)
  [456/504] MPC (H=48)               seed=2079   LPSP=1.2606%  deg=66.875  total=77.214  ELYstarts=11765  (3396s)
  [457/504] MPC (H=48)               seed=2080   LPSP=1.3034%  deg=66.919  total=77.609  ELYstarts=11842  (3406s)
  [458/504] MPC (H=48)               seed=2081   LPSP=1.3079%  deg=66.841  total=77.568  ELYstarts=11757  (3339s)
  [459/504] MPC (H=48)               seed=2082   LPSP=1.3005%  deg=66.891  total=77.557  ELYstarts=11828  (3391s)
  [460/504] MPC (H=48)               seed=2083   LPSP=1.3033%  deg=66.864  total=77.553  ELYstarts=11846  (3404s)
  [461/504] MPC (H=48)               seed=2084   LPSP=1.2490%  deg=66.841  total=77.085  ELYstarts=11751  (3356s)
  [462/504] MPC (H=48)               seed=2085   LPSP=1.2747%  deg=66.804  total=77.258  ELYstarts=11713  (3454s)
  [463/504] MPC (H=48)               seed=2086   LPSP=1.2863%  deg=66.767  total=77.317  ELYstarts=11758  (3469s)
  [464/504] MPC (H=48)               seed=2087   LPSP=1.2475%  deg=66.838  total=77.069  ELYstarts=11810  (3454s)
  [465/504] MPC (H=48)               seed=2088   LPSP=1.2817%  deg=66.855  total=77.367  ELYstarts=11785  (3589s)
  [466/504] MPC (H=48)               seed=2089   LPSP=1.3020%  deg=66.875  total=77.553  ELYstarts=11820  (4322s)
  [467/504] MPC (H=48)               seed=2090   LPSP=1.3163%  deg=66.779  total=77.574  ELYstarts=11727  (3366s)
  [468/504] MPC (H=48)               seed=2091   LPSP=1.2938%  deg=66.910  total=77.521  ELYstarts=11818  (3357s)
  [469/504] MPC (H=48)               seed=2092   LPSP=1.3045%  deg=66.977  total=77.676  ELYstarts=11864  (3393s)
  [470/504] MPC (H=48)               seed=2093   LPSP=1.2918%  deg=66.962  total=77.557  ELYstarts=11805  (3360s)
  [471/504] MPC (H=48)               seed=2094   LPSP=1.2709%  deg=66.899  total=77.322  ELYstarts=11811  (3452s)
  [472/504] MPC (H=48)               seed=2095   LPSP=1.2986%  deg=66.999  total=77.649  ELYstarts=11868  (3432s)
  [473/504] MPC (H=48)               seed=2096   LPSP=1.3182%  deg=66.973  total=77.783  ELYstarts=11898  (3438s)
  [474/504] MPC (H=48)               seed=2097   LPSP=1.2762%  deg=66.960  total=77.427  ELYstarts=11853  (3427s)
  [475/504] MPC (H=48)               seed=2098   LPSP=1.3081%  deg=66.919  total=77.648  ELYstarts=11892  (3443s)
  [476/504] MPC (H=48)               seed=2099   LPSP=1.2777%  deg=66.933  total=77.411  ELYstarts=11819  (3428s)
  [477/504] MPC (H=48)               seed=2100   LPSP=1.2972%  deg=66.792  total=77.431  ELYstarts=11727  (3448s)
  [478/504] MPC (H=48)               seed=2101   LPSP=1.2922%  deg=66.964  total=77.562  ELYstarts=11880  (3350s)
  [479/504] MPC (H=48)               seed=2102   LPSP=1.2704%  deg=66.894  total=77.313  ELYstarts=11869  (4036s)
  [480/504] MPC (H=48)               seed=2103   LPSP=1.2676%  deg=66.836  total=77.232  ELYstarts=11726  (3384s)
  [481/504] MPC (H=48)               seed=2104   LPSP=1.2747%  deg=66.652  total=77.107  ELYstarts=11662  (3371s)
  [482/504] MPC (H=48)               seed=2105   LPSP=1.3324%  deg=66.916  total=77.844  ELYstarts=11839  (3353s)
  [483/504] MPC (H=48)               seed=2106   LPSP=1.3229%  deg=66.806  total=77.656  ELYstarts=11761  (3313s)
  [484/504] MPC (H=48)               seed=2107   LPSP=1.3047%  deg=66.891  total=77.591  ELYstarts=11804  (3367s)
  [485/504] MPC (H=48)               seed=2108   LPSP=1.3020%  deg=66.874  total=77.552  ELYstarts=11761  (3363s)
  [486/504] MPC (H=48)               seed=2109   LPSP=1.2903%  deg=66.775  total=77.357  ELYstarts=11690  (3370s)
  [487/504] MPC (H=48)               seed=2110   LPSP=1.2812%  deg=66.937  total=77.445  ELYstarts=11835  (3361s)
  [488/504] MPC (H=48)               seed=2111   LPSP=1.3053%  deg=66.953  total=77.658  ELYstarts=11878  (3366s)
  [489/504] MPC (H=48)               seed=2112   LPSP=1.2677%  deg=66.927  total=77.323  ELYstarts=11812  (3600s)
  [490/504] MPC (H=48)               seed=2113   LPSP=1.2933%  deg=66.873  total=77.480  ELYstarts=11797  (4123s)
  [491/504] MPC (H=48)               seed=2114   LPSP=1.2817%  deg=66.877  total=77.389  ELYstarts=11831  (3315s)
  [492/504] MPC (H=48)               seed=2115   LPSP=1.3034%  deg=66.787  total=77.477  ELYstarts=11718  (4151s)
  [493/504] MPC (H=48)               seed=2116   LPSP=1.2985%  deg=66.913  total=77.563  ELYstarts=11853  (4119s)
  [494/504] MPC (H=48)               seed=2117   LPSP=1.3142%  deg=66.947  total=77.725  ELYstarts=11857  (4121s)
  [495/504] MPC (H=48)               seed=2118   LPSP=1.2912%  deg=66.954  total=77.543  ELYstarts=11821  (4100s)
  [496/504] MPC (H=48)               seed=2119   LPSP=1.3037%  deg=66.745  total=77.438  ELYstarts=11747  (4122s)
  [497/504] MPC (H=48)               seed=2120   LPSP=1.2943%  deg=66.947  total=77.562  ELYstarts=11829  (4113s)
  [498/504] MPC (H=48)               seed=2121   LPSP=1.2880%  deg=66.836  total=77.399  ELYstarts=11810  (3842s)
  [499/504] MPC (H=48)               seed=2122   LPSP=1.2851%  deg=66.873  total=77.413  ELYstarts=11818  (3118s)
  [500/504] MPC (H=48)               seed=2123   LPSP=1.2723%  deg=66.845  total=77.280  ELYstarts=11790  (3704s)
  [501/504] MPC (H=48)               seed=2124   LPSP=1.2765%  deg=66.866  total=77.334  ELYstarts=11790  (3131s)
  [502/504] MPC (H=48)               seed=2125   LPSP=1.3258%  deg=66.777  total=77.650  ELYstarts=11756  (3104s)
  [503/504] MPC omni (H=24)          seed=2026   LPSP=0.6075%  deg=55.095  total=60.077  ELYstarts=8155  (1320s)
  [504/504] MPC omni (H=48)          seed=2026   LPSP=0.4635%  deg=55.646  total=59.448  ELYstarts=8243  (3065s)
[bench_mpc] termine en 26094 s
# bench_mpc (bench_mpc) : 25 ans ; VoLL=3.0 ; N=100 graines ; CRN ; base=RB2 socle
label ; N ; LPSP(%) ; sLPSP ; deg(kEUR) ; sdeg ; total(kEUR) ; stotal ; dtotal_vs_base(kEUR) ; ELY_starts
RB2 socle ; 1 ; 2.5921 ; 0.0000 ; 58.843 ; 0.000 ; 80.102 ; 0.000 ; +0.000 ; 9199
RB2(SoH_all) (test nul) ; 1 ; 3.1051 ; 0.0000 ; 52.870 ; 0.000 ; 78.336 ; 0.000 ; -1.767 ; 9190
RB2(SoH_all+Pred) ; 100 ; 2.9426 ; 0.0131 ; 53.094 ; 0.016 ; 77.228 ; 0.103 ; -2.874 ; 8994
MPC(sans pred) ; 100 ; 4.7473 ; 0.0000 ; 56.723 ; 0.000 ; 95.658 ; 0.000 ; +15.556 ; 9755
MPC(Pred) ; 100 ; 1.4100 ; 0.0183 ; 66.299 ; 0.056 ; 77.863 ; 0.167 ; -2.239 ; 11617
MPC(SoH+Pred) ; 100 ; 1.4667 ; 0.0206 ; 67.606 ; 0.096 ; 79.635 ; 0.218 ; -0.468 ; 12058
MPC (H=48) ; 100 ; 1.2906 ; 0.0176 ; 66.876 ; 0.065 ; 77.460 ; 0.170 ; -2.642 ; 11805
MPC omni (H=24) ; 1 ; 0.6075 ; 0.0000 ; 55.095 ; 0.000 ; 60.077 ; 0.000 ; -20.025 ; 8155
MPC omni (H=48) ; 1 ; 0.4635 ; 0.0000 ; 55.646 ; 0.000 ; 59.448 ; 0.000 ; -20.654 ; 8243

[bench_mpc] -> /Work/Users/tlenoir/genial/Robustesse/MPC3/bench_mpc.txt
[bench_mpc] -> /Work/Users/tlenoir/genial/Robustesse/MPC3/bench_mpc_cloud.csv

real	434m54.327s
user	12442m56.825s
sys	439m40.548s
fin=Thu Jul  9 00:46:56 CEST 2026
