Job 213274  noeud=node4-9  N=100  n_years=25  extra=
cpus-per-task=32  debut=lun. juil.  6 00:22:08 CEST 2026
numpy 1.21.5 scipy 1.9.1
linprog HiGHS OK
[bench_mpc] !! ATTENTION : strategie 'RB2 socle' INTROUVABLE (/Work/Users/tlenoir/genial/Robustesse/Fable_pred/RB2(SoH_all+Pred)) -> IGNOREE.
[bench_mpc]    (synchroniser le dossier parent sur le mesocentre pour l'inclure dans la comparaison)
[bench_mpc] !! ATTENTION : strategie 'RB2(SoH_all) (test nul)' INTROUVABLE (/Work/Users/tlenoir/genial/Robustesse/Fable_pred/RB2(SoH_all+Pred)) -> IGNOREE.
[bench_mpc]    (synchroniser le dossier parent sur le mesocentre pour l'inclure dans la comparaison)
[bench_mpc] !! ATTENTION : strategie 'RB2(SoH_all+Pred)' INTROUVABLE (/Work/Users/tlenoir/genial/Robustesse/Fable_pred/RB2(SoH_all+Pred)) -> IGNOREE.
[bench_mpc]    (synchroniser le dossier parent sur le mesocentre pour l'inclure dans la comparaison)
[bench_mpc] 300 runs (25 ans), 32 workers ...
  [  1/300] MPC (H=24)               seed=2026   LPSP=1.2912%  deg=68.383  total=78.972  ELYstarts=12713  (1327s)
  [  2/300] MPC (H=24)               seed=2027   LPSP=1.2714%  deg=68.228  total=78.655  ELYstarts=12582  (1336s)
  [  3/300] MPC (H=24)               seed=2028   LPSP=1.2533%  deg=68.270  total=78.549  ELYstarts=12576  (1321s)
  [  4/300] MPC (H=24)               seed=2029   LPSP=1.2646%  deg=68.287  total=78.659  ELYstarts=12605  (1346s)
  [  5/300] MPC (H=24)               seed=2030   LPSP=1.2740%  deg=68.319  total=78.767  ELYstarts=12633  (1336s)
  [  6/300] MPC (H=24)               seed=2031   LPSP=1.3084%  deg=68.232  total=78.963  ELYstarts=12569  (1341s)
  [  7/300] MPC (H=24)               seed=2032   LPSP=1.2777%  deg=68.184  total=78.663  ELYstarts=12575  (1335s)
  [  8/300] MPC (H=24)               seed=2033   LPSP=1.2990%  deg=68.271  total=78.925  ELYstarts=12592  (1337s)
  [  9/300] MPC (H=24)               seed=2034   LPSP=1.2549%  deg=68.233  total=78.525  ELYstarts=12563  (1348s)
  [ 10/300] MPC (H=24)               seed=2035   LPSP=1.2685%  deg=68.218  total=78.622  ELYstarts=12616  (1361s)
  [ 11/300] MPC (H=24)               seed=2036   LPSP=1.2705%  deg=68.343  total=78.764  ELYstarts=12599  (1343s)
  [ 12/300] MPC (H=24)               seed=2037   LPSP=1.2849%  deg=68.356  total=78.895  ELYstarts=12716  (1355s)
  [ 13/300] MPC (H=24)               seed=2038   LPSP=1.3009%  deg=68.207  total=78.877  ELYstarts=12590  (1363s)
  [ 14/300] MPC (H=24)               seed=2039   LPSP=1.2590%  deg=68.234  total=78.560  ELYstarts=12525  (1344s)
  [ 15/300] MPC (H=24)               seed=2040   LPSP=1.2913%  deg=68.308  total=78.899  ELYstarts=12633  (1349s)
  [ 16/300] MPC (H=24)               seed=2041   LPSP=1.2685%  deg=68.253  total=78.657  ELYstarts=12526  (1351s)
  [ 17/300] MPC (H=24)               seed=2042   LPSP=1.2589%  deg=68.216  total=78.541  ELYstarts=12508  (1355s)
  [ 18/300] MPC (H=24)               seed=2043   LPSP=1.2544%  deg=68.394  total=78.682  ELYstarts=12638  (1349s)
  [ 19/300] MPC (H=24)               seed=2044   LPSP=1.2838%  deg=68.273  total=78.802  ELYstarts=12592  (1345s)
  [ 20/300] MPC (H=24)               seed=2045   LPSP=1.2790%  deg=68.396  total=78.885  ELYstarts=12679  (1359s)
  [ 21/300] MPC (H=24)               seed=2046   LPSP=1.2894%  deg=68.314  total=78.888  ELYstarts=12657  (1353s)
  [ 22/300] MPC (H=24)               seed=2047   LPSP=1.2933%  deg=68.297  total=78.903  ELYstarts=12653  (1354s)
  [ 23/300] MPC (H=24)               seed=2048   LPSP=1.2623%  deg=68.160  total=78.513  ELYstarts=12494  (1345s)
  [ 24/300] MPC (H=24)               seed=2049   LPSP=1.2740%  deg=68.227  total=78.676  ELYstarts=12559  (1349s)
  [ 25/300] MPC (H=24)               seed=2050   LPSP=1.2885%  deg=68.268  total=78.835  ELYstarts=12588  (1350s)
  [ 26/300] MPC (H=24)               seed=2051   LPSP=1.2763%  deg=68.330  total=78.797  ELYstarts=12639  (1366s)
  [ 27/300] MPC (H=24)               seed=2052   LPSP=1.2646%  deg=68.392  total=78.763  ELYstarts=12657  (1357s)
  [ 28/300] MPC (H=24)               seed=2053   LPSP=1.2949%  deg=68.315  total=78.935  ELYstarts=12573  (1349s)
  [ 29/300] MPC (H=24)               seed=2054   LPSP=1.2760%  deg=68.395  total=78.860  ELYstarts=12716  (1349s)
  [ 30/300] MPC (H=24)               seed=2055   LPSP=1.2715%  deg=68.240  total=78.668  ELYstarts=12516  (1350s)
  [ 31/300] MPC (H=24)               seed=2056   LPSP=1.2923%  deg=68.318  total=78.917  ELYstarts=12650  (1349s)
  [ 32/300] MPC (H=24)               seed=2057   LPSP=1.2643%  deg=68.228  total=78.597  ELYstarts=12576  (1349s)
  [ 33/300] MPC (H=24)               seed=2058   LPSP=1.3042%  deg=68.271  total=78.967  ELYstarts=12628  (1319s)
  [ 34/300] MPC (H=24)               seed=2059   LPSP=1.2730%  deg=68.300  total=78.741  ELYstarts=12651  (1343s)
  [ 35/300] MPC (H=24)               seed=2060   LPSP=1.2754%  deg=68.289  total=78.749  ELYstarts=12640  (1321s)
  [ 36/300] MPC (H=24)               seed=2061   LPSP=1.2854%  deg=68.374  total=78.916  ELYstarts=12675  (1325s)
  [ 37/300] MPC (H=24)               seed=2062   LPSP=1.2622%  deg=68.211  total=78.563  ELYstarts=12541  (1336s)
  [ 38/300] MPC (H=24)               seed=2063   LPSP=1.2798%  deg=68.291  total=78.787  ELYstarts=12613  (1318s)
  [ 39/300] MPC (H=24)               seed=2064   LPSP=1.2602%  deg=68.249  total=78.584  ELYstarts=12570  (1326s)
  [ 40/300] MPC (H=24)               seed=2065   LPSP=1.2871%  deg=68.424  total=78.980  ELYstarts=12703  (1319s)
  [ 41/300] MPC (H=24)               seed=2066   LPSP=1.2921%  deg=68.281  total=78.878  ELYstarts=12620  (1325s)
  [ 42/300] MPC (H=24)               seed=2067   LPSP=1.2833%  deg=68.347  total=78.872  ELYstarts=12634  (1348s)
  [ 43/300] MPC (H=24)               seed=2068   LPSP=1.3071%  deg=68.369  total=79.089  ELYstarts=12636  (1334s)
  [ 44/300] MPC (H=24)               seed=2069   LPSP=1.2813%  deg=68.285  total=78.793  ELYstarts=12567  (1327s)
  [ 45/300] MPC (H=24)               seed=2070   LPSP=1.2926%  deg=68.323  total=78.924  ELYstarts=12663  (1326s)
  [ 46/300] MPC (H=24)               seed=2071   LPSP=1.2728%  deg=68.323  total=78.762  ELYstarts=12608  (1347s)
  [ 47/300] MPC (H=24)               seed=2072   LPSP=1.2794%  deg=68.395  total=78.888  ELYstarts=12696  (1349s)
  [ 48/300] MPC (H=24)               seed=2073   LPSP=1.3114%  deg=68.318  total=79.073  ELYstarts=12636  (1326s)
  [ 49/300] MPC (H=24)               seed=2074   LPSP=1.2903%  deg=68.397  total=78.979  ELYstarts=12684  (1339s)
  [ 50/300] MPC (H=24)               seed=2075   LPSP=1.2952%  deg=68.404  total=79.026  ELYstarts=12700  (1360s)
  [ 51/300] MPC (H=24)               seed=2076   LPSP=1.2647%  deg=68.300  total=78.672  ELYstarts=12595  (1334s)
  [ 52/300] MPC (H=24)               seed=2077   LPSP=1.2792%  deg=68.221  total=78.712  ELYstarts=12634  (1351s)
  [ 53/300] MPC (H=24)               seed=2078   LPSP=1.2580%  deg=68.188  total=78.505  ELYstarts=12532  (1348s)
  [ 54/300] MPC (H=24)               seed=2079   LPSP=1.2882%  deg=68.355  total=78.920  ELYstarts=12678  (1348s)
  [ 55/300] MPC (H=24)               seed=2080   LPSP=1.2909%  deg=68.350  total=78.938  ELYstarts=12669  (1331s)
  [ 56/300] MPC (H=24)               seed=2081   LPSP=1.3071%  deg=68.371  total=79.092  ELYstarts=12657  (1347s)
  [ 57/300] MPC (H=24)               seed=2082   LPSP=1.2607%  deg=68.243  total=78.582  ELYstarts=12568  (1345s)
  [ 58/300] MPC (H=24)               seed=2083   LPSP=1.2628%  deg=68.303  total=78.660  ELYstarts=12627  (1336s)
  [ 59/300] MPC (H=24)               seed=2084   LPSP=1.2483%  deg=68.188  total=78.427  ELYstarts=12547  (1332s)
  [ 60/300] MPC (H=24)               seed=2085   LPSP=1.2708%  deg=68.313  total=78.735  ELYstarts=12660  (1353s)
  [ 61/300] MPC (H=24)               seed=2086   LPSP=1.2845%  deg=68.325  total=78.859  ELYstarts=12594  (1342s)
  [ 62/300] MPC (H=24)               seed=2087   LPSP=1.2670%  deg=68.324  total=78.716  ELYstarts=12613  (1327s)
  [ 63/300] MPC (H=24)               seed=2088   LPSP=1.2732%  deg=68.316  total=78.758  ELYstarts=12620  (1338s)
  [ 64/300] MPC (H=24)               seed=2089   LPSP=1.2636%  deg=68.247  total=78.610  ELYstarts=12518  (1362s)
  [ 65/300] MPC (H=24)               seed=2090   LPSP=1.2824%  deg=68.428  total=78.946  ELYstarts=12711  (1321s)
  [ 66/300] MPC (H=24)               seed=2091   LPSP=1.2852%  deg=68.339  total=78.879  ELYstarts=12620  (1317s)
  [ 67/300] MPC (H=24)               seed=2092   LPSP=1.2860%  deg=68.379  total=78.926  ELYstarts=12658  (1321s)
  [ 68/300] MPC (H=24)               seed=2093   LPSP=1.3097%  deg=68.462  total=79.203  ELYstarts=12728  (1326s)
  [ 69/300] MPC (H=24)               seed=2094   LPSP=1.2945%  deg=68.263  total=78.880  ELYstarts=12593  (1324s)
  [ 70/300] MPC (H=24)               seed=2095   LPSP=1.2757%  deg=68.200  total=78.663  ELYstarts=12513  (1328s)
  [ 71/300] MPC (H=24)               seed=2096   LPSP=1.3036%  deg=68.376  total=79.067  ELYstarts=12680  (1325s)
  [ 72/300] MPC (H=24)               seed=2097   LPSP=1.2777%  deg=68.321  total=78.799  ELYstarts=12598  (1339s)
  [ 73/300] MPC (H=24)               seed=2098   LPSP=1.2886%  deg=68.367  total=78.935  ELYstarts=12638  (1332s)
  [ 74/300] MPC (H=24)               seed=2099   LPSP=1.2800%  deg=68.228  total=78.726  ELYstarts=12491  (1326s)
  [ 75/300] MPC (H=24)               seed=2100   LPSP=1.2781%  deg=68.316  total=78.799  ELYstarts=12614  (1329s)
  [ 76/300] MPC (H=24)               seed=2101   LPSP=1.2652%  deg=68.254  total=78.630  ELYstarts=12606  (1322s)
  [ 77/300] MPC (H=24)               seed=2102   LPSP=1.2651%  deg=68.402  total=78.778  ELYstarts=12656  (1322s)
  [ 78/300] MPC (H=24)               seed=2103   LPSP=1.2841%  deg=68.300  total=78.831  ELYstarts=12631  (1315s)
  [ 79/300] MPC (H=24)               seed=2104   LPSP=1.2991%  deg=68.237  total=78.891  ELYstarts=12566  (1325s)
  [ 80/300] MPC (H=24)               seed=2105   LPSP=1.2673%  deg=68.364  total=78.757  ELYstarts=12706  (1331s)
  [ 81/300] MPC (H=24)               seed=2106   LPSP=1.2852%  deg=68.351  total=78.892  ELYstarts=12668  (1330s)
  [ 82/300] MPC (H=24)               seed=2107   LPSP=1.2750%  deg=68.336  total=78.793  ELYstarts=12638  (1317s)
  [ 83/300] MPC (H=24)               seed=2108   LPSP=1.2935%  deg=68.254  total=78.863  ELYstarts=12613  (1325s)
  [ 84/300] MPC (H=24)               seed=2109   LPSP=1.3309%  deg=68.202  total=79.117  ELYstarts=12546  (1334s)
  [ 85/300] MPC (H=24)               seed=2110   LPSP=1.2951%  deg=68.370  total=78.992  ELYstarts=12702  (1325s)
  [ 86/300] MPC (H=24)               seed=2111   LPSP=1.2811%  deg=68.348  total=78.855  ELYstarts=12659  (1333s)
  [ 87/300] MPC (H=24)               seed=2112   LPSP=1.2702%  deg=68.258  total=78.675  ELYstarts=12489  (1324s)
  [ 88/300] MPC (H=24)               seed=2113   LPSP=1.2726%  deg=68.281  total=78.718  ELYstarts=12604  (1335s)
  [ 89/300] MPC (H=24)               seed=2114   LPSP=1.2587%  deg=68.287  total=78.611  ELYstarts=12617  (1325s)
  [ 90/300] MPC (H=24)               seed=2115   LPSP=1.2868%  deg=68.346  total=78.900  ELYstarts=12667  (1328s)
  [ 91/300] MPC (H=24)               seed=2116   LPSP=1.2673%  deg=68.333  total=78.726  ELYstarts=12648  (1337s)
  [ 92/300] MPC (H=24)               seed=2117   LPSP=1.3056%  deg=68.315  total=79.023  ELYstarts=12596  (1321s)
  [ 93/300] MPC (H=24)               seed=2118   LPSP=1.3075%  deg=68.264  total=78.988  ELYstarts=12606  (1338s)
  [ 94/300] MPC (H=24)               seed=2119   LPSP=1.2640%  deg=68.366  total=78.733  ELYstarts=12693  (1341s)
  [ 95/300] MPC (H=24)               seed=2120   LPSP=1.2943%  deg=68.304  total=78.919  ELYstarts=12618  (1333s)
  [ 96/300] MPC (H=24)               seed=2121   LPSP=1.2758%  deg=68.328  total=78.791  ELYstarts=12628  (1333s)
  [ 97/300] MPC (H=24)               seed=2122   LPSP=1.2604%  deg=68.219  total=78.557  ELYstarts=12565  (1323s)
  [ 98/300] MPC (H=24)               seed=2123   LPSP=1.2934%  deg=68.245  total=78.852  ELYstarts=12612  (1327s)
  [ 99/300] MPC (H=24)               seed=2124   LPSP=1.2576%  deg=68.288  total=78.603  ELYstarts=12572  (1324s)
  [100/300] MPC (H=24)               seed=2125   LPSP=1.2537%  deg=68.178  total=78.460  ELYstarts=12529  (1325s)
  [101/300] MPC (H=24, gel 12h)      seed=2026   LPSP=4.5730%  deg=67.279  total=104.784  ELYstarts=11749  (1248s)
  [102/300] MPC (H=24, gel 12h)      seed=2027   LPSP=4.5398%  deg=67.310  total=104.543  ELYstarts=11657  (1247s)
  [103/300] MPC (H=24, gel 12h)      seed=2028   LPSP=4.5431%  deg=67.275  total=104.534  ELYstarts=11645  (1250s)
  [104/300] MPC (H=24, gel 12h)      seed=2029   LPSP=4.5011%  deg=67.233  total=104.148  ELYstarts=11547  (1246s)
  [105/300] MPC (H=24, gel 12h)      seed=2030   LPSP=4.5627%  deg=67.419  total=104.840  ELYstarts=11744  (1252s)
  [106/300] MPC (H=24, gel 12h)      seed=2031   LPSP=4.5038%  deg=67.322  total=104.259  ELYstarts=11630  (1245s)
  [107/300] MPC (H=24, gel 12h)      seed=2032   LPSP=4.5172%  deg=67.190  total=104.237  ELYstarts=11642  (1259s)
  [108/300] MPC (H=24, gel 12h)      seed=2033   LPSP=4.5732%  deg=67.182  total=104.689  ELYstarts=11615  (1252s)
  [109/300] MPC (H=24, gel 12h)      seed=2034   LPSP=4.4676%  deg=67.262  total=103.903  ELYstarts=11638  (1273s)
  [110/300] MPC (H=24, gel 12h)      seed=2035   LPSP=4.5088%  deg=67.246  total=104.224  ELYstarts=11621  (1244s)
  [111/300] MPC (H=24, gel 12h)      seed=2036   LPSP=4.5418%  deg=67.352  total=104.601  ELYstarts=11636  (1247s)
  [112/300] MPC (H=24, gel 12h)      seed=2037   LPSP=4.5907%  deg=67.376  total=105.026  ELYstarts=11715  (1249s)
  [113/300] MPC (H=24, gel 12h)      seed=2038   LPSP=4.5902%  deg=67.283  total=104.929  ELYstarts=11641  (1249s)
  [114/300] MPC (H=24, gel 12h)      seed=2039   LPSP=4.5287%  deg=67.385  total=104.527  ELYstarts=11677  (1256s)
  [115/300] MPC (H=24, gel 12h)      seed=2040   LPSP=4.5099%  deg=67.288  total=104.276  ELYstarts=11691  (1259s)
  [116/300] MPC (H=24, gel 12h)      seed=2041   LPSP=4.5061%  deg=67.357  total=104.313  ELYstarts=11717  (1246s)
  [117/300] MPC (H=24, gel 12h)      seed=2042   LPSP=4.4852%  deg=67.274  total=104.059  ELYstarts=11516  (1251s)
  [118/300] MPC (H=24, gel 12h)      seed=2043   LPSP=4.5455%  deg=67.282  total=104.562  ELYstarts=11542  (1254s)
  [119/300] MPC (H=24, gel 12h)      seed=2044   LPSP=4.6034%  deg=67.241  total=104.995  ELYstarts=11670  (1244s)
  [120/300] MPC (H=24, gel 12h)      seed=2045   LPSP=4.4475%  deg=67.364  total=103.840  ELYstarts=11643  (1257s)
  [121/300] MPC (H=24, gel 12h)      seed=2046   LPSP=4.4183%  deg=67.303  total=103.540  ELYstarts=11606  (1265s)
  [122/300] MPC (H=24, gel 12h)      seed=2047   LPSP=4.5903%  deg=67.148  total=104.795  ELYstarts=11572  (1247s)
  [123/300] MPC (H=24, gel 12h)      seed=2048   LPSP=4.4200%  deg=67.279  total=103.529  ELYstarts=11613  (1251s)
  [124/300] MPC (H=24, gel 12h)      seed=2049   LPSP=4.5409%  deg=67.129  total=104.371  ELYstarts=11497  (1251s)
  [125/300] MPC (H=24, gel 12h)      seed=2050   LPSP=4.5441%  deg=67.458  total=104.726  ELYstarts=11827  (1264s)
  [126/300] MPC (H=24, gel 12h)      seed=2051   LPSP=4.6853%  deg=67.102  total=105.528  ELYstarts=11547  (1260s)
  [127/300] MPC (H=24, gel 12h)      seed=2052   LPSP=4.6430%  deg=67.368  total=105.447  ELYstarts=11783  (1253s)
  [128/300] MPC (H=24, gel 12h)      seed=2053   LPSP=4.5614%  deg=67.336  total=104.746  ELYstarts=11631  (1258s)
  [129/300] MPC (H=24, gel 12h)      seed=2054   LPSP=4.4960%  deg=67.403  total=104.276  ELYstarts=11713  (1254s)
  [130/300] MPC (H=24, gel 12h)      seed=2055   LPSP=4.5546%  deg=67.383  total=104.737  ELYstarts=11703  (1248s)
  [131/300] MPC (H=24, gel 12h)      seed=2056   LPSP=4.6212%  deg=67.412  total=105.312  ELYstarts=11845  (1250s)
  [132/300] MPC (H=24, gel 12h)      seed=2057   LPSP=4.4700%  deg=67.222  total=103.883  ELYstarts=11616  (1250s)
  [133/300] MPC (H=24, gel 12h)      seed=2058   LPSP=4.6094%  deg=67.273  total=105.077  ELYstarts=11657  (1256s)
  [134/300] MPC (H=24, gel 12h)      seed=2059   LPSP=4.4839%  deg=67.360  total=104.135  ELYstarts=11671  (1247s)
  [135/300] MPC (H=24, gel 12h)      seed=2060   LPSP=4.5031%  deg=67.211  total=104.142  ELYstarts=11589  (1258s)
  [136/300] MPC (H=24, gel 12h)      seed=2061   LPSP=4.4751%  deg=67.319  total=104.021  ELYstarts=11690  (1258s)
  [137/300] MPC (H=24, gel 12h)      seed=2062   LPSP=4.5523%  deg=67.321  total=104.657  ELYstarts=11738  (1250s)
  [138/300] MPC (H=24, gel 12h)      seed=2063   LPSP=4.5407%  deg=67.245  total=104.486  ELYstarts=11614  (1252s)
  [139/300] MPC (H=24, gel 12h)      seed=2064   LPSP=4.4644%  deg=67.193  total=103.807  ELYstarts=11527  (1261s)
  [140/300] MPC (H=24, gel 12h)      seed=2065   LPSP=4.6023%  deg=67.290  total=105.036  ELYstarts=11697  (1252s)
  [141/300] MPC (H=24, gel 12h)      seed=2066   LPSP=4.5725%  deg=67.307  total=104.808  ELYstarts=11691  (1249s)
  [142/300] MPC (H=24, gel 12h)      seed=2067   LPSP=4.4946%  deg=67.296  total=104.158  ELYstarts=11607  (1250s)
  [143/300] MPC (H=24, gel 12h)      seed=2068   LPSP=4.4078%  deg=67.302  total=103.453  ELYstarts=11556  (1255s)
  [144/300] MPC (H=24, gel 12h)      seed=2069   LPSP=4.5500%  deg=67.226  total=104.542  ELYstarts=11631  (1268s)
  [145/300] MPC (H=24, gel 12h)      seed=2070   LPSP=4.4268%  deg=67.274  total=103.580  ELYstarts=11588  (1258s)
  [146/300] MPC (H=24, gel 12h)      seed=2071   LPSP=4.5330%  deg=67.138  total=104.315  ELYstarts=11462  (1281s)
  [147/300] MPC (H=24, gel 12h)      seed=2072   LPSP=4.4981%  deg=67.222  total=104.112  ELYstarts=11608  (1262s)
  [148/300] MPC (H=24, gel 12h)      seed=2073   LPSP=4.4741%  deg=67.354  total=104.047  ELYstarts=11681  (1256s)
  [149/300] MPC (H=24, gel 12h)      seed=2074   LPSP=4.6533%  deg=67.331  total=105.494  ELYstarts=11721  (1259s)
  [150/300] MPC (H=24, gel 12h)      seed=2075   LPSP=4.5118%  deg=67.337  total=104.340  ELYstarts=11674  (1252s)
  [151/300] MPC (H=24, gel 12h)      seed=2076   LPSP=4.4876%  deg=67.294  total=104.098  ELYstarts=11553  (1253s)
  [152/300] MPC (H=24, gel 12h)      seed=2077   LPSP=4.5346%  deg=67.310  total=104.500  ELYstarts=11667  (1251s)
  [153/300] MPC (H=24, gel 12h)      seed=2078   LPSP=4.4481%  deg=67.207  total=103.687  ELYstarts=11542  (1263s)
  [154/300] MPC (H=24, gel 12h)      seed=2079   LPSP=4.4240%  deg=67.295  total=103.579  ELYstarts=11651  (1254s)
  [155/300] MPC (H=24, gel 12h)      seed=2080   LPSP=4.4404%  deg=67.361  total=103.779  ELYstarts=11651  (1249s)
  [156/300] MPC (H=24, gel 12h)      seed=2081   LPSP=4.6427%  deg=67.362  total=105.439  ELYstarts=11774  (1256s)
  [157/300] MPC (H=24, gel 12h)      seed=2082   LPSP=4.6216%  deg=67.249  total=105.153  ELYstarts=11656  (1262s)
  [158/300] MPC (H=24, gel 12h)      seed=2083   LPSP=4.4944%  deg=67.207  total=104.068  ELYstarts=11579  (1262s)
  [159/300] MPC (H=24, gel 12h)      seed=2084   LPSP=4.4863%  deg=67.352  total=104.146  ELYstarts=11646  (1256s)
  [160/300] MPC (H=24, gel 12h)      seed=2085   LPSP=4.4911%  deg=67.283  total=104.116  ELYstarts=11619  (1261s)
  [161/300] MPC (H=24, gel 12h)      seed=2086   LPSP=4.4504%  deg=67.290  total=103.790  ELYstarts=11589  (1248s)
  [162/300] MPC (H=24, gel 12h)      seed=2087   LPSP=4.5303%  deg=67.307  total=104.462  ELYstarts=11592  (1252s)
  [163/300] MPC (H=24, gel 12h)      seed=2088   LPSP=4.5264%  deg=67.314  total=104.437  ELYstarts=11688  (1251s)
  [164/300] MPC (H=24, gel 12h)      seed=2089   LPSP=4.5473%  deg=67.347  total=104.642  ELYstarts=11638  (1256s)
  [165/300] MPC (H=24, gel 12h)      seed=2090   LPSP=4.5679%  deg=67.228  total=104.691  ELYstarts=11530  (1245s)
  [166/300] MPC (H=24, gel 12h)      seed=2091   LPSP=4.5890%  deg=67.336  total=104.973  ELYstarts=11719  (1251s)
  [167/300] MPC (H=24, gel 12h)      seed=2092   LPSP=4.4882%  deg=67.457  total=104.267  ELYstarts=11758  (1252s)
  [168/300] MPC (H=24, gel 12h)      seed=2093   LPSP=4.5513%  deg=67.266  total=104.593  ELYstarts=11604  (1250s)
  [169/300] MPC (H=24, gel 12h)      seed=2094   LPSP=4.5729%  deg=67.256  total=104.761  ELYstarts=11659  (1253s)
  [170/300] MPC (H=24, gel 12h)      seed=2095   LPSP=4.5477%  deg=67.232  total=104.529  ELYstarts=11578  (1258s)
  [171/300] MPC (H=24, gel 12h)      seed=2096   LPSP=4.5046%  deg=67.232  total=104.177  ELYstarts=11570  (1250s)
  [172/300] MPC (H=24, gel 12h)      seed=2097   LPSP=4.4624%  deg=67.330  total=103.928  ELYstarts=11587  (1255s)
  [173/300] MPC (H=24, gel 12h)      seed=2098   LPSP=4.5157%  deg=67.204  total=104.240  ELYstarts=11520  (1256s)
  [174/300] MPC (H=24, gel 12h)      seed=2099   LPSP=4.5697%  deg=67.226  total=104.704  ELYstarts=11629  (1258s)
  [175/300] MPC (H=24, gel 12h)      seed=2100   LPSP=4.5024%  deg=67.293  total=104.219  ELYstarts=11630  (1255s)
  [176/300] MPC (H=24, gel 12h)      seed=2101   LPSP=4.4201%  deg=67.393  total=103.644  ELYstarts=11696  (1256s)
  [177/300] MPC (H=24, gel 12h)      seed=2102   LPSP=4.5386%  deg=67.337  total=104.560  ELYstarts=11688  (1254s)
  [178/300] MPC (H=24, gel 12h)      seed=2103   LPSP=4.5071%  deg=67.210  total=104.175  ELYstarts=11616  (1252s)
  [179/300] MPC (H=24, gel 12h)      seed=2104   LPSP=4.4747%  deg=67.256  total=103.955  ELYstarts=11611  (1257s)
  [180/300] MPC (H=24, gel 12h)      seed=2105   LPSP=4.4951%  deg=67.391  total=104.257  ELYstarts=11679  (1261s)
  [181/300] MPC (H=24, gel 12h)      seed=2106   LPSP=4.6238%  deg=67.264  total=105.186  ELYstarts=11628  (1254s)
  [182/300] MPC (H=24, gel 12h)      seed=2107   LPSP=4.4260%  deg=67.293  total=103.593  ELYstarts=11585  (1280s)
  [183/300] MPC (H=24, gel 12h)      seed=2108   LPSP=4.5090%  deg=67.306  total=104.287  ELYstarts=11602  (1259s)
  [184/300] MPC (H=24, gel 12h)      seed=2109   LPSP=4.4462%  deg=67.245  total=103.710  ELYstarts=11551  (1253s)
  [185/300] MPC (H=24, gel 12h)      seed=2110   LPSP=4.5334%  deg=67.245  total=104.425  ELYstarts=11608  (1249s)
  [186/300] MPC (H=24, gel 12h)      seed=2111   LPSP=4.4699%  deg=67.215  total=103.875  ELYstarts=11593  (1253s)
  [187/300] MPC (H=24, gel 12h)      seed=2112   LPSP=4.5114%  deg=67.304  total=104.304  ELYstarts=11603  (1263s)
  [188/300] MPC (H=24, gel 12h)      seed=2113   LPSP=4.5135%  deg=67.411  total=104.428  ELYstarts=11725  (1260s)
  [189/300] MPC (H=24, gel 12h)      seed=2114   LPSP=4.4618%  deg=67.281  total=103.874  ELYstarts=11579  (1260s)
  [190/300] MPC (H=24, gel 12h)      seed=2115   LPSP=4.5980%  deg=67.213  total=104.924  ELYstarts=11678  (1263s)
  [191/300] MPC (H=24, gel 12h)      seed=2116   LPSP=4.4693%  deg=67.252  total=103.907  ELYstarts=11613  (1252s)
  [192/300] MPC (H=24, gel 12h)      seed=2117   LPSP=4.6104%  deg=67.211  total=105.023  ELYstarts=11611  (1257s)
  [193/300] MPC (H=24, gel 12h)      seed=2118   LPSP=4.5030%  deg=67.291  total=104.222  ELYstarts=11639  (1264s)
  [194/300] MPC (H=24, gel 12h)      seed=2119   LPSP=4.4993%  deg=67.246  total=104.147  ELYstarts=11622  (1265s)
  [195/300] MPC (H=24, gel 12h)      seed=2120   LPSP=4.5725%  deg=67.272  total=104.773  ELYstarts=11582  (1259s)
  [196/300] MPC (H=24, gel 12h)      seed=2121   LPSP=4.5378%  deg=67.203  total=104.419  ELYstarts=11571  (1263s)
  [197/300] MPC (H=24, gel 12h)      seed=2122   LPSP=4.4741%  deg=67.280  total=103.974  ELYstarts=11615  (1277s)
  [198/300] MPC (H=24, gel 12h)      seed=2123   LPSP=4.4924%  deg=67.272  total=104.116  ELYstarts=11621  (1258s)
  [199/300] MPC (H=24, gel 12h)      seed=2124   LPSP=4.5077%  deg=67.243  total=104.213  ELYstarts=11552  (1263s)
  [200/300] MPC (H=24, gel 12h)      seed=2125   LPSP=4.4492%  deg=67.281  total=103.771  ELYstarts=11689  (1261s)
  [201/300] MPC (H=48)               seed=2026   LPSP=1.2304%  deg=69.354  total=79.445  ELYstarts=13778  (4168s)
  [202/300] MPC (H=48)               seed=2027   LPSP=1.2162%  deg=69.463  total=79.437  ELYstarts=13912  (4050s)
  [203/300] MPC (H=48)               seed=2028   LPSP=1.2310%  deg=69.338  total=79.434  ELYstarts=13797  (4164s)
  [204/300] MPC (H=48)               seed=2029   LPSP=1.2421%  deg=69.291  total=79.478  ELYstarts=13790  (4240s)
  [205/300] MPC (H=48)               seed=2030   LPSP=1.2410%  deg=69.381  total=79.560  ELYstarts=13828  (4183s)
  [206/300] MPC (H=48)               seed=2031   LPSP=1.2139%  deg=69.266  total=79.222  ELYstarts=13772  (4002s)
  [207/300] MPC (H=48)               seed=2032   LPSP=1.2025%  deg=69.367  total=79.229  ELYstarts=13777  (4012s)
  [208/300] MPC (H=48)               seed=2033   LPSP=1.2572%  deg=69.443  total=79.754  ELYstarts=13919  (3287s)
  [209/300] MPC (H=48)               seed=2034   LPSP=1.2060%  deg=69.324  total=79.215  ELYstarts=13830  (4138s)
  [210/300] MPC (H=48)               seed=2035   LPSP=1.2099%  deg=69.277  total=79.199  ELYstarts=13768  (3270s)
  [211/300] MPC (H=48)               seed=2036   LPSP=1.1942%  deg=69.361  total=79.155  ELYstarts=13792  (4294s)
  [212/300] MPC (H=48)               seed=2037   LPSP=1.2093%  deg=69.378  total=79.296  ELYstarts=13742  (4263s)
  [213/300] MPC (H=48)               seed=2038   LPSP=1.1985%  deg=69.240  total=79.069  ELYstarts=13739  (4237s)
  [214/300] MPC (H=48)               seed=2039   LPSP=1.2503%  deg=69.411  total=79.664  ELYstarts=13887  (3277s)
  [215/300] MPC (H=48)               seed=2040   LPSP=1.2177%  deg=69.406  total=79.392  ELYstarts=13788  (3262s)
  [216/300] MPC (H=48)               seed=2041   LPSP=1.2025%  deg=69.430  total=79.292  ELYstarts=13849  (4226s)
  [217/300] MPC (H=48)               seed=2042   LPSP=1.2388%  deg=69.278  total=79.438  ELYstarts=13760  (3273s)
  [218/300] MPC (H=48)               seed=2043   LPSP=1.2263%  deg=69.262  total=79.319  ELYstarts=13820  (3263s)
  [219/300] MPC (H=48)               seed=2044   LPSP=1.2148%  deg=69.294  total=79.257  ELYstarts=13784  (3782s)
  [220/300] MPC (H=48)               seed=2045   LPSP=1.2287%  deg=69.402  total=79.480  ELYstarts=13840  (3249s)
  [221/300] MPC (H=48)               seed=2046   LPSP=1.2263%  deg=69.361  total=79.418  ELYstarts=13883  (4142s)
  [222/300] MPC (H=48)               seed=2047   LPSP=1.2360%  deg=69.390  total=79.527  ELYstarts=13886  (4191s)
  [223/300] MPC (H=48)               seed=2048   LPSP=1.2146%  deg=69.336  total=79.297  ELYstarts=13780  (3363s)
  [224/300] MPC (H=48)               seed=2049   LPSP=1.2145%  deg=69.338  total=79.299  ELYstarts=13792  (4141s)
  [225/300] MPC (H=48)               seed=2050   LPSP=1.2036%  deg=69.258  total=79.129  ELYstarts=13767  (4239s)
  [226/300] MPC (H=48)               seed=2051   LPSP=1.2268%  deg=69.334  total=79.396  ELYstarts=13775  (4174s)
  [227/300] MPC (H=48)               seed=2052   LPSP=1.2270%  deg=69.283  total=79.346  ELYstarts=13762  (3272s)
  [228/300] MPC (H=48)               seed=2053   LPSP=1.2090%  deg=69.356  total=79.272  ELYstarts=13816  (4252s)
  [229/300] MPC (H=48)               seed=2054   LPSP=1.2194%  deg=69.377  total=79.378  ELYstarts=13834  (3256s)
  [230/300] MPC (H=48)               seed=2055   LPSP=1.1946%  deg=69.225  total=79.023  ELYstarts=13745  (4199s)
  [231/300] MPC (H=48)               seed=2056   LPSP=1.2160%  deg=69.283  total=79.256  ELYstarts=13783  (3279s)
  [232/300] MPC (H=48)               seed=2057   LPSP=1.2161%  deg=69.290  total=79.265  ELYstarts=13743  (4253s)
  [233/300] MPC (H=48)               seed=2058   LPSP=1.2143%  deg=69.357  total=79.316  ELYstarts=13863  (3279s)
  [234/300] MPC (H=48)               seed=2059   LPSP=1.2175%  deg=69.358  total=79.343  ELYstarts=13865  (3294s)
  [235/300] MPC (H=48)               seed=2060   LPSP=1.2242%  deg=69.291  total=79.332  ELYstarts=13756  (3260s)
  [236/300] MPC (H=48)               seed=2061   LPSP=1.2276%  deg=69.339  total=79.407  ELYstarts=13783  (4222s)
  [237/300] MPC (H=48)               seed=2062   LPSP=1.2342%  deg=69.444  total=79.566  ELYstarts=13902  (3272s)
  [238/300] MPC (H=48)               seed=2063   LPSP=1.2204%  deg=69.284  total=79.293  ELYstarts=13719  (3285s)
  [239/300] MPC (H=48)               seed=2064   LPSP=1.2025%  deg=69.321  total=79.183  ELYstarts=13823  (3274s)
  [240/300] MPC (H=48)               seed=2065   LPSP=1.2144%  deg=69.375  total=79.334  ELYstarts=13792  (3273s)
  [241/300] MPC (H=48)               seed=2066   LPSP=1.2391%  deg=69.324  total=79.486  ELYstarts=13859  (3319s)
  [242/300] MPC (H=48)               seed=2067   LPSP=1.2077%  deg=69.386  total=79.292  ELYstarts=13823  (3291s)
  [243/300] MPC (H=48)               seed=2068   LPSP=1.2050%  deg=69.468  total=79.351  ELYstarts=13873  (3908s)
  [244/300] MPC (H=48)               seed=2069   LPSP=1.2212%  deg=69.432  total=79.447  ELYstarts=13835  (3240s)
  [245/300] MPC (H=48)               seed=2070   LPSP=1.2144%  deg=69.312  total=79.272  ELYstarts=13808  (4188s)
  [246/300] MPC (H=48)               seed=2071   LPSP=1.2238%  deg=69.345  total=79.382  ELYstarts=13755  (4220s)
  [247/300] MPC (H=48)               seed=2072   LPSP=1.2220%  deg=69.266  total=79.288  ELYstarts=13784  (4189s)
  [248/300] MPC (H=48)               seed=2073   LPSP=1.2062%  deg=69.306  total=79.199  ELYstarts=13812  (4187s)
  [249/300] MPC (H=48)               seed=2074   LPSP=1.1851%  deg=69.284  total=79.003  ELYstarts=13797  (4171s)
  [250/300] MPC (H=48)               seed=2075   LPSP=1.2145%  deg=69.435  total=79.395  ELYstarts=13817  (4166s)
  [251/300] MPC (H=48)               seed=2076   LPSP=1.1893%  deg=69.367  total=79.121  ELYstarts=13755  (4242s)
  [252/300] MPC (H=48)               seed=2077   LPSP=1.2418%  deg=69.383  total=79.567  ELYstarts=13853  (4195s)
  [253/300] MPC (H=48)               seed=2078   LPSP=1.2253%  deg=69.205  total=79.254  ELYstarts=13728  (4241s)
  [254/300] MPC (H=48)               seed=2079   LPSP=1.1995%  deg=69.401  total=79.238  ELYstarts=13817  (4241s)
  [255/300] MPC (H=48)               seed=2080   LPSP=1.2124%  deg=69.382  total=79.325  ELYstarts=13859  (4261s)
  [256/300] MPC (H=48)               seed=2081   LPSP=1.2052%  deg=69.310  total=79.195  ELYstarts=13729  (4307s)
  [257/300] MPC (H=48)               seed=2082   LPSP=1.2070%  deg=69.310  total=79.210  ELYstarts=13809  (3269s)
  [258/300] MPC (H=48)               seed=2083   LPSP=1.2322%  deg=69.299  total=79.405  ELYstarts=13790  (3291s)
  [259/300] MPC (H=48)               seed=2084   LPSP=1.1748%  deg=69.356  total=78.991  ELYstarts=13785  (3288s)
  [260/300] MPC (H=48)               seed=2085   LPSP=1.2020%  deg=69.315  total=79.173  ELYstarts=13752  (4080s)
  [261/300] MPC (H=48)               seed=2086   LPSP=1.1945%  deg=69.198  total=78.995  ELYstarts=13715  (4198s)
  [262/300] MPC (H=48)               seed=2087   LPSP=1.2187%  deg=69.372  total=79.367  ELYstarts=13879  (4238s)
  [263/300] MPC (H=48)               seed=2088   LPSP=1.2300%  deg=69.383  total=79.471  ELYstarts=13888  (3887s)
  [264/300] MPC (H=48)               seed=2089   LPSP=1.2414%  deg=69.362  total=79.543  ELYstarts=13819  (4185s)
  [265/300] MPC (H=48)               seed=2090   LPSP=1.2068%  deg=69.234  total=79.131  ELYstarts=13706  (3273s)
  [266/300] MPC (H=48)               seed=2091   LPSP=1.2238%  deg=69.332  total=79.369  ELYstarts=13837  (3282s)
  [267/300] MPC (H=48)               seed=2092   LPSP=1.2173%  deg=69.445  total=79.429  ELYstarts=13938  (3277s)
  [268/300] MPC (H=48)               seed=2093   LPSP=1.2204%  deg=69.457  total=79.466  ELYstarts=13861  (3264s)
  [269/300] MPC (H=48)               seed=2094   LPSP=1.2132%  deg=69.382  total=79.332  ELYstarts=13835  (3268s)
  [270/300] MPC (H=48)               seed=2095   LPSP=1.2382%  deg=69.368  total=79.523  ELYstarts=13842  (3294s)
  [271/300] MPC (H=48)               seed=2096   LPSP=1.2481%  deg=69.464  total=79.700  ELYstarts=13859  (3255s)
  [272/300] MPC (H=48)               seed=2097   LPSP=1.2125%  deg=69.395  total=79.339  ELYstarts=13807  (3279s)
  [273/300] MPC (H=48)               seed=2098   LPSP=1.2396%  deg=69.366  total=79.533  ELYstarts=13828  (3547s)
  [274/300] MPC (H=48)               seed=2099   LPSP=1.2202%  deg=69.422  total=79.429  ELYstarts=13860  (4234s)
  [275/300] MPC (H=48)               seed=2100   LPSP=1.2073%  deg=69.344  total=79.246  ELYstarts=13895  (4171s)
  [276/300] MPC (H=48)               seed=2101   LPSP=1.2147%  deg=69.364  total=79.326  ELYstarts=13839  (3247s)
  [277/300] MPC (H=48)               seed=2102   LPSP=1.2137%  deg=69.388  total=79.342  ELYstarts=13930  (3276s)
  [278/300] MPC (H=48)               seed=2103   LPSP=1.1964%  deg=69.317  total=79.129  ELYstarts=13730  (3447s)
  [279/300] MPC (H=48)               seed=2104   LPSP=1.2141%  deg=69.184  total=79.141  ELYstarts=13671  (3245s)
  [280/300] MPC (H=48)               seed=2105   LPSP=1.2303%  deg=69.350  total=79.440  ELYstarts=13800  (4088s)
  [281/300] MPC (H=48)               seed=2106   LPSP=1.2291%  deg=69.306  total=79.387  ELYstarts=13853  (4108s)
  [282/300] MPC (H=48)               seed=2107   LPSP=1.2295%  deg=69.354  total=79.438  ELYstarts=13846  (4091s)
  [283/300] MPC (H=48)               seed=2108   LPSP=1.2263%  deg=69.330  total=79.388  ELYstarts=13807  (4092s)
  [284/300] MPC (H=48)               seed=2109   LPSP=1.2181%  deg=69.267  total=79.257  ELYstarts=13738  (4094s)
  [285/300] MPC (H=48)               seed=2110   LPSP=1.2247%  deg=69.347  total=79.391  ELYstarts=13850  (4122s)
  [286/300] MPC (H=48)               seed=2111   LPSP=1.2244%  deg=69.356  total=79.398  ELYstarts=13786  (4107s)
  [287/300] MPC (H=48)               seed=2112   LPSP=1.2094%  deg=69.335  total=79.253  ELYstarts=13798  (4107s)
  [288/300] MPC (H=48)               seed=2113   LPSP=1.2369%  deg=69.315  total=79.459  ELYstarts=13756  (4090s)
  [289/300] MPC (H=48)               seed=2114   LPSP=1.2163%  deg=69.457  total=79.432  ELYstarts=13958  (4121s)
  [290/300] MPC (H=48)               seed=2115   LPSP=1.2327%  deg=69.290  total=79.399  ELYstarts=13822  (4090s)
  [291/300] MPC (H=48)               seed=2116   LPSP=1.2327%  deg=69.331  total=79.441  ELYstarts=13855  (4126s)
  [292/300] MPC (H=48)               seed=2117   LPSP=1.2240%  deg=69.474  total=79.513  ELYstarts=13797  (3922s)
  [293/300] MPC (H=48)               seed=2118   LPSP=1.2161%  deg=69.342  total=79.315  ELYstarts=13864  (3769s)
  [294/300] MPC (H=48)               seed=2119   LPSP=1.2158%  deg=69.301  total=79.272  ELYstarts=13879  (3885s)
  [295/300] MPC (H=48)               seed=2120   LPSP=1.1977%  deg=69.457  total=79.280  ELYstarts=13824  (3598s)
  [296/300] MPC (H=48)               seed=2121   LPSP=1.2290%  deg=69.449  total=79.529  ELYstarts=13900  (3830s)
  [297/300] MPC (H=48)               seed=2122   LPSP=1.1965%  deg=69.301  total=79.115  ELYstarts=13848  (3127s)
  [298/300] MPC (H=48)               seed=2123   LPSP=1.2034%  deg=69.372  total=79.242  ELYstarts=13876  (3131s)
  [299/300] MPC (H=48)               seed=2124   LPSP=1.2087%  deg=69.323  total=79.236  ELYstarts=13758  (3118s)
  [300/300] MPC (H=48)               seed=2125   LPSP=1.2334%  deg=69.298  total=79.414  ELYstarts=13738  (3139s)
[bench_mpc] termine en 21309 s
# bench_mpc (bench_mpc) : 25 ans ; VoLL=3.0 ; N=100 graines ; CRN ; base=MPC (H=24)
label ; N ; LPSP(%) ; sLPSP ; deg(kEUR) ; sdeg ; total(kEUR) ; stotal ; dtotal_vs_base(kEUR) ; ELY_starts
MPC (H=24) ; 100 ; 1.2798 ; 0.0159 ; 68.301 ; 0.065 ; 78.797 ; 0.160 ; +0.000 ; 12616
MPC (H=24, gel 12h) ; 100 ; 4.5218 ; 0.0582 ; 67.286 ; 0.069 ; 104.371 ; 0.476 ; +25.574 ; 11635
MPC (H=48) ; 100 ; 1.2182 ; 0.0148 ; 69.346 ; 0.063 ; 79.337 ; 0.147 ; +0.540 ; 13814

[bench_mpc] -> /Work/Users/tlenoir/genial/Robustesse/MPC/bench_mpc.txt
[bench_mpc] -> /Work/Users/tlenoir/genial/Robustesse/MPC/bench_mpc_cloud.csv

real	355m8,992s
user	9665m54,167s
sys	872m47,292s
fin=lun. juil.  6 06:17:17 CEST 2026
