Job 213317  noeud=node4-10  N=32  n_years=25  extra=--sweep robust
cpus-per-task=32  debut=lun. juil.  6 21:31:55 CEST 2026
numpy 1.21.5 scipy 1.9.1
linprog HiGHS OK
[bench_mpc] 257 runs (25 ans), 32 workers ...
  [  1/257] MPC omni (plancher)      seed=2026   LPSP=0.6328%  deg=54.596  total=59.786  ELYstarts=8402  (1388s)
  [  2/257] MPC nu (ref)             seed=2026   LPSP=1.2912%  deg=68.383  total=78.972  ELYstarts=12713  (1375s)
  [  3/257] MPC nu (ref)             seed=2027   LPSP=1.2714%  deg=68.228  total=78.655  ELYstarts=12582  (1366s)
  [  4/257] MPC nu (ref)             seed=2028   LPSP=1.2533%  deg=68.270  total=78.549  ELYstarts=12576  (1350s)
  [  5/257] MPC nu (ref)             seed=2029   LPSP=1.2646%  deg=68.287  total=78.659  ELYstarts=12605  (1364s)
  [  6/257] MPC nu (ref)             seed=2030   LPSP=1.2740%  deg=68.319  total=78.767  ELYstarts=12633  (1358s)
  [  7/257] MPC nu (ref)             seed=2031   LPSP=1.3084%  deg=68.232  total=78.963  ELYstarts=12569  (1357s)
  [  8/257] MPC nu (ref)             seed=2032   LPSP=1.2777%  deg=68.184  total=78.663  ELYstarts=12575  (1383s)
  [  9/257] MPC nu (ref)             seed=2033   LPSP=1.2990%  deg=68.271  total=78.925  ELYstarts=12592  (1365s)
  [ 10/257] MPC nu (ref)             seed=2034   LPSP=1.2549%  deg=68.233  total=78.525  ELYstarts=12563  (1371s)
  [ 11/257] MPC nu (ref)             seed=2035   LPSP=1.2685%  deg=68.218  total=78.622  ELYstarts=12616  (1380s)
  [ 12/257] MPC nu (ref)             seed=2036   LPSP=1.2705%  deg=68.343  total=78.764  ELYstarts=12599  (1360s)
  [ 13/257] MPC nu (ref)             seed=2037   LPSP=1.2849%  deg=68.356  total=78.895  ELYstarts=12716  (1351s)
  [ 14/257] MPC nu (ref)             seed=2038   LPSP=1.3009%  deg=68.207  total=78.877  ELYstarts=12590  (1366s)
  [ 15/257] MPC nu (ref)             seed=2039   LPSP=1.2590%  deg=68.234  total=78.560  ELYstarts=12525  (1375s)
  [ 16/257] MPC nu (ref)             seed=2040   LPSP=1.2913%  deg=68.308  total=78.899  ELYstarts=12633  (1356s)
  [ 17/257] MPC nu (ref)             seed=2041   LPSP=1.2685%  deg=68.253  total=78.657  ELYstarts=12526  (1353s)
  [ 18/257] MPC nu (ref)             seed=2042   LPSP=1.2589%  deg=68.216  total=78.541  ELYstarts=12508  (1356s)
  [ 19/257] MPC nu (ref)             seed=2043   LPSP=1.2544%  deg=68.394  total=78.682  ELYstarts=12638  (1363s)
  [ 20/257] MPC nu (ref)             seed=2044   LPSP=1.2838%  deg=68.273  total=78.802  ELYstarts=12592  (1372s)
  [ 21/257] MPC nu (ref)             seed=2045   LPSP=1.2790%  deg=68.396  total=78.885  ELYstarts=12679  (1373s)
  [ 22/257] MPC nu (ref)             seed=2046   LPSP=1.2894%  deg=68.314  total=78.888  ELYstarts=12657  (1376s)
  [ 23/257] MPC nu (ref)             seed=2047   LPSP=1.2933%  deg=68.297  total=78.903  ELYstarts=12653  (1373s)
  [ 24/257] MPC nu (ref)             seed=2048   LPSP=1.2623%  deg=68.160  total=78.513  ELYstarts=12494  (1354s)
  [ 25/257] MPC nu (ref)             seed=2049   LPSP=1.2740%  deg=68.227  total=78.676  ELYstarts=12559  (1377s)
  [ 26/257] MPC nu (ref)             seed=2050   LPSP=1.2885%  deg=68.268  total=78.835  ELYstarts=12588  (1370s)
  [ 27/257] MPC nu (ref)             seed=2051   LPSP=1.2763%  deg=68.330  total=78.797  ELYstarts=12639  (1363s)
  [ 28/257] MPC nu (ref)             seed=2052   LPSP=1.2646%  deg=68.392  total=78.763  ELYstarts=12657  (1355s)
  [ 29/257] MPC nu (ref)             seed=2053   LPSP=1.2949%  deg=68.315  total=78.935  ELYstarts=12573  (1370s)
  [ 30/257] MPC nu (ref)             seed=2054   LPSP=1.2760%  deg=68.395  total=78.860  ELYstarts=12716  (1373s)
  [ 31/257] MPC nu (ref)             seed=2055   LPSP=1.2715%  deg=68.240  total=78.668  ELYstarts=12516  (1366s)
  [ 32/257] MPC nu (ref)             seed=2056   LPSP=1.2923%  deg=68.318  total=78.917  ELYstarts=12650  (1358s)
  [ 33/257] MPC nu (ref)             seed=2057   LPSP=1.2643%  deg=68.228  total=78.597  ELYstarts=12576  (1319s)
  [ 34/257] sw x3                    seed=2026   LPSP=1.4481%  deg=66.300  total=78.176  ELYstarts=11680  (1357s)
  [ 35/257] sw x3                    seed=2027   LPSP=1.4047%  deg=66.255  total=77.775  ELYstarts=11593  (1368s)
  [ 36/257] sw x3                    seed=2028   LPSP=1.3997%  deg=66.256  total=77.735  ELYstarts=11641  (1376s)
  [ 37/257] sw x3                    seed=2029   LPSP=1.3749%  deg=66.261  total=77.537  ELYstarts=11531  (1370s)
  [ 38/257] sw x3                    seed=2030   LPSP=1.3959%  deg=66.293  total=77.741  ELYstarts=11659  (1371s)
  [ 39/257] sw x3                    seed=2031   LPSP=1.4450%  deg=66.245  total=78.096  ELYstarts=11607  (1372s)
  [ 40/257] sw x3                    seed=2032   LPSP=1.3875%  deg=66.304  total=77.684  ELYstarts=11618  (1345s)
  [ 41/257] sw x3                    seed=2033   LPSP=1.4484%  deg=66.252  total=78.131  ELYstarts=11627  (1346s)
  [ 42/257] sw x3                    seed=2034   LPSP=1.3980%  deg=66.254  total=77.720  ELYstarts=11616  (1376s)
  [ 43/257] sw x3                    seed=2035   LPSP=1.4134%  deg=66.209  total=77.800  ELYstarts=11605  (1355s)
  [ 44/257] sw x3                    seed=2036   LPSP=1.4132%  deg=66.247  total=77.837  ELYstarts=11596  (1375s)
  [ 45/257] sw x3                    seed=2037   LPSP=1.4240%  deg=66.350  total=78.029  ELYstarts=11691  (1393s)
  [ 46/257] sw x3                    seed=2038   LPSP=1.4029%  deg=66.216  total=77.721  ELYstarts=11508  (1349s)
  [ 47/257] sw x3                    seed=2039   LPSP=1.3840%  deg=66.346  total=77.697  ELYstarts=11617  (1363s)
  [ 48/257] sw x3                    seed=2040   LPSP=1.4000%  deg=66.316  total=77.798  ELYstarts=11659  (1376s)
  [ 49/257] sw x3                    seed=2041   LPSP=1.3994%  deg=66.295  total=77.772  ELYstarts=11573  (1356s)
  [ 50/257] sw x3                    seed=2042   LPSP=1.4024%  deg=66.209  total=77.711  ELYstarts=11505  (1380s)
  [ 51/257] sw x3                    seed=2043   LPSP=1.3892%  deg=66.398  total=77.791  ELYstarts=11644  (1390s)
  [ 52/257] sw x3                    seed=2044   LPSP=1.4164%  deg=66.265  total=77.882  ELYstarts=11573  (1388s)
  [ 53/257] sw x3                    seed=2045   LPSP=1.4033%  deg=66.258  total=77.768  ELYstarts=11578  (1367s)
  [ 54/257] sw x3                    seed=2046   LPSP=1.4187%  deg=66.302  total=77.938  ELYstarts=11640  (1388s)
  [ 55/257] sw x3                    seed=2047   LPSP=1.4297%  deg=66.313  total=78.039  ELYstarts=11678  (1395s)
  [ 56/257] sw x3                    seed=2048   LPSP=1.3768%  deg=66.283  total=77.575  ELYstarts=11585  (1388s)
  [ 57/257] sw x3                    seed=2049   LPSP=1.4313%  deg=66.272  total=78.011  ELYstarts=11596  (1389s)
  [ 58/257] sw x3                    seed=2050   LPSP=1.4302%  deg=66.260  total=77.989  ELYstarts=11603  (1381s)
  [ 59/257] sw x3                    seed=2051   LPSP=1.3918%  deg=66.377  total=77.792  ELYstarts=11645  (1360s)
  [ 60/257] sw x3                    seed=2052   LPSP=1.3995%  deg=66.391  total=77.869  ELYstarts=11658  (1399s)
  [ 61/257] sw x3                    seed=2053   LPSP=1.4207%  deg=66.227  total=77.879  ELYstarts=11582  (1397s)
  [ 62/257] sw x3                    seed=2054   LPSP=1.4079%  deg=66.358  total=77.904  ELYstarts=11698  (1371s)
  [ 63/257] sw x3                    seed=2055   LPSP=1.4082%  deg=66.210  total=77.760  ELYstarts=11533  (1358s)
  [ 64/257] sw x3                    seed=2056   LPSP=1.4333%  deg=66.348  total=78.104  ELYstarts=11654  (1352s)
  [ 65/257] sw x3                    seed=2057   LPSP=1.3816%  deg=66.301  total=77.633  ELYstarts=11616  (1355s)
  [ 66/257] sw x10                   seed=2026   LPSP=1.8830%  deg=66.177  total=81.620  ELYstarts=10620  (1363s)
  [ 67/257] sw x10                   seed=2027   LPSP=1.8292%  deg=66.199  total=81.201  ELYstarts=10582  (1365s)
  [ 68/257] sw x10                   seed=2028   LPSP=1.8462%  deg=66.124  total=81.266  ELYstarts=10592  (1365s)
  [ 69/257] sw x10                   seed=2029   LPSP=1.8189%  deg=66.196  total=81.113  ELYstarts=10575  (1375s)
  [ 70/257] sw x10                   seed=2030   LPSP=1.8171%  deg=66.248  total=81.151  ELYstarts=10628  (1362s)
  [ 71/257] sw x10                   seed=2031   LPSP=1.8746%  deg=66.094  total=81.469  ELYstarts=10504  (1363s)
  [ 72/257] sw x10                   seed=2032   LPSP=1.8249%  deg=66.233  total=81.199  ELYstarts=10628  (1382s)
  [ 73/257] sw x10                   seed=2033   LPSP=1.8379%  deg=66.184  total=81.258  ELYstarts=10597  (1390s)
  [ 74/257] sw x10                   seed=2034   LPSP=1.8357%  deg=66.063  total=81.119  ELYstarts=10556  (1359s)
  [ 75/257] sw x10                   seed=2035   LPSP=1.8529%  deg=66.160  total=81.356  ELYstarts=10609  (1383s)
  [ 76/257] sw x10                   seed=2036   LPSP=1.8347%  deg=66.188  total=81.235  ELYstarts=10566  (1363s)
  [ 77/257] sw x10                   seed=2037   LPSP=1.8554%  deg=66.132  total=81.348  ELYstarts=10527  (1380s)
  [ 78/257] sw x10                   seed=2038   LPSP=1.8530%  deg=66.231  total=81.429  ELYstarts=10597  (1410s)
  [ 79/257] sw x10                   seed=2039   LPSP=1.8364%  deg=66.164  total=81.225  ELYstarts=10516  (1391s)
  [ 80/257] sw x10                   seed=2040   LPSP=1.8372%  deg=66.244  total=81.312  ELYstarts=10645  (1383s)
  [ 81/257] sw x10                   seed=2041   LPSP=1.8223%  deg=66.222  total=81.168  ELYstarts=10612  (1369s)
  [ 82/257] sw x10                   seed=2042   LPSP=1.8396%  deg=66.155  total=81.242  ELYstarts=10511  (1385s)
  [ 83/257] sw x10                   seed=2043   LPSP=1.8378%  deg=66.264  total=81.336  ELYstarts=10606  (1365s)
  [ 84/257] sw x10                   seed=2044   LPSP=1.8688%  deg=66.205  total=81.532  ELYstarts=10590  (1381s)
  [ 85/257] sw x10                   seed=2045   LPSP=1.8315%  deg=66.165  total=81.186  ELYstarts=10595  (1399s)
  [ 86/257] sw x10                   seed=2046   LPSP=1.8529%  deg=66.182  total=81.378  ELYstarts=10554  (1383s)
  [ 87/257] sw x10                   seed=2047   LPSP=1.8522%  deg=66.143  total=81.334  ELYstarts=10576  (1385s)
  [ 88/257] sw x10                   seed=2048   LPSP=1.8074%  deg=66.194  total=81.018  ELYstarts=10556  (1401s)
  [ 89/257] sw x10                   seed=2049   LPSP=1.8070%  deg=66.143  total=80.963  ELYstarts=10556  (1399s)
  [ 90/257] sw x10                   seed=2050   LPSP=1.8282%  deg=66.209  total=81.204  ELYstarts=10583  (1417s)
  [ 91/257] sw x10                   seed=2051   LPSP=1.8272%  deg=66.254  total=81.239  ELYstarts=10628  (1384s)
  [ 92/257] sw x10                   seed=2052   LPSP=1.8359%  deg=66.268  total=81.325  ELYstarts=10615  (1390s)
  [ 93/257] sw x10                   seed=2053   LPSP=1.8658%  deg=66.279  total=81.581  ELYstarts=10637  (1418s)
  [ 94/257] sw x10                   seed=2054   LPSP=1.8331%  deg=66.237  total=81.271  ELYstarts=10644  (1394s)
  [ 95/257] sw x10                   seed=2055   LPSP=1.8611%  deg=66.176  total=81.439  ELYstarts=10535  (1407s)
  [ 96/257] sw x10                   seed=2056   LPSP=1.8551%  deg=66.189  total=81.403  ELYstarts=10593  (1399s)
  [ 97/257] sw x10                   seed=2057   LPSP=1.8228%  deg=66.245  total=81.194  ELYstarts=10642  (1369s)
  [ 98/257] sw x30                   seed=2026   LPSP=4.7849%  deg=69.282  total=108.526  ELYstarts=17157  (1357s)
  [ 99/257] sw x30                   seed=2027   LPSP=4.7217%  deg=69.251  total=107.975  ELYstarts=17062  (1368s)
  [100/257] sw x30                   seed=2028   LPSP=4.8073%  deg=69.377  total=108.803  ELYstarts=17267  (1380s)
  [101/257] sw x30                   seed=2029   LPSP=4.7775%  deg=69.353  total=108.535  ELYstarts=17125  (1358s)
  [102/257] sw x30                   seed=2030   LPSP=4.7564%  deg=69.392  total=108.402  ELYstarts=17192  (1357s)
  [103/257] sw x30                   seed=2031   LPSP=4.7746%  deg=69.269  total=108.427  ELYstarts=17047  (1355s)
  [104/257] sw x30                   seed=2032   LPSP=4.7048%  deg=69.384  total=107.970  ELYstarts=17166  (1365s)
  [105/257] sw x30                   seed=2033   LPSP=4.7555%  deg=69.333  total=108.335  ELYstarts=17136  (1365s)
  [106/257] sw x30                   seed=2034   LPSP=4.7801%  deg=69.325  total=108.528  ELYstarts=17163  (1370s)
  [107/257] sw x30                   seed=2035   LPSP=4.7247%  deg=69.367  total=108.116  ELYstarts=17247  (1359s)
  [108/257] sw x30                   seed=2036   LPSP=4.7482%  deg=69.278  total=108.219  ELYstarts=17100  (1367s)
  [109/257] sw x30                   seed=2037   LPSP=4.7303%  deg=69.326  total=108.121  ELYstarts=17086  (1376s)
  [110/257] sw x30                   seed=2038   LPSP=4.6497%  deg=69.316  total=107.450  ELYstarts=17062  (1359s)
  [111/257] sw x30                   seed=2039   LPSP=4.7288%  deg=69.224  total=108.007  ELYstarts=17025  (1355s)
  [112/257] sw x30                   seed=2040   LPSP=4.7646%  deg=69.380  total=108.457  ELYstarts=17226  (1379s)
  [113/257] sw x30                   seed=2041   LPSP=4.6650%  deg=69.346  total=107.606  ELYstarts=17100  (1373s)
  [114/257] sw x30                   seed=2042   LPSP=4.8019%  deg=69.354  total=108.737  ELYstarts=17168  (1378s)
  [115/257] sw x30                   seed=2043   LPSP=4.7361%  deg=69.327  total=108.170  ELYstarts=17128  (1388s)
  [116/257] sw x30                   seed=2044   LPSP=4.7152%  deg=69.344  total=108.016  ELYstarts=17208  (1380s)
  [117/257] sw x30                   seed=2045   LPSP=4.7508%  deg=69.285  total=108.248  ELYstarts=17193  (1377s)
  [118/257] sw x30                   seed=2046   LPSP=4.7006%  deg=69.202  total=107.753  ELYstarts=17036  (1363s)
  [119/257] sw x30                   seed=2047   LPSP=4.7339%  deg=69.271  total=108.096  ELYstarts=17083  (1373s)
  [120/257] sw x30                   seed=2048   LPSP=4.6874%  deg=69.318  total=107.761  ELYstarts=17150  (1361s)
  [121/257] sw x30                   seed=2049   LPSP=4.7153%  deg=69.226  total=107.898  ELYstarts=17060  (1376s)
  [122/257] sw x30                   seed=2050   LPSP=4.7579%  deg=69.402  total=108.423  ELYstarts=17256  (1371s)
  [123/257] sw x30                   seed=2051   LPSP=4.7267%  deg=69.386  total=108.152  ELYstarts=17144  (1375s)
  [124/257] sw x30                   seed=2052   LPSP=4.7503%  deg=69.357  total=108.316  ELYstarts=17139  (1372s)
  [125/257] sw x30                   seed=2053   LPSP=4.7441%  deg=69.247  total=108.155  ELYstarts=17033  (1385s)
  [126/257] sw x30                   seed=2054   LPSP=4.6613%  deg=69.292  total=107.521  ELYstarts=17126  (1381s)
  [127/257] sw x30                   seed=2055   LPSP=4.7463%  deg=69.424  total=108.350  ELYstarts=17206  (1380s)
  [128/257] sw x30                   seed=2056   LPSP=4.7279%  deg=69.396  total=108.171  ELYstarts=17181  (1380s)
  [129/257] sw x30                   seed=2057   LPSP=4.7622%  deg=69.385  total=108.442  ELYstarts=17188  (1373s)
  [130/257] hold 0.3                 seed=2026   LPSP=1.4952%  deg=69.023  total=81.286  ELYstarts=14062  (1547s)
  [131/257] hold 0.3                 seed=2027   LPSP=1.5423%  deg=68.871  total=81.520  ELYstarts=13950  (1555s)
  [132/257] hold 0.3                 seed=2028   LPSP=1.5002%  deg=68.865  total=81.169  ELYstarts=13937  (1557s)
  [133/257] hold 0.3                 seed=2029   LPSP=1.5085%  deg=68.840  total=81.212  ELYstarts=13893  (1545s)
  [134/257] hold 0.3                 seed=2030   LPSP=1.5140%  deg=68.959  total=81.375  ELYstarts=14032  (1550s)
  [135/257] hold 0.3                 seed=2031   LPSP=1.5532%  deg=68.878  total=81.617  ELYstarts=13944  (1576s)
  [136/257] hold 0.3                 seed=2032   LPSP=1.5158%  deg=68.866  total=81.299  ELYstarts=13969  (1552s)
  [137/257] hold 0.3                 seed=2033   LPSP=1.5225%  deg=68.947  total=81.434  ELYstarts=14007  (1554s)
  [138/257] hold 0.3                 seed=2034   LPSP=1.5031%  deg=68.866  total=81.194  ELYstarts=13976  (1553s)
  [139/257] hold 0.3                 seed=2035   LPSP=1.5146%  deg=68.770  total=81.192  ELYstarts=13907  (1555s)
  [140/257] hold 0.3                 seed=2036   LPSP=1.5339%  deg=68.920  total=81.501  ELYstarts=13993  (1549s)
  [141/257] hold 0.3                 seed=2037   LPSP=1.5270%  deg=68.899  total=81.423  ELYstarts=14017  (1561s)
  [142/257] hold 0.3                 seed=2038   LPSP=1.5177%  deg=68.811  total=81.259  ELYstarts=13914  (1561s)
  [143/257] hold 0.3                 seed=2039   LPSP=1.5168%  deg=68.788  total=81.228  ELYstarts=13840  (1570s)
  [144/257] hold 0.3                 seed=2040   LPSP=1.5249%  deg=68.833  total=81.339  ELYstarts=13909  (1557s)
  [145/257] hold 0.3                 seed=2041   LPSP=1.5101%  deg=68.907  total=81.292  ELYstarts=13902  (1569s)
  [146/257] hold 0.3                 seed=2042   LPSP=1.5058%  deg=68.909  total=81.258  ELYstarts=13870  (1574s)
  [147/257] hold 0.3                 seed=2043   LPSP=1.5061%  deg=68.984  total=81.336  ELYstarts=14022  (1558s)
  [148/257] hold 0.3                 seed=2044   LPSP=1.5254%  deg=68.922  total=81.433  ELYstarts=13958  (1552s)
  [149/257] hold 0.3                 seed=2045   LPSP=1.5284%  deg=68.955  total=81.490  ELYstarts=14005  (1562s)
  [150/257] hold 0.3                 seed=2046   LPSP=1.5381%  deg=68.945  total=81.560  ELYstarts=13984  (1565s)
  [151/257] hold 0.3                 seed=2047   LPSP=1.5205%  deg=68.972  total=81.442  ELYstarts=14051  (1559s)
  [152/257] hold 0.3                 seed=2048   LPSP=1.5125%  deg=68.920  total=81.324  ELYstarts=13954  (1560s)
  [153/257] hold 0.3                 seed=2049   LPSP=1.5211%  deg=68.861  total=81.336  ELYstarts=13925  (1543s)
  [154/257] hold 0.3                 seed=2050   LPSP=1.5301%  deg=68.886  total=81.434  ELYstarts=13966  (1553s)
  [155/257] hold 0.3                 seed=2051   LPSP=1.5409%  deg=68.876  total=81.513  ELYstarts=13964  (1568s)
  [156/257] hold 0.3                 seed=2052   LPSP=1.5109%  deg=68.971  total=81.363  ELYstarts=13954  (1567s)
  [157/257] hold 0.3                 seed=2053   LPSP=1.5285%  deg=68.972  total=81.508  ELYstarts=14003  (1558s)
  [158/257] hold 0.3                 seed=2054   LPSP=1.5204%  deg=68.842  total=81.311  ELYstarts=13890  (1566s)
  [159/257] hold 0.3                 seed=2055   LPSP=1.5025%  deg=68.875  total=81.198  ELYstarts=13955  (1567s)
  [160/257] hold 0.3                 seed=2056   LPSP=1.5229%  deg=68.910  total=81.400  ELYstarts=13985  (1571s)
  [161/257] hold 0.3                 seed=2057   LPSP=1.4968%  deg=68.943  total=81.218  ELYstarts=13999  (1549s)
  [162/257] hold 1.0                 seed=2026   LPSP=1.5969%  deg=70.706  total=83.803  ELYstarts=15262  (1541s)
  [163/257] hold 1.0                 seed=2027   LPSP=1.5846%  deg=70.524  total=83.520  ELYstarts=15057  (1542s)
  [164/257] hold 1.0                 seed=2028   LPSP=1.5647%  deg=70.633  total=83.465  ELYstarts=15233  (1553s)
  [165/257] hold 1.0                 seed=2029   LPSP=1.5714%  deg=70.597  total=83.485  ELYstarts=15113  (1544s)
  [166/257] hold 1.0                 seed=2030   LPSP=1.5844%  deg=70.642  total=83.636  ELYstarts=15190  (1550s)
  [167/257] hold 1.0                 seed=2031   LPSP=1.5715%  deg=70.575  total=83.463  ELYstarts=15116  (1554s)
  [168/257] hold 1.0                 seed=2032   LPSP=1.5723%  deg=70.582  total=83.477  ELYstarts=15131  (1545s)
  [169/257] hold 1.0                 seed=2033   LPSP=1.6079%  deg=70.713  total=83.900  ELYstarts=15242  (1544s)
  [170/257] hold 1.0                 seed=2034   LPSP=1.5671%  deg=70.539  total=83.392  ELYstarts=15136  (1545s)
  [171/257] hold 1.0                 seed=2035   LPSP=1.5741%  deg=70.517  total=83.427  ELYstarts=15120  (1544s)
  [172/257] hold 1.0                 seed=2036   LPSP=1.5580%  deg=70.609  total=83.386  ELYstarts=15141  (1568s)
  [173/257] hold 1.0                 seed=2037   LPSP=1.5914%  deg=70.547  total=83.599  ELYstarts=15197  (1557s)
  [174/257] hold 1.0                 seed=2038   LPSP=1.5721%  deg=70.495  total=83.388  ELYstarts=15083  (1549s)
  [175/257] hold 1.0                 seed=2039   LPSP=1.5789%  deg=70.611  total=83.560  ELYstarts=15164  (1544s)
  [176/257] hold 1.0                 seed=2040   LPSP=1.5824%  deg=70.566  total=83.544  ELYstarts=15168  (1551s)
  [177/257] hold 1.0                 seed=2041   LPSP=1.5753%  deg=70.660  total=83.580  ELYstarts=15143  (1555s)
  [178/257] hold 1.0                 seed=2042   LPSP=1.5325%  deg=70.588  total=83.156  ELYstarts=15051  (1551s)
  [179/257] hold 1.0                 seed=2043   LPSP=1.5662%  deg=70.717  total=83.562  ELYstarts=15224  (1554s)
  [180/257] hold 1.0                 seed=2044   LPSP=1.5737%  deg=70.669  total=83.576  ELYstarts=15153  (1541s)
  [181/257] hold 1.0                 seed=2045   LPSP=1.5930%  deg=70.624  total=83.689  ELYstarts=15190  (1550s)
  [182/257] hold 1.0                 seed=2046   LPSP=1.5912%  deg=70.575  total=83.625  ELYstarts=15083  (1553s)
  [183/257] hold 1.0                 seed=2047   LPSP=1.6029%  deg=70.663  total=83.809  ELYstarts=15144  (1567s)
  [184/257] hold 1.0                 seed=2048   LPSP=1.5727%  deg=70.614  total=83.513  ELYstarts=15170  (1551s)
  [185/257] hold 1.0                 seed=2049   LPSP=1.5793%  deg=70.531  total=83.483  ELYstarts=15114  (1568s)
  [186/257] hold 1.0                 seed=2050   LPSP=1.5813%  deg=70.581  total=83.550  ELYstarts=15161  (1549s)
  [187/257] hold 1.0                 seed=2051   LPSP=1.6081%  deg=70.577  total=83.766  ELYstarts=15136  (1567s)
  [188/257] hold 1.0                 seed=2052   LPSP=1.5982%  deg=70.768  total=83.876  ELYstarts=15220  (1559s)
  [189/257] hold 1.0                 seed=2053   LPSP=1.5771%  deg=70.647  total=83.581  ELYstarts=15183  (1553s)
  [190/257] hold 1.0                 seed=2054   LPSP=1.5894%  deg=70.510  total=83.546  ELYstarts=15050  (1557s)
  [191/257] hold 1.0                 seed=2055   LPSP=1.5683%  deg=70.588  total=83.451  ELYstarts=15108  (1563s)
  [192/257] hold 1.0                 seed=2056   LPSP=1.5866%  deg=70.674  total=83.686  ELYstarts=15240  (1556s)
  [193/257] hold 1.0                 seed=2057   LPSP=1.5824%  deg=70.569  total=83.547  ELYstarts=15133  (1547s)
  [194/257] sw x10 + hold 0.3        seed=2026   LPSP=2.0084%  deg=66.907  total=83.379  ELYstarts=11511  (1596s)
  [195/257] sw x10 + hold 0.3        seed=2027   LPSP=1.9602%  deg=66.962  total=83.038  ELYstarts=11526  (1599s)
  [196/257] sw x10 + hold 0.3        seed=2028   LPSP=1.9753%  deg=66.900  total=83.100  ELYstarts=11550  (1603s)
  [197/257] sw x10 + hold 0.3        seed=2029   LPSP=1.9537%  deg=66.931  total=82.954  ELYstarts=11475  (1603s)
  [198/257] sw x10 + hold 0.3        seed=2030   LPSP=1.9275%  deg=66.929  total=82.737  ELYstarts=11510  (1607s)
  [199/257] sw x10 + hold 0.3        seed=2031   LPSP=1.9854%  deg=66.860  total=83.143  ELYstarts=11437  (1604s)
  [200/257] sw x10 + hold 0.3        seed=2032   LPSP=1.9445%  deg=66.972  total=82.920  ELYstarts=11523  (1611s)
  [201/257] sw x10 + hold 0.3        seed=2033   LPSP=1.9592%  deg=66.880  total=82.948  ELYstarts=11453  (1603s)
  [202/257] sw x10 + hold 0.3        seed=2034   LPSP=1.9556%  deg=66.859  total=82.897  ELYstarts=11463  (1606s)
  [203/257] sw x10 + hold 0.3        seed=2035   LPSP=1.9812%  deg=66.896  total=83.145  ELYstarts=11480  (1599s)
  [204/257] sw x10 + hold 0.3        seed=2036   LPSP=1.9543%  deg=66.950  total=82.977  ELYstarts=11455  (1605s)
  [205/257] sw x10 + hold 0.3        seed=2037   LPSP=1.9505%  deg=66.884  total=82.881  ELYstarts=11427  (1613s)
  [206/257] sw x10 + hold 0.3        seed=2038   LPSP=1.9537%  deg=66.964  total=82.987  ELYstarts=11456  (1614s)
  [207/257] sw x10 + hold 0.3        seed=2039   LPSP=1.9581%  deg=66.903  total=82.962  ELYstarts=11445  (1627s)
  [208/257] sw x10 + hold 0.3        seed=2040   LPSP=1.9615%  deg=66.948  total=83.035  ELYstarts=11519  (1620s)
  [209/257] sw x10 + hold 0.3        seed=2041   LPSP=1.9278%  deg=66.984  total=82.795  ELYstarts=11486  (1608s)
  [210/257] sw x10 + hold 0.3        seed=2042   LPSP=1.9511%  deg=66.909  total=82.911  ELYstarts=11457  (1614s)
  [211/257] sw x10 + hold 0.3        seed=2043   LPSP=1.9677%  deg=66.978  total=83.116  ELYstarts=11486  (1602s)
  [212/257] sw x10 + hold 0.3        seed=2044   LPSP=1.9661%  deg=66.937  total=83.062  ELYstarts=11473  (1619s)
  [213/257] sw x10 + hold 0.3        seed=2045   LPSP=1.9481%  deg=66.889  total=82.866  ELYstarts=11448  (1610s)
  [214/257] sw x10 + hold 0.3        seed=2046   LPSP=1.9754%  deg=66.908  total=83.109  ELYstarts=11441  (1617s)
  [215/257] sw x10 + hold 0.3        seed=2047   LPSP=1.9710%  deg=66.873  total=83.038  ELYstarts=11437  (1607s)
  [216/257] sw x10 + hold 0.3        seed=2048   LPSP=1.9345%  deg=66.925  total=82.790  ELYstarts=11431  (1603s)
  [217/257] sw x10 + hold 0.3        seed=2049   LPSP=1.9082%  deg=66.923  total=82.572  ELYstarts=11485  (1626s)
  [218/257] sw x10 + hold 0.3        seed=2050   LPSP=1.9608%  deg=66.951  total=83.032  ELYstarts=11493  (1622s)
  [219/257] sw x10 + hold 0.3        seed=2051   LPSP=1.9366%  deg=66.967  total=82.850  ELYstarts=11509  (1613s)
  [220/257] sw x10 + hold 0.3        seed=2052   LPSP=1.9443%  deg=67.115  total=83.062  ELYstarts=11562  (1629s)
  [221/257] sw x10 + hold 0.3        seed=2053   LPSP=1.9911%  deg=67.051  total=83.381  ELYstarts=11577  (1607s)
  [222/257] sw x10 + hold 0.3        seed=2054   LPSP=1.9546%  deg=66.942  total=82.972  ELYstarts=11508  (1618s)
  [223/257] sw x10 + hold 0.3        seed=2055   LPSP=1.9946%  deg=66.895  total=83.253  ELYstarts=11452  (1621s)
  [224/257] sw x10 + hold 0.3        seed=2056   LPSP=1.9854%  deg=67.013  total=83.296  ELYstarts=11534  (1615s)
  [225/257] sw x10 + hold 0.3        seed=2057   LPSP=1.9435%  deg=66.970  total=82.909  ELYstarts=11528  (1604s)
  [226/257] sw x10 + hold 1.0        seed=2026   LPSP=2.2289%  deg=68.778  total=87.058  ELYstarts=13689  (1595s)
  [227/257] sw x10 + hold 1.0        seed=2027   LPSP=2.1687%  deg=68.785  total=86.571  ELYstarts=13633  (1602s)
  [228/257] sw x10 + hold 1.0        seed=2028   LPSP=2.1655%  deg=68.838  total=86.598  ELYstarts=13696  (1600s)
  [229/257] sw x10 + hold 1.0        seed=2029   LPSP=2.1682%  deg=68.899  total=86.681  ELYstarts=13714  (1596s)
  [230/257] sw x10 + hold 1.0        seed=2030   LPSP=2.1700%  deg=68.929  total=86.725  ELYstarts=13782  (1607s)
  [231/257] sw x10 + hold 1.0        seed=2031   LPSP=2.2095%  deg=68.733  total=86.855  ELYstarts=13555  (1602s)
  [232/257] sw x10 + hold 1.0        seed=2032   LPSP=2.1390%  deg=68.821  total=86.364  ELYstarts=13675  (1604s)
  [233/257] sw x10 + hold 1.0        seed=2033   LPSP=2.1727%  deg=68.770  total=86.589  ELYstarts=13628  (1604s)
  [234/257] sw x10 + hold 1.0        seed=2034   LPSP=2.1961%  deg=68.760  total=86.771  ELYstarts=13642  (1599s)
  [235/257] sw x10 + hold 1.0        seed=2035   LPSP=2.2025%  deg=68.838  total=86.902  ELYstarts=13658  (1603s)
  [236/257] sw x10 + hold 1.0        seed=2036   LPSP=2.1545%  deg=68.866  total=86.536  ELYstarts=13668  (1606s)
  [237/257] sw x10 + hold 1.0        seed=2037   LPSP=2.1989%  deg=68.840  total=86.874  ELYstarts=13728  (1603s)
  [238/257] sw x10 + hold 1.0        seed=2038   LPSP=2.1827%  deg=68.886  total=86.787  ELYstarts=13632  (1613s)
  [239/257] sw x10 + hold 1.0        seed=2039   LPSP=2.1628%  deg=68.782  total=86.520  ELYstarts=13633  (1600s)
  [240/257] sw x10 + hold 1.0        seed=2040   LPSP=2.1654%  deg=68.912  total=86.671  ELYstarts=13700  (1596s)
  [241/257] sw x10 + hold 1.0        seed=2041   LPSP=2.1650%  deg=68.824  total=86.580  ELYstarts=13645  (1619s)
  [242/257] sw x10 + hold 1.0        seed=2042   LPSP=2.1447%  deg=68.807  total=86.397  ELYstarts=13630  (1615s)
  [243/257] sw x10 + hold 1.0        seed=2043   LPSP=2.1767%  deg=68.919  total=86.771  ELYstarts=13727  (1601s)
  [244/257] sw x10 + hold 1.0        seed=2044   LPSP=2.1943%  deg=68.777  total=86.773  ELYstarts=13599  (1597s)
  [245/257] sw x10 + hold 1.0        seed=2045   LPSP=2.1765%  deg=68.846  total=86.696  ELYstarts=13669  (1599s)
  [246/257] sw x10 + hold 1.0        seed=2046   LPSP=2.1718%  deg=68.816  total=86.628  ELYstarts=13616  (1601s)
  [247/257] sw x10 + hold 1.0        seed=2047   LPSP=2.2117%  deg=68.842  total=86.981  ELYstarts=13667  (1611s)
  [248/257] sw x10 + hold 1.0        seed=2048   LPSP=2.1350%  deg=68.825  total=86.335  ELYstarts=13608  (1605s)
  [249/257] sw x10 + hold 1.0        seed=2049   LPSP=2.1164%  deg=68.796  total=86.154  ELYstarts=13626  (1601s)
  [250/257] sw x10 + hold 1.0        seed=2050   LPSP=2.1717%  deg=68.837  total=86.648  ELYstarts=13704  (1610s)
  [251/257] sw x10 + hold 1.0        seed=2051   LPSP=2.1365%  deg=68.882  total=86.404  ELYstarts=13703  (1597s)
  [252/257] sw x10 + hold 1.0        seed=2052   LPSP=2.1484%  deg=68.885  total=86.505  ELYstarts=13633  (1594s)
  [253/257] sw x10 + hold 1.0        seed=2053   LPSP=2.2004%  deg=68.972  total=87.019  ELYstarts=13838  (1606s)
  [254/257] sw x10 + hold 1.0        seed=2054   LPSP=2.1727%  deg=68.917  total=86.736  ELYstarts=13801  (1594s)
  [255/257] sw x10 + hold 1.0        seed=2055   LPSP=2.1811%  deg=68.749  total=86.637  ELYstarts=13603  (1592s)
  [256/257] sw x10 + hold 1.0        seed=2056   LPSP=2.2105%  deg=68.954  total=87.083  ELYstarts=13770  (1599s)
  [257/257] sw x10 + hold 1.0        seed=2057   LPSP=2.1515%  deg=68.855  total=86.500  ELYstarts=13680  (1270s)
[bench_mpc] termine en 12738 s
# bench_mpc (sweep_mpc_robust) : 25 ans ; VoLL=3.0 ; N=32 graines ; CRN ; base=MPC omni (plancher)
label ; N ; LPSP(%) ; sLPSP ; deg(kEUR) ; sdeg ; total(kEUR) ; stotal ; dtotal_vs_base(kEUR) ; ELY_starts
MPC omni (plancher) ; 1 ; 0.6328 ; 0.0000 ; 54.596 ; 0.000 ; 59.786 ; 0.000 ; +0.000 ; 8402
MPC nu (ref) ; 32 ; 1.2769 ; 0.0146 ; 68.284 ; 0.065 ; 78.757 ; 0.142 ; +18.971 ; 12603
sw x3 ; 32 ; 1.4088 ; 0.0197 ; 66.287 ; 0.052 ; 77.840 ; 0.160 ; +18.054 ; 11613
sw x10 ; 32 ; 1.8402 ; 0.0183 ; 66.193 ; 0.050 ; 81.285 ; 0.147 ; +21.499 ; 10587
sw x30 ; 32 ; 4.7372 ; 0.0373 ; 69.326 ; 0.058 ; 108.178 ; 0.324 ; +48.392 ; 17139
hold 0.3 ; 32 ; 1.5191 ; 0.0136 ; 68.900 ; 0.058 ; 81.358 ; 0.120 ; +21.572 ; 13961
hold 1.0 ; 32 ; 1.5799 ; 0.0150 ; 70.607 ; 0.065 ; 83.564 ; 0.153 ; +23.778 ; 15152
sw x10 + hold 0.3 ; 32 ; 1.9591 ; 0.0210 ; 66.937 ; 0.054 ; 83.004 ; 0.173 ; +23.217 ; 11486
sw x10 + hold 1.0 ; 32 ; 2.1735 ; 0.0253 ; 68.842 ; 0.060 ; 86.667 ; 0.214 ; +26.881 ; 13674

[bench_mpc] -> /Work/Users/tlenoir/genial/Robustesse/MPC2/sweep_mpc_robust.txt
[bench_mpc] -> /Work/Users/tlenoir/genial/Robustesse/MPC2/sweep_mpc_robust_cloud.csv

real	212m17,966s
user	6270m38,300s
sys	0m33,990s
fin=mar. juil.  7 01:04:13 CEST 2026
