Job 213372  noeud=node4-10  N=32  n_years=25  extra=--sweep soh
cpus-per-task=32  debut=Tue Jul  7 14:50:58 CEST 2026
numpy 1.21.5 scipy 1.9.1
linprog HiGHS OK
[bench_mpc] 256 runs (25 ans), 32 workers ...
  [  1/256] RB2(SoH_all+Pred)        seed=2026   LPSP=2.9725%  deg=53.078  total=77.456  ELYstarts=9016  (73s)
  [  2/256] RB2(SoH_all+Pred)        seed=2027   LPSP=2.9281%  deg=53.095  total=77.109  ELYstarts=8992  (73s)
  [  3/256] RB2(SoH_all+Pred)        seed=2028   LPSP=2.9319%  deg=53.083  total=77.129  ELYstarts=8978  (73s)
  [  4/256] RB2(SoH_all+Pred)        seed=2029   LPSP=2.9358%  deg=53.134  total=77.212  ELYstarts=8999  (74s)
  [  5/256] RB2(SoH_all+Pred)        seed=2030   LPSP=2.9435%  deg=53.085  total=77.226  ELYstarts=9017  (73s)
  [  6/256] RB2(SoH_all+Pred)        seed=2031   LPSP=2.9255%  deg=53.095  total=77.088  ELYstarts=8985  (73s)
  [  7/256] RB2(SoH_all+Pred)        seed=2032   LPSP=2.9356%  deg=53.084  total=77.160  ELYstarts=8967  (73s)
  [  8/256] RB2(SoH_all+Pred)        seed=2033   LPSP=2.9439%  deg=53.099  total=77.243  ELYstarts=8992  (74s)
  [  9/256] RB2(SoH_all+Pred)        seed=2034   LPSP=2.9344%  deg=53.105  total=77.171  ELYstarts=9010  (74s)
  [ 10/256] RB2(SoH_all+Pred)        seed=2035   LPSP=2.9439%  deg=53.077  total=77.221  ELYstarts=8984  (74s)
  [ 11/256] RB2(SoH_all+Pred)        seed=2036   LPSP=2.9445%  deg=53.107  total=77.257  ELYstarts=8993  (74s)
  [ 12/256] RB2(SoH_all+Pred)        seed=2037   LPSP=2.9581%  deg=53.093  total=77.354  ELYstarts=9006  (74s)
  [ 13/256] RB2(SoH_all+Pred)        seed=2038   LPSP=2.9318%  deg=53.076  total=77.121  ELYstarts=8988  (74s)
  [ 14/256] RB2(SoH_all+Pred)        seed=2039   LPSP=2.9620%  deg=53.089  total=77.382  ELYstarts=9011  (74s)
  [ 15/256] RB2(SoH_all+Pred)        seed=2040   LPSP=2.9629%  deg=53.088  total=77.388  ELYstarts=9019  (74s)
  [ 16/256] RB2(SoH_all+Pred)        seed=2041   LPSP=2.9471%  deg=53.101  total=77.271  ELYstarts=8993  (74s)
  [ 17/256] RB2(SoH_all+Pred)        seed=2042   LPSP=2.9596%  deg=53.077  total=77.350  ELYstarts=9023  (74s)
  [ 18/256] RB2(SoH_all+Pred)        seed=2043   LPSP=2.9258%  deg=53.090  total=77.086  ELYstarts=8977  (74s)
  [ 19/256] RB2(SoH_all+Pred)        seed=2044   LPSP=2.9678%  deg=53.089  total=77.429  ELYstarts=9016  (74s)
  [ 20/256] RB2(SoH_all+Pred)        seed=2045   LPSP=2.9391%  deg=53.077  total=77.182  ELYstarts=8979  (74s)
  [ 21/256] RB2(SoH_all+Pred)        seed=2046   LPSP=2.9365%  deg=53.084  total=77.168  ELYstarts=8973  (74s)
  [ 22/256] RB2(SoH_all+Pred)        seed=2047   LPSP=2.9509%  deg=53.088  total=77.290  ELYstarts=8996  (74s)
  [ 23/256] RB2(SoH_all+Pred)        seed=2048   LPSP=2.9436%  deg=53.111  total=77.252  ELYstarts=9012  (73s)
  [ 24/256] RB2(SoH_all+Pred)        seed=2049   LPSP=2.9376%  deg=53.085  total=77.177  ELYstarts=8979  (74s)
  [ 25/256] RB2(SoH_all+Pred)        seed=2050   LPSP=2.9239%  deg=53.120  total=77.101  ELYstarts=8992  (74s)
  [ 26/256] RB2(SoH_all+Pred)        seed=2051   LPSP=2.9532%  deg=53.112  total=77.333  ELYstarts=8992  (74s)
  [ 27/256] RB2(SoH_all+Pred)        seed=2052   LPSP=2.9354%  deg=53.072  total=77.146  ELYstarts=8971  (79s)
  [ 28/256] RB2(SoH_all+Pred)        seed=2053   LPSP=2.9466%  deg=53.068  total=77.235  ELYstarts=8981  (73s)
  [ 29/256] RB2(SoH_all+Pred)        seed=2054   LPSP=2.9502%  deg=53.097  total=77.293  ELYstarts=9010  (73s)
  [ 30/256] RB2(SoH_all+Pred)        seed=2055   LPSP=2.9440%  deg=53.055  total=77.200  ELYstarts=8969  (73s)
  [ 31/256] RB2(SoH_all+Pred)        seed=2056   LPSP=2.9395%  deg=53.105  total=77.213  ELYstarts=9005  (73s)
  [ 32/256] RB2(SoH_all+Pred)        seed=2057   LPSP=2.9447%  deg=53.109  total=77.260  ELYstarts=8990  (73s)
  [ 33/256] MPC(Pred) [b=0]          seed=2026   LPSP=1.4481%  deg=66.300  total=78.176  ELYstarts=11680  (1350s)
  [ 34/256] MPC(Pred) [b=0]          seed=2027   LPSP=1.4047%  deg=66.255  total=77.775  ELYstarts=11593  (1361s)
  [ 35/256] MPC(Pred) [b=0]          seed=2028   LPSP=1.3997%  deg=66.256  total=77.735  ELYstarts=11641  (1360s)
  [ 36/256] MPC(Pred) [b=0]          seed=2029   LPSP=1.3749%  deg=66.261  total=77.537  ELYstarts=11531  (1363s)
  [ 37/256] MPC(Pred) [b=0]          seed=2030   LPSP=1.3959%  deg=66.293  total=77.741  ELYstarts=11659  (1378s)
  [ 38/256] MPC(Pred) [b=0]          seed=2031   LPSP=1.4450%  deg=66.245  total=78.096  ELYstarts=11607  (1364s)
  [ 39/256] MPC(Pred) [b=0]          seed=2032   LPSP=1.3875%  deg=66.304  total=77.684  ELYstarts=11618  (1372s)
  [ 40/256] MPC(Pred) [b=0]          seed=2033   LPSP=1.4484%  deg=66.252  total=78.131  ELYstarts=11627  (1366s)
  [ 41/256] MPC(Pred) [b=0]          seed=2034   LPSP=1.3980%  deg=66.254  total=77.720  ELYstarts=11616  (1372s)
  [ 42/256] MPC(Pred) [b=0]          seed=2035   LPSP=1.4134%  deg=66.209  total=77.800  ELYstarts=11605  (1358s)
  [ 43/256] MPC(Pred) [b=0]          seed=2036   LPSP=1.4132%  deg=66.247  total=77.837  ELYstarts=11596  (1374s)
  [ 44/256] MPC(Pred) [b=0]          seed=2037   LPSP=1.4240%  deg=66.350  total=78.029  ELYstarts=11691  (1372s)
  [ 45/256] MPC(Pred) [b=0]          seed=2038   LPSP=1.4029%  deg=66.216  total=77.721  ELYstarts=11508  (1383s)
  [ 46/256] MPC(Pred) [b=0]          seed=2039   LPSP=1.3840%  deg=66.346  total=77.697  ELYstarts=11617  (1373s)
  [ 47/256] MPC(Pred) [b=0]          seed=2040   LPSP=1.4000%  deg=66.316  total=77.798  ELYstarts=11659  (1383s)
  [ 48/256] MPC(Pred) [b=0]          seed=2041   LPSP=1.3994%  deg=66.295  total=77.772  ELYstarts=11573  (1379s)
  [ 49/256] MPC(Pred) [b=0]          seed=2042   LPSP=1.4024%  deg=66.209  total=77.711  ELYstarts=11505  (1363s)
  [ 50/256] MPC(Pred) [b=0]          seed=2043   LPSP=1.3892%  deg=66.398  total=77.791  ELYstarts=11644  (1360s)
  [ 51/256] MPC(Pred) [b=0]          seed=2044   LPSP=1.4164%  deg=66.265  total=77.882  ELYstarts=11573  (1379s)
  [ 52/256] MPC(Pred) [b=0]          seed=2045   LPSP=1.4033%  deg=66.258  total=77.768  ELYstarts=11578  (1373s)
  [ 53/256] MPC(Pred) [b=0]          seed=2046   LPSP=1.4187%  deg=66.302  total=77.938  ELYstarts=11640  (1367s)
  [ 54/256] MPC(Pred) [b=0]          seed=2047   LPSP=1.4297%  deg=66.313  total=78.039  ELYstarts=11678  (1370s)
  [ 55/256] MPC(Pred) [b=0]          seed=2048   LPSP=1.3768%  deg=66.283  total=77.575  ELYstarts=11585  (1371s)
  [ 56/256] MPC(Pred) [b=0]          seed=2049   LPSP=1.4313%  deg=66.272  total=78.011  ELYstarts=11596  (1367s)
  [ 57/256] MPC(Pred) [b=0]          seed=2050   LPSP=1.4302%  deg=66.260  total=77.989  ELYstarts=11603  (1386s)
  [ 58/256] MPC(Pred) [b=0]          seed=2051   LPSP=1.3918%  deg=66.377  total=77.792  ELYstarts=11645  (1374s)
  [ 59/256] MPC(Pred) [b=0]          seed=2052   LPSP=1.3995%  deg=66.391  total=77.869  ELYstarts=11658  (1373s)
  [ 60/256] MPC(Pred) [b=0]          seed=2053   LPSP=1.4207%  deg=66.227  total=77.879  ELYstarts=11582  (1382s)
  [ 61/256] MPC(Pred) [b=0]          seed=2054   LPSP=1.4079%  deg=66.358  total=77.904  ELYstarts=11698  (1372s)
  [ 62/256] MPC(Pred) [b=0]          seed=2055   LPSP=1.4082%  deg=66.210  total=77.760  ELYstarts=11533  (1374s)
  [ 63/256] MPC(Pred) [b=0]          seed=2056   LPSP=1.4333%  deg=66.348  total=78.104  ELYstarts=11654  (1373s)
  [ 64/256] MPC(Pred) [b=0]          seed=2057   LPSP=1.3816%  deg=66.301  total=77.633  ELYstarts=11616  (1366s)
  [ 65/256] MPC(SoH+Pred) bE0.25     seed=2026   LPSP=1.4517%  deg=66.472  total=78.378  ELYstarts=11746  (1353s)
  [ 66/256] MPC(SoH+Pred) bE0.25     seed=2027   LPSP=1.4047%  deg=66.367  total=77.887  ELYstarts=11611  (1336s)
  [ 67/256] MPC(SoH+Pred) bE0.25     seed=2028   LPSP=1.4056%  deg=66.344  total=77.872  ELYstarts=11633  (1361s)
  [ 68/256] MPC(SoH+Pred) bE0.25     seed=2029   LPSP=1.3733%  deg=66.417  total=77.680  ELYstarts=11593  (1350s)
  [ 69/256] MPC(SoH+Pred) bE0.25     seed=2030   LPSP=1.3936%  deg=66.414  total=77.843  ELYstarts=11664  (1353s)
  [ 70/256] MPC(SoH+Pred) bE0.25     seed=2031   LPSP=1.4427%  deg=66.405  total=78.238  ELYstarts=11654  (1346s)
  [ 71/256] MPC(SoH+Pred) bE0.25     seed=2032   LPSP=1.3957%  deg=66.395  total=77.842  ELYstarts=11619  (1370s)
  [ 72/256] MPC(SoH+Pred) bE0.25     seed=2033   LPSP=1.4455%  deg=66.370  total=78.225  ELYstarts=11674  (1377s)
  [ 73/256] MPC(SoH+Pred) bE0.25     seed=2034   LPSP=1.4025%  deg=66.370  total=77.872  ELYstarts=11665  (1354s)
  [ 74/256] MPC(SoH+Pred) bE0.25     seed=2035   LPSP=1.4155%  deg=66.332  total=77.941  ELYstarts=11617  (1366s)
  [ 75/256] MPC(SoH+Pred) bE0.25     seed=2036   LPSP=1.3947%  deg=66.401  total=77.839  ELYstarts=11620  (1360s)
  [ 76/256] MPC(SoH+Pred) bE0.25     seed=2037   LPSP=1.4239%  deg=66.476  total=78.154  ELYstarts=11716  (1364s)
  [ 77/256] MPC(SoH+Pred) bE0.25     seed=2038   LPSP=1.4000%  deg=66.322  total=77.804  ELYstarts=11518  (1366s)
  [ 78/256] MPC(SoH+Pred) bE0.25     seed=2039   LPSP=1.3806%  deg=66.414  total=77.737  ELYstarts=11586  (1350s)
  [ 79/256] MPC(SoH+Pred) bE0.25     seed=2040   LPSP=1.4051%  deg=66.402  total=77.925  ELYstarts=11650  (1380s)
  [ 80/256] MPC(SoH+Pred) bE0.25     seed=2041   LPSP=1.3980%  deg=66.383  total=77.849  ELYstarts=11552  (1373s)
  [ 81/256] MPC(SoH+Pred) bE0.25     seed=2042   LPSP=1.4026%  deg=66.317  total=77.820  ELYstarts=11509  (1368s)
  [ 82/256] MPC(SoH+Pred) bE0.25     seed=2043   LPSP=1.3972%  deg=66.498  total=77.957  ELYstarts=11619  (1370s)
  [ 83/256] MPC(SoH+Pred) bE0.25     seed=2044   LPSP=1.4235%  deg=66.422  total=78.097  ELYstarts=11611  (1374s)
  [ 84/256] MPC(SoH+Pred) bE0.25     seed=2045   LPSP=1.4127%  deg=66.369  total=77.955  ELYstarts=11595  (1350s)
  [ 85/256] MPC(SoH+Pred) bE0.25     seed=2046   LPSP=1.4093%  deg=66.380  total=77.938  ELYstarts=11615  (1349s)
  [ 86/256] MPC(SoH+Pred) bE0.25     seed=2047   LPSP=1.4369%  deg=66.411  total=78.195  ELYstarts=11686  (1354s)
  [ 87/256] MPC(SoH+Pred) bE0.25     seed=2048   LPSP=1.3798%  deg=66.405  total=77.721  ELYstarts=11624  (1377s)
  [ 88/256] MPC(SoH+Pred) bE0.25     seed=2049   LPSP=1.4352%  deg=66.408  total=78.179  ELYstarts=11648  (1358s)
  [ 89/256] MPC(SoH+Pred) bE0.25     seed=2050   LPSP=1.4338%  deg=66.393  total=78.152  ELYstarts=11619  (1360s)
  [ 90/256] MPC(SoH+Pred) bE0.25     seed=2051   LPSP=1.3917%  deg=66.493  total=77.906  ELYstarts=11638  (1374s)
  [ 91/256] MPC(SoH+Pred) bE0.25     seed=2052   LPSP=1.4058%  deg=66.521  total=78.051  ELYstarts=11720  (1357s)
  [ 92/256] MPC(SoH+Pred) bE0.25     seed=2053   LPSP=1.4193%  deg=66.370  total=78.010  ELYstarts=11625  (1354s)
  [ 93/256] MPC(SoH+Pred) bE0.25     seed=2054   LPSP=1.4061%  deg=66.458  total=77.990  ELYstarts=11648  (1382s)
  [ 94/256] MPC(SoH+Pred) bE0.25     seed=2055   LPSP=1.4032%  deg=66.317  total=77.825  ELYstarts=11535  (1379s)
  [ 95/256] MPC(SoH+Pred) bE0.25     seed=2056   LPSP=1.4302%  deg=66.454  total=78.184  ELYstarts=11681  (1359s)
  [ 96/256] MPC(SoH+Pred) bE0.25     seed=2057   LPSP=1.3821%  deg=66.438  total=77.774  ELYstarts=11663  (1364s)
  [ 97/256] MPC(SoH+Pred) bE0.5      seed=2026   LPSP=1.4559%  deg=66.710  total=78.651  ELYstarts=11711  (1333s)
  [ 98/256] MPC(SoH+Pred) bE0.5      seed=2027   LPSP=1.4180%  deg=66.621  total=78.251  ELYstarts=11590  (1359s)
  [ 99/256] MPC(SoH+Pred) bE0.5      seed=2028   LPSP=1.4231%  deg=66.620  total=78.291  ELYstarts=11643  (1349s)
  [100/256] MPC(SoH+Pred) bE0.5      seed=2029   LPSP=1.3942%  deg=66.672  total=78.106  ELYstarts=11612  (1352s)
  [101/256] MPC(SoH+Pred) bE0.5      seed=2030   LPSP=1.4066%  deg=66.729  total=78.265  ELYstarts=11676  (1356s)
  [102/256] MPC(SoH+Pred) bE0.5      seed=2031   LPSP=1.4541%  deg=66.678  total=78.603  ELYstarts=11661  (1359s)
  [103/256] MPC(SoH+Pred) bE0.5      seed=2032   LPSP=1.4157%  deg=66.664  total=78.275  ELYstarts=11603  (1362s)
  [104/256] MPC(SoH+Pred) bE0.5      seed=2033   LPSP=1.4502%  deg=66.625  total=78.519  ELYstarts=11630  (1346s)
  [105/256] MPC(SoH+Pred) bE0.5      seed=2034   LPSP=1.3999%  deg=66.669  total=78.150  ELYstarts=11645  (1347s)
  [106/256] MPC(SoH+Pred) bE0.5      seed=2035   LPSP=1.4300%  deg=66.648  total=78.376  ELYstarts=11650  (1355s)
  [107/256] MPC(SoH+Pred) bE0.5      seed=2036   LPSP=1.4086%  deg=66.728  total=78.281  ELYstarts=11633  (1347s)
  [108/256] MPC(SoH+Pred) bE0.5      seed=2037   LPSP=1.4428%  deg=66.757  total=78.590  ELYstarts=11707  (1359s)
  [109/256] MPC(SoH+Pred) bE0.5      seed=2038   LPSP=1.4161%  deg=66.646  total=78.260  ELYstarts=11561  (1347s)
  [110/256] MPC(SoH+Pred) bE0.5      seed=2039   LPSP=1.3962%  deg=66.744  total=78.195  ELYstarts=11628  (1327s)
  [111/256] MPC(SoH+Pred) bE0.5      seed=2040   LPSP=1.4163%  deg=66.690  total=78.306  ELYstarts=11678  (1343s)
  [112/256] MPC(SoH+Pred) bE0.5      seed=2041   LPSP=1.4125%  deg=66.733  total=78.317  ELYstarts=11616  (1363s)
  [113/256] MPC(SoH+Pred) bE0.5      seed=2042   LPSP=1.4114%  deg=66.565  total=78.140  ELYstarts=11532  (1348s)
  [114/256] MPC(SoH+Pred) bE0.5      seed=2043   LPSP=1.4185%  deg=66.824  total=78.458  ELYstarts=11652  (1362s)
  [115/256] MPC(SoH+Pred) bE0.5      seed=2044   LPSP=1.4258%  deg=66.759  total=78.453  ELYstarts=11648  (1368s)
  [116/256] MPC(SoH+Pred) bE0.5      seed=2045   LPSP=1.4295%  deg=66.693  total=78.417  ELYstarts=11603  (1351s)
  [117/256] MPC(SoH+Pred) bE0.5      seed=2046   LPSP=1.4270%  deg=66.724  total=78.427  ELYstarts=11632  (1349s)
  [118/256] MPC(SoH+Pred) bE0.5      seed=2047   LPSP=1.4415%  deg=66.730  total=78.552  ELYstarts=11705  (1360s)
  [119/256] MPC(SoH+Pred) bE0.5      seed=2048   LPSP=1.3946%  deg=66.743  total=78.181  ELYstarts=11632  (1348s)
  [120/256] MPC(SoH+Pred) bE0.5      seed=2049   LPSP=1.4475%  deg=66.661  total=78.533  ELYstarts=11599  (1349s)
  [121/256] MPC(SoH+Pred) bE0.5      seed=2050   LPSP=1.4337%  deg=66.675  total=78.434  ELYstarts=11635  (1349s)
  [122/256] MPC(SoH+Pred) bE0.5      seed=2051   LPSP=1.4045%  deg=66.792  total=78.311  ELYstarts=11666  (1348s)
  [123/256] MPC(SoH+Pred) bE0.5      seed=2052   LPSP=1.4229%  deg=66.798  total=78.468  ELYstarts=11714  (1363s)
  [124/256] MPC(SoH+Pred) bE0.5      seed=2053   LPSP=1.4272%  deg=66.722  total=78.427  ELYstarts=11658  (1364s)
  [125/256] MPC(SoH+Pred) bE0.5      seed=2054   LPSP=1.4237%  deg=66.853  total=78.529  ELYstarts=11732  (1371s)
  [126/256] MPC(SoH+Pred) bE0.5      seed=2055   LPSP=1.4235%  deg=66.540  total=78.215  ELYstarts=11549  (1369s)
  [127/256] MPC(SoH+Pred) bE0.5      seed=2056   LPSP=1.4483%  deg=66.745  total=78.623  ELYstarts=11679  (1353s)
  [128/256] MPC(SoH+Pred) bE0.5      seed=2057   LPSP=1.3972%  deg=66.746  total=78.206  ELYstarts=11670  (1356s)
  [129/256] MPC(SoH+Pred) bE1        seed=2026   LPSP=1.5279%  deg=67.691  total=80.222  ELYstarts=12223  (1335s)
  [130/256] MPC(SoH+Pred) bE1        seed=2027   LPSP=1.4642%  deg=67.495  total=79.503  ELYstarts=11967  (1351s)
  [131/256] MPC(SoH+Pred) bE1        seed=2028   LPSP=1.4706%  deg=67.546  total=79.607  ELYstarts=12057  (1331s)
  [132/256] MPC(SoH+Pred) bE1        seed=2029   LPSP=1.4421%  deg=67.459  total=79.287  ELYstarts=11907  (1358s)
  [133/256] MPC(SoH+Pred) bE1        seed=2030   LPSP=1.4498%  deg=67.575  total=79.465  ELYstarts=12018  (1360s)
  [134/256] MPC(SoH+Pred) bE1        seed=2031   LPSP=1.5054%  deg=67.604  total=79.950  ELYstarts=12088  (1351s)
  [135/256] MPC(SoH+Pred) bE1        seed=2032   LPSP=1.4673%  deg=67.513  total=79.547  ELYstarts=11946  (1358s)
  [136/256] MPC(SoH+Pred) bE1        seed=2033   LPSP=1.4960%  deg=67.564  total=79.833  ELYstarts=12036  (1351s)
  [137/256] MPC(SoH+Pred) bE1        seed=2034   LPSP=1.4617%  deg=67.599  total=79.587  ELYstarts=12092  (1364s)
  [138/256] MPC(SoH+Pred) bE1        seed=2035   LPSP=1.4631%  deg=67.580  total=79.579  ELYstarts=12073  (1346s)
  [139/256] MPC(SoH+Pred) bE1        seed=2036   LPSP=1.4569%  deg=67.665  total=79.614  ELYstarts=12084  (1354s)
  [140/256] MPC(SoH+Pred) bE1        seed=2037   LPSP=1.4980%  deg=67.608  total=79.894  ELYstarts=12104  (1362s)
  [141/256] MPC(SoH+Pred) bE1        seed=2038   LPSP=1.4517%  deg=67.475  total=79.381  ELYstarts=11931  (1350s)
  [142/256] MPC(SoH+Pred) bE1        seed=2039   LPSP=1.4374%  deg=67.503  total=79.292  ELYstarts=11899  (1349s)
  [143/256] MPC(SoH+Pred) bE1        seed=2040   LPSP=1.4639%  deg=67.675  total=79.681  ELYstarts=12132  (1361s)
  [144/256] MPC(SoH+Pred) bE1        seed=2041   LPSP=1.4509%  deg=67.474  total=79.373  ELYstarts=11883  (1354s)
  [145/256] MPC(SoH+Pred) bE1        seed=2042   LPSP=1.4601%  deg=67.411  total=79.386  ELYstarts=11867  (1349s)
  [146/256] MPC(SoH+Pred) bE1        seed=2043   LPSP=1.4363%  deg=67.635  total=79.415  ELYstarts=12011  (1350s)
  [147/256] MPC(SoH+Pred) bE1        seed=2044   LPSP=1.4696%  deg=67.671  total=79.724  ELYstarts=12081  (1353s)
  [148/256] MPC(SoH+Pred) bE1        seed=2045   LPSP=1.4612%  deg=67.607  total=79.591  ELYstarts=12036  (1348s)
  [149/256] MPC(SoH+Pred) bE1        seed=2046   LPSP=1.4641%  deg=67.597  total=79.605  ELYstarts=12058  (1340s)
  [150/256] MPC(SoH+Pred) bE1        seed=2047   LPSP=1.4936%  deg=67.626  total=79.875  ELYstarts=12111  (1349s)
  [151/256] MPC(SoH+Pred) bE1        seed=2048   LPSP=1.4318%  deg=67.585  total=79.328  ELYstarts=12033  (1359s)
  [152/256] MPC(SoH+Pred) bE1        seed=2049   LPSP=1.4732%  deg=67.572  total=79.654  ELYstarts=12073  (1362s)
  [153/256] MPC(SoH+Pred) bE1        seed=2050   LPSP=1.5008%  deg=67.538  total=79.847  ELYstarts=11997  (1344s)
  [154/256] MPC(SoH+Pred) bE1        seed=2051   LPSP=1.4404%  deg=67.725  total=79.538  ELYstarts=12125  (1355s)
  [155/256] MPC(SoH+Pred) bE1        seed=2052   LPSP=1.4520%  deg=67.746  total=79.655  ELYstarts=12140  (1371s)
  [156/256] MPC(SoH+Pred) bE1        seed=2053   LPSP=1.4750%  deg=67.709  total=79.806  ELYstarts=12156  (1358s)
  [157/256] MPC(SoH+Pred) bE1        seed=2054   LPSP=1.4788%  deg=67.717  total=79.846  ELYstarts=12174  (1354s)
  [158/256] MPC(SoH+Pred) bE1        seed=2055   LPSP=1.4476%  deg=67.476  total=79.348  ELYstarts=11905  (1362s)
  [159/256] MPC(SoH+Pred) bE1        seed=2056   LPSP=1.4902%  deg=67.661  total=79.883  ELYstarts=12087  (1361s)
  [160/256] MPC(SoH+Pred) bE1        seed=2057   LPSP=1.4369%  deg=67.650  total=79.435  ELYstarts=12087  (1358s)
  [161/256] MPC(SoH+Pred) bE2        seed=2026   LPSP=3.2125%  deg=66.168  total=92.516  ELYstarts=11549  (1307s)
  [162/256] MPC(SoH+Pred) bE2        seed=2027   LPSP=3.1219%  deg=66.286  total=91.890  ELYstarts=11550  (1305s)
  [163/256] MPC(SoH+Pred) bE2        seed=2028   LPSP=3.2001%  deg=66.142  total=92.387  ELYstarts=11549  (1334s)
  [164/256] MPC(SoH+Pred) bE2        seed=2029   LPSP=3.1332%  deg=66.261  total=91.957  ELYstarts=11550  (1333s)
  [165/256] MPC(SoH+Pred) bE2        seed=2030   LPSP=3.1466%  deg=66.200  total=92.006  ELYstarts=11552  (1328s)
  [166/256] MPC(SoH+Pred) bE2        seed=2031   LPSP=3.2016%  deg=66.227  total=92.485  ELYstarts=11549  (1324s)
  [167/256] MPC(SoH+Pred) bE2        seed=2032   LPSP=3.1300%  deg=66.295  total=91.966  ELYstarts=11548  (1320s)
  [168/256] MPC(SoH+Pred) bE2        seed=2033   LPSP=3.1462%  deg=66.220  total=92.024  ELYstarts=11549  (1335s)
  [169/256] MPC(SoH+Pred) bE2        seed=2034   LPSP=3.1749%  deg=66.174  total=92.213  ELYstarts=11552  (1328s)
  [170/256] MPC(SoH+Pred) bE2        seed=2035   LPSP=3.1665%  deg=66.131  total=92.101  ELYstarts=11548  (1324s)
  [171/256] MPC(SoH+Pred) bE2        seed=2036   LPSP=3.1525%  deg=66.290  total=92.145  ELYstarts=11550  (1329s)
  [172/256] MPC(SoH+Pred) bE2        seed=2037   LPSP=3.1777%  deg=66.281  total=92.342  ELYstarts=11549  (1326s)
  [173/256] MPC(SoH+Pred) bE2        seed=2038   LPSP=3.0458%  deg=66.313  total=91.293  ELYstarts=11552  (1315s)
  [174/256] MPC(SoH+Pred) bE2        seed=2039   LPSP=3.1484%  deg=66.275  total=92.096  ELYstarts=11549  (1332s)
  [175/256] MPC(SoH+Pred) bE2        seed=2040   LPSP=3.1738%  deg=66.201  total=92.230  ELYstarts=11549  (1325s)
  [176/256] MPC(SoH+Pred) bE2        seed=2041   LPSP=3.1156%  deg=66.274  total=91.826  ELYstarts=11548  (1318s)
  [177/256] MPC(SoH+Pred) bE2        seed=2042   LPSP=3.1038%  deg=66.270  total=91.726  ELYstarts=11548  (1327s)
  [178/256] MPC(SoH+Pred) bE2        seed=2043   LPSP=3.0831%  deg=66.356  total=91.642  ELYstarts=11548  (1327s)
  [179/256] MPC(SoH+Pred) bE2        seed=2044   LPSP=3.1402%  deg=66.247  total=92.001  ELYstarts=11548  (1329s)
  [180/256] MPC(SoH+Pred) bE2        seed=2045   LPSP=3.1542%  deg=66.196  total=92.064  ELYstarts=11553  (1326s)
  [181/256] MPC(SoH+Pred) bE2        seed=2046   LPSP=3.1327%  deg=66.232  total=91.924  ELYstarts=11548  (1336s)
  [182/256] MPC(SoH+Pred) bE2        seed=2047   LPSP=3.1656%  deg=66.237  total=92.200  ELYstarts=11550  (1324s)
  [183/256] MPC(SoH+Pred) bE2        seed=2048   LPSP=3.1034%  deg=66.282  total=91.735  ELYstarts=11551  (1315s)
  [184/256] MPC(SoH+Pred) bE2        seed=2049   LPSP=3.1588%  deg=66.219  total=92.126  ELYstarts=11552  (1329s)
  [185/256] MPC(SoH+Pred) bE2        seed=2050   LPSP=3.1374%  deg=66.264  total=91.996  ELYstarts=11549  (1337s)
  [186/256] MPC(SoH+Pred) bE2        seed=2051   LPSP=3.1086%  deg=66.236  total=91.730  ELYstarts=11548  (1326s)
  [187/256] MPC(SoH+Pred) bE2        seed=2052   LPSP=3.1427%  deg=66.245  total=92.019  ELYstarts=11549  (1328s)
  [188/256] MPC(SoH+Pred) bE2        seed=2053   LPSP=3.1546%  deg=66.232  total=92.104  ELYstarts=11550  (1331s)
  [189/256] MPC(SoH+Pred) bE2        seed=2054   LPSP=3.1375%  deg=66.244  total=91.976  ELYstarts=11548  (1333s)
  [190/256] MPC(SoH+Pred) bE2        seed=2055   LPSP=3.0958%  deg=66.310  total=91.700  ELYstarts=11548  (1335s)
  [191/256] MPC(SoH+Pred) bE2        seed=2056   LPSP=3.1164%  deg=66.315  total=91.874  ELYstarts=11549  (1332s)
  [192/256] MPC(SoH+Pred) bE2        seed=2057   LPSP=3.1052%  deg=66.251  total=91.718  ELYstarts=11549  (1343s)
  [193/256] MPC(SoH+Pred) bE1bF1     seed=2026   LPSP=2.3844%  deg=62.490  total=82.046  ELYstarts=10790  (1352s)
  [194/256] MPC(SoH+Pred) bE1bF1     seed=2027   LPSP=2.3678%  deg=62.532  total=81.951  ELYstarts=10723  (1352s)
  [195/256] MPC(SoH+Pred) bE1bF1     seed=2028   LPSP=2.3842%  deg=62.569  total=82.123  ELYstarts=10808  (1369s)
  [196/256] MPC(SoH+Pred) bE1bF1     seed=2029   LPSP=2.3186%  deg=62.659  total=81.675  ELYstarts=10810  (1370s)
  [197/256] MPC(SoH+Pred) bE1bF1     seed=2030   LPSP=2.3374%  deg=62.573  total=81.744  ELYstarts=10779  (1372s)
  [198/256] MPC(SoH+Pred) bE1bF1     seed=2031   LPSP=2.3867%  deg=62.465  total=82.040  ELYstarts=10725  (1378s)
  [199/256] MPC(SoH+Pred) bE1bF1     seed=2032   LPSP=2.3669%  deg=62.486  total=81.898  ELYstarts=10745  (1360s)
  [200/256] MPC(SoH+Pred) bE1bF1     seed=2033   LPSP=2.3860%  deg=62.565  total=82.133  ELYstarts=10797  (1374s)
  [201/256] MPC(SoH+Pred) bE1bF1     seed=2034   LPSP=2.4172%  deg=62.514  total=82.338  ELYstarts=10771  (1368s)
  [202/256] MPC(SoH+Pred) bE1bF1     seed=2035   LPSP=2.3708%  deg=62.579  total=82.023  ELYstarts=10797  (1378s)
  [203/256] MPC(SoH+Pred) bE1bF1     seed=2036   LPSP=2.3582%  deg=62.563  total=81.904  ELYstarts=10754  (1368s)
  [204/256] MPC(SoH+Pred) bE1bF1     seed=2037   LPSP=2.3648%  deg=62.475  total=81.870  ELYstarts=10755  (1388s)
  [205/256] MPC(SoH+Pred) bE1bF1     seed=2038   LPSP=2.3435%  deg=62.607  total=81.827  ELYstarts=10779  (1371s)
  [206/256] MPC(SoH+Pred) bE1bF1     seed=2039   LPSP=2.3523%  deg=62.512  total=81.804  ELYstarts=10714  (1373s)
  [207/256] MPC(SoH+Pred) bE1bF1     seed=2040   LPSP=2.3722%  deg=62.563  total=82.018  ELYstarts=10800  (1362s)
  [208/256] MPC(SoH+Pred) bE1bF1     seed=2041   LPSP=2.3377%  deg=62.481  total=81.653  ELYstarts=10698  (1365s)
  [209/256] MPC(SoH+Pred) bE1bF1     seed=2042   LPSP=2.3804%  deg=62.497  total=82.020  ELYstarts=10715  (1373s)
  [210/256] MPC(SoH+Pred) bE1bF1     seed=2043   LPSP=2.4179%  deg=62.606  total=82.436  ELYstarts=10797  (1377s)
  [211/256] MPC(SoH+Pred) bE1bF1     seed=2044   LPSP=2.3986%  deg=62.510  total=82.182  ELYstarts=10733  (1372s)
  [212/256] MPC(SoH+Pred) bE1bF1     seed=2045   LPSP=2.3409%  deg=62.544  total=81.743  ELYstarts=10768  (1370s)
  [213/256] MPC(SoH+Pred) bE1bF1     seed=2046   LPSP=2.3622%  deg=62.497  total=81.870  ELYstarts=10713  (1387s)
  [214/256] MPC(SoH+Pred) bE1bF1     seed=2047   LPSP=2.3844%  deg=62.638  total=82.194  ELYstarts=10857  (1375s)
  [215/256] MPC(SoH+Pred) bE1bF1     seed=2048   LPSP=2.3221%  deg=62.475  total=81.520  ELYstarts=10699  (1388s)
  [216/256] MPC(SoH+Pred) bE1bF1     seed=2049   LPSP=2.3378%  deg=62.531  total=81.704  ELYstarts=10756  (1375s)
  [217/256] MPC(SoH+Pred) bE1bF1     seed=2050   LPSP=2.3766%  deg=62.539  total=82.031  ELYstarts=10795  (1371s)
  [218/256] MPC(SoH+Pred) bE1bF1     seed=2051   LPSP=2.3689%  deg=62.607  total=82.036  ELYstarts=10789  (1383s)
  [219/256] MPC(SoH+Pred) bE1bF1     seed=2052   LPSP=2.3825%  deg=62.611  total=82.151  ELYstarts=10781  (1371s)
  [220/256] MPC(SoH+Pred) bE1bF1     seed=2053   LPSP=2.4107%  deg=62.589  total=82.360  ELYstarts=10780  (1377s)
  [221/256] MPC(SoH+Pred) bE1bF1     seed=2054   LPSP=2.3647%  deg=62.600  total=81.993  ELYstarts=10811  (1379s)
  [222/256] MPC(SoH+Pred) bE1bF1     seed=2055   LPSP=2.3197%  deg=62.598  total=81.623  ELYstarts=10743  (1379s)
  [223/256] MPC(SoH+Pred) bE1bF1     seed=2056   LPSP=2.3873%  deg=62.539  total=82.118  ELYstarts=10787  (1384s)
  [224/256] MPC(SoH+Pred) bE1bF1     seed=2057   LPSP=2.3611%  deg=62.564  total=81.928  ELYstarts=10808  (1389s)
  [225/256] MPC(SoH+Pred) bE2bF2     seed=2026   LPSP=9.7945%  deg=50.796  total=131.124  ELYstarts=1940  (1324s)
  [226/256] MPC(SoH+Pred) bE2bF2     seed=2027   LPSP=9.7756%  deg=50.749  total=130.923  ELYstarts=1909  (1327s)
  [227/256] MPC(SoH+Pred) bE2bF2     seed=2028   LPSP=9.7670%  deg=50.744  total=130.848  ELYstarts=1911  (1329s)
  [228/256] MPC(SoH+Pred) bE2bF2     seed=2029   LPSP=9.7687%  deg=50.761  total=130.878  ELYstarts=1928  (1338s)
  [229/256] MPC(SoH+Pred) bE2bF2     seed=2030   LPSP=9.7778%  deg=50.764  total=130.956  ELYstarts=1923  (1337s)
  [230/256] MPC(SoH+Pred) bE2bF2     seed=2031   LPSP=9.7921%  deg=50.734  total=131.044  ELYstarts=1884  (1347s)
  [231/256] MPC(SoH+Pred) bE2bF2     seed=2032   LPSP=9.7678%  deg=50.771  total=130.881  ELYstarts=1944  (1347s)
  [232/256] MPC(SoH+Pred) bE2bF2     seed=2033   LPSP=9.7727%  deg=50.784  total=130.934  ELYstarts=1940  (1329s)
  [233/256] MPC(SoH+Pred) bE2bF2     seed=2034   LPSP=9.7716%  deg=50.768  total=130.909  ELYstarts=1929  (1334s)
  [234/256] MPC(SoH+Pred) bE2bF2     seed=2035   LPSP=9.8042%  deg=50.796  total=131.204  ELYstarts=1943  (1347s)
  [235/256] MPC(SoH+Pred) bE2bF2     seed=2036   LPSP=9.7645%  deg=50.800  total=130.883  ELYstarts=1952  (1344s)
  [236/256] MPC(SoH+Pred) bE2bF2     seed=2037   LPSP=9.7720%  deg=50.760  total=130.904  ELYstarts=1922  (1331s)
  [237/256] MPC(SoH+Pred) bE2bF2     seed=2038   LPSP=9.7611%  deg=50.737  total=130.791  ELYstarts=1876  (1333s)
  [238/256] MPC(SoH+Pred) bE2bF2     seed=2039   LPSP=9.7879%  deg=50.770  total=131.045  ELYstarts=1933  (1338s)
  [239/256] MPC(SoH+Pred) bE2bF2     seed=2040   LPSP=9.7879%  deg=50.770  total=131.045  ELYstarts=1936  (1340s)
  [240/256] MPC(SoH+Pred) bE2bF2     seed=2041   LPSP=9.7583%  deg=50.795  total=130.827  ELYstarts=1955  (1334s)
  [241/256] MPC(SoH+Pred) bE2bF2     seed=2042   LPSP=9.7930%  deg=50.749  total=131.066  ELYstarts=1906  (1334s)
  [242/256] MPC(SoH+Pred) bE2bF2     seed=2043   LPSP=9.7686%  deg=50.792  total=130.909  ELYstarts=1967  (1336s)
  [243/256] MPC(SoH+Pred) bE2bF2     seed=2044   LPSP=9.7847%  deg=50.763  total=131.012  ELYstarts=1916  (1344s)
  [244/256] MPC(SoH+Pred) bE2bF2     seed=2045   LPSP=9.7839%  deg=50.767  total=131.008  ELYstarts=1936  (1339s)
  [245/256] MPC(SoH+Pred) bE2bF2     seed=2046   LPSP=9.7693%  deg=50.763  total=130.885  ELYstarts=1935  (1344s)
  [246/256] MPC(SoH+Pred) bE2bF2     seed=2047   LPSP=9.7814%  deg=50.763  total=130.984  ELYstarts=1932  (1339s)
  [247/256] MPC(SoH+Pred) bE2bF2     seed=2048   LPSP=9.7480%  deg=50.764  total=130.712  ELYstarts=1921  (1332s)
  [248/256] MPC(SoH+Pred) bE2bF2     seed=2049   LPSP=9.7740%  deg=50.782  total=130.943  ELYstarts=1933  (1345s)
  [249/256] MPC(SoH+Pred) bE2bF2     seed=2050   LPSP=9.7716%  deg=50.746  total=130.887  ELYstarts=1908  (1342s)
  [250/256] MPC(SoH+Pred) bE2bF2     seed=2051   LPSP=9.8028%  deg=50.765  total=131.162  ELYstarts=1905  (1336s)
  [251/256] MPC(SoH+Pred) bE2bF2     seed=2052   LPSP=9.7917%  deg=50.776  total=131.082  ELYstarts=1902  (1343s)
  [252/256] MPC(SoH+Pred) bE2bF2     seed=2053   LPSP=9.7829%  deg=50.794  total=131.028  ELYstarts=1944  (1332s)
  [253/256] MPC(SoH+Pred) bE2bF2     seed=2054   LPSP=9.7897%  deg=50.763  total=131.052  ELYstarts=1924  (1317s)
  [254/256] MPC(SoH+Pred) bE2bF2     seed=2055   LPSP=9.7692%  deg=50.764  total=130.885  ELYstarts=1913  (1336s)
  [255/256] MPC(SoH+Pred) bE2bF2     seed=2056   LPSP=9.7942%  deg=50.812  total=131.138  ELYstarts=1978  (1336s)
  [256/256] MPC(SoH+Pred) bE2bF2     seed=2057   LPSP=9.7829%  deg=50.773  total=131.007  ELYstarts=1929  (1325s)
[bench_mpc] termine en 9616 s
# bench_mpc (sweep_mpc_soh) : 25 ans ; VoLL=3.0 ; N=32 graines ; CRN ; base=RB2(SoH_all+Pred)
label ; N ; LPSP(%) ; sLPSP ; deg(kEUR) ; sdeg ; total(kEUR) ; stotal ; dtotal_vs_base(kEUR) ; ELY_starts
RB2(SoH_all+Pred) ; 32 ; 2.9438 ; 0.0122 ; 53.092 ; 0.016 ; 77.235 ; 0.099 ; +0.000 ; 8994
MPC(Pred) [b=0] ; 32 ; 1.4088 ; 0.0197 ; 66.287 ; 0.052 ; 77.840 ; 0.160 ; +0.606 ; 11613
MPC(SoH+Pred) bE0.25 ; 32 ; 1.4094 ; 0.0198 ; 66.404 ; 0.052 ; 77.964 ; 0.172 ; +0.729 ; 11630
MPC(SoH+Pred) bE0.5 ; 32 ; 1.4224 ; 0.0175 ; 66.703 ; 0.068 ; 78.369 ; 0.153 ; +1.135 ; 11642
MPC(SoH+Pred) bE1 ; 32 ; 1.4662 ; 0.0227 ; 67.592 ; 0.085 ; 79.617 ; 0.221 ; +2.383 ; 12043
MPC(SoH+Pred) bE2 ; 32 ; 3.1402 ; 0.0351 ; 66.246 ; 0.050 ; 92.000 ; 0.254 ; +14.766 ; 11549
MPC(SoH+Pred) bE1bF1 ; 32 ; 2.3676 ; 0.0259 ; 62.549 ; 0.051 ; 81.967 ; 0.216 ; +4.733 ; 10768
MPC(SoH+Pred) bE2bF2 ; 32 ; 9.7785 ; 0.0130 ; 50.770 ; 0.019 ; 130.967 ; 0.111 ; +53.733 ; 1927

[bench_mpc] -> /Work/Users/tlenoir/genial/Robustesse/MPC3/sweep_mpc_soh.txt
[bench_mpc] -> /Work/Users/tlenoir/genial/Robustesse/MPC3/sweep_mpc_soh_cloud.csv

real	160m16.211s
user	5056m0.395s
sys	0m29.884s
fin=Tue Jul  7 17:31:15 CEST 2026
