Job 212367  noeud=node4-9  N=1  n_years=25  extra=--sweep socwin
cpus-per-task=32  debut=jeu. juil.  2 09:28:42 CEST 2026
numpy 1.21.5 scipy 1.9.1
[bench_fable] 5 runs (25 ans), 5 workers ...
  [  1/5] SoCwin gain=0.00       seed=2026   LPSP=2.5921%  deg=58.843  total=80.102  ELYstarts=9199
  [  2/5] SoCwin gain=0.20       seed=2026   LPSP=2.7679%  deg=56.842  total=79.543  ELYstarts=9199
  [  3/5] SoCwin gain=0.40       seed=2026   LPSP=3.0299%  deg=54.869  total=79.719  ELYstarts=9199
  [  4/5] SoCwin gain=0.60       seed=2026   LPSP=3.5602%  deg=52.897  total=82.096  ELYstarts=9199
  [  5/5] SoCwin gain=0.80       seed=2026   LPSP=4.7945%  deg=49.582  total=88.904  ELYstarts=9199
[bench_fable] termine en 67 s
# bench_fable (sweep_fable_socwin) : 25 ans ; VoLL=3.0 ; N=1 graines ; seeds communes (CRN) ; base=SoCwin gain=0.00
label ; N ; LPSP(%) ; sLPSP ; deg(kEUR) ; sdeg ; total(kEUR) ; stotal ; dtotal_vs_base(kEUR) ; ELY_starts
SoCwin gain=0.00 ; 1 ; 2.5921 ; 0.0000 ; 58.843 ; 0.000 ; 80.102 ; 0.000 ; +0.000 ; 9199
SoCwin gain=0.20 ; 1 ; 2.7679 ; 0.0000 ; 56.842 ; 0.000 ; 79.543 ; 0.000 ; -0.559 ; 9199
SoCwin gain=0.40 ; 1 ; 3.0299 ; 0.0000 ; 54.869 ; 0.000 ; 79.719 ; 0.000 ; -0.383 ; 9199
SoCwin gain=0.60 ; 1 ; 3.5602 ; 0.0000 ; 52.897 ; 0.000 ; 82.096 ; 0.000 ; +1.994 ; 9199
SoCwin gain=0.80 ; 1 ; 4.7945 ; 0.0000 ; 49.582 ; 0.000 ; 88.904 ; 0.000 ; +8.802 ; 9199

[bench_fable] -> /Work/Users/tlenoir/genial/Robustesse/Fable/sweep_fable_socwin.txt
[bench_fable] -> /Work/Users/tlenoir/genial/Robustesse/Fable/sweep_fable_socwin_cloud.csv

real	1m7,120s
user	5m10,662s
sys	0m0,991s
fin=jeu. juil.  2 09:29:49 CEST 2026
