Job 212366  noeud=node4-9  N=1  n_years=25  extra=--sweep soh_bat
cpus-per-task=32  debut=jeu. juil.  2 09:27:13 CEST 2026
numpy 1.21.5 scipy 1.9.1
[bench_fable] 7 runs (25 ans), 7 workers ...
  [  1/7] SoHbat bFC=0.00 bELY=0.00 seed=2026   LPSP=2.5921%  deg=58.843  total=80.102  ELYstarts=9199
  [  2/7] SoHbat bFC=0.00 bELY=0.25 seed=2026   LPSP=2.5152%  deg=62.509  total=83.137  ELYstarts=9166
  [  3/7] SoHbat bFC=0.00 bELY=0.50 seed=2026   LPSP=2.5117%  deg=67.550  total=88.150  ELYstarts=9172
  [  4/7] SoHbat bFC=0.00 bELY=1.00 seed=2026   LPSP=2.4885%  deg=75.936  total=96.345  ELYstarts=9163
  [  5/7] SoHbat bFC=0.00 bELY=2.00 seed=2026   LPSP=2.4106%  deg=89.814  total=109.584  ELYstarts=9036
  [  6/7] SoHbat bFC=0.50 bELY=0.50 seed=2026   LPSP=2.6013%  deg=67.810  total=89.145  ELYstarts=9189
  [  7/7] SoHbat bFC=1.00 bELY=1.00 seed=2026   LPSP=2.7469%  deg=80.243  total=102.772  ELYstarts=9186
[bench_fable] termine en 70 s
# bench_fable (sweep_fable_sohbat) : 25 ans ; VoLL=3.0 ; N=1 graines ; seeds communes (CRN) ; base=SoHbat bFC=0.00 bELY=0.00
label ; N ; LPSP(%) ; sLPSP ; deg(kEUR) ; sdeg ; total(kEUR) ; stotal ; dtotal_vs_base(kEUR) ; ELY_starts
SoHbat bFC=0.00 bELY=0.00 ; 1 ; 2.5921 ; 0.0000 ; 58.843 ; 0.000 ; 80.102 ; 0.000 ; +0.000 ; 9199
SoHbat bFC=0.00 bELY=0.25 ; 1 ; 2.5152 ; 0.0000 ; 62.509 ; 0.000 ; 83.137 ; 0.000 ; +3.035 ; 9166
SoHbat bFC=0.00 bELY=0.50 ; 1 ; 2.5117 ; 0.0000 ; 67.550 ; 0.000 ; 88.150 ; 0.000 ; +8.047 ; 9172
SoHbat bFC=0.00 bELY=1.00 ; 1 ; 2.4885 ; 0.0000 ; 75.936 ; 0.000 ; 96.345 ; 0.000 ; +16.243 ; 9163
SoHbat bFC=0.00 bELY=2.00 ; 1 ; 2.4106 ; 0.0000 ; 89.814 ; 0.000 ; 109.584 ; 0.000 ; +29.482 ; 9036
SoHbat bFC=0.50 bELY=0.50 ; 1 ; 2.6013 ; 0.0000 ; 67.810 ; 0.000 ; 89.145 ; 0.000 ; +9.042 ; 9189
SoHbat bFC=1.00 bELY=1.00 ; 1 ; 2.7469 ; 0.0000 ; 80.243 ; 0.000 ; 102.772 ; 0.000 ; +22.670 ; 9186

[bench_fable] -> /Work/Users/tlenoir/genial/Robustesse/Fable/sweep_fable_sohbat.txt
[bench_fable] -> /Work/Users/tlenoir/genial/Robustesse/Fable/sweep_fable_sohbat_cloud.csv

real	1m9,706s
user	7m35,714s
sys	0m1,666s
fin=jeu. juil.  2 09:28:23 CEST 2026
