Job 213192  noeud=node4-12  script=dp_pareto.py full
cpus-per-task=16 (= workers paralleles)  debut=sam. juil.  4 12:20:51 CEST 2026
numpy 1.21.5 scipy 1.9.1
======================================================================
 FRONTIERE DE PARETO  deg <-> EENS   (FULL 25 ans)
 grille 51x51  n_fc=10 n_ely=50  | 15 epsilon | 15 workers paralleles
 epsilon (EUR/kWh) = [0.05, 0.1, 0.2, 0.35, 0.5, 0.75, 1.0, 1.5, 2.0, 3.0, 4.0, 6.0, 10.0, 20.0, 50.0]
======================================================================
[RB2] LPSP 2.4509%  deg 65.415 kE  EENS 6700.2 kWh  UNIF@3 85.516 kE   (57s)
[eps=0.05  ] LPSP 16.8490%  deg 49.283 kE  EENS  46061.9 kWh  UNIF@3 187.468 kE  (rebuild 37, 19801s)
[eps=0.2   ] LPSP 1.8206%  deg 54.597 kE  EENS   4977.3 kWh  UNIF@3 69.529 kE  (rebuild 38, 20440s)
[eps=4     ] LPSP 0.2961%  deg 57.188 kE  EENS    809.5 kWh  UNIF@3 59.616 kE  (rebuild 39, 20525s)
[eps=1     ] LPSP 0.4608%  deg 56.151 kE  EENS   1259.7 kWh  UNIF@3 59.930 kE  (rebuild 39, 20620s)
[eps=0.1   ] LPSP 5.6444%  deg 53.752 kE  EENS  15430.8 kWh  UNIF@3 100.044 kE  (rebuild 39, 20659s)
[eps=50    ] LPSP 0.2943%  deg 57.946 kE  EENS    804.6 kWh  UNIF@3 60.360 kE  (rebuild 39, 20790s)
[eps=2     ] LPSP 0.3383%  deg 57.230 kE  EENS    924.8 kWh  UNIF@3 60.005 kE  (rebuild 39, 20808s)
[eps=1.5   ] LPSP 0.3563%  deg 56.893 kE  EENS    974.0 kWh  UNIF@3 59.815 kE  (rebuild 39, 20817s)
[eps=0.35  ] LPSP 1.0626%  deg 56.291 kE  EENS   2904.9 kWh  UNIF@3 65.006 kE  (rebuild 39, 20838s)
[eps=6     ] LPSP 0.2940%  deg 57.363 kE  EENS    803.8 kWh  UNIF@3 59.775 kE  (rebuild 39, 20840s)
[eps=20    ] LPSP 0.2959%  deg 57.578 kE  EENS    808.9 kWh  UNIF@3 60.004 kE  (rebuild 39, 20841s)
[eps=0.75  ] LPSP 0.5493%  deg 56.733 kE  EENS   1501.7 kWh  UNIF@3 61.238 kE  (rebuild 39, 20868s)
[eps=3     ] LPSP 0.3057%  deg 57.836 kE  EENS    835.7 kWh  UNIF@3 60.343 kE  (rebuild 40, 20944s)
[eps=0.5   ] LPSP 0.7720%  deg 56.729 kE  EENS   2110.6 kWh  UNIF@3 63.060 kE  (rebuild 40, 20944s)
[eps=10    ] LPSP 0.2936%  deg 58.070 kE  EENS    802.6 kWh  UNIF@3 60.478 kE  (rebuild 40, 21019s)

 Resultats -> /Work/Users/tlenoir/genial/Robustesse/Vieillissement8/DP/results/dp_pareto_25y_51x51.txt (+ .npz, + _traj.npz)

real	351m19,500s
user	5123m26,655s
sys	1m25,375s
fin=sam. juil.  4 18:12:11 CEST 2026
