Job 210476  tache 1  eps=4  noeud=node4-26
cpus-per-task=4  debut=Mon Jun 29 13:12:44 CEST 2026
numpy 1.21.5 scipy 1.9.1
======================================================================
 PD detaillee  eps=4  -> /Work/Users/tlenoir/genial/Robustesse/Vieillissement8/DP/figures_pareto_meso/eps_4
======================================================================
   [DP rebuild #1] an 0  pas 0  SoH_bat=1.000  Pfc=1753W  Pely=18430W  (210s)
   [DP rebuild #2] an 1  pas 8760  SoH_bat=0.939  Pfc=1520W  Pely=18217W  (210s)
   [DP rebuild #3] an 1  pas 17108  SoH_bat=0.877  Pfc=1753W  Pely=18028W  (210s)
   [DP rebuild #4] an 2  pas 17520  SoH_bat=0.874  Pfc=1739W  Pely=18022W  (210s)
   [DP rebuild #5] an 3  pas 26280  SoH_bat=0.813  Pfc=1529W  Pely=17808W  (210s)
   [DP rebuild #6] an 4  pas 35040  SoH_bat=0.748  Pfc=1426W  Pely=17657W  (209s)
   [DP rebuild #7] an 4  pas 38363  SoH_bat=0.725  Pfc=1753W  Pely=17609W  (210s)
   [DP rebuild #8] an 4  pas 41736  SoH_bat=1.000  Pfc=1711W  Pely=17553W  (211s)
   [DP rebuild #9] an 5  pas 43800  SoH_bat=0.984  Pfc=1694W  Pely=17512W  (211s)
   [DP rebuild #10] an 6  pas 52560  SoH_bat=0.921  Pfc=1490W  Pely=17296W  (211s)
   [DP rebuild #11] an 6  pas 60433  SoH_bat=0.860  Pfc=1753W  Pely=17148W  (212s)
   [DP rebuild #12] an 7  pas 61320  SoH_bat=0.853  Pfc=1727W  Pely=17131W  (212s)
   [DP rebuild #13] an 8  pas 70080  SoH_bat=0.790  Pfc=1536W  Pely=16953W  (211s)
   [DP rebuild #14] an 9  pas 78840  SoH_bat=0.726  Pfc=1436W  Pely=16802W  (212s)
   [DP rebuild #15] an 9  pas 82509  SoH_bat=1.000  Pfc=1401W  Pely=16749W  (214s)
   [DP rebuild #16] an 9  pas 83933  SoH_bat=0.986  Pfc=1753W  Pely=16729W  (212s)
   [DP rebuild #17] an 10  pas 87600  SoH_bat=0.957  Pfc=1648W  Pely=16655W  (211s)
   [DP rebuild #18] an 11  pas 96360  SoH_bat=0.892  Pfc=1465W  Pely=16463W  (211s)
   [DP rebuild #19] an 11  pas 103542  SoH_bat=0.834  Pfc=1753W  Pely=16358W  (210s)
   [DP rebuild #20] an 12  pas 105120  SoH_bat=0.823  Pfc=1712W  Pely=16323W  (210s)
   [DP rebuild #21] an 13  pas 113880  SoH_bat=0.759  Pfc=1546W  Pely=16160W  (210s)
   [DP rebuild #22] an 13  pas 122049  SoH_bat=1.000  Pfc=1453W  Pely=16022W  (210s)
   [DP rebuild #23] an 14  pas 122640  SoH_bat=0.995  Pfc=1445W  Pely=16018W  (210s)
   [DP rebuild #24] an 14  pas 126407  SoH_bat=0.967  Pfc=1753W  Pely=15951W  (210s)
   [DP rebuild #25] an 15  pas 131400  SoH_bat=0.926  Pfc=1628W  Pely=15857W  (214s)
   [DP rebuild #26] an 16  pas 140160  SoH_bat=0.858  Pfc=1465W  Pely=15701W  (225s)
   [DP rebuild #27] an 16  pas 147797  SoH_bat=0.797  Pfc=1753W  Pely=15600W  (224s)
   [DP rebuild #28] an 17  pas 148920  SoH_bat=0.789  Pfc=1723W  Pely=15576W  (211s)
   [DP rebuild #29] an 18  pas 157680  SoH_bat=0.727  Pfc=1577W  Pely=15433W  (207s)
   [DP rebuild #30] an 18  pas 161581  SoH_bat=1.000  Pfc=1518W  Pely=15377W  (207s)
   [DP rebuild #31] an 19  pas 166440  SoH_bat=0.955  Pfc=1456W  Pely=15323W  (208s)
   [DP rebuild #32] an 19  pas 172535  SoH_bat=0.904  Pfc=1753W  Pely=15255W  (207s)
   [DP rebuild #33] an 20  pas 175200  SoH_bat=0.883  Pfc=1682W  Pely=15207W  (209s)
   [DP rebuild #34] an 21  pas 183960  SoH_bat=0.814  Pfc=1634W  Pely=15104W  (218s)
   [DP rebuild #35] an 22  pas 192720  SoH_bat=0.748  Pfc=1510W  Pely=14980W  (232s)
   [DP rebuild #36] an 22  pas 199074  SoH_bat=1.000  Pfc=1486W  Pely=14914W  (224s)
   [DP rebuild #37] an 23  pas 201480  SoH_bat=0.978  Pfc=1454W  Pely=14893W  (213s)
   [DP rebuild #38] an 23  pas 207676  SoH_bat=0.925  Pfc=1753W  Pely=14838W  (209s)
   [DP rebuild #39] an 24  pas 210240  SoH_bat=0.904  Pfc=1685W  Pely=14798W  (211s)

[reproduction eps=4]  LPSP 0.2961%  deg 57.188 kE  (8351s, 39 rebuilds)
   stocke (npz)       LPSP 0.2961%  deg 57.188 kE  -> dLPSP +0.0000  ddeg +0.000
LPSP : 0.296122713764043 (%)
Dégradations :  57187.50442592097 (EUR)
  BoP (installation) : 40714 EUR  |  dégradation actualisée (r=5%, N=25 ans, AF=0.564) : 32240 EUR
  NPC (coût total de possession) : 72954 EUR  =  73.0 k€
  Énergie non fournie : 810 kWh  |  coût d'indisponibilité (VOLL=5.0 €/kWh, actualisé) : 2282 EUR
  COÛT TOTAL (NPC + indisponibilité) : 75236 EUR  =  75.2 k€
 figures eps=4 -> /Work/Users/tlenoir/genial/Robustesse/Vieillissement8/DP/figures_pareto_meso/eps_4\Figures\218999h\

real	139m53.893s
user	139m22.873s
sys	0m1.462s
fin=Mon Jun 29 15:32:39 CEST 2026
