Job 213286  noeud=node4-10  N=32  n_years=25  extra=--sweep pareto
cpus-per-task=32  debut=Mon Jul  6 11:14:54 CEST 2026
numpy 1.21.5 scipy 1.9.1
linprog HiGHS OK
[bench_mpc] 160 runs (25 ans), 32 workers ...
  [  1/160] MPC VoLLint=0.5          seed=2026   LPSP=5.2466%  deg=58.915  total=101.945  ELYstarts=9838  (1374s)
  [  2/160] MPC VoLLint=0.5          seed=2027   LPSP=5.2413%  deg=58.857  total=101.843  ELYstarts=9805  (1388s)
  [  3/160] MPC VoLLint=0.5          seed=2028   LPSP=5.2468%  deg=58.914  total=101.946  ELYstarts=9820  (1391s)
  [  4/160] MPC VoLLint=0.5          seed=2029   LPSP=5.2436%  deg=58.962  total=101.967  ELYstarts=9846  (1373s)
  [  5/160] MPC VoLLint=0.5          seed=2030   LPSP=5.2675%  deg=58.944  total=102.145  ELYstarts=9852  (1387s)
  [  6/160] MPC VoLLint=0.5          seed=2031   LPSP=5.2225%  deg=58.931  total=101.762  ELYstarts=9840  (1402s)
  [  7/160] MPC VoLLint=0.5          seed=2032   LPSP=5.2420%  deg=58.897  total=101.889  ELYstarts=9812  (1399s)
  [  8/160] MPC VoLLint=0.5          seed=2033   LPSP=5.2610%  deg=58.896  total=102.044  ELYstarts=9892  (1384s)
  [  9/160] MPC VoLLint=0.5          seed=2034   LPSP=5.2374%  deg=58.883  total=101.836  ELYstarts=9852  (1388s)
  [ 10/160] MPC VoLLint=0.5          seed=2035   LPSP=5.2629%  deg=58.836  total=101.999  ELYstarts=9815  (1393s)
  [ 11/160] MPC VoLLint=0.5          seed=2036   LPSP=5.2332%  deg=58.943  total=101.862  ELYstarts=9831  (1400s)
  [ 12/160] MPC VoLLint=0.5          seed=2037   LPSP=5.2332%  deg=58.961  total=101.880  ELYstarts=9855  (1387s)
  [ 13/160] MPC VoLLint=0.5          seed=2038   LPSP=5.2497%  deg=58.882  total=101.937  ELYstarts=9852  (1400s)
  [ 14/160] MPC VoLLint=0.5          seed=2039   LPSP=5.2586%  deg=58.861  total=101.989  ELYstarts=9778  (1408s)
  [ 15/160] MPC VoLLint=0.5          seed=2040   LPSP=5.2423%  deg=58.946  total=101.941  ELYstarts=9843  (1399s)
  [ 16/160] MPC VoLLint=0.5          seed=2041   LPSP=5.2630%  deg=58.926  total=102.090  ELYstarts=9880  (1391s)
  [ 17/160] MPC VoLLint=0.5          seed=2042   LPSP=5.2518%  deg=58.920  total=101.992  ELYstarts=9811  (1399s)
  [ 18/160] MPC VoLLint=0.5          seed=2043   LPSP=5.2102%  deg=58.980  total=101.711  ELYstarts=9879  (1400s)
  [ 19/160] MPC VoLLint=0.5          seed=2044   LPSP=5.2507%  deg=58.877  total=101.940  ELYstarts=9812  (1382s)
  [ 20/160] MPC VoLLint=0.5          seed=2045   LPSP=5.2538%  deg=58.954  total=102.043  ELYstarts=9883  (1397s)
  [ 21/160] MPC VoLLint=0.5          seed=2046   LPSP=5.2360%  deg=58.849  total=101.792  ELYstarts=9803  (1400s)
  [ 22/160] MPC VoLLint=0.5          seed=2047   LPSP=5.2319%  deg=58.927  total=101.836  ELYstarts=9831  (1388s)
  [ 23/160] MPC VoLLint=0.5          seed=2048   LPSP=5.2366%  deg=58.899  total=101.846  ELYstarts=9846  (1402s)
  [ 24/160] MPC VoLLint=0.5          seed=2049   LPSP=5.2536%  deg=58.953  total=102.040  ELYstarts=9884  (1396s)
  [ 25/160] MPC VoLLint=0.5          seed=2050   LPSP=5.2755%  deg=58.955  total=102.222  ELYstarts=9875  (1380s)
  [ 26/160] MPC VoLLint=0.5          seed=2051   LPSP=5.2689%  deg=58.849  total=102.061  ELYstarts=9830  (1408s)
  [ 27/160] MPC VoLLint=0.5          seed=2052   LPSP=5.2221%  deg=58.934  total=101.763  ELYstarts=9825  (1395s)
  [ 28/160] MPC VoLLint=0.5          seed=2053   LPSP=5.2229%  deg=58.929  total=101.764  ELYstarts=9831  (1385s)
  [ 29/160] MPC VoLLint=0.5          seed=2054   LPSP=5.2637%  deg=58.923  total=102.093  ELYstarts=9859  (1396s)
  [ 30/160] MPC VoLLint=0.5          seed=2055   LPSP=5.2345%  deg=58.910  total=101.840  ELYstarts=9851  (1382s)
  [ 31/160] MPC VoLLint=0.5          seed=2056   LPSP=5.2683%  deg=58.793  total=102.001  ELYstarts=9844  (1396s)
  [ 32/160] MPC VoLLint=0.5          seed=2057   LPSP=5.2510%  deg=58.972  total=102.038  ELYstarts=9919  (1389s)
  [ 33/160] MPC VoLLint=1            seed=2026   LPSP=4.8818%  deg=59.776  total=99.813  ELYstarts=9706  (1350s)
  [ 34/160] MPC VoLLint=1            seed=2027   LPSP=4.8747%  deg=59.754  total=99.733  ELYstarts=9665  (1353s)
  [ 35/160] MPC VoLLint=1            seed=2028   LPSP=4.8520%  deg=59.758  total=99.552  ELYstarts=9692  (1382s)
  [ 36/160] MPC VoLLint=1            seed=2029   LPSP=4.8448%  deg=59.800  total=99.534  ELYstarts=9665  (1381s)
  [ 37/160] MPC VoLLint=1            seed=2030   LPSP=4.8905%  deg=59.769  total=99.878  ELYstarts=9727  (1384s)
  [ 38/160] MPC VoLLint=1            seed=2031   LPSP=4.8576%  deg=59.760  total=99.599  ELYstarts=9703  (1350s)
  [ 39/160] MPC VoLLint=1            seed=2032   LPSP=4.8700%  deg=59.754  total=99.695  ELYstarts=9666  (1399s)
  [ 40/160] MPC VoLLint=1            seed=2033   LPSP=4.8672%  deg=59.732  total=99.650  ELYstarts=9707  (1355s)
  [ 41/160] MPC VoLLint=1            seed=2034   LPSP=4.8509%  deg=59.723  total=99.507  ELYstarts=9666  (1362s)
  [ 42/160] MPC VoLLint=1            seed=2035   LPSP=4.8626%  deg=59.752  total=99.632  ELYstarts=9720  (1355s)
  [ 43/160] MPC VoLLint=1            seed=2036   LPSP=4.8654%  deg=59.751  total=99.655  ELYstarts=9653  (1379s)
  [ 44/160] MPC VoLLint=1            seed=2037   LPSP=4.8566%  deg=59.808  total=99.639  ELYstarts=9722  (1388s)
  [ 45/160] MPC VoLLint=1            seed=2038   LPSP=4.8744%  deg=59.747  total=99.724  ELYstarts=9679  (1385s)
  [ 46/160] MPC VoLLint=1            seed=2039   LPSP=4.8662%  deg=59.724  total=99.634  ELYstarts=9665  (1366s)
  [ 47/160] MPC VoLLint=1            seed=2040   LPSP=4.8561%  deg=59.781  total=99.608  ELYstarts=9659  (1377s)
  [ 48/160] MPC VoLLint=1            seed=2041   LPSP=4.8742%  deg=59.791  total=99.767  ELYstarts=9739  (1364s)
  [ 49/160] MPC VoLLint=1            seed=2042   LPSP=4.8836%  deg=59.725  total=99.777  ELYstarts=9661  (1402s)
  [ 50/160] MPC VoLLint=1            seed=2043   LPSP=4.8609%  deg=59.807  total=99.673  ELYstarts=9734  (1398s)
  [ 51/160] MPC VoLLint=1            seed=2044   LPSP=4.8633%  deg=59.795  total=99.681  ELYstarts=9702  (1402s)
  [ 52/160] MPC VoLLint=1            seed=2045   LPSP=4.8625%  deg=59.791  total=99.670  ELYstarts=9713  (1397s)
  [ 53/160] MPC VoLLint=1            seed=2046   LPSP=4.8803%  deg=59.717  total=99.742  ELYstarts=9648  (1393s)
  [ 54/160] MPC VoLLint=1            seed=2047   LPSP=4.8649%  deg=59.741  total=99.640  ELYstarts=9712  (1394s)
  [ 55/160] MPC VoLLint=1            seed=2048   LPSP=4.8636%  deg=59.786  total=99.674  ELYstarts=9720  (1387s)
  [ 56/160] MPC VoLLint=1            seed=2049   LPSP=4.8787%  deg=59.659  total=99.671  ELYstarts=9656  (1364s)
  [ 57/160] MPC VoLLint=1            seed=2050   LPSP=4.8686%  deg=59.767  total=99.696  ELYstarts=9717  (1373s)
  [ 58/160] MPC VoLLint=1            seed=2051   LPSP=4.8806%  deg=59.770  total=99.798  ELYstarts=9733  (1367s)
  [ 59/160] MPC VoLLint=1            seed=2052   LPSP=4.8594%  deg=59.833  total=99.687  ELYstarts=9680  (1390s)
  [ 60/160] MPC VoLLint=1            seed=2053   LPSP=4.8649%  deg=59.841  total=99.740  ELYstarts=9749  (1400s)
  [ 61/160] MPC VoLLint=1            seed=2054   LPSP=4.8688%  deg=59.847  total=99.778  ELYstarts=9741  (1400s)
  [ 62/160] MPC VoLLint=1            seed=2055   LPSP=4.8600%  deg=59.739  total=99.597  ELYstarts=9686  (1370s)
  [ 63/160] MPC VoLLint=1            seed=2056   LPSP=4.8856%  deg=59.785  total=99.854  ELYstarts=9723  (1401s)
  [ 64/160] MPC VoLLint=1            seed=2057   LPSP=4.8605%  deg=59.755  total=99.618  ELYstarts=9703  (1383s)
  [ 65/160] MPC VoLLint=3            seed=2026   LPSP=1.2912%  deg=68.383  total=78.972  ELYstarts=12713  (1318s)
  [ 66/160] MPC VoLLint=3            seed=2027   LPSP=1.2714%  deg=68.228  total=78.655  ELYstarts=12582  (1328s)
  [ 67/160] MPC VoLLint=3            seed=2028   LPSP=1.2533%  deg=68.270  total=78.549  ELYstarts=12576  (1320s)
  [ 68/160] MPC VoLLint=3            seed=2029   LPSP=1.2646%  deg=68.287  total=78.659  ELYstarts=12605  (1320s)
  [ 69/160] MPC VoLLint=3            seed=2030   LPSP=1.2740%  deg=68.319  total=78.767  ELYstarts=12633  (1329s)
  [ 70/160] MPC VoLLint=3            seed=2031   LPSP=1.3084%  deg=68.232  total=78.963  ELYstarts=12569  (1318s)
  [ 71/160] MPC VoLLint=3            seed=2032   LPSP=1.2777%  deg=68.184  total=78.663  ELYstarts=12575  (1335s)
  [ 72/160] MPC VoLLint=3            seed=2033   LPSP=1.2990%  deg=68.271  total=78.925  ELYstarts=12592  (1334s)
  [ 73/160] MPC VoLLint=3            seed=2034   LPSP=1.2549%  deg=68.233  total=78.525  ELYstarts=12563  (1332s)
  [ 74/160] MPC VoLLint=3            seed=2035   LPSP=1.2685%  deg=68.218  total=78.622  ELYstarts=12616  (1341s)
  [ 75/160] MPC VoLLint=3            seed=2036   LPSP=1.2705%  deg=68.343  total=78.764  ELYstarts=12599  (1325s)
  [ 76/160] MPC VoLLint=3            seed=2037   LPSP=1.2849%  deg=68.356  total=78.895  ELYstarts=12716  (1372s)
  [ 77/160] MPC VoLLint=3            seed=2038   LPSP=1.3009%  deg=68.207  total=78.877  ELYstarts=12590  (1331s)
  [ 78/160] MPC VoLLint=3            seed=2039   LPSP=1.2590%  deg=68.234  total=78.560  ELYstarts=12525  (1347s)
  [ 79/160] MPC VoLLint=3            seed=2040   LPSP=1.2913%  deg=68.308  total=78.899  ELYstarts=12633  (1330s)
  [ 80/160] MPC VoLLint=3            seed=2041   LPSP=1.2685%  deg=68.253  total=78.657  ELYstarts=12526  (1344s)
  [ 81/160] MPC VoLLint=3            seed=2042   LPSP=1.2589%  deg=68.216  total=78.541  ELYstarts=12508  (1332s)
  [ 82/160] MPC VoLLint=3            seed=2043   LPSP=1.2544%  deg=68.394  total=78.682  ELYstarts=12638  (1352s)
  [ 83/160] MPC VoLLint=3            seed=2044   LPSP=1.2838%  deg=68.273  total=78.802  ELYstarts=12592  (1331s)
  [ 84/160] MPC VoLLint=3            seed=2045   LPSP=1.2790%  deg=68.396  total=78.885  ELYstarts=12679  (1345s)
  [ 85/160] MPC VoLLint=3            seed=2046   LPSP=1.2894%  deg=68.314  total=78.888  ELYstarts=12657  (1334s)
  [ 86/160] MPC VoLLint=3            seed=2047   LPSP=1.2933%  deg=68.297  total=78.903  ELYstarts=12653  (1345s)
  [ 87/160] MPC VoLLint=3            seed=2048   LPSP=1.2623%  deg=68.160  total=78.513  ELYstarts=12494  (1336s)
  [ 88/160] MPC VoLLint=3            seed=2049   LPSP=1.2740%  deg=68.227  total=78.676  ELYstarts=12559  (1350s)
  [ 89/160] MPC VoLLint=3            seed=2050   LPSP=1.2885%  deg=68.268  total=78.835  ELYstarts=12588  (1349s)
  [ 90/160] MPC VoLLint=3            seed=2051   LPSP=1.2763%  deg=68.330  total=78.797  ELYstarts=12639  (1362s)
  [ 91/160] MPC VoLLint=3            seed=2052   LPSP=1.2646%  deg=68.392  total=78.763  ELYstarts=12657  (1343s)
  [ 92/160] MPC VoLLint=3            seed=2053   LPSP=1.2949%  deg=68.315  total=78.935  ELYstarts=12573  (1351s)
  [ 93/160] MPC VoLLint=3            seed=2054   LPSP=1.2760%  deg=68.395  total=78.860  ELYstarts=12716  (1363s)
  [ 94/160] MPC VoLLint=3            seed=2055   LPSP=1.2715%  deg=68.240  total=78.668  ELYstarts=12516  (1341s)
  [ 95/160] MPC VoLLint=3            seed=2056   LPSP=1.2923%  deg=68.318  total=78.917  ELYstarts=12650  (1340s)
  [ 96/160] MPC VoLLint=3            seed=2057   LPSP=1.2643%  deg=68.228  total=78.597  ELYstarts=12576  (1341s)
  [ 97/160] MPC VoLLint=10           seed=2026   LPSP=1.3327%  deg=70.769  total=81.699  ELYstarts=13193  (1323s)
  [ 98/160] MPC VoLLint=10           seed=2027   LPSP=1.2981%  deg=70.792  total=81.439  ELYstarts=13171  (1327s)
  [ 99/160] MPC VoLLint=10           seed=2028   LPSP=1.3033%  deg=70.659  total=81.348  ELYstarts=13153  (1328s)
  [100/160] MPC VoLLint=10           seed=2029   LPSP=1.3108%  deg=70.736  total=81.486  ELYstarts=13145  (1324s)
  [101/160] MPC VoLLint=10           seed=2030   LPSP=1.3250%  deg=70.760  total=81.627  ELYstarts=13194  (1323s)
  [102/160] MPC VoLLint=10           seed=2031   LPSP=1.3249%  deg=70.690  total=81.556  ELYstarts=13104  (1332s)
  [103/160] MPC VoLLint=10           seed=2032   LPSP=1.3122%  deg=70.721  total=81.482  ELYstarts=13161  (1330s)
  [104/160] MPC VoLLint=10           seed=2033   LPSP=1.3308%  deg=70.792  total=81.706  ELYstarts=13217  (1345s)
  [105/160] MPC VoLLint=10           seed=2034   LPSP=1.2937%  deg=70.731  total=81.341  ELYstarts=13085  (1344s)
  [106/160] MPC VoLLint=10           seed=2035   LPSP=1.3174%  deg=70.649  total=81.453  ELYstarts=13132  (1327s)
  [107/160] MPC VoLLint=10           seed=2036   LPSP=1.3224%  deg=70.751  total=81.597  ELYstarts=13139  (1338s)
  [108/160] MPC VoLLint=10           seed=2037   LPSP=1.3128%  deg=70.774  total=81.540  ELYstarts=13194  (1326s)
  [109/160] MPC VoLLint=10           seed=2038   LPSP=1.3353%  deg=70.707  total=81.658  ELYstarts=13165  (1346s)
  [110/160] MPC VoLLint=10           seed=2039   LPSP=1.3047%  deg=70.716  total=81.416  ELYstarts=13106  (1335s)
  [111/160] MPC VoLLint=10           seed=2040   LPSP=1.3290%  deg=70.790  total=81.690  ELYstarts=13176  (1332s)
  [112/160] MPC VoLLint=10           seed=2041   LPSP=1.3062%  deg=70.692  total=81.405  ELYstarts=13112  (1354s)
  [113/160] MPC VoLLint=10           seed=2042   LPSP=1.2846%  deg=70.799  total=81.334  ELYstarts=13149  (1350s)
  [114/160] MPC VoLLint=10           seed=2043   LPSP=1.2916%  deg=70.819  total=81.412  ELYstarts=13220  (1340s)
  [115/160] MPC VoLLint=10           seed=2044   LPSP=1.3097%  deg=70.770  total=81.512  ELYstarts=13139  (1329s)
  [116/160] MPC VoLLint=10           seed=2045   LPSP=1.3097%  deg=70.844  total=81.586  ELYstarts=13302  (1338s)
  [117/160] MPC VoLLint=10           seed=2046   LPSP=1.3268%  deg=70.738  total=81.620  ELYstarts=13190  (1336s)
  [118/160] MPC VoLLint=10           seed=2047   LPSP=1.3235%  deg=70.755  total=81.610  ELYstarts=13182  (1340s)
  [119/160] MPC VoLLint=10           seed=2048   LPSP=1.3143%  deg=70.724  total=81.504  ELYstarts=13146  (1345s)
  [120/160] MPC VoLLint=10           seed=2049   LPSP=1.3118%  deg=70.777  total=81.535  ELYstarts=13155  (1349s)
  [121/160] MPC VoLLint=10           seed=2050   LPSP=1.3219%  deg=70.744  total=81.586  ELYstarts=13131  (1358s)
  [122/160] MPC VoLLint=10           seed=2051   LPSP=1.3351%  deg=70.831  total=81.781  ELYstarts=13233  (1358s)
  [123/160] MPC VoLLint=10           seed=2052   LPSP=1.3147%  deg=70.979  total=81.761  ELYstarts=13318  (1345s)
  [124/160] MPC VoLLint=10           seed=2053   LPSP=1.3148%  deg=70.788  total=81.571  ELYstarts=13158  (1344s)
  [125/160] MPC VoLLint=10           seed=2054   LPSP=1.3145%  deg=70.909  total=81.690  ELYstarts=13262  (1340s)
  [126/160] MPC VoLLint=10           seed=2055   LPSP=1.3162%  deg=70.811  total=81.606  ELYstarts=13110  (1332s)
  [127/160] MPC VoLLint=10           seed=2056   LPSP=1.3393%  deg=70.789  total=81.772  ELYstarts=13233  (1340s)
  [128/160] MPC VoLLint=10           seed=2057   LPSP=1.3168%  deg=70.794  total=81.593  ELYstarts=13195  (1351s)
  [129/160] MPC VoLLint=30           seed=2026   LPSP=1.2971%  deg=69.955  total=80.593  ELYstarts=13147  (1290s)
  [130/160] MPC VoLLint=30           seed=2027   LPSP=1.2795%  deg=69.930  total=80.424  ELYstarts=13064  (1295s)
  [131/160] MPC VoLLint=30           seed=2028   LPSP=1.2911%  deg=69.822  total=80.410  ELYstarts=13129  (1298s)
  [132/160] MPC VoLLint=30           seed=2029   LPSP=1.3067%  deg=69.825  total=80.542  ELYstarts=13043  (1292s)
  [133/160] MPC VoLLint=30           seed=2030   LPSP=1.3013%  deg=69.873  total=80.546  ELYstarts=13077  (1291s)
  [134/160] MPC VoLLint=30           seed=2031   LPSP=1.3020%  deg=69.937  total=80.616  ELYstarts=13056  (1293s)
  [135/160] MPC VoLLint=30           seed=2032   LPSP=1.2922%  deg=69.924  total=80.523  ELYstarts=13116  (1302s)
  [136/160] MPC VoLLint=30           seed=2033   LPSP=1.3093%  deg=69.915  total=80.653  ELYstarts=13031  (1295s)
  [137/160] MPC VoLLint=30           seed=2034   LPSP=1.2893%  deg=69.993  total=80.568  ELYstarts=13125  (1291s)
  [138/160] MPC VoLLint=30           seed=2035   LPSP=1.3005%  deg=69.776  total=80.442  ELYstarts=13054  (1308s)
  [139/160] MPC VoLLint=30           seed=2036   LPSP=1.3127%  deg=69.910  total=80.675  ELYstarts=13121  (1314s)
  [140/160] MPC VoLLint=30           seed=2037   LPSP=1.2847%  deg=69.955  total=80.491  ELYstarts=13146  (1305s)
  [141/160] MPC VoLLint=30           seed=2038   LPSP=1.3196%  deg=69.865  total=80.687  ELYstarts=13047  (1290s)
  [142/160] MPC VoLLint=30           seed=2039   LPSP=1.3025%  deg=69.796  total=80.478  ELYstarts=13042  (1299s)
  [143/160] MPC VoLLint=30           seed=2040   LPSP=1.3070%  deg=69.876  total=80.595  ELYstarts=13042  (1307s)
  [144/160] MPC VoLLint=30           seed=2041   LPSP=1.3009%  deg=69.918  total=80.587  ELYstarts=13078  (1292s)
  [145/160] MPC VoLLint=30           seed=2042   LPSP=1.2717%  deg=69.878  total=80.307  ELYstarts=13034  (1306s)
  [146/160] MPC VoLLint=30           seed=2043   LPSP=1.2844%  deg=69.921  total=80.455  ELYstarts=13098  (1299s)
  [147/160] MPC VoLLint=30           seed=2044   LPSP=1.2989%  deg=69.879  total=80.532  ELYstarts=13076  (1298s)
  [148/160] MPC VoLLint=30           seed=2045   LPSP=1.3028%  deg=69.898  total=80.583  ELYstarts=13188  (1307s)
  [149/160] MPC VoLLint=30           seed=2046   LPSP=1.3104%  deg=69.854  total=80.601  ELYstarts=13101  (1310s)
  [150/160] MPC VoLLint=30           seed=2047   LPSP=1.3122%  deg=69.839  total=80.601  ELYstarts=13124  (1305s)
  [151/160] MPC VoLLint=30           seed=2048   LPSP=1.2991%  deg=69.890  total=80.544  ELYstarts=13092  (1294s)
  [152/160] MPC VoLLint=30           seed=2049   LPSP=1.3011%  deg=69.828  total=80.499  ELYstarts=13059  (1300s)
  [153/160] MPC VoLLint=30           seed=2050   LPSP=1.3014%  deg=69.860  total=80.533  ELYstarts=13112  (1301s)
  [154/160] MPC VoLLint=30           seed=2051   LPSP=1.3058%  deg=69.955  total=80.664  ELYstarts=13121  (1295s)
  [155/160] MPC VoLLint=30           seed=2052   LPSP=1.2952%  deg=70.035  total=80.657  ELYstarts=13174  (1303s)
  [156/160] MPC VoLLint=30           seed=2053   LPSP=1.2990%  deg=69.995  total=80.648  ELYstarts=13115  (1296s)
  [157/160] MPC VoLLint=30           seed=2054   LPSP=1.2939%  deg=70.046  total=80.658  ELYstarts=13181  (1299s)
  [158/160] MPC VoLLint=30           seed=2055   LPSP=1.2940%  deg=69.901  total=80.514  ELYstarts=12999  (1305s)
  [159/160] MPC VoLLint=30           seed=2056   LPSP=1.3077%  deg=69.939  total=80.664  ELYstarts=13152  (1305s)
  [160/160] MPC VoLLint=30           seed=2057   LPSP=1.2914%  deg=69.906  total=80.497  ELYstarts=13104  (1298s)
[bench_mpc] termine en 6812 s
# bench_mpc (sweep_mpc_pareto) : 25 ans ; VoLL=3.0 ; N=32 graines ; CRN ; base=MPC VoLLint=0.5
label ; N ; LPSP(%) ; sLPSP ; deg(kEUR) ; sdeg ; total(kEUR) ; stotal ; dtotal_vs_base(kEUR) ; ELY_starts
MPC VoLLint=0.5 ; 32 ; 5.2463 ; 0.0156 ; 58.912 ; 0.043 ; 101.939 ; 0.121 ; +0.000 ; 9844
MPC VoLLint=1 ; 32 ; 4.8672 ; 0.0106 ; 59.767 ; 0.038 ; 99.685 ; 0.087 ; -2.254 ; 9697
MPC VoLLint=3 ; 32 ; 1.2769 ; 0.0146 ; 68.284 ; 0.065 ; 78.757 ; 0.142 ; -23.183 ; 12603
MPC VoLLint=10 ; 32 ; 1.3158 ; 0.0129 ; 70.769 ; 0.065 ; 81.560 ; 0.124 ; -20.380 ; 13174
MPC VoLLint=30 ; 32 ; 1.2989 ; 0.0100 ; 69.903 ; 0.063 ; 80.556 ; 0.089 ; -21.384 ; 13095

[bench_mpc] -> /Work/Users/tlenoir/genial/Robustesse/MPC/sweep_mpc_pareto.txt
[bench_mpc] -> /Work/Users/tlenoir/genial/Robustesse/MPC/sweep_mpc_pareto_cloud.csv

real	113m32.059s
user	3572m36.300s
sys	0m28.758s
fin=Mon Jul  6 13:08:26 CEST 2026
