Job 213287  noeud=node4-10  N=100  n_years=25  extra=--omni
cpus-per-task=32  debut=Mon Jul  6 13:08:33 CEST 2026
numpy 1.21.5 scipy 1.9.1
linprog HiGHS OK
[bench_mpc] 404 runs (25 ans), 32 workers ...
  [  1/404] RB2 socle                seed=2026   LPSP=2.5921%  deg=58.843  total=80.102  ELYstarts=9199  (70s)
  [  2/404] RB2(SoH_all) (test nul)  seed=2026   LPSP=3.1051%  deg=52.870  total=78.336  ELYstarts=9190  (69s)
  [  3/404] RB2(SoH_all+Pred)        seed=2026   LPSP=2.9725%  deg=53.078  total=77.456  ELYstarts=9016  (72s)
  [  4/404] RB2(SoH_all+Pred)        seed=2027   LPSP=2.9281%  deg=53.095  total=77.109  ELYstarts=8992  (72s)
  [  5/404] RB2(SoH_all+Pred)        seed=2028   LPSP=2.9319%  deg=53.083  total=77.129  ELYstarts=8978  (72s)
  [  6/404] RB2(SoH_all+Pred)        seed=2029   LPSP=2.9358%  deg=53.134  total=77.212  ELYstarts=8999  (78s)
  [  7/404] RB2(SoH_all+Pred)        seed=2030   LPSP=2.9435%  deg=53.085  total=77.226  ELYstarts=9017  (72s)
  [  8/404] RB2(SoH_all+Pred)        seed=2031   LPSP=2.9255%  deg=53.095  total=77.088  ELYstarts=8985  (72s)
  [  9/404] RB2(SoH_all+Pred)        seed=2032   LPSP=2.9356%  deg=53.084  total=77.160  ELYstarts=8967  (72s)
  [ 10/404] RB2(SoH_all+Pred)        seed=2033   LPSP=2.9439%  deg=53.099  total=77.243  ELYstarts=8992  (72s)
  [ 11/404] RB2(SoH_all+Pred)        seed=2034   LPSP=2.9344%  deg=53.105  total=77.171  ELYstarts=9010  (73s)
  [ 12/404] RB2(SoH_all+Pred)        seed=2035   LPSP=2.9439%  deg=53.077  total=77.221  ELYstarts=8984  (72s)
  [ 13/404] RB2(SoH_all+Pred)        seed=2036   LPSP=2.9445%  deg=53.107  total=77.257  ELYstarts=8993  (73s)
  [ 14/404] RB2(SoH_all+Pred)        seed=2037   LPSP=2.9581%  deg=53.093  total=77.354  ELYstarts=9006  (72s)
  [ 15/404] RB2(SoH_all+Pred)        seed=2038   LPSP=2.9318%  deg=53.076  total=77.121  ELYstarts=8988  (72s)
  [ 16/404] RB2(SoH_all+Pred)        seed=2039   LPSP=2.9620%  deg=53.089  total=77.382  ELYstarts=9011  (72s)
  [ 17/404] RB2(SoH_all+Pred)        seed=2040   LPSP=2.9629%  deg=53.088  total=77.388  ELYstarts=9019  (73s)
  [ 18/404] RB2(SoH_all+Pred)        seed=2041   LPSP=2.9471%  deg=53.101  total=77.271  ELYstarts=8993  (73s)
  [ 19/404] RB2(SoH_all+Pred)        seed=2042   LPSP=2.9596%  deg=53.077  total=77.350  ELYstarts=9023  (73s)
  [ 20/404] RB2(SoH_all+Pred)        seed=2043   LPSP=2.9258%  deg=53.090  total=77.086  ELYstarts=8977  (73s)
  [ 21/404] RB2(SoH_all+Pred)        seed=2044   LPSP=2.9678%  deg=53.089  total=77.429  ELYstarts=9016  (73s)
  [ 22/404] RB2(SoH_all+Pred)        seed=2045   LPSP=2.9391%  deg=53.077  total=77.182  ELYstarts=8979  (73s)
  [ 23/404] RB2(SoH_all+Pred)        seed=2046   LPSP=2.9365%  deg=53.084  total=77.168  ELYstarts=8973  (73s)
  [ 24/404] RB2(SoH_all+Pred)        seed=2047   LPSP=2.9509%  deg=53.088  total=77.290  ELYstarts=8996  (73s)
  [ 25/404] RB2(SoH_all+Pred)        seed=2048   LPSP=2.9436%  deg=53.111  total=77.252  ELYstarts=9012  (74s)
  [ 26/404] RB2(SoH_all+Pred)        seed=2049   LPSP=2.9376%  deg=53.085  total=77.177  ELYstarts=8979  (74s)
  [ 27/404] RB2(SoH_all+Pred)        seed=2050   LPSP=2.9239%  deg=53.120  total=77.101  ELYstarts=8992  (74s)
  [ 28/404] RB2(SoH_all+Pred)        seed=2051   LPSP=2.9532%  deg=53.112  total=77.333  ELYstarts=8992  (73s)
  [ 29/404] RB2(SoH_all+Pred)        seed=2052   LPSP=2.9354%  deg=53.072  total=77.146  ELYstarts=8971  (73s)
  [ 30/404] RB2(SoH_all+Pred)        seed=2053   LPSP=2.9466%  deg=53.068  total=77.235  ELYstarts=8981  (73s)
  [ 31/404] RB2(SoH_all+Pred)        seed=2054   LPSP=2.9502%  deg=53.097  total=77.293  ELYstarts=9010  (73s)
  [ 32/404] RB2(SoH_all+Pred)        seed=2055   LPSP=2.9440%  deg=53.055  total=77.200  ELYstarts=8969  (73s)
  [ 33/404] RB2(SoH_all+Pred)        seed=2056   LPSP=2.9395%  deg=53.105  total=77.213  ELYstarts=9005  (74s)
  [ 34/404] RB2(SoH_all+Pred)        seed=2057   LPSP=2.9447%  deg=53.109  total=77.260  ELYstarts=8990  (74s)
  [ 35/404] RB2(SoH_all+Pred)        seed=2058   LPSP=2.9228%  deg=53.134  total=77.105  ELYstarts=9008  (73s)
  [ 36/404] RB2(SoH_all+Pred)        seed=2059   LPSP=2.9530%  deg=53.108  total=77.327  ELYstarts=8999  (74s)
  [ 37/404] RB2(SoH_all+Pred)        seed=2060   LPSP=2.9454%  deg=53.078  total=77.235  ELYstarts=9005  (73s)
  [ 38/404] RB2(SoH_all+Pred)        seed=2061   LPSP=2.9323%  deg=53.118  total=77.167  ELYstarts=9000  (74s)
  [ 39/404] RB2(SoH_all+Pred)        seed=2062   LPSP=2.9186%  deg=53.098  total=77.035  ELYstarts=8982  (73s)
  [ 40/404] RB2(SoH_all+Pred)        seed=2063   LPSP=2.9300%  deg=53.101  total=77.131  ELYstarts=8993  (74s)
  [ 41/404] RB2(SoH_all+Pred)        seed=2064   LPSP=2.9437%  deg=53.090  total=77.232  ELYstarts=8987  (74s)
  [ 42/404] RB2(SoH_all+Pred)        seed=2065   LPSP=2.9310%  deg=53.090  total=77.128  ELYstarts=8963  (74s)
  [ 43/404] RB2(SoH_all+Pred)        seed=2066   LPSP=2.9566%  deg=53.096  total=77.344  ELYstarts=9014  (74s)
  [ 44/404] RB2(SoH_all+Pred)        seed=2067   LPSP=2.9546%  deg=53.078  total=77.310  ELYstarts=9023  (74s)
  [ 45/404] RB2(SoH_all+Pred)        seed=2068   LPSP=2.9495%  deg=53.092  total=77.282  ELYstarts=9001  (74s)
  [ 46/404] RB2(SoH_all+Pred)        seed=2069   LPSP=2.9394%  deg=53.077  total=77.184  ELYstarts=8963  (74s)
  [ 47/404] RB2(SoH_all+Pred)        seed=2070   LPSP=2.9452%  deg=53.096  total=77.251  ELYstarts=9027  (74s)
  [ 48/404] RB2(SoH_all+Pred)        seed=2071   LPSP=2.9477%  deg=53.104  total=77.279  ELYstarts=8969  (74s)
  [ 49/404] RB2(SoH_all+Pred)        seed=2072   LPSP=2.9480%  deg=53.096  total=77.273  ELYstarts=8996  (74s)
  [ 50/404] RB2(SoH_all+Pred)        seed=2073   LPSP=2.9555%  deg=53.076  total=77.316  ELYstarts=9002  (74s)
  [ 51/404] RB2(SoH_all+Pred)        seed=2074   LPSP=2.9544%  deg=53.093  total=77.323  ELYstarts=9006  (75s)
  [ 52/404] RB2(SoH_all+Pred)        seed=2075   LPSP=2.9428%  deg=53.092  total=77.227  ELYstarts=8991  (74s)
  [ 53/404] RB2(SoH_all+Pred)        seed=2076   LPSP=2.9441%  deg=53.097  total=77.243  ELYstarts=9026  (75s)
  [ 54/404] RB2(SoH_all+Pred)        seed=2077   LPSP=2.9649%  deg=53.050  total=77.367  ELYstarts=9006  (75s)
  [ 55/404] RB2(SoH_all+Pred)        seed=2078   LPSP=2.9354%  deg=53.112  total=77.186  ELYstarts=9012  (75s)
  [ 56/404] RB2(SoH_all+Pred)        seed=2079   LPSP=2.9323%  deg=53.102  total=77.151  ELYstarts=8989  (74s)
  [ 57/404] RB2(SoH_all+Pred)        seed=2080   LPSP=2.9554%  deg=53.088  total=77.326  ELYstarts=8996  (75s)
  [ 58/404] RB2(SoH_all+Pred)        seed=2081   LPSP=2.9353%  deg=53.110  total=77.183  ELYstarts=8990  (75s)
  [ 59/404] RB2(SoH_all+Pred)        seed=2082   LPSP=2.9638%  deg=53.096  total=77.404  ELYstarts=8995  (75s)
  [ 60/404] RB2(SoH_all+Pred)        seed=2083   LPSP=2.9310%  deg=53.087  total=77.125  ELYstarts=8975  (75s)
  [ 61/404] RB2(SoH_all+Pred)        seed=2084   LPSP=2.9502%  deg=53.092  total=77.288  ELYstarts=9001  (75s)
  [ 62/404] RB2(SoH_all+Pred)        seed=2085   LPSP=2.9215%  deg=53.095  total=77.055  ELYstarts=8992  (75s)
  [ 63/404] RB2(SoH_all+Pred)        seed=2086   LPSP=2.9333%  deg=53.107  total=77.164  ELYstarts=9002  (80s)
  [ 64/404] RB2(SoH_all+Pred)        seed=2087   LPSP=2.9469%  deg=53.099  total=77.268  ELYstarts=9015  (73s)
  [ 65/404] RB2(SoH_all+Pred)        seed=2088   LPSP=2.9406%  deg=53.084  total=77.201  ELYstarts=8978  (73s)
  [ 66/404] RB2(SoH_all+Pred)        seed=2089   LPSP=2.9671%  deg=53.081  total=77.416  ELYstarts=9020  (74s)
  [ 67/404] RB2(SoH_all+Pred)        seed=2090   LPSP=2.9274%  deg=53.103  total=77.112  ELYstarts=9009  (73s)
  [ 68/404] RB2(SoH_all+Pred)        seed=2091   LPSP=2.9307%  deg=53.108  total=77.144  ELYstarts=8971  (73s)
  [ 69/404] RB2(SoH_all+Pred)        seed=2092   LPSP=2.9626%  deg=53.089  total=77.387  ELYstarts=9020  (74s)
  [ 70/404] RB2(SoH_all+Pred)        seed=2093   LPSP=2.9585%  deg=53.109  total=77.373  ELYstarts=9011  (73s)
  [ 71/404] RB2(SoH_all+Pred)        seed=2094   LPSP=2.9216%  deg=53.106  total=77.067  ELYstarts=9013  (73s)
  [ 72/404] RB2(SoH_all+Pred)        seed=2095   LPSP=2.9352%  deg=53.090  total=77.163  ELYstarts=8975  (74s)
  [ 73/404] RB2(SoH_all+Pred)        seed=2096   LPSP=2.9663%  deg=53.095  total=77.423  ELYstarts=9003  (74s)
  [ 74/404] RB2(SoH_all+Pred)        seed=2097   LPSP=2.9565%  deg=53.088  total=77.336  ELYstarts=8983  (74s)
  [ 75/404] RB2(SoH_all+Pred)        seed=2098   LPSP=2.9240%  deg=53.094  total=77.075  ELYstarts=8948  (74s)
  [ 76/404] RB2(SoH_all+Pred)        seed=2099   LPSP=2.9445%  deg=53.094  total=77.243  ELYstarts=9003  (73s)
  [ 77/404] RB2(SoH_all+Pred)        seed=2100   LPSP=2.9406%  deg=53.112  total=77.229  ELYstarts=9013  (74s)
  [ 78/404] RB2(SoH_all+Pred)        seed=2101   LPSP=2.9460%  deg=53.085  total=77.247  ELYstarts=9013  (73s)
  [ 79/404] RB2(SoH_all+Pred)        seed=2102   LPSP=2.9514%  deg=53.084  total=77.290  ELYstarts=8988  (74s)
  [ 80/404] RB2(SoH_all+Pred)        seed=2103   LPSP=2.9443%  deg=53.103  total=77.251  ELYstarts=8982  (74s)
  [ 81/404] RB2(SoH_all+Pred)        seed=2104   LPSP=2.9539%  deg=53.073  total=77.299  ELYstarts=9012  (74s)
  [ 82/404] RB2(SoH_all+Pred)        seed=2105   LPSP=2.9313%  deg=53.099  total=77.140  ELYstarts=8986  (74s)
  [ 83/404] RB2(SoH_all+Pred)        seed=2106   LPSP=2.9432%  deg=53.117  total=77.255  ELYstarts=9033  (74s)
  [ 84/404] RB2(SoH_all+Pred)        seed=2107   LPSP=2.9379%  deg=53.070  total=77.165  ELYstarts=8937  (75s)
  [ 85/404] RB2(SoH_all+Pred)        seed=2108   LPSP=2.9247%  deg=53.086  total=77.073  ELYstarts=8973  (75s)
  [ 86/404] RB2(SoH_all+Pred)        seed=2109   LPSP=2.9442%  deg=53.095  total=77.241  ELYstarts=8978  (75s)
  [ 87/404] RB2(SoH_all+Pred)        seed=2110   LPSP=2.9343%  deg=53.126  total=77.191  ELYstarts=8977  (74s)
  [ 88/404] RB2(SoH_all+Pred)        seed=2111   LPSP=2.9455%  deg=53.107  total=77.265  ELYstarts=8990  (74s)
  [ 89/404] RB2(SoH_all+Pred)        seed=2112   LPSP=2.9147%  deg=53.105  total=77.009  ELYstarts=8956  (75s)
  [ 90/404] RB2(SoH_all+Pred)        seed=2113   LPSP=2.9427%  deg=53.113  total=77.247  ELYstarts=8997  (75s)
  [ 91/404] RB2(SoH_all+Pred)        seed=2114   LPSP=2.9427%  deg=53.111  total=77.246  ELYstarts=8995  (74s)
  [ 92/404] RB2(SoH_all+Pred)        seed=2115   LPSP=2.9452%  deg=53.096  total=77.251  ELYstarts=9006  (74s)
  [ 93/404] RB2(SoH_all+Pred)        seed=2116   LPSP=2.9459%  deg=53.073  total=77.233  ELYstarts=8991  (75s)
  [ 94/404] RB2(SoH_all+Pred)        seed=2117   LPSP=2.9509%  deg=53.096  total=77.297  ELYstarts=8987  (74s)
  [ 95/404] RB2(SoH_all+Pred)        seed=2118   LPSP=2.9403%  deg=53.079  total=77.194  ELYstarts=8970  (73s)
  [ 96/404] RB2(SoH_all+Pred)        seed=2119   LPSP=2.9288%  deg=53.113  total=77.134  ELYstarts=9009  (81s)
  [ 97/404] RB2(SoH_all+Pred)        seed=2120   LPSP=2.9277%  deg=53.105  total=77.116  ELYstarts=8962  (73s)
  [ 98/404] RB2(SoH_all+Pred)        seed=2121   LPSP=2.9264%  deg=53.091  total=77.092  ELYstarts=8975  (73s)
  [ 99/404] RB2(SoH_all+Pred)        seed=2122   LPSP=2.9667%  deg=53.091  total=77.422  ELYstarts=9001  (73s)
  [100/404] RB2(SoH_all+Pred)        seed=2123   LPSP=2.9032%  deg=53.141  total=76.951  ELYstarts=8973  (72s)
  [101/404] RB2(SoH_all+Pred)        seed=2124   LPSP=2.9443%  deg=53.079  total=77.226  ELYstarts=8987  (73s)
  [102/404] RB2(SoH_all+Pred)        seed=2125   LPSP=2.9643%  deg=53.066  total=77.377  ELYstarts=9002  (73s)
  [103/404] MPC (H=24)               seed=2026   LPSP=1.2912%  deg=68.383  total=78.972  ELYstarts=12713  (1350s)
  [104/404] MPC (H=24)               seed=2027   LPSP=1.2714%  deg=68.228  total=78.655  ELYstarts=12582  (1361s)
  [105/404] MPC (H=24)               seed=2028   LPSP=1.2533%  deg=68.270  total=78.549  ELYstarts=12576  (1368s)
  [106/404] MPC (H=24)               seed=2029   LPSP=1.2646%  deg=68.287  total=78.659  ELYstarts=12605  (1366s)
  [107/404] MPC (H=24)               seed=2030   LPSP=1.2740%  deg=68.319  total=78.767  ELYstarts=12633  (1352s)
  [108/404] MPC (H=24)               seed=2031   LPSP=1.3084%  deg=68.232  total=78.963  ELYstarts=12569  (1368s)
  [109/404] MPC (H=24)               seed=2032   LPSP=1.2777%  deg=68.184  total=78.663  ELYstarts=12575  (1353s)
  [110/404] MPC (H=24)               seed=2033   LPSP=1.2990%  deg=68.271  total=78.925  ELYstarts=12592  (1349s)
  [111/404] MPC (H=24)               seed=2034   LPSP=1.2549%  deg=68.233  total=78.525  ELYstarts=12563  (1364s)
  [112/404] MPC (H=24)               seed=2035   LPSP=1.2685%  deg=68.218  total=78.622  ELYstarts=12616  (1371s)
  [113/404] MPC (H=24)               seed=2036   LPSP=1.2705%  deg=68.343  total=78.764  ELYstarts=12599  (1352s)
  [114/404] MPC (H=24)               seed=2037   LPSP=1.2849%  deg=68.356  total=78.895  ELYstarts=12716  (1368s)
  [115/404] MPC (H=24)               seed=2038   LPSP=1.3009%  deg=68.207  total=78.877  ELYstarts=12590  (1367s)
  [116/404] MPC (H=24)               seed=2039   LPSP=1.2590%  deg=68.234  total=78.560  ELYstarts=12525  (1357s)
  [117/404] MPC (H=24)               seed=2040   LPSP=1.2913%  deg=68.308  total=78.899  ELYstarts=12633  (1370s)
  [118/404] MPC (H=24)               seed=2041   LPSP=1.2685%  deg=68.253  total=78.657  ELYstarts=12526  (1374s)
  [119/404] MPC (H=24)               seed=2042   LPSP=1.2589%  deg=68.216  total=78.541  ELYstarts=12508  (1357s)
  [120/404] MPC (H=24)               seed=2043   LPSP=1.2544%  deg=68.394  total=78.682  ELYstarts=12638  (1369s)
  [121/404] MPC (H=24)               seed=2044   LPSP=1.2838%  deg=68.273  total=78.802  ELYstarts=12592  (1369s)
  [122/404] MPC (H=24)               seed=2045   LPSP=1.2790%  deg=68.396  total=78.885  ELYstarts=12679  (1354s)
  [123/404] MPC (H=24)               seed=2046   LPSP=1.2894%  deg=68.314  total=78.888  ELYstarts=12657  (1357s)
  [124/404] MPC (H=24)               seed=2047   LPSP=1.2933%  deg=68.297  total=78.903  ELYstarts=12653  (1372s)
  [125/404] MPC (H=24)               seed=2048   LPSP=1.2623%  deg=68.160  total=78.513  ELYstarts=12494  (1375s)
  [126/404] MPC (H=24)               seed=2049   LPSP=1.2740%  deg=68.227  total=78.676  ELYstarts=12559  (1370s)
  [127/404] MPC (H=24)               seed=2050   LPSP=1.2885%  deg=68.268  total=78.835  ELYstarts=12588  (1363s)
  [128/404] MPC (H=24)               seed=2051   LPSP=1.2763%  deg=68.330  total=78.797  ELYstarts=12639  (1356s)
  [129/404] MPC (H=24)               seed=2052   LPSP=1.2646%  deg=68.392  total=78.763  ELYstarts=12657  (1349s)
  [130/404] MPC (H=24)               seed=2053   LPSP=1.2949%  deg=68.315  total=78.935  ELYstarts=12573  (1362s)
  [131/404] MPC (H=24)               seed=2054   LPSP=1.2760%  deg=68.395  total=78.860  ELYstarts=12716  (1356s)
  [132/404] MPC (H=24)               seed=2055   LPSP=1.2715%  deg=68.240  total=78.668  ELYstarts=12516  (1355s)
  [133/404] MPC (H=24)               seed=2056   LPSP=1.2923%  deg=68.318  total=78.917  ELYstarts=12650  (1351s)
  [134/404] MPC (H=24)               seed=2057   LPSP=1.2643%  deg=68.228  total=78.597  ELYstarts=12576  (1349s)
  [135/404] MPC (H=24)               seed=2058   LPSP=1.3042%  deg=68.271  total=78.967  ELYstarts=12628  (1338s)
  [136/404] MPC (H=24)               seed=2059   LPSP=1.2730%  deg=68.300  total=78.741  ELYstarts=12651  (1347s)
  [137/404] MPC (H=24)               seed=2060   LPSP=1.2754%  deg=68.289  total=78.749  ELYstarts=12640  (1355s)
  [138/404] MPC (H=24)               seed=2061   LPSP=1.2854%  deg=68.374  total=78.916  ELYstarts=12675  (1351s)
  [139/404] MPC (H=24)               seed=2062   LPSP=1.2622%  deg=68.211  total=78.563  ELYstarts=12541  (1358s)
  [140/404] MPC (H=24)               seed=2063   LPSP=1.2798%  deg=68.291  total=78.787  ELYstarts=12613  (1353s)
  [141/404] MPC (H=24)               seed=2064   LPSP=1.2602%  deg=68.249  total=78.584  ELYstarts=12570  (1351s)
  [142/404] MPC (H=24)               seed=2065   LPSP=1.2871%  deg=68.424  total=78.980  ELYstarts=12703  (1361s)
  [143/404] MPC (H=24)               seed=2066   LPSP=1.2921%  deg=68.281  total=78.878  ELYstarts=12620  (1360s)
  [144/404] MPC (H=24)               seed=2067   LPSP=1.2833%  deg=68.347  total=78.872  ELYstarts=12634  (1342s)
  [145/404] MPC (H=24)               seed=2068   LPSP=1.3071%  deg=68.369  total=79.089  ELYstarts=12636  (1352s)
  [146/404] MPC (H=24)               seed=2069   LPSP=1.2813%  deg=68.285  total=78.793  ELYstarts=12567  (1347s)
  [147/404] MPC (H=24)               seed=2070   LPSP=1.2926%  deg=68.323  total=78.924  ELYstarts=12663  (1357s)
  [148/404] MPC (H=24)               seed=2071   LPSP=1.2728%  deg=68.323  total=78.762  ELYstarts=12608  (1357s)
  [149/404] MPC (H=24)               seed=2072   LPSP=1.2794%  deg=68.395  total=78.888  ELYstarts=12696  (1334s)
  [150/404] MPC (H=24)               seed=2073   LPSP=1.3114%  deg=68.318  total=79.073  ELYstarts=12636  (1368s)
  [151/404] MPC (H=24)               seed=2074   LPSP=1.2903%  deg=68.397  total=78.979  ELYstarts=12684  (1366s)
  [152/404] MPC (H=24)               seed=2075   LPSP=1.2952%  deg=68.404  total=79.026  ELYstarts=12700  (1371s)
  [153/404] MPC (H=24)               seed=2076   LPSP=1.2647%  deg=68.300  total=78.672  ELYstarts=12595  (1365s)
  [154/404] MPC (H=24)               seed=2077   LPSP=1.2792%  deg=68.221  total=78.712  ELYstarts=12634  (1367s)
  [155/404] MPC (H=24)               seed=2078   LPSP=1.2580%  deg=68.188  total=78.505  ELYstarts=12532  (1367s)
  [156/404] MPC (H=24)               seed=2079   LPSP=1.2882%  deg=68.355  total=78.920  ELYstarts=12678  (1373s)
  [157/404] MPC (H=24)               seed=2080   LPSP=1.2909%  deg=68.350  total=78.938  ELYstarts=12669  (1373s)
  [158/404] MPC (H=24)               seed=2081   LPSP=1.3071%  deg=68.371  total=79.092  ELYstarts=12657  (1348s)
  [159/404] MPC (H=24)               seed=2082   LPSP=1.2607%  deg=68.243  total=78.582  ELYstarts=12568  (1374s)
  [160/404] MPC (H=24)               seed=2083   LPSP=1.2628%  deg=68.303  total=78.660  ELYstarts=12627  (1368s)
  [161/404] MPC (H=24)               seed=2084   LPSP=1.2483%  deg=68.188  total=78.427  ELYstarts=12547  (1332s)
  [162/404] MPC (H=24)               seed=2085   LPSP=1.2708%  deg=68.313  total=78.735  ELYstarts=12660  (1340s)
  [163/404] MPC (H=24)               seed=2086   LPSP=1.2845%  deg=68.325  total=78.859  ELYstarts=12594  (1332s)
  [164/404] MPC (H=24)               seed=2087   LPSP=1.2670%  deg=68.324  total=78.716  ELYstarts=12613  (1319s)
  [165/404] MPC (H=24)               seed=2088   LPSP=1.2732%  deg=68.316  total=78.758  ELYstarts=12620  (1340s)
  [166/404] MPC (H=24)               seed=2089   LPSP=1.2636%  deg=68.247  total=78.610  ELYstarts=12518  (1336s)
  [167/404] MPC (H=24)               seed=2090   LPSP=1.2824%  deg=68.428  total=78.946  ELYstarts=12711  (1320s)
  [168/404] MPC (H=24)               seed=2091   LPSP=1.2852%  deg=68.339  total=78.879  ELYstarts=12620  (1328s)
  [169/404] MPC (H=24)               seed=2092   LPSP=1.2860%  deg=68.379  total=78.926  ELYstarts=12658  (1340s)
  [170/404] MPC (H=24)               seed=2093   LPSP=1.3097%  deg=68.462  total=79.203  ELYstarts=12728  (1335s)
  [171/404] MPC (H=24)               seed=2094   LPSP=1.2945%  deg=68.263  total=78.880  ELYstarts=12593  (1330s)
  [172/404] MPC (H=24)               seed=2095   LPSP=1.2757%  deg=68.200  total=78.663  ELYstarts=12513  (1322s)
  [173/404] MPC (H=24)               seed=2096   LPSP=1.3036%  deg=68.376  total=79.067  ELYstarts=12680  (1350s)
  [174/404] MPC (H=24)               seed=2097   LPSP=1.2777%  deg=68.321  total=78.799  ELYstarts=12598  (1350s)
  [175/404] MPC (H=24)               seed=2098   LPSP=1.2886%  deg=68.367  total=78.935  ELYstarts=12638  (1356s)
  [176/404] MPC (H=24)               seed=2099   LPSP=1.2800%  deg=68.228  total=78.726  ELYstarts=12491  (1341s)
  [177/404] MPC (H=24)               seed=2100   LPSP=1.2781%  deg=68.316  total=78.799  ELYstarts=12614  (1344s)
  [178/404] MPC (H=24)               seed=2101   LPSP=1.2652%  deg=68.254  total=78.630  ELYstarts=12606  (1344s)
  [179/404] MPC (H=24)               seed=2102   LPSP=1.2651%  deg=68.402  total=78.778  ELYstarts=12656  (1365s)
  [180/404] MPC (H=24)               seed=2103   LPSP=1.2841%  deg=68.300  total=78.831  ELYstarts=12631  (1327s)
  [181/404] MPC (H=24)               seed=2104   LPSP=1.2991%  deg=68.237  total=78.891  ELYstarts=12566  (1336s)
  [182/404] MPC (H=24)               seed=2105   LPSP=1.2673%  deg=68.364  total=78.757  ELYstarts=12706  (1350s)
  [183/404] MPC (H=24)               seed=2106   LPSP=1.2852%  deg=68.351  total=78.892  ELYstarts=12668  (1337s)
  [184/404] MPC (H=24)               seed=2107   LPSP=1.2750%  deg=68.336  total=78.793  ELYstarts=12638  (1354s)
  [185/404] MPC (H=24)               seed=2108   LPSP=1.2935%  deg=68.254  total=78.863  ELYstarts=12613  (1360s)
  [186/404] MPC (H=24)               seed=2109   LPSP=1.3309%  deg=68.202  total=79.117  ELYstarts=12546  (1347s)
  [187/404] MPC (H=24)               seed=2110   LPSP=1.2951%  deg=68.370  total=78.992  ELYstarts=12702  (1357s)
  [188/404] MPC (H=24)               seed=2111   LPSP=1.2811%  deg=68.348  total=78.855  ELYstarts=12659  (1358s)
  [189/404] MPC (H=24)               seed=2112   LPSP=1.2702%  deg=68.258  total=78.675  ELYstarts=12489  (1319s)
  [190/404] MPC (H=24)               seed=2113   LPSP=1.2726%  deg=68.281  total=78.718  ELYstarts=12604  (1366s)
  [191/404] MPC (H=24)               seed=2114   LPSP=1.2587%  deg=68.287  total=78.611  ELYstarts=12617  (1362s)
  [192/404] MPC (H=24)               seed=2115   LPSP=1.2868%  deg=68.346  total=78.900  ELYstarts=12667  (1353s)
  [193/404] MPC (H=24)               seed=2116   LPSP=1.2673%  deg=68.333  total=78.726  ELYstarts=12648  (1351s)
  [194/404] MPC (H=24)               seed=2117   LPSP=1.3056%  deg=68.315  total=79.023  ELYstarts=12596  (1331s)
  [195/404] MPC (H=24)               seed=2118   LPSP=1.3075%  deg=68.264  total=78.988  ELYstarts=12606  (1322s)
  [196/404] MPC (H=24)               seed=2119   LPSP=1.2640%  deg=68.366  total=78.733  ELYstarts=12693  (1324s)
  [197/404] MPC (H=24)               seed=2120   LPSP=1.2943%  deg=68.304  total=78.919  ELYstarts=12618  (1327s)
  [198/404] MPC (H=24)               seed=2121   LPSP=1.2758%  deg=68.328  total=78.791  ELYstarts=12628  (1333s)
  [199/404] MPC (H=24)               seed=2122   LPSP=1.2604%  deg=68.219  total=78.557  ELYstarts=12565  (1334s)
  [200/404] MPC (H=24)               seed=2123   LPSP=1.2934%  deg=68.245  total=78.852  ELYstarts=12612  (1329s)
  [201/404] MPC (H=24)               seed=2124   LPSP=1.2576%  deg=68.288  total=78.603  ELYstarts=12572  (1326s)
  [202/404] MPC (H=24)               seed=2125   LPSP=1.2537%  deg=68.178  total=78.460  ELYstarts=12529  (1332s)
  [203/404] MPC (H=24, gel 12h)      seed=2026   LPSP=4.5730%  deg=67.279  total=104.784  ELYstarts=11749  (1265s)
  [204/404] MPC (H=24, gel 12h)      seed=2027   LPSP=4.5398%  deg=67.310  total=104.543  ELYstarts=11657  (1270s)
  [205/404] MPC (H=24, gel 12h)      seed=2028   LPSP=4.5431%  deg=67.275  total=104.534  ELYstarts=11645  (1250s)
  [206/404] MPC (H=24, gel 12h)      seed=2029   LPSP=4.5011%  deg=67.233  total=104.148  ELYstarts=11547  (1266s)
  [207/404] MPC (H=24, gel 12h)      seed=2030   LPSP=4.5627%  deg=67.419  total=104.840  ELYstarts=11744  (1256s)
  [208/404] MPC (H=24, gel 12h)      seed=2031   LPSP=4.5038%  deg=67.322  total=104.259  ELYstarts=11630  (1248s)
  [209/404] MPC (H=24, gel 12h)      seed=2032   LPSP=4.5172%  deg=67.190  total=104.237  ELYstarts=11642  (1267s)
  [210/404] MPC (H=24, gel 12h)      seed=2033   LPSP=4.5732%  deg=67.182  total=104.689  ELYstarts=11615  (1273s)
  [211/404] MPC (H=24, gel 12h)      seed=2034   LPSP=4.4676%  deg=67.262  total=103.903  ELYstarts=11638  (1255s)
  [212/404] MPC (H=24, gel 12h)      seed=2035   LPSP=4.5088%  deg=67.246  total=104.224  ELYstarts=11621  (1249s)
  [213/404] MPC (H=24, gel 12h)      seed=2036   LPSP=4.5418%  deg=67.352  total=104.601  ELYstarts=11636  (1257s)
  [214/404] MPC (H=24, gel 12h)      seed=2037   LPSP=4.5907%  deg=67.376  total=105.026  ELYstarts=11715  (1261s)
  [215/404] MPC (H=24, gel 12h)      seed=2038   LPSP=4.5902%  deg=67.283  total=104.929  ELYstarts=11641  (1262s)
  [216/404] MPC (H=24, gel 12h)      seed=2039   LPSP=4.5287%  deg=67.385  total=104.527  ELYstarts=11677  (1248s)
  [217/404] MPC (H=24, gel 12h)      seed=2040   LPSP=4.5099%  deg=67.288  total=104.276  ELYstarts=11691  (1254s)
  [218/404] MPC (H=24, gel 12h)      seed=2041   LPSP=4.5061%  deg=67.357  total=104.313  ELYstarts=11717  (1250s)
  [219/404] MPC (H=24, gel 12h)      seed=2042   LPSP=4.4852%  deg=67.274  total=104.059  ELYstarts=11516  (1253s)
  [220/404] MPC (H=24, gel 12h)      seed=2043   LPSP=4.5455%  deg=67.282  total=104.562  ELYstarts=11542  (1270s)
  [221/404] MPC (H=24, gel 12h)      seed=2044   LPSP=4.6034%  deg=67.241  total=104.995  ELYstarts=11670  (1257s)
  [222/404] MPC (H=24, gel 12h)      seed=2045   LPSP=4.4475%  deg=67.364  total=103.840  ELYstarts=11643  (1252s)
  [223/404] MPC (H=24, gel 12h)      seed=2046   LPSP=4.4183%  deg=67.303  total=103.540  ELYstarts=11606  (1273s)
  [224/404] MPC (H=24, gel 12h)      seed=2047   LPSP=4.5903%  deg=67.148  total=104.795  ELYstarts=11572  (1263s)
  [225/404] MPC (H=24, gel 12h)      seed=2048   LPSP=4.4200%  deg=67.279  total=103.529  ELYstarts=11613  (1273s)
  [226/404] MPC (H=24, gel 12h)      seed=2049   LPSP=4.5409%  deg=67.129  total=104.371  ELYstarts=11497  (1273s)
  [227/404] MPC (H=24, gel 12h)      seed=2050   LPSP=4.5441%  deg=67.458  total=104.726  ELYstarts=11827  (1275s)
  [228/404] MPC (H=24, gel 12h)      seed=2051   LPSP=4.6853%  deg=67.102  total=105.528  ELYstarts=11547  (1263s)
  [229/404] MPC (H=24, gel 12h)      seed=2052   LPSP=4.6430%  deg=67.368  total=105.447  ELYstarts=11783  (1265s)
  [230/404] MPC (H=24, gel 12h)      seed=2053   LPSP=4.5614%  deg=67.336  total=104.746  ELYstarts=11631  (1279s)
  [231/404] MPC (H=24, gel 12h)      seed=2054   LPSP=4.4960%  deg=67.403  total=104.276  ELYstarts=11713  (1251s)
  [232/404] MPC (H=24, gel 12h)      seed=2055   LPSP=4.5546%  deg=67.383  total=104.737  ELYstarts=11703  (1268s)
  [233/404] MPC (H=24, gel 12h)      seed=2056   LPSP=4.6212%  deg=67.412  total=105.312  ELYstarts=11845  (1251s)
  [234/404] MPC (H=24, gel 12h)      seed=2057   LPSP=4.4700%  deg=67.222  total=103.883  ELYstarts=11616  (1276s)
  [235/404] MPC (H=24, gel 12h)      seed=2058   LPSP=4.6094%  deg=67.273  total=105.077  ELYstarts=11657  (1251s)
  [236/404] MPC (H=24, gel 12h)      seed=2059   LPSP=4.4839%  deg=67.360  total=104.135  ELYstarts=11671  (1254s)
  [237/404] MPC (H=24, gel 12h)      seed=2060   LPSP=4.5031%  deg=67.211  total=104.142  ELYstarts=11589  (1257s)
  [238/404] MPC (H=24, gel 12h)      seed=2061   LPSP=4.4751%  deg=67.319  total=104.021  ELYstarts=11690  (1269s)
  [239/404] MPC (H=24, gel 12h)      seed=2062   LPSP=4.5523%  deg=67.321  total=104.657  ELYstarts=11738  (1259s)
  [240/404] MPC (H=24, gel 12h)      seed=2063   LPSP=4.5407%  deg=67.245  total=104.486  ELYstarts=11614  (1250s)
  [241/404] MPC (H=24, gel 12h)      seed=2064   LPSP=4.4644%  deg=67.193  total=103.807  ELYstarts=11527  (1267s)
  [242/404] MPC (H=24, gel 12h)      seed=2065   LPSP=4.6023%  deg=67.290  total=105.036  ELYstarts=11697  (1274s)
  [243/404] MPC (H=24, gel 12h)      seed=2066   LPSP=4.5725%  deg=67.307  total=104.808  ELYstarts=11691  (1269s)
  [244/404] MPC (H=24, gel 12h)      seed=2067   LPSP=4.4946%  deg=67.296  total=104.158  ELYstarts=11607  (1253s)
  [245/404] MPC (H=24, gel 12h)      seed=2068   LPSP=4.4078%  deg=67.302  total=103.453  ELYstarts=11556  (1256s)
  [246/404] MPC (H=24, gel 12h)      seed=2069   LPSP=4.5500%  deg=67.226  total=104.542  ELYstarts=11631  (1271s)
  [247/404] MPC (H=24, gel 12h)      seed=2070   LPSP=4.4268%  deg=67.274  total=103.580  ELYstarts=11588  (1263s)
  [248/404] MPC (H=24, gel 12h)      seed=2071   LPSP=4.5330%  deg=67.138  total=104.315  ELYstarts=11462  (1262s)
  [249/404] MPC (H=24, gel 12h)      seed=2072   LPSP=4.4981%  deg=67.222  total=104.112  ELYstarts=11608  (1253s)
  [250/404] MPC (H=24, gel 12h)      seed=2073   LPSP=4.4741%  deg=67.354  total=104.047  ELYstarts=11681  (1267s)
  [251/404] MPC (H=24, gel 12h)      seed=2074   LPSP=4.6533%  deg=67.331  total=105.494  ELYstarts=11721  (1266s)
  [252/404] MPC (H=24, gel 12h)      seed=2075   LPSP=4.5118%  deg=67.337  total=104.340  ELYstarts=11674  (1258s)
  [253/404] MPC (H=24, gel 12h)      seed=2076   LPSP=4.4876%  deg=67.294  total=104.098  ELYstarts=11553  (1266s)
  [254/404] MPC (H=24, gel 12h)      seed=2077   LPSP=4.5346%  deg=67.310  total=104.500  ELYstarts=11667  (1267s)
  [255/404] MPC (H=24, gel 12h)      seed=2078   LPSP=4.4481%  deg=67.207  total=103.687  ELYstarts=11542  (1269s)
  [256/404] MPC (H=24, gel 12h)      seed=2079   LPSP=4.4240%  deg=67.295  total=103.579  ELYstarts=11651  (1261s)
  [257/404] MPC (H=24, gel 12h)      seed=2080   LPSP=4.4404%  deg=67.361  total=103.779  ELYstarts=11651  (1277s)
  [258/404] MPC (H=24, gel 12h)      seed=2081   LPSP=4.6427%  deg=67.362  total=105.439  ELYstarts=11774  (1270s)
  [259/404] MPC (H=24, gel 12h)      seed=2082   LPSP=4.6216%  deg=67.249  total=105.153  ELYstarts=11656  (1263s)
  [260/404] MPC (H=24, gel 12h)      seed=2083   LPSP=4.4944%  deg=67.207  total=104.068  ELYstarts=11579  (1274s)
  [261/404] MPC (H=24, gel 12h)      seed=2084   LPSP=4.4863%  deg=67.352  total=104.146  ELYstarts=11646  (1271s)
  [262/404] MPC (H=24, gel 12h)      seed=2085   LPSP=4.4911%  deg=67.283  total=104.116  ELYstarts=11619  (1275s)
  [263/404] MPC (H=24, gel 12h)      seed=2086   LPSP=4.4504%  deg=67.290  total=103.790  ELYstarts=11589  (1253s)
  [264/404] MPC (H=24, gel 12h)      seed=2087   LPSP=4.5303%  deg=67.307  total=104.462  ELYstarts=11592  (1252s)
  [265/404] MPC (H=24, gel 12h)      seed=2088   LPSP=4.5264%  deg=67.314  total=104.437  ELYstarts=11688  (1254s)
  [266/404] MPC (H=24, gel 12h)      seed=2089   LPSP=4.5473%  deg=67.347  total=104.642  ELYstarts=11638  (1252s)
  [267/404] MPC (H=24, gel 12h)      seed=2090   LPSP=4.5679%  deg=67.228  total=104.691  ELYstarts=11530  (1261s)
  [268/404] MPC (H=24, gel 12h)      seed=2091   LPSP=4.5890%  deg=67.336  total=104.973  ELYstarts=11719  (1253s)
  [269/404] MPC (H=24, gel 12h)      seed=2092   LPSP=4.4882%  deg=67.457  total=104.267  ELYstarts=11758  (1249s)
  [270/404] MPC (H=24, gel 12h)      seed=2093   LPSP=4.5513%  deg=67.266  total=104.593  ELYstarts=11604  (1256s)
  [271/404] MPC (H=24, gel 12h)      seed=2094   LPSP=4.5729%  deg=67.256  total=104.761  ELYstarts=11659  (1266s)
  [272/404] MPC (H=24, gel 12h)      seed=2095   LPSP=4.5477%  deg=67.232  total=104.529  ELYstarts=11578  (1249s)
  [273/404] MPC (H=24, gel 12h)      seed=2096   LPSP=4.5046%  deg=67.232  total=104.177  ELYstarts=11570  (1268s)
  [274/404] MPC (H=24, gel 12h)      seed=2097   LPSP=4.4624%  deg=67.330  total=103.928  ELYstarts=11587  (1255s)
  [275/404] MPC (H=24, gel 12h)      seed=2098   LPSP=4.5157%  deg=67.204  total=104.240  ELYstarts=11520  (1264s)
  [276/404] MPC (H=24, gel 12h)      seed=2099   LPSP=4.5697%  deg=67.226  total=104.704  ELYstarts=11629  (1252s)
  [277/404] MPC (H=24, gel 12h)      seed=2100   LPSP=4.5024%  deg=67.293  total=104.219  ELYstarts=11630  (1265s)
  [278/404] MPC (H=24, gel 12h)      seed=2101   LPSP=4.4201%  deg=67.393  total=103.644  ELYstarts=11696  (1252s)
  [279/404] MPC (H=24, gel 12h)      seed=2102   LPSP=4.5386%  deg=67.337  total=104.560  ELYstarts=11688  (1258s)
  [280/404] MPC (H=24, gel 12h)      seed=2103   LPSP=4.5071%  deg=67.210  total=104.175  ELYstarts=11616  (1269s)
  [281/404] MPC (H=24, gel 12h)      seed=2104   LPSP=4.4747%  deg=67.256  total=103.955  ELYstarts=11611  (1280s)
  [282/404] MPC (H=24, gel 12h)      seed=2105   LPSP=4.4951%  deg=67.391  total=104.257  ELYstarts=11679  (1254s)
  [283/404] MPC (H=24, gel 12h)      seed=2106   LPSP=4.6238%  deg=67.264  total=105.186  ELYstarts=11628  (1261s)
  [284/404] MPC (H=24, gel 12h)      seed=2107   LPSP=4.4260%  deg=67.293  total=103.593  ELYstarts=11585  (1258s)
  [285/404] MPC (H=24, gel 12h)      seed=2108   LPSP=4.5090%  deg=67.306  total=104.287  ELYstarts=11602  (1265s)
  [286/404] MPC (H=24, gel 12h)      seed=2109   LPSP=4.4462%  deg=67.245  total=103.710  ELYstarts=11551  (1266s)
  [287/404] MPC (H=24, gel 12h)      seed=2110   LPSP=4.5334%  deg=67.245  total=104.425  ELYstarts=11608  (1257s)
  [288/404] MPC (H=24, gel 12h)      seed=2111   LPSP=4.4699%  deg=67.215  total=103.875  ELYstarts=11593  (1269s)
  [289/404] MPC (H=24, gel 12h)      seed=2112   LPSP=4.5114%  deg=67.304  total=104.304  ELYstarts=11603  (1268s)
  [290/404] MPC (H=24, gel 12h)      seed=2113   LPSP=4.5135%  deg=67.411  total=104.428  ELYstarts=11725  (1272s)
  [291/404] MPC (H=24, gel 12h)      seed=2114   LPSP=4.4618%  deg=67.281  total=103.874  ELYstarts=11579  (1279s)
  [292/404] MPC (H=24, gel 12h)      seed=2115   LPSP=4.5980%  deg=67.213  total=104.924  ELYstarts=11678  (1275s)
  [293/404] MPC (H=24, gel 12h)      seed=2116   LPSP=4.4693%  deg=67.252  total=103.907  ELYstarts=11613  (1274s)
  [294/404] MPC (H=24, gel 12h)      seed=2117   LPSP=4.6104%  deg=67.211  total=105.023  ELYstarts=11611  (1281s)
  [295/404] MPC (H=24, gel 12h)      seed=2118   LPSP=4.5030%  deg=67.291  total=104.222  ELYstarts=11639  (1261s)
  [296/404] MPC (H=24, gel 12h)      seed=2119   LPSP=4.4993%  deg=67.246  total=104.147  ELYstarts=11622  (1261s)
  [297/404] MPC (H=24, gel 12h)      seed=2120   LPSP=4.5725%  deg=67.272  total=104.773  ELYstarts=11582  (1267s)
  [298/404] MPC (H=24, gel 12h)      seed=2121   LPSP=4.5378%  deg=67.203  total=104.419  ELYstarts=11571  (1274s)
  [299/404] MPC (H=24, gel 12h)      seed=2122   LPSP=4.4741%  deg=67.280  total=103.974  ELYstarts=11615  (1266s)
  [300/404] MPC (H=24, gel 12h)      seed=2123   LPSP=4.4924%  deg=67.272  total=104.116  ELYstarts=11621  (1273s)
  [301/404] MPC (H=24, gel 12h)      seed=2124   LPSP=4.5077%  deg=67.243  total=104.213  ELYstarts=11552  (1284s)
  [302/404] MPC (H=24, gel 12h)      seed=2125   LPSP=4.4492%  deg=67.281  total=103.771  ELYstarts=11689  (1261s)
  [303/404] MPC (H=48)               seed=2026   LPSP=1.2304%  deg=69.354  total=79.445  ELYstarts=13778  (3291s)
  [304/404] MPC (H=48)               seed=2027   LPSP=1.2162%  deg=69.463  total=79.437  ELYstarts=13912  (4195s)
  [305/404] MPC (H=48)               seed=2028   LPSP=1.2310%  deg=69.338  total=79.434  ELYstarts=13797  (3277s)
  [306/404] MPC (H=48)               seed=2029   LPSP=1.2421%  deg=69.291  total=79.478  ELYstarts=13790  (4408s)
  [307/404] MPC (H=48)               seed=2030   LPSP=1.2410%  deg=69.381  total=79.560  ELYstarts=13828  (3282s)
  [308/404] MPC (H=48)               seed=2031   LPSP=1.2139%  deg=69.266  total=79.222  ELYstarts=13772  (4312s)
  [309/404] MPC (H=48)               seed=2032   LPSP=1.2025%  deg=69.367  total=79.229  ELYstarts=13777  (3367s)
  [310/404] MPC (H=48)               seed=2033   LPSP=1.2572%  deg=69.443  total=79.754  ELYstarts=13919  (4426s)
  [311/404] MPC (H=48)               seed=2034   LPSP=1.2060%  deg=69.324  total=79.215  ELYstarts=13830  (4143s)
  [312/404] MPC (H=48)               seed=2035   LPSP=1.2099%  deg=69.277  total=79.199  ELYstarts=13768  (4178s)
  [313/404] MPC (H=48)               seed=2036   LPSP=1.1942%  deg=69.361  total=79.155  ELYstarts=13792  (3682s)
  [314/404] MPC (H=48)               seed=2037   LPSP=1.2093%  deg=69.378  total=79.296  ELYstarts=13742  (4266s)
  [315/404] MPC (H=48)               seed=2038   LPSP=1.1985%  deg=69.240  total=79.069  ELYstarts=13739  (3921s)
  [316/404] MPC (H=48)               seed=2039   LPSP=1.2503%  deg=69.411  total=79.664  ELYstarts=13887  (4145s)
  [317/404] MPC (H=48)               seed=2040   LPSP=1.2177%  deg=69.406  total=79.392  ELYstarts=13788  (4388s)
  [318/404] MPC (H=48)               seed=2041   LPSP=1.2025%  deg=69.430  total=79.292  ELYstarts=13849  (3876s)
  [319/404] MPC (H=48)               seed=2042   LPSP=1.2388%  deg=69.278  total=79.438  ELYstarts=13760  (3346s)
  [320/404] MPC (H=48)               seed=2043   LPSP=1.2263%  deg=69.262  total=79.319  ELYstarts=13820  (4243s)
  [321/404] MPC (H=48)               seed=2044   LPSP=1.2148%  deg=69.294  total=79.257  ELYstarts=13784  (4362s)
  [322/404] MPC (H=48)               seed=2045   LPSP=1.2287%  deg=69.402  total=79.480  ELYstarts=13840  (3342s)
  [323/404] MPC (H=48)               seed=2046   LPSP=1.2263%  deg=69.361  total=79.418  ELYstarts=13883  (3522s)
  [324/404] MPC (H=48)               seed=2047   LPSP=1.2360%  deg=69.390  total=79.527  ELYstarts=13886  (4366s)
  [325/404] MPC (H=48)               seed=2048   LPSP=1.2146%  deg=69.336  total=79.297  ELYstarts=13780  (3711s)
  [326/404] MPC (H=48)               seed=2049   LPSP=1.2145%  deg=69.338  total=79.299  ELYstarts=13792  (3914s)
  [327/404] MPC (H=48)               seed=2050   LPSP=1.2036%  deg=69.258  total=79.129  ELYstarts=13767  (4002s)
  [328/404] MPC (H=48)               seed=2051   LPSP=1.2268%  deg=69.334  total=79.396  ELYstarts=13775  (4247s)
  [329/404] MPC (H=48)               seed=2052   LPSP=1.2270%  deg=69.283  total=79.346  ELYstarts=13762  (3284s)
  [330/404] MPC (H=48)               seed=2053   LPSP=1.2090%  deg=69.356  total=79.272  ELYstarts=13816  (3299s)
  [331/404] MPC (H=48)               seed=2054   LPSP=1.2194%  deg=69.377  total=79.378  ELYstarts=13834  (4274s)
  [332/404] MPC (H=48)               seed=2055   LPSP=1.1946%  deg=69.225  total=79.023  ELYstarts=13745  (4020s)
  [333/404] MPC (H=48)               seed=2056   LPSP=1.2160%  deg=69.283  total=79.256  ELYstarts=13783  (4247s)
  [334/404] MPC (H=48)               seed=2057   LPSP=1.2161%  deg=69.290  total=79.265  ELYstarts=13743  (4313s)
  [335/404] MPC (H=48)               seed=2058   LPSP=1.2143%  deg=69.357  total=79.316  ELYstarts=13863  (3279s)
  [336/404] MPC (H=48)               seed=2059   LPSP=1.2175%  deg=69.358  total=79.343  ELYstarts=13865  (3298s)
  [337/404] MPC (H=48)               seed=2060   LPSP=1.2242%  deg=69.291  total=79.332  ELYstarts=13756  (3776s)
  [338/404] MPC (H=48)               seed=2061   LPSP=1.2276%  deg=69.339  total=79.407  ELYstarts=13783  (3384s)
  [339/404] MPC (H=48)               seed=2062   LPSP=1.2342%  deg=69.444  total=79.566  ELYstarts=13902  (3371s)
  [340/404] MPC (H=48)               seed=2063   LPSP=1.2204%  deg=69.284  total=79.293  ELYstarts=13719  (3377s)
  [341/404] MPC (H=48)               seed=2064   LPSP=1.2025%  deg=69.321  total=79.183  ELYstarts=13823  (3385s)
  [342/404] MPC (H=48)               seed=2065   LPSP=1.2144%  deg=69.375  total=79.334  ELYstarts=13792  (3496s)
  [343/404] MPC (H=48)               seed=2066   LPSP=1.2391%  deg=69.324  total=79.486  ELYstarts=13859  (3680s)
  [344/404] MPC (H=48)               seed=2067   LPSP=1.2077%  deg=69.386  total=79.292  ELYstarts=13823  (4265s)
  [345/404] MPC (H=48)               seed=2068   LPSP=1.2050%  deg=69.468  total=79.351  ELYstarts=13873  (3359s)
  [346/404] MPC (H=48)               seed=2069   LPSP=1.2212%  deg=69.432  total=79.447  ELYstarts=13835  (3379s)
  [347/404] MPC (H=48)               seed=2070   LPSP=1.2144%  deg=69.312  total=79.272  ELYstarts=13808  (4227s)
  [348/404] MPC (H=48)               seed=2071   LPSP=1.2238%  deg=69.345  total=79.382  ELYstarts=13755  (4256s)
  [349/404] MPC (H=48)               seed=2072   LPSP=1.2220%  deg=69.266  total=79.288  ELYstarts=13784  (4296s)
  [350/404] MPC (H=48)               seed=2073   LPSP=1.2062%  deg=69.306  total=79.199  ELYstarts=13812  (3438s)
  [351/404] MPC (H=48)               seed=2074   LPSP=1.1851%  deg=69.284  total=79.003  ELYstarts=13797  (4309s)
  [352/404] MPC (H=48)               seed=2075   LPSP=1.2145%  deg=69.435  total=79.395  ELYstarts=13817  (4378s)
  [353/404] MPC (H=48)               seed=2076   LPSP=1.1893%  deg=69.367  total=79.121  ELYstarts=13755  (4253s)
  [354/404] MPC (H=48)               seed=2077   LPSP=1.2418%  deg=69.383  total=79.567  ELYstarts=13853  (4201s)
  [355/404] MPC (H=48)               seed=2078   LPSP=1.2253%  deg=69.205  total=79.254  ELYstarts=13728  (4372s)
  [356/404] MPC (H=48)               seed=2079   LPSP=1.1995%  deg=69.401  total=79.238  ELYstarts=13817  (4423s)
  [357/404] MPC (H=48)               seed=2080   LPSP=1.2124%  deg=69.382  total=79.325  ELYstarts=13859  (4446s)
  [358/404] MPC (H=48)               seed=2081   LPSP=1.2052%  deg=69.310  total=79.195  ELYstarts=13729  (4376s)
  [359/404] MPC (H=48)               seed=2082   LPSP=1.2070%  deg=69.310  total=79.210  ELYstarts=13809  (3294s)
  [360/404] MPC (H=48)               seed=2083   LPSP=1.2322%  deg=69.299  total=79.405  ELYstarts=13790  (3308s)
  [361/404] MPC (H=48)               seed=2084   LPSP=1.1748%  deg=69.356  total=78.991  ELYstarts=13785  (4235s)
  [362/404] MPC (H=48)               seed=2085   LPSP=1.2020%  deg=69.315  total=79.173  ELYstarts=13752  (3311s)
  [363/404] MPC (H=48)               seed=2086   LPSP=1.1945%  deg=69.198  total=78.995  ELYstarts=13715  (4263s)
  [364/404] MPC (H=48)               seed=2087   LPSP=1.2187%  deg=69.372  total=79.367  ELYstarts=13879  (4232s)
  [365/404] MPC (H=48)               seed=2088   LPSP=1.2300%  deg=69.383  total=79.471  ELYstarts=13888  (4283s)
  [366/404] MPC (H=48)               seed=2089   LPSP=1.2414%  deg=69.362  total=79.543  ELYstarts=13819  (4393s)
  [367/404] MPC (H=48)               seed=2090   LPSP=1.2068%  deg=69.234  total=79.131  ELYstarts=13706  (3291s)
  [368/404] MPC (H=48)               seed=2091   LPSP=1.2238%  deg=69.332  total=79.369  ELYstarts=13837  (3349s)
  [369/404] MPC (H=48)               seed=2092   LPSP=1.2173%  deg=69.445  total=79.429  ELYstarts=13938  (3372s)
  [370/404] MPC (H=48)               seed=2093   LPSP=1.2204%  deg=69.457  total=79.466  ELYstarts=13861  (3341s)
  [371/404] MPC (H=48)               seed=2094   LPSP=1.2132%  deg=69.382  total=79.332  ELYstarts=13835  (3375s)
  [372/404] MPC (H=48)               seed=2095   LPSP=1.2382%  deg=69.368  total=79.523  ELYstarts=13842  (4367s)
  [373/404] MPC (H=48)               seed=2096   LPSP=1.2481%  deg=69.464  total=79.700  ELYstarts=13859  (3308s)
  [374/404] MPC (H=48)               seed=2097   LPSP=1.2125%  deg=69.395  total=79.339  ELYstarts=13807  (3364s)
  [375/404] MPC (H=48)               seed=2098   LPSP=1.2396%  deg=69.366  total=79.533  ELYstarts=13828  (3341s)
  [376/404] MPC (H=48)               seed=2099   LPSP=1.2202%  deg=69.422  total=79.429  ELYstarts=13860  (4072s)
  [377/404] MPC (H=48)               seed=2100   LPSP=1.2073%  deg=69.344  total=79.246  ELYstarts=13895  (3927s)
  [378/404] MPC (H=48)               seed=2101   LPSP=1.2147%  deg=69.364  total=79.326  ELYstarts=13839  (3282s)
  [379/404] MPC (H=48)               seed=2102   LPSP=1.2137%  deg=69.388  total=79.342  ELYstarts=13930  (3298s)
  [380/404] MPC (H=48)               seed=2103   LPSP=1.1964%  deg=69.317  total=79.129  ELYstarts=13730  (3293s)
  [381/404] MPC (H=48)               seed=2104   LPSP=1.2141%  deg=69.184  total=79.141  ELYstarts=13671  (4181s)
  [382/404] MPC (H=48)               seed=2105   LPSP=1.2303%  deg=69.350  total=79.440  ELYstarts=13800  (3565s)
  [383/404] MPC (H=48)               seed=2106   LPSP=1.2291%  deg=69.306  total=79.387  ELYstarts=13853  (4018s)
  [384/404] MPC (H=48)               seed=2107   LPSP=1.2295%  deg=69.354  total=79.438  ELYstarts=13846  (4187s)
  [385/404] MPC (H=48)               seed=2108   LPSP=1.2263%  deg=69.330  total=79.388  ELYstarts=13807  (4199s)
  [386/404] MPC (H=48)               seed=2109   LPSP=1.2181%  deg=69.267  total=79.257  ELYstarts=13738  (4188s)
  [387/404] MPC (H=48)               seed=2110   LPSP=1.2247%  deg=69.347  total=79.391  ELYstarts=13850  (4186s)
  [388/404] MPC (H=48)               seed=2111   LPSP=1.2244%  deg=69.356  total=79.398  ELYstarts=13786  (4206s)
  [389/404] MPC (H=48)               seed=2112   LPSP=1.2094%  deg=69.335  total=79.253  ELYstarts=13798  (4044s)
  [390/404] MPC (H=48)               seed=2113   LPSP=1.2369%  deg=69.315  total=79.459  ELYstarts=13756  (4158s)
  [391/404] MPC (H=48)               seed=2114   LPSP=1.2163%  deg=69.457  total=79.432  ELYstarts=13958  (3642s)
  [392/404] MPC (H=48)               seed=2115   LPSP=1.2327%  deg=69.290  total=79.399  ELYstarts=13822  (4186s)
  [393/404] MPC (H=48)               seed=2116   LPSP=1.2327%  deg=69.331  total=79.441  ELYstarts=13855  (4189s)
  [394/404] MPC (H=48)               seed=2117   LPSP=1.2240%  deg=69.474  total=79.513  ELYstarts=13797  (3241s)
  [395/404] MPC (H=48)               seed=2118   LPSP=1.2161%  deg=69.342  total=79.315  ELYstarts=13864  (3713s)
  [396/404] MPC (H=48)               seed=2119   LPSP=1.2158%  deg=69.301  total=79.272  ELYstarts=13879  (3952s)
  [397/404] MPC (H=48)               seed=2120   LPSP=1.1977%  deg=69.457  total=79.280  ELYstarts=13824  (3928s)
  [398/404] MPC (H=48)               seed=2121   LPSP=1.2290%  deg=69.449  total=79.529  ELYstarts=13900  (3170s)
  [399/404] MPC (H=48)               seed=2122   LPSP=1.1965%  deg=69.301  total=79.115  ELYstarts=13848  (3272s)
  [400/404] MPC (H=48)               seed=2123   LPSP=1.2034%  deg=69.372  total=79.242  ELYstarts=13876  (3868s)
  [401/404] MPC (H=48)               seed=2124   LPSP=1.2087%  deg=69.323  total=79.236  ELYstarts=13758  (3857s)
  [402/404] MPC (H=48)               seed=2125   LPSP=1.2334%  deg=69.298  total=79.414  ELYstarts=13738  (3152s)
  [403/404] MPC omni (H=24)          seed=2026   LPSP=0.6328%  deg=54.596  total=59.786  ELYstarts=8402  (1370s)
  [404/404] MPC omni (H=48)          seed=2026   LPSP=0.4843%  deg=54.750  total=58.722  ELYstarts=8493  (3154s)
[bench_mpc] termine en 22030 s
# bench_mpc (bench_mpc) : 25 ans ; VoLL=3.0 ; N=100 graines ; CRN ; base=RB2 socle
label ; N ; LPSP(%) ; sLPSP ; deg(kEUR) ; sdeg ; total(kEUR) ; stotal ; dtotal_vs_base(kEUR) ; ELY_starts
RB2 socle ; 1 ; 2.5921 ; 0.0000 ; 58.843 ; 0.000 ; 80.102 ; 0.000 ; +0.000 ; 9199
RB2(SoH_all) (test nul) ; 1 ; 3.1051 ; 0.0000 ; 52.870 ; 0.000 ; 78.336 ; 0.000 ; -1.767 ; 9190
RB2(SoH_all+Pred) ; 100 ; 2.9426 ; 0.0131 ; 53.094 ; 0.016 ; 77.228 ; 0.103 ; -2.874 ; 8994
MPC (H=24) ; 100 ; 1.2798 ; 0.0159 ; 68.301 ; 0.065 ; 78.797 ; 0.160 ; -1.305 ; 12616
MPC (H=24, gel 12h) ; 100 ; 4.5218 ; 0.0582 ; 67.286 ; 0.069 ; 104.371 ; 0.476 ; +24.269 ; 11635
MPC (H=48) ; 100 ; 1.2182 ; 0.0148 ; 69.346 ; 0.063 ; 79.337 ; 0.147 ; -0.765 ; 13814
MPC omni (H=24) ; 1 ; 0.6328 ; 0.0000 ; 54.596 ; 0.000 ; 59.786 ; 0.000 ; -20.316 ; 8402
MPC omni (H=48) ; 1 ; 0.4843 ; 0.0000 ; 54.750 ; 0.000 ; 58.722 ; 0.000 ; -21.380 ; 8493

[bench_mpc] -> /Work/Users/tlenoir/genial/Robustesse/MPC/bench_mpc.txt
[bench_mpc] -> /Work/Users/tlenoir/genial/Robustesse/MPC/bench_mpc_cloud.csv

real	367m10.088s
user	10003m5.257s
sys	882m38.110s
fin=Mon Jul  6 19:15:43 CEST 2026
